2024-07-20 22:49:46,270 - INFO - Simulation Script Version: 0.0.1
2024-07-20 22:49:46,273 - INFO - Simulation Parameters:
2024-07-20 22:49:46,273 - INFO - Length of UMI: 6
2024-07-20 22:49:46,273 - INFO - Number of genes: 12000
2024-07-20 22:49:46,273 - INFO - Parameters file: None
2024-07-20 22:49:46,273 - INFO - Mean (mu): 6.0
2024-07-20 22:49:46,273 - INFO - Dispersion (theta): 6.0
2024-07-20 22:49:46,273 - INFO - Use Poisson distribution: False
2024-07-20 22:49:46,273 - INFO - Gene UMI counts file: gene_12000_umi6_counts_rep3.txt
2024-07-20 22:49:46,273 - INFO - UMI collisions file: umi6_12000_collisions_rep3.txt
2024-07-20 22:49:46,273 - INFO - Seed: None
2024-07-20 22:49:46,273 - INFO - Log file: umi6_12000_rep3.log
2024-07-20 22:49:46,273 - INFO - No seed specified. Generated random seed: 2456647206
2024-07-20 22:49:46,273 - INFO - Generating all possible UMIs...
2024-07-20 22:49:46,274 - INFO - Total possible UMIs generated: 4096
2024-07-20 22:49:46,274 - INFO - Loading parameters...
2024-07-20 22:49:46,274 - INFO - Sampling read depths for each gene...
2024-07-20 22:49:46,800 - INFO - Read depths sampling complete.
2024-07-20 22:49:46,801 - INFO - Allocating UMIs based on sampled read depths...
2024-07-20 22:49:46,801 - INFO - Allocating UMIs for gene 0...
2024-07-20 22:49:46,848 - INFO - Allocating UMIs for gene 100...
2024-07-20 22:49:46,895 - INFO - Allocating UMIs for gene 200...
2024-07-20 22:49:46,940 - INFO - Allocating UMIs for gene 300...
2024-07-20 22:49:46,988 - INFO - Allocating UMIs for gene 400...
2024-07-20 22:49:47,034 - INFO - Allocating UMIs for gene 500...
2024-07-20 22:49:47,080 - INFO - Allocating UMIs for gene 600...
2024-07-20 22:49:47,127 - INFO - Allocating UMIs for gene 700...
2024-07-20 22:49:47,174 - INFO - Allocating UMIs for gene 800...
2024-07-20 22:49:47,221 - INFO - Allocating UMIs for gene 900...
2024-07-20 22:49:47,267 - INFO - Allocating UMIs for gene 1000...
2024-07-20 22:49:47,314 - INFO - Allocating UMIs for gene 1100...
2024-07-20 22:49:47,360 - INFO - Allocating UMIs for gene 1200...
2024-07-20 22:49:47,406 - INFO - Allocating UMIs for gene 1300...
2024-07-20 22:49:47,452 - INFO - Allocating UMIs for gene 1400...
2024-07-20 22:49:47,499 - INFO - Allocating UMIs for gene 1500...
2024-07-20 22:49:47,546 - INFO - Allocating UMIs for gene 1600...
2024-07-20 22:49:47,594 - INFO - Allocating UMIs for gene 1700...
2024-07-20 22:49:47,640 - INFO - Allocating UMIs for gene 1800...
2024-07-20 22:49:47,687 - INFO - Allocating UMIs for gene 1900...
2024-07-20 22:49:47,733 - INFO - Allocating UMIs for gene 2000...
2024-07-20 22:49:47,780 - INFO - Allocating UMIs for gene 2100...
2024-07-20 22:49:47,825 - INFO - Allocating UMIs for gene 2200...
2024-07-20 22:49:47,870 - INFO - Allocating UMIs for gene 2300...
2024-07-20 22:49:47,916 - INFO - Allocating UMIs for gene 2400...
2024-07-20 22:49:47,962 - INFO - Allocating UMIs for gene 2500...
2024-07-20 22:49:48,013 - INFO - Allocating UMIs for gene 2600...
2024-07-20 22:49:48,079 - INFO - Allocating UMIs for gene 2700...
2024-07-20 22:49:48,253 - INFO - Allocating UMIs for gene 2800...
2024-07-20 22:49:48,299 - INFO - Allocating UMIs for gene 2900...
2024-07-20 22:49:48,346 - INFO - Allocating UMIs for gene 3000...
2024-07-20 22:49:48,393 - INFO - Allocating UMIs for gene 3100...
2024-07-20 22:49:48,440 - INFO - Allocating UMIs for gene 3200...
2024-07-20 22:49:48,486 - INFO - Allocating UMIs for gene 3300...
2024-07-20 22:49:48,533 - INFO - Allocating UMIs for gene 3400...
2024-07-20 22:49:48,730 - INFO - Allocating UMIs for gene 3500...
2024-07-20 22:49:48,777 - INFO - Allocating UMIs for gene 3600...
2024-07-20 22:49:48,823 - INFO - Allocating UMIs for gene 3700...
2024-07-20 22:49:48,870 - INFO - Allocating UMIs for gene 3800...
2024-07-20 22:49:48,917 - INFO - Allocating UMIs for gene 3900...
2024-07-20 22:49:48,964 - INFO - Allocating UMIs for gene 4000...
2024-07-20 22:49:49,012 - INFO - Allocating UMIs for gene 4100...
2024-07-20 22:49:49,060 - INFO - Allocating UMIs for gene 4200...
2024-07-20 22:49:49,107 - INFO - Allocating UMIs for gene 4300...
2024-07-20 22:49:49,158 - INFO - Allocating UMIs for gene 4400...
2024-07-20 22:49:49,325 - INFO - Allocating UMIs for gene 4500...
2024-07-20 22:49:49,372 - INFO - Allocating UMIs for gene 4600...
2024-07-20 22:49:49,418 - INFO - Allocating UMIs for gene 4700...
2024-07-20 22:49:49,464 - INFO - Allocating UMIs for gene 4800...
2024-07-20 22:49:49,511 - INFO - Allocating UMIs for gene 4900...
2024-07-20 22:49:49,557 - INFO - Allocating UMIs for gene 5000...
2024-07-20 22:49:49,603 - INFO - Allocating UMIs for gene 5100...
2024-07-20 22:49:49,651 - INFO - Allocating UMIs for gene 5200...
2024-07-20 22:49:49,846 - INFO - Allocating UMIs for gene 5300...
2024-07-20 22:49:49,935 - INFO - Allocating UMIs for gene 5400...
2024-07-20 22:49:49,992 - INFO - Allocating UMIs for gene 5500...
2024-07-20 22:49:50,041 - INFO - Allocating UMIs for gene 5600...
2024-07-20 22:49:50,090 - INFO - Allocating UMIs for gene 5700...
2024-07-20 22:49:50,139 - INFO - Allocating UMIs for gene 5800...
2024-07-20 22:49:50,187 - INFO - Allocating UMIs for gene 5900...
2024-07-20 22:49:50,235 - INFO - Allocating UMIs for gene 6000...
2024-07-20 22:49:50,289 - INFO - Allocating UMIs for gene 6100...
2024-07-20 22:49:50,349 - INFO - Allocating UMIs for gene 6200...
2024-07-20 22:49:50,448 - INFO - Allocating UMIs for gene 6300...
2024-07-20 22:49:50,497 - INFO - Allocating UMIs for gene 6400...
2024-07-20 22:49:50,546 - INFO - Allocating UMIs for gene 6500...
2024-07-20 22:49:50,594 - INFO - Allocating UMIs for gene 6600...
2024-07-20 22:49:50,648 - INFO - Allocating UMIs for gene 6700...
2024-07-20 22:49:50,841 - INFO - Allocating UMIs for gene 6800...
2024-07-20 22:49:50,888 - INFO - Allocating UMIs for gene 6900...
2024-07-20 22:49:50,935 - INFO - Allocating UMIs for gene 7000...
2024-07-20 22:49:50,982 - INFO - Allocating UMIs for gene 7100...
2024-07-20 22:49:51,029 - INFO - Allocating UMIs for gene 7200...
2024-07-20 22:49:51,075 - INFO - Allocating UMIs for gene 7300...
2024-07-20 22:49:51,123 - INFO - Allocating UMIs for gene 7400...
2024-07-20 22:49:51,283 - INFO - Allocating UMIs for gene 7500...
2024-07-20 22:49:51,331 - INFO - Allocating UMIs for gene 7600...
2024-07-20 22:49:51,378 - INFO - Allocating UMIs for gene 7700...
2024-07-20 22:49:51,425 - INFO - Allocating UMIs for gene 7800...
2024-07-20 22:49:51,472 - INFO - Allocating UMIs for gene 7900...
2024-07-20 22:49:51,518 - INFO - Allocating UMIs for gene 8000...
2024-07-20 22:49:51,564 - INFO - Allocating UMIs for gene 8100...
2024-07-20 22:49:51,610 - INFO - Allocating UMIs for gene 8200...
2024-07-20 22:49:51,656 - INFO - Allocating UMIs for gene 8300...
2024-07-20 22:49:51,701 - INFO - Allocating UMIs for gene 8400...
2024-07-20 22:49:51,748 - INFO - Allocating UMIs for gene 8500...
2024-07-20 22:49:51,794 - INFO - Allocating UMIs for gene 8600...
2024-07-20 22:49:51,839 - INFO - Allocating UMIs for gene 8700...
2024-07-20 22:49:51,885 - INFO - Allocating UMIs for gene 8800...
2024-07-20 22:49:51,932 - INFO - Allocating UMIs for gene 8900...
2024-07-20 22:49:51,979 - INFO - Allocating UMIs for gene 9000...
2024-07-20 22:49:52,025 - INFO - Allocating UMIs for gene 9100...
2024-07-20 22:49:52,072 - INFO - Allocating UMIs for gene 9200...
2024-07-20 22:49:52,119 - INFO - Allocating UMIs for gene 9300...
2024-07-20 22:49:52,166 - INFO - Allocating UMIs for gene 9400...
2024-07-20 22:49:52,213 - INFO - Allocating UMIs for gene 9500...
2024-07-20 22:49:52,259 - INFO - Allocating UMIs for gene 9600...
2024-07-20 22:49:52,305 - INFO - Allocating UMIs for gene 9700...
2024-07-20 22:49:52,354 - INFO - Allocating UMIs for gene 9800...
2024-07-20 22:49:52,399 - INFO - Allocating UMIs for gene 9900...
2024-07-20 22:49:52,446 - INFO - Allocating UMIs for gene 10000...
2024-07-20 22:49:52,492 - INFO - Allocating UMIs for gene 10100...
2024-07-20 22:49:52,537 - INFO - Allocating UMIs for gene 10200...
2024-07-20 22:49:52,584 - INFO - Allocating UMIs for gene 10300...
2024-07-20 22:49:52,631 - INFO - Allocating UMIs for gene 10400...
2024-07-20 22:49:52,688 - INFO - Allocating UMIs for gene 10500...
2024-07-20 22:49:52,855 - INFO - Allocating UMIs for gene 10600...
2024-07-20 22:49:52,903 - INFO - Allocating UMIs for gene 10700...
2024-07-20 22:49:52,951 - INFO - Allocating UMIs for gene 10800...
2024-07-20 22:49:52,999 - INFO - Allocating UMIs for gene 10900...
2024-07-20 22:49:53,047 - INFO - Allocating UMIs for gene 11000...
2024-07-20 22:49:53,097 - INFO - Allocating UMIs for gene 11100...
2024-07-20 22:49:53,145 - INFO - Allocating UMIs for gene 11200...
2024-07-20 22:49:53,193 - INFO - Allocating UMIs for gene 11300...
2024-07-20 22:49:53,242 - INFO - Allocating UMIs for gene 11400...
2024-07-20 22:49:53,464 - INFO - Allocating UMIs for gene 11500...
2024-07-20 22:49:53,578 - INFO - Allocating UMIs for gene 11600...
2024-07-20 22:49:53,628 - INFO - Allocating UMIs for gene 11700...
2024-07-20 22:49:53,677 - INFO - Allocating UMIs for gene 11800...
2024-07-20 22:49:53,726 - INFO - Allocating UMIs for gene 11900...
2024-07-20 22:49:53,775 - INFO - UMI allocation complete.
2024-07-20 22:49:53,775 - INFO - Counting overall UMI occurrences...
2024-07-20 22:49:53,789 - INFO - Counting inter-gene collisions...
2024-07-20 22:49:53,807 - INFO - Total UMIs generated: 4096
2024-07-20 22:49:53,807 - INFO - Total UMIs allocated: 72215
2024-07-20 22:49:53,807 - INFO - Number of unique UMIs assigned to genes: 4096
2024-07-20 22:49:53,807 - INFO - Inter-gene collisions: 68058
2024-07-20 22:49:53,808 - INFO - Inter-gene collision rate: 0.94244
2024-07-20 22:49:53,808 - INFO - Writing gene UMI counts to file...
2024-07-20 22:49:53,814 - INFO - Writing UMI inter-gene collisions to file...
2024-07-20 22:49:53,817 - INFO - Simulation complete.
