2024-07-20 22:49:54,830 - INFO - Simulation Script Version: 0.0.1
2024-07-20 22:49:54,832 - INFO - Simulation Parameters:
2024-07-20 22:49:54,832 - INFO - Length of UMI: 6
2024-07-20 22:49:54,832 - INFO - Number of genes: 12000
2024-07-20 22:49:54,833 - INFO - Parameters file: None
2024-07-20 22:49:54,833 - INFO - Mean (mu): 6.0
2024-07-20 22:49:54,833 - INFO - Dispersion (theta): 6.0
2024-07-20 22:49:54,833 - INFO - Use Poisson distribution: False
2024-07-20 22:49:54,833 - INFO - Gene UMI counts file: gene_12000_umi6_counts_rep4.txt
2024-07-20 22:49:54,833 - INFO - UMI collisions file: umi6_12000_collisions_rep4.txt
2024-07-20 22:49:54,833 - INFO - Seed: None
2024-07-20 22:49:54,833 - INFO - Log file: umi6_12000_rep4.log
2024-07-20 22:49:54,833 - INFO - No seed specified. Generated random seed: 578820075
2024-07-20 22:49:54,833 - INFO - Generating all possible UMIs...
2024-07-20 22:49:54,834 - INFO - Total possible UMIs generated: 4096
2024-07-20 22:49:54,834 - INFO - Loading parameters...
2024-07-20 22:49:54,834 - INFO - Sampling read depths for each gene...
2024-07-20 22:49:55,270 - INFO - Read depths sampling complete.
2024-07-20 22:49:55,270 - INFO - Allocating UMIs based on sampled read depths...
2024-07-20 22:49:55,270 - INFO - Allocating UMIs for gene 0...
2024-07-20 22:49:55,319 - INFO - Allocating UMIs for gene 100...
2024-07-20 22:49:55,366 - INFO - Allocating UMIs for gene 200...
2024-07-20 22:49:55,415 - INFO - Allocating UMIs for gene 300...
2024-07-20 22:49:55,463 - INFO - Allocating UMIs for gene 400...
2024-07-20 22:49:55,512 - INFO - Allocating UMIs for gene 500...
2024-07-20 22:49:55,561 - INFO - Allocating UMIs for gene 600...
2024-07-20 22:49:55,611 - INFO - Allocating UMIs for gene 700...
2024-07-20 22:49:55,662 - INFO - Allocating UMIs for gene 800...
2024-07-20 22:49:55,716 - INFO - Allocating UMIs for gene 900...
2024-07-20 22:49:55,880 - INFO - Allocating UMIs for gene 1000...
2024-07-20 22:49:55,930 - INFO - Allocating UMIs for gene 1100...
2024-07-20 22:49:55,978 - INFO - Allocating UMIs for gene 1200...
2024-07-20 22:49:56,027 - INFO - Allocating UMIs for gene 1300...
2024-07-20 22:49:56,076 - INFO - Allocating UMIs for gene 1400...
2024-07-20 22:49:56,126 - INFO - Allocating UMIs for gene 1500...
2024-07-20 22:49:56,186 - INFO - Allocating UMIs for gene 1600...
2024-07-20 22:49:56,355 - INFO - Allocating UMIs for gene 1700...
2024-07-20 22:49:56,410 - INFO - Allocating UMIs for gene 1800...
2024-07-20 22:49:56,458 - INFO - Allocating UMIs for gene 1900...
2024-07-20 22:49:56,507 - INFO - Allocating UMIs for gene 2000...
2024-07-20 22:49:56,555 - INFO - Allocating UMIs for gene 2100...
2024-07-20 22:49:56,604 - INFO - Allocating UMIs for gene 2200...
2024-07-20 22:49:56,652 - INFO - Allocating UMIs for gene 2300...
2024-07-20 22:49:56,699 - INFO - Allocating UMIs for gene 2400...
2024-07-20 22:49:56,754 - INFO - Allocating UMIs for gene 2500...
2024-07-20 22:49:56,853 - INFO - Allocating UMIs for gene 2600...
2024-07-20 22:49:56,903 - INFO - Allocating UMIs for gene 2700...
2024-07-20 22:49:56,951 - INFO - Allocating UMIs for gene 2800...
2024-07-20 22:49:56,999 - INFO - Allocating UMIs for gene 2900...
2024-07-20 22:49:57,047 - INFO - Allocating UMIs for gene 3000...
2024-07-20 22:49:57,102 - INFO - Allocating UMIs for gene 3100...
2024-07-20 22:49:57,153 - INFO - Allocating UMIs for gene 3200...
2024-07-20 22:49:57,202 - INFO - Allocating UMIs for gene 3300...
2024-07-20 22:49:57,251 - INFO - Allocating UMIs for gene 3400...
2024-07-20 22:49:57,301 - INFO - Allocating UMIs for gene 3500...
2024-07-20 22:49:57,349 - INFO - Allocating UMIs for gene 3600...
2024-07-20 22:49:57,399 - INFO - Allocating UMIs for gene 3700...
2024-07-20 22:49:57,454 - INFO - Allocating UMIs for gene 3800...
2024-07-20 22:49:57,510 - INFO - Allocating UMIs for gene 3900...
2024-07-20 22:49:57,574 - INFO - Allocating UMIs for gene 4000...
2024-07-20 22:49:57,670 - INFO - Allocating UMIs for gene 4100...
2024-07-20 22:49:57,721 - INFO - Allocating UMIs for gene 4200...
2024-07-20 22:49:57,778 - INFO - Allocating UMIs for gene 4300...
2024-07-20 22:49:57,836 - INFO - Allocating UMIs for gene 4400...
2024-07-20 22:49:57,934 - INFO - Allocating UMIs for gene 4500...
2024-07-20 22:49:57,984 - INFO - Allocating UMIs for gene 4600...
2024-07-20 22:49:58,036 - INFO - Allocating UMIs for gene 4700...
2024-07-20 22:49:58,132 - INFO - Allocating UMIs for gene 4800...
2024-07-20 22:49:58,191 - INFO - Allocating UMIs for gene 4900...
2024-07-20 22:49:58,242 - INFO - Allocating UMIs for gene 5000...
2024-07-20 22:49:58,290 - INFO - Allocating UMIs for gene 5100...
2024-07-20 22:49:58,339 - INFO - Allocating UMIs for gene 5200...
2024-07-20 22:49:58,398 - INFO - Allocating UMIs for gene 5300...
2024-07-20 22:49:58,472 - INFO - Allocating UMIs for gene 5400...
2024-07-20 22:49:58,565 - INFO - Allocating UMIs for gene 5500...
2024-07-20 22:49:58,613 - INFO - Allocating UMIs for gene 5600...
2024-07-20 22:49:58,661 - INFO - Allocating UMIs for gene 5700...
2024-07-20 22:49:58,709 - INFO - Allocating UMIs for gene 5800...
2024-07-20 22:49:58,758 - INFO - Allocating UMIs for gene 5900...
2024-07-20 22:49:58,806 - INFO - Allocating UMIs for gene 6000...
2024-07-20 22:49:58,857 - INFO - Allocating UMIs for gene 6100...
2024-07-20 22:49:58,906 - INFO - Allocating UMIs for gene 6200...
2024-07-20 22:49:58,954 - INFO - Allocating UMIs for gene 6300...
2024-07-20 22:49:59,002 - INFO - Allocating UMIs for gene 6400...
2024-07-20 22:49:59,051 - INFO - Allocating UMIs for gene 6500...
2024-07-20 22:49:59,099 - INFO - Allocating UMIs for gene 6600...
2024-07-20 22:49:59,150 - INFO - Allocating UMIs for gene 6700...
2024-07-20 22:49:59,199 - INFO - Allocating UMIs for gene 6800...
2024-07-20 22:49:59,247 - INFO - Allocating UMIs for gene 6900...
2024-07-20 22:49:59,296 - INFO - Allocating UMIs for gene 7000...
2024-07-20 22:49:59,344 - INFO - Allocating UMIs for gene 7100...
2024-07-20 22:49:59,391 - INFO - Allocating UMIs for gene 7200...
2024-07-20 22:49:59,438 - INFO - Allocating UMIs for gene 7300...
2024-07-20 22:49:59,484 - INFO - Allocating UMIs for gene 7400...
2024-07-20 22:49:59,531 - INFO - Allocating UMIs for gene 7500...
2024-07-20 22:49:59,578 - INFO - Allocating UMIs for gene 7600...
2024-07-20 22:49:59,625 - INFO - Allocating UMIs for gene 7700...
2024-07-20 22:49:59,673 - INFO - Allocating UMIs for gene 7800...
2024-07-20 22:49:59,723 - INFO - Allocating UMIs for gene 7900...
2024-07-20 22:49:59,773 - INFO - Allocating UMIs for gene 8000...
2024-07-20 22:49:59,828 - INFO - Allocating UMIs for gene 8100...
2024-07-20 22:49:59,880 - INFO - Allocating UMIs for gene 8200...
2024-07-20 22:49:59,929 - INFO - Allocating UMIs for gene 8300...
2024-07-20 22:49:59,979 - INFO - Allocating UMIs for gene 8400...
2024-07-20 22:50:00,037 - INFO - Allocating UMIs for gene 8500...
2024-07-20 22:50:00,097 - INFO - Allocating UMIs for gene 8600...
2024-07-20 22:50:00,151 - INFO - Allocating UMIs for gene 8700...
2024-07-20 22:50:00,200 - INFO - Allocating UMIs for gene 8800...
2024-07-20 22:50:00,250 - INFO - Allocating UMIs for gene 8900...
2024-07-20 22:50:00,300 - INFO - Allocating UMIs for gene 9000...
2024-07-20 22:50:00,349 - INFO - Allocating UMIs for gene 9100...
2024-07-20 22:50:00,398 - INFO - Allocating UMIs for gene 9200...
2024-07-20 22:50:00,447 - INFO - Allocating UMIs for gene 9300...
2024-07-20 22:50:00,497 - INFO - Allocating UMIs for gene 9400...
2024-07-20 22:50:00,545 - INFO - Allocating UMIs for gene 9500...
2024-07-20 22:50:00,594 - INFO - Allocating UMIs for gene 9600...
2024-07-20 22:50:00,643 - INFO - Allocating UMIs for gene 9700...
2024-07-20 22:50:00,692 - INFO - Allocating UMIs for gene 9800...
2024-07-20 22:50:00,742 - INFO - Allocating UMIs for gene 9900...
2024-07-20 22:50:00,791 - INFO - Allocating UMIs for gene 10000...
2024-07-20 22:50:00,839 - INFO - Allocating UMIs for gene 10100...
2024-07-20 22:50:00,888 - INFO - Allocating UMIs for gene 10200...
2024-07-20 22:50:00,937 - INFO - Allocating UMIs for gene 10300...
2024-07-20 22:50:00,986 - INFO - Allocating UMIs for gene 10400...
2024-07-20 22:50:01,035 - INFO - Allocating UMIs for gene 10500...
2024-07-20 22:50:01,085 - INFO - Allocating UMIs for gene 10600...
2024-07-20 22:50:01,135 - INFO - Allocating UMIs for gene 10700...
2024-07-20 22:50:01,220 - INFO - Allocating UMIs for gene 10800...
2024-07-20 22:50:01,276 - INFO - Allocating UMIs for gene 10900...
2024-07-20 22:50:01,379 - INFO - Allocating UMIs for gene 11000...
2024-07-20 22:50:01,491 - INFO - Allocating UMIs for gene 11100...
2024-07-20 22:50:01,542 - INFO - Allocating UMIs for gene 11200...
2024-07-20 22:50:01,592 - INFO - Allocating UMIs for gene 11300...
2024-07-20 22:50:01,645 - INFO - Allocating UMIs for gene 11400...
2024-07-20 22:50:01,694 - INFO - Allocating UMIs for gene 11500...
2024-07-20 22:50:01,745 - INFO - Allocating UMIs for gene 11600...
2024-07-20 22:50:01,882 - INFO - Allocating UMIs for gene 11700...
2024-07-20 22:50:01,974 - INFO - Allocating UMIs for gene 11800...
2024-07-20 22:50:02,031 - INFO - Allocating UMIs for gene 11900...
2024-07-20 22:50:02,086 - INFO - UMI allocation complete.
2024-07-20 22:50:02,086 - INFO - Counting overall UMI occurrences...
2024-07-20 22:50:02,103 - INFO - Counting inter-gene collisions...
2024-07-20 22:50:02,128 - INFO - Total UMIs generated: 4096
2024-07-20 22:50:02,129 - INFO - Total UMIs allocated: 72183
2024-07-20 22:50:02,129 - INFO - Number of unique UMIs assigned to genes: 4096
2024-07-20 22:50:02,129 - INFO - Inter-gene collisions: 68017
2024-07-20 22:50:02,129 - INFO - Inter-gene collision rate: 0.94229
2024-07-20 22:50:02,129 - INFO - Writing gene UMI counts to file...
2024-07-20 22:50:02,138 - INFO - Writing UMI inter-gene collisions to file...
2024-07-20 22:50:02,142 - INFO - Simulation complete.
