2024-07-20 22:49:36,829 - INFO - Simulation Script Version: 0.0.1
2024-07-20 22:49:36,831 - INFO - Simulation Parameters:
2024-07-20 22:49:36,831 - INFO - Length of UMI: 6
2024-07-20 22:49:36,831 - INFO - Number of genes: 12000
2024-07-20 22:49:36,831 - INFO - Parameters file: None
2024-07-20 22:49:36,831 - INFO - Mean (mu): 6.0
2024-07-20 22:49:36,831 - INFO - Dispersion (theta): 6.0
2024-07-20 22:49:36,831 - INFO - Use Poisson distribution: False
2024-07-20 22:49:36,831 - INFO - Gene UMI counts file: gene_12000_umi6_counts_rep2.txt
2024-07-20 22:49:36,831 - INFO - UMI collisions file: umi6_12000_collisions_rep2.txt
2024-07-20 22:49:36,831 - INFO - Seed: None
2024-07-20 22:49:36,831 - INFO - Log file: umi6_12000_rep2.log
2024-07-20 22:49:36,831 - INFO - No seed specified. Generated random seed: 1677279747
2024-07-20 22:49:36,831 - INFO - Generating all possible UMIs...
2024-07-20 22:49:36,832 - INFO - Total possible UMIs generated: 4096
2024-07-20 22:49:36,832 - INFO - Loading parameters...
2024-07-20 22:49:36,832 - INFO - Sampling read depths for each gene...
2024-07-20 22:49:37,366 - INFO - Read depths sampling complete.
2024-07-20 22:49:37,367 - INFO - Allocating UMIs based on sampled read depths...
2024-07-20 22:49:37,367 - INFO - Allocating UMIs for gene 0...
2024-07-20 22:49:37,413 - INFO - Allocating UMIs for gene 100...
2024-07-20 22:49:37,459 - INFO - Allocating UMIs for gene 200...
2024-07-20 22:49:37,505 - INFO - Allocating UMIs for gene 300...
2024-07-20 22:49:37,551 - INFO - Allocating UMIs for gene 400...
2024-07-20 22:49:37,597 - INFO - Allocating UMIs for gene 500...
2024-07-20 22:49:37,645 - INFO - Allocating UMIs for gene 600...
2024-07-20 22:49:37,827 - INFO - Allocating UMIs for gene 700...
2024-07-20 22:49:37,872 - INFO - Allocating UMIs for gene 800...
2024-07-20 22:49:37,918 - INFO - Allocating UMIs for gene 900...
2024-07-20 22:49:37,965 - INFO - Allocating UMIs for gene 1000...
2024-07-20 22:49:38,012 - INFO - Allocating UMIs for gene 1100...
2024-07-20 22:49:38,066 - INFO - Allocating UMIs for gene 1200...
2024-07-20 22:49:38,228 - INFO - Allocating UMIs for gene 1300...
2024-07-20 22:49:38,293 - INFO - Allocating UMIs for gene 1400...
2024-07-20 22:49:38,458 - INFO - Allocating UMIs for gene 1500...
2024-07-20 22:49:38,572 - INFO - Allocating UMIs for gene 1600...
2024-07-20 22:49:38,622 - INFO - Allocating UMIs for gene 1700...
2024-07-20 22:49:38,672 - INFO - Allocating UMIs for gene 1800...
2024-07-20 22:49:38,722 - INFO - Allocating UMIs for gene 1900...
2024-07-20 22:49:38,771 - INFO - Allocating UMIs for gene 2000...
2024-07-20 22:49:38,827 - INFO - Allocating UMIs for gene 2100...
2024-07-20 22:49:38,969 - INFO - Allocating UMIs for gene 2200...
2024-07-20 22:49:39,099 - INFO - Allocating UMIs for gene 2300...
2024-07-20 22:49:39,253 - INFO - Allocating UMIs for gene 2400...
2024-07-20 22:49:39,302 - INFO - Allocating UMIs for gene 2500...
2024-07-20 22:49:39,351 - INFO - Allocating UMIs for gene 2600...
2024-07-20 22:49:39,398 - INFO - Allocating UMIs for gene 2700...
2024-07-20 22:49:39,447 - INFO - Allocating UMIs for gene 2800...
2024-07-20 22:49:39,495 - INFO - Allocating UMIs for gene 2900...
2024-07-20 22:49:39,544 - INFO - Allocating UMIs for gene 3000...
2024-07-20 22:49:39,593 - INFO - Allocating UMIs for gene 3100...
2024-07-20 22:49:39,641 - INFO - Allocating UMIs for gene 3200...
2024-07-20 22:49:39,690 - INFO - Allocating UMIs for gene 3300...
2024-07-20 22:49:39,738 - INFO - Allocating UMIs for gene 3400...
2024-07-20 22:49:39,786 - INFO - Allocating UMIs for gene 3500...
2024-07-20 22:49:39,835 - INFO - Allocating UMIs for gene 3600...
2024-07-20 22:49:39,883 - INFO - Allocating UMIs for gene 3700...
2024-07-20 22:49:39,931 - INFO - Allocating UMIs for gene 3800...
2024-07-20 22:49:39,980 - INFO - Allocating UMIs for gene 3900...
2024-07-20 22:49:40,028 - INFO - Allocating UMIs for gene 4000...
2024-07-20 22:49:40,077 - INFO - Allocating UMIs for gene 4100...
2024-07-20 22:49:40,125 - INFO - Allocating UMIs for gene 4200...
2024-07-20 22:49:40,175 - INFO - Allocating UMIs for gene 4300...
2024-07-20 22:49:40,223 - INFO - Allocating UMIs for gene 4400...
2024-07-20 22:49:40,272 - INFO - Allocating UMIs for gene 4500...
2024-07-20 22:49:40,321 - INFO - Allocating UMIs for gene 4600...
2024-07-20 22:49:40,370 - INFO - Allocating UMIs for gene 4700...
2024-07-20 22:49:40,419 - INFO - Allocating UMIs for gene 4800...
2024-07-20 22:49:40,468 - INFO - Allocating UMIs for gene 4900...
2024-07-20 22:49:40,516 - INFO - Allocating UMIs for gene 5000...
2024-07-20 22:49:40,571 - INFO - Allocating UMIs for gene 5100...
2024-07-20 22:49:40,743 - INFO - Allocating UMIs for gene 5200...
2024-07-20 22:49:40,791 - INFO - Allocating UMIs for gene 5300...
2024-07-20 22:49:40,839 - INFO - Allocating UMIs for gene 5400...
2024-07-20 22:49:40,887 - INFO - Allocating UMIs for gene 5500...
2024-07-20 22:49:40,935 - INFO - Allocating UMIs for gene 5600...
2024-07-20 22:49:40,982 - INFO - Allocating UMIs for gene 5700...
2024-07-20 22:49:41,031 - INFO - Allocating UMIs for gene 5800...
2024-07-20 22:49:41,166 - INFO - Allocating UMIs for gene 5900...
2024-07-20 22:49:41,265 - INFO - Allocating UMIs for gene 6000...
2024-07-20 22:49:41,317 - INFO - Allocating UMIs for gene 6100...
2024-07-20 22:49:41,365 - INFO - Allocating UMIs for gene 6200...
2024-07-20 22:49:41,413 - INFO - Allocating UMIs for gene 6300...
2024-07-20 22:49:41,461 - INFO - Allocating UMIs for gene 6400...
2024-07-20 22:49:41,509 - INFO - Allocating UMIs for gene 6500...
2024-07-20 22:49:41,558 - INFO - Allocating UMIs for gene 6600...
2024-07-20 22:49:41,607 - INFO - Allocating UMIs for gene 6700...
2024-07-20 22:49:41,656 - INFO - Allocating UMIs for gene 6800...
2024-07-20 22:49:41,703 - INFO - Allocating UMIs for gene 6900...
2024-07-20 22:49:41,752 - INFO - Allocating UMIs for gene 7000...
2024-07-20 22:49:41,800 - INFO - Allocating UMIs for gene 7100...
2024-07-20 22:49:41,856 - INFO - Allocating UMIs for gene 7200...
2024-07-20 22:49:42,033 - INFO - Allocating UMIs for gene 7300...
2024-07-20 22:49:42,081 - INFO - Allocating UMIs for gene 7400...
2024-07-20 22:49:42,131 - INFO - Allocating UMIs for gene 7500...
2024-07-20 22:49:42,181 - INFO - Allocating UMIs for gene 7600...
2024-07-20 22:49:42,229 - INFO - Allocating UMIs for gene 7700...
2024-07-20 22:49:42,277 - INFO - Allocating UMIs for gene 7800...
2024-07-20 22:49:42,326 - INFO - Allocating UMIs for gene 7900...
2024-07-20 22:49:42,382 - INFO - Allocating UMIs for gene 8000...
2024-07-20 22:49:42,452 - INFO - Allocating UMIs for gene 8100...
2024-07-20 22:49:42,548 - INFO - Allocating UMIs for gene 8200...
2024-07-20 22:49:42,598 - INFO - Allocating UMIs for gene 8300...
2024-07-20 22:49:42,648 - INFO - Allocating UMIs for gene 8400...
2024-07-20 22:49:42,697 - INFO - Allocating UMIs for gene 8500...
2024-07-20 22:49:42,751 - INFO - Allocating UMIs for gene 8600...
2024-07-20 22:49:42,843 - INFO - Allocating UMIs for gene 8700...
2024-07-20 22:49:42,967 - INFO - Allocating UMIs for gene 8800...
2024-07-20 22:49:43,046 - INFO - Allocating UMIs for gene 8900...
2024-07-20 22:49:43,144 - INFO - Allocating UMIs for gene 9000...
2024-07-20 22:49:43,201 - INFO - Allocating UMIs for gene 9100...
2024-07-20 22:49:43,296 - INFO - Allocating UMIs for gene 9200...
2024-07-20 22:49:43,411 - INFO - Allocating UMIs for gene 9300...
2024-07-20 22:49:43,460 - INFO - Allocating UMIs for gene 9400...
2024-07-20 22:49:43,509 - INFO - Allocating UMIs for gene 9500...
2024-07-20 22:49:43,690 - INFO - Allocating UMIs for gene 9600...
2024-07-20 22:49:43,762 - INFO - Allocating UMIs for gene 9700...
2024-07-20 22:49:43,862 - INFO - Allocating UMIs for gene 9800...
2024-07-20 22:49:43,913 - INFO - Allocating UMIs for gene 9900...
2024-07-20 22:49:43,972 - INFO - Allocating UMIs for gene 10000...
2024-07-20 22:49:44,152 - INFO - Allocating UMIs for gene 10100...
2024-07-20 22:49:44,201 - INFO - Allocating UMIs for gene 10200...
2024-07-20 22:49:44,249 - INFO - Allocating UMIs for gene 10300...
2024-07-20 22:49:44,298 - INFO - Allocating UMIs for gene 10400...
2024-07-20 22:49:44,355 - INFO - Allocating UMIs for gene 10500...
2024-07-20 22:49:44,458 - INFO - Allocating UMIs for gene 10600...
2024-07-20 22:49:44,508 - INFO - Allocating UMIs for gene 10700...
2024-07-20 22:49:44,557 - INFO - Allocating UMIs for gene 10800...
2024-07-20 22:49:44,608 - INFO - Allocating UMIs for gene 10900...
2024-07-20 22:49:44,660 - INFO - Allocating UMIs for gene 11000...
2024-07-20 22:49:44,711 - INFO - Allocating UMIs for gene 11100...
2024-07-20 22:49:44,761 - INFO - Allocating UMIs for gene 11200...
2024-07-20 22:49:44,811 - INFO - Allocating UMIs for gene 11300...
2024-07-20 22:49:44,860 - INFO - Allocating UMIs for gene 11400...
2024-07-20 22:49:44,911 - INFO - Allocating UMIs for gene 11500...
2024-07-20 22:49:44,962 - INFO - Allocating UMIs for gene 11600...
2024-07-20 22:49:45,012 - INFO - Allocating UMIs for gene 11700...
2024-07-20 22:49:45,062 - INFO - Allocating UMIs for gene 11800...
2024-07-20 22:49:45,113 - INFO - Allocating UMIs for gene 11900...
2024-07-20 22:49:45,164 - INFO - UMI allocation complete.
2024-07-20 22:49:45,164 - INFO - Counting overall UMI occurrences...
2024-07-20 22:49:45,177 - INFO - Counting inter-gene collisions...
2024-07-20 22:49:45,196 - INFO - Total UMIs generated: 4096
2024-07-20 22:49:45,196 - INFO - Total UMIs allocated: 71698
2024-07-20 22:49:45,196 - INFO - Number of unique UMIs assigned to genes: 4096
2024-07-20 22:49:45,196 - INFO - Inter-gene collisions: 67542
2024-07-20 22:49:45,196 - INFO - Inter-gene collision rate: 0.94203
2024-07-20 22:49:45,196 - INFO - Writing gene UMI counts to file...
2024-07-20 22:49:45,202 - INFO - Writing UMI inter-gene collisions to file...
2024-07-20 22:49:45,206 - INFO - Simulation complete.
