2024-07-20 22:49:27,711 - INFO - Simulation Script Version: 0.0.1
2024-07-20 22:49:27,713 - INFO - Simulation Parameters:
2024-07-20 22:49:27,713 - INFO - Length of UMI: 6
2024-07-20 22:49:27,713 - INFO - Number of genes: 12000
2024-07-20 22:49:27,713 - INFO - Parameters file: None
2024-07-20 22:49:27,713 - INFO - Mean (mu): 6.0
2024-07-20 22:49:27,713 - INFO - Dispersion (theta): 6.0
2024-07-20 22:49:27,713 - INFO - Use Poisson distribution: False
2024-07-20 22:49:27,713 - INFO - Gene UMI counts file: gene_12000_umi6_counts_rep1.txt
2024-07-20 22:49:27,713 - INFO - UMI collisions file: umi6_12000_collisions.txt
2024-07-20 22:49:27,713 - INFO - Seed: None
2024-07-20 22:49:27,713 - INFO - Log file: umi6_12000_rep1.log
2024-07-20 22:49:27,713 - INFO - No seed specified. Generated random seed: 2306358268
2024-07-20 22:49:27,713 - INFO - Generating all possible UMIs...
2024-07-20 22:49:27,714 - INFO - Total possible UMIs generated: 4096
2024-07-20 22:49:27,714 - INFO - Loading parameters...
2024-07-20 22:49:27,714 - INFO - Sampling read depths for each gene...
2024-07-20 22:49:28,244 - INFO - Read depths sampling complete.
2024-07-20 22:49:28,244 - INFO - Allocating UMIs based on sampled read depths...
2024-07-20 22:49:28,244 - INFO - Allocating UMIs for gene 0...
2024-07-20 22:49:28,293 - INFO - Allocating UMIs for gene 100...
2024-07-20 22:49:28,344 - INFO - Allocating UMIs for gene 200...
2024-07-20 22:49:28,397 - INFO - Allocating UMIs for gene 300...
2024-07-20 22:49:28,448 - INFO - Allocating UMIs for gene 400...
2024-07-20 22:49:28,507 - INFO - Allocating UMIs for gene 500...
2024-07-20 22:49:28,582 - INFO - Allocating UMIs for gene 600...
2024-07-20 22:49:28,735 - INFO - Allocating UMIs for gene 700...
2024-07-20 22:49:28,861 - INFO - Allocating UMIs for gene 800...
2024-07-20 22:49:28,910 - INFO - Allocating UMIs for gene 900...
2024-07-20 22:49:28,959 - INFO - Allocating UMIs for gene 1000...
2024-07-20 22:49:29,011 - INFO - Allocating UMIs for gene 1100...
2024-07-20 22:49:29,059 - INFO - Allocating UMIs for gene 1200...
2024-07-20 22:49:29,107 - INFO - Allocating UMIs for gene 1300...
2024-07-20 22:49:29,158 - INFO - Allocating UMIs for gene 1400...
2024-07-20 22:49:29,238 - INFO - Allocating UMIs for gene 1500...
2024-07-20 22:49:29,335 - INFO - Allocating UMIs for gene 1600...
2024-07-20 22:49:29,383 - INFO - Allocating UMIs for gene 1700...
2024-07-20 22:49:29,432 - INFO - Allocating UMIs for gene 1800...
2024-07-20 22:49:29,480 - INFO - Allocating UMIs for gene 1900...
2024-07-20 22:49:29,529 - INFO - Allocating UMIs for gene 2000...
2024-07-20 22:49:29,577 - INFO - Allocating UMIs for gene 2100...
2024-07-20 22:49:29,626 - INFO - Allocating UMIs for gene 2200...
2024-07-20 22:49:29,674 - INFO - Allocating UMIs for gene 2300...
2024-07-20 22:49:29,723 - INFO - Allocating UMIs for gene 2400...
2024-07-20 22:49:29,772 - INFO - Allocating UMIs for gene 2500...
2024-07-20 22:49:29,821 - INFO - Allocating UMIs for gene 2600...
2024-07-20 22:49:29,869 - INFO - Allocating UMIs for gene 2700...
2024-07-20 22:49:29,917 - INFO - Allocating UMIs for gene 2800...
2024-07-20 22:49:29,966 - INFO - Allocating UMIs for gene 2900...
2024-07-20 22:49:30,014 - INFO - Allocating UMIs for gene 3000...
2024-07-20 22:49:30,063 - INFO - Allocating UMIs for gene 3100...
2024-07-20 22:49:30,111 - INFO - Allocating UMIs for gene 3200...
2024-07-20 22:49:30,161 - INFO - Allocating UMIs for gene 3300...
2024-07-20 22:49:30,209 - INFO - Allocating UMIs for gene 3400...
2024-07-20 22:49:30,265 - INFO - Allocating UMIs for gene 3500...
2024-07-20 22:49:30,323 - INFO - Allocating UMIs for gene 3600...
2024-07-20 22:49:30,425 - INFO - Allocating UMIs for gene 3700...
2024-07-20 22:49:30,474 - INFO - Allocating UMIs for gene 3800...
2024-07-20 22:49:30,527 - INFO - Allocating UMIs for gene 3900...
2024-07-20 22:49:30,581 - INFO - Allocating UMIs for gene 4000...
2024-07-20 22:49:30,643 - INFO - Allocating UMIs for gene 4100...
2024-07-20 22:49:30,743 - INFO - Allocating UMIs for gene 4200...
2024-07-20 22:49:30,791 - INFO - Allocating UMIs for gene 4300...
2024-07-20 22:49:30,847 - INFO - Allocating UMIs for gene 4400...
2024-07-20 22:49:30,922 - INFO - Allocating UMIs for gene 4500...
2024-07-20 22:49:31,067 - INFO - Allocating UMIs for gene 4600...
2024-07-20 22:49:31,117 - INFO - Allocating UMIs for gene 4700...
2024-07-20 22:49:31,166 - INFO - Allocating UMIs for gene 4800...
2024-07-20 22:49:31,217 - INFO - Allocating UMIs for gene 4900...
2024-07-20 22:49:31,280 - INFO - Allocating UMIs for gene 5000...
2024-07-20 22:49:31,381 - INFO - Allocating UMIs for gene 5100...
2024-07-20 22:49:31,433 - INFO - Allocating UMIs for gene 5200...
2024-07-20 22:49:31,493 - INFO - Allocating UMIs for gene 5300...
2024-07-20 22:49:31,578 - INFO - Allocating UMIs for gene 5400...
2024-07-20 22:49:31,656 - INFO - Allocating UMIs for gene 5500...
2024-07-20 22:49:31,707 - INFO - Allocating UMIs for gene 5600...
2024-07-20 22:49:31,756 - INFO - Allocating UMIs for gene 5700...
2024-07-20 22:49:31,806 - INFO - Allocating UMIs for gene 5800...
2024-07-20 22:49:31,859 - INFO - Allocating UMIs for gene 5900...
2024-07-20 22:49:31,906 - INFO - Allocating UMIs for gene 6000...
2024-07-20 22:49:31,959 - INFO - Allocating UMIs for gene 6100...
2024-07-20 22:49:32,007 - INFO - Allocating UMIs for gene 6200...
2024-07-20 22:49:32,055 - INFO - Allocating UMIs for gene 6300...
2024-07-20 22:49:32,103 - INFO - Allocating UMIs for gene 6400...
2024-07-20 22:49:32,152 - INFO - Allocating UMIs for gene 6500...
2024-07-20 22:49:32,199 - INFO - Allocating UMIs for gene 6600...
2024-07-20 22:49:32,247 - INFO - Allocating UMIs for gene 6700...
2024-07-20 22:49:32,295 - INFO - Allocating UMIs for gene 6800...
2024-07-20 22:49:32,344 - INFO - Allocating UMIs for gene 6900...
2024-07-20 22:49:32,393 - INFO - Allocating UMIs for gene 7000...
2024-07-20 22:49:32,440 - INFO - Allocating UMIs for gene 7100...
2024-07-20 22:49:32,489 - INFO - Allocating UMIs for gene 7200...
2024-07-20 22:49:32,538 - INFO - Allocating UMIs for gene 7300...
2024-07-20 22:49:32,587 - INFO - Allocating UMIs for gene 7400...
2024-07-20 22:49:32,637 - INFO - Allocating UMIs for gene 7500...
2024-07-20 22:49:32,687 - INFO - Allocating UMIs for gene 7600...
2024-07-20 22:49:32,739 - INFO - Allocating UMIs for gene 7700...
2024-07-20 22:49:32,796 - INFO - Allocating UMIs for gene 7800...
2024-07-20 22:49:32,861 - INFO - Allocating UMIs for gene 7900...
2024-07-20 22:49:32,962 - INFO - Allocating UMIs for gene 8000...
2024-07-20 22:49:33,019 - INFO - Allocating UMIs for gene 8100...
2024-07-20 22:49:33,074 - INFO - Allocating UMIs for gene 8200...
2024-07-20 22:49:33,131 - INFO - Allocating UMIs for gene 8300...
2024-07-20 22:49:33,188 - INFO - Allocating UMIs for gene 8400...
2024-07-20 22:49:33,271 - INFO - Allocating UMIs for gene 8500...
2024-07-20 22:49:33,354 - INFO - Allocating UMIs for gene 8600...
2024-07-20 22:49:33,405 - INFO - Allocating UMIs for gene 8700...
2024-07-20 22:49:33,467 - INFO - Allocating UMIs for gene 8800...
2024-07-20 22:49:33,564 - INFO - Allocating UMIs for gene 8900...
2024-07-20 22:49:33,615 - INFO - Allocating UMIs for gene 9000...
2024-07-20 22:49:33,665 - INFO - Allocating UMIs for gene 9100...
2024-07-20 22:49:33,719 - INFO - Allocating UMIs for gene 9200...
2024-07-20 22:49:33,840 - INFO - Allocating UMIs for gene 9300...
2024-07-20 22:49:33,900 - INFO - Allocating UMIs for gene 9400...
2024-07-20 22:49:33,964 - INFO - Allocating UMIs for gene 9500...
2024-07-20 22:49:34,019 - INFO - Allocating UMIs for gene 9600...
2024-07-20 22:49:34,072 - INFO - Allocating UMIs for gene 9700...
2024-07-20 22:49:34,121 - INFO - Allocating UMIs for gene 9800...
2024-07-20 22:49:34,172 - INFO - Allocating UMIs for gene 9900...
2024-07-20 22:49:34,227 - INFO - Allocating UMIs for gene 10000...
2024-07-20 22:49:34,289 - INFO - Allocating UMIs for gene 10100...
2024-07-20 22:49:34,382 - INFO - Allocating UMIs for gene 10200...
2024-07-20 22:49:34,432 - INFO - Allocating UMIs for gene 10300...
2024-07-20 22:49:34,481 - INFO - Allocating UMIs for gene 10400...
2024-07-20 22:49:34,531 - INFO - Allocating UMIs for gene 10500...
2024-07-20 22:49:34,581 - INFO - Allocating UMIs for gene 10600...
2024-07-20 22:49:34,631 - INFO - Allocating UMIs for gene 10700...
2024-07-20 22:49:34,681 - INFO - Allocating UMIs for gene 10800...
2024-07-20 22:49:34,743 - INFO - Allocating UMIs for gene 10900...
2024-07-20 22:49:34,842 - INFO - Allocating UMIs for gene 11000...
2024-07-20 22:49:35,035 - INFO - Allocating UMIs for gene 11100...
2024-07-20 22:49:35,084 - INFO - Allocating UMIs for gene 11200...
2024-07-20 22:49:35,134 - INFO - Allocating UMIs for gene 11300...
2024-07-20 22:49:35,182 - INFO - Allocating UMIs for gene 11400...
2024-07-20 22:49:35,234 - INFO - Allocating UMIs for gene 11500...
2024-07-20 22:49:35,281 - INFO - Allocating UMIs for gene 11600...
2024-07-20 22:49:35,331 - INFO - Allocating UMIs for gene 11700...
2024-07-20 22:49:35,490 - INFO - Allocating UMIs for gene 11800...
2024-07-20 22:49:35,544 - INFO - Allocating UMIs for gene 11900...
2024-07-20 22:49:35,598 - INFO - UMI allocation complete.
2024-07-20 22:49:35,598 - INFO - Counting overall UMI occurrences...
2024-07-20 22:49:35,613 - INFO - Counting inter-gene collisions...
2024-07-20 22:49:35,636 - INFO - Total UMIs generated: 4096
2024-07-20 22:49:35,636 - INFO - Total UMIs allocated: 72328
2024-07-20 22:49:35,636 - INFO - Number of unique UMIs assigned to genes: 4096
2024-07-20 22:49:35,636 - INFO - Inter-gene collisions: 68168
2024-07-20 22:49:35,636 - INFO - Inter-gene collision rate: 0.94248
2024-07-20 22:49:35,636 - INFO - Writing gene UMI counts to file...
2024-07-20 22:49:35,642 - INFO - Writing UMI inter-gene collisions to file...
2024-07-20 22:49:35,646 - INFO - Simulation complete.
