2024-07-20 22:50:42,661 - INFO - Simulation Script Version: 0.0.1
2024-07-20 22:50:42,663 - INFO - Simulation Parameters:
2024-07-20 22:50:42,663 - INFO - Length of UMI: 6
2024-07-20 22:50:42,663 - INFO - Number of genes: 12000
2024-07-20 22:50:42,663 - INFO - Parameters file: None
2024-07-20 22:50:42,663 - INFO - Mean (mu): 6.0
2024-07-20 22:50:42,663 - INFO - Dispersion (theta): 6.0
2024-07-20 22:50:42,663 - INFO - Use Poisson distribution: False
2024-07-20 22:50:42,663 - INFO - Gene UMI counts file: gene_12000_umi6_counts_rep10.txt
2024-07-20 22:50:42,663 - INFO - UMI collisions file: umi6_12000_collisions_rep10.txt
2024-07-20 22:50:42,663 - INFO - Seed: None
2024-07-20 22:50:42,663 - INFO - Log file: umi6_12000_rep10.log
2024-07-20 22:50:42,664 - INFO - No seed specified. Generated random seed: 2399594292
2024-07-20 22:50:42,664 - INFO - Generating all possible UMIs...
2024-07-20 22:50:42,664 - INFO - Total possible UMIs generated: 4096
2024-07-20 22:50:42,664 - INFO - Loading parameters...
2024-07-20 22:50:42,664 - INFO - Sampling read depths for each gene...
2024-07-20 22:50:43,116 - INFO - Read depths sampling complete.
2024-07-20 22:50:43,116 - INFO - Allocating UMIs based on sampled read depths...
2024-07-20 22:50:43,116 - INFO - Allocating UMIs for gene 0...
2024-07-20 22:50:43,165 - INFO - Allocating UMIs for gene 100...
2024-07-20 22:50:43,215 - INFO - Allocating UMIs for gene 200...
2024-07-20 22:50:43,265 - INFO - Allocating UMIs for gene 300...
2024-07-20 22:50:43,313 - INFO - Allocating UMIs for gene 400...
2024-07-20 22:50:43,363 - INFO - Allocating UMIs for gene 500...
2024-07-20 22:50:43,413 - INFO - Allocating UMIs for gene 600...
2024-07-20 22:50:43,463 - INFO - Allocating UMIs for gene 700...
2024-07-20 22:50:43,514 - INFO - Allocating UMIs for gene 800...
2024-07-20 22:50:43,564 - INFO - Allocating UMIs for gene 900...
2024-07-20 22:50:43,614 - INFO - Allocating UMIs for gene 1000...
2024-07-20 22:50:43,664 - INFO - Allocating UMIs for gene 1100...
2024-07-20 22:50:43,719 - INFO - Allocating UMIs for gene 1200...
2024-07-20 22:50:43,773 - INFO - Allocating UMIs for gene 1300...
2024-07-20 22:50:43,844 - INFO - Allocating UMIs for gene 1400...
2024-07-20 22:50:43,946 - INFO - Allocating UMIs for gene 1500...
2024-07-20 22:50:43,996 - INFO - Allocating UMIs for gene 1600...
2024-07-20 22:50:44,046 - INFO - Allocating UMIs for gene 1700...
2024-07-20 22:50:44,095 - INFO - Allocating UMIs for gene 1800...
2024-07-20 22:50:44,145 - INFO - Allocating UMIs for gene 1900...
2024-07-20 22:50:44,194 - INFO - Allocating UMIs for gene 2000...
2024-07-20 22:50:44,244 - INFO - Allocating UMIs for gene 2100...
2024-07-20 22:50:44,303 - INFO - Allocating UMIs for gene 2200...
2024-07-20 22:50:44,377 - INFO - Allocating UMIs for gene 2300...
2024-07-20 22:50:44,467 - INFO - Allocating UMIs for gene 2400...
2024-07-20 22:50:44,517 - INFO - Allocating UMIs for gene 2500...
2024-07-20 22:50:44,567 - INFO - Allocating UMIs for gene 2600...
2024-07-20 22:50:44,616 - INFO - Allocating UMIs for gene 2700...
2024-07-20 22:50:44,665 - INFO - Allocating UMIs for gene 2800...
2024-07-20 22:50:44,716 - INFO - Allocating UMIs for gene 2900...
2024-07-20 22:50:44,767 - INFO - Allocating UMIs for gene 3000...
2024-07-20 22:50:44,817 - INFO - Allocating UMIs for gene 3100...
2024-07-20 22:50:44,867 - INFO - Allocating UMIs for gene 3200...
2024-07-20 22:50:44,917 - INFO - Allocating UMIs for gene 3300...
2024-07-20 22:50:44,966 - INFO - Allocating UMIs for gene 3400...
2024-07-20 22:50:45,016 - INFO - Allocating UMIs for gene 3500...
2024-07-20 22:50:45,065 - INFO - Allocating UMIs for gene 3600...
2024-07-20 22:50:45,114 - INFO - Allocating UMIs for gene 3700...
2024-07-20 22:50:45,164 - INFO - Allocating UMIs for gene 3800...
2024-07-20 22:50:45,213 - INFO - Allocating UMIs for gene 3900...
2024-07-20 22:50:45,264 - INFO - Allocating UMIs for gene 4000...
2024-07-20 22:50:45,315 - INFO - Allocating UMIs for gene 4100...
2024-07-20 22:50:45,368 - INFO - Allocating UMIs for gene 4200...
2024-07-20 22:50:45,418 - INFO - Allocating UMIs for gene 4300...
2024-07-20 22:50:45,467 - INFO - Allocating UMIs for gene 4400...
2024-07-20 22:50:45,517 - INFO - Allocating UMIs for gene 4500...
2024-07-20 22:50:45,567 - INFO - Allocating UMIs for gene 4600...
2024-07-20 22:50:45,617 - INFO - Allocating UMIs for gene 4700...
2024-07-20 22:50:45,666 - INFO - Allocating UMIs for gene 4800...
2024-07-20 22:50:45,718 - INFO - Allocating UMIs for gene 4900...
2024-07-20 22:50:45,768 - INFO - Allocating UMIs for gene 5000...
2024-07-20 22:50:45,818 - INFO - Allocating UMIs for gene 5100...
2024-07-20 22:50:45,867 - INFO - Allocating UMIs for gene 5200...
2024-07-20 22:50:45,917 - INFO - Allocating UMIs for gene 5300...
2024-07-20 22:50:45,967 - INFO - Allocating UMIs for gene 5400...
2024-07-20 22:50:46,017 - INFO - Allocating UMIs for gene 5500...
2024-07-20 22:50:46,066 - INFO - Allocating UMIs for gene 5600...
2024-07-20 22:50:46,115 - INFO - Allocating UMIs for gene 5700...
2024-07-20 22:50:46,166 - INFO - Allocating UMIs for gene 5800...
2024-07-20 22:50:46,216 - INFO - Allocating UMIs for gene 5900...
2024-07-20 22:50:46,266 - INFO - Allocating UMIs for gene 6000...
2024-07-20 22:50:46,318 - INFO - Allocating UMIs for gene 6100...
2024-07-20 22:50:46,369 - INFO - Allocating UMIs for gene 6200...
2024-07-20 22:50:46,419 - INFO - Allocating UMIs for gene 6300...
2024-07-20 22:50:46,468 - INFO - Allocating UMIs for gene 6400...
2024-07-20 22:50:46,517 - INFO - Allocating UMIs for gene 6500...
2024-07-20 22:50:46,567 - INFO - Allocating UMIs for gene 6600...
2024-07-20 22:50:46,617 - INFO - Allocating UMIs for gene 6700...
2024-07-20 22:50:46,666 - INFO - Allocating UMIs for gene 6800...
2024-07-20 22:50:46,719 - INFO - Allocating UMIs for gene 6900...
2024-07-20 22:50:46,769 - INFO - Allocating UMIs for gene 7000...
2024-07-20 22:50:46,818 - INFO - Allocating UMIs for gene 7100...
2024-07-20 22:50:46,867 - INFO - Allocating UMIs for gene 7200...
2024-07-20 22:50:46,918 - INFO - Allocating UMIs for gene 7300...
2024-07-20 22:50:46,967 - INFO - Allocating UMIs for gene 7400...
2024-07-20 22:50:47,017 - INFO - Allocating UMIs for gene 7500...
2024-07-20 22:50:47,065 - INFO - Allocating UMIs for gene 7600...
2024-07-20 22:50:47,116 - INFO - Allocating UMIs for gene 7700...
2024-07-20 22:50:47,166 - INFO - Allocating UMIs for gene 7800...
2024-07-20 22:50:47,215 - INFO - Allocating UMIs for gene 7900...
2024-07-20 22:50:47,265 - INFO - Allocating UMIs for gene 8000...
2024-07-20 22:50:47,314 - INFO - Allocating UMIs for gene 8100...
2024-07-20 22:50:47,363 - INFO - Allocating UMIs for gene 8200...
2024-07-20 22:50:47,413 - INFO - Allocating UMIs for gene 8300...
2024-07-20 22:50:47,463 - INFO - Allocating UMIs for gene 8400...
2024-07-20 22:50:47,513 - INFO - Allocating UMIs for gene 8500...
2024-07-20 22:50:47,563 - INFO - Allocating UMIs for gene 8600...
2024-07-20 22:50:47,613 - INFO - Allocating UMIs for gene 8700...
2024-07-20 22:50:47,662 - INFO - Allocating UMIs for gene 8800...
2024-07-20 22:50:47,714 - INFO - Allocating UMIs for gene 8900...
2024-07-20 22:50:47,765 - INFO - Allocating UMIs for gene 9000...
2024-07-20 22:50:47,814 - INFO - Allocating UMIs for gene 9100...
2024-07-20 22:50:47,865 - INFO - Allocating UMIs for gene 9200...
2024-07-20 22:50:47,914 - INFO - Allocating UMIs for gene 9300...
2024-07-20 22:50:47,965 - INFO - Allocating UMIs for gene 9400...
2024-07-20 22:50:48,015 - INFO - Allocating UMIs for gene 9500...
2024-07-20 22:50:48,065 - INFO - Allocating UMIs for gene 9600...
2024-07-20 22:50:48,114 - INFO - Allocating UMIs for gene 9700...
2024-07-20 22:50:48,164 - INFO - Allocating UMIs for gene 9800...
2024-07-20 22:50:48,214 - INFO - Allocating UMIs for gene 9900...
2024-07-20 22:50:48,266 - INFO - Allocating UMIs for gene 10000...
2024-07-20 22:50:48,316 - INFO - Allocating UMIs for gene 10100...
2024-07-20 22:50:48,365 - INFO - Allocating UMIs for gene 10200...
2024-07-20 22:50:48,415 - INFO - Allocating UMIs for gene 10300...
2024-07-20 22:50:48,464 - INFO - Allocating UMIs for gene 10400...
2024-07-20 22:50:48,512 - INFO - Allocating UMIs for gene 10500...
2024-07-20 22:50:48,560 - INFO - Allocating UMIs for gene 10600...
2024-07-20 22:50:48,610 - INFO - Allocating UMIs for gene 10700...
2024-07-20 22:50:48,660 - INFO - Allocating UMIs for gene 10800...
2024-07-20 22:50:48,710 - INFO - Allocating UMIs for gene 10900...
2024-07-20 22:50:48,760 - INFO - Allocating UMIs for gene 11000...
2024-07-20 22:50:48,810 - INFO - Allocating UMIs for gene 11100...
2024-07-20 22:50:48,859 - INFO - Allocating UMIs for gene 11200...
2024-07-20 22:50:48,909 - INFO - Allocating UMIs for gene 11300...
2024-07-20 22:50:48,959 - INFO - Allocating UMIs for gene 11400...
2024-07-20 22:50:49,008 - INFO - Allocating UMIs for gene 11500...
2024-07-20 22:50:49,057 - INFO - Allocating UMIs for gene 11600...
2024-07-20 22:50:49,106 - INFO - Allocating UMIs for gene 11700...
2024-07-20 22:50:49,155 - INFO - Allocating UMIs for gene 11800...
2024-07-20 22:50:49,205 - INFO - Allocating UMIs for gene 11900...
2024-07-20 22:50:49,254 - INFO - UMI allocation complete.
2024-07-20 22:50:49,254 - INFO - Counting overall UMI occurrences...
2024-07-20 22:50:49,268 - INFO - Counting inter-gene collisions...
2024-07-20 22:50:49,290 - INFO - Total UMIs generated: 4096
2024-07-20 22:50:49,290 - INFO - Total UMIs allocated: 71694
2024-07-20 22:50:49,290 - INFO - Number of unique UMIs assigned to genes: 4096
2024-07-20 22:50:49,290 - INFO - Inter-gene collisions: 67532
2024-07-20 22:50:49,290 - INFO - Inter-gene collision rate: 0.94195
2024-07-20 22:50:49,290 - INFO - Writing gene UMI counts to file...
2024-07-20 22:50:49,296 - INFO - Writing UMI inter-gene collisions to file...
2024-07-20 22:50:49,300 - INFO - Simulation complete.
