2024-07-20 22:50:03,294 - INFO - Simulation Script Version: 0.0.1
2024-07-20 22:50:03,296 - INFO - Simulation Parameters:
2024-07-20 22:50:03,296 - INFO - Length of UMI: 6
2024-07-20 22:50:03,296 - INFO - Number of genes: 12000
2024-07-20 22:50:03,296 - INFO - Parameters file: None
2024-07-20 22:50:03,297 - INFO - Mean (mu): 6.0
2024-07-20 22:50:03,297 - INFO - Dispersion (theta): 6.0
2024-07-20 22:50:03,297 - INFO - Use Poisson distribution: False
2024-07-20 22:50:03,297 - INFO - Gene UMI counts file: gene_12000_umi6_counts_rep5.txt
2024-07-20 22:50:03,297 - INFO - UMI collisions file: umi6_12000_collisions_rep5.txt
2024-07-20 22:50:03,297 - INFO - Seed: None
2024-07-20 22:50:03,297 - INFO - Log file: umi6_12000_rep5.log
2024-07-20 22:50:03,297 - INFO - No seed specified. Generated random seed: 1609215515
2024-07-20 22:50:03,297 - INFO - Generating all possible UMIs...
2024-07-20 22:50:03,297 - INFO - Total possible UMIs generated: 4096
2024-07-20 22:50:03,297 - INFO - Loading parameters...
2024-07-20 22:50:03,297 - INFO - Sampling read depths for each gene...
2024-07-20 22:50:03,760 - INFO - Read depths sampling complete.
2024-07-20 22:50:03,760 - INFO - Allocating UMIs based on sampled read depths...
2024-07-20 22:50:03,760 - INFO - Allocating UMIs for gene 0...
2024-07-20 22:50:03,808 - INFO - Allocating UMIs for gene 100...
2024-07-20 22:50:03,858 - INFO - Allocating UMIs for gene 200...
2024-07-20 22:50:03,909 - INFO - Allocating UMIs for gene 300...
2024-07-20 22:50:03,959 - INFO - Allocating UMIs for gene 400...
2024-07-20 22:50:04,007 - INFO - Allocating UMIs for gene 500...
2024-07-20 22:50:04,057 - INFO - Allocating UMIs for gene 600...
2024-07-20 22:50:04,106 - INFO - Allocating UMIs for gene 700...
2024-07-20 22:50:04,156 - INFO - Allocating UMIs for gene 800...
2024-07-20 22:50:04,205 - INFO - Allocating UMIs for gene 900...
2024-07-20 22:50:04,255 - INFO - Allocating UMIs for gene 1000...
2024-07-20 22:50:04,305 - INFO - Allocating UMIs for gene 1100...
2024-07-20 22:50:04,354 - INFO - Allocating UMIs for gene 1200...
2024-07-20 22:50:04,403 - INFO - Allocating UMIs for gene 1300...
2024-07-20 22:50:04,452 - INFO - Allocating UMIs for gene 1400...
2024-07-20 22:50:04,501 - INFO - Allocating UMIs for gene 1500...
2024-07-20 22:50:04,551 - INFO - Allocating UMIs for gene 1600...
2024-07-20 22:50:04,601 - INFO - Allocating UMIs for gene 1700...
2024-07-20 22:50:04,652 - INFO - Allocating UMIs for gene 1800...
2024-07-20 22:50:04,709 - INFO - Allocating UMIs for gene 1900...
2024-07-20 22:50:04,770 - INFO - Allocating UMIs for gene 2000...
2024-07-20 22:50:04,870 - INFO - Allocating UMIs for gene 2100...
2024-07-20 22:50:04,921 - INFO - Allocating UMIs for gene 2200...
2024-07-20 22:50:04,972 - INFO - Allocating UMIs for gene 2300...
2024-07-20 22:50:05,021 - INFO - Allocating UMIs for gene 2400...
2024-07-20 22:50:05,071 - INFO - Allocating UMIs for gene 2500...
2024-07-20 22:50:05,120 - INFO - Allocating UMIs for gene 2600...
2024-07-20 22:50:05,175 - INFO - Allocating UMIs for gene 2700...
2024-07-20 22:50:05,342 - INFO - Allocating UMIs for gene 2800...
2024-07-20 22:50:05,393 - INFO - Allocating UMIs for gene 2900...
2024-07-20 22:50:05,443 - INFO - Allocating UMIs for gene 3000...
2024-07-20 22:50:05,492 - INFO - Allocating UMIs for gene 3100...
2024-07-20 22:50:05,544 - INFO - Allocating UMIs for gene 3200...
2024-07-20 22:50:05,593 - INFO - Allocating UMIs for gene 3300...
2024-07-20 22:50:05,643 - INFO - Allocating UMIs for gene 3400...
2024-07-20 22:50:05,692 - INFO - Allocating UMIs for gene 3500...
2024-07-20 22:50:05,742 - INFO - Allocating UMIs for gene 3600...
2024-07-20 22:50:05,789 - INFO - Allocating UMIs for gene 3700...
2024-07-20 22:50:05,837 - INFO - Allocating UMIs for gene 3800...
2024-07-20 22:50:05,887 - INFO - Allocating UMIs for gene 3900...
2024-07-20 22:50:05,938 - INFO - Allocating UMIs for gene 4000...
2024-07-20 22:50:05,988 - INFO - Allocating UMIs for gene 4100...
2024-07-20 22:50:06,039 - INFO - Allocating UMIs for gene 4200...
2024-07-20 22:50:06,089 - INFO - Allocating UMIs for gene 4300...
2024-07-20 22:50:06,139 - INFO - Allocating UMIs for gene 4400...
2024-07-20 22:50:06,188 - INFO - Allocating UMIs for gene 4500...
2024-07-20 22:50:06,239 - INFO - Allocating UMIs for gene 4600...
2024-07-20 22:50:06,289 - INFO - Allocating UMIs for gene 4700...
2024-07-20 22:50:06,339 - INFO - Allocating UMIs for gene 4800...
2024-07-20 22:50:06,388 - INFO - Allocating UMIs for gene 4900...
2024-07-20 22:50:06,437 - INFO - Allocating UMIs for gene 5000...
2024-07-20 22:50:06,487 - INFO - Allocating UMIs for gene 5100...
2024-07-20 22:50:06,536 - INFO - Allocating UMIs for gene 5200...
2024-07-20 22:50:06,591 - INFO - Allocating UMIs for gene 5300...
2024-07-20 22:50:06,654 - INFO - Allocating UMIs for gene 5400...
2024-07-20 22:50:06,751 - INFO - Allocating UMIs for gene 5500...
2024-07-20 22:50:06,800 - INFO - Allocating UMIs for gene 5600...
2024-07-20 22:50:06,850 - INFO - Allocating UMIs for gene 5700...
2024-07-20 22:50:06,900 - INFO - Allocating UMIs for gene 5800...
2024-07-20 22:50:06,949 - INFO - Allocating UMIs for gene 5900...
2024-07-20 22:50:06,999 - INFO - Allocating UMIs for gene 6000...
2024-07-20 22:50:07,050 - INFO - Allocating UMIs for gene 6100...
2024-07-20 22:50:07,114 - INFO - Allocating UMIs for gene 6200...
2024-07-20 22:50:07,181 - INFO - Allocating UMIs for gene 6300...
2024-07-20 22:50:07,325 - INFO - Allocating UMIs for gene 6400...
2024-07-20 22:50:07,383 - INFO - Allocating UMIs for gene 6500...
2024-07-20 22:50:07,432 - INFO - Allocating UMIs for gene 6600...
2024-07-20 22:50:07,482 - INFO - Allocating UMIs for gene 6700...
2024-07-20 22:50:07,531 - INFO - Allocating UMIs for gene 6800...
2024-07-20 22:50:07,581 - INFO - Allocating UMIs for gene 6900...
2024-07-20 22:50:07,629 - INFO - Allocating UMIs for gene 7000...
2024-07-20 22:50:07,679 - INFO - Allocating UMIs for gene 7100...
2024-07-20 22:50:07,843 - INFO - Allocating UMIs for gene 7200...
2024-07-20 22:50:07,893 - INFO - Allocating UMIs for gene 7300...
2024-07-20 22:50:07,943 - INFO - Allocating UMIs for gene 7400...
2024-07-20 22:50:07,991 - INFO - Allocating UMIs for gene 7500...
2024-07-20 22:50:08,040 - INFO - Allocating UMIs for gene 7600...
2024-07-20 22:50:08,091 - INFO - Allocating UMIs for gene 7700...
2024-07-20 22:50:08,140 - INFO - Allocating UMIs for gene 7800...
2024-07-20 22:50:08,186 - INFO - Allocating UMIs for gene 7900...
2024-07-20 22:50:08,235 - INFO - Allocating UMIs for gene 8000...
2024-07-20 22:50:08,283 - INFO - Allocating UMIs for gene 8100...
2024-07-20 22:50:08,332 - INFO - Allocating UMIs for gene 8200...
2024-07-20 22:50:08,382 - INFO - Allocating UMIs for gene 8300...
2024-07-20 22:50:08,432 - INFO - Allocating UMIs for gene 8400...
2024-07-20 22:50:08,481 - INFO - Allocating UMIs for gene 8500...
2024-07-20 22:50:08,530 - INFO - Allocating UMIs for gene 8600...
2024-07-20 22:50:08,579 - INFO - Allocating UMIs for gene 8700...
2024-07-20 22:50:08,627 - INFO - Allocating UMIs for gene 8800...
2024-07-20 22:50:08,677 - INFO - Allocating UMIs for gene 8900...
2024-07-20 22:50:08,727 - INFO - Allocating UMIs for gene 9000...
2024-07-20 22:50:08,774 - INFO - Allocating UMIs for gene 9100...
2024-07-20 22:50:08,823 - INFO - Allocating UMIs for gene 9200...
2024-07-20 22:50:08,872 - INFO - Allocating UMIs for gene 9300...
2024-07-20 22:50:08,920 - INFO - Allocating UMIs for gene 9400...
2024-07-20 22:50:08,972 - INFO - Allocating UMIs for gene 9500...
2024-07-20 22:50:09,022 - INFO - Allocating UMIs for gene 9600...
2024-07-20 22:50:09,072 - INFO - Allocating UMIs for gene 9700...
2024-07-20 22:50:09,121 - INFO - Allocating UMIs for gene 9800...
2024-07-20 22:50:09,170 - INFO - Allocating UMIs for gene 9900...
2024-07-20 22:50:09,219 - INFO - Allocating UMIs for gene 10000...
2024-07-20 22:50:09,269 - INFO - Allocating UMIs for gene 10100...
2024-07-20 22:50:09,318 - INFO - Allocating UMIs for gene 10200...
2024-07-20 22:50:09,366 - INFO - Allocating UMIs for gene 10300...
2024-07-20 22:50:09,416 - INFO - Allocating UMIs for gene 10400...
2024-07-20 22:50:09,464 - INFO - Allocating UMIs for gene 10500...
2024-07-20 22:50:09,514 - INFO - Allocating UMIs for gene 10600...
2024-07-20 22:50:09,562 - INFO - Allocating UMIs for gene 10700...
2024-07-20 22:50:09,611 - INFO - Allocating UMIs for gene 10800...
2024-07-20 22:50:09,660 - INFO - Allocating UMIs for gene 10900...
2024-07-20 22:50:09,709 - INFO - Allocating UMIs for gene 11000...
2024-07-20 22:50:09,757 - INFO - Allocating UMIs for gene 11100...
2024-07-20 22:50:09,806 - INFO - Allocating UMIs for gene 11200...
2024-07-20 22:50:09,855 - INFO - Allocating UMIs for gene 11300...
2024-07-20 22:50:09,905 - INFO - Allocating UMIs for gene 11400...
2024-07-20 22:50:09,955 - INFO - Allocating UMIs for gene 11500...
2024-07-20 22:50:10,005 - INFO - Allocating UMIs for gene 11600...
2024-07-20 22:50:10,055 - INFO - Allocating UMIs for gene 11700...
2024-07-20 22:50:10,105 - INFO - Allocating UMIs for gene 11800...
2024-07-20 22:50:10,154 - INFO - Allocating UMIs for gene 11900...
2024-07-20 22:50:10,203 - INFO - UMI allocation complete.
2024-07-20 22:50:10,203 - INFO - Counting overall UMI occurrences...
2024-07-20 22:50:10,216 - INFO - Counting inter-gene collisions...
2024-07-20 22:50:10,234 - INFO - Total UMIs generated: 4096
2024-07-20 22:50:10,234 - INFO - Total UMIs allocated: 71619
2024-07-20 22:50:10,234 - INFO - Number of unique UMIs assigned to genes: 4096
2024-07-20 22:50:10,234 - INFO - Inter-gene collisions: 67479
2024-07-20 22:50:10,234 - INFO - Inter-gene collision rate: 0.94219
2024-07-20 22:50:10,234 - INFO - Writing gene UMI counts to file...
2024-07-20 22:50:10,240 - INFO - Writing UMI inter-gene collisions to file...
2024-07-20 22:50:10,243 - INFO - Simulation complete.
