2024-07-20 22:50:19,227 - INFO - Simulation Script Version: 0.0.1
2024-07-20 22:50:19,230 - INFO - Simulation Parameters:
2024-07-20 22:50:19,230 - INFO - Length of UMI: 6
2024-07-20 22:50:19,230 - INFO - Number of genes: 12000
2024-07-20 22:50:19,230 - INFO - Parameters file: None
2024-07-20 22:50:19,230 - INFO - Mean (mu): 6.0
2024-07-20 22:50:19,230 - INFO - Dispersion (theta): 6.0
2024-07-20 22:50:19,230 - INFO - Use Poisson distribution: False
2024-07-20 22:50:19,230 - INFO - Gene UMI counts file: gene_12000_umi6_counts_rep7.txt
2024-07-20 22:50:19,230 - INFO - UMI collisions file: umi6_12000_collisions_rep7.txt
2024-07-20 22:50:19,230 - INFO - Seed: None
2024-07-20 22:50:19,230 - INFO - Log file: umi6_12000_rep7.log
2024-07-20 22:50:19,230 - INFO - No seed specified. Generated random seed: 4182973975
2024-07-20 22:50:19,230 - INFO - Generating all possible UMIs...
2024-07-20 22:50:19,231 - INFO - Total possible UMIs generated: 4096
2024-07-20 22:50:19,231 - INFO - Loading parameters...
2024-07-20 22:50:19,231 - INFO - Sampling read depths for each gene...
2024-07-20 22:50:19,670 - INFO - Read depths sampling complete.
2024-07-20 22:50:19,670 - INFO - Allocating UMIs based on sampled read depths...
2024-07-20 22:50:19,670 - INFO - Allocating UMIs for gene 0...
2024-07-20 22:50:19,718 - INFO - Allocating UMIs for gene 100...
2024-07-20 22:50:19,766 - INFO - Allocating UMIs for gene 200...
2024-07-20 22:50:19,815 - INFO - Allocating UMIs for gene 300...
2024-07-20 22:50:19,864 - INFO - Allocating UMIs for gene 400...
2024-07-20 22:50:19,912 - INFO - Allocating UMIs for gene 500...
2024-07-20 22:50:19,961 - INFO - Allocating UMIs for gene 600...
2024-07-20 22:50:20,008 - INFO - Allocating UMIs for gene 700...
2024-07-20 22:50:20,055 - INFO - Allocating UMIs for gene 800...
2024-07-20 22:50:20,104 - INFO - Allocating UMIs for gene 900...
2024-07-20 22:50:20,151 - INFO - Allocating UMIs for gene 1000...
2024-07-20 22:50:20,199 - INFO - Allocating UMIs for gene 1100...
2024-07-20 22:50:20,248 - INFO - Allocating UMIs for gene 1200...
2024-07-20 22:50:20,297 - INFO - Allocating UMIs for gene 1300...
2024-07-20 22:50:20,345 - INFO - Allocating UMIs for gene 1400...
2024-07-20 22:50:20,394 - INFO - Allocating UMIs for gene 1500...
2024-07-20 22:50:20,442 - INFO - Allocating UMIs for gene 1600...
2024-07-20 22:50:20,489 - INFO - Allocating UMIs for gene 1700...
2024-07-20 22:50:20,537 - INFO - Allocating UMIs for gene 1800...
2024-07-20 22:50:20,586 - INFO - Allocating UMIs for gene 1900...
2024-07-20 22:50:20,635 - INFO - Allocating UMIs for gene 2000...
2024-07-20 22:50:20,684 - INFO - Allocating UMIs for gene 2100...
2024-07-20 22:50:20,733 - INFO - Allocating UMIs for gene 2200...
2024-07-20 22:50:20,780 - INFO - Allocating UMIs for gene 2300...
2024-07-20 22:50:20,828 - INFO - Allocating UMIs for gene 2400...
2024-07-20 22:50:20,877 - INFO - Allocating UMIs for gene 2500...
2024-07-20 22:50:20,925 - INFO - Allocating UMIs for gene 2600...
2024-07-20 22:50:20,973 - INFO - Allocating UMIs for gene 2700...
2024-07-20 22:50:21,020 - INFO - Allocating UMIs for gene 2800...
2024-07-20 22:50:21,069 - INFO - Allocating UMIs for gene 2900...
2024-07-20 22:50:21,118 - INFO - Allocating UMIs for gene 3000...
2024-07-20 22:50:21,166 - INFO - Allocating UMIs for gene 3100...
2024-07-20 22:50:21,214 - INFO - Allocating UMIs for gene 3200...
2024-07-20 22:50:21,262 - INFO - Allocating UMIs for gene 3300...
2024-07-20 22:50:21,311 - INFO - Allocating UMIs for gene 3400...
2024-07-20 22:50:21,360 - INFO - Allocating UMIs for gene 3500...
2024-07-20 22:50:21,410 - INFO - Allocating UMIs for gene 3600...
2024-07-20 22:50:21,459 - INFO - Allocating UMIs for gene 3700...
2024-07-20 22:50:21,507 - INFO - Allocating UMIs for gene 3800...
2024-07-20 22:50:21,556 - INFO - Allocating UMIs for gene 3900...
2024-07-20 22:50:21,605 - INFO - Allocating UMIs for gene 4000...
2024-07-20 22:50:21,653 - INFO - Allocating UMIs for gene 4100...
2024-07-20 22:50:21,703 - INFO - Allocating UMIs for gene 4200...
2024-07-20 22:50:21,751 - INFO - Allocating UMIs for gene 4300...
2024-07-20 22:50:21,800 - INFO - Allocating UMIs for gene 4400...
2024-07-20 22:50:21,850 - INFO - Allocating UMIs for gene 4500...
2024-07-20 22:50:21,898 - INFO - Allocating UMIs for gene 4600...
2024-07-20 22:50:21,947 - INFO - Allocating UMIs for gene 4700...
2024-07-20 22:50:21,997 - INFO - Allocating UMIs for gene 4800...
2024-07-20 22:50:22,046 - INFO - Allocating UMIs for gene 4900...
2024-07-20 22:50:22,095 - INFO - Allocating UMIs for gene 5000...
2024-07-20 22:50:22,144 - INFO - Allocating UMIs for gene 5100...
2024-07-20 22:50:22,193 - INFO - Allocating UMIs for gene 5200...
2024-07-20 22:50:22,242 - INFO - Allocating UMIs for gene 5300...
2024-07-20 22:50:22,290 - INFO - Allocating UMIs for gene 5400...
2024-07-20 22:50:22,338 - INFO - Allocating UMIs for gene 5500...
2024-07-20 22:50:22,389 - INFO - Allocating UMIs for gene 5600...
2024-07-20 22:50:22,440 - INFO - Allocating UMIs for gene 5700...
2024-07-20 22:50:22,489 - INFO - Allocating UMIs for gene 5800...
2024-07-20 22:50:22,538 - INFO - Allocating UMIs for gene 5900...
2024-07-20 22:50:22,586 - INFO - Allocating UMIs for gene 6000...
2024-07-20 22:50:22,638 - INFO - Allocating UMIs for gene 6100...
2024-07-20 22:50:22,687 - INFO - Allocating UMIs for gene 6200...
2024-07-20 22:50:22,736 - INFO - Allocating UMIs for gene 6300...
2024-07-20 22:50:22,784 - INFO - Allocating UMIs for gene 6400...
2024-07-20 22:50:22,832 - INFO - Allocating UMIs for gene 6500...
2024-07-20 22:50:22,881 - INFO - Allocating UMIs for gene 6600...
2024-07-20 22:50:22,930 - INFO - Allocating UMIs for gene 6700...
2024-07-20 22:50:22,978 - INFO - Allocating UMIs for gene 6800...
2024-07-20 22:50:23,025 - INFO - Allocating UMIs for gene 6900...
2024-07-20 22:50:23,073 - INFO - Allocating UMIs for gene 7000...
2024-07-20 22:50:23,121 - INFO - Allocating UMIs for gene 7100...
2024-07-20 22:50:23,170 - INFO - Allocating UMIs for gene 7200...
2024-07-20 22:50:23,219 - INFO - Allocating UMIs for gene 7300...
2024-07-20 22:50:23,267 - INFO - Allocating UMIs for gene 7400...
2024-07-20 22:50:23,320 - INFO - Allocating UMIs for gene 7500...
2024-07-20 22:50:23,379 - INFO - Allocating UMIs for gene 7600...
2024-07-20 22:50:23,426 - INFO - Allocating UMIs for gene 7700...
2024-07-20 22:50:23,472 - INFO - Allocating UMIs for gene 7800...
2024-07-20 22:50:23,518 - INFO - Allocating UMIs for gene 7900...
2024-07-20 22:50:23,564 - INFO - Allocating UMIs for gene 8000...
2024-07-20 22:50:23,610 - INFO - Allocating UMIs for gene 8100...
2024-07-20 22:50:23,657 - INFO - Allocating UMIs for gene 8200...
2024-07-20 22:50:23,703 - INFO - Allocating UMIs for gene 8300...
2024-07-20 22:50:23,749 - INFO - Allocating UMIs for gene 8400...
2024-07-20 22:50:23,795 - INFO - Allocating UMIs for gene 8500...
2024-07-20 22:50:23,842 - INFO - Allocating UMIs for gene 8600...
2024-07-20 22:50:23,885 - INFO - Allocating UMIs for gene 8700...
2024-07-20 22:50:23,931 - INFO - Allocating UMIs for gene 8800...
2024-07-20 22:50:23,978 - INFO - Allocating UMIs for gene 8900...
2024-07-20 22:50:24,025 - INFO - Allocating UMIs for gene 9000...
2024-07-20 22:50:24,071 - INFO - Allocating UMIs for gene 9100...
2024-07-20 22:50:24,125 - INFO - Allocating UMIs for gene 9200...
2024-07-20 22:50:24,176 - INFO - Allocating UMIs for gene 9300...
2024-07-20 22:50:24,245 - INFO - Allocating UMIs for gene 9400...
2024-07-20 22:50:24,337 - INFO - Allocating UMIs for gene 9500...
2024-07-20 22:50:24,388 - INFO - Allocating UMIs for gene 9600...
2024-07-20 22:50:24,439 - INFO - Allocating UMIs for gene 9700...
2024-07-20 22:50:24,492 - INFO - Allocating UMIs for gene 9800...
2024-07-20 22:50:24,543 - INFO - Allocating UMIs for gene 9900...
2024-07-20 22:50:24,592 - INFO - Allocating UMIs for gene 10000...
2024-07-20 22:50:24,642 - INFO - Allocating UMIs for gene 10100...
2024-07-20 22:50:24,705 - INFO - Allocating UMIs for gene 10200...
2024-07-20 22:50:24,783 - INFO - Allocating UMIs for gene 10300...
2024-07-20 22:50:24,837 - INFO - Allocating UMIs for gene 10400...
2024-07-20 22:50:24,886 - INFO - Allocating UMIs for gene 10500...
2024-07-20 22:50:24,936 - INFO - Allocating UMIs for gene 10600...
2024-07-20 22:50:24,986 - INFO - Allocating UMIs for gene 10700...
2024-07-20 22:50:25,036 - INFO - Allocating UMIs for gene 10800...
2024-07-20 22:50:25,085 - INFO - Allocating UMIs for gene 10900...
2024-07-20 22:50:25,134 - INFO - Allocating UMIs for gene 11000...
2024-07-20 22:50:25,185 - INFO - Allocating UMIs for gene 11100...
2024-07-20 22:50:25,236 - INFO - Allocating UMIs for gene 11200...
2024-07-20 22:50:25,284 - INFO - Allocating UMIs for gene 11300...
2024-07-20 22:50:25,335 - INFO - Allocating UMIs for gene 11400...
2024-07-20 22:50:25,385 - INFO - Allocating UMIs for gene 11500...
2024-07-20 22:50:25,435 - INFO - Allocating UMIs for gene 11600...
2024-07-20 22:50:25,485 - INFO - Allocating UMIs for gene 11700...
2024-07-20 22:50:25,535 - INFO - Allocating UMIs for gene 11800...
2024-07-20 22:50:25,591 - INFO - Allocating UMIs for gene 11900...
2024-07-20 22:50:25,663 - INFO - UMI allocation complete.
2024-07-20 22:50:25,663 - INFO - Counting overall UMI occurrences...
2024-07-20 22:50:25,678 - INFO - Counting inter-gene collisions...
2024-07-20 22:50:25,732 - INFO - Total UMIs generated: 4096
2024-07-20 22:50:25,732 - INFO - Total UMIs allocated: 72071
2024-07-20 22:50:25,732 - INFO - Number of unique UMIs assigned to genes: 4096
2024-07-20 22:50:25,732 - INFO - Inter-gene collisions: 67931
2024-07-20 22:50:25,732 - INFO - Inter-gene collision rate: 0.94256
2024-07-20 22:50:25,732 - INFO - Writing gene UMI counts to file...
2024-07-20 22:50:25,738 - INFO - Writing UMI inter-gene collisions to file...
2024-07-20 22:50:25,741 - INFO - Simulation complete.
