2024-07-20 22:50:11,196 - INFO - Simulation Script Version: 0.0.1
2024-07-20 22:50:11,199 - INFO - Simulation Parameters:
2024-07-20 22:50:11,199 - INFO - Length of UMI: 6
2024-07-20 22:50:11,199 - INFO - Number of genes: 12000
2024-07-20 22:50:11,199 - INFO - Parameters file: None
2024-07-20 22:50:11,199 - INFO - Mean (mu): 6.0
2024-07-20 22:50:11,199 - INFO - Dispersion (theta): 6.0
2024-07-20 22:50:11,199 - INFO - Use Poisson distribution: False
2024-07-20 22:50:11,199 - INFO - Gene UMI counts file: gene_12000_umi6_counts_rep6.txt
2024-07-20 22:50:11,199 - INFO - UMI collisions file: umi6_12000_collisions_rep6.txt
2024-07-20 22:50:11,199 - INFO - Seed: None
2024-07-20 22:50:11,199 - INFO - Log file: umi6_12000_rep6.log
2024-07-20 22:50:11,199 - INFO - No seed specified. Generated random seed: 2367239807
2024-07-20 22:50:11,199 - INFO - Generating all possible UMIs...
2024-07-20 22:50:11,200 - INFO - Total possible UMIs generated: 4096
2024-07-20 22:50:11,200 - INFO - Loading parameters...
2024-07-20 22:50:11,200 - INFO - Sampling read depths for each gene...
2024-07-20 22:50:11,708 - INFO - Read depths sampling complete.
2024-07-20 22:50:11,708 - INFO - Allocating UMIs based on sampled read depths...
2024-07-20 22:50:11,708 - INFO - Allocating UMIs for gene 0...
2024-07-20 22:50:11,757 - INFO - Allocating UMIs for gene 100...
2024-07-20 22:50:11,805 - INFO - Allocating UMIs for gene 200...
2024-07-20 22:50:11,854 - INFO - Allocating UMIs for gene 300...
2024-07-20 22:50:11,903 - INFO - Allocating UMIs for gene 400...
2024-07-20 22:50:11,957 - INFO - Allocating UMIs for gene 500...
2024-07-20 22:50:12,047 - INFO - Allocating UMIs for gene 600...
2024-07-20 22:50:12,101 - INFO - Allocating UMIs for gene 700...
2024-07-20 22:50:12,150 - INFO - Allocating UMIs for gene 800...
2024-07-20 22:50:12,198 - INFO - Allocating UMIs for gene 900...
2024-07-20 22:50:12,247 - INFO - Allocating UMIs for gene 1000...
2024-07-20 22:50:12,299 - INFO - Allocating UMIs for gene 1100...
2024-07-20 22:50:12,349 - INFO - Allocating UMIs for gene 1200...
2024-07-20 22:50:12,397 - INFO - Allocating UMIs for gene 1300...
2024-07-20 22:50:12,446 - INFO - Allocating UMIs for gene 1400...
2024-07-20 22:50:12,494 - INFO - Allocating UMIs for gene 1500...
2024-07-20 22:50:12,550 - INFO - Allocating UMIs for gene 1600...
2024-07-20 22:50:12,734 - INFO - Allocating UMIs for gene 1700...
2024-07-20 22:50:12,783 - INFO - Allocating UMIs for gene 1800...
2024-07-20 22:50:12,830 - INFO - Allocating UMIs for gene 1900...
2024-07-20 22:50:12,880 - INFO - Allocating UMIs for gene 2000...
2024-07-20 22:50:12,927 - INFO - Allocating UMIs for gene 2100...
2024-07-20 22:50:12,976 - INFO - Allocating UMIs for gene 2200...
2024-07-20 22:50:13,025 - INFO - Allocating UMIs for gene 2300...
2024-07-20 22:50:13,187 - INFO - Allocating UMIs for gene 2400...
2024-07-20 22:50:13,237 - INFO - Allocating UMIs for gene 2500...
2024-07-20 22:50:13,286 - INFO - Allocating UMIs for gene 2600...
2024-07-20 22:50:13,335 - INFO - Allocating UMIs for gene 2700...
2024-07-20 22:50:13,385 - INFO - Allocating UMIs for gene 2800...
2024-07-20 22:50:13,434 - INFO - Allocating UMIs for gene 2900...
2024-07-20 22:50:13,483 - INFO - Allocating UMIs for gene 3000...
2024-07-20 22:50:13,533 - INFO - Allocating UMIs for gene 3100...
2024-07-20 22:50:13,582 - INFO - Allocating UMIs for gene 3200...
2024-07-20 22:50:13,631 - INFO - Allocating UMIs for gene 3300...
2024-07-20 22:50:13,680 - INFO - Allocating UMIs for gene 3400...
2024-07-20 22:50:13,728 - INFO - Allocating UMIs for gene 3500...
2024-07-20 22:50:13,777 - INFO - Allocating UMIs for gene 3600...
2024-07-20 22:50:13,825 - INFO - Allocating UMIs for gene 3700...
2024-07-20 22:50:13,875 - INFO - Allocating UMIs for gene 3800...
2024-07-20 22:50:13,924 - INFO - Allocating UMIs for gene 3900...
2024-07-20 22:50:13,973 - INFO - Allocating UMIs for gene 4000...
2024-07-20 22:50:14,022 - INFO - Allocating UMIs for gene 4100...
2024-07-20 22:50:14,072 - INFO - Allocating UMIs for gene 4200...
2024-07-20 22:50:14,119 - INFO - Allocating UMIs for gene 4300...
2024-07-20 22:50:14,167 - INFO - Allocating UMIs for gene 4400...
2024-07-20 22:50:14,217 - INFO - Allocating UMIs for gene 4500...
2024-07-20 22:50:14,265 - INFO - Allocating UMIs for gene 4600...
2024-07-20 22:50:14,314 - INFO - Allocating UMIs for gene 4700...
2024-07-20 22:50:14,362 - INFO - Allocating UMIs for gene 4800...
2024-07-20 22:50:14,410 - INFO - Allocating UMIs for gene 4900...
2024-07-20 22:50:14,459 - INFO - Allocating UMIs for gene 5000...
2024-07-20 22:50:14,507 - INFO - Allocating UMIs for gene 5100...
2024-07-20 22:50:14,556 - INFO - Allocating UMIs for gene 5200...
2024-07-20 22:50:14,605 - INFO - Allocating UMIs for gene 5300...
2024-07-20 22:50:14,654 - INFO - Allocating UMIs for gene 5400...
2024-07-20 22:50:14,702 - INFO - Allocating UMIs for gene 5500...
2024-07-20 22:50:14,750 - INFO - Allocating UMIs for gene 5600...
2024-07-20 22:50:14,799 - INFO - Allocating UMIs for gene 5700...
2024-07-20 22:50:14,848 - INFO - Allocating UMIs for gene 5800...
2024-07-20 22:50:14,897 - INFO - Allocating UMIs for gene 5900...
2024-07-20 22:50:14,945 - INFO - Allocating UMIs for gene 6000...
2024-07-20 22:50:14,997 - INFO - Allocating UMIs for gene 6100...
2024-07-20 22:50:15,045 - INFO - Allocating UMIs for gene 6200...
2024-07-20 22:50:15,093 - INFO - Allocating UMIs for gene 6300...
2024-07-20 22:50:15,141 - INFO - Allocating UMIs for gene 6400...
2024-07-20 22:50:15,189 - INFO - Allocating UMIs for gene 6500...
2024-07-20 22:50:15,238 - INFO - Allocating UMIs for gene 6600...
2024-07-20 22:50:15,285 - INFO - Allocating UMIs for gene 6700...
2024-07-20 22:50:15,335 - INFO - Allocating UMIs for gene 6800...
2024-07-20 22:50:15,383 - INFO - Allocating UMIs for gene 6900...
2024-07-20 22:50:15,431 - INFO - Allocating UMIs for gene 7000...
2024-07-20 22:50:15,480 - INFO - Allocating UMIs for gene 7100...
2024-07-20 22:50:15,529 - INFO - Allocating UMIs for gene 7200...
2024-07-20 22:50:15,577 - INFO - Allocating UMIs for gene 7300...
2024-07-20 22:50:15,626 - INFO - Allocating UMIs for gene 7400...
2024-07-20 22:50:15,675 - INFO - Allocating UMIs for gene 7500...
2024-07-20 22:50:15,723 - INFO - Allocating UMIs for gene 7600...
2024-07-20 22:50:15,773 - INFO - Allocating UMIs for gene 7700...
2024-07-20 22:50:15,822 - INFO - Allocating UMIs for gene 7800...
2024-07-20 22:50:15,870 - INFO - Allocating UMIs for gene 7900...
2024-07-20 22:50:15,919 - INFO - Allocating UMIs for gene 8000...
2024-07-20 22:50:15,968 - INFO - Allocating UMIs for gene 8100...
2024-07-20 22:50:16,016 - INFO - Allocating UMIs for gene 8200...
2024-07-20 22:50:16,066 - INFO - Allocating UMIs for gene 8300...
2024-07-20 22:50:16,114 - INFO - Allocating UMIs for gene 8400...
2024-07-20 22:50:16,163 - INFO - Allocating UMIs for gene 8500...
2024-07-20 22:50:16,211 - INFO - Allocating UMIs for gene 8600...
2024-07-20 22:50:16,261 - INFO - Allocating UMIs for gene 8700...
2024-07-20 22:50:16,309 - INFO - Allocating UMIs for gene 8800...
2024-07-20 22:50:16,360 - INFO - Allocating UMIs for gene 8900...
2024-07-20 22:50:16,410 - INFO - Allocating UMIs for gene 9000...
2024-07-20 22:50:16,458 - INFO - Allocating UMIs for gene 9100...
2024-07-20 22:50:16,506 - INFO - Allocating UMIs for gene 9200...
2024-07-20 22:50:16,556 - INFO - Allocating UMIs for gene 9300...
2024-07-20 22:50:16,604 - INFO - Allocating UMIs for gene 9400...
2024-07-20 22:50:16,653 - INFO - Allocating UMIs for gene 9500...
2024-07-20 22:50:16,699 - INFO - Allocating UMIs for gene 9600...
2024-07-20 22:50:16,748 - INFO - Allocating UMIs for gene 9700...
2024-07-20 22:50:16,797 - INFO - Allocating UMIs for gene 9800...
2024-07-20 22:50:16,844 - INFO - Allocating UMIs for gene 9900...
2024-07-20 22:50:16,893 - INFO - Allocating UMIs for gene 10000...
2024-07-20 22:50:16,942 - INFO - Allocating UMIs for gene 10100...
2024-07-20 22:50:16,991 - INFO - Allocating UMIs for gene 10200...
2024-07-20 22:50:17,041 - INFO - Allocating UMIs for gene 10300...
2024-07-20 22:50:17,089 - INFO - Allocating UMIs for gene 10400...
2024-07-20 22:50:17,137 - INFO - Allocating UMIs for gene 10500...
2024-07-20 22:50:17,186 - INFO - Allocating UMIs for gene 10600...
2024-07-20 22:50:17,234 - INFO - Allocating UMIs for gene 10700...
2024-07-20 22:50:17,282 - INFO - Allocating UMIs for gene 10800...
2024-07-20 22:50:17,330 - INFO - Allocating UMIs for gene 10900...
2024-07-20 22:50:17,381 - INFO - Allocating UMIs for gene 11000...
2024-07-20 22:50:17,431 - INFO - Allocating UMIs for gene 11100...
2024-07-20 22:50:17,481 - INFO - Allocating UMIs for gene 11200...
2024-07-20 22:50:17,529 - INFO - Allocating UMIs for gene 11300...
2024-07-20 22:50:17,577 - INFO - Allocating UMIs for gene 11400...
2024-07-20 22:50:17,626 - INFO - Allocating UMIs for gene 11500...
2024-07-20 22:50:17,676 - INFO - Allocating UMIs for gene 11600...
2024-07-20 22:50:17,731 - INFO - Allocating UMIs for gene 11700...
2024-07-20 22:50:17,784 - INFO - Allocating UMIs for gene 11800...
2024-07-20 22:50:17,851 - INFO - Allocating UMIs for gene 11900...
2024-07-20 22:50:18,041 - INFO - UMI allocation complete.
2024-07-20 22:50:18,041 - INFO - Counting overall UMI occurrences...
2024-07-20 22:50:18,054 - INFO - Counting inter-gene collisions...
2024-07-20 22:50:18,071 - INFO - Total UMIs generated: 4096
2024-07-20 22:50:18,072 - INFO - Total UMIs allocated: 72250
2024-07-20 22:50:18,072 - INFO - Number of unique UMIs assigned to genes: 4096
2024-07-20 22:50:18,072 - INFO - Inter-gene collisions: 68080
2024-07-20 22:50:18,072 - INFO - Inter-gene collision rate: 0.94228
2024-07-20 22:50:18,072 - INFO - Writing gene UMI counts to file...
2024-07-20 22:50:18,078 - INFO - Writing UMI inter-gene collisions to file...
2024-07-20 22:50:18,082 - INFO - Simulation complete.
