2024-07-20 22:50:26,778 - INFO - Simulation Script Version: 0.0.1
2024-07-20 22:50:26,780 - INFO - Simulation Parameters:
2024-07-20 22:50:26,781 - INFO - Length of UMI: 6
2024-07-20 22:50:26,781 - INFO - Number of genes: 12000
2024-07-20 22:50:26,781 - INFO - Parameters file: None
2024-07-20 22:50:26,781 - INFO - Mean (mu): 6.0
2024-07-20 22:50:26,781 - INFO - Dispersion (theta): 6.0
2024-07-20 22:50:26,781 - INFO - Use Poisson distribution: False
2024-07-20 22:50:26,781 - INFO - Gene UMI counts file: gene_12000_umi6_counts_rep8.txt
2024-07-20 22:50:26,781 - INFO - UMI collisions file: umi6_12000_collisions_rep8.txt
2024-07-20 22:50:26,781 - INFO - Seed: None
2024-07-20 22:50:26,781 - INFO - Log file: umi6_12000_rep8.log
2024-07-20 22:50:26,781 - INFO - No seed specified. Generated random seed: 2609355987
2024-07-20 22:50:26,781 - INFO - Generating all possible UMIs...
2024-07-20 22:50:26,781 - INFO - Total possible UMIs generated: 4096
2024-07-20 22:50:26,782 - INFO - Loading parameters...
2024-07-20 22:50:26,782 - INFO - Sampling read depths for each gene...
2024-07-20 22:50:27,220 - INFO - Read depths sampling complete.
2024-07-20 22:50:27,220 - INFO - Allocating UMIs based on sampled read depths...
2024-07-20 22:50:27,220 - INFO - Allocating UMIs for gene 0...
2024-07-20 22:50:27,270 - INFO - Allocating UMIs for gene 100...
2024-07-20 22:50:27,318 - INFO - Allocating UMIs for gene 200...
2024-07-20 22:50:27,370 - INFO - Allocating UMIs for gene 300...
2024-07-20 22:50:27,423 - INFO - Allocating UMIs for gene 400...
2024-07-20 22:50:27,481 - INFO - Allocating UMIs for gene 500...
2024-07-20 22:50:27,542 - INFO - Allocating UMIs for gene 600...
2024-07-20 22:50:27,596 - INFO - Allocating UMIs for gene 700...
2024-07-20 22:50:27,650 - INFO - Allocating UMIs for gene 800...
2024-07-20 22:50:27,702 - INFO - Allocating UMIs for gene 900...
2024-07-20 22:50:27,753 - INFO - Allocating UMIs for gene 1000...
2024-07-20 22:50:27,804 - INFO - Allocating UMIs for gene 1100...
2024-07-20 22:50:27,855 - INFO - Allocating UMIs for gene 1200...
2024-07-20 22:50:27,907 - INFO - Allocating UMIs for gene 1300...
2024-07-20 22:50:27,959 - INFO - Allocating UMIs for gene 1400...
2024-07-20 22:50:28,011 - INFO - Allocating UMIs for gene 1500...
2024-07-20 22:50:28,059 - INFO - Allocating UMIs for gene 1600...
2024-07-20 22:50:28,107 - INFO - Allocating UMIs for gene 1700...
2024-07-20 22:50:28,155 - INFO - Allocating UMIs for gene 1800...
2024-07-20 22:50:28,202 - INFO - Allocating UMIs for gene 1900...
2024-07-20 22:50:28,248 - INFO - Allocating UMIs for gene 2000...
2024-07-20 22:50:28,296 - INFO - Allocating UMIs for gene 2100...
2024-07-20 22:50:28,342 - INFO - Allocating UMIs for gene 2200...
2024-07-20 22:50:28,389 - INFO - Allocating UMIs for gene 2300...
2024-07-20 22:50:28,435 - INFO - Allocating UMIs for gene 2400...
2024-07-20 22:50:28,482 - INFO - Allocating UMIs for gene 2500...
2024-07-20 22:50:28,527 - INFO - Allocating UMIs for gene 2600...
2024-07-20 22:50:28,574 - INFO - Allocating UMIs for gene 2700...
2024-07-20 22:50:28,624 - INFO - Allocating UMIs for gene 2800...
2024-07-20 22:50:28,837 - INFO - Allocating UMIs for gene 2900...
2024-07-20 22:50:28,890 - INFO - Allocating UMIs for gene 3000...
2024-07-20 22:50:28,942 - INFO - Allocating UMIs for gene 3100...
2024-07-20 22:50:28,996 - INFO - Allocating UMIs for gene 3200...
2024-07-20 22:50:29,050 - INFO - Allocating UMIs for gene 3300...
2024-07-20 22:50:29,102 - INFO - Allocating UMIs for gene 3400...
2024-07-20 22:50:29,155 - INFO - Allocating UMIs for gene 3500...
2024-07-20 22:50:29,242 - INFO - Allocating UMIs for gene 3600...
2024-07-20 22:50:29,460 - INFO - Allocating UMIs for gene 3700...
2024-07-20 22:50:29,513 - INFO - Allocating UMIs for gene 3800...
2024-07-20 22:50:29,562 - INFO - Allocating UMIs for gene 3900...
2024-07-20 22:50:29,610 - INFO - Allocating UMIs for gene 4000...
2024-07-20 22:50:29,658 - INFO - Allocating UMIs for gene 4100...
2024-07-20 22:50:29,708 - INFO - Allocating UMIs for gene 4200...
2024-07-20 22:50:29,757 - INFO - Allocating UMIs for gene 4300...
2024-07-20 22:50:29,807 - INFO - Allocating UMIs for gene 4400...
2024-07-20 22:50:29,856 - INFO - Allocating UMIs for gene 4500...
2024-07-20 22:50:29,904 - INFO - Allocating UMIs for gene 4600...
2024-07-20 22:50:29,954 - INFO - Allocating UMIs for gene 4700...
2024-07-20 22:50:30,004 - INFO - Allocating UMIs for gene 4800...
2024-07-20 22:50:30,053 - INFO - Allocating UMIs for gene 4900...
2024-07-20 22:50:30,102 - INFO - Allocating UMIs for gene 5000...
2024-07-20 22:50:30,151 - INFO - Allocating UMIs for gene 5100...
2024-07-20 22:50:30,201 - INFO - Allocating UMIs for gene 5200...
2024-07-20 22:50:30,250 - INFO - Allocating UMIs for gene 5300...
2024-07-20 22:50:30,300 - INFO - Allocating UMIs for gene 5400...
2024-07-20 22:50:30,349 - INFO - Allocating UMIs for gene 5500...
2024-07-20 22:50:30,402 - INFO - Allocating UMIs for gene 5600...
2024-07-20 22:50:30,460 - INFO - Allocating UMIs for gene 5700...
2024-07-20 22:50:30,513 - INFO - Allocating UMIs for gene 5800...
2024-07-20 22:50:30,561 - INFO - Allocating UMIs for gene 5900...
2024-07-20 22:50:30,608 - INFO - Allocating UMIs for gene 6000...
2024-07-20 22:50:30,658 - INFO - Allocating UMIs for gene 6100...
2024-07-20 22:50:30,704 - INFO - Allocating UMIs for gene 6200...
2024-07-20 22:50:30,751 - INFO - Allocating UMIs for gene 6300...
2024-07-20 22:50:30,797 - INFO - Allocating UMIs for gene 6400...
2024-07-20 22:50:30,844 - INFO - Allocating UMIs for gene 6500...
2024-07-20 22:50:30,892 - INFO - Allocating UMIs for gene 6600...
2024-07-20 22:50:30,940 - INFO - Allocating UMIs for gene 6700...
2024-07-20 22:50:30,989 - INFO - Allocating UMIs for gene 6800...
2024-07-20 22:50:31,037 - INFO - Allocating UMIs for gene 6900...
2024-07-20 22:50:31,085 - INFO - Allocating UMIs for gene 7000...
2024-07-20 22:50:31,134 - INFO - Allocating UMIs for gene 7100...
2024-07-20 22:50:31,185 - INFO - Allocating UMIs for gene 7200...
2024-07-20 22:50:31,235 - INFO - Allocating UMIs for gene 7300...
2024-07-20 22:50:31,291 - INFO - Allocating UMIs for gene 7400...
2024-07-20 22:50:31,458 - INFO - Allocating UMIs for gene 7500...
2024-07-20 22:50:31,506 - INFO - Allocating UMIs for gene 7600...
2024-07-20 22:50:31,564 - INFO - Allocating UMIs for gene 7700...
2024-07-20 22:50:31,614 - INFO - Allocating UMIs for gene 7800...
2024-07-20 22:50:31,662 - INFO - Allocating UMIs for gene 7900...
2024-07-20 22:50:31,747 - INFO - Allocating UMIs for gene 8000...
2024-07-20 22:50:32,076 - INFO - Allocating UMIs for gene 8100...
2024-07-20 22:50:32,127 - INFO - Allocating UMIs for gene 8200...
2024-07-20 22:50:32,176 - INFO - Allocating UMIs for gene 8300...
2024-07-20 22:50:32,225 - INFO - Allocating UMIs for gene 8400...
2024-07-20 22:50:32,275 - INFO - Allocating UMIs for gene 8500...
2024-07-20 22:50:32,324 - INFO - Allocating UMIs for gene 8600...
2024-07-20 22:50:32,381 - INFO - Allocating UMIs for gene 8700...
2024-07-20 22:50:32,556 - INFO - Allocating UMIs for gene 8800...
2024-07-20 22:50:32,647 - INFO - Allocating UMIs for gene 8900...
2024-07-20 22:50:32,697 - INFO - Allocating UMIs for gene 9000...
2024-07-20 22:50:32,747 - INFO - Allocating UMIs for gene 9100...
2024-07-20 22:50:32,796 - INFO - Allocating UMIs for gene 9200...
2024-07-20 22:50:32,845 - INFO - Allocating UMIs for gene 9300...
2024-07-20 22:50:32,894 - INFO - Allocating UMIs for gene 9400...
2024-07-20 22:50:32,944 - INFO - Allocating UMIs for gene 9500...
2024-07-20 22:50:32,993 - INFO - Allocating UMIs for gene 9600...
2024-07-20 22:50:33,042 - INFO - Allocating UMIs for gene 9700...
2024-07-20 22:50:33,090 - INFO - Allocating UMIs for gene 9800...
2024-07-20 22:50:33,140 - INFO - Allocating UMIs for gene 9900...
2024-07-20 22:50:33,189 - INFO - Allocating UMIs for gene 10000...
2024-07-20 22:50:33,237 - INFO - Allocating UMIs for gene 10100...
2024-07-20 22:50:33,286 - INFO - Allocating UMIs for gene 10200...
2024-07-20 22:50:33,335 - INFO - Allocating UMIs for gene 10300...
2024-07-20 22:50:33,385 - INFO - Allocating UMIs for gene 10400...
2024-07-20 22:50:33,433 - INFO - Allocating UMIs for gene 10500...
2024-07-20 22:50:33,482 - INFO - Allocating UMIs for gene 10600...
2024-07-20 22:50:33,530 - INFO - Allocating UMIs for gene 10700...
2024-07-20 22:50:33,579 - INFO - Allocating UMIs for gene 10800...
2024-07-20 22:50:33,629 - INFO - Allocating UMIs for gene 10900...
2024-07-20 22:50:33,680 - INFO - Allocating UMIs for gene 11000...
2024-07-20 22:50:33,731 - INFO - Allocating UMIs for gene 11100...
2024-07-20 22:50:33,781 - INFO - Allocating UMIs for gene 11200...
2024-07-20 22:50:33,830 - INFO - Allocating UMIs for gene 11300...
2024-07-20 22:50:33,880 - INFO - Allocating UMIs for gene 11400...
2024-07-20 22:50:33,929 - INFO - Allocating UMIs for gene 11500...
2024-07-20 22:50:33,978 - INFO - Allocating UMIs for gene 11600...
2024-07-20 22:50:34,027 - INFO - Allocating UMIs for gene 11700...
2024-07-20 22:50:34,077 - INFO - Allocating UMIs for gene 11800...
2024-07-20 22:50:34,126 - INFO - Allocating UMIs for gene 11900...
2024-07-20 22:50:34,176 - INFO - UMI allocation complete.
2024-07-20 22:50:34,176 - INFO - Counting overall UMI occurrences...
2024-07-20 22:50:34,190 - INFO - Counting inter-gene collisions...
2024-07-20 22:50:34,209 - INFO - Total UMIs generated: 4096
2024-07-20 22:50:34,210 - INFO - Total UMIs allocated: 71389
2024-07-20 22:50:34,210 - INFO - Number of unique UMIs assigned to genes: 4096
2024-07-20 22:50:34,210 - INFO - Inter-gene collisions: 67227
2024-07-20 22:50:34,210 - INFO - Inter-gene collision rate: 0.94170
2024-07-20 22:50:34,210 - INFO - Writing gene UMI counts to file...
2024-07-20 22:50:34,216 - INFO - Writing UMI inter-gene collisions to file...
2024-07-20 22:50:34,220 - INFO - Simulation complete.
