2024-07-20 22:50:35,271 - INFO - Simulation Script Version: 0.0.1
2024-07-20 22:50:35,273 - INFO - Simulation Parameters:
2024-07-20 22:50:35,273 - INFO - Length of UMI: 6
2024-07-20 22:50:35,273 - INFO - Number of genes: 12000
2024-07-20 22:50:35,273 - INFO - Parameters file: None
2024-07-20 22:50:35,273 - INFO - Mean (mu): 6.0
2024-07-20 22:50:35,274 - INFO - Dispersion (theta): 6.0
2024-07-20 22:50:35,274 - INFO - Use Poisson distribution: False
2024-07-20 22:50:35,274 - INFO - Gene UMI counts file: gene_12000_umi6_counts_rep9.txt
2024-07-20 22:50:35,274 - INFO - UMI collisions file: umi6_12000_collisions_rep9.txt
2024-07-20 22:50:35,274 - INFO - Seed: None
2024-07-20 22:50:35,274 - INFO - Log file: umi6_12000_rep9.log
2024-07-20 22:50:35,274 - INFO - No seed specified. Generated random seed: 1888213114
2024-07-20 22:50:35,274 - INFO - Generating all possible UMIs...
2024-07-20 22:50:35,274 - INFO - Total possible UMIs generated: 4096
2024-07-20 22:50:35,274 - INFO - Loading parameters...
2024-07-20 22:50:35,274 - INFO - Sampling read depths for each gene...
2024-07-20 22:50:35,713 - INFO - Read depths sampling complete.
2024-07-20 22:50:35,713 - INFO - Allocating UMIs based on sampled read depths...
2024-07-20 22:50:35,713 - INFO - Allocating UMIs for gene 0...
2024-07-20 22:50:35,762 - INFO - Allocating UMIs for gene 100...
2024-07-20 22:50:35,810 - INFO - Allocating UMIs for gene 200...
2024-07-20 22:50:35,859 - INFO - Allocating UMIs for gene 300...
2024-07-20 22:50:35,907 - INFO - Allocating UMIs for gene 400...
2024-07-20 22:50:35,956 - INFO - Allocating UMIs for gene 500...
2024-07-20 22:50:36,005 - INFO - Allocating UMIs for gene 600...
2024-07-20 22:50:36,054 - INFO - Allocating UMIs for gene 700...
2024-07-20 22:50:36,102 - INFO - Allocating UMIs for gene 800...
2024-07-20 22:50:36,150 - INFO - Allocating UMIs for gene 900...
2024-07-20 22:50:36,199 - INFO - Allocating UMIs for gene 1000...
2024-07-20 22:50:36,246 - INFO - Allocating UMIs for gene 1100...
2024-07-20 22:50:36,295 - INFO - Allocating UMIs for gene 1200...
2024-07-20 22:50:36,344 - INFO - Allocating UMIs for gene 1300...
2024-07-20 22:50:36,392 - INFO - Allocating UMIs for gene 1400...
2024-07-20 22:50:36,440 - INFO - Allocating UMIs for gene 1500...
2024-07-20 22:50:36,491 - INFO - Allocating UMIs for gene 1600...
2024-07-20 22:50:36,539 - INFO - Allocating UMIs for gene 1700...
2024-07-20 22:50:36,589 - INFO - Allocating UMIs for gene 1800...
2024-07-20 22:50:36,638 - INFO - Allocating UMIs for gene 1900...
2024-07-20 22:50:36,687 - INFO - Allocating UMIs for gene 2000...
2024-07-20 22:50:36,736 - INFO - Allocating UMIs for gene 2100...
2024-07-20 22:50:36,784 - INFO - Allocating UMIs for gene 2200...
2024-07-20 22:50:36,833 - INFO - Allocating UMIs for gene 2300...
2024-07-20 22:50:36,882 - INFO - Allocating UMIs for gene 2400...
2024-07-20 22:50:36,930 - INFO - Allocating UMIs for gene 2500...
2024-07-20 22:50:36,978 - INFO - Allocating UMIs for gene 2600...
2024-07-20 22:50:37,028 - INFO - Allocating UMIs for gene 2700...
2024-07-20 22:50:37,077 - INFO - Allocating UMIs for gene 2800...
2024-07-20 22:50:37,125 - INFO - Allocating UMIs for gene 2900...
2024-07-20 22:50:37,173 - INFO - Allocating UMIs for gene 3000...
2024-07-20 22:50:37,222 - INFO - Allocating UMIs for gene 3100...
2024-07-20 22:50:37,270 - INFO - Allocating UMIs for gene 3200...
2024-07-20 22:50:37,319 - INFO - Allocating UMIs for gene 3300...
2024-07-20 22:50:37,367 - INFO - Allocating UMIs for gene 3400...
2024-07-20 22:50:37,417 - INFO - Allocating UMIs for gene 3500...
2024-07-20 22:50:37,466 - INFO - Allocating UMIs for gene 3600...
2024-07-20 22:50:37,514 - INFO - Allocating UMIs for gene 3700...
2024-07-20 22:50:37,561 - INFO - Allocating UMIs for gene 3800...
2024-07-20 22:50:37,611 - INFO - Allocating UMIs for gene 3900...
2024-07-20 22:50:37,660 - INFO - Allocating UMIs for gene 4000...
2024-07-20 22:50:37,707 - INFO - Allocating UMIs for gene 4100...
2024-07-20 22:50:37,757 - INFO - Allocating UMIs for gene 4200...
2024-07-20 22:50:37,806 - INFO - Allocating UMIs for gene 4300...
2024-07-20 22:50:37,855 - INFO - Allocating UMIs for gene 4400...
2024-07-20 22:50:37,903 - INFO - Allocating UMIs for gene 4500...
2024-07-20 22:50:37,952 - INFO - Allocating UMIs for gene 4600...
2024-07-20 22:50:38,000 - INFO - Allocating UMIs for gene 4700...
2024-07-20 22:50:38,050 - INFO - Allocating UMIs for gene 4800...
2024-07-20 22:50:38,099 - INFO - Allocating UMIs for gene 4900...
2024-07-20 22:50:38,148 - INFO - Allocating UMIs for gene 5000...
2024-07-20 22:50:38,196 - INFO - Allocating UMIs for gene 5100...
2024-07-20 22:50:38,245 - INFO - Allocating UMIs for gene 5200...
2024-07-20 22:50:38,294 - INFO - Allocating UMIs for gene 5300...
2024-07-20 22:50:38,342 - INFO - Allocating UMIs for gene 5400...
2024-07-20 22:50:38,399 - INFO - Allocating UMIs for gene 5500...
2024-07-20 22:50:38,448 - INFO - Allocating UMIs for gene 5600...
2024-07-20 22:50:38,496 - INFO - Allocating UMIs for gene 5700...
2024-07-20 22:50:38,544 - INFO - Allocating UMIs for gene 5800...
2024-07-20 22:50:38,591 - INFO - Allocating UMIs for gene 5900...
2024-07-20 22:50:38,640 - INFO - Allocating UMIs for gene 6000...
2024-07-20 22:50:38,692 - INFO - Allocating UMIs for gene 6100...
2024-07-20 22:50:38,739 - INFO - Allocating UMIs for gene 6200...
2024-07-20 22:50:38,787 - INFO - Allocating UMIs for gene 6300...
2024-07-20 22:50:38,835 - INFO - Allocating UMIs for gene 6400...
2024-07-20 22:50:38,884 - INFO - Allocating UMIs for gene 6500...
2024-07-20 22:50:38,933 - INFO - Allocating UMIs for gene 6600...
2024-07-20 22:50:38,981 - INFO - Allocating UMIs for gene 6700...
2024-07-20 22:50:39,029 - INFO - Allocating UMIs for gene 6800...
2024-07-20 22:50:39,076 - INFO - Allocating UMIs for gene 6900...
2024-07-20 22:50:39,125 - INFO - Allocating UMIs for gene 7000...
2024-07-20 22:50:39,174 - INFO - Allocating UMIs for gene 7100...
2024-07-20 22:50:39,222 - INFO - Allocating UMIs for gene 7200...
2024-07-20 22:50:39,271 - INFO - Allocating UMIs for gene 7300...
2024-07-20 22:50:39,317 - INFO - Allocating UMIs for gene 7400...
2024-07-20 22:50:39,366 - INFO - Allocating UMIs for gene 7500...
2024-07-20 22:50:39,415 - INFO - Allocating UMIs for gene 7600...
2024-07-20 22:50:39,463 - INFO - Allocating UMIs for gene 7700...
2024-07-20 22:50:39,511 - INFO - Allocating UMIs for gene 7800...
2024-07-20 22:50:39,560 - INFO - Allocating UMIs for gene 7900...
2024-07-20 22:50:39,608 - INFO - Allocating UMIs for gene 8000...
2024-07-20 22:50:39,657 - INFO - Allocating UMIs for gene 8100...
2024-07-20 22:50:39,707 - INFO - Allocating UMIs for gene 8200...
2024-07-20 22:50:39,755 - INFO - Allocating UMIs for gene 8300...
2024-07-20 22:50:39,804 - INFO - Allocating UMIs for gene 8400...
2024-07-20 22:50:39,853 - INFO - Allocating UMIs for gene 8500...
2024-07-20 22:50:39,901 - INFO - Allocating UMIs for gene 8600...
2024-07-20 22:50:39,949 - INFO - Allocating UMIs for gene 8700...
2024-07-20 22:50:39,997 - INFO - Allocating UMIs for gene 8800...
2024-07-20 22:50:40,045 - INFO - Allocating UMIs for gene 8900...
2024-07-20 22:50:40,095 - INFO - Allocating UMIs for gene 9000...
2024-07-20 22:50:40,142 - INFO - Allocating UMIs for gene 9100...
2024-07-20 22:50:40,190 - INFO - Allocating UMIs for gene 9200...
2024-07-20 22:50:40,239 - INFO - Allocating UMIs for gene 9300...
2024-07-20 22:50:40,287 - INFO - Allocating UMIs for gene 9400...
2024-07-20 22:50:40,336 - INFO - Allocating UMIs for gene 9500...
2024-07-20 22:50:40,385 - INFO - Allocating UMIs for gene 9600...
2024-07-20 22:50:40,433 - INFO - Allocating UMIs for gene 9700...
2024-07-20 22:50:40,480 - INFO - Allocating UMIs for gene 9800...
2024-07-20 22:50:40,529 - INFO - Allocating UMIs for gene 9900...
2024-07-20 22:50:40,577 - INFO - Allocating UMIs for gene 10000...
2024-07-20 22:50:40,626 - INFO - Allocating UMIs for gene 10100...
2024-07-20 22:50:40,674 - INFO - Allocating UMIs for gene 10200...
2024-07-20 22:50:40,722 - INFO - Allocating UMIs for gene 10300...
2024-07-20 22:50:40,771 - INFO - Allocating UMIs for gene 10400...
2024-07-20 22:50:40,821 - INFO - Allocating UMIs for gene 10500...
2024-07-20 22:50:40,868 - INFO - Allocating UMIs for gene 10600...
2024-07-20 22:50:40,916 - INFO - Allocating UMIs for gene 10700...
2024-07-20 22:50:40,964 - INFO - Allocating UMIs for gene 10800...
2024-07-20 22:50:41,014 - INFO - Allocating UMIs for gene 10900...
2024-07-20 22:50:41,062 - INFO - Allocating UMIs for gene 11000...
2024-07-20 22:50:41,110 - INFO - Allocating UMIs for gene 11100...
2024-07-20 22:50:41,159 - INFO - Allocating UMIs for gene 11200...
2024-07-20 22:50:41,206 - INFO - Allocating UMIs for gene 11300...
2024-07-20 22:50:41,255 - INFO - Allocating UMIs for gene 11400...
2024-07-20 22:50:41,302 - INFO - Allocating UMIs for gene 11500...
2024-07-20 22:50:41,350 - INFO - Allocating UMIs for gene 11600...
2024-07-20 22:50:41,399 - INFO - Allocating UMIs for gene 11700...
2024-07-20 22:50:41,448 - INFO - Allocating UMIs for gene 11800...
2024-07-20 22:50:41,496 - INFO - Allocating UMIs for gene 11900...
2024-07-20 22:50:41,544 - INFO - UMI allocation complete.
2024-07-20 22:50:41,544 - INFO - Counting overall UMI occurrences...
2024-07-20 22:50:41,557 - INFO - Counting inter-gene collisions...
2024-07-20 22:50:41,576 - INFO - Total UMIs generated: 4096
2024-07-20 22:50:41,577 - INFO - Total UMIs allocated: 71655
2024-07-20 22:50:41,577 - INFO - Number of unique UMIs assigned to genes: 4096
2024-07-20 22:50:41,577 - INFO - Inter-gene collisions: 67500
2024-07-20 22:50:41,577 - INFO - Inter-gene collision rate: 0.94201
2024-07-20 22:50:41,577 - INFO - Writing gene UMI counts to file...
2024-07-20 22:50:41,582 - INFO - Writing UMI inter-gene collisions to file...
2024-07-20 22:50:41,586 - INFO - Simulation complete.
