2024-07-20 22:49:38,467 - INFO - Simulation Script Version: 0.0.1
2024-07-20 22:49:38,467 - INFO - Simulation Parameters:
2024-07-20 22:49:38,467 - INFO - Length of UMI: 6
2024-07-20 22:49:38,467 - INFO - Number of genes: 1000
2024-07-20 22:49:38,467 - INFO - Parameters file: None
2024-07-20 22:49:38,467 - INFO - Mean (mu): 6.0
2024-07-20 22:49:38,467 - INFO - Dispersion (theta): 6.0
2024-07-20 22:49:38,467 - INFO - Use Poisson distribution: False
2024-07-20 22:49:38,467 - INFO - Gene UMI counts file: gene_1000_umi6_counts_rep10.txt
2024-07-20 22:49:38,467 - INFO - UMI collisions file: umi6_1000_collisions_rep10.txt
2024-07-20 22:49:38,467 - INFO - Seed: None
2024-07-20 22:49:38,467 - INFO - Log file: umi6_1000_rep10.log
2024-07-20 22:49:38,467 - INFO - No seed specified. Generated random seed: 2313710967
2024-07-20 22:49:38,467 - INFO - Generating all possible UMIs...
2024-07-20 22:49:38,468 - INFO - Total possible UMIs generated: 4096
2024-07-20 22:49:38,468 - INFO - Loading parameters...
2024-07-20 22:49:38,468 - INFO - Sampling read depths for each gene...
2024-07-20 22:49:38,506 - INFO - Read depths sampling complete.
2024-07-20 22:49:38,506 - INFO - Allocating UMIs based on sampled read depths...
2024-07-20 22:49:38,506 - INFO - Allocating UMIs for gene 0...
2024-07-20 22:49:38,556 - INFO - Allocating UMIs for gene 100...
2024-07-20 22:49:38,606 - INFO - Allocating UMIs for gene 200...
2024-07-20 22:49:38,657 - INFO - Allocating UMIs for gene 300...
2024-07-20 22:49:38,705 - INFO - Allocating UMIs for gene 400...
2024-07-20 22:49:38,754 - INFO - Allocating UMIs for gene 500...
2024-07-20 22:49:38,803 - INFO - Allocating UMIs for gene 600...
2024-07-20 22:49:38,853 - INFO - Allocating UMIs for gene 700...
2024-07-20 22:49:38,900 - INFO - Allocating UMIs for gene 800...
2024-07-20 22:49:38,949 - INFO - Allocating UMIs for gene 900...
2024-07-20 22:49:38,997 - INFO - UMI allocation complete.
2024-07-20 22:49:38,997 - INFO - Counting overall UMI occurrences...
2024-07-20 22:49:38,998 - INFO - Counting inter-gene collisions...
2024-07-20 22:49:39,000 - INFO - Total UMIs generated: 4096
2024-07-20 22:49:39,000 - INFO - Total UMIs allocated: 6119
2024-07-20 22:49:39,000 - INFO - Number of unique UMIs assigned to genes: 3192
2024-07-20 22:49:39,000 - INFO - Inter-gene collisions: 2922
2024-07-20 22:49:39,000 - INFO - Inter-gene collision rate: 0.47753
2024-07-20 22:49:39,000 - INFO - Writing gene UMI counts to file...
2024-07-20 22:49:39,003 - INFO - Writing UMI inter-gene collisions to file...
2024-07-20 22:49:39,006 - INFO - Simulation complete.
