2024-07-20 22:49:29,886 - INFO - Simulation Script Version: 0.0.1
2024-07-20 22:49:29,886 - INFO - Simulation Parameters:
2024-07-20 22:49:29,886 - INFO - Length of UMI: 6
2024-07-20 22:49:29,886 - INFO - Number of genes: 1000
2024-07-20 22:49:29,886 - INFO - Parameters file: None
2024-07-20 22:49:29,886 - INFO - Mean (mu): 6.0
2024-07-20 22:49:29,886 - INFO - Dispersion (theta): 6.0
2024-07-20 22:49:29,886 - INFO - Use Poisson distribution: False
2024-07-20 22:49:29,887 - INFO - Gene UMI counts file: gene_1000_umi6_counts_rep5.txt
2024-07-20 22:49:29,887 - INFO - UMI collisions file: umi6_1000_collisions_rep5.txt
2024-07-20 22:49:29,887 - INFO - Seed: None
2024-07-20 22:49:29,887 - INFO - Log file: umi6_1000_rep5.log
2024-07-20 22:49:29,887 - INFO - No seed specified. Generated random seed: 117511972
2024-07-20 22:49:29,887 - INFO - Generating all possible UMIs...
2024-07-20 22:49:29,887 - INFO - Total possible UMIs generated: 4096
2024-07-20 22:49:29,887 - INFO - Loading parameters...
2024-07-20 22:49:29,887 - INFO - Sampling read depths for each gene...
2024-07-20 22:49:29,926 - INFO - Read depths sampling complete.
2024-07-20 22:49:29,926 - INFO - Allocating UMIs based on sampled read depths...
2024-07-20 22:49:29,926 - INFO - Allocating UMIs for gene 0...
2024-07-20 22:49:29,976 - INFO - Allocating UMIs for gene 100...
2024-07-20 22:49:30,025 - INFO - Allocating UMIs for gene 200...
2024-07-20 22:49:30,074 - INFO - Allocating UMIs for gene 300...
2024-07-20 22:49:30,128 - INFO - Allocating UMIs for gene 400...
2024-07-20 22:49:30,290 - INFO - Allocating UMIs for gene 500...
2024-07-20 22:49:30,339 - INFO - Allocating UMIs for gene 600...
2024-07-20 22:49:30,386 - INFO - Allocating UMIs for gene 700...
2024-07-20 22:49:30,436 - INFO - Allocating UMIs for gene 800...
2024-07-20 22:49:30,485 - INFO - Allocating UMIs for gene 900...
2024-07-20 22:49:30,538 - INFO - UMI allocation complete.
2024-07-20 22:49:30,538 - INFO - Counting overall UMI occurrences...
2024-07-20 22:49:30,539 - INFO - Counting inter-gene collisions...
2024-07-20 22:49:30,541 - INFO - Total UMIs generated: 4096
2024-07-20 22:49:30,541 - INFO - Total UMIs allocated: 5924
2024-07-20 22:49:30,541 - INFO - Number of unique UMIs assigned to genes: 3107
2024-07-20 22:49:30,541 - INFO - Inter-gene collisions: 2813
2024-07-20 22:49:30,541 - INFO - Inter-gene collision rate: 0.47485
2024-07-20 22:49:30,541 - INFO - Writing gene UMI counts to file...
2024-07-20 22:49:30,544 - INFO - Writing UMI inter-gene collisions to file...
2024-07-20 22:49:30,547 - INFO - Simulation complete.
