2024-07-20 22:49:31,796 - INFO - Simulation Script Version: 0.0.1
2024-07-20 22:49:31,796 - INFO - Simulation Parameters:
2024-07-20 22:49:31,796 - INFO - Length of UMI: 6
2024-07-20 22:49:31,796 - INFO - Number of genes: 1000
2024-07-20 22:49:31,796 - INFO - Parameters file: None
2024-07-20 22:49:31,796 - INFO - Mean (mu): 6.0
2024-07-20 22:49:31,796 - INFO - Dispersion (theta): 6.0
2024-07-20 22:49:31,796 - INFO - Use Poisson distribution: False
2024-07-20 22:49:31,796 - INFO - Gene UMI counts file: gene_1000_umi6_counts_rep6.txt
2024-07-20 22:49:31,796 - INFO - UMI collisions file: umi6_1000_collisions_rep6.txt
2024-07-20 22:49:31,796 - INFO - Seed: None
2024-07-20 22:49:31,796 - INFO - Log file: umi6_1000_rep6.log
2024-07-20 22:49:31,796 - INFO - No seed specified. Generated random seed: 339513655
2024-07-20 22:49:31,796 - INFO - Generating all possible UMIs...
2024-07-20 22:49:31,797 - INFO - Total possible UMIs generated: 4096
2024-07-20 22:49:31,797 - INFO - Loading parameters...
2024-07-20 22:49:31,797 - INFO - Sampling read depths for each gene...
2024-07-20 22:49:31,834 - INFO - Read depths sampling complete.
2024-07-20 22:49:31,834 - INFO - Allocating UMIs based on sampled read depths...
2024-07-20 22:49:31,834 - INFO - Allocating UMIs for gene 0...
2024-07-20 22:49:31,884 - INFO - Allocating UMIs for gene 100...
2024-07-20 22:49:31,935 - INFO - Allocating UMIs for gene 200...
2024-07-20 22:49:31,984 - INFO - Allocating UMIs for gene 300...
2024-07-20 22:49:32,033 - INFO - Allocating UMIs for gene 400...
2024-07-20 22:49:32,088 - INFO - Allocating UMIs for gene 500...
2024-07-20 22:49:32,149 - INFO - Allocating UMIs for gene 600...
2024-07-20 22:49:32,246 - INFO - Allocating UMIs for gene 700...
2024-07-20 22:49:32,295 - INFO - Allocating UMIs for gene 800...
2024-07-20 22:49:32,343 - INFO - Allocating UMIs for gene 900...
2024-07-20 22:49:32,392 - INFO - UMI allocation complete.
2024-07-20 22:49:32,392 - INFO - Counting overall UMI occurrences...
2024-07-20 22:49:32,393 - INFO - Counting inter-gene collisions...
2024-07-20 22:49:32,395 - INFO - Total UMIs generated: 4096
2024-07-20 22:49:32,395 - INFO - Total UMIs allocated: 6113
2024-07-20 22:49:32,396 - INFO - Number of unique UMIs assigned to genes: 3198
2024-07-20 22:49:32,396 - INFO - Inter-gene collisions: 2911
2024-07-20 22:49:32,396 - INFO - Inter-gene collision rate: 0.47620
2024-07-20 22:49:32,396 - INFO - Writing gene UMI counts to file...
2024-07-20 22:49:32,399 - INFO - Writing UMI inter-gene collisions to file...
2024-07-20 22:49:32,402 - INFO - Simulation complete.
