2024-07-20 22:49:35,277 - INFO - Simulation Script Version: 0.0.1
2024-07-20 22:49:35,277 - INFO - Simulation Parameters:
2024-07-20 22:49:35,277 - INFO - Length of UMI: 6
2024-07-20 22:49:35,277 - INFO - Number of genes: 1000
2024-07-20 22:49:35,277 - INFO - Parameters file: None
2024-07-20 22:49:35,277 - INFO - Mean (mu): 6.0
2024-07-20 22:49:35,277 - INFO - Dispersion (theta): 6.0
2024-07-20 22:49:35,277 - INFO - Use Poisson distribution: False
2024-07-20 22:49:35,277 - INFO - Gene UMI counts file: gene_1000_umi6_counts_rep8.txt
2024-07-20 22:49:35,277 - INFO - UMI collisions file: umi6_1000_collisions_rep8.txt
2024-07-20 22:49:35,277 - INFO - Seed: None
2024-07-20 22:49:35,277 - INFO - Log file: umi6_1000_rep8.log
2024-07-20 22:49:35,277 - INFO - No seed specified. Generated random seed: 1575592941
2024-07-20 22:49:35,277 - INFO - Generating all possible UMIs...
2024-07-20 22:49:35,278 - INFO - Total possible UMIs generated: 4096
2024-07-20 22:49:35,278 - INFO - Loading parameters...
2024-07-20 22:49:35,278 - INFO - Sampling read depths for each gene...
2024-07-20 22:49:35,314 - INFO - Read depths sampling complete.
2024-07-20 22:49:35,314 - INFO - Allocating UMIs based on sampled read depths...
2024-07-20 22:49:35,314 - INFO - Allocating UMIs for gene 0...
2024-07-20 22:49:35,362 - INFO - Allocating UMIs for gene 100...
2024-07-20 22:49:35,410 - INFO - Allocating UMIs for gene 200...
2024-07-20 22:49:35,455 - INFO - Allocating UMIs for gene 300...
2024-07-20 22:49:35,514 - INFO - Allocating UMIs for gene 400...
2024-07-20 22:49:35,593 - INFO - Allocating UMIs for gene 500...
2024-07-20 22:49:35,657 - INFO - Allocating UMIs for gene 600...
2024-07-20 22:49:35,703 - INFO - Allocating UMIs for gene 700...
2024-07-20 22:49:35,747 - INFO - Allocating UMIs for gene 800...
2024-07-20 22:49:35,792 - INFO - Allocating UMIs for gene 900...
2024-07-20 22:49:35,838 - INFO - UMI allocation complete.
2024-07-20 22:49:35,838 - INFO - Counting overall UMI occurrences...
2024-07-20 22:49:35,839 - INFO - Counting inter-gene collisions...
2024-07-20 22:49:35,841 - INFO - Total UMIs generated: 4096
2024-07-20 22:49:35,841 - INFO - Total UMIs allocated: 5952
2024-07-20 22:49:35,841 - INFO - Number of unique UMIs assigned to genes: 3133
2024-07-20 22:49:35,841 - INFO - Inter-gene collisions: 2818
2024-07-20 22:49:35,841 - INFO - Inter-gene collision rate: 0.47345
2024-07-20 22:49:35,841 - INFO - Writing gene UMI counts to file...
2024-07-20 22:49:35,844 - INFO - Writing UMI inter-gene collisions to file...
2024-07-20 22:49:35,847 - INFO - Simulation complete.
