2024-07-20 22:49:33,466 - INFO - Simulation Script Version: 0.0.1
2024-07-20 22:49:33,466 - INFO - Simulation Parameters:
2024-07-20 22:49:33,466 - INFO - Length of UMI: 6
2024-07-20 22:49:33,466 - INFO - Number of genes: 1000
2024-07-20 22:49:33,466 - INFO - Parameters file: None
2024-07-20 22:49:33,466 - INFO - Mean (mu): 6.0
2024-07-20 22:49:33,466 - INFO - Dispersion (theta): 6.0
2024-07-20 22:49:33,466 - INFO - Use Poisson distribution: False
2024-07-20 22:49:33,466 - INFO - Gene UMI counts file: gene_1000_umi6_counts_rep7.txt
2024-07-20 22:49:33,466 - INFO - UMI collisions file: umi6_1000_collisions_rep7.txt
2024-07-20 22:49:33,466 - INFO - Seed: None
2024-07-20 22:49:33,466 - INFO - Log file: umi6_1000_rep7.log
2024-07-20 22:49:33,466 - INFO - No seed specified. Generated random seed: 3311664621
2024-07-20 22:49:33,466 - INFO - Generating all possible UMIs...
2024-07-20 22:49:33,467 - INFO - Total possible UMIs generated: 4096
2024-07-20 22:49:33,467 - INFO - Loading parameters...
2024-07-20 22:49:33,467 - INFO - Sampling read depths for each gene...
2024-07-20 22:49:33,515 - INFO - Read depths sampling complete.
2024-07-20 22:49:33,515 - INFO - Allocating UMIs based on sampled read depths...
2024-07-20 22:49:33,515 - INFO - Allocating UMIs for gene 0...
2024-07-20 22:49:33,578 - INFO - Allocating UMIs for gene 100...
2024-07-20 22:49:33,681 - INFO - Allocating UMIs for gene 200...
2024-07-20 22:49:33,731 - INFO - Allocating UMIs for gene 300...
2024-07-20 22:49:33,780 - INFO - Allocating UMIs for gene 400...
2024-07-20 22:49:33,828 - INFO - Allocating UMIs for gene 500...
2024-07-20 22:49:33,877 - INFO - Allocating UMIs for gene 600...
2024-07-20 22:49:33,925 - INFO - Allocating UMIs for gene 700...
2024-07-20 22:49:33,973 - INFO - Allocating UMIs for gene 800...
2024-07-20 22:49:34,021 - INFO - Allocating UMIs for gene 900...
2024-07-20 22:49:34,082 - INFO - UMI allocation complete.
2024-07-20 22:49:34,082 - INFO - Counting overall UMI occurrences...
2024-07-20 22:49:34,083 - INFO - Counting inter-gene collisions...
2024-07-20 22:49:34,085 - INFO - Total UMIs generated: 4096
2024-07-20 22:49:34,085 - INFO - Total UMIs allocated: 5974
2024-07-20 22:49:34,086 - INFO - Number of unique UMIs assigned to genes: 3123
2024-07-20 22:49:34,086 - INFO - Inter-gene collisions: 2846
2024-07-20 22:49:34,086 - INFO - Inter-gene collision rate: 0.47640
2024-07-20 22:49:34,086 - INFO - Writing gene UMI counts to file...
2024-07-20 22:49:34,089 - INFO - Writing UMI inter-gene collisions to file...
2024-07-20 22:49:34,092 - INFO - Simulation complete.
