2024-07-20 22:49:21,726 - INFO - Simulation Script Version: 0.0.1
2024-07-20 22:49:21,726 - INFO - Simulation Parameters:
2024-07-20 22:49:21,726 - INFO - Length of UMI: 6
2024-07-20 22:49:21,726 - INFO - Number of genes: 1000
2024-07-20 22:49:21,726 - INFO - Parameters file: None
2024-07-20 22:49:21,726 - INFO - Mean (mu): 6.0
2024-07-20 22:49:21,726 - INFO - Dispersion (theta): 6.0
2024-07-20 22:49:21,726 - INFO - Use Poisson distribution: False
2024-07-20 22:49:21,726 - INFO - Gene UMI counts file: gene_1000_umi6_counts_rep1.txt
2024-07-20 22:49:21,726 - INFO - UMI collisions file: umi6_1000_collisions.txt
2024-07-20 22:49:21,726 - INFO - Seed: None
2024-07-20 22:49:21,726 - INFO - Log file: umi6_1000_rep1.log
2024-07-20 22:49:21,726 - INFO - No seed specified. Generated random seed: 2598452917
2024-07-20 22:49:21,726 - INFO - Generating all possible UMIs...
2024-07-20 22:49:21,727 - INFO - Total possible UMIs generated: 4096
2024-07-20 22:49:21,727 - INFO - Loading parameters...
2024-07-20 22:49:21,727 - INFO - Sampling read depths for each gene...
2024-07-20 22:49:21,765 - INFO - Read depths sampling complete.
2024-07-20 22:49:21,765 - INFO - Allocating UMIs based on sampled read depths...
2024-07-20 22:49:21,765 - INFO - Allocating UMIs for gene 0...
2024-07-20 22:49:21,813 - INFO - Allocating UMIs for gene 100...
2024-07-20 22:49:21,860 - INFO - Allocating UMIs for gene 200...
2024-07-20 22:49:21,907 - INFO - Allocating UMIs for gene 300...
2024-07-20 22:49:21,954 - INFO - Allocating UMIs for gene 400...
2024-07-20 22:49:22,000 - INFO - Allocating UMIs for gene 500...
2024-07-20 22:49:22,056 - INFO - Allocating UMIs for gene 600...
2024-07-20 22:49:22,113 - INFO - Allocating UMIs for gene 700...
2024-07-20 22:49:22,187 - INFO - Allocating UMIs for gene 800...
2024-07-20 22:49:22,278 - INFO - Allocating UMIs for gene 900...
2024-07-20 22:49:22,326 - INFO - UMI allocation complete.
2024-07-20 22:49:22,326 - INFO - Counting overall UMI occurrences...
2024-07-20 22:49:22,327 - INFO - Counting inter-gene collisions...
2024-07-20 22:49:22,329 - INFO - Total UMIs generated: 4096
2024-07-20 22:49:22,329 - INFO - Total UMIs allocated: 5873
2024-07-20 22:49:22,329 - INFO - Number of unique UMIs assigned to genes: 3099
2024-07-20 22:49:22,329 - INFO - Inter-gene collisions: 2769
2024-07-20 22:49:22,329 - INFO - Inter-gene collision rate: 0.47148
2024-07-20 22:49:22,329 - INFO - Writing gene UMI counts to file...
2024-07-20 22:49:22,332 - INFO - Writing UMI inter-gene collisions to file...
2024-07-20 22:49:22,335 - INFO - Simulation complete.
