2024-07-20 22:49:23,488 - INFO - Simulation Script Version: 0.0.1
2024-07-20 22:49:23,488 - INFO - Simulation Parameters:
2024-07-20 22:49:23,488 - INFO - Length of UMI: 6
2024-07-20 22:49:23,488 - INFO - Number of genes: 1000
2024-07-20 22:49:23,488 - INFO - Parameters file: None
2024-07-20 22:49:23,488 - INFO - Mean (mu): 6.0
2024-07-20 22:49:23,489 - INFO - Dispersion (theta): 6.0
2024-07-20 22:49:23,489 - INFO - Use Poisson distribution: False
2024-07-20 22:49:23,489 - INFO - Gene UMI counts file: gene_1000_umi6_counts_rep2.txt
2024-07-20 22:49:23,489 - INFO - UMI collisions file: umi6_1000_collisions_rep2.txt
2024-07-20 22:49:23,489 - INFO - Seed: None
2024-07-20 22:49:23,489 - INFO - Log file: umi6_1000_rep2.log
2024-07-20 22:49:23,489 - INFO - No seed specified. Generated random seed: 2648826693
2024-07-20 22:49:23,489 - INFO - Generating all possible UMIs...
2024-07-20 22:49:23,489 - INFO - Total possible UMIs generated: 4096
2024-07-20 22:49:23,489 - INFO - Loading parameters...
2024-07-20 22:49:23,489 - INFO - Sampling read depths for each gene...
2024-07-20 22:49:23,536 - INFO - Read depths sampling complete.
2024-07-20 22:49:23,536 - INFO - Allocating UMIs based on sampled read depths...
2024-07-20 22:49:23,536 - INFO - Allocating UMIs for gene 0...
2024-07-20 22:49:23,645 - INFO - Allocating UMIs for gene 100...
2024-07-20 22:49:23,694 - INFO - Allocating UMIs for gene 200...
2024-07-20 22:49:23,742 - INFO - Allocating UMIs for gene 300...
2024-07-20 22:49:23,789 - INFO - Allocating UMIs for gene 400...
2024-07-20 22:49:23,837 - INFO - Allocating UMIs for gene 500...
2024-07-20 22:49:23,885 - INFO - Allocating UMIs for gene 600...
2024-07-20 22:49:23,934 - INFO - Allocating UMIs for gene 700...
2024-07-20 22:49:23,987 - INFO - Allocating UMIs for gene 800...
2024-07-20 22:49:24,068 - INFO - Allocating UMIs for gene 900...
2024-07-20 22:49:24,164 - INFO - UMI allocation complete.
2024-07-20 22:49:24,165 - INFO - Counting overall UMI occurrences...
2024-07-20 22:49:24,166 - INFO - Counting inter-gene collisions...
2024-07-20 22:49:24,168 - INFO - Total UMIs generated: 4096
2024-07-20 22:49:24,168 - INFO - Total UMIs allocated: 5969
2024-07-20 22:49:24,168 - INFO - Number of unique UMIs assigned to genes: 3153
2024-07-20 22:49:24,168 - INFO - Inter-gene collisions: 2811
2024-07-20 22:49:24,168 - INFO - Inter-gene collision rate: 0.47093
2024-07-20 22:49:24,168 - INFO - Writing gene UMI counts to file...
2024-07-20 22:49:24,171 - INFO - Writing UMI inter-gene collisions to file...
2024-07-20 22:49:24,174 - INFO - Simulation complete.
