2024-07-20 22:49:25,485 - INFO - Simulation Script Version: 0.0.1
2024-07-20 22:49:25,485 - INFO - Simulation Parameters:
2024-07-20 22:49:25,485 - INFO - Length of UMI: 6
2024-07-20 22:49:25,485 - INFO - Number of genes: 1000
2024-07-20 22:49:25,485 - INFO - Parameters file: None
2024-07-20 22:49:25,485 - INFO - Mean (mu): 6.0
2024-07-20 22:49:25,485 - INFO - Dispersion (theta): 6.0
2024-07-20 22:49:25,485 - INFO - Use Poisson distribution: False
2024-07-20 22:49:25,485 - INFO - Gene UMI counts file: gene_1000_umi6_counts_rep3.txt
2024-07-20 22:49:25,486 - INFO - UMI collisions file: umi6_1000_collisions_rep3.txt
2024-07-20 22:49:25,486 - INFO - Seed: None
2024-07-20 22:49:25,486 - INFO - Log file: umi6_1000_rep3.log
2024-07-20 22:49:25,486 - INFO - No seed specified. Generated random seed: 165966096
2024-07-20 22:49:25,486 - INFO - Generating all possible UMIs...
2024-07-20 22:49:25,487 - INFO - Total possible UMIs generated: 4096
2024-07-20 22:49:25,487 - INFO - Loading parameters...
2024-07-20 22:49:25,487 - INFO - Sampling read depths for each gene...
2024-07-20 22:49:25,564 - INFO - Read depths sampling complete.
2024-07-20 22:49:25,564 - INFO - Allocating UMIs based on sampled read depths...
2024-07-20 22:49:25,564 - INFO - Allocating UMIs for gene 0...
2024-07-20 22:49:25,656 - INFO - Allocating UMIs for gene 100...
2024-07-20 22:49:25,704 - INFO - Allocating UMIs for gene 200...
2024-07-20 22:49:25,753 - INFO - Allocating UMIs for gene 300...
2024-07-20 22:49:25,809 - INFO - Allocating UMIs for gene 400...
2024-07-20 22:49:25,866 - INFO - Allocating UMIs for gene 500...
2024-07-20 22:49:25,965 - INFO - Allocating UMIs for gene 600...
2024-07-20 22:49:26,014 - INFO - Allocating UMIs for gene 700...
2024-07-20 22:49:26,063 - INFO - Allocating UMIs for gene 800...
2024-07-20 22:49:26,119 - INFO - Allocating UMIs for gene 900...
2024-07-20 22:49:26,264 - INFO - UMI allocation complete.
2024-07-20 22:49:26,264 - INFO - Counting overall UMI occurrences...
2024-07-20 22:49:26,268 - INFO - Counting inter-gene collisions...
2024-07-20 22:49:26,275 - INFO - Total UMIs generated: 4096
2024-07-20 22:49:26,275 - INFO - Total UMIs allocated: 6051
2024-07-20 22:49:26,275 - INFO - Number of unique UMIs assigned to genes: 3152
2024-07-20 22:49:26,275 - INFO - Inter-gene collisions: 2894
2024-07-20 22:49:26,275 - INFO - Inter-gene collision rate: 0.47827
2024-07-20 22:49:26,276 - INFO - Writing gene UMI counts to file...
2024-07-20 22:49:26,280 - INFO - Writing UMI inter-gene collisions to file...
2024-07-20 22:49:26,285 - INFO - Simulation complete.
