2024-07-20 22:49:36,873 - INFO - Simulation Script Version: 0.0.1
2024-07-20 22:49:36,873 - INFO - Simulation Parameters:
2024-07-20 22:49:36,873 - INFO - Length of UMI: 6
2024-07-20 22:49:36,873 - INFO - Number of genes: 1000
2024-07-20 22:49:36,873 - INFO - Parameters file: None
2024-07-20 22:49:36,873 - INFO - Mean (mu): 6.0
2024-07-20 22:49:36,873 - INFO - Dispersion (theta): 6.0
2024-07-20 22:49:36,873 - INFO - Use Poisson distribution: False
2024-07-20 22:49:36,873 - INFO - Gene UMI counts file: gene_1000_umi6_counts_rep9.txt
2024-07-20 22:49:36,873 - INFO - UMI collisions file: umi6_1000_collisions_rep9.txt
2024-07-20 22:49:36,873 - INFO - Seed: None
2024-07-20 22:49:36,873 - INFO - Log file: umi6_1000_rep9.log
2024-07-20 22:49:36,873 - INFO - No seed specified. Generated random seed: 3521701827
2024-07-20 22:49:36,873 - INFO - Generating all possible UMIs...
2024-07-20 22:49:36,874 - INFO - Total possible UMIs generated: 4096
2024-07-20 22:49:36,874 - INFO - Loading parameters...
2024-07-20 22:49:36,874 - INFO - Sampling read depths for each gene...
2024-07-20 22:49:36,913 - INFO - Read depths sampling complete.
2024-07-20 22:49:36,913 - INFO - Allocating UMIs based on sampled read depths...
2024-07-20 22:49:36,913 - INFO - Allocating UMIs for gene 0...
2024-07-20 22:49:36,964 - INFO - Allocating UMIs for gene 100...
2024-07-20 22:49:37,018 - INFO - Allocating UMIs for gene 200...
2024-07-20 22:49:37,068 - INFO - Allocating UMIs for gene 300...
2024-07-20 22:49:37,119 - INFO - Allocating UMIs for gene 400...
2024-07-20 22:49:37,167 - INFO - Allocating UMIs for gene 500...
2024-07-20 22:49:37,216 - INFO - Allocating UMIs for gene 600...
2024-07-20 22:49:37,265 - INFO - Allocating UMIs for gene 700...
2024-07-20 22:49:37,314 - INFO - Allocating UMIs for gene 800...
2024-07-20 22:49:37,362 - INFO - Allocating UMIs for gene 900...
2024-07-20 22:49:37,409 - INFO - UMI allocation complete.
2024-07-20 22:49:37,409 - INFO - Counting overall UMI occurrences...
2024-07-20 22:49:37,410 - INFO - Counting inter-gene collisions...
2024-07-20 22:49:37,412 - INFO - Total UMIs generated: 4096
2024-07-20 22:49:37,412 - INFO - Total UMIs allocated: 6087
2024-07-20 22:49:37,412 - INFO - Number of unique UMIs assigned to genes: 3162
2024-07-20 22:49:37,412 - INFO - Inter-gene collisions: 2922
2024-07-20 22:49:37,412 - INFO - Inter-gene collision rate: 0.48004
2024-07-20 22:49:37,412 - INFO - Writing gene UMI counts to file...
2024-07-20 22:49:37,415 - INFO - Writing UMI inter-gene collisions to file...
2024-07-20 22:49:37,418 - INFO - Simulation complete.
