2024-07-20 22:49:27,770 - INFO - Simulation Script Version: 0.0.1
2024-07-20 22:49:27,770 - INFO - Simulation Parameters:
2024-07-20 22:49:27,771 - INFO - Length of UMI: 6
2024-07-20 22:49:27,771 - INFO - Number of genes: 1000
2024-07-20 22:49:27,771 - INFO - Parameters file: None
2024-07-20 22:49:27,771 - INFO - Mean (mu): 6.0
2024-07-20 22:49:27,771 - INFO - Dispersion (theta): 6.0
2024-07-20 22:49:27,771 - INFO - Use Poisson distribution: False
2024-07-20 22:49:27,771 - INFO - Gene UMI counts file: gene_1000_umi6_counts_rep4.txt
2024-07-20 22:49:27,771 - INFO - UMI collisions file: umi6_1000_collisions_rep4.txt
2024-07-20 22:49:27,771 - INFO - Seed: None
2024-07-20 22:49:27,771 - INFO - Log file: umi6_1000_rep4.log
2024-07-20 22:49:27,771 - INFO - No seed specified. Generated random seed: 228663862
2024-07-20 22:49:27,771 - INFO - Generating all possible UMIs...
2024-07-20 22:49:27,771 - INFO - Total possible UMIs generated: 4096
2024-07-20 22:49:27,772 - INFO - Loading parameters...
2024-07-20 22:49:27,772 - INFO - Sampling read depths for each gene...
2024-07-20 22:49:27,810 - INFO - Read depths sampling complete.
2024-07-20 22:49:27,810 - INFO - Allocating UMIs based on sampled read depths...
2024-07-20 22:49:27,810 - INFO - Allocating UMIs for gene 0...
2024-07-20 22:49:27,861 - INFO - Allocating UMIs for gene 100...
2024-07-20 22:49:27,913 - INFO - Allocating UMIs for gene 200...
2024-07-20 22:49:27,965 - INFO - Allocating UMIs for gene 300...
2024-07-20 22:49:28,154 - INFO - Allocating UMIs for gene 400...
2024-07-20 22:49:28,204 - INFO - Allocating UMIs for gene 500...
2024-07-20 22:49:28,262 - INFO - Allocating UMIs for gene 600...
2024-07-20 22:49:28,360 - INFO - Allocating UMIs for gene 700...
2024-07-20 22:49:28,409 - INFO - Allocating UMIs for gene 800...
2024-07-20 22:49:28,458 - INFO - Allocating UMIs for gene 900...
2024-07-20 22:49:28,504 - INFO - UMI allocation complete.
2024-07-20 22:49:28,504 - INFO - Counting overall UMI occurrences...
2024-07-20 22:49:28,505 - INFO - Counting inter-gene collisions...
2024-07-20 22:49:28,507 - INFO - Total UMIs generated: 4096
2024-07-20 22:49:28,507 - INFO - Total UMIs allocated: 6029
2024-07-20 22:49:28,507 - INFO - Number of unique UMIs assigned to genes: 3205
2024-07-20 22:49:28,507 - INFO - Inter-gene collisions: 2822
2024-07-20 22:49:28,508 - INFO - Inter-gene collision rate: 0.46807
2024-07-20 22:49:28,508 - INFO - Writing gene UMI counts to file...
2024-07-20 22:49:28,511 - INFO - Writing UMI inter-gene collisions to file...
2024-07-20 22:49:28,513 - INFO - Simulation complete.
