2024-07-20 23:00:22,151 - INFO - Simulation Script Version: 0.0.1
2024-07-20 23:00:22,153 - INFO - Simulation Parameters:
2024-07-20 23:00:22,153 - INFO - Length of UMI: 8
2024-07-20 23:00:22,153 - INFO - Number of genes: 12000
2024-07-20 23:00:22,153 - INFO - Parameters file: None
2024-07-20 23:00:22,153 - INFO - Mean (mu): 6.0
2024-07-20 23:00:22,153 - INFO - Dispersion (theta): 6.0
2024-07-20 23:00:22,153 - INFO - Use Poisson distribution: False
2024-07-20 23:00:22,153 - INFO - Gene UMI counts file: gene_12000_umi8_counts_rep7.txt
2024-07-20 23:00:22,153 - INFO - UMI collisions file: umi8_12000_collisions_rep7.txt
2024-07-20 23:00:22,153 - INFO - Seed: None
2024-07-20 23:00:22,153 - INFO - Log file: umi8_12000_rep7.log
2024-07-20 23:00:22,153 - INFO - No seed specified. Generated random seed: 3622750012
2024-07-20 23:00:22,153 - INFO - Generating all possible UMIs...
2024-07-20 23:00:22,163 - INFO - Total possible UMIs generated: 65536
2024-07-20 23:00:22,163 - INFO - Loading parameters...
2024-07-20 23:00:22,163 - INFO - Sampling read depths for each gene...
2024-07-20 23:00:22,612 - INFO - Read depths sampling complete.
2024-07-20 23:00:22,612 - INFO - Allocating UMIs based on sampled read depths...
2024-07-20 23:00:22,612 - INFO - Allocating UMIs for gene 0...
2024-07-20 23:00:23,406 - INFO - Allocating UMIs for gene 100...
2024-07-20 23:00:24,192 - INFO - Allocating UMIs for gene 200...
2024-07-20 23:00:24,980 - INFO - Allocating UMIs for gene 300...
2024-07-20 23:00:25,772 - INFO - Allocating UMIs for gene 400...
2024-07-20 23:00:26,542 - INFO - Allocating UMIs for gene 500...
2024-07-20 23:00:27,334 - INFO - Allocating UMIs for gene 600...
2024-07-20 23:00:28,148 - INFO - Allocating UMIs for gene 700...
2024-07-20 23:00:28,953 - INFO - Allocating UMIs for gene 800...
2024-07-20 23:00:29,739 - INFO - Allocating UMIs for gene 900...
2024-07-20 23:00:30,514 - INFO - Allocating UMIs for gene 1000...
2024-07-20 23:00:31,306 - INFO - Allocating UMIs for gene 1100...
2024-07-20 23:00:32,110 - INFO - Allocating UMIs for gene 1200...
2024-07-20 23:00:32,919 - INFO - Allocating UMIs for gene 1300...
2024-07-20 23:00:33,718 - INFO - Allocating UMIs for gene 1400...
2024-07-20 23:00:34,527 - INFO - Allocating UMIs for gene 1500...
2024-07-20 23:00:35,311 - INFO - Allocating UMIs for gene 1600...
2024-07-20 23:00:36,097 - INFO - Allocating UMIs for gene 1700...
2024-07-20 23:00:36,909 - INFO - Allocating UMIs for gene 1800...
2024-07-20 23:00:37,702 - INFO - Allocating UMIs for gene 1900...
2024-07-20 23:00:38,502 - INFO - Allocating UMIs for gene 2000...
2024-07-20 23:00:39,300 - INFO - Allocating UMIs for gene 2100...
2024-07-20 23:00:40,100 - INFO - Allocating UMIs for gene 2200...
2024-07-20 23:00:40,902 - INFO - Allocating UMIs for gene 2300...
2024-07-20 23:00:41,695 - INFO - Allocating UMIs for gene 2400...
2024-07-20 23:00:42,502 - INFO - Allocating UMIs for gene 2500...
2024-07-20 23:00:43,306 - INFO - Allocating UMIs for gene 2600...
2024-07-20 23:00:44,080 - INFO - Allocating UMIs for gene 2700...
2024-07-20 23:00:44,855 - INFO - Allocating UMIs for gene 2800...
2024-07-20 23:00:45,628 - INFO - Allocating UMIs for gene 2900...
2024-07-20 23:00:46,399 - INFO - Allocating UMIs for gene 3000...
2024-07-20 23:00:47,176 - INFO - Allocating UMIs for gene 3100...
2024-07-20 23:00:47,952 - INFO - Allocating UMIs for gene 3200...
2024-07-20 23:00:48,728 - INFO - Allocating UMIs for gene 3300...
2024-07-20 23:00:49,515 - INFO - Allocating UMIs for gene 3400...
2024-07-20 23:00:50,290 - INFO - Allocating UMIs for gene 3500...
2024-07-20 23:00:51,067 - INFO - Allocating UMIs for gene 3600...
2024-07-20 23:00:51,857 - INFO - Allocating UMIs for gene 3700...
2024-07-20 23:00:52,657 - INFO - Allocating UMIs for gene 3800...
2024-07-20 23:00:53,430 - INFO - Allocating UMIs for gene 3900...
2024-07-20 23:00:54,215 - INFO - Allocating UMIs for gene 4000...
2024-07-20 23:00:54,998 - INFO - Allocating UMIs for gene 4100...
2024-07-20 23:00:55,789 - INFO - Allocating UMIs for gene 4200...
2024-07-20 23:00:56,586 - INFO - Allocating UMIs for gene 4300...
2024-07-20 23:00:57,378 - INFO - Allocating UMIs for gene 4400...
2024-07-20 23:00:58,195 - INFO - Allocating UMIs for gene 4500...
2024-07-20 23:00:58,998 - INFO - Allocating UMIs for gene 4600...
2024-07-20 23:00:59,891 - INFO - Allocating UMIs for gene 4700...
2024-07-20 23:01:00,778 - INFO - Allocating UMIs for gene 4800...
2024-07-20 23:01:01,604 - INFO - Allocating UMIs for gene 4900...
2024-07-20 23:01:02,409 - INFO - Allocating UMIs for gene 5000...
2024-07-20 23:01:03,226 - INFO - Allocating UMIs for gene 5100...
2024-07-20 23:01:04,029 - INFO - Allocating UMIs for gene 5200...
2024-07-20 23:01:04,832 - INFO - Allocating UMIs for gene 5300...
2024-07-20 23:01:05,639 - INFO - Allocating UMIs for gene 5400...
2024-07-20 23:01:06,433 - INFO - Allocating UMIs for gene 5500...
2024-07-20 23:01:07,233 - INFO - Allocating UMIs for gene 5600...
2024-07-20 23:01:08,037 - INFO - Allocating UMIs for gene 5700...
2024-07-20 23:01:08,836 - INFO - Allocating UMIs for gene 5800...
2024-07-20 23:01:09,620 - INFO - Allocating UMIs for gene 5900...
2024-07-20 23:01:10,434 - INFO - Allocating UMIs for gene 6000...
2024-07-20 23:01:11,255 - INFO - Allocating UMIs for gene 6100...
2024-07-20 23:01:12,052 - INFO - Allocating UMIs for gene 6200...
2024-07-20 23:01:12,860 - INFO - Allocating UMIs for gene 6300...
2024-07-20 23:01:13,677 - INFO - Allocating UMIs for gene 6400...
2024-07-20 23:01:14,467 - INFO - Allocating UMIs for gene 6500...
2024-07-20 23:01:15,262 - INFO - Allocating UMIs for gene 6600...
2024-07-20 23:01:16,060 - INFO - Allocating UMIs for gene 6700...
2024-07-20 23:01:16,869 - INFO - Allocating UMIs for gene 6800...
2024-07-20 23:01:17,664 - INFO - Allocating UMIs for gene 6900...
2024-07-20 23:01:18,444 - INFO - Allocating UMIs for gene 7000...
2024-07-20 23:01:19,223 - INFO - Allocating UMIs for gene 7100...
2024-07-20 23:01:19,989 - INFO - Allocating UMIs for gene 7200...
2024-07-20 23:01:20,784 - INFO - Allocating UMIs for gene 7300...
2024-07-20 23:01:21,594 - INFO - Allocating UMIs for gene 7400...
2024-07-20 23:01:22,394 - INFO - Allocating UMIs for gene 7500...
2024-07-20 23:01:23,201 - INFO - Allocating UMIs for gene 7600...
2024-07-20 23:01:24,009 - INFO - Allocating UMIs for gene 7700...
2024-07-20 23:01:24,811 - INFO - Allocating UMIs for gene 7800...
2024-07-20 23:01:25,669 - INFO - Allocating UMIs for gene 7900...
2024-07-20 23:01:26,515 - INFO - Allocating UMIs for gene 8000...
2024-07-20 23:01:27,311 - INFO - Allocating UMIs for gene 8100...
2024-07-20 23:01:28,111 - INFO - Allocating UMIs for gene 8200...
2024-07-20 23:01:28,916 - INFO - Allocating UMIs for gene 8300...
2024-07-20 23:01:29,715 - INFO - Allocating UMIs for gene 8400...
2024-07-20 23:01:30,513 - INFO - Allocating UMIs for gene 8500...
2024-07-20 23:01:31,295 - INFO - Allocating UMIs for gene 8600...
2024-07-20 23:01:32,087 - INFO - Allocating UMIs for gene 8700...
2024-07-20 23:01:32,894 - INFO - Allocating UMIs for gene 8800...
2024-07-20 23:01:33,686 - INFO - Allocating UMIs for gene 8900...
2024-07-20 23:01:34,452 - INFO - Allocating UMIs for gene 9000...
2024-07-20 23:01:35,241 - INFO - Allocating UMIs for gene 9100...
2024-07-20 23:01:36,020 - INFO - Allocating UMIs for gene 9200...
2024-07-20 23:01:36,826 - INFO - Allocating UMIs for gene 9300...
2024-07-20 23:01:37,634 - INFO - Allocating UMIs for gene 9400...
2024-07-20 23:01:38,430 - INFO - Allocating UMIs for gene 9500...
2024-07-20 23:01:39,228 - INFO - Allocating UMIs for gene 9600...
2024-07-20 23:01:40,009 - INFO - Allocating UMIs for gene 9700...
2024-07-20 23:01:40,817 - INFO - Allocating UMIs for gene 9800...
2024-07-20 23:01:41,619 - INFO - Allocating UMIs for gene 9900...
2024-07-20 23:01:42,427 - INFO - Allocating UMIs for gene 10000...
2024-07-20 23:01:43,226 - INFO - Allocating UMIs for gene 10100...
2024-07-20 23:01:44,018 - INFO - Allocating UMIs for gene 10200...
2024-07-20 23:01:44,822 - INFO - Allocating UMIs for gene 10300...
2024-07-20 23:01:45,626 - INFO - Allocating UMIs for gene 10400...
2024-07-20 23:01:46,417 - INFO - Allocating UMIs for gene 10500...
2024-07-20 23:01:47,211 - INFO - Allocating UMIs for gene 10600...
2024-07-20 23:01:47,992 - INFO - Allocating UMIs for gene 10700...
2024-07-20 23:01:48,800 - INFO - Allocating UMIs for gene 10800...
2024-07-20 23:01:49,579 - INFO - Allocating UMIs for gene 10900...
2024-07-20 23:01:50,369 - INFO - Allocating UMIs for gene 11000...
2024-07-20 23:01:51,156 - INFO - Allocating UMIs for gene 11100...
2024-07-20 23:01:51,969 - INFO - Allocating UMIs for gene 11200...
2024-07-20 23:01:52,769 - INFO - Allocating UMIs for gene 11300...
2024-07-20 23:01:53,559 - INFO - Allocating UMIs for gene 11400...
2024-07-20 23:01:54,341 - INFO - Allocating UMIs for gene 11500...
2024-07-20 23:01:55,122 - INFO - Allocating UMIs for gene 11600...
2024-07-20 23:01:55,896 - INFO - Allocating UMIs for gene 11700...
2024-07-20 23:01:56,653 - INFO - Allocating UMIs for gene 11800...
2024-07-20 23:01:57,444 - INFO - Allocating UMIs for gene 11900...
2024-07-20 23:01:58,218 - INFO - UMI allocation complete.
2024-07-20 23:01:58,218 - INFO - Counting overall UMI occurrences...
2024-07-20 23:01:58,234 - INFO - Counting inter-gene collisions...
2024-07-20 23:01:58,325 - INFO - Total UMIs generated: 65536
2024-07-20 23:01:58,325 - INFO - Total UMIs allocated: 71362
2024-07-20 23:01:58,325 - INFO - Number of unique UMIs assigned to genes: 43412
2024-07-20 23:01:58,325 - INFO - Inter-gene collisions: 27942
2024-07-20 23:01:58,325 - INFO - Inter-gene collision rate: 0.39155
2024-07-20 23:01:58,325 - INFO - Writing gene UMI counts to file...
2024-07-20 23:01:58,331 - INFO - Writing UMI inter-gene collisions to file...
2024-07-20 23:01:58,340 - INFO - Simulation complete.
