2024-07-20 23:05:07,636 - INFO - Simulation Script Version: 0.0.1
2024-07-20 23:05:07,638 - INFO - Simulation Parameters:
2024-07-20 23:05:07,638 - INFO - Length of UMI: 8
2024-07-20 23:05:07,638 - INFO - Number of genes: 12000
2024-07-20 23:05:07,638 - INFO - Parameters file: None
2024-07-20 23:05:07,638 - INFO - Mean (mu): 6.0
2024-07-20 23:05:07,638 - INFO - Dispersion (theta): 6.0
2024-07-20 23:05:07,638 - INFO - Use Poisson distribution: False
2024-07-20 23:05:07,638 - INFO - Gene UMI counts file: gene_12000_umi8_counts_rep10.txt
2024-07-20 23:05:07,638 - INFO - UMI collisions file: umi8_12000_collisions_rep10.txt
2024-07-20 23:05:07,638 - INFO - Seed: None
2024-07-20 23:05:07,638 - INFO - Log file: umi8_12000_rep10.log
2024-07-20 23:05:07,639 - INFO - No seed specified. Generated random seed: 166291410
2024-07-20 23:05:07,639 - INFO - Generating all possible UMIs...
2024-07-20 23:05:07,648 - INFO - Total possible UMIs generated: 65536
2024-07-20 23:05:07,648 - INFO - Loading parameters...
2024-07-20 23:05:07,648 - INFO - Sampling read depths for each gene...
2024-07-20 23:05:08,089 - INFO - Read depths sampling complete.
2024-07-20 23:05:08,090 - INFO - Allocating UMIs based on sampled read depths...
2024-07-20 23:05:08,090 - INFO - Allocating UMIs for gene 0...
2024-07-20 23:05:08,860 - INFO - Allocating UMIs for gene 100...
2024-07-20 23:05:09,635 - INFO - Allocating UMIs for gene 200...
2024-07-20 23:05:10,373 - INFO - Allocating UMIs for gene 300...
2024-07-20 23:05:11,144 - INFO - Allocating UMIs for gene 400...
2024-07-20 23:05:11,916 - INFO - Allocating UMIs for gene 500...
2024-07-20 23:05:12,686 - INFO - Allocating UMIs for gene 600...
2024-07-20 23:05:13,449 - INFO - Allocating UMIs for gene 700...
2024-07-20 23:05:14,209 - INFO - Allocating UMIs for gene 800...
2024-07-20 23:05:14,974 - INFO - Allocating UMIs for gene 900...
2024-07-20 23:05:15,742 - INFO - Allocating UMIs for gene 1000...
2024-07-20 23:05:16,508 - INFO - Allocating UMIs for gene 1100...
2024-07-20 23:05:17,259 - INFO - Allocating UMIs for gene 1200...
2024-07-20 23:05:18,026 - INFO - Allocating UMIs for gene 1300...
2024-07-20 23:05:18,790 - INFO - Allocating UMIs for gene 1400...
2024-07-20 23:05:19,548 - INFO - Allocating UMIs for gene 1500...
2024-07-20 23:05:20,302 - INFO - Allocating UMIs for gene 1600...
2024-07-20 23:05:21,058 - INFO - Allocating UMIs for gene 1700...
2024-07-20 23:05:21,830 - INFO - Allocating UMIs for gene 1800...
2024-07-20 23:05:22,585 - INFO - Allocating UMIs for gene 1900...
2024-07-20 23:05:23,340 - INFO - Allocating UMIs for gene 2000...
2024-07-20 23:05:24,104 - INFO - Allocating UMIs for gene 2100...
2024-07-20 23:05:24,869 - INFO - Allocating UMIs for gene 2200...
2024-07-20 23:05:25,643 - INFO - Allocating UMIs for gene 2300...
2024-07-20 23:05:26,405 - INFO - Allocating UMIs for gene 2400...
2024-07-20 23:05:27,170 - INFO - Allocating UMIs for gene 2500...
2024-07-20 23:05:27,944 - INFO - Allocating UMIs for gene 2600...
2024-07-20 23:05:28,717 - INFO - Allocating UMIs for gene 2700...
2024-07-20 23:05:29,484 - INFO - Allocating UMIs for gene 2800...
2024-07-20 23:05:30,242 - INFO - Allocating UMIs for gene 2900...
2024-07-20 23:05:30,990 - INFO - Allocating UMIs for gene 3000...
2024-07-20 23:05:31,753 - INFO - Allocating UMIs for gene 3100...
2024-07-20 23:05:32,514 - INFO - Allocating UMIs for gene 3200...
2024-07-20 23:05:33,263 - INFO - Allocating UMIs for gene 3300...
2024-07-20 23:05:34,029 - INFO - Allocating UMIs for gene 3400...
2024-07-20 23:05:34,793 - INFO - Allocating UMIs for gene 3500...
2024-07-20 23:05:35,517 - INFO - Allocating UMIs for gene 3600...
2024-07-20 23:05:36,274 - INFO - Allocating UMIs for gene 3700...
2024-07-20 23:05:37,029 - INFO - Allocating UMIs for gene 3800...
2024-07-20 23:05:37,793 - INFO - Allocating UMIs for gene 3900...
2024-07-20 23:05:38,550 - INFO - Allocating UMIs for gene 4000...
2024-07-20 23:05:39,314 - INFO - Allocating UMIs for gene 4100...
2024-07-20 23:05:40,082 - INFO - Allocating UMIs for gene 4200...
2024-07-20 23:05:40,834 - INFO - Allocating UMIs for gene 4300...
2024-07-20 23:05:41,605 - INFO - Allocating UMIs for gene 4400...
2024-07-20 23:05:42,367 - INFO - Allocating UMIs for gene 4500...
2024-07-20 23:05:43,130 - INFO - Allocating UMIs for gene 4600...
2024-07-20 23:05:43,900 - INFO - Allocating UMIs for gene 4700...
2024-07-20 23:05:44,648 - INFO - Allocating UMIs for gene 4800...
2024-07-20 23:05:45,411 - INFO - Allocating UMIs for gene 4900...
2024-07-20 23:05:46,167 - INFO - Allocating UMIs for gene 5000...
2024-07-20 23:05:46,913 - INFO - Allocating UMIs for gene 5100...
2024-07-20 23:05:47,674 - INFO - Allocating UMIs for gene 5200...
2024-07-20 23:05:48,421 - INFO - Allocating UMIs for gene 5300...
2024-07-20 23:05:49,191 - INFO - Allocating UMIs for gene 5400...
2024-07-20 23:05:49,942 - INFO - Allocating UMIs for gene 5500...
2024-07-20 23:05:50,700 - INFO - Allocating UMIs for gene 5600...
2024-07-20 23:05:51,449 - INFO - Allocating UMIs for gene 5700...
2024-07-20 23:05:52,209 - INFO - Allocating UMIs for gene 5800...
2024-07-20 23:05:52,968 - INFO - Allocating UMIs for gene 5900...
2024-07-20 23:05:53,708 - INFO - Allocating UMIs for gene 6000...
2024-07-20 23:05:54,452 - INFO - Allocating UMIs for gene 6100...
2024-07-20 23:05:55,206 - INFO - Allocating UMIs for gene 6200...
2024-07-20 23:05:55,969 - INFO - Allocating UMIs for gene 6300...
2024-07-20 23:05:56,724 - INFO - Allocating UMIs for gene 6400...
2024-07-20 23:05:57,479 - INFO - Allocating UMIs for gene 6500...
2024-07-20 23:05:58,242 - INFO - Allocating UMIs for gene 6600...
2024-07-20 23:05:59,011 - INFO - Allocating UMIs for gene 6700...
2024-07-20 23:05:59,765 - INFO - Allocating UMIs for gene 6800...
2024-07-20 23:06:00,562 - INFO - Allocating UMIs for gene 6900...
2024-07-20 23:06:01,318 - INFO - Allocating UMIs for gene 7000...
2024-07-20 23:06:02,065 - INFO - Allocating UMIs for gene 7100...
2024-07-20 23:06:02,831 - INFO - Allocating UMIs for gene 7200...
2024-07-20 23:06:03,616 - INFO - Allocating UMIs for gene 7300...
2024-07-20 23:06:04,378 - INFO - Allocating UMIs for gene 7400...
2024-07-20 23:06:05,137 - INFO - Allocating UMIs for gene 7500...
2024-07-20 23:06:05,901 - INFO - Allocating UMIs for gene 7600...
2024-07-20 23:06:06,671 - INFO - Allocating UMIs for gene 7700...
2024-07-20 23:06:07,428 - INFO - Allocating UMIs for gene 7800...
2024-07-20 23:06:08,188 - INFO - Allocating UMIs for gene 7900...
2024-07-20 23:06:08,940 - INFO - Allocating UMIs for gene 8000...
2024-07-20 23:06:09,703 - INFO - Allocating UMIs for gene 8100...
2024-07-20 23:06:10,466 - INFO - Allocating UMIs for gene 8200...
2024-07-20 23:06:11,219 - INFO - Allocating UMIs for gene 8300...
2024-07-20 23:06:11,981 - INFO - Allocating UMIs for gene 8400...
2024-07-20 23:06:12,734 - INFO - Allocating UMIs for gene 8500...
2024-07-20 23:06:13,495 - INFO - Allocating UMIs for gene 8600...
2024-07-20 23:06:14,257 - INFO - Allocating UMIs for gene 8700...
2024-07-20 23:06:15,003 - INFO - Allocating UMIs for gene 8800...
2024-07-20 23:06:15,751 - INFO - Allocating UMIs for gene 8900...
2024-07-20 23:06:16,506 - INFO - Allocating UMIs for gene 9000...
2024-07-20 23:06:17,275 - INFO - Allocating UMIs for gene 9100...
2024-07-20 23:06:18,015 - INFO - Allocating UMIs for gene 9200...
2024-07-20 23:06:18,778 - INFO - Allocating UMIs for gene 9300...
2024-07-20 23:06:19,522 - INFO - Allocating UMIs for gene 9400...
2024-07-20 23:06:20,291 - INFO - Allocating UMIs for gene 9500...
2024-07-20 23:06:21,045 - INFO - Allocating UMIs for gene 9600...
2024-07-20 23:06:21,801 - INFO - Allocating UMIs for gene 9700...
2024-07-20 23:06:22,551 - INFO - Allocating UMIs for gene 9800...
2024-07-20 23:06:23,312 - INFO - Allocating UMIs for gene 9900...
2024-07-20 23:06:24,059 - INFO - Allocating UMIs for gene 10000...
2024-07-20 23:06:24,820 - INFO - Allocating UMIs for gene 10100...
2024-07-20 23:06:25,587 - INFO - Allocating UMIs for gene 10200...
2024-07-20 23:06:26,350 - INFO - Allocating UMIs for gene 10300...
2024-07-20 23:06:27,102 - INFO - Allocating UMIs for gene 10400...
2024-07-20 23:06:27,871 - INFO - Allocating UMIs for gene 10500...
2024-07-20 23:06:28,644 - INFO - Allocating UMIs for gene 10600...
2024-07-20 23:06:29,399 - INFO - Allocating UMIs for gene 10700...
2024-07-20 23:06:30,171 - INFO - Allocating UMIs for gene 10800...
2024-07-20 23:06:30,942 - INFO - Allocating UMIs for gene 10900...
2024-07-20 23:06:31,698 - INFO - Allocating UMIs for gene 11000...
2024-07-20 23:06:32,461 - INFO - Allocating UMIs for gene 11100...
2024-07-20 23:06:33,207 - INFO - Allocating UMIs for gene 11200...
2024-07-20 23:06:33,979 - INFO - Allocating UMIs for gene 11300...
2024-07-20 23:06:34,734 - INFO - Allocating UMIs for gene 11400...
2024-07-20 23:06:35,460 - INFO - Allocating UMIs for gene 11500...
2024-07-20 23:06:36,207 - INFO - Allocating UMIs for gene 11600...
2024-07-20 23:06:36,963 - INFO - Allocating UMIs for gene 11700...
2024-07-20 23:06:37,728 - INFO - Allocating UMIs for gene 11800...
2024-07-20 23:06:38,480 - INFO - Allocating UMIs for gene 11900...
2024-07-20 23:06:39,236 - INFO - UMI allocation complete.
2024-07-20 23:06:39,236 - INFO - Counting overall UMI occurrences...
2024-07-20 23:06:39,251 - INFO - Counting inter-gene collisions...
2024-07-20 23:06:39,332 - INFO - Total UMIs generated: 65536
2024-07-20 23:06:39,332 - INFO - Total UMIs allocated: 71428
2024-07-20 23:06:39,332 - INFO - Number of unique UMIs assigned to genes: 43594
2024-07-20 23:06:39,332 - INFO - Inter-gene collisions: 27826
2024-07-20 23:06:39,332 - INFO - Inter-gene collision rate: 0.38957
2024-07-20 23:06:39,332 - INFO - Writing gene UMI counts to file...
2024-07-20 23:06:39,338 - INFO - Writing UMI inter-gene collisions to file...
2024-07-20 23:06:39,347 - INFO - Simulation complete.
