2024-07-20 22:52:12,878 - INFO - Simulation Script Version: 0.0.1
2024-07-20 22:52:12,903 - INFO - Simulation Parameters:
2024-07-20 22:52:12,903 - INFO - Length of UMI: 8
2024-07-20 22:52:12,903 - INFO - Number of genes: 12000
2024-07-20 22:52:12,903 - INFO - Parameters file: None
2024-07-20 22:52:12,904 - INFO - Mean (mu): 6.0
2024-07-20 22:52:12,904 - INFO - Dispersion (theta): 6.0
2024-07-20 22:52:12,904 - INFO - Use Poisson distribution: False
2024-07-20 22:52:12,904 - INFO - Gene UMI counts file: gene_12000_umi8_counts_rep2.txt
2024-07-20 22:52:12,904 - INFO - UMI collisions file: umi8_12000_collisions_rep2.txt
2024-07-20 22:52:12,904 - INFO - Seed: None
2024-07-20 22:52:12,904 - INFO - Log file: umi8_12000_rep2.log
2024-07-20 22:52:12,904 - INFO - No seed specified. Generated random seed: 2842402816
2024-07-20 22:52:12,904 - INFO - Generating all possible UMIs...
2024-07-20 22:52:12,914 - INFO - Total possible UMIs generated: 65536
2024-07-20 22:52:12,914 - INFO - Loading parameters...
2024-07-20 22:52:12,914 - INFO - Sampling read depths for each gene...
2024-07-20 22:52:13,366 - INFO - Read depths sampling complete.
2024-07-20 22:52:13,366 - INFO - Allocating UMIs based on sampled read depths...
2024-07-20 22:52:13,366 - INFO - Allocating UMIs for gene 0...
2024-07-20 22:52:14,409 - INFO - Allocating UMIs for gene 100...
2024-07-20 22:52:15,203 - INFO - Allocating UMIs for gene 200...
2024-07-20 22:52:16,008 - INFO - Allocating UMIs for gene 300...
2024-07-20 22:52:16,794 - INFO - Allocating UMIs for gene 400...
2024-07-20 22:52:17,577 - INFO - Allocating UMIs for gene 500...
2024-07-20 22:52:18,386 - INFO - Allocating UMIs for gene 600...
2024-07-20 22:52:19,182 - INFO - Allocating UMIs for gene 700...
2024-07-20 22:52:19,983 - INFO - Allocating UMIs for gene 800...
2024-07-20 22:52:20,784 - INFO - Allocating UMIs for gene 900...
2024-07-20 22:52:21,575 - INFO - Allocating UMIs for gene 1000...
2024-07-20 22:52:22,373 - INFO - Allocating UMIs for gene 1100...
2024-07-20 22:52:23,182 - INFO - Allocating UMIs for gene 1200...
2024-07-20 22:52:23,978 - INFO - Allocating UMIs for gene 1300...
2024-07-20 22:52:24,779 - INFO - Allocating UMIs for gene 1400...
2024-07-20 22:52:25,578 - INFO - Allocating UMIs for gene 1500...
2024-07-20 22:52:26,392 - INFO - Allocating UMIs for gene 1600...
2024-07-20 22:52:27,196 - INFO - Allocating UMIs for gene 1700...
2024-07-20 22:52:28,002 - INFO - Allocating UMIs for gene 1800...
2024-07-20 22:52:28,838 - INFO - Allocating UMIs for gene 1900...
2024-07-20 22:52:29,821 - INFO - Allocating UMIs for gene 2000...
2024-07-20 22:52:30,625 - INFO - Allocating UMIs for gene 2100...
2024-07-20 22:52:31,430 - INFO - Allocating UMIs for gene 2200...
2024-07-20 22:52:32,207 - INFO - Allocating UMIs for gene 2300...
2024-07-20 22:52:33,004 - INFO - Allocating UMIs for gene 2400...
2024-07-20 22:52:33,805 - INFO - Allocating UMIs for gene 2500...
2024-07-20 22:52:34,613 - INFO - Allocating UMIs for gene 2600...
2024-07-20 22:52:35,410 - INFO - Allocating UMIs for gene 2700...
2024-07-20 22:52:36,213 - INFO - Allocating UMIs for gene 2800...
2024-07-20 22:52:37,020 - INFO - Allocating UMIs for gene 2900...
2024-07-20 22:52:37,817 - INFO - Allocating UMIs for gene 3000...
2024-07-20 22:52:38,597 - INFO - Allocating UMIs for gene 3100...
2024-07-20 22:52:39,395 - INFO - Allocating UMIs for gene 3200...
2024-07-20 22:52:40,193 - INFO - Allocating UMIs for gene 3300...
2024-07-20 22:52:40,994 - INFO - Allocating UMIs for gene 3400...
2024-07-20 22:52:41,794 - INFO - Allocating UMIs for gene 3500...
2024-07-20 22:52:42,602 - INFO - Allocating UMIs for gene 3600...
2024-07-20 22:52:43,525 - INFO - Allocating UMIs for gene 3700...
2024-07-20 22:52:44,463 - INFO - Allocating UMIs for gene 3800...
2024-07-20 22:52:45,541 - INFO - Allocating UMIs for gene 3900...
2024-07-20 22:52:46,452 - INFO - Allocating UMIs for gene 4000...
2024-07-20 22:52:47,346 - INFO - Allocating UMIs for gene 4100...
2024-07-20 22:52:48,141 - INFO - Allocating UMIs for gene 4200...
2024-07-20 22:52:48,947 - INFO - Allocating UMIs for gene 4300...
2024-07-20 22:52:49,754 - INFO - Allocating UMIs for gene 4400...
2024-07-20 22:52:50,560 - INFO - Allocating UMIs for gene 4500...
2024-07-20 22:52:51,357 - INFO - Allocating UMIs for gene 4600...
2024-07-20 22:52:52,151 - INFO - Allocating UMIs for gene 4700...
2024-07-20 22:52:52,940 - INFO - Allocating UMIs for gene 4800...
2024-07-20 22:52:53,727 - INFO - Allocating UMIs for gene 4900...
2024-07-20 22:52:54,501 - INFO - Allocating UMIs for gene 5000...
2024-07-20 22:52:55,296 - INFO - Allocating UMIs for gene 5100...
2024-07-20 22:52:56,074 - INFO - Allocating UMIs for gene 5200...
2024-07-20 22:52:56,846 - INFO - Allocating UMIs for gene 5300...
2024-07-20 22:52:57,633 - INFO - Allocating UMIs for gene 5400...
2024-07-20 22:52:58,422 - INFO - Allocating UMIs for gene 5500...
2024-07-20 22:52:59,233 - INFO - Allocating UMIs for gene 5600...
2024-07-20 22:53:00,241 - INFO - Allocating UMIs for gene 5700...
2024-07-20 22:53:01,024 - INFO - Allocating UMIs for gene 5800...
2024-07-20 22:53:01,805 - INFO - Allocating UMIs for gene 5900...
2024-07-20 22:53:02,603 - INFO - Allocating UMIs for gene 6000...
2024-07-20 22:53:03,403 - INFO - Allocating UMIs for gene 6100...
2024-07-20 22:53:04,302 - INFO - Allocating UMIs for gene 6200...
2024-07-20 22:53:05,088 - INFO - Allocating UMIs for gene 6300...
2024-07-20 22:53:05,876 - INFO - Allocating UMIs for gene 6400...
2024-07-20 22:53:06,665 - INFO - Allocating UMIs for gene 6500...
2024-07-20 22:53:07,454 - INFO - Allocating UMIs for gene 6600...
2024-07-20 22:53:08,241 - INFO - Allocating UMIs for gene 6700...
2024-07-20 22:53:09,030 - INFO - Allocating UMIs for gene 6800...
2024-07-20 22:53:09,825 - INFO - Allocating UMIs for gene 6900...
2024-07-20 22:53:10,621 - INFO - Allocating UMIs for gene 7000...
2024-07-20 22:53:11,418 - INFO - Allocating UMIs for gene 7100...
2024-07-20 22:53:12,211 - INFO - Allocating UMIs for gene 7200...
2024-07-20 22:53:13,001 - INFO - Allocating UMIs for gene 7300...
2024-07-20 22:53:13,788 - INFO - Allocating UMIs for gene 7400...
2024-07-20 22:53:14,578 - INFO - Allocating UMIs for gene 7500...
2024-07-20 22:53:15,378 - INFO - Allocating UMIs for gene 7600...
2024-07-20 22:53:16,284 - INFO - Allocating UMIs for gene 7700...
2024-07-20 22:53:17,195 - INFO - Allocating UMIs for gene 7800...
2024-07-20 22:53:17,969 - INFO - Allocating UMIs for gene 7900...
2024-07-20 22:53:18,888 - INFO - Allocating UMIs for gene 8000...
2024-07-20 22:53:19,733 - INFO - Allocating UMIs for gene 8100...
2024-07-20 22:53:20,517 - INFO - Allocating UMIs for gene 8200...
2024-07-20 22:53:21,558 - INFO - Allocating UMIs for gene 8300...
2024-07-20 22:53:22,352 - INFO - Allocating UMIs for gene 8400...
2024-07-20 22:53:23,406 - INFO - Allocating UMIs for gene 8500...
2024-07-20 22:53:24,183 - INFO - Allocating UMIs for gene 8600...
2024-07-20 22:53:24,954 - INFO - Allocating UMIs for gene 8700...
2024-07-20 22:53:25,714 - INFO - Allocating UMIs for gene 8800...
2024-07-20 22:53:26,499 - INFO - Allocating UMIs for gene 8900...
2024-07-20 22:53:27,294 - INFO - Allocating UMIs for gene 9000...
2024-07-20 22:53:28,064 - INFO - Allocating UMIs for gene 9100...
2024-07-20 22:53:28,850 - INFO - Allocating UMIs for gene 9200...
2024-07-20 22:53:29,626 - INFO - Allocating UMIs for gene 9300...
2024-07-20 22:53:30,390 - INFO - Allocating UMIs for gene 9400...
2024-07-20 22:53:31,159 - INFO - Allocating UMIs for gene 9500...
2024-07-20 22:53:31,945 - INFO - Allocating UMIs for gene 9600...
2024-07-20 22:53:32,729 - INFO - Allocating UMIs for gene 9700...
2024-07-20 22:53:33,510 - INFO - Allocating UMIs for gene 9800...
2024-07-20 22:53:34,295 - INFO - Allocating UMIs for gene 9900...
2024-07-20 22:53:35,078 - INFO - Allocating UMIs for gene 10000...
2024-07-20 22:53:35,863 - INFO - Allocating UMIs for gene 10100...
2024-07-20 22:53:36,654 - INFO - Allocating UMIs for gene 10200...
2024-07-20 22:53:37,422 - INFO - Allocating UMIs for gene 10300...
2024-07-20 22:53:38,198 - INFO - Allocating UMIs for gene 10400...
2024-07-20 22:53:38,972 - INFO - Allocating UMIs for gene 10500...
2024-07-20 22:53:39,765 - INFO - Allocating UMIs for gene 10600...
2024-07-20 22:53:40,549 - INFO - Allocating UMIs for gene 10700...
2024-07-20 22:53:41,331 - INFO - Allocating UMIs for gene 10800...
2024-07-20 22:53:42,108 - INFO - Allocating UMIs for gene 10900...
2024-07-20 22:53:42,867 - INFO - Allocating UMIs for gene 11000...
2024-07-20 22:53:43,659 - INFO - Allocating UMIs for gene 11100...
2024-07-20 22:53:44,429 - INFO - Allocating UMIs for gene 11200...
2024-07-20 22:53:45,225 - INFO - Allocating UMIs for gene 11300...
2024-07-20 22:53:46,011 - INFO - Allocating UMIs for gene 11400...
2024-07-20 22:53:46,793 - INFO - Allocating UMIs for gene 11500...
2024-07-20 22:53:47,553 - INFO - Allocating UMIs for gene 11600...
2024-07-20 22:53:48,510 - INFO - Allocating UMIs for gene 11700...
2024-07-20 22:53:49,457 - INFO - Allocating UMIs for gene 11800...
2024-07-20 22:53:50,263 - INFO - Allocating UMIs for gene 11900...
2024-07-20 22:53:51,172 - INFO - UMI allocation complete.
2024-07-20 22:53:51,172 - INFO - Counting overall UMI occurrences...
2024-07-20 22:53:51,187 - INFO - Counting inter-gene collisions...
2024-07-20 22:53:51,276 - INFO - Total UMIs generated: 65536
2024-07-20 22:53:51,276 - INFO - Total UMIs allocated: 72009
2024-07-20 22:53:51,276 - INFO - Number of unique UMIs assigned to genes: 43642
2024-07-20 22:53:51,276 - INFO - Inter-gene collisions: 28361
2024-07-20 22:53:51,276 - INFO - Inter-gene collision rate: 0.39385
2024-07-20 22:53:51,276 - INFO - Writing gene UMI counts to file...
2024-07-20 22:53:51,282 - INFO - Writing UMI inter-gene collisions to file...
2024-07-20 22:53:51,290 - INFO - Simulation complete.
