2024-07-20 22:50:32,832 - INFO - Simulation Script Version: 0.0.1
2024-07-20 22:50:32,834 - INFO - Simulation Parameters:
2024-07-20 22:50:32,834 - INFO - Length of UMI: 8
2024-07-20 22:50:32,834 - INFO - Number of genes: 12000
2024-07-20 22:50:32,834 - INFO - Parameters file: None
2024-07-20 22:50:32,834 - INFO - Mean (mu): 6.0
2024-07-20 22:50:32,834 - INFO - Dispersion (theta): 6.0
2024-07-20 22:50:32,834 - INFO - Use Poisson distribution: False
2024-07-20 22:50:32,834 - INFO - Gene UMI counts file: gene_12000_umi8_counts_rep1.txt
2024-07-20 22:50:32,835 - INFO - UMI collisions file: umi8_12000_collisions.txt
2024-07-20 22:50:32,835 - INFO - Seed: None
2024-07-20 22:50:32,835 - INFO - Log file: umi8_12000_rep1.log
2024-07-20 22:50:32,835 - INFO - No seed specified. Generated random seed: 1747027470
2024-07-20 22:50:32,835 - INFO - Generating all possible UMIs...
2024-07-20 22:50:32,845 - INFO - Total possible UMIs generated: 65536
2024-07-20 22:50:32,845 - INFO - Loading parameters...
2024-07-20 22:50:32,845 - INFO - Sampling read depths for each gene...
2024-07-20 22:50:33,299 - INFO - Read depths sampling complete.
2024-07-20 22:50:33,299 - INFO - Allocating UMIs based on sampled read depths...
2024-07-20 22:50:33,299 - INFO - Allocating UMIs for gene 0...
2024-07-20 22:50:34,080 - INFO - Allocating UMIs for gene 100...
2024-07-20 22:50:34,939 - INFO - Allocating UMIs for gene 200...
2024-07-20 22:50:35,770 - INFO - Allocating UMIs for gene 300...
2024-07-20 22:50:36,548 - INFO - Allocating UMIs for gene 400...
2024-07-20 22:50:37,321 - INFO - Allocating UMIs for gene 500...
2024-07-20 22:50:38,095 - INFO - Allocating UMIs for gene 600...
2024-07-20 22:50:38,891 - INFO - Allocating UMIs for gene 700...
2024-07-20 22:50:39,670 - INFO - Allocating UMIs for gene 800...
2024-07-20 22:50:40,439 - INFO - Allocating UMIs for gene 900...
2024-07-20 22:50:41,225 - INFO - Allocating UMIs for gene 1000...
2024-07-20 22:50:42,055 - INFO - Allocating UMIs for gene 1100...
2024-07-20 22:50:42,916 - INFO - Allocating UMIs for gene 1200...
2024-07-20 22:50:43,690 - INFO - Allocating UMIs for gene 1300...
2024-07-20 22:50:44,606 - INFO - Allocating UMIs for gene 1400...
2024-07-20 22:50:45,384 - INFO - Allocating UMIs for gene 1500...
2024-07-20 22:50:46,161 - INFO - Allocating UMIs for gene 1600...
2024-07-20 22:50:46,933 - INFO - Allocating UMIs for gene 1700...
2024-07-20 22:50:47,700 - INFO - Allocating UMIs for gene 1800...
2024-07-20 22:50:48,478 - INFO - Allocating UMIs for gene 1900...
2024-07-20 22:50:49,264 - INFO - Allocating UMIs for gene 2000...
2024-07-20 22:50:50,044 - INFO - Allocating UMIs for gene 2100...
2024-07-20 22:50:50,820 - INFO - Allocating UMIs for gene 2200...
2024-07-20 22:50:51,603 - INFO - Allocating UMIs for gene 2300...
2024-07-20 22:50:52,378 - INFO - Allocating UMIs for gene 2400...
2024-07-20 22:50:53,137 - INFO - Allocating UMIs for gene 2500...
2024-07-20 22:50:53,895 - INFO - Allocating UMIs for gene 2600...
2024-07-20 22:50:54,664 - INFO - Allocating UMIs for gene 2700...
2024-07-20 22:50:55,433 - INFO - Allocating UMIs for gene 2800...
2024-07-20 22:50:56,201 - INFO - Allocating UMIs for gene 2900...
2024-07-20 22:50:56,971 - INFO - Allocating UMIs for gene 3000...
2024-07-20 22:50:57,734 - INFO - Allocating UMIs for gene 3100...
2024-07-20 22:50:58,512 - INFO - Allocating UMIs for gene 3200...
2024-07-20 22:50:59,284 - INFO - Allocating UMIs for gene 3300...
2024-07-20 22:51:00,026 - INFO - Allocating UMIs for gene 3400...
2024-07-20 22:51:00,941 - INFO - Allocating UMIs for gene 3500...
2024-07-20 22:51:01,905 - INFO - Allocating UMIs for gene 3600...
2024-07-20 22:51:02,717 - INFO - Allocating UMIs for gene 3700...
2024-07-20 22:51:03,565 - INFO - Allocating UMIs for gene 3800...
2024-07-20 22:51:05,042 - INFO - Allocating UMIs for gene 3900...
2024-07-20 22:51:05,853 - INFO - Allocating UMIs for gene 4000...
2024-07-20 22:51:06,650 - INFO - Allocating UMIs for gene 4100...
2024-07-20 22:51:07,682 - INFO - Allocating UMIs for gene 4200...
2024-07-20 22:51:08,467 - INFO - Allocating UMIs for gene 4300...
2024-07-20 22:51:09,265 - INFO - Allocating UMIs for gene 4400...
2024-07-20 22:51:10,039 - INFO - Allocating UMIs for gene 4500...
2024-07-20 22:51:10,837 - INFO - Allocating UMIs for gene 4600...
2024-07-20 22:51:11,628 - INFO - Allocating UMIs for gene 4700...
2024-07-20 22:51:12,426 - INFO - Allocating UMIs for gene 4800...
2024-07-20 22:51:13,230 - INFO - Allocating UMIs for gene 4900...
2024-07-20 22:51:14,014 - INFO - Allocating UMIs for gene 5000...
2024-07-20 22:51:14,798 - INFO - Allocating UMIs for gene 5100...
2024-07-20 22:51:15,580 - INFO - Allocating UMIs for gene 5200...
2024-07-20 22:51:16,346 - INFO - Allocating UMIs for gene 5300...
2024-07-20 22:51:17,271 - INFO - Allocating UMIs for gene 5400...
2024-07-20 22:51:18,177 - INFO - Allocating UMIs for gene 5500...
2024-07-20 22:51:19,121 - INFO - Allocating UMIs for gene 5600...
2024-07-20 22:51:19,978 - INFO - Allocating UMIs for gene 5700...
2024-07-20 22:51:20,766 - INFO - Allocating UMIs for gene 5800...
2024-07-20 22:51:21,562 - INFO - Allocating UMIs for gene 5900...
2024-07-20 22:51:22,365 - INFO - Allocating UMIs for gene 6000...
2024-07-20 22:51:23,175 - INFO - Allocating UMIs for gene 6100...
2024-07-20 22:51:23,974 - INFO - Allocating UMIs for gene 6200...
2024-07-20 22:51:24,772 - INFO - Allocating UMIs for gene 6300...
2024-07-20 22:51:25,568 - INFO - Allocating UMIs for gene 6400...
2024-07-20 22:51:26,340 - INFO - Allocating UMIs for gene 6500...
2024-07-20 22:51:27,145 - INFO - Allocating UMIs for gene 6600...
2024-07-20 22:51:27,945 - INFO - Allocating UMIs for gene 6700...
2024-07-20 22:51:28,759 - INFO - Allocating UMIs for gene 6800...
2024-07-20 22:51:29,563 - INFO - Allocating UMIs for gene 6900...
2024-07-20 22:51:30,339 - INFO - Allocating UMIs for gene 7000...
2024-07-20 22:51:31,146 - INFO - Allocating UMIs for gene 7100...
2024-07-20 22:51:31,948 - INFO - Allocating UMIs for gene 7200...
2024-07-20 22:51:32,747 - INFO - Allocating UMIs for gene 7300...
2024-07-20 22:51:33,529 - INFO - Allocating UMIs for gene 7400...
2024-07-20 22:51:34,325 - INFO - Allocating UMIs for gene 7500...
2024-07-20 22:51:35,101 - INFO - Allocating UMIs for gene 7600...
2024-07-20 22:51:36,163 - INFO - Allocating UMIs for gene 7700...
2024-07-20 22:51:37,071 - INFO - Allocating UMIs for gene 7800...
2024-07-20 22:51:38,034 - INFO - Allocating UMIs for gene 7900...
2024-07-20 22:51:38,857 - INFO - Allocating UMIs for gene 8000...
2024-07-20 22:51:39,644 - INFO - Allocating UMIs for gene 8100...
2024-07-20 22:51:40,429 - INFO - Allocating UMIs for gene 8200...
2024-07-20 22:51:41,220 - INFO - Allocating UMIs for gene 8300...
2024-07-20 22:51:42,028 - INFO - Allocating UMIs for gene 8400...
2024-07-20 22:51:42,841 - INFO - Allocating UMIs for gene 8500...
2024-07-20 22:51:43,664 - INFO - Allocating UMIs for gene 8600...
2024-07-20 22:51:44,459 - INFO - Allocating UMIs for gene 8700...
2024-07-20 22:51:45,260 - INFO - Allocating UMIs for gene 8800...
2024-07-20 22:51:46,045 - INFO - Allocating UMIs for gene 8900...
2024-07-20 22:51:46,851 - INFO - Allocating UMIs for gene 9000...
2024-07-20 22:51:47,657 - INFO - Allocating UMIs for gene 9100...
2024-07-20 22:51:48,459 - INFO - Allocating UMIs for gene 9200...
2024-07-20 22:51:49,254 - INFO - Allocating UMIs for gene 9300...
2024-07-20 22:51:50,055 - INFO - Allocating UMIs for gene 9400...
2024-07-20 22:51:50,861 - INFO - Allocating UMIs for gene 9500...
2024-07-20 22:51:51,652 - INFO - Allocating UMIs for gene 9600...
2024-07-20 22:51:52,447 - INFO - Allocating UMIs for gene 9700...
2024-07-20 22:51:53,228 - INFO - Allocating UMIs for gene 9800...
2024-07-20 22:51:54,240 - INFO - Allocating UMIs for gene 9900...
2024-07-20 22:51:55,061 - INFO - Allocating UMIs for gene 10000...
2024-07-20 22:51:55,999 - INFO - Allocating UMIs for gene 10100...
2024-07-20 22:51:56,775 - INFO - Allocating UMIs for gene 10200...
2024-07-20 22:51:57,574 - INFO - Allocating UMIs for gene 10300...
2024-07-20 22:51:58,373 - INFO - Allocating UMIs for gene 10400...
2024-07-20 22:51:59,176 - INFO - Allocating UMIs for gene 10500...
2024-07-20 22:51:59,981 - INFO - Allocating UMIs for gene 10600...
2024-07-20 22:52:00,797 - INFO - Allocating UMIs for gene 10700...
2024-07-20 22:52:01,595 - INFO - Allocating UMIs for gene 10800...
2024-07-20 22:52:02,385 - INFO - Allocating UMIs for gene 10900...
2024-07-20 22:52:03,181 - INFO - Allocating UMIs for gene 11000...
2024-07-20 22:52:04,006 - INFO - Allocating UMIs for gene 11100...
2024-07-20 22:52:04,797 - INFO - Allocating UMIs for gene 11200...
2024-07-20 22:52:05,589 - INFO - Allocating UMIs for gene 11300...
2024-07-20 22:52:06,382 - INFO - Allocating UMIs for gene 11400...
2024-07-20 22:52:07,181 - INFO - Allocating UMIs for gene 11500...
2024-07-20 22:52:08,074 - INFO - Allocating UMIs for gene 11600...
2024-07-20 22:52:08,982 - INFO - Allocating UMIs for gene 11700...
2024-07-20 22:52:09,837 - INFO - Allocating UMIs for gene 11800...
2024-07-20 22:52:10,692 - INFO - Allocating UMIs for gene 11900...
2024-07-20 22:52:11,603 - INFO - UMI allocation complete.
2024-07-20 22:52:11,603 - INFO - Counting overall UMI occurrences...
2024-07-20 22:52:11,620 - INFO - Counting inter-gene collisions...
2024-07-20 22:52:11,759 - INFO - Total UMIs generated: 65536
2024-07-20 22:52:11,759 - INFO - Total UMIs allocated: 71936
2024-07-20 22:52:11,760 - INFO - Number of unique UMIs assigned to genes: 43681
2024-07-20 22:52:11,760 - INFO - Inter-gene collisions: 28255
2024-07-20 22:52:11,760 - INFO - Inter-gene collision rate: 0.39278
2024-07-20 22:52:11,760 - INFO - Writing gene UMI counts to file...
2024-07-20 22:52:11,776 - INFO - Writing UMI inter-gene collisions to file...
2024-07-20 22:52:11,834 - INFO - Simulation complete.
