2024-07-20 22:58:45,361 - INFO - Simulation Script Version: 0.0.1
2024-07-20 22:58:45,363 - INFO - Simulation Parameters:
2024-07-20 22:58:45,363 - INFO - Length of UMI: 8
2024-07-20 22:58:45,363 - INFO - Number of genes: 12000
2024-07-20 22:58:45,364 - INFO - Parameters file: None
2024-07-20 22:58:45,364 - INFO - Mean (mu): 6.0
2024-07-20 22:58:45,364 - INFO - Dispersion (theta): 6.0
2024-07-20 22:58:45,364 - INFO - Use Poisson distribution: False
2024-07-20 22:58:45,364 - INFO - Gene UMI counts file: gene_12000_umi8_counts_rep6.txt
2024-07-20 22:58:45,364 - INFO - UMI collisions file: umi8_12000_collisions_rep6.txt
2024-07-20 22:58:45,364 - INFO - Seed: None
2024-07-20 22:58:45,364 - INFO - Log file: umi8_12000_rep6.log
2024-07-20 22:58:45,364 - INFO - No seed specified. Generated random seed: 1888648283
2024-07-20 22:58:45,364 - INFO - Generating all possible UMIs...
2024-07-20 22:58:45,374 - INFO - Total possible UMIs generated: 65536
2024-07-20 22:58:45,374 - INFO - Loading parameters...
2024-07-20 22:58:45,374 - INFO - Sampling read depths for each gene...
2024-07-20 22:58:45,827 - INFO - Read depths sampling complete.
2024-07-20 22:58:45,828 - INFO - Allocating UMIs based on sampled read depths...
2024-07-20 22:58:45,828 - INFO - Allocating UMIs for gene 0...
2024-07-20 22:58:46,603 - INFO - Allocating UMIs for gene 100...
2024-07-20 22:58:47,395 - INFO - Allocating UMIs for gene 200...
2024-07-20 22:58:48,175 - INFO - Allocating UMIs for gene 300...
2024-07-20 22:58:48,961 - INFO - Allocating UMIs for gene 400...
2024-07-20 22:58:49,716 - INFO - Allocating UMIs for gene 500...
2024-07-20 22:58:50,489 - INFO - Allocating UMIs for gene 600...
2024-07-20 22:58:51,272 - INFO - Allocating UMIs for gene 700...
2024-07-20 22:58:52,033 - INFO - Allocating UMIs for gene 800...
2024-07-20 22:58:53,010 - INFO - Allocating UMIs for gene 900...
2024-07-20 22:58:53,785 - INFO - Allocating UMIs for gene 1000...
2024-07-20 22:58:54,577 - INFO - Allocating UMIs for gene 1100...
2024-07-20 22:58:55,375 - INFO - Allocating UMIs for gene 1200...
2024-07-20 22:58:56,166 - INFO - Allocating UMIs for gene 1300...
2024-07-20 22:58:56,952 - INFO - Allocating UMIs for gene 1400...
2024-07-20 22:58:57,741 - INFO - Allocating UMIs for gene 1500...
2024-07-20 22:58:58,574 - INFO - Allocating UMIs for gene 1600...
2024-07-20 22:58:59,373 - INFO - Allocating UMIs for gene 1700...
2024-07-20 22:59:00,168 - INFO - Allocating UMIs for gene 1800...
2024-07-20 22:59:00,955 - INFO - Allocating UMIs for gene 1900...
2024-07-20 22:59:01,729 - INFO - Allocating UMIs for gene 2000...
2024-07-20 22:59:02,518 - INFO - Allocating UMIs for gene 2100...
2024-07-20 22:59:03,291 - INFO - Allocating UMIs for gene 2200...
2024-07-20 22:59:04,081 - INFO - Allocating UMIs for gene 2300...
2024-07-20 22:59:04,861 - INFO - Allocating UMIs for gene 2400...
2024-07-20 22:59:05,636 - INFO - Allocating UMIs for gene 2500...
2024-07-20 22:59:06,413 - INFO - Allocating UMIs for gene 2600...
2024-07-20 22:59:07,188 - INFO - Allocating UMIs for gene 2700...
2024-07-20 22:59:07,971 - INFO - Allocating UMIs for gene 2800...
2024-07-20 22:59:08,731 - INFO - Allocating UMIs for gene 2900...
2024-07-20 22:59:09,523 - INFO - Allocating UMIs for gene 3000...
2024-07-20 22:59:10,286 - INFO - Allocating UMIs for gene 3100...
2024-07-20 22:59:11,052 - INFO - Allocating UMIs for gene 3200...
2024-07-20 22:59:11,845 - INFO - Allocating UMIs for gene 3300...
2024-07-20 22:59:12,636 - INFO - Allocating UMIs for gene 3400...
2024-07-20 22:59:13,417 - INFO - Allocating UMIs for gene 3500...
2024-07-20 22:59:14,184 - INFO - Allocating UMIs for gene 3600...
2024-07-20 22:59:14,982 - INFO - Allocating UMIs for gene 3700...
2024-07-20 22:59:15,901 - INFO - Allocating UMIs for gene 3800...
2024-07-20 22:59:16,674 - INFO - Allocating UMIs for gene 3900...
2024-07-20 22:59:17,457 - INFO - Allocating UMIs for gene 4000...
2024-07-20 22:59:18,241 - INFO - Allocating UMIs for gene 4100...
2024-07-20 22:59:19,025 - INFO - Allocating UMIs for gene 4200...
2024-07-20 22:59:19,804 - INFO - Allocating UMIs for gene 4300...
2024-07-20 22:59:20,584 - INFO - Allocating UMIs for gene 4400...
2024-07-20 22:59:21,360 - INFO - Allocating UMIs for gene 4500...
2024-07-20 22:59:22,142 - INFO - Allocating UMIs for gene 4600...
2024-07-20 22:59:22,924 - INFO - Allocating UMIs for gene 4700...
2024-07-20 22:59:23,706 - INFO - Allocating UMIs for gene 4800...
2024-07-20 22:59:24,479 - INFO - Allocating UMIs for gene 4900...
2024-07-20 22:59:25,266 - INFO - Allocating UMIs for gene 5000...
2024-07-20 22:59:26,057 - INFO - Allocating UMIs for gene 5100...
2024-07-20 22:59:26,848 - INFO - Allocating UMIs for gene 5200...
2024-07-20 22:59:27,623 - INFO - Allocating UMIs for gene 5300...
2024-07-20 22:59:28,414 - INFO - Allocating UMIs for gene 5400...
2024-07-20 22:59:29,203 - INFO - Allocating UMIs for gene 5500...
2024-07-20 22:59:29,979 - INFO - Allocating UMIs for gene 5600...
2024-07-20 22:59:30,735 - INFO - Allocating UMIs for gene 5700...
2024-07-20 22:59:31,518 - INFO - Allocating UMIs for gene 5800...
2024-07-20 22:59:32,308 - INFO - Allocating UMIs for gene 5900...
2024-07-20 22:59:33,099 - INFO - Allocating UMIs for gene 6000...
2024-07-20 22:59:33,871 - INFO - Allocating UMIs for gene 6100...
2024-07-20 22:59:34,646 - INFO - Allocating UMIs for gene 6200...
2024-07-20 22:59:35,424 - INFO - Allocating UMIs for gene 6300...
2024-07-20 22:59:36,208 - INFO - Allocating UMIs for gene 6400...
2024-07-20 22:59:36,968 - INFO - Allocating UMIs for gene 6500...
2024-07-20 22:59:37,751 - INFO - Allocating UMIs for gene 6600...
2024-07-20 22:59:38,516 - INFO - Allocating UMIs for gene 6700...
2024-07-20 22:59:39,310 - INFO - Allocating UMIs for gene 6800...
2024-07-20 22:59:40,078 - INFO - Allocating UMIs for gene 6900...
2024-07-20 22:59:40,856 - INFO - Allocating UMIs for gene 7000...
2024-07-20 22:59:41,647 - INFO - Allocating UMIs for gene 7100...
2024-07-20 22:59:42,430 - INFO - Allocating UMIs for gene 7200...
2024-07-20 22:59:43,214 - INFO - Allocating UMIs for gene 7300...
2024-07-20 22:59:43,992 - INFO - Allocating UMIs for gene 7400...
2024-07-20 22:59:44,769 - INFO - Allocating UMIs for gene 7500...
2024-07-20 22:59:45,552 - INFO - Allocating UMIs for gene 7600...
2024-07-20 22:59:46,313 - INFO - Allocating UMIs for gene 7700...
2024-07-20 22:59:47,095 - INFO - Allocating UMIs for gene 7800...
2024-07-20 22:59:47,872 - INFO - Allocating UMIs for gene 7900...
2024-07-20 22:59:48,656 - INFO - Allocating UMIs for gene 8000...
2024-07-20 22:59:49,709 - INFO - Allocating UMIs for gene 8100...
2024-07-20 22:59:50,504 - INFO - Allocating UMIs for gene 8200...
2024-07-20 22:59:51,287 - INFO - Allocating UMIs for gene 8300...
2024-07-20 22:59:52,042 - INFO - Allocating UMIs for gene 8400...
2024-07-20 22:59:52,827 - INFO - Allocating UMIs for gene 8500...
2024-07-20 22:59:53,609 - INFO - Allocating UMIs for gene 8600...
2024-07-20 22:59:54,399 - INFO - Allocating UMIs for gene 8700...
2024-07-20 22:59:55,178 - INFO - Allocating UMIs for gene 8800...
2024-07-20 22:59:56,177 - INFO - Allocating UMIs for gene 8900...
2024-07-20 22:59:56,968 - INFO - Allocating UMIs for gene 9000...
2024-07-20 22:59:57,752 - INFO - Allocating UMIs for gene 9100...
2024-07-20 22:59:58,526 - INFO - Allocating UMIs for gene 9200...
2024-07-20 22:59:59,320 - INFO - Allocating UMIs for gene 9300...
2024-07-20 23:00:00,139 - INFO - Allocating UMIs for gene 9400...
2024-07-20 23:00:00,933 - INFO - Allocating UMIs for gene 9500...
2024-07-20 23:00:01,726 - INFO - Allocating UMIs for gene 9600...
2024-07-20 23:00:02,507 - INFO - Allocating UMIs for gene 9700...
2024-07-20 23:00:03,305 - INFO - Allocating UMIs for gene 9800...
2024-07-20 23:00:04,089 - INFO - Allocating UMIs for gene 9900...
2024-07-20 23:00:04,873 - INFO - Allocating UMIs for gene 10000...
2024-07-20 23:00:05,742 - INFO - Allocating UMIs for gene 10100...
2024-07-20 23:00:06,580 - INFO - Allocating UMIs for gene 10200...
2024-07-20 23:00:07,354 - INFO - Allocating UMIs for gene 10300...
2024-07-20 23:00:08,129 - INFO - Allocating UMIs for gene 10400...
2024-07-20 23:00:08,911 - INFO - Allocating UMIs for gene 10500...
2024-07-20 23:00:09,672 - INFO - Allocating UMIs for gene 10600...
2024-07-20 23:00:10,447 - INFO - Allocating UMIs for gene 10700...
2024-07-20 23:00:11,225 - INFO - Allocating UMIs for gene 10800...
2024-07-20 23:00:11,992 - INFO - Allocating UMIs for gene 10900...
2024-07-20 23:00:12,766 - INFO - Allocating UMIs for gene 11000...
2024-07-20 23:00:13,532 - INFO - Allocating UMIs for gene 11100...
2024-07-20 23:00:14,325 - INFO - Allocating UMIs for gene 11200...
2024-07-20 23:00:15,331 - INFO - Allocating UMIs for gene 11300...
2024-07-20 23:00:16,187 - INFO - Allocating UMIs for gene 11400...
2024-07-20 23:00:16,947 - INFO - Allocating UMIs for gene 11500...
2024-07-20 23:00:17,708 - INFO - Allocating UMIs for gene 11600...
2024-07-20 23:00:18,491 - INFO - Allocating UMIs for gene 11700...
2024-07-20 23:00:19,276 - INFO - Allocating UMIs for gene 11800...
2024-07-20 23:00:20,139 - INFO - Allocating UMIs for gene 11900...
2024-07-20 23:00:20,988 - INFO - UMI allocation complete.
2024-07-20 23:00:20,988 - INFO - Counting overall UMI occurrences...
2024-07-20 23:00:21,004 - INFO - Counting inter-gene collisions...
2024-07-20 23:00:21,096 - INFO - Total UMIs generated: 65536
2024-07-20 23:00:21,096 - INFO - Total UMIs allocated: 71583
2024-07-20 23:00:21,096 - INFO - Number of unique UMIs assigned to genes: 43370
2024-07-20 23:00:21,096 - INFO - Inter-gene collisions: 28210
2024-07-20 23:00:21,096 - INFO - Inter-gene collision rate: 0.39409
2024-07-20 23:00:21,096 - INFO - Writing gene UMI counts to file...
2024-07-20 23:00:21,102 - INFO - Writing UMI inter-gene collisions to file...
2024-07-20 23:00:21,110 - INFO - Simulation complete.
