2024-07-20 23:01:59,355 - INFO - Simulation Script Version: 0.0.1
2024-07-20 23:01:59,358 - INFO - Simulation Parameters:
2024-07-20 23:01:59,358 - INFO - Length of UMI: 8
2024-07-20 23:01:59,358 - INFO - Number of genes: 12000
2024-07-20 23:01:59,358 - INFO - Parameters file: None
2024-07-20 23:01:59,358 - INFO - Mean (mu): 6.0
2024-07-20 23:01:59,358 - INFO - Dispersion (theta): 6.0
2024-07-20 23:01:59,358 - INFO - Use Poisson distribution: False
2024-07-20 23:01:59,358 - INFO - Gene UMI counts file: gene_12000_umi8_counts_rep8.txt
2024-07-20 23:01:59,358 - INFO - UMI collisions file: umi8_12000_collisions_rep8.txt
2024-07-20 23:01:59,358 - INFO - Seed: None
2024-07-20 23:01:59,358 - INFO - Log file: umi8_12000_rep8.log
2024-07-20 23:01:59,358 - INFO - No seed specified. Generated random seed: 1387172585
2024-07-20 23:01:59,358 - INFO - Generating all possible UMIs...
2024-07-20 23:01:59,368 - INFO - Total possible UMIs generated: 65536
2024-07-20 23:01:59,368 - INFO - Loading parameters...
2024-07-20 23:01:59,368 - INFO - Sampling read depths for each gene...
2024-07-20 23:01:59,819 - INFO - Read depths sampling complete.
2024-07-20 23:01:59,819 - INFO - Allocating UMIs based on sampled read depths...
2024-07-20 23:01:59,819 - INFO - Allocating UMIs for gene 0...
2024-07-20 23:02:00,630 - INFO - Allocating UMIs for gene 100...
2024-07-20 23:02:01,415 - INFO - Allocating UMIs for gene 200...
2024-07-20 23:02:02,207 - INFO - Allocating UMIs for gene 300...
2024-07-20 23:02:03,016 - INFO - Allocating UMIs for gene 400...
2024-07-20 23:02:03,755 - INFO - Allocating UMIs for gene 500...
2024-07-20 23:02:04,530 - INFO - Allocating UMIs for gene 600...
2024-07-20 23:02:05,305 - INFO - Allocating UMIs for gene 700...
2024-07-20 23:02:06,090 - INFO - Allocating UMIs for gene 800...
2024-07-20 23:02:06,866 - INFO - Allocating UMIs for gene 900...
2024-07-20 23:02:07,670 - INFO - Allocating UMIs for gene 1000...
2024-07-20 23:02:08,459 - INFO - Allocating UMIs for gene 1100...
2024-07-20 23:02:09,234 - INFO - Allocating UMIs for gene 1200...
2024-07-20 23:02:10,009 - INFO - Allocating UMIs for gene 1300...
2024-07-20 23:02:10,774 - INFO - Allocating UMIs for gene 1400...
2024-07-20 23:02:11,555 - INFO - Allocating UMIs for gene 1500...
2024-07-20 23:02:12,332 - INFO - Allocating UMIs for gene 1600...
2024-07-20 23:02:13,105 - INFO - Allocating UMIs for gene 1700...
2024-07-20 23:02:13,871 - INFO - Allocating UMIs for gene 1800...
2024-07-20 23:02:14,660 - INFO - Allocating UMIs for gene 1900...
2024-07-20 23:02:15,449 - INFO - Allocating UMIs for gene 2000...
2024-07-20 23:02:16,228 - INFO - Allocating UMIs for gene 2100...
2024-07-20 23:02:16,994 - INFO - Allocating UMIs for gene 2200...
2024-07-20 23:02:17,768 - INFO - Allocating UMIs for gene 2300...
2024-07-20 23:02:18,541 - INFO - Allocating UMIs for gene 2400...
2024-07-20 23:02:19,319 - INFO - Allocating UMIs for gene 2500...
2024-07-20 23:02:20,093 - INFO - Allocating UMIs for gene 2600...
2024-07-20 23:02:20,865 - INFO - Allocating UMIs for gene 2700...
2024-07-20 23:02:21,644 - INFO - Allocating UMIs for gene 2800...
2024-07-20 23:02:22,434 - INFO - Allocating UMIs for gene 2900...
2024-07-20 23:02:23,217 - INFO - Allocating UMIs for gene 3000...
2024-07-20 23:02:23,998 - INFO - Allocating UMIs for gene 3100...
2024-07-20 23:02:24,778 - INFO - Allocating UMIs for gene 3200...
2024-07-20 23:02:25,559 - INFO - Allocating UMIs for gene 3300...
2024-07-20 23:02:26,348 - INFO - Allocating UMIs for gene 3400...
2024-07-20 23:02:27,131 - INFO - Allocating UMIs for gene 3500...
2024-07-20 23:02:27,887 - INFO - Allocating UMIs for gene 3600...
2024-07-20 23:02:28,681 - INFO - Allocating UMIs for gene 3700...
2024-07-20 23:02:29,446 - INFO - Allocating UMIs for gene 3800...
2024-07-20 23:02:30,221 - INFO - Allocating UMIs for gene 3900...
2024-07-20 23:02:31,157 - INFO - Allocating UMIs for gene 4000...
2024-07-20 23:02:31,923 - INFO - Allocating UMIs for gene 4100...
2024-07-20 23:02:32,701 - INFO - Allocating UMIs for gene 4200...
2024-07-20 23:02:33,472 - INFO - Allocating UMIs for gene 4300...
2024-07-20 23:02:34,248 - INFO - Allocating UMIs for gene 4400...
2024-07-20 23:02:35,010 - INFO - Allocating UMIs for gene 4500...
2024-07-20 23:02:35,797 - INFO - Allocating UMIs for gene 4600...
2024-07-20 23:02:36,576 - INFO - Allocating UMIs for gene 4700...
2024-07-20 23:02:37,351 - INFO - Allocating UMIs for gene 4800...
2024-07-20 23:02:38,139 - INFO - Allocating UMIs for gene 4900...
2024-07-20 23:02:38,919 - INFO - Allocating UMIs for gene 5000...
2024-07-20 23:02:39,707 - INFO - Allocating UMIs for gene 5100...
2024-07-20 23:02:40,487 - INFO - Allocating UMIs for gene 5200...
2024-07-20 23:02:41,274 - INFO - Allocating UMIs for gene 5300...
2024-07-20 23:02:42,060 - INFO - Allocating UMIs for gene 5400...
2024-07-20 23:02:42,838 - INFO - Allocating UMIs for gene 5500...
2024-07-20 23:02:43,620 - INFO - Allocating UMIs for gene 5600...
2024-07-20 23:02:44,397 - INFO - Allocating UMIs for gene 5700...
2024-07-20 23:02:45,233 - INFO - Allocating UMIs for gene 5800...
2024-07-20 23:02:46,064 - INFO - Allocating UMIs for gene 5900...
2024-07-20 23:02:46,844 - INFO - Allocating UMIs for gene 6000...
2024-07-20 23:02:47,632 - INFO - Allocating UMIs for gene 6100...
2024-07-20 23:02:48,410 - INFO - Allocating UMIs for gene 6200...
2024-07-20 23:02:49,199 - INFO - Allocating UMIs for gene 6300...
2024-07-20 23:02:49,980 - INFO - Allocating UMIs for gene 6400...
2024-07-20 23:02:50,743 - INFO - Allocating UMIs for gene 6500...
2024-07-20 23:02:51,530 - INFO - Allocating UMIs for gene 6600...
2024-07-20 23:02:52,310 - INFO - Allocating UMIs for gene 6700...
2024-07-20 23:02:53,099 - INFO - Allocating UMIs for gene 6800...
2024-07-20 23:02:53,872 - INFO - Allocating UMIs for gene 6900...
2024-07-20 23:02:54,646 - INFO - Allocating UMIs for gene 7000...
2024-07-20 23:02:55,416 - INFO - Allocating UMIs for gene 7100...
2024-07-20 23:02:56,198 - INFO - Allocating UMIs for gene 7200...
2024-07-20 23:02:56,972 - INFO - Allocating UMIs for gene 7300...
2024-07-20 23:02:57,757 - INFO - Allocating UMIs for gene 7400...
2024-07-20 23:02:58,553 - INFO - Allocating UMIs for gene 7500...
2024-07-20 23:02:59,329 - INFO - Allocating UMIs for gene 7600...
2024-07-20 23:03:00,114 - INFO - Allocating UMIs for gene 7700...
2024-07-20 23:03:00,880 - INFO - Allocating UMIs for gene 7800...
2024-07-20 23:03:01,645 - INFO - Allocating UMIs for gene 7900...
2024-07-20 23:03:02,425 - INFO - Allocating UMIs for gene 8000...
2024-07-20 23:03:03,182 - INFO - Allocating UMIs for gene 8100...
2024-07-20 23:03:03,943 - INFO - Allocating UMIs for gene 8200...
2024-07-20 23:03:04,711 - INFO - Allocating UMIs for gene 8300...
2024-07-20 23:03:05,474 - INFO - Allocating UMIs for gene 8400...
2024-07-20 23:03:06,259 - INFO - Allocating UMIs for gene 8500...
2024-07-20 23:03:07,046 - INFO - Allocating UMIs for gene 8600...
2024-07-20 23:03:07,829 - INFO - Allocating UMIs for gene 8700...
2024-07-20 23:03:08,602 - INFO - Allocating UMIs for gene 8800...
2024-07-20 23:03:09,391 - INFO - Allocating UMIs for gene 8900...
2024-07-20 23:03:10,177 - INFO - Allocating UMIs for gene 9000...
2024-07-20 23:03:10,957 - INFO - Allocating UMIs for gene 9100...
2024-07-20 23:03:11,720 - INFO - Allocating UMIs for gene 9200...
2024-07-20 23:03:12,501 - INFO - Allocating UMIs for gene 9300...
2024-07-20 23:03:13,284 - INFO - Allocating UMIs for gene 9400...
2024-07-20 23:03:14,064 - INFO - Allocating UMIs for gene 9500...
2024-07-20 23:03:14,856 - INFO - Allocating UMIs for gene 9600...
2024-07-20 23:03:15,627 - INFO - Allocating UMIs for gene 9700...
2024-07-20 23:03:16,413 - INFO - Allocating UMIs for gene 9800...
2024-07-20 23:03:17,192 - INFO - Allocating UMIs for gene 9900...
2024-07-20 23:03:17,984 - INFO - Allocating UMIs for gene 10000...
2024-07-20 23:03:18,776 - INFO - Allocating UMIs for gene 10100...
2024-07-20 23:03:19,533 - INFO - Allocating UMIs for gene 10200...
2024-07-20 23:03:20,322 - INFO - Allocating UMIs for gene 10300...
2024-07-20 23:03:21,109 - INFO - Allocating UMIs for gene 10400...
2024-07-20 23:03:21,856 - INFO - Allocating UMIs for gene 10500...
2024-07-20 23:03:22,629 - INFO - Allocating UMIs for gene 10600...
2024-07-20 23:03:23,395 - INFO - Allocating UMIs for gene 10700...
2024-07-20 23:03:24,174 - INFO - Allocating UMIs for gene 10800...
2024-07-20 23:03:24,952 - INFO - Allocating UMIs for gene 10900...
2024-07-20 23:03:25,725 - INFO - Allocating UMIs for gene 11000...
2024-07-20 23:03:26,497 - INFO - Allocating UMIs for gene 11100...
2024-07-20 23:03:27,260 - INFO - Allocating UMIs for gene 11200...
2024-07-20 23:03:28,051 - INFO - Allocating UMIs for gene 11300...
2024-07-20 23:03:28,846 - INFO - Allocating UMIs for gene 11400...
2024-07-20 23:03:29,631 - INFO - Allocating UMIs for gene 11500...
2024-07-20 23:03:30,415 - INFO - Allocating UMIs for gene 11600...
2024-07-20 23:03:31,169 - INFO - Allocating UMIs for gene 11700...
2024-07-20 23:03:31,948 - INFO - Allocating UMIs for gene 11800...
2024-07-20 23:03:32,720 - INFO - Allocating UMIs for gene 11900...
2024-07-20 23:03:33,507 - INFO - UMI allocation complete.
2024-07-20 23:03:33,507 - INFO - Counting overall UMI occurrences...
2024-07-20 23:03:33,524 - INFO - Counting inter-gene collisions...
2024-07-20 23:03:33,613 - INFO - Total UMIs generated: 65536
2024-07-20 23:03:33,613 - INFO - Total UMIs allocated: 71928
2024-07-20 23:03:33,613 - INFO - Number of unique UMIs assigned to genes: 43799
2024-07-20 23:03:33,613 - INFO - Inter-gene collisions: 28126
2024-07-20 23:03:33,613 - INFO - Inter-gene collision rate: 0.39103
2024-07-20 23:03:33,613 - INFO - Writing gene UMI counts to file...
2024-07-20 23:03:33,619 - INFO - Writing UMI inter-gene collisions to file...
2024-07-20 23:03:33,628 - INFO - Simulation complete.
