2024-07-20 22:57:07,652 - INFO - Simulation Script Version: 0.0.1
2024-07-20 22:57:07,654 - INFO - Simulation Parameters:
2024-07-20 22:57:07,654 - INFO - Length of UMI: 8
2024-07-20 22:57:07,654 - INFO - Number of genes: 12000
2024-07-20 22:57:07,654 - INFO - Parameters file: None
2024-07-20 22:57:07,655 - INFO - Mean (mu): 6.0
2024-07-20 22:57:07,655 - INFO - Dispersion (theta): 6.0
2024-07-20 22:57:07,655 - INFO - Use Poisson distribution: False
2024-07-20 22:57:07,655 - INFO - Gene UMI counts file: gene_12000_umi8_counts_rep5.txt
2024-07-20 22:57:07,655 - INFO - UMI collisions file: umi8_12000_collisions_rep5.txt
2024-07-20 22:57:07,655 - INFO - Seed: None
2024-07-20 22:57:07,655 - INFO - Log file: umi8_12000_rep5.log
2024-07-20 22:57:07,655 - INFO - No seed specified. Generated random seed: 1600666161
2024-07-20 22:57:07,655 - INFO - Generating all possible UMIs...
2024-07-20 22:57:07,665 - INFO - Total possible UMIs generated: 65536
2024-07-20 22:57:07,665 - INFO - Loading parameters...
2024-07-20 22:57:07,665 - INFO - Sampling read depths for each gene...
2024-07-20 22:57:08,120 - INFO - Read depths sampling complete.
2024-07-20 22:57:08,120 - INFO - Allocating UMIs based on sampled read depths...
2024-07-20 22:57:08,120 - INFO - Allocating UMIs for gene 0...
2024-07-20 22:57:08,902 - INFO - Allocating UMIs for gene 100...
2024-07-20 22:57:09,679 - INFO - Allocating UMIs for gene 200...
2024-07-20 22:57:10,465 - INFO - Allocating UMIs for gene 300...
2024-07-20 22:57:11,252 - INFO - Allocating UMIs for gene 400...
2024-07-20 22:57:12,041 - INFO - Allocating UMIs for gene 500...
2024-07-20 22:57:12,826 - INFO - Allocating UMIs for gene 600...
2024-07-20 22:57:13,618 - INFO - Allocating UMIs for gene 700...
2024-07-20 22:57:14,412 - INFO - Allocating UMIs for gene 800...
2024-07-20 22:57:15,204 - INFO - Allocating UMIs for gene 900...
2024-07-20 22:57:15,986 - INFO - Allocating UMIs for gene 1000...
2024-07-20 22:57:16,754 - INFO - Allocating UMIs for gene 1100...
2024-07-20 22:57:17,551 - INFO - Allocating UMIs for gene 1200...
2024-07-20 22:57:18,353 - INFO - Allocating UMIs for gene 1300...
2024-07-20 22:57:19,154 - INFO - Allocating UMIs for gene 1400...
2024-07-20 22:57:19,947 - INFO - Allocating UMIs for gene 1500...
2024-07-20 22:57:20,739 - INFO - Allocating UMIs for gene 1600...
2024-07-20 22:57:21,530 - INFO - Allocating UMIs for gene 1700...
2024-07-20 22:57:22,322 - INFO - Allocating UMIs for gene 1800...
2024-07-20 22:57:23,159 - INFO - Allocating UMIs for gene 1900...
2024-07-20 22:57:24,051 - INFO - Allocating UMIs for gene 2000...
2024-07-20 22:57:24,831 - INFO - Allocating UMIs for gene 2100...
2024-07-20 22:57:25,624 - INFO - Allocating UMIs for gene 2200...
2024-07-20 22:57:26,424 - INFO - Allocating UMIs for gene 2300...
2024-07-20 22:57:27,219 - INFO - Allocating UMIs for gene 2400...
2024-07-20 22:57:28,005 - INFO - Allocating UMIs for gene 2500...
2024-07-20 22:57:28,811 - INFO - Allocating UMIs for gene 2600...
2024-07-20 22:57:29,622 - INFO - Allocating UMIs for gene 2700...
2024-07-20 22:57:30,400 - INFO - Allocating UMIs for gene 2800...
2024-07-20 22:57:31,177 - INFO - Allocating UMIs for gene 2900...
2024-07-20 22:57:31,949 - INFO - Allocating UMIs for gene 3000...
2024-07-20 22:57:32,747 - INFO - Allocating UMIs for gene 3100...
2024-07-20 22:57:33,524 - INFO - Allocating UMIs for gene 3200...
2024-07-20 22:57:34,311 - INFO - Allocating UMIs for gene 3300...
2024-07-20 22:57:35,107 - INFO - Allocating UMIs for gene 3400...
2024-07-20 22:57:35,908 - INFO - Allocating UMIs for gene 3500...
2024-07-20 22:57:36,685 - INFO - Allocating UMIs for gene 3600...
2024-07-20 22:57:37,477 - INFO - Allocating UMIs for gene 3700...
2024-07-20 22:57:38,264 - INFO - Allocating UMIs for gene 3800...
2024-07-20 22:57:39,069 - INFO - Allocating UMIs for gene 3900...
2024-07-20 22:57:39,865 - INFO - Allocating UMIs for gene 4000...
2024-07-20 22:57:40,645 - INFO - Allocating UMIs for gene 4100...
2024-07-20 22:57:41,426 - INFO - Allocating UMIs for gene 4200...
2024-07-20 22:57:42,229 - INFO - Allocating UMIs for gene 4300...
2024-07-20 22:57:43,023 - INFO - Allocating UMIs for gene 4400...
2024-07-20 22:57:43,829 - INFO - Allocating UMIs for gene 4500...
2024-07-20 22:57:44,604 - INFO - Allocating UMIs for gene 4600...
2024-07-20 22:57:45,398 - INFO - Allocating UMIs for gene 4700...
2024-07-20 22:57:46,176 - INFO - Allocating UMIs for gene 4800...
2024-07-20 22:57:46,976 - INFO - Allocating UMIs for gene 4900...
2024-07-20 22:57:47,881 - INFO - Allocating UMIs for gene 5000...
2024-07-20 22:57:48,782 - INFO - Allocating UMIs for gene 5100...
2024-07-20 22:57:49,568 - INFO - Allocating UMIs for gene 5200...
2024-07-20 22:57:50,361 - INFO - Allocating UMIs for gene 5300...
2024-07-20 22:57:51,177 - INFO - Allocating UMIs for gene 5400...
2024-07-20 22:57:52,112 - INFO - Allocating UMIs for gene 5500...
2024-07-20 22:57:52,904 - INFO - Allocating UMIs for gene 5600...
2024-07-20 22:57:53,687 - INFO - Allocating UMIs for gene 5700...
2024-07-20 22:57:54,470 - INFO - Allocating UMIs for gene 5800...
2024-07-20 22:57:55,272 - INFO - Allocating UMIs for gene 5900...
2024-07-20 22:57:56,051 - INFO - Allocating UMIs for gene 6000...
2024-07-20 22:57:56,822 - INFO - Allocating UMIs for gene 6100...
2024-07-20 22:57:57,613 - INFO - Allocating UMIs for gene 6200...
2024-07-20 22:57:58,409 - INFO - Allocating UMIs for gene 6300...
2024-07-20 22:57:59,458 - INFO - Allocating UMIs for gene 6400...
2024-07-20 22:58:00,271 - INFO - Allocating UMIs for gene 6500...
2024-07-20 22:58:01,056 - INFO - Allocating UMIs for gene 6600...
2024-07-20 22:58:01,858 - INFO - Allocating UMIs for gene 6700...
2024-07-20 22:58:02,667 - INFO - Allocating UMIs for gene 6800...
2024-07-20 22:58:03,442 - INFO - Allocating UMIs for gene 6900...
2024-07-20 22:58:04,246 - INFO - Allocating UMIs for gene 7000...
2024-07-20 22:58:05,031 - INFO - Allocating UMIs for gene 7100...
2024-07-20 22:58:05,823 - INFO - Allocating UMIs for gene 7200...
2024-07-20 22:58:06,615 - INFO - Allocating UMIs for gene 7300...
2024-07-20 22:58:07,409 - INFO - Allocating UMIs for gene 7400...
2024-07-20 22:58:08,195 - INFO - Allocating UMIs for gene 7500...
2024-07-20 22:58:08,999 - INFO - Allocating UMIs for gene 7600...
2024-07-20 22:58:09,782 - INFO - Allocating UMIs for gene 7700...
2024-07-20 22:58:10,625 - INFO - Allocating UMIs for gene 7800...
2024-07-20 22:58:11,480 - INFO - Allocating UMIs for gene 7900...
2024-07-20 22:58:12,256 - INFO - Allocating UMIs for gene 8000...
2024-07-20 22:58:13,047 - INFO - Allocating UMIs for gene 8100...
2024-07-20 22:58:13,841 - INFO - Allocating UMIs for gene 8200...
2024-07-20 22:58:14,665 - INFO - Allocating UMIs for gene 8300...
2024-07-20 22:58:15,443 - INFO - Allocating UMIs for gene 8400...
2024-07-20 22:58:16,228 - INFO - Allocating UMIs for gene 8500...
2024-07-20 22:58:16,997 - INFO - Allocating UMIs for gene 8600...
2024-07-20 22:58:17,791 - INFO - Allocating UMIs for gene 8700...
2024-07-20 22:58:18,593 - INFO - Allocating UMIs for gene 8800...
2024-07-20 22:58:19,417 - INFO - Allocating UMIs for gene 8900...
2024-07-20 22:58:20,211 - INFO - Allocating UMIs for gene 9000...
2024-07-20 22:58:20,994 - INFO - Allocating UMIs for gene 9100...
2024-07-20 22:58:21,793 - INFO - Allocating UMIs for gene 9200...
2024-07-20 22:58:22,584 - INFO - Allocating UMIs for gene 9300...
2024-07-20 22:58:23,382 - INFO - Allocating UMIs for gene 9400...
2024-07-20 22:58:24,167 - INFO - Allocating UMIs for gene 9500...
2024-07-20 22:58:24,987 - INFO - Allocating UMIs for gene 9600...
2024-07-20 22:58:25,773 - INFO - Allocating UMIs for gene 9700...
2024-07-20 22:58:26,552 - INFO - Allocating UMIs for gene 9800...
2024-07-20 22:58:27,339 - INFO - Allocating UMIs for gene 9900...
2024-07-20 22:58:28,131 - INFO - Allocating UMIs for gene 10000...
2024-07-20 22:58:28,906 - INFO - Allocating UMIs for gene 10100...
2024-07-20 22:58:29,755 - INFO - Allocating UMIs for gene 10200...
2024-07-20 22:58:30,546 - INFO - Allocating UMIs for gene 10300...
2024-07-20 22:58:31,329 - INFO - Allocating UMIs for gene 10400...
2024-07-20 22:58:32,114 - INFO - Allocating UMIs for gene 10500...
2024-07-20 22:58:32,908 - INFO - Allocating UMIs for gene 10600...
2024-07-20 22:58:33,708 - INFO - Allocating UMIs for gene 10700...
2024-07-20 22:58:34,522 - INFO - Allocating UMIs for gene 10800...
2024-07-20 22:58:35,273 - INFO - Allocating UMIs for gene 10900...
2024-07-20 22:58:36,072 - INFO - Allocating UMIs for gene 11000...
2024-07-20 22:58:36,832 - INFO - Allocating UMIs for gene 11100...
2024-07-20 22:58:37,624 - INFO - Allocating UMIs for gene 11200...
2024-07-20 22:58:38,402 - INFO - Allocating UMIs for gene 11300...
2024-07-20 22:58:39,196 - INFO - Allocating UMIs for gene 11400...
2024-07-20 22:58:40,036 - INFO - Allocating UMIs for gene 11500...
2024-07-20 22:58:40,809 - INFO - Allocating UMIs for gene 11600...
2024-07-20 22:58:41,600 - INFO - Allocating UMIs for gene 11700...
2024-07-20 22:58:42,389 - INFO - Allocating UMIs for gene 11800...
2024-07-20 22:58:43,181 - INFO - Allocating UMIs for gene 11900...
2024-07-20 22:58:43,978 - INFO - UMI allocation complete.
2024-07-20 22:58:43,978 - INFO - Counting overall UMI occurrences...
2024-07-20 22:58:43,993 - INFO - Counting inter-gene collisions...
2024-07-20 22:58:44,083 - INFO - Total UMIs generated: 65536
2024-07-20 22:58:44,083 - INFO - Total UMIs allocated: 71487
2024-07-20 22:58:44,083 - INFO - Number of unique UMIs assigned to genes: 43490
2024-07-20 22:58:44,083 - INFO - Inter-gene collisions: 27995
2024-07-20 22:58:44,083 - INFO - Inter-gene collision rate: 0.39161
2024-07-20 22:58:44,083 - INFO - Writing gene UMI counts to file...
2024-07-20 22:58:44,090 - INFO - Writing UMI inter-gene collisions to file...
2024-07-20 22:58:44,099 - INFO - Simulation complete.
