2024-07-20 22:55:29,793 - INFO - Simulation Script Version: 0.0.1
2024-07-20 22:55:29,796 - INFO - Simulation Parameters:
2024-07-20 22:55:29,796 - INFO - Length of UMI: 8
2024-07-20 22:55:29,796 - INFO - Number of genes: 12000
2024-07-20 22:55:29,796 - INFO - Parameters file: None
2024-07-20 22:55:29,796 - INFO - Mean (mu): 6.0
2024-07-20 22:55:29,796 - INFO - Dispersion (theta): 6.0
2024-07-20 22:55:29,796 - INFO - Use Poisson distribution: False
2024-07-20 22:55:29,796 - INFO - Gene UMI counts file: gene_12000_umi8_counts_rep4.txt
2024-07-20 22:55:29,796 - INFO - UMI collisions file: umi8_12000_collisions_rep4.txt
2024-07-20 22:55:29,796 - INFO - Seed: None
2024-07-20 22:55:29,796 - INFO - Log file: umi8_12000_rep4.log
2024-07-20 22:55:29,796 - INFO - No seed specified. Generated random seed: 973490188
2024-07-20 22:55:29,796 - INFO - Generating all possible UMIs...
2024-07-20 22:55:29,806 - INFO - Total possible UMIs generated: 65536
2024-07-20 22:55:29,806 - INFO - Loading parameters...
2024-07-20 22:55:29,806 - INFO - Sampling read depths for each gene...
2024-07-20 22:55:30,254 - INFO - Read depths sampling complete.
2024-07-20 22:55:30,254 - INFO - Allocating UMIs based on sampled read depths...
2024-07-20 22:55:30,254 - INFO - Allocating UMIs for gene 0...
2024-07-20 22:55:31,046 - INFO - Allocating UMIs for gene 100...
2024-07-20 22:55:31,834 - INFO - Allocating UMIs for gene 200...
2024-07-20 22:55:32,619 - INFO - Allocating UMIs for gene 300...
2024-07-20 22:55:33,645 - INFO - Allocating UMIs for gene 400...
2024-07-20 22:55:34,413 - INFO - Allocating UMIs for gene 500...
2024-07-20 22:55:35,167 - INFO - Allocating UMIs for gene 600...
2024-07-20 22:55:35,943 - INFO - Allocating UMIs for gene 700...
2024-07-20 22:55:36,717 - INFO - Allocating UMIs for gene 800...
2024-07-20 22:55:37,604 - INFO - Allocating UMIs for gene 900...
2024-07-20 22:55:38,502 - INFO - Allocating UMIs for gene 1000...
2024-07-20 22:55:39,285 - INFO - Allocating UMIs for gene 1100...
2024-07-20 22:55:40,070 - INFO - Allocating UMIs for gene 1200...
2024-07-20 22:55:40,839 - INFO - Allocating UMIs for gene 1300...
2024-07-20 22:55:41,773 - INFO - Allocating UMIs for gene 1400...
2024-07-20 22:55:42,536 - INFO - Allocating UMIs for gene 1500...
2024-07-20 22:55:43,321 - INFO - Allocating UMIs for gene 1600...
2024-07-20 22:55:44,097 - INFO - Allocating UMIs for gene 1700...
2024-07-20 22:55:44,877 - INFO - Allocating UMIs for gene 1800...
2024-07-20 22:55:45,661 - INFO - Allocating UMIs for gene 1900...
2024-07-20 22:55:46,422 - INFO - Allocating UMIs for gene 2000...
2024-07-20 22:55:47,205 - INFO - Allocating UMIs for gene 2100...
2024-07-20 22:55:47,988 - INFO - Allocating UMIs for gene 2200...
2024-07-20 22:55:48,772 - INFO - Allocating UMIs for gene 2300...
2024-07-20 22:55:49,556 - INFO - Allocating UMIs for gene 2400...
2024-07-20 22:55:50,343 - INFO - Allocating UMIs for gene 2500...
2024-07-20 22:55:51,103 - INFO - Allocating UMIs for gene 2600...
2024-07-20 22:55:51,886 - INFO - Allocating UMIs for gene 2700...
2024-07-20 22:55:52,664 - INFO - Allocating UMIs for gene 2800...
2024-07-20 22:55:53,439 - INFO - Allocating UMIs for gene 2900...
2024-07-20 22:55:54,231 - INFO - Allocating UMIs for gene 3000...
2024-07-20 22:55:55,022 - INFO - Allocating UMIs for gene 3100...
2024-07-20 22:55:55,813 - INFO - Allocating UMIs for gene 3200...
2024-07-20 22:55:56,623 - INFO - Allocating UMIs for gene 3300...
2024-07-20 22:55:57,414 - INFO - Allocating UMIs for gene 3400...
2024-07-20 22:55:58,202 - INFO - Allocating UMIs for gene 3500...
2024-07-20 22:55:58,995 - INFO - Allocating UMIs for gene 3600...
2024-07-20 22:55:59,765 - INFO - Allocating UMIs for gene 3700...
2024-07-20 22:56:00,645 - INFO - Allocating UMIs for gene 3800...
2024-07-20 22:56:01,485 - INFO - Allocating UMIs for gene 3900...
2024-07-20 22:56:02,412 - INFO - Allocating UMIs for gene 4000...
2024-07-20 22:56:03,201 - INFO - Allocating UMIs for gene 4100...
2024-07-20 22:56:04,007 - INFO - Allocating UMIs for gene 4200...
2024-07-20 22:56:04,795 - INFO - Allocating UMIs for gene 4300...
2024-07-20 22:56:05,579 - INFO - Allocating UMIs for gene 4400...
2024-07-20 22:56:06,364 - INFO - Allocating UMIs for gene 4500...
2024-07-20 22:56:07,149 - INFO - Allocating UMIs for gene 4600...
2024-07-20 22:56:07,938 - INFO - Allocating UMIs for gene 4700...
2024-07-20 22:56:08,713 - INFO - Allocating UMIs for gene 4800...
2024-07-20 22:56:09,495 - INFO - Allocating UMIs for gene 4900...
2024-07-20 22:56:10,288 - INFO - Allocating UMIs for gene 5000...
2024-07-20 22:56:11,058 - INFO - Allocating UMIs for gene 5100...
2024-07-20 22:56:11,833 - INFO - Allocating UMIs for gene 5200...
2024-07-20 22:56:12,622 - INFO - Allocating UMIs for gene 5300...
2024-07-20 22:56:13,487 - INFO - Allocating UMIs for gene 5400...
2024-07-20 22:56:14,342 - INFO - Allocating UMIs for gene 5500...
2024-07-20 22:56:15,129 - INFO - Allocating UMIs for gene 5600...
2024-07-20 22:56:15,913 - INFO - Allocating UMIs for gene 5700...
2024-07-20 22:56:16,704 - INFO - Allocating UMIs for gene 5800...
2024-07-20 22:56:17,509 - INFO - Allocating UMIs for gene 5900...
2024-07-20 22:56:18,292 - INFO - Allocating UMIs for gene 6000...
2024-07-20 22:56:19,081 - INFO - Allocating UMIs for gene 6100...
2024-07-20 22:56:19,867 - INFO - Allocating UMIs for gene 6200...
2024-07-20 22:56:20,669 - INFO - Allocating UMIs for gene 6300...
2024-07-20 22:56:21,461 - INFO - Allocating UMIs for gene 6400...
2024-07-20 22:56:22,260 - INFO - Allocating UMIs for gene 6500...
2024-07-20 22:56:23,060 - INFO - Allocating UMIs for gene 6600...
2024-07-20 22:56:23,842 - INFO - Allocating UMIs for gene 6700...
2024-07-20 22:56:24,632 - INFO - Allocating UMIs for gene 6800...
2024-07-20 22:56:25,427 - INFO - Allocating UMIs for gene 6900...
2024-07-20 22:56:26,229 - INFO - Allocating UMIs for gene 7000...
2024-07-20 22:56:27,033 - INFO - Allocating UMIs for gene 7100...
2024-07-20 22:56:27,826 - INFO - Allocating UMIs for gene 7200...
2024-07-20 22:56:28,618 - INFO - Allocating UMIs for gene 7300...
2024-07-20 22:56:29,411 - INFO - Allocating UMIs for gene 7400...
2024-07-20 22:56:30,205 - INFO - Allocating UMIs for gene 7500...
2024-07-20 22:56:30,994 - INFO - Allocating UMIs for gene 7600...
2024-07-20 22:56:31,800 - INFO - Allocating UMIs for gene 7700...
2024-07-20 22:56:32,592 - INFO - Allocating UMIs for gene 7800...
2024-07-20 22:56:33,392 - INFO - Allocating UMIs for gene 7900...
2024-07-20 22:56:34,173 - INFO - Allocating UMIs for gene 8000...
2024-07-20 22:56:34,972 - INFO - Allocating UMIs for gene 8100...
2024-07-20 22:56:35,771 - INFO - Allocating UMIs for gene 8200...
2024-07-20 22:56:36,572 - INFO - Allocating UMIs for gene 8300...
2024-07-20 22:56:37,347 - INFO - Allocating UMIs for gene 8400...
2024-07-20 22:56:38,154 - INFO - Allocating UMIs for gene 8500...
2024-07-20 22:56:38,946 - INFO - Allocating UMIs for gene 8600...
2024-07-20 22:56:39,733 - INFO - Allocating UMIs for gene 8700...
2024-07-20 22:56:40,535 - INFO - Allocating UMIs for gene 8800...
2024-07-20 22:56:41,329 - INFO - Allocating UMIs for gene 8900...
2024-07-20 22:56:42,108 - INFO - Allocating UMIs for gene 9000...
2024-07-20 22:56:42,914 - INFO - Allocating UMIs for gene 9100...
2024-07-20 22:56:43,706 - INFO - Allocating UMIs for gene 9200...
2024-07-20 22:56:44,743 - INFO - Allocating UMIs for gene 9300...
2024-07-20 22:56:45,542 - INFO - Allocating UMIs for gene 9400...
2024-07-20 22:56:46,333 - INFO - Allocating UMIs for gene 9500...
2024-07-20 22:56:47,112 - INFO - Allocating UMIs for gene 9600...
2024-07-20 22:56:47,899 - INFO - Allocating UMIs for gene 9700...
2024-07-20 22:56:48,700 - INFO - Allocating UMIs for gene 9800...
2024-07-20 22:56:49,489 - INFO - Allocating UMIs for gene 9900...
2024-07-20 22:56:50,282 - INFO - Allocating UMIs for gene 10000...
2024-07-20 22:56:51,075 - INFO - Allocating UMIs for gene 10100...
2024-07-20 22:56:51,873 - INFO - Allocating UMIs for gene 10200...
2024-07-20 22:56:52,648 - INFO - Allocating UMIs for gene 10300...
2024-07-20 22:56:53,492 - INFO - Allocating UMIs for gene 10400...
2024-07-20 22:56:54,306 - INFO - Allocating UMIs for gene 10500...
2024-07-20 22:56:55,096 - INFO - Allocating UMIs for gene 10600...
2024-07-20 22:56:55,884 - INFO - Allocating UMIs for gene 10700...
2024-07-20 22:56:56,676 - INFO - Allocating UMIs for gene 10800...
2024-07-20 22:56:57,453 - INFO - Allocating UMIs for gene 10900...
2024-07-20 22:56:58,253 - INFO - Allocating UMIs for gene 11000...
2024-07-20 22:56:59,043 - INFO - Allocating UMIs for gene 11100...
2024-07-20 22:56:59,853 - INFO - Allocating UMIs for gene 11200...
2024-07-20 22:57:00,643 - INFO - Allocating UMIs for gene 11300...
2024-07-20 22:57:01,418 - INFO - Allocating UMIs for gene 11400...
2024-07-20 22:57:02,293 - INFO - Allocating UMIs for gene 11500...
2024-07-20 22:57:03,159 - INFO - Allocating UMIs for gene 11600...
2024-07-20 22:57:03,942 - INFO - Allocating UMIs for gene 11700...
2024-07-20 22:57:04,710 - INFO - Allocating UMIs for gene 11800...
2024-07-20 22:57:05,599 - INFO - Allocating UMIs for gene 11900...
2024-07-20 22:57:06,477 - INFO - UMI allocation complete.
2024-07-20 22:57:06,477 - INFO - Counting overall UMI occurrences...
2024-07-20 22:57:06,496 - INFO - Counting inter-gene collisions...
2024-07-20 22:57:06,589 - INFO - Total UMIs generated: 65536
2024-07-20 22:57:06,589 - INFO - Total UMIs allocated: 72400
2024-07-20 22:57:06,589 - INFO - Number of unique UMIs assigned to genes: 43790
2024-07-20 22:57:06,589 - INFO - Inter-gene collisions: 28606
2024-07-20 22:57:06,589 - INFO - Inter-gene collision rate: 0.39511
2024-07-20 22:57:06,589 - INFO - Writing gene UMI counts to file...
2024-07-20 22:57:06,595 - INFO - Writing UMI inter-gene collisions to file...
2024-07-20 22:57:06,604 - INFO - Simulation complete.
