2024-07-20 22:53:52,350 - INFO - Simulation Script Version: 0.0.1
2024-07-20 22:53:52,353 - INFO - Simulation Parameters:
2024-07-20 22:53:52,353 - INFO - Length of UMI: 8
2024-07-20 22:53:52,353 - INFO - Number of genes: 12000
2024-07-20 22:53:52,353 - INFO - Parameters file: None
2024-07-20 22:53:52,353 - INFO - Mean (mu): 6.0
2024-07-20 22:53:52,354 - INFO - Dispersion (theta): 6.0
2024-07-20 22:53:52,354 - INFO - Use Poisson distribution: False
2024-07-20 22:53:52,354 - INFO - Gene UMI counts file: gene_12000_umi8_counts_rep3.txt
2024-07-20 22:53:52,354 - INFO - UMI collisions file: umi8_12000_collisions_rep3.txt
2024-07-20 22:53:52,354 - INFO - Seed: None
2024-07-20 22:53:52,354 - INFO - Log file: umi8_12000_rep3.log
2024-07-20 22:53:52,354 - INFO - No seed specified. Generated random seed: 1712958569
2024-07-20 22:53:52,354 - INFO - Generating all possible UMIs...
2024-07-20 22:53:52,364 - INFO - Total possible UMIs generated: 65536
2024-07-20 22:53:52,364 - INFO - Loading parameters...
2024-07-20 22:53:52,364 - INFO - Sampling read depths for each gene...
2024-07-20 22:53:52,818 - INFO - Read depths sampling complete.
2024-07-20 22:53:52,818 - INFO - Allocating UMIs based on sampled read depths...
2024-07-20 22:53:52,818 - INFO - Allocating UMIs for gene 0...
2024-07-20 22:53:53,567 - INFO - Allocating UMIs for gene 100...
2024-07-20 22:53:54,352 - INFO - Allocating UMIs for gene 200...
2024-07-20 22:53:55,139 - INFO - Allocating UMIs for gene 300...
2024-07-20 22:53:55,929 - INFO - Allocating UMIs for gene 400...
2024-07-20 22:53:56,717 - INFO - Allocating UMIs for gene 500...
2024-07-20 22:53:57,494 - INFO - Allocating UMIs for gene 600...
2024-07-20 22:53:58,262 - INFO - Allocating UMIs for gene 700...
2024-07-20 22:53:59,049 - INFO - Allocating UMIs for gene 800...
2024-07-20 22:53:59,826 - INFO - Allocating UMIs for gene 900...
2024-07-20 22:54:00,636 - INFO - Allocating UMIs for gene 1000...
2024-07-20 22:54:01,431 - INFO - Allocating UMIs for gene 1100...
2024-07-20 22:54:02,201 - INFO - Allocating UMIs for gene 1200...
2024-07-20 22:54:03,001 - INFO - Allocating UMIs for gene 1300...
2024-07-20 22:54:03,771 - INFO - Allocating UMIs for gene 1400...
2024-07-20 22:54:04,560 - INFO - Allocating UMIs for gene 1500...
2024-07-20 22:54:05,336 - INFO - Allocating UMIs for gene 1600...
2024-07-20 22:54:06,114 - INFO - Allocating UMIs for gene 1700...
2024-07-20 22:54:06,874 - INFO - Allocating UMIs for gene 1800...
2024-07-20 22:54:07,658 - INFO - Allocating UMIs for gene 1900...
2024-07-20 22:54:08,427 - INFO - Allocating UMIs for gene 2000...
2024-07-20 22:54:09,205 - INFO - Allocating UMIs for gene 2100...
2024-07-20 22:54:09,990 - INFO - Allocating UMIs for gene 2200...
2024-07-20 22:54:10,773 - INFO - Allocating UMIs for gene 2300...
2024-07-20 22:54:11,567 - INFO - Allocating UMIs for gene 2400...
2024-07-20 22:54:12,359 - INFO - Allocating UMIs for gene 2500...
2024-07-20 22:54:13,139 - INFO - Allocating UMIs for gene 2600...
2024-07-20 22:54:13,914 - INFO - Allocating UMIs for gene 2700...
2024-07-20 22:54:14,698 - INFO - Allocating UMIs for gene 2800...
2024-07-20 22:54:15,491 - INFO - Allocating UMIs for gene 2900...
2024-07-20 22:54:16,268 - INFO - Allocating UMIs for gene 3000...
2024-07-20 22:54:17,062 - INFO - Allocating UMIs for gene 3100...
2024-07-20 22:54:17,847 - INFO - Allocating UMIs for gene 3200...
2024-07-20 22:54:18,637 - INFO - Allocating UMIs for gene 3300...
2024-07-20 22:54:19,408 - INFO - Allocating UMIs for gene 3400...
2024-07-20 22:54:20,200 - INFO - Allocating UMIs for gene 3500...
2024-07-20 22:54:21,177 - INFO - Allocating UMIs for gene 3600...
2024-07-20 22:54:21,954 - INFO - Allocating UMIs for gene 3700...
2024-07-20 22:54:22,748 - INFO - Allocating UMIs for gene 3800...
2024-07-20 22:54:23,524 - INFO - Allocating UMIs for gene 3900...
2024-07-20 22:54:24,290 - INFO - Allocating UMIs for gene 4000...
2024-07-20 22:54:25,068 - INFO - Allocating UMIs for gene 4100...
2024-07-20 22:54:25,843 - INFO - Allocating UMIs for gene 4200...
2024-07-20 22:54:26,625 - INFO - Allocating UMIs for gene 4300...
2024-07-20 22:54:27,397 - INFO - Allocating UMIs for gene 4400...
2024-07-20 22:54:28,166 - INFO - Allocating UMIs for gene 4500...
2024-07-20 22:54:28,944 - INFO - Allocating UMIs for gene 4600...
2024-07-20 22:54:29,850 - INFO - Allocating UMIs for gene 4700...
2024-07-20 22:54:30,732 - INFO - Allocating UMIs for gene 4800...
2024-07-20 22:54:31,503 - INFO - Allocating UMIs for gene 4900...
2024-07-20 22:54:32,284 - INFO - Allocating UMIs for gene 5000...
2024-07-20 22:54:33,060 - INFO - Allocating UMIs for gene 5100...
2024-07-20 22:54:33,852 - INFO - Allocating UMIs for gene 5200...
2024-07-20 22:54:34,629 - INFO - Allocating UMIs for gene 5300...
2024-07-20 22:54:35,405 - INFO - Allocating UMIs for gene 5400...
2024-07-20 22:54:36,281 - INFO - Allocating UMIs for gene 5500...
2024-07-20 22:54:37,145 - INFO - Allocating UMIs for gene 5600...
2024-07-20 22:54:37,944 - INFO - Allocating UMIs for gene 5700...
2024-07-20 22:54:38,748 - INFO - Allocating UMIs for gene 5800...
2024-07-20 22:54:39,533 - INFO - Allocating UMIs for gene 5900...
2024-07-20 22:54:40,404 - INFO - Allocating UMIs for gene 6000...
2024-07-20 22:54:41,258 - INFO - Allocating UMIs for gene 6100...
2024-07-20 22:54:42,062 - INFO - Allocating UMIs for gene 6200...
2024-07-20 22:54:42,848 - INFO - Allocating UMIs for gene 6300...
2024-07-20 22:54:43,633 - INFO - Allocating UMIs for gene 6400...
2024-07-20 22:54:44,426 - INFO - Allocating UMIs for gene 6500...
2024-07-20 22:54:45,229 - INFO - Allocating UMIs for gene 6600...
2024-07-20 22:54:46,014 - INFO - Allocating UMIs for gene 6700...
2024-07-20 22:54:46,793 - INFO - Allocating UMIs for gene 6800...
2024-07-20 22:54:47,596 - INFO - Allocating UMIs for gene 6900...
2024-07-20 22:54:48,382 - INFO - Allocating UMIs for gene 7000...
2024-07-20 22:54:49,168 - INFO - Allocating UMIs for gene 7100...
2024-07-20 22:54:49,951 - INFO - Allocating UMIs for gene 7200...
2024-07-20 22:54:50,738 - INFO - Allocating UMIs for gene 7300...
2024-07-20 22:54:51,535 - INFO - Allocating UMIs for gene 7400...
2024-07-20 22:54:52,455 - INFO - Allocating UMIs for gene 7500...
2024-07-20 22:54:53,371 - INFO - Allocating UMIs for gene 7600...
2024-07-20 22:54:54,157 - INFO - Allocating UMIs for gene 7700...
2024-07-20 22:54:54,953 - INFO - Allocating UMIs for gene 7800...
2024-07-20 22:54:55,831 - INFO - Allocating UMIs for gene 7900...
2024-07-20 22:54:56,668 - INFO - Allocating UMIs for gene 8000...
2024-07-20 22:54:57,471 - INFO - Allocating UMIs for gene 8100...
2024-07-20 22:54:58,265 - INFO - Allocating UMIs for gene 8200...
2024-07-20 22:54:59,073 - INFO - Allocating UMIs for gene 8300...
2024-07-20 22:54:59,869 - INFO - Allocating UMIs for gene 8400...
2024-07-20 22:55:00,659 - INFO - Allocating UMIs for gene 8500...
2024-07-20 22:55:01,445 - INFO - Allocating UMIs for gene 8600...
2024-07-20 22:55:02,234 - INFO - Allocating UMIs for gene 8700...
2024-07-20 22:55:03,031 - INFO - Allocating UMIs for gene 8800...
2024-07-20 22:55:03,834 - INFO - Allocating UMIs for gene 8900...
2024-07-20 22:55:04,618 - INFO - Allocating UMIs for gene 9000...
2024-07-20 22:55:05,410 - INFO - Allocating UMIs for gene 9100...
2024-07-20 22:55:06,184 - INFO - Allocating UMIs for gene 9200...
2024-07-20 22:55:06,964 - INFO - Allocating UMIs for gene 9300...
2024-07-20 22:55:07,750 - INFO - Allocating UMIs for gene 9400...
2024-07-20 22:55:08,528 - INFO - Allocating UMIs for gene 9500...
2024-07-20 22:55:09,317 - INFO - Allocating UMIs for gene 9600...
2024-07-20 22:55:10,112 - INFO - Allocating UMIs for gene 9700...
2024-07-20 22:55:10,912 - INFO - Allocating UMIs for gene 9800...
2024-07-20 22:55:11,715 - INFO - Allocating UMIs for gene 9900...
2024-07-20 22:55:12,495 - INFO - Allocating UMIs for gene 10000...
2024-07-20 22:55:13,289 - INFO - Allocating UMIs for gene 10100...
2024-07-20 22:55:14,068 - INFO - Allocating UMIs for gene 10200...
2024-07-20 22:55:14,864 - INFO - Allocating UMIs for gene 10300...
2024-07-20 22:55:15,653 - INFO - Allocating UMIs for gene 10400...
2024-07-20 22:55:16,449 - INFO - Allocating UMIs for gene 10500...
2024-07-20 22:55:17,248 - INFO - Allocating UMIs for gene 10600...
2024-07-20 22:55:18,031 - INFO - Allocating UMIs for gene 10700...
2024-07-20 22:55:18,825 - INFO - Allocating UMIs for gene 10800...
2024-07-20 22:55:19,620 - INFO - Allocating UMIs for gene 10900...
2024-07-20 22:55:20,408 - INFO - Allocating UMIs for gene 11000...
2024-07-20 22:55:21,211 - INFO - Allocating UMIs for gene 11100...
2024-07-20 22:55:21,994 - INFO - Allocating UMIs for gene 11200...
2024-07-20 22:55:22,775 - INFO - Allocating UMIs for gene 11300...
2024-07-20 22:55:23,693 - INFO - Allocating UMIs for gene 11400...
2024-07-20 22:55:24,612 - INFO - Allocating UMIs for gene 11500...
2024-07-20 22:55:25,436 - INFO - Allocating UMIs for gene 11600...
2024-07-20 22:55:26,296 - INFO - Allocating UMIs for gene 11700...
2024-07-20 22:55:27,088 - INFO - Allocating UMIs for gene 11800...
2024-07-20 22:55:27,864 - INFO - Allocating UMIs for gene 11900...
2024-07-20 22:55:28,650 - INFO - UMI allocation complete.
2024-07-20 22:55:28,650 - INFO - Counting overall UMI occurrences...
2024-07-20 22:55:28,667 - INFO - Counting inter-gene collisions...
2024-07-20 22:55:28,762 - INFO - Total UMIs generated: 65536
2024-07-20 22:55:28,762 - INFO - Total UMIs allocated: 72182
2024-07-20 22:55:28,762 - INFO - Number of unique UMIs assigned to genes: 43802
2024-07-20 22:55:28,762 - INFO - Inter-gene collisions: 28376
2024-07-20 22:55:28,762 - INFO - Inter-gene collision rate: 0.39312
2024-07-20 22:55:28,762 - INFO - Writing gene UMI counts to file...
2024-07-20 22:55:28,768 - INFO - Writing UMI inter-gene collisions to file...
2024-07-20 22:55:28,777 - INFO - Simulation complete.
