2024-07-20 23:03:34,646 - INFO - Simulation Script Version: 0.0.1
2024-07-20 23:03:34,649 - INFO - Simulation Parameters:
2024-07-20 23:03:34,649 - INFO - Length of UMI: 8
2024-07-20 23:03:34,649 - INFO - Number of genes: 12000
2024-07-20 23:03:34,649 - INFO - Parameters file: None
2024-07-20 23:03:34,649 - INFO - Mean (mu): 6.0
2024-07-20 23:03:34,649 - INFO - Dispersion (theta): 6.0
2024-07-20 23:03:34,649 - INFO - Use Poisson distribution: False
2024-07-20 23:03:34,649 - INFO - Gene UMI counts file: gene_12000_umi8_counts_rep9.txt
2024-07-20 23:03:34,649 - INFO - UMI collisions file: umi8_12000_collisions_rep9.txt
2024-07-20 23:03:34,649 - INFO - Seed: None
2024-07-20 23:03:34,649 - INFO - Log file: umi8_12000_rep9.log
2024-07-20 23:03:34,649 - INFO - No seed specified. Generated random seed: 734650470
2024-07-20 23:03:34,649 - INFO - Generating all possible UMIs...
2024-07-20 23:03:34,659 - INFO - Total possible UMIs generated: 65536
2024-07-20 23:03:34,659 - INFO - Loading parameters...
2024-07-20 23:03:34,659 - INFO - Sampling read depths for each gene...
2024-07-20 23:03:35,108 - INFO - Read depths sampling complete.
2024-07-20 23:03:35,108 - INFO - Allocating UMIs based on sampled read depths...
2024-07-20 23:03:35,108 - INFO - Allocating UMIs for gene 0...
2024-07-20 23:03:35,893 - INFO - Allocating UMIs for gene 100...
2024-07-20 23:03:36,670 - INFO - Allocating UMIs for gene 200...
2024-07-20 23:03:37,451 - INFO - Allocating UMIs for gene 300...
2024-07-20 23:03:38,210 - INFO - Allocating UMIs for gene 400...
2024-07-20 23:03:38,972 - INFO - Allocating UMIs for gene 500...
2024-07-20 23:03:39,753 - INFO - Allocating UMIs for gene 600...
2024-07-20 23:03:40,523 - INFO - Allocating UMIs for gene 700...
2024-07-20 23:03:41,294 - INFO - Allocating UMIs for gene 800...
2024-07-20 23:03:42,081 - INFO - Allocating UMIs for gene 900...
2024-07-20 23:03:42,867 - INFO - Allocating UMIs for gene 1000...
2024-07-20 23:03:43,640 - INFO - Allocating UMIs for gene 1100...
2024-07-20 23:03:44,411 - INFO - Allocating UMIs for gene 1200...
2024-07-20 23:03:45,175 - INFO - Allocating UMIs for gene 1300...
2024-07-20 23:03:45,948 - INFO - Allocating UMIs for gene 1400...
2024-07-20 23:03:46,727 - INFO - Allocating UMIs for gene 1500...
2024-07-20 23:03:47,505 - INFO - Allocating UMIs for gene 1600...
2024-07-20 23:03:48,285 - INFO - Allocating UMIs for gene 1700...
2024-07-20 23:03:49,065 - INFO - Allocating UMIs for gene 1800...
2024-07-20 23:03:49,850 - INFO - Allocating UMIs for gene 1900...
2024-07-20 23:03:50,612 - INFO - Allocating UMIs for gene 2000...
2024-07-20 23:03:51,375 - INFO - Allocating UMIs for gene 2100...
2024-07-20 23:03:52,153 - INFO - Allocating UMIs for gene 2200...
2024-07-20 23:03:52,930 - INFO - Allocating UMIs for gene 2300...
2024-07-20 23:03:53,717 - INFO - Allocating UMIs for gene 2400...
2024-07-20 23:03:54,491 - INFO - Allocating UMIs for gene 2500...
2024-07-20 23:03:55,272 - INFO - Allocating UMIs for gene 2600...
2024-07-20 23:03:56,025 - INFO - Allocating UMIs for gene 2700...
2024-07-20 23:03:56,795 - INFO - Allocating UMIs for gene 2800...
2024-07-20 23:03:57,565 - INFO - Allocating UMIs for gene 2900...
2024-07-20 23:03:58,350 - INFO - Allocating UMIs for gene 3000...
2024-07-20 23:03:59,374 - INFO - Allocating UMIs for gene 3100...
2024-07-20 23:04:00,144 - INFO - Allocating UMIs for gene 3200...
2024-07-20 23:04:00,906 - INFO - Allocating UMIs for gene 3300...
2024-07-20 23:04:01,659 - INFO - Allocating UMIs for gene 3400...
2024-07-20 23:04:02,408 - INFO - Allocating UMIs for gene 3500...
2024-07-20 23:04:03,168 - INFO - Allocating UMIs for gene 3600...
2024-07-20 23:04:03,954 - INFO - Allocating UMIs for gene 3700...
2024-07-20 23:04:04,691 - INFO - Allocating UMIs for gene 3800...
2024-07-20 23:04:05,457 - INFO - Allocating UMIs for gene 3900...
2024-07-20 23:04:06,200 - INFO - Allocating UMIs for gene 4000...
2024-07-20 23:04:06,956 - INFO - Allocating UMIs for gene 4100...
2024-07-20 23:04:07,705 - INFO - Allocating UMIs for gene 4200...
2024-07-20 23:04:08,465 - INFO - Allocating UMIs for gene 4300...
2024-07-20 23:04:09,223 - INFO - Allocating UMIs for gene 4400...
2024-07-20 23:04:09,976 - INFO - Allocating UMIs for gene 4500...
2024-07-20 23:04:10,727 - INFO - Allocating UMIs for gene 4600...
2024-07-20 23:04:11,477 - INFO - Allocating UMIs for gene 4700...
2024-07-20 23:04:12,231 - INFO - Allocating UMIs for gene 4800...
2024-07-20 23:04:12,982 - INFO - Allocating UMIs for gene 4900...
2024-07-20 23:04:13,746 - INFO - Allocating UMIs for gene 5000...
2024-07-20 23:04:14,494 - INFO - Allocating UMIs for gene 5100...
2024-07-20 23:04:15,244 - INFO - Allocating UMIs for gene 5200...
2024-07-20 23:04:15,985 - INFO - Allocating UMIs for gene 5300...
2024-07-20 23:04:16,742 - INFO - Allocating UMIs for gene 5400...
2024-07-20 23:04:17,493 - INFO - Allocating UMIs for gene 5500...
2024-07-20 23:04:18,253 - INFO - Allocating UMIs for gene 5600...
2024-07-20 23:04:19,003 - INFO - Allocating UMIs for gene 5700...
2024-07-20 23:04:19,752 - INFO - Allocating UMIs for gene 5800...
2024-07-20 23:04:20,494 - INFO - Allocating UMIs for gene 5900...
2024-07-20 23:04:21,243 - INFO - Allocating UMIs for gene 6000...
2024-07-20 23:04:22,005 - INFO - Allocating UMIs for gene 6100...
2024-07-20 23:04:22,755 - INFO - Allocating UMIs for gene 6200...
2024-07-20 23:04:23,519 - INFO - Allocating UMIs for gene 6300...
2024-07-20 23:04:24,261 - INFO - Allocating UMIs for gene 6400...
2024-07-20 23:04:25,021 - INFO - Allocating UMIs for gene 6500...
2024-07-20 23:04:25,782 - INFO - Allocating UMIs for gene 6600...
2024-07-20 23:04:26,545 - INFO - Allocating UMIs for gene 6700...
2024-07-20 23:04:27,298 - INFO - Allocating UMIs for gene 6800...
2024-07-20 23:04:28,055 - INFO - Allocating UMIs for gene 6900...
2024-07-20 23:04:28,819 - INFO - Allocating UMIs for gene 7000...
2024-07-20 23:04:29,583 - INFO - Allocating UMIs for gene 7100...
2024-07-20 23:04:30,317 - INFO - Allocating UMIs for gene 7200...
2024-07-20 23:04:31,074 - INFO - Allocating UMIs for gene 7300...
2024-07-20 23:04:31,820 - INFO - Allocating UMIs for gene 7400...
2024-07-20 23:04:32,559 - INFO - Allocating UMIs for gene 7500...
2024-07-20 23:04:33,314 - INFO - Allocating UMIs for gene 7600...
2024-07-20 23:04:34,064 - INFO - Allocating UMIs for gene 7700...
2024-07-20 23:04:34,786 - INFO - Allocating UMIs for gene 7800...
2024-07-20 23:04:35,517 - INFO - Allocating UMIs for gene 7900...
2024-07-20 23:04:36,270 - INFO - Allocating UMIs for gene 8000...
2024-07-20 23:04:37,029 - INFO - Allocating UMIs for gene 8100...
2024-07-20 23:04:37,780 - INFO - Allocating UMIs for gene 8200...
2024-07-20 23:04:38,525 - INFO - Allocating UMIs for gene 8300...
2024-07-20 23:04:39,271 - INFO - Allocating UMIs for gene 8400...
2024-07-20 23:04:40,034 - INFO - Allocating UMIs for gene 8500...
2024-07-20 23:04:40,787 - INFO - Allocating UMIs for gene 8600...
2024-07-20 23:04:41,519 - INFO - Allocating UMIs for gene 8700...
2024-07-20 23:04:42,260 - INFO - Allocating UMIs for gene 8800...
2024-07-20 23:04:43,005 - INFO - Allocating UMIs for gene 8900...
2024-07-20 23:04:43,748 - INFO - Allocating UMIs for gene 9000...
2024-07-20 23:04:44,488 - INFO - Allocating UMIs for gene 9100...
2024-07-20 23:04:45,231 - INFO - Allocating UMIs for gene 9200...
2024-07-20 23:04:46,115 - INFO - Allocating UMIs for gene 9300...
2024-07-20 23:04:46,878 - INFO - Allocating UMIs for gene 9400...
2024-07-20 23:04:47,630 - INFO - Allocating UMIs for gene 9500...
2024-07-20 23:04:48,381 - INFO - Allocating UMIs for gene 9600...
2024-07-20 23:04:49,129 - INFO - Allocating UMIs for gene 9700...
2024-07-20 23:04:49,865 - INFO - Allocating UMIs for gene 9800...
2024-07-20 23:04:50,617 - INFO - Allocating UMIs for gene 9900...
2024-07-20 23:04:51,378 - INFO - Allocating UMIs for gene 10000...
2024-07-20 23:04:52,138 - INFO - Allocating UMIs for gene 10100...
2024-07-20 23:04:52,896 - INFO - Allocating UMIs for gene 10200...
2024-07-20 23:04:53,654 - INFO - Allocating UMIs for gene 10300...
2024-07-20 23:04:54,411 - INFO - Allocating UMIs for gene 10400...
2024-07-20 23:04:55,168 - INFO - Allocating UMIs for gene 10500...
2024-07-20 23:04:55,911 - INFO - Allocating UMIs for gene 10600...
2024-07-20 23:04:56,679 - INFO - Allocating UMIs for gene 10700...
2024-07-20 23:04:57,438 - INFO - Allocating UMIs for gene 10800...
2024-07-20 23:04:58,182 - INFO - Allocating UMIs for gene 10900...
2024-07-20 23:04:58,954 - INFO - Allocating UMIs for gene 11000...
2024-07-20 23:04:59,723 - INFO - Allocating UMIs for gene 11100...
2024-07-20 23:05:00,486 - INFO - Allocating UMIs for gene 11200...
2024-07-20 23:05:01,254 - INFO - Allocating UMIs for gene 11300...
2024-07-20 23:05:01,999 - INFO - Allocating UMIs for gene 11400...
2024-07-20 23:05:02,737 - INFO - Allocating UMIs for gene 11500...
2024-07-20 23:05:03,511 - INFO - Allocating UMIs for gene 11600...
2024-07-20 23:05:04,279 - INFO - Allocating UMIs for gene 11700...
2024-07-20 23:05:05,029 - INFO - Allocating UMIs for gene 11800...
2024-07-20 23:05:05,795 - INFO - Allocating UMIs for gene 11900...
2024-07-20 23:05:06,545 - INFO - UMI allocation complete.
2024-07-20 23:05:06,545 - INFO - Counting overall UMI occurrences...
2024-07-20 23:05:06,560 - INFO - Counting inter-gene collisions...
2024-07-20 23:05:06,641 - INFO - Total UMIs generated: 65536
2024-07-20 23:05:06,641 - INFO - Total UMIs allocated: 72101
2024-07-20 23:05:06,641 - INFO - Number of unique UMIs assigned to genes: 43630
2024-07-20 23:05:06,641 - INFO - Inter-gene collisions: 28466
2024-07-20 23:05:06,641 - INFO - Inter-gene collision rate: 0.39481
2024-07-20 23:05:06,641 - INFO - Writing gene UMI counts to file...
2024-07-20 23:05:06,647 - INFO - Writing UMI inter-gene collisions to file...
2024-07-20 23:05:06,656 - INFO - Simulation complete.
