2024-07-23 15:08:19,500 - INFO - Simulation Script Version: 0.0.2
2024-07-23 15:08:19,500 - INFO - Simulation Parameters:
2024-07-23 15:08:19,500 - INFO - Length of UMI: 10
2024-07-23 15:08:19,500 - INFO - Number of genes: 2000
2024-07-23 15:08:19,500 - INFO - Parameters file: None
2024-07-23 15:08:19,500 - INFO - Mean (mu): 6.0
2024-07-23 15:08:19,500 - INFO - Dispersion (theta): 6.0
2024-07-23 15:08:19,500 - INFO - Use Poisson distribution: False
2024-07-23 15:08:19,500 - INFO - Gene UMI counts file: gene_2000_umi10_counts_rep8.txt
2024-07-23 15:08:19,500 - INFO - UMI collisions file: umi10_2000_collisions_rep8.txt
2024-07-23 15:08:19,500 - INFO - Seed: None
2024-07-23 15:08:19,500 - INFO - Log file: umi10_2000_rep8.log
2024-07-23 15:08:19,500 - INFO - No seed specified. Generated random seed: 1541600521
2024-07-23 15:08:19,500 - INFO - Generating all possible UMIs...
2024-07-23 15:08:19,790 - INFO - Total possible UMIs generated: 262144
2024-07-23 15:08:19,790 - INFO - Loading parameters...
2024-07-23 15:08:19,790 - INFO - Sampling read depths for each gene...
2024-07-23 15:08:19,860 - INFO - Read depths sampling complete.
2024-07-23 15:08:19,860 - INFO - Allocating UMIs based on sampled read depths...
2024-07-23 15:08:19,860 - INFO - Allocating UMIs for gene 0...
2024-07-23 15:08:24,445 - INFO - Allocating UMIs for gene 100...
2024-07-23 15:08:28,918 - INFO - Allocating UMIs for gene 200...
2024-07-23 15:08:33,535 - INFO - Allocating UMIs for gene 300...
2024-07-23 15:08:38,101 - INFO - Allocating UMIs for gene 400...
2024-07-23 15:08:42,514 - INFO - Allocating UMIs for gene 500...
2024-07-23 15:08:47,052 - INFO - Allocating UMIs for gene 600...
2024-07-23 15:08:51,429 - INFO - Allocating UMIs for gene 700...
2024-07-23 15:08:55,963 - INFO - Allocating UMIs for gene 800...
2024-07-23 15:09:00,494 - INFO - Allocating UMIs for gene 900...
2024-07-23 15:09:04,988 - INFO - Allocating UMIs for gene 1000...
2024-07-23 15:09:09,446 - INFO - Allocating UMIs for gene 1100...
2024-07-23 15:09:13,905 - INFO - Allocating UMIs for gene 1200...
2024-07-23 15:09:18,392 - INFO - Allocating UMIs for gene 1300...
2024-07-23 15:09:22,816 - INFO - Allocating UMIs for gene 1400...
2024-07-23 15:09:27,297 - INFO - Allocating UMIs for gene 1500...
2024-07-23 15:09:31,756 - INFO - Allocating UMIs for gene 1600...
2024-07-23 15:09:36,115 - INFO - Allocating UMIs for gene 1700...
2024-07-23 15:09:40,664 - INFO - Allocating UMIs for gene 1800...
2024-07-23 15:09:45,091 - INFO - Allocating UMIs for gene 1900...
2024-07-23 15:09:49,672 - INFO - UMI allocation complete.
2024-07-23 15:09:49,672 - INFO - Counting overall UMI occurrences...
2024-07-23 15:09:49,674 - INFO - Counting inter-gene collisions...
2024-07-23 15:09:49,687 - INFO - Total UMIs generated: 262144
2024-07-23 15:09:49,687 - INFO - Total UMIs allocated: 12037
2024-07-23 15:09:49,687 - INFO - Number of unique UMIs assigned to genes: 11779
2024-07-23 15:09:49,687 - INFO - Inter-gene collisions: 258
2024-07-23 15:09:49,687 - INFO - Inter-gene collision rate: 0.02143
2024-07-23 15:09:49,687 - INFO - Writing gene UMI counts to file...
2024-07-23 15:09:49,688 - INFO - Writing UMI inter-gene collisions to file...
2024-07-23 15:09:49,688 - INFO - Simulation complete.
