2024-07-23 14:59:20,476 - INFO - Simulation Script Version: 0.0.2
2024-07-23 14:59:20,476 - INFO - Simulation Parameters:
2024-07-23 14:59:20,476 - INFO - Length of UMI: 10
2024-07-23 14:59:20,476 - INFO - Number of genes: 2000
2024-07-23 14:59:20,476 - INFO - Parameters file: None
2024-07-23 14:59:20,476 - INFO - Mean (mu): 6.0
2024-07-23 14:59:20,476 - INFO - Dispersion (theta): 6.0
2024-07-23 14:59:20,476 - INFO - Use Poisson distribution: False
2024-07-23 14:59:20,476 - INFO - Gene UMI counts file: gene_2000_umi10_counts_rep2.txt
2024-07-23 14:59:20,476 - INFO - UMI collisions file: umi10_2000_collisions_rep2.txt
2024-07-23 14:59:20,476 - INFO - Seed: None
2024-07-23 14:59:20,476 - INFO - Log file: umi10_2000_rep2.log
2024-07-23 14:59:20,476 - INFO - No seed specified. Generated random seed: 981028464
2024-07-23 14:59:20,476 - INFO - Generating all possible UMIs...
2024-07-23 14:59:20,780 - INFO - Total possible UMIs generated: 262144
2024-07-23 14:59:20,780 - INFO - Loading parameters...
2024-07-23 14:59:20,780 - INFO - Sampling read depths for each gene...
2024-07-23 14:59:20,853 - INFO - Read depths sampling complete.
2024-07-23 14:59:20,853 - INFO - Allocating UMIs based on sampled read depths...
2024-07-23 14:59:20,853 - INFO - Allocating UMIs for gene 0...
2024-07-23 14:59:26,058 - INFO - Allocating UMIs for gene 100...
2024-07-23 14:59:30,797 - INFO - Allocating UMIs for gene 200...
2024-07-23 14:59:35,378 - INFO - Allocating UMIs for gene 300...
2024-07-23 14:59:40,031 - INFO - Allocating UMIs for gene 400...
2024-07-23 14:59:44,711 - INFO - Allocating UMIs for gene 500...
2024-07-23 14:59:49,377 - INFO - Allocating UMIs for gene 600...
2024-07-23 14:59:54,343 - INFO - Allocating UMIs for gene 700...
2024-07-23 14:59:58,979 - INFO - Allocating UMIs for gene 800...
2024-07-23 15:00:03,549 - INFO - Allocating UMIs for gene 900...
2024-07-23 15:00:08,202 - INFO - Allocating UMIs for gene 1000...
2024-07-23 15:00:12,861 - INFO - Allocating UMIs for gene 1100...
2024-07-23 15:00:17,756 - INFO - Allocating UMIs for gene 1200...
2024-07-23 15:00:22,391 - INFO - Allocating UMIs for gene 1300...
2024-07-23 15:00:27,062 - INFO - Allocating UMIs for gene 1400...
2024-07-23 15:00:31,824 - INFO - Allocating UMIs for gene 1500...
2024-07-23 15:00:36,490 - INFO - Allocating UMIs for gene 1600...
2024-07-23 15:00:41,188 - INFO - Allocating UMIs for gene 1700...
2024-07-23 15:00:46,154 - INFO - Allocating UMIs for gene 1800...
2024-07-23 15:00:51,080 - INFO - Allocating UMIs for gene 1900...
2024-07-23 15:00:55,730 - INFO - UMI allocation complete.
2024-07-23 15:00:55,730 - INFO - Counting overall UMI occurrences...
2024-07-23 15:00:55,732 - INFO - Counting inter-gene collisions...
2024-07-23 15:00:55,745 - INFO - Total UMIs generated: 262144
2024-07-23 15:00:55,745 - INFO - Total UMIs allocated: 11926
2024-07-23 15:00:55,745 - INFO - Number of unique UMIs assigned to genes: 11663
2024-07-23 15:00:55,745 - INFO - Inter-gene collisions: 262
2024-07-23 15:00:55,745 - INFO - Inter-gene collision rate: 0.02197
2024-07-23 15:00:55,745 - INFO - Writing gene UMI counts to file...
2024-07-23 15:00:55,748 - INFO - Writing UMI inter-gene collisions to file...
2024-07-23 15:00:55,748 - INFO - Simulation complete.
