2024-07-23 15:03:56,593 - INFO - Simulation Script Version: 0.0.2
2024-07-23 15:03:56,593 - INFO - Simulation Parameters:
2024-07-23 15:03:56,593 - INFO - Length of UMI: 10
2024-07-23 15:03:56,593 - INFO - Number of genes: 2000
2024-07-23 15:03:56,593 - INFO - Parameters file: None
2024-07-23 15:03:56,593 - INFO - Mean (mu): 6.0
2024-07-23 15:03:56,593 - INFO - Dispersion (theta): 6.0
2024-07-23 15:03:56,593 - INFO - Use Poisson distribution: False
2024-07-23 15:03:56,593 - INFO - Gene UMI counts file: gene_2000_umi10_counts_rep5.txt
2024-07-23 15:03:56,593 - INFO - UMI collisions file: umi10_2000_collisions_rep5.txt
2024-07-23 15:03:56,593 - INFO - Seed: None
2024-07-23 15:03:56,593 - INFO - Log file: umi10_2000_rep5.log
2024-07-23 15:03:56,593 - INFO - No seed specified. Generated random seed: 3814979386
2024-07-23 15:03:56,593 - INFO - Generating all possible UMIs...
2024-07-23 15:03:56,880 - INFO - Total possible UMIs generated: 262144
2024-07-23 15:03:56,880 - INFO - Loading parameters...
2024-07-23 15:03:56,880 - INFO - Sampling read depths for each gene...
2024-07-23 15:03:56,952 - INFO - Read depths sampling complete.
2024-07-23 15:03:56,952 - INFO - Allocating UMIs based on sampled read depths...
2024-07-23 15:03:56,952 - INFO - Allocating UMIs for gene 0...
2024-07-23 15:04:01,238 - INFO - Allocating UMIs for gene 100...
2024-07-23 15:04:05,761 - INFO - Allocating UMIs for gene 200...
2024-07-23 15:04:10,185 - INFO - Allocating UMIs for gene 300...
2024-07-23 15:04:14,355 - INFO - Allocating UMIs for gene 400...
2024-07-23 15:04:18,942 - INFO - Allocating UMIs for gene 500...
2024-07-23 15:04:23,104 - INFO - Allocating UMIs for gene 600...
2024-07-23 15:04:27,298 - INFO - Allocating UMIs for gene 700...
2024-07-23 15:04:31,565 - INFO - Allocating UMIs for gene 800...
2024-07-23 15:04:35,827 - INFO - Allocating UMIs for gene 900...
2024-07-23 15:04:39,910 - INFO - Allocating UMIs for gene 1000...
2024-07-23 15:04:44,250 - INFO - Allocating UMIs for gene 1100...
2024-07-23 15:04:48,437 - INFO - Allocating UMIs for gene 1200...
2024-07-23 15:04:52,623 - INFO - Allocating UMIs for gene 1300...
2024-07-23 15:04:56,822 - INFO - Allocating UMIs for gene 1400...
2024-07-23 15:05:01,043 - INFO - Allocating UMIs for gene 1500...
2024-07-23 15:05:05,345 - INFO - Allocating UMIs for gene 1600...
2024-07-23 15:05:09,579 - INFO - Allocating UMIs for gene 1700...
2024-07-23 15:05:13,863 - INFO - Allocating UMIs for gene 1800...
2024-07-23 15:05:18,142 - INFO - Allocating UMIs for gene 1900...
2024-07-23 15:05:22,472 - INFO - UMI allocation complete.
2024-07-23 15:05:22,472 - INFO - Counting overall UMI occurrences...
2024-07-23 15:05:22,474 - INFO - Counting inter-gene collisions...
2024-07-23 15:05:22,487 - INFO - Total UMIs generated: 262144
2024-07-23 15:05:22,487 - INFO - Total UMIs allocated: 11842
2024-07-23 15:05:22,487 - INFO - Number of unique UMIs assigned to genes: 11583
2024-07-23 15:05:22,487 - INFO - Inter-gene collisions: 259
2024-07-23 15:05:22,487 - INFO - Inter-gene collision rate: 0.02187
2024-07-23 15:05:22,487 - INFO - Writing gene UMI counts to file...
2024-07-23 15:05:22,488 - INFO - Writing UMI inter-gene collisions to file...
2024-07-23 15:05:22,488 - INFO - Simulation complete.
