2024-07-23 15:02:30,156 - INFO - Simulation Script Version: 0.0.2
2024-07-23 15:02:30,156 - INFO - Simulation Parameters:
2024-07-23 15:02:30,156 - INFO - Length of UMI: 10
2024-07-23 15:02:30,156 - INFO - Number of genes: 2000
2024-07-23 15:02:30,156 - INFO - Parameters file: None
2024-07-23 15:02:30,156 - INFO - Mean (mu): 6.0
2024-07-23 15:02:30,156 - INFO - Dispersion (theta): 6.0
2024-07-23 15:02:30,156 - INFO - Use Poisson distribution: False
2024-07-23 15:02:30,156 - INFO - Gene UMI counts file: gene_2000_umi10_counts_rep4.txt
2024-07-23 15:02:30,156 - INFO - UMI collisions file: umi10_2000_collisions_rep4.txt
2024-07-23 15:02:30,156 - INFO - Seed: None
2024-07-23 15:02:30,156 - INFO - Log file: umi10_2000_rep4.log
2024-07-23 15:02:30,156 - INFO - No seed specified. Generated random seed: 310149730
2024-07-23 15:02:30,156 - INFO - Generating all possible UMIs...
2024-07-23 15:02:30,456 - INFO - Total possible UMIs generated: 262144
2024-07-23 15:02:30,456 - INFO - Loading parameters...
2024-07-23 15:02:30,456 - INFO - Sampling read depths for each gene...
2024-07-23 15:02:30,530 - INFO - Read depths sampling complete.
2024-07-23 15:02:30,530 - INFO - Allocating UMIs based on sampled read depths...
2024-07-23 15:02:30,530 - INFO - Allocating UMIs for gene 0...
2024-07-23 15:02:35,197 - INFO - Allocating UMIs for gene 100...
2024-07-23 15:02:39,848 - INFO - Allocating UMIs for gene 200...
2024-07-23 15:02:44,023 - INFO - Allocating UMIs for gene 300...
2024-07-23 15:02:48,198 - INFO - Allocating UMIs for gene 400...
2024-07-23 15:02:52,523 - INFO - Allocating UMIs for gene 500...
2024-07-23 15:02:56,591 - INFO - Allocating UMIs for gene 600...
2024-07-23 15:03:00,867 - INFO - Allocating UMIs for gene 700...
2024-07-23 15:03:05,031 - INFO - Allocating UMIs for gene 800...
2024-07-23 15:03:09,135 - INFO - Allocating UMIs for gene 900...
2024-07-23 15:03:13,376 - INFO - Allocating UMIs for gene 1000...
2024-07-23 15:03:17,688 - INFO - Allocating UMIs for gene 1100...
2024-07-23 15:03:21,941 - INFO - Allocating UMIs for gene 1200...
2024-07-23 15:03:26,104 - INFO - Allocating UMIs for gene 1300...
2024-07-23 15:03:30,261 - INFO - Allocating UMIs for gene 1400...
2024-07-23 15:03:34,530 - INFO - Allocating UMIs for gene 1500...
2024-07-23 15:03:38,747 - INFO - Allocating UMIs for gene 1600...
2024-07-23 15:03:42,984 - INFO - Allocating UMIs for gene 1700...
2024-07-23 15:03:47,083 - INFO - Allocating UMIs for gene 1800...
2024-07-23 15:03:51,361 - INFO - Allocating UMIs for gene 1900...
2024-07-23 15:03:55,620 - INFO - UMI allocation complete.
2024-07-23 15:03:55,620 - INFO - Counting overall UMI occurrences...
2024-07-23 15:03:55,623 - INFO - Counting inter-gene collisions...
2024-07-23 15:03:55,636 - INFO - Total UMIs generated: 262144
2024-07-23 15:03:55,636 - INFO - Total UMIs allocated: 11754
2024-07-23 15:03:55,636 - INFO - Number of unique UMIs assigned to genes: 11504
2024-07-23 15:03:55,636 - INFO - Inter-gene collisions: 250
2024-07-23 15:03:55,636 - INFO - Inter-gene collision rate: 0.02127
2024-07-23 15:03:55,636 - INFO - Writing gene UMI counts to file...
2024-07-23 15:03:55,639 - INFO - Writing UMI inter-gene collisions to file...
2024-07-23 15:03:55,639 - INFO - Simulation complete.
