2024-07-23 14:57:39,804 - INFO - Simulation Script Version: 0.0.2
2024-07-23 14:57:39,804 - INFO - Simulation Parameters:
2024-07-23 14:57:39,804 - INFO - Length of UMI: 10
2024-07-23 14:57:39,804 - INFO - Number of genes: 2000
2024-07-23 14:57:39,804 - INFO - Parameters file: None
2024-07-23 14:57:39,804 - INFO - Mean (mu): 6.0
2024-07-23 14:57:39,804 - INFO - Dispersion (theta): 6.0
2024-07-23 14:57:39,804 - INFO - Use Poisson distribution: False
2024-07-23 14:57:39,804 - INFO - Gene UMI counts file: gene_2000_umi10_counts_rep1.txt
2024-07-23 14:57:39,804 - INFO - UMI collisions file: umi10_2000_collisions.txt
2024-07-23 14:57:39,804 - INFO - Seed: None
2024-07-23 14:57:39,804 - INFO - Log file: umi10_2000_rep1.log
2024-07-23 14:57:39,805 - INFO - No seed specified. Generated random seed: 1173982860
2024-07-23 14:57:39,805 - INFO - Generating all possible UMIs...
2024-07-23 14:57:40,088 - INFO - Total possible UMIs generated: 262144
2024-07-23 14:57:40,088 - INFO - Loading parameters...
2024-07-23 14:57:40,088 - INFO - Sampling read depths for each gene...
2024-07-23 14:57:40,163 - INFO - Read depths sampling complete.
2024-07-23 14:57:40,163 - INFO - Allocating UMIs based on sampled read depths...
2024-07-23 14:57:40,163 - INFO - Allocating UMIs for gene 0...
2024-07-23 14:57:45,357 - INFO - Allocating UMIs for gene 100...
2024-07-23 14:57:50,268 - INFO - Allocating UMIs for gene 200...
2024-07-23 14:57:55,201 - INFO - Allocating UMIs for gene 300...
2024-07-23 14:58:00,156 - INFO - Allocating UMIs for gene 400...
2024-07-23 14:58:05,228 - INFO - Allocating UMIs for gene 500...
2024-07-23 14:58:10,454 - INFO - Allocating UMIs for gene 600...
2024-07-23 14:58:15,397 - INFO - Allocating UMIs for gene 700...
2024-07-23 14:58:20,334 - INFO - Allocating UMIs for gene 800...
2024-07-23 14:58:25,320 - INFO - Allocating UMIs for gene 900...
2024-07-23 14:58:30,231 - INFO - Allocating UMIs for gene 1000...
2024-07-23 14:58:35,581 - INFO - Allocating UMIs for gene 1100...
2024-07-23 14:58:40,550 - INFO - Allocating UMIs for gene 1200...
2024-07-23 14:58:45,439 - INFO - Allocating UMIs for gene 1300...
2024-07-23 14:58:50,321 - INFO - Allocating UMIs for gene 1400...
2024-07-23 14:58:55,242 - INFO - Allocating UMIs for gene 1500...
2024-07-23 14:59:00,260 - INFO - Allocating UMIs for gene 1600...
2024-07-23 14:59:04,920 - INFO - Allocating UMIs for gene 1700...
2024-07-23 14:59:09,773 - INFO - Allocating UMIs for gene 1800...
2024-07-23 14:59:14,647 - INFO - Allocating UMIs for gene 1900...
2024-07-23 14:59:19,436 - INFO - UMI allocation complete.
2024-07-23 14:59:19,437 - INFO - Counting overall UMI occurrences...
2024-07-23 14:59:19,440 - INFO - Counting inter-gene collisions...
2024-07-23 14:59:19,454 - INFO - Total UMIs generated: 262144
2024-07-23 14:59:19,454 - INFO - Total UMIs allocated: 11960
2024-07-23 14:59:19,454 - INFO - Number of unique UMIs assigned to genes: 11689
2024-07-23 14:59:19,454 - INFO - Inter-gene collisions: 269
2024-07-23 14:59:19,454 - INFO - Inter-gene collision rate: 0.02249
2024-07-23 14:59:19,454 - INFO - Writing gene UMI counts to file...
2024-07-23 14:59:19,455 - INFO - Writing UMI inter-gene collisions to file...
2024-07-23 14:59:19,455 - INFO - Simulation complete.
