2024-07-23 15:09:50,678 - INFO - Simulation Script Version: 0.0.2
2024-07-23 15:09:50,678 - INFO - Simulation Parameters:
2024-07-23 15:09:50,678 - INFO - Length of UMI: 10
2024-07-23 15:09:50,678 - INFO - Number of genes: 2000
2024-07-23 15:09:50,678 - INFO - Parameters file: None
2024-07-23 15:09:50,678 - INFO - Mean (mu): 6.0
2024-07-23 15:09:50,678 - INFO - Dispersion (theta): 6.0
2024-07-23 15:09:50,678 - INFO - Use Poisson distribution: False
2024-07-23 15:09:50,678 - INFO - Gene UMI counts file: gene_2000_umi10_counts_rep9.txt
2024-07-23 15:09:50,678 - INFO - UMI collisions file: umi10_2000_collisions_rep9.txt
2024-07-23 15:09:50,678 - INFO - Seed: None
2024-07-23 15:09:50,678 - INFO - Log file: umi10_2000_rep9.log
2024-07-23 15:09:50,678 - INFO - No seed specified. Generated random seed: 2074454441
2024-07-23 15:09:50,678 - INFO - Generating all possible UMIs...
2024-07-23 15:09:50,979 - INFO - Total possible UMIs generated: 262144
2024-07-23 15:09:50,980 - INFO - Loading parameters...
2024-07-23 15:09:50,980 - INFO - Sampling read depths for each gene...
2024-07-23 15:09:51,054 - INFO - Read depths sampling complete.
2024-07-23 15:09:51,054 - INFO - Allocating UMIs based on sampled read depths...
2024-07-23 15:09:51,054 - INFO - Allocating UMIs for gene 0...
2024-07-23 15:09:55,723 - INFO - Allocating UMIs for gene 100...
2024-07-23 15:10:00,175 - INFO - Allocating UMIs for gene 200...
2024-07-23 15:10:04,585 - INFO - Allocating UMIs for gene 300...
2024-07-23 15:10:09,106 - INFO - Allocating UMIs for gene 400...
2024-07-23 15:10:13,986 - INFO - Allocating UMIs for gene 500...
2024-07-23 15:10:18,698 - INFO - Allocating UMIs for gene 600...
2024-07-23 15:10:23,388 - INFO - Allocating UMIs for gene 700...
2024-07-23 15:10:28,073 - INFO - Allocating UMIs for gene 800...
2024-07-23 15:10:32,760 - INFO - Allocating UMIs for gene 900...
2024-07-23 15:10:37,527 - INFO - Allocating UMIs for gene 1000...
2024-07-23 15:10:42,223 - INFO - Allocating UMIs for gene 1100...
2024-07-23 15:10:46,817 - INFO - Allocating UMIs for gene 1200...
2024-07-23 15:10:51,540 - INFO - Allocating UMIs for gene 1300...
2024-07-23 15:10:56,250 - INFO - Allocating UMIs for gene 1400...
2024-07-23 15:11:00,906 - INFO - Allocating UMIs for gene 1500...
2024-07-23 15:11:05,649 - INFO - Allocating UMIs for gene 1600...
2024-07-23 15:11:10,370 - INFO - Allocating UMIs for gene 1700...
2024-07-23 15:11:15,095 - INFO - Allocating UMIs for gene 1800...
2024-07-23 15:11:19,844 - INFO - Allocating UMIs for gene 1900...
2024-07-23 15:11:24,602 - INFO - UMI allocation complete.
2024-07-23 15:11:24,603 - INFO - Counting overall UMI occurrences...
2024-07-23 15:11:24,605 - INFO - Counting inter-gene collisions...
2024-07-23 15:11:24,618 - INFO - Total UMIs generated: 262144
2024-07-23 15:11:24,619 - INFO - Total UMIs allocated: 12146
2024-07-23 15:11:24,619 - INFO - Number of unique UMIs assigned to genes: 11874
2024-07-23 15:11:24,619 - INFO - Inter-gene collisions: 272
2024-07-23 15:11:24,619 - INFO - Inter-gene collision rate: 0.02239
2024-07-23 15:11:24,619 - INFO - Writing gene UMI counts to file...
2024-07-23 15:11:24,622 - INFO - Writing UMI inter-gene collisions to file...
2024-07-23 15:11:24,622 - INFO - Simulation complete.
