2024-07-23 15:00:56,760 - INFO - Simulation Script Version: 0.0.2
2024-07-23 15:00:56,760 - INFO - Simulation Parameters:
2024-07-23 15:00:56,760 - INFO - Length of UMI: 10
2024-07-23 15:00:56,760 - INFO - Number of genes: 2000
2024-07-23 15:00:56,760 - INFO - Parameters file: None
2024-07-23 15:00:56,760 - INFO - Mean (mu): 6.0
2024-07-23 15:00:56,760 - INFO - Dispersion (theta): 6.0
2024-07-23 15:00:56,760 - INFO - Use Poisson distribution: False
2024-07-23 15:00:56,760 - INFO - Gene UMI counts file: gene_2000_umi10_counts_rep3.txt
2024-07-23 15:00:56,760 - INFO - UMI collisions file: umi10_2000_collisions_rep3.txt
2024-07-23 15:00:56,760 - INFO - Seed: None
2024-07-23 15:00:56,760 - INFO - Log file: umi10_2000_rep3.log
2024-07-23 15:00:56,760 - INFO - No seed specified. Generated random seed: 2768924755
2024-07-23 15:00:56,760 - INFO - Generating all possible UMIs...
2024-07-23 15:00:57,060 - INFO - Total possible UMIs generated: 262144
2024-07-23 15:00:57,060 - INFO - Loading parameters...
2024-07-23 15:00:57,060 - INFO - Sampling read depths for each gene...
2024-07-23 15:00:57,133 - INFO - Read depths sampling complete.
2024-07-23 15:00:57,133 - INFO - Allocating UMIs based on sampled read depths...
2024-07-23 15:00:57,133 - INFO - Allocating UMIs for gene 0...
2024-07-23 15:01:01,772 - INFO - Allocating UMIs for gene 100...
2024-07-23 15:01:06,258 - INFO - Allocating UMIs for gene 200...
2024-07-23 15:01:11,106 - INFO - Allocating UMIs for gene 300...
2024-07-23 15:01:15,779 - INFO - Allocating UMIs for gene 400...
2024-07-23 15:01:20,359 - INFO - Allocating UMIs for gene 500...
2024-07-23 15:01:24,844 - INFO - Allocating UMIs for gene 600...
2024-07-23 15:01:29,390 - INFO - Allocating UMIs for gene 700...
2024-07-23 15:01:34,107 - INFO - Allocating UMIs for gene 800...
2024-07-23 15:01:38,763 - INFO - Allocating UMIs for gene 900...
2024-07-23 15:01:43,372 - INFO - Allocating UMIs for gene 1000...
2024-07-23 15:01:47,907 - INFO - Allocating UMIs for gene 1100...
2024-07-23 15:01:52,568 - INFO - Allocating UMIs for gene 1200...
2024-07-23 15:01:57,078 - INFO - Allocating UMIs for gene 1300...
2024-07-23 15:02:01,585 - INFO - Allocating UMIs for gene 1400...
2024-07-23 15:02:06,006 - INFO - Allocating UMIs for gene 1500...
2024-07-23 15:02:10,614 - INFO - Allocating UMIs for gene 1600...
2024-07-23 15:02:15,193 - INFO - Allocating UMIs for gene 1700...
2024-07-23 15:02:19,783 - INFO - Allocating UMIs for gene 1800...
2024-07-23 15:02:24,368 - INFO - Allocating UMIs for gene 1900...
2024-07-23 15:02:29,068 - INFO - UMI allocation complete.
2024-07-23 15:02:29,068 - INFO - Counting overall UMI occurrences...
2024-07-23 15:02:29,070 - INFO - Counting inter-gene collisions...
2024-07-23 15:02:29,084 - INFO - Total UMIs generated: 262144
2024-07-23 15:02:29,084 - INFO - Total UMIs allocated: 12301
2024-07-23 15:02:29,084 - INFO - Number of unique UMIs assigned to genes: 11980
2024-07-23 15:02:29,085 - INFO - Inter-gene collisions: 321
2024-07-23 15:02:29,085 - INFO - Inter-gene collision rate: 0.02610
2024-07-23 15:02:29,085 - INFO - Writing gene UMI counts to file...
2024-07-23 15:02:29,086 - INFO - Writing UMI inter-gene collisions to file...
2024-07-23 15:02:29,086 - INFO - Simulation complete.
