2024-07-23 15:11:25,663 - INFO - Simulation Script Version: 0.0.2
2024-07-23 15:11:25,663 - INFO - Simulation Parameters:
2024-07-23 15:11:25,663 - INFO - Length of UMI: 10
2024-07-23 15:11:25,663 - INFO - Number of genes: 2000
2024-07-23 15:11:25,663 - INFO - Parameters file: None
2024-07-23 15:11:25,663 - INFO - Mean (mu): 6.0
2024-07-23 15:11:25,663 - INFO - Dispersion (theta): 6.0
2024-07-23 15:11:25,663 - INFO - Use Poisson distribution: False
2024-07-23 15:11:25,663 - INFO - Gene UMI counts file: gene_2000_umi10_counts_rep10.txt
2024-07-23 15:11:25,663 - INFO - UMI collisions file: umi10_2000_collisions_rep10.txt
2024-07-23 15:11:25,663 - INFO - Seed: None
2024-07-23 15:11:25,663 - INFO - Log file: umi10_2000_rep10.log
2024-07-23 15:11:25,663 - INFO - No seed specified. Generated random seed: 75980105
2024-07-23 15:11:25,663 - INFO - Generating all possible UMIs...
2024-07-23 15:11:25,966 - INFO - Total possible UMIs generated: 262144
2024-07-23 15:11:25,966 - INFO - Loading parameters...
2024-07-23 15:11:25,966 - INFO - Sampling read depths for each gene...
2024-07-23 15:11:26,039 - INFO - Read depths sampling complete.
2024-07-23 15:11:26,039 - INFO - Allocating UMIs based on sampled read depths...
2024-07-23 15:11:26,039 - INFO - Allocating UMIs for gene 0...
2024-07-23 15:11:30,894 - INFO - Allocating UMIs for gene 100...
2024-07-23 15:11:35,805 - INFO - Allocating UMIs for gene 200...
2024-07-23 15:11:40,564 - INFO - Allocating UMIs for gene 300...
2024-07-23 15:11:45,293 - INFO - Allocating UMIs for gene 400...
2024-07-23 15:11:50,059 - INFO - Allocating UMIs for gene 500...
2024-07-23 15:11:54,711 - INFO - Allocating UMIs for gene 600...
2024-07-23 15:11:59,634 - INFO - Allocating UMIs for gene 700...
2024-07-23 15:12:04,480 - INFO - Allocating UMIs for gene 800...
2024-07-23 15:12:09,245 - INFO - Allocating UMIs for gene 900...
2024-07-23 15:12:14,081 - INFO - Allocating UMIs for gene 1000...
2024-07-23 15:12:18,776 - INFO - Allocating UMIs for gene 1100...
2024-07-23 15:12:23,507 - INFO - Allocating UMIs for gene 1200...
2024-07-23 15:12:28,313 - INFO - Allocating UMIs for gene 1300...
2024-07-23 15:12:33,102 - INFO - Allocating UMIs for gene 1400...
2024-07-23 15:12:37,819 - INFO - Allocating UMIs for gene 1500...
2024-07-23 15:12:42,568 - INFO - Allocating UMIs for gene 1600...
2024-07-23 15:12:47,412 - INFO - Allocating UMIs for gene 1700...
2024-07-23 15:12:52,241 - INFO - Allocating UMIs for gene 1800...
2024-07-23 15:12:57,010 - INFO - Allocating UMIs for gene 1900...
2024-07-23 15:13:01,901 - INFO - UMI allocation complete.
2024-07-23 15:13:01,901 - INFO - Counting overall UMI occurrences...
2024-07-23 15:13:01,903 - INFO - Counting inter-gene collisions...
2024-07-23 15:13:01,916 - INFO - Total UMIs generated: 262144
2024-07-23 15:13:01,916 - INFO - Total UMIs allocated: 11917
2024-07-23 15:13:01,916 - INFO - Number of unique UMIs assigned to genes: 11639
2024-07-23 15:13:01,916 - INFO - Inter-gene collisions: 278
2024-07-23 15:13:01,916 - INFO - Inter-gene collision rate: 0.02333
2024-07-23 15:13:01,916 - INFO - Writing gene UMI counts to file...
2024-07-23 15:13:01,918 - INFO - Writing UMI inter-gene collisions to file...
2024-07-23 15:13:01,918 - INFO - Simulation complete.
