2024-07-23 15:05:23,444 - INFO - Simulation Script Version: 0.0.2
2024-07-23 15:05:23,444 - INFO - Simulation Parameters:
2024-07-23 15:05:23,444 - INFO - Length of UMI: 10
2024-07-23 15:05:23,444 - INFO - Number of genes: 2000
2024-07-23 15:05:23,444 - INFO - Parameters file: None
2024-07-23 15:05:23,444 - INFO - Mean (mu): 6.0
2024-07-23 15:05:23,444 - INFO - Dispersion (theta): 6.0
2024-07-23 15:05:23,444 - INFO - Use Poisson distribution: False
2024-07-23 15:05:23,444 - INFO - Gene UMI counts file: gene_2000_umi10_counts_rep6.txt
2024-07-23 15:05:23,444 - INFO - UMI collisions file: umi10_2000_collisions_rep6.txt
2024-07-23 15:05:23,444 - INFO - Seed: None
2024-07-23 15:05:23,445 - INFO - Log file: umi10_2000_rep6.log
2024-07-23 15:05:23,445 - INFO - No seed specified. Generated random seed: 342639931
2024-07-23 15:05:23,445 - INFO - Generating all possible UMIs...
2024-07-23 15:05:23,735 - INFO - Total possible UMIs generated: 262144
2024-07-23 15:05:23,735 - INFO - Loading parameters...
2024-07-23 15:05:23,735 - INFO - Sampling read depths for each gene...
2024-07-23 15:05:23,805 - INFO - Read depths sampling complete.
2024-07-23 15:05:23,805 - INFO - Allocating UMIs based on sampled read depths...
2024-07-23 15:05:23,805 - INFO - Allocating UMIs for gene 0...
2024-07-23 15:05:28,048 - INFO - Allocating UMIs for gene 100...
2024-07-23 15:05:32,255 - INFO - Allocating UMIs for gene 200...
2024-07-23 15:05:36,393 - INFO - Allocating UMIs for gene 300...
2024-07-23 15:05:40,611 - INFO - Allocating UMIs for gene 400...
2024-07-23 15:05:44,897 - INFO - Allocating UMIs for gene 500...
2024-07-23 15:05:49,145 - INFO - Allocating UMIs for gene 600...
2024-07-23 15:05:53,464 - INFO - Allocating UMIs for gene 700...
2024-07-23 15:05:57,602 - INFO - Allocating UMIs for gene 800...
2024-07-23 15:06:01,837 - INFO - Allocating UMIs for gene 900...
2024-07-23 15:06:06,016 - INFO - Allocating UMIs for gene 1000...
2024-07-23 15:06:10,271 - INFO - Allocating UMIs for gene 1100...
2024-07-23 15:06:14,500 - INFO - Allocating UMIs for gene 1200...
2024-07-23 15:06:18,806 - INFO - Allocating UMIs for gene 1300...
2024-07-23 15:06:23,014 - INFO - Allocating UMIs for gene 1400...
2024-07-23 15:06:27,189 - INFO - Allocating UMIs for gene 1500...
2024-07-23 15:06:31,447 - INFO - Allocating UMIs for gene 1600...
2024-07-23 15:06:35,717 - INFO - Allocating UMIs for gene 1700...
2024-07-23 15:06:39,875 - INFO - Allocating UMIs for gene 1800...
2024-07-23 15:06:44,142 - INFO - Allocating UMIs for gene 1900...
2024-07-23 15:06:48,260 - INFO - UMI allocation complete.
2024-07-23 15:06:48,260 - INFO - Counting overall UMI occurrences...
2024-07-23 15:06:48,262 - INFO - Counting inter-gene collisions...
2024-07-23 15:06:48,274 - INFO - Total UMIs generated: 262144
2024-07-23 15:06:48,274 - INFO - Total UMIs allocated: 11606
2024-07-23 15:06:48,274 - INFO - Number of unique UMIs assigned to genes: 11365
2024-07-23 15:06:48,274 - INFO - Inter-gene collisions: 241
2024-07-23 15:06:48,275 - INFO - Inter-gene collision rate: 0.02077
2024-07-23 15:06:48,275 - INFO - Writing gene UMI counts to file...
2024-07-23 15:06:48,278 - INFO - Writing UMI inter-gene collisions to file...
2024-07-23 15:06:48,278 - INFO - Simulation complete.
