2024-07-23 15:06:49,245 - INFO - Simulation Script Version: 0.0.2
2024-07-23 15:06:49,245 - INFO - Simulation Parameters:
2024-07-23 15:06:49,245 - INFO - Length of UMI: 10
2024-07-23 15:06:49,245 - INFO - Number of genes: 2000
2024-07-23 15:06:49,245 - INFO - Parameters file: None
2024-07-23 15:06:49,245 - INFO - Mean (mu): 6.0
2024-07-23 15:06:49,245 - INFO - Dispersion (theta): 6.0
2024-07-23 15:06:49,245 - INFO - Use Poisson distribution: False
2024-07-23 15:06:49,245 - INFO - Gene UMI counts file: gene_2000_umi10_counts_rep7.txt
2024-07-23 15:06:49,245 - INFO - UMI collisions file: umi10_2000_collisions_rep7.txt
2024-07-23 15:06:49,245 - INFO - Seed: None
2024-07-23 15:06:49,245 - INFO - Log file: umi10_2000_rep7.log
2024-07-23 15:06:49,245 - INFO - No seed specified. Generated random seed: 553191500
2024-07-23 15:06:49,245 - INFO - Generating all possible UMIs...
2024-07-23 15:06:49,531 - INFO - Total possible UMIs generated: 262144
2024-07-23 15:06:49,532 - INFO - Loading parameters...
2024-07-23 15:06:49,532 - INFO - Sampling read depths for each gene...
2024-07-23 15:06:49,603 - INFO - Read depths sampling complete.
2024-07-23 15:06:49,603 - INFO - Allocating UMIs based on sampled read depths...
2024-07-23 15:06:49,603 - INFO - Allocating UMIs for gene 0...
2024-07-23 15:06:53,845 - INFO - Allocating UMIs for gene 100...
2024-07-23 15:06:58,113 - INFO - Allocating UMIs for gene 200...
2024-07-23 15:07:02,308 - INFO - Allocating UMIs for gene 300...
2024-07-23 15:07:06,473 - INFO - Allocating UMIs for gene 400...
2024-07-23 15:07:10,754 - INFO - Allocating UMIs for gene 500...
2024-07-23 15:07:15,366 - INFO - Allocating UMIs for gene 600...
2024-07-23 15:07:19,714 - INFO - Allocating UMIs for gene 700...
2024-07-23 15:07:24,245 - INFO - Allocating UMIs for gene 800...
2024-07-23 15:07:28,890 - INFO - Allocating UMIs for gene 900...
2024-07-23 15:07:33,487 - INFO - Allocating UMIs for gene 1000...
2024-07-23 15:07:38,118 - INFO - Allocating UMIs for gene 1100...
2024-07-23 15:07:42,688 - INFO - Allocating UMIs for gene 1200...
2024-07-23 15:07:47,147 - INFO - Allocating UMIs for gene 1300...
2024-07-23 15:07:51,689 - INFO - Allocating UMIs for gene 1400...
2024-07-23 15:07:56,192 - INFO - Allocating UMIs for gene 1500...
2024-07-23 15:08:00,712 - INFO - Allocating UMIs for gene 1600...
2024-07-23 15:08:05,151 - INFO - Allocating UMIs for gene 1700...
2024-07-23 15:08:09,563 - INFO - Allocating UMIs for gene 1800...
2024-07-23 15:08:14,037 - INFO - Allocating UMIs for gene 1900...
2024-07-23 15:08:18,504 - INFO - UMI allocation complete.
2024-07-23 15:08:18,504 - INFO - Counting overall UMI occurrences...
2024-07-23 15:08:18,507 - INFO - Counting inter-gene collisions...
2024-07-23 15:08:18,519 - INFO - Total UMIs generated: 262144
2024-07-23 15:08:18,520 - INFO - Total UMIs allocated: 11881
2024-07-23 15:08:18,520 - INFO - Number of unique UMIs assigned to genes: 11619
2024-07-23 15:08:18,520 - INFO - Inter-gene collisions: 262
2024-07-23 15:08:18,520 - INFO - Inter-gene collision rate: 0.02205
2024-07-23 15:08:18,520 - INFO - Writing gene UMI counts to file...
2024-07-23 15:08:18,521 - INFO - Writing UMI inter-gene collisions to file...
2024-07-23 15:08:18,521 - INFO - Simulation complete.
