2024-07-23 14:59:25,863 - INFO - Simulation Script Version: 0.0.2
2024-07-23 14:59:25,863 - INFO - Simulation Parameters:
2024-07-23 14:59:25,863 - INFO - Length of UMI: 10
2024-07-23 14:59:25,863 - INFO - Number of genes: 500
2024-07-23 14:59:25,863 - INFO - Parameters file: None
2024-07-23 14:59:25,863 - INFO - Mean (mu): 6.0
2024-07-23 14:59:25,863 - INFO - Dispersion (theta): 6.0
2024-07-23 14:59:25,863 - INFO - Use Poisson distribution: False
2024-07-23 14:59:25,863 - INFO - Gene UMI counts file: gene_500_umi10_counts_rep5.txt
2024-07-23 14:59:25,863 - INFO - UMI collisions file: umi10_500_collisions_rep5.txt
2024-07-23 14:59:25,863 - INFO - Seed: None
2024-07-23 14:59:25,863 - INFO - Log file: umi10_500_rep5.log
2024-07-23 14:59:25,863 - INFO - No seed specified. Generated random seed: 3174637256
2024-07-23 14:59:25,863 - INFO - Generating all possible UMIs...
2024-07-23 14:59:26,165 - INFO - Total possible UMIs generated: 262144
2024-07-23 14:59:26,165 - INFO - Loading parameters...
2024-07-23 14:59:26,165 - INFO - Sampling read depths for each gene...
2024-07-23 14:59:26,184 - INFO - Read depths sampling complete.
2024-07-23 14:59:26,185 - INFO - Allocating UMIs based on sampled read depths...
2024-07-23 14:59:26,185 - INFO - Allocating UMIs for gene 0...
2024-07-23 14:59:31,057 - INFO - Allocating UMIs for gene 100...
2024-07-23 14:59:35,759 - INFO - Allocating UMIs for gene 200...
2024-07-23 14:59:40,552 - INFO - Allocating UMIs for gene 300...
2024-07-23 14:59:45,305 - INFO - Allocating UMIs for gene 400...
2024-07-23 14:59:50,007 - INFO - UMI allocation complete.
2024-07-23 14:59:50,008 - INFO - Counting overall UMI occurrences...
2024-07-23 14:59:50,009 - INFO - Counting inter-gene collisions...
2024-07-23 14:59:50,010 - INFO - Total UMIs generated: 262144
2024-07-23 14:59:50,010 - INFO - Total UMIs allocated: 2892
2024-07-23 14:59:50,010 - INFO - Number of unique UMIs assigned to genes: 2882
2024-07-23 14:59:50,010 - INFO - Inter-gene collisions: 10
2024-07-23 14:59:50,010 - INFO - Inter-gene collision rate: 0.00346
2024-07-23 14:59:50,010 - INFO - Writing gene UMI counts to file...
2024-07-23 14:59:50,013 - INFO - Writing UMI inter-gene collisions to file...
2024-07-23 14:59:50,013 - INFO - Simulation complete.
