2024-07-23 15:00:42,269 - INFO - Simulation Script Version: 0.0.2
2024-07-23 15:00:42,269 - INFO - Simulation Parameters:
2024-07-23 15:00:42,269 - INFO - Length of UMI: 10
2024-07-23 15:00:42,269 - INFO - Number of genes: 500
2024-07-23 15:00:42,269 - INFO - Parameters file: None
2024-07-23 15:00:42,269 - INFO - Mean (mu): 6.0
2024-07-23 15:00:42,269 - INFO - Dispersion (theta): 6.0
2024-07-23 15:00:42,269 - INFO - Use Poisson distribution: False
2024-07-23 15:00:42,269 - INFO - Gene UMI counts file: gene_500_umi10_counts_rep8.txt
2024-07-23 15:00:42,269 - INFO - UMI collisions file: umi10_500_collisions_rep8.txt
2024-07-23 15:00:42,269 - INFO - Seed: None
2024-07-23 15:00:42,269 - INFO - Log file: umi10_500_rep8.log
2024-07-23 15:00:42,269 - INFO - No seed specified. Generated random seed: 2686891556
2024-07-23 15:00:42,269 - INFO - Generating all possible UMIs...
2024-07-23 15:00:42,570 - INFO - Total possible UMIs generated: 262144
2024-07-23 15:00:42,570 - INFO - Loading parameters...
2024-07-23 15:00:42,570 - INFO - Sampling read depths for each gene...
2024-07-23 15:00:42,593 - INFO - Read depths sampling complete.
2024-07-23 15:00:42,593 - INFO - Allocating UMIs based on sampled read depths...
2024-07-23 15:00:42,593 - INFO - Allocating UMIs for gene 0...
2024-07-23 15:00:47,469 - INFO - Allocating UMIs for gene 100...
2024-07-23 15:00:52,400 - INFO - Allocating UMIs for gene 200...
2024-07-23 15:00:57,506 - INFO - Allocating UMIs for gene 300...
2024-07-23 15:01:02,528 - INFO - Allocating UMIs for gene 400...
2024-07-23 15:01:07,349 - INFO - UMI allocation complete.
2024-07-23 15:01:07,349 - INFO - Counting overall UMI occurrences...
2024-07-23 15:01:07,350 - INFO - Counting inter-gene collisions...
2024-07-23 15:01:07,352 - INFO - Total UMIs generated: 262144
2024-07-23 15:01:07,352 - INFO - Total UMIs allocated: 2921
2024-07-23 15:01:07,352 - INFO - Number of unique UMIs assigned to genes: 2902
2024-07-23 15:01:07,352 - INFO - Inter-gene collisions: 19
2024-07-23 15:01:07,352 - INFO - Inter-gene collision rate: 0.00650
2024-07-23 15:01:07,352 - INFO - Writing gene UMI counts to file...
2024-07-23 15:01:07,353 - INFO - Writing UMI inter-gene collisions to file...
2024-07-23 15:01:07,354 - INFO - Simulation complete.
