2024-07-23 15:00:17,192 - INFO - Simulation Script Version: 0.0.2
2024-07-23 15:00:17,192 - INFO - Simulation Parameters:
2024-07-23 15:00:17,192 - INFO - Length of UMI: 10
2024-07-23 15:00:17,192 - INFO - Number of genes: 500
2024-07-23 15:00:17,193 - INFO - Parameters file: None
2024-07-23 15:00:17,193 - INFO - Mean (mu): 6.0
2024-07-23 15:00:17,193 - INFO - Dispersion (theta): 6.0
2024-07-23 15:00:17,193 - INFO - Use Poisson distribution: False
2024-07-23 15:00:17,193 - INFO - Gene UMI counts file: gene_500_umi10_counts_rep7.txt
2024-07-23 15:00:17,193 - INFO - UMI collisions file: umi10_500_collisions_rep7.txt
2024-07-23 15:00:17,193 - INFO - Seed: None
2024-07-23 15:00:17,193 - INFO - Log file: umi10_500_rep7.log
2024-07-23 15:00:17,193 - INFO - No seed specified. Generated random seed: 131823120
2024-07-23 15:00:17,193 - INFO - Generating all possible UMIs...
2024-07-23 15:00:17,493 - INFO - Total possible UMIs generated: 262144
2024-07-23 15:00:17,493 - INFO - Loading parameters...
2024-07-23 15:00:17,493 - INFO - Sampling read depths for each gene...
2024-07-23 15:00:17,512 - INFO - Read depths sampling complete.
2024-07-23 15:00:17,512 - INFO - Allocating UMIs based on sampled read depths...
2024-07-23 15:00:17,512 - INFO - Allocating UMIs for gene 0...
2024-07-23 15:00:22,299 - INFO - Allocating UMIs for gene 100...
2024-07-23 15:00:27,103 - INFO - Allocating UMIs for gene 200...
2024-07-23 15:00:31,764 - INFO - Allocating UMIs for gene 300...
2024-07-23 15:00:36,454 - INFO - Allocating UMIs for gene 400...
2024-07-23 15:00:41,193 - INFO - UMI allocation complete.
2024-07-23 15:00:41,193 - INFO - Counting overall UMI occurrences...
2024-07-23 15:00:41,194 - INFO - Counting inter-gene collisions...
2024-07-23 15:00:41,195 - INFO - Total UMIs generated: 262144
2024-07-23 15:00:41,195 - INFO - Total UMIs allocated: 2903
2024-07-23 15:00:41,195 - INFO - Number of unique UMIs assigned to genes: 2884
2024-07-23 15:00:41,195 - INFO - Inter-gene collisions: 19
2024-07-23 15:00:41,195 - INFO - Inter-gene collision rate: 0.00654
2024-07-23 15:00:41,195 - INFO - Writing gene UMI counts to file...
2024-07-23 15:00:41,196 - INFO - Writing UMI inter-gene collisions to file...
2024-07-23 15:00:41,197 - INFO - Simulation complete.
