2024-07-23 15:01:08,365 - INFO - Simulation Script Version: 0.0.2
2024-07-23 15:01:08,365 - INFO - Simulation Parameters:
2024-07-23 15:01:08,365 - INFO - Length of UMI: 10
2024-07-23 15:01:08,365 - INFO - Number of genes: 500
2024-07-23 15:01:08,365 - INFO - Parameters file: None
2024-07-23 15:01:08,365 - INFO - Mean (mu): 6.0
2024-07-23 15:01:08,365 - INFO - Dispersion (theta): 6.0
2024-07-23 15:01:08,365 - INFO - Use Poisson distribution: False
2024-07-23 15:01:08,365 - INFO - Gene UMI counts file: gene_500_umi10_counts_rep9.txt
2024-07-23 15:01:08,365 - INFO - UMI collisions file: umi10_500_collisions_rep9.txt
2024-07-23 15:01:08,365 - INFO - Seed: None
2024-07-23 15:01:08,365 - INFO - Log file: umi10_500_rep9.log
2024-07-23 15:01:08,365 - INFO - No seed specified. Generated random seed: 594368034
2024-07-23 15:01:08,365 - INFO - Generating all possible UMIs...
2024-07-23 15:01:08,664 - INFO - Total possible UMIs generated: 262144
2024-07-23 15:01:08,664 - INFO - Loading parameters...
2024-07-23 15:01:08,664 - INFO - Sampling read depths for each gene...
2024-07-23 15:01:08,683 - INFO - Read depths sampling complete.
2024-07-23 15:01:08,683 - INFO - Allocating UMIs based on sampled read depths...
2024-07-23 15:01:08,683 - INFO - Allocating UMIs for gene 0...
2024-07-23 15:01:13,440 - INFO - Allocating UMIs for gene 100...
2024-07-23 15:01:18,227 - INFO - Allocating UMIs for gene 200...
2024-07-23 15:01:23,013 - INFO - Allocating UMIs for gene 300...
2024-07-23 15:01:27,850 - INFO - Allocating UMIs for gene 400...
2024-07-23 15:01:32,625 - INFO - UMI allocation complete.
2024-07-23 15:01:32,625 - INFO - Counting overall UMI occurrences...
2024-07-23 15:01:32,626 - INFO - Counting inter-gene collisions...
2024-07-23 15:01:32,627 - INFO - Total UMIs generated: 262144
2024-07-23 15:01:32,627 - INFO - Total UMIs allocated: 2973
2024-07-23 15:01:32,627 - INFO - Number of unique UMIs assigned to genes: 2951
2024-07-23 15:01:32,627 - INFO - Inter-gene collisions: 22
2024-07-23 15:01:32,628 - INFO - Inter-gene collision rate: 0.00740
2024-07-23 15:01:32,628 - INFO - Writing gene UMI counts to file...
2024-07-23 15:01:32,629 - INFO - Writing UMI inter-gene collisions to file...
2024-07-23 15:01:32,629 - INFO - Simulation complete.
