2024-07-23 15:01:33,656 - INFO - Simulation Script Version: 0.0.2
2024-07-23 15:01:33,656 - INFO - Simulation Parameters:
2024-07-23 15:01:33,656 - INFO - Length of UMI: 10
2024-07-23 15:01:33,656 - INFO - Number of genes: 500
2024-07-23 15:01:33,656 - INFO - Parameters file: None
2024-07-23 15:01:33,656 - INFO - Mean (mu): 6.0
2024-07-23 15:01:33,656 - INFO - Dispersion (theta): 6.0
2024-07-23 15:01:33,656 - INFO - Use Poisson distribution: False
2024-07-23 15:01:33,656 - INFO - Gene UMI counts file: gene_500_umi10_counts_rep10.txt
2024-07-23 15:01:33,656 - INFO - UMI collisions file: umi10_500_collisions_rep10.txt
2024-07-23 15:01:33,656 - INFO - Seed: None
2024-07-23 15:01:33,657 - INFO - Log file: umi10_500_rep10.log
2024-07-23 15:01:33,657 - INFO - No seed specified. Generated random seed: 1701560845
2024-07-23 15:01:33,657 - INFO - Generating all possible UMIs...
2024-07-23 15:01:33,956 - INFO - Total possible UMIs generated: 262144
2024-07-23 15:01:33,956 - INFO - Loading parameters...
2024-07-23 15:01:33,956 - INFO - Sampling read depths for each gene...
2024-07-23 15:01:33,975 - INFO - Read depths sampling complete.
2024-07-23 15:01:33,975 - INFO - Allocating UMIs based on sampled read depths...
2024-07-23 15:01:33,975 - INFO - Allocating UMIs for gene 0...
2024-07-23 15:01:38,712 - INFO - Allocating UMIs for gene 100...
2024-07-23 15:01:43,533 - INFO - Allocating UMIs for gene 200...
2024-07-23 15:01:48,393 - INFO - Allocating UMIs for gene 300...
2024-07-23 15:01:53,328 - INFO - Allocating UMIs for gene 400...
2024-07-23 15:01:57,987 - INFO - UMI allocation complete.
2024-07-23 15:01:57,988 - INFO - Counting overall UMI occurrences...
2024-07-23 15:01:57,988 - INFO - Counting inter-gene collisions...
2024-07-23 15:01:57,990 - INFO - Total UMIs generated: 262144
2024-07-23 15:01:57,990 - INFO - Total UMIs allocated: 2837
2024-07-23 15:01:57,990 - INFO - Number of unique UMIs assigned to genes: 2816
2024-07-23 15:01:57,990 - INFO - Inter-gene collisions: 21
2024-07-23 15:01:57,990 - INFO - Inter-gene collision rate: 0.00740
2024-07-23 15:01:57,990 - INFO - Writing gene UMI counts to file...
2024-07-23 15:01:57,991 - INFO - Writing UMI inter-gene collisions to file...
2024-07-23 15:01:57,992 - INFO - Simulation complete.
