2024-07-23 14:59:51,759 - INFO - Simulation Script Version: 0.0.2
2024-07-23 14:59:51,759 - INFO - Simulation Parameters:
2024-07-23 14:59:51,759 - INFO - Length of UMI: 10
2024-07-23 14:59:51,759 - INFO - Number of genes: 500
2024-07-23 14:59:51,760 - INFO - Parameters file: None
2024-07-23 14:59:51,760 - INFO - Mean (mu): 6.0
2024-07-23 14:59:51,760 - INFO - Dispersion (theta): 6.0
2024-07-23 14:59:51,760 - INFO - Use Poisson distribution: False
2024-07-23 14:59:51,760 - INFO - Gene UMI counts file: gene_500_umi10_counts_rep6.txt
2024-07-23 14:59:51,760 - INFO - UMI collisions file: umi10_500_collisions_rep6.txt
2024-07-23 14:59:51,760 - INFO - Seed: None
2024-07-23 14:59:51,760 - INFO - Log file: umi10_500_rep6.log
2024-07-23 14:59:51,760 - INFO - No seed specified. Generated random seed: 3303204646
2024-07-23 14:59:51,760 - INFO - Generating all possible UMIs...
2024-07-23 14:59:52,055 - INFO - Total possible UMIs generated: 262144
2024-07-23 14:59:52,055 - INFO - Loading parameters...
2024-07-23 14:59:52,055 - INFO - Sampling read depths for each gene...
2024-07-23 14:59:52,074 - INFO - Read depths sampling complete.
2024-07-23 14:59:52,074 - INFO - Allocating UMIs based on sampled read depths...
2024-07-23 14:59:52,074 - INFO - Allocating UMIs for gene 0...
2024-07-23 14:59:56,880 - INFO - Allocating UMIs for gene 100...
2024-07-23 15:00:01,605 - INFO - Allocating UMIs for gene 200...
2024-07-23 15:00:06,461 - INFO - Allocating UMIs for gene 300...
2024-07-23 15:00:11,395 - INFO - Allocating UMIs for gene 400...
2024-07-23 15:00:16,183 - INFO - UMI allocation complete.
2024-07-23 15:00:16,183 - INFO - Counting overall UMI occurrences...
2024-07-23 15:00:16,184 - INFO - Counting inter-gene collisions...
2024-07-23 15:00:16,185 - INFO - Total UMIs generated: 262144
2024-07-23 15:00:16,185 - INFO - Total UMIs allocated: 3116
2024-07-23 15:00:16,185 - INFO - Number of unique UMIs assigned to genes: 3102
2024-07-23 15:00:16,185 - INFO - Inter-gene collisions: 14
2024-07-23 15:00:16,185 - INFO - Inter-gene collision rate: 0.00449
2024-07-23 15:00:16,185 - INFO - Writing gene UMI counts to file...
2024-07-23 15:00:16,186 - INFO - Writing UMI inter-gene collisions to file...
2024-07-23 15:00:16,186 - INFO - Simulation complete.
