2024-07-23 14:57:39,804 - INFO - Simulation Script Version: 0.0.2
2024-07-23 14:57:39,804 - INFO - Simulation Parameters:
2024-07-23 14:57:39,804 - INFO - Length of UMI: 10
2024-07-23 14:57:39,804 - INFO - Number of genes: 500
2024-07-23 14:57:39,804 - INFO - Parameters file: None
2024-07-23 14:57:39,804 - INFO - Mean (mu): 6.0
2024-07-23 14:57:39,804 - INFO - Dispersion (theta): 6.0
2024-07-23 14:57:39,804 - INFO - Use Poisson distribution: False
2024-07-23 14:57:39,804 - INFO - Gene UMI counts file: gene_500_umi10_counts_rep1.txt
2024-07-23 14:57:39,805 - INFO - UMI collisions file: umi10_500_collisions.txt
2024-07-23 14:57:39,805 - INFO - Seed: None
2024-07-23 14:57:39,805 - INFO - Log file: umi10_500_rep1.log
2024-07-23 14:57:39,805 - INFO - No seed specified. Generated random seed: 3230720479
2024-07-23 14:57:39,805 - INFO - Generating all possible UMIs...
2024-07-23 14:57:40,089 - INFO - Total possible UMIs generated: 262144
2024-07-23 14:57:40,089 - INFO - Loading parameters...
2024-07-23 14:57:40,089 - INFO - Sampling read depths for each gene...
2024-07-23 14:57:40,108 - INFO - Read depths sampling complete.
2024-07-23 14:57:40,108 - INFO - Allocating UMIs based on sampled read depths...
2024-07-23 14:57:40,108 - INFO - Allocating UMIs for gene 0...
2024-07-23 14:57:45,041 - INFO - Allocating UMIs for gene 100...
2024-07-23 14:57:50,087 - INFO - Allocating UMIs for gene 200...
2024-07-23 14:57:55,005 - INFO - Allocating UMIs for gene 300...
2024-07-23 14:58:00,064 - INFO - Allocating UMIs for gene 400...
2024-07-23 14:58:05,214 - INFO - UMI allocation complete.
2024-07-23 14:58:05,215 - INFO - Counting overall UMI occurrences...
2024-07-23 14:58:05,216 - INFO - Counting inter-gene collisions...
2024-07-23 14:58:05,217 - INFO - Total UMIs generated: 262144
2024-07-23 14:58:05,217 - INFO - Total UMIs allocated: 2933
2024-07-23 14:58:05,217 - INFO - Number of unique UMIs assigned to genes: 2920
2024-07-23 14:58:05,217 - INFO - Inter-gene collisions: 13
2024-07-23 14:58:05,217 - INFO - Inter-gene collision rate: 0.00443
2024-07-23 14:58:05,217 - INFO - Writing gene UMI counts to file...
2024-07-23 14:58:05,219 - INFO - Writing UMI inter-gene collisions to file...
2024-07-23 14:58:05,219 - INFO - Simulation complete.
