2024-07-23 14:58:06,274 - INFO - Simulation Script Version: 0.0.2
2024-07-23 14:58:06,274 - INFO - Simulation Parameters:
2024-07-23 14:58:06,274 - INFO - Length of UMI: 10
2024-07-23 14:58:06,274 - INFO - Number of genes: 500
2024-07-23 14:58:06,274 - INFO - Parameters file: None
2024-07-23 14:58:06,275 - INFO - Mean (mu): 6.0
2024-07-23 14:58:06,275 - INFO - Dispersion (theta): 6.0
2024-07-23 14:58:06,275 - INFO - Use Poisson distribution: False
2024-07-23 14:58:06,275 - INFO - Gene UMI counts file: gene_500_umi10_counts_rep2.txt
2024-07-23 14:58:06,275 - INFO - UMI collisions file: umi10_500_collisions_rep2.txt
2024-07-23 14:58:06,275 - INFO - Seed: None
2024-07-23 14:58:06,275 - INFO - Log file: umi10_500_rep2.log
2024-07-23 14:58:06,275 - INFO - No seed specified. Generated random seed: 2953019713
2024-07-23 14:58:06,275 - INFO - Generating all possible UMIs...
2024-07-23 14:58:06,577 - INFO - Total possible UMIs generated: 262144
2024-07-23 14:58:06,578 - INFO - Loading parameters...
2024-07-23 14:58:06,578 - INFO - Sampling read depths for each gene...
2024-07-23 14:58:06,597 - INFO - Read depths sampling complete.
2024-07-23 14:58:06,597 - INFO - Allocating UMIs based on sampled read depths...
2024-07-23 14:58:06,597 - INFO - Allocating UMIs for gene 0...
2024-07-23 14:58:12,291 - INFO - Allocating UMIs for gene 100...
2024-07-23 14:58:17,462 - INFO - Allocating UMIs for gene 200...
2024-07-23 14:58:22,526 - INFO - Allocating UMIs for gene 300...
2024-07-23 14:58:27,353 - INFO - Allocating UMIs for gene 400...
2024-07-23 14:58:32,619 - INFO - UMI allocation complete.
2024-07-23 14:58:32,619 - INFO - Counting overall UMI occurrences...
2024-07-23 14:58:32,620 - INFO - Counting inter-gene collisions...
2024-07-23 14:58:32,622 - INFO - Total UMIs generated: 262144
2024-07-23 14:58:32,622 - INFO - Total UMIs allocated: 3014
2024-07-23 14:58:32,622 - INFO - Number of unique UMIs assigned to genes: 2997
2024-07-23 14:58:32,622 - INFO - Inter-gene collisions: 17
2024-07-23 14:58:32,622 - INFO - Inter-gene collision rate: 0.00564
2024-07-23 14:58:32,622 - INFO - Writing gene UMI counts to file...
2024-07-23 14:58:32,623 - INFO - Writing UMI inter-gene collisions to file...
2024-07-23 14:58:32,623 - INFO - Simulation complete.
