2024-07-23 14:58:59,770 - INFO - Simulation Script Version: 0.0.2
2024-07-23 14:58:59,770 - INFO - Simulation Parameters:
2024-07-23 14:58:59,770 - INFO - Length of UMI: 10
2024-07-23 14:58:59,770 - INFO - Number of genes: 500
2024-07-23 14:58:59,770 - INFO - Parameters file: None
2024-07-23 14:58:59,770 - INFO - Mean (mu): 6.0
2024-07-23 14:58:59,770 - INFO - Dispersion (theta): 6.0
2024-07-23 14:58:59,770 - INFO - Use Poisson distribution: False
2024-07-23 14:58:59,770 - INFO - Gene UMI counts file: gene_500_umi10_counts_rep4.txt
2024-07-23 14:58:59,770 - INFO - UMI collisions file: umi10_500_collisions_rep4.txt
2024-07-23 14:58:59,770 - INFO - Seed: None
2024-07-23 14:58:59,770 - INFO - Log file: umi10_500_rep4.log
2024-07-23 14:58:59,770 - INFO - No seed specified. Generated random seed: 1128213759
2024-07-23 14:58:59,770 - INFO - Generating all possible UMIs...
2024-07-23 14:59:00,079 - INFO - Total possible UMIs generated: 262144
2024-07-23 14:59:00,079 - INFO - Loading parameters...
2024-07-23 14:59:00,079 - INFO - Sampling read depths for each gene...
2024-07-23 14:59:00,099 - INFO - Read depths sampling complete.
2024-07-23 14:59:00,099 - INFO - Allocating UMIs based on sampled read depths...
2024-07-23 14:59:00,099 - INFO - Allocating UMIs for gene 0...
2024-07-23 14:59:04,962 - INFO - Allocating UMIs for gene 100...
2024-07-23 14:59:09,921 - INFO - Allocating UMIs for gene 200...
2024-07-23 14:59:14,762 - INFO - Allocating UMIs for gene 300...
2024-07-23 14:59:19,649 - INFO - Allocating UMIs for gene 400...
2024-07-23 14:59:24,796 - INFO - UMI allocation complete.
2024-07-23 14:59:24,797 - INFO - Counting overall UMI occurrences...
2024-07-23 14:59:24,798 - INFO - Counting inter-gene collisions...
2024-07-23 14:59:24,799 - INFO - Total UMIs generated: 262144
2024-07-23 14:59:24,799 - INFO - Total UMIs allocated: 3149
2024-07-23 14:59:24,799 - INFO - Number of unique UMIs assigned to genes: 3127
2024-07-23 14:59:24,799 - INFO - Inter-gene collisions: 22
2024-07-23 14:59:24,799 - INFO - Inter-gene collision rate: 0.00699
2024-07-23 14:59:24,799 - INFO - Writing gene UMI counts to file...
2024-07-23 14:59:24,801 - INFO - Writing UMI inter-gene collisions to file...
2024-07-23 14:59:24,801 - INFO - Simulation complete.
