2024-07-23 14:58:33,674 - INFO - Simulation Script Version: 0.0.2
2024-07-23 14:58:33,675 - INFO - Simulation Parameters:
2024-07-23 14:58:33,675 - INFO - Length of UMI: 10
2024-07-23 14:58:33,675 - INFO - Number of genes: 500
2024-07-23 14:58:33,675 - INFO - Parameters file: None
2024-07-23 14:58:33,675 - INFO - Mean (mu): 6.0
2024-07-23 14:58:33,675 - INFO - Dispersion (theta): 6.0
2024-07-23 14:58:33,675 - INFO - Use Poisson distribution: False
2024-07-23 14:58:33,675 - INFO - Gene UMI counts file: gene_500_umi10_counts_rep3.txt
2024-07-23 14:58:33,675 - INFO - UMI collisions file: umi10_500_collisions_rep3.txt
2024-07-23 14:58:33,675 - INFO - Seed: None
2024-07-23 14:58:33,675 - INFO - Log file: umi10_500_rep3.log
2024-07-23 14:58:33,675 - INFO - No seed specified. Generated random seed: 603378981
2024-07-23 14:58:33,675 - INFO - Generating all possible UMIs...
2024-07-23 14:58:33,986 - INFO - Total possible UMIs generated: 262144
2024-07-23 14:58:33,986 - INFO - Loading parameters...
2024-07-23 14:58:33,986 - INFO - Sampling read depths for each gene...
2024-07-23 14:58:34,006 - INFO - Read depths sampling complete.
2024-07-23 14:58:34,006 - INFO - Allocating UMIs based on sampled read depths...
2024-07-23 14:58:34,006 - INFO - Allocating UMIs for gene 0...
2024-07-23 14:58:39,084 - INFO - Allocating UMIs for gene 100...
2024-07-23 14:58:44,024 - INFO - Allocating UMIs for gene 200...
2024-07-23 14:58:49,011 - INFO - Allocating UMIs for gene 300...
2024-07-23 14:58:53,963 - INFO - Allocating UMIs for gene 400...
2024-07-23 14:58:58,685 - INFO - UMI allocation complete.
2024-07-23 14:58:58,685 - INFO - Counting overall UMI occurrences...
2024-07-23 14:58:58,686 - INFO - Counting inter-gene collisions...
2024-07-23 14:58:58,687 - INFO - Total UMIs generated: 262144
2024-07-23 14:58:58,687 - INFO - Total UMIs allocated: 2943
2024-07-23 14:58:58,687 - INFO - Number of unique UMIs assigned to genes: 2928
2024-07-23 14:58:58,687 - INFO - Inter-gene collisions: 15
2024-07-23 14:58:58,687 - INFO - Inter-gene collision rate: 0.00510
2024-07-23 14:58:58,687 - INFO - Writing gene UMI counts to file...
2024-07-23 14:58:58,688 - INFO - Writing UMI inter-gene collisions to file...
2024-07-23 14:58:58,689 - INFO - Simulation complete.
