2024-07-20 22:49:23,139 - INFO - Simulation Script Version: 0.0.1
2024-07-20 22:49:23,140 - INFO - Simulation Parameters:
2024-07-20 22:49:23,140 - INFO - Length of UMI: 6
2024-07-20 22:49:23,140 - INFO - Number of genes: 100
2024-07-20 22:49:23,140 - INFO - Parameters file: None
2024-07-20 22:49:23,140 - INFO - Mean (mu): 6.0
2024-07-20 22:49:23,140 - INFO - Dispersion (theta): 6.0
2024-07-20 22:49:23,140 - INFO - Use Poisson distribution: False
2024-07-20 22:49:23,140 - INFO - Gene UMI counts file: gene_100_umi6_counts_rep4.txt
2024-07-20 22:49:23,141 - INFO - UMI collisions file: umi6_100_collisions_rep4.txt
2024-07-20 22:49:23,141 - INFO - Seed: None
2024-07-20 22:49:23,141 - INFO - Log file: umi6_100_rep4.log
2024-07-20 22:49:23,141 - INFO - No seed specified. Generated random seed: 235105289
2024-07-20 22:49:23,141 - INFO - Generating all possible UMIs...
2024-07-20 22:49:23,143 - INFO - Total possible UMIs generated: 4096
2024-07-20 22:49:23,144 - INFO - Loading parameters...
2024-07-20 22:49:23,144 - INFO - Sampling read depths for each gene...
2024-07-20 22:49:23,167 - INFO - Read depths sampling complete.
2024-07-20 22:49:23,167 - INFO - Allocating UMIs based on sampled read depths...
2024-07-20 22:49:23,168 - INFO - Allocating UMIs for gene 0...
2024-07-20 22:49:23,321 - INFO - UMI allocation complete.
2024-07-20 22:49:23,322 - INFO - Counting overall UMI occurrences...
2024-07-20 22:49:23,322 - INFO - Counting inter-gene collisions...
2024-07-20 22:49:23,323 - INFO - Total UMIs generated: 4096
2024-07-20 22:49:23,323 - INFO - Total UMIs allocated: 585
2024-07-20 22:49:23,323 - INFO - Number of unique UMIs assigned to genes: 536
2024-07-20 22:49:23,323 - INFO - Inter-gene collisions: 48
2024-07-20 22:49:23,323 - INFO - Inter-gene collision rate: 0.08205
2024-07-20 22:49:23,323 - INFO - Writing gene UMI counts to file...
2024-07-20 22:49:23,325 - INFO - Writing UMI inter-gene collisions to file...
2024-07-20 22:49:23,326 - INFO - Simulation complete.
