2024-07-20 22:49:29,943 - INFO - Simulation Script Version: 0.0.1
2024-07-20 22:49:29,943 - INFO - Simulation Parameters:
2024-07-20 22:49:29,943 - INFO - Length of UMI: 6
2024-07-20 22:49:29,943 - INFO - Number of genes: 100
2024-07-20 22:49:29,943 - INFO - Parameters file: None
2024-07-20 22:49:29,943 - INFO - Mean (mu): 6.0
2024-07-20 22:49:29,943 - INFO - Dispersion (theta): 6.0
2024-07-20 22:49:29,943 - INFO - Use Poisson distribution: False
2024-07-20 22:49:29,943 - INFO - Gene UMI counts file: gene_100_umi6_counts_rep9.txt
2024-07-20 22:49:29,943 - INFO - UMI collisions file: umi6_100_collisions_rep9.txt
2024-07-20 22:49:29,943 - INFO - Seed: None
2024-07-20 22:49:29,943 - INFO - Log file: umi6_100_rep9.log
2024-07-20 22:49:29,943 - INFO - No seed specified. Generated random seed: 1088036867
2024-07-20 22:49:29,943 - INFO - Generating all possible UMIs...
2024-07-20 22:49:29,944 - INFO - Total possible UMIs generated: 4096
2024-07-20 22:49:29,944 - INFO - Loading parameters...
2024-07-20 22:49:29,944 - INFO - Sampling read depths for each gene...
2024-07-20 22:49:29,948 - INFO - Read depths sampling complete.
2024-07-20 22:49:29,948 - INFO - Allocating UMIs based on sampled read depths...
2024-07-20 22:49:29,948 - INFO - Allocating UMIs for gene 0...
2024-07-20 22:49:29,993 - INFO - UMI allocation complete.
2024-07-20 22:49:29,993 - INFO - Counting overall UMI occurrences...
2024-07-20 22:49:29,993 - INFO - Counting inter-gene collisions...
2024-07-20 22:49:29,994 - INFO - Total UMIs generated: 4096
2024-07-20 22:49:29,994 - INFO - Total UMIs allocated: 621
2024-07-20 22:49:29,994 - INFO - Number of unique UMIs assigned to genes: 575
2024-07-20 22:49:29,994 - INFO - Inter-gene collisions: 45
2024-07-20 22:49:29,994 - INFO - Inter-gene collision rate: 0.07246
2024-07-20 22:49:29,994 - INFO - Writing gene UMI counts to file...
2024-07-20 22:49:29,996 - INFO - Writing UMI inter-gene collisions to file...
2024-07-20 22:49:29,996 - INFO - Simulation complete.
