2024-07-20 22:49:25,957 - INFO - Simulation Script Version: 0.0.1
2024-07-20 22:49:25,958 - INFO - Simulation Parameters:
2024-07-20 22:49:25,958 - INFO - Length of UMI: 6
2024-07-20 22:49:25,958 - INFO - Number of genes: 100
2024-07-20 22:49:25,958 - INFO - Parameters file: None
2024-07-20 22:49:25,958 - INFO - Mean (mu): 6.0
2024-07-20 22:49:25,958 - INFO - Dispersion (theta): 6.0
2024-07-20 22:49:25,958 - INFO - Use Poisson distribution: False
2024-07-20 22:49:25,958 - INFO - Gene UMI counts file: gene_100_umi6_counts_rep6.txt
2024-07-20 22:49:25,958 - INFO - UMI collisions file: umi6_100_collisions_rep6.txt
2024-07-20 22:49:25,958 - INFO - Seed: None
2024-07-20 22:49:25,958 - INFO - Log file: umi6_100_rep6.log
2024-07-20 22:49:25,959 - INFO - No seed specified. Generated random seed: 1825302890
2024-07-20 22:49:25,959 - INFO - Generating all possible UMIs...
2024-07-20 22:49:25,960 - INFO - Total possible UMIs generated: 4096
2024-07-20 22:49:25,960 - INFO - Loading parameters...
2024-07-20 22:49:25,960 - INFO - Sampling read depths for each gene...
2024-07-20 22:49:25,964 - INFO - Read depths sampling complete.
2024-07-20 22:49:25,964 - INFO - Allocating UMIs based on sampled read depths...
2024-07-20 22:49:25,964 - INFO - Allocating UMIs for gene 0...
2024-07-20 22:49:26,011 - INFO - UMI allocation complete.
2024-07-20 22:49:26,011 - INFO - Counting overall UMI occurrences...
2024-07-20 22:49:26,012 - INFO - Counting inter-gene collisions...
2024-07-20 22:49:26,012 - INFO - Total UMIs generated: 4096
2024-07-20 22:49:26,012 - INFO - Total UMIs allocated: 652
2024-07-20 22:49:26,012 - INFO - Number of unique UMIs assigned to genes: 599
2024-07-20 22:49:26,012 - INFO - Inter-gene collisions: 52
2024-07-20 22:49:26,012 - INFO - Inter-gene collision rate: 0.07975
2024-07-20 22:49:26,012 - INFO - Writing gene UMI counts to file...
2024-07-20 22:49:26,014 - INFO - Writing UMI inter-gene collisions to file...
2024-07-20 22:49:26,015 - INFO - Simulation complete.
