2024-07-20 22:49:28,588 - INFO - Simulation Script Version: 0.0.1
2024-07-20 22:49:28,588 - INFO - Simulation Parameters:
2024-07-20 22:49:28,588 - INFO - Length of UMI: 6
2024-07-20 22:49:28,588 - INFO - Number of genes: 100
2024-07-20 22:49:28,588 - INFO - Parameters file: None
2024-07-20 22:49:28,588 - INFO - Mean (mu): 6.0
2024-07-20 22:49:28,588 - INFO - Dispersion (theta): 6.0
2024-07-20 22:49:28,588 - INFO - Use Poisson distribution: False
2024-07-20 22:49:28,588 - INFO - Gene UMI counts file: gene_100_umi6_counts_rep8.txt
2024-07-20 22:49:28,588 - INFO - UMI collisions file: umi6_100_collisions_rep8.txt
2024-07-20 22:49:28,588 - INFO - Seed: None
2024-07-20 22:49:28,588 - INFO - Log file: umi6_100_rep8.log
2024-07-20 22:49:28,589 - INFO - No seed specified. Generated random seed: 3012628973
2024-07-20 22:49:28,589 - INFO - Generating all possible UMIs...
2024-07-20 22:49:28,589 - INFO - Total possible UMIs generated: 4096
2024-07-20 22:49:28,589 - INFO - Loading parameters...
2024-07-20 22:49:28,589 - INFO - Sampling read depths for each gene...
2024-07-20 22:49:28,593 - INFO - Read depths sampling complete.
2024-07-20 22:49:28,594 - INFO - Allocating UMIs based on sampled read depths...
2024-07-20 22:49:28,594 - INFO - Allocating UMIs for gene 0...
2024-07-20 22:49:28,655 - INFO - UMI allocation complete.
2024-07-20 22:49:28,655 - INFO - Counting overall UMI occurrences...
2024-07-20 22:49:28,655 - INFO - Counting inter-gene collisions...
2024-07-20 22:49:28,655 - INFO - Total UMIs generated: 4096
2024-07-20 22:49:28,655 - INFO - Total UMIs allocated: 667
2024-07-20 22:49:28,655 - INFO - Number of unique UMIs assigned to genes: 613
2024-07-20 22:49:28,655 - INFO - Inter-gene collisions: 54
2024-07-20 22:49:28,655 - INFO - Inter-gene collision rate: 0.08096
2024-07-20 22:49:28,655 - INFO - Writing gene UMI counts to file...
2024-07-20 22:49:28,657 - INFO - Writing UMI inter-gene collisions to file...
2024-07-20 22:49:28,658 - INFO - Simulation complete.
