2024-07-20 22:49:27,185 - INFO - Simulation Script Version: 0.0.1
2024-07-20 22:49:27,185 - INFO - Simulation Parameters:
2024-07-20 22:49:27,185 - INFO - Length of UMI: 6
2024-07-20 22:49:27,185 - INFO - Number of genes: 100
2024-07-20 22:49:27,185 - INFO - Parameters file: None
2024-07-20 22:49:27,185 - INFO - Mean (mu): 6.0
2024-07-20 22:49:27,185 - INFO - Dispersion (theta): 6.0
2024-07-20 22:49:27,185 - INFO - Use Poisson distribution: False
2024-07-20 22:49:27,185 - INFO - Gene UMI counts file: gene_100_umi6_counts_rep7.txt
2024-07-20 22:49:27,185 - INFO - UMI collisions file: umi6_100_collisions_rep7.txt
2024-07-20 22:49:27,185 - INFO - Seed: None
2024-07-20 22:49:27,185 - INFO - Log file: umi6_100_rep7.log
2024-07-20 22:49:27,185 - INFO - No seed specified. Generated random seed: 433273534
2024-07-20 22:49:27,185 - INFO - Generating all possible UMIs...
2024-07-20 22:49:27,186 - INFO - Total possible UMIs generated: 4096
2024-07-20 22:49:27,186 - INFO - Loading parameters...
2024-07-20 22:49:27,186 - INFO - Sampling read depths for each gene...
2024-07-20 22:49:27,190 - INFO - Read depths sampling complete.
2024-07-20 22:49:27,190 - INFO - Allocating UMIs based on sampled read depths...
2024-07-20 22:49:27,190 - INFO - Allocating UMIs for gene 0...
2024-07-20 22:49:27,363 - INFO - UMI allocation complete.
2024-07-20 22:49:27,363 - INFO - Counting overall UMI occurrences...
2024-07-20 22:49:27,363 - INFO - Counting inter-gene collisions...
2024-07-20 22:49:27,364 - INFO - Total UMIs generated: 4096
2024-07-20 22:49:27,364 - INFO - Total UMIs allocated: 539
2024-07-20 22:49:27,364 - INFO - Number of unique UMIs assigned to genes: 499
2024-07-20 22:49:27,364 - INFO - Inter-gene collisions: 39
2024-07-20 22:49:27,364 - INFO - Inter-gene collision rate: 0.07236
2024-07-20 22:49:27,364 - INFO - Writing gene UMI counts to file...
2024-07-20 22:49:27,366 - INFO - Writing UMI inter-gene collisions to file...
2024-07-20 22:49:27,367 - INFO - Simulation complete.
