2024-07-20 22:49:20,494 - INFO - Simulation Script Version: 0.0.1
2024-07-20 22:49:20,495 - INFO - Simulation Parameters:
2024-07-20 22:49:20,495 - INFO - Length of UMI: 6
2024-07-20 22:49:20,495 - INFO - Number of genes: 100
2024-07-20 22:49:20,495 - INFO - Parameters file: None
2024-07-20 22:49:20,495 - INFO - Mean (mu): 6.0
2024-07-20 22:49:20,495 - INFO - Dispersion (theta): 6.0
2024-07-20 22:49:20,495 - INFO - Use Poisson distribution: False
2024-07-20 22:49:20,495 - INFO - Gene UMI counts file: gene_100_umi6_counts_rep2.txt
2024-07-20 22:49:20,495 - INFO - UMI collisions file: umi6_100_collisions_rep2.txt
2024-07-20 22:49:20,495 - INFO - Seed: None
2024-07-20 22:49:20,495 - INFO - Log file: umi6_100_rep2.log
2024-07-20 22:49:20,495 - INFO - No seed specified. Generated random seed: 1131006659
2024-07-20 22:49:20,495 - INFO - Generating all possible UMIs...
2024-07-20 22:49:20,496 - INFO - Total possible UMIs generated: 4096
2024-07-20 22:49:20,496 - INFO - Loading parameters...
2024-07-20 22:49:20,496 - INFO - Sampling read depths for each gene...
2024-07-20 22:49:20,500 - INFO - Read depths sampling complete.
2024-07-20 22:49:20,500 - INFO - Allocating UMIs based on sampled read depths...
2024-07-20 22:49:20,500 - INFO - Allocating UMIs for gene 0...
2024-07-20 22:49:20,551 - INFO - UMI allocation complete.
2024-07-20 22:49:20,551 - INFO - Counting overall UMI occurrences...
2024-07-20 22:49:20,551 - INFO - Counting inter-gene collisions...
2024-07-20 22:49:20,552 - INFO - Total UMIs generated: 4096
2024-07-20 22:49:20,552 - INFO - Total UMIs allocated: 558
2024-07-20 22:49:20,552 - INFO - Number of unique UMIs assigned to genes: 521
2024-07-20 22:49:20,552 - INFO - Inter-gene collisions: 34
2024-07-20 22:49:20,552 - INFO - Inter-gene collision rate: 0.06093
2024-07-20 22:49:20,552 - INFO - Writing gene UMI counts to file...
2024-07-20 22:49:20,553 - INFO - Writing UMI inter-gene collisions to file...
2024-07-20 22:49:20,554 - INFO - Simulation complete.
