2024-07-20 22:49:21,881 - INFO - Simulation Script Version: 0.0.1
2024-07-20 22:49:21,881 - INFO - Simulation Parameters:
2024-07-20 22:49:21,881 - INFO - Length of UMI: 6
2024-07-20 22:49:21,881 - INFO - Number of genes: 100
2024-07-20 22:49:21,881 - INFO - Parameters file: None
2024-07-20 22:49:21,881 - INFO - Mean (mu): 6.0
2024-07-20 22:49:21,881 - INFO - Dispersion (theta): 6.0
2024-07-20 22:49:21,881 - INFO - Use Poisson distribution: False
2024-07-20 22:49:21,881 - INFO - Gene UMI counts file: gene_100_umi6_counts_rep3.txt
2024-07-20 22:49:21,881 - INFO - UMI collisions file: umi6_100_collisions_rep3.txt
2024-07-20 22:49:21,881 - INFO - Seed: None
2024-07-20 22:49:21,881 - INFO - Log file: umi6_100_rep3.log
2024-07-20 22:49:21,881 - INFO - No seed specified. Generated random seed: 3537289550
2024-07-20 22:49:21,881 - INFO - Generating all possible UMIs...
2024-07-20 22:49:21,882 - INFO - Total possible UMIs generated: 4096
2024-07-20 22:49:21,882 - INFO - Loading parameters...
2024-07-20 22:49:21,882 - INFO - Sampling read depths for each gene...
2024-07-20 22:49:21,886 - INFO - Read depths sampling complete.
2024-07-20 22:49:21,886 - INFO - Allocating UMIs based on sampled read depths...
2024-07-20 22:49:21,886 - INFO - Allocating UMIs for gene 0...
2024-07-20 22:49:21,932 - INFO - UMI allocation complete.
2024-07-20 22:49:21,932 - INFO - Counting overall UMI occurrences...
2024-07-20 22:49:21,932 - INFO - Counting inter-gene collisions...
2024-07-20 22:49:21,932 - INFO - Total UMIs generated: 4096
2024-07-20 22:49:21,933 - INFO - Total UMIs allocated: 521
2024-07-20 22:49:21,933 - INFO - Number of unique UMIs assigned to genes: 493
2024-07-20 22:49:21,933 - INFO - Inter-gene collisions: 28
2024-07-20 22:49:21,933 - INFO - Inter-gene collision rate: 0.05374
2024-07-20 22:49:21,933 - INFO - Writing gene UMI counts to file...
2024-07-20 22:49:21,934 - INFO - Writing UMI inter-gene collisions to file...
2024-07-20 22:49:21,935 - INFO - Simulation complete.
