2024-07-20 22:50:39,385 - INFO - Simulation Script Version: 0.0.1
2024-07-20 22:50:39,385 - INFO - Simulation Parameters:
2024-07-20 22:50:39,386 - INFO - Length of UMI: 8
2024-07-20 22:50:39,386 - INFO - Number of genes: 100
2024-07-20 22:50:39,386 - INFO - Parameters file: None
2024-07-20 22:50:39,386 - INFO - Mean (mu): 6.0
2024-07-20 22:50:39,386 - INFO - Dispersion (theta): 6.0
2024-07-20 22:50:39,386 - INFO - Use Poisson distribution: False
2024-07-20 22:50:39,386 - INFO - Gene UMI counts file: gene_100_umi8_counts_rep9.txt
2024-07-20 22:50:39,386 - INFO - UMI collisions file: umi8_100_collisions_rep9.txt
2024-07-20 22:50:39,386 - INFO - Seed: None
2024-07-20 22:50:39,386 - INFO - Log file: umi8_100_rep9.log
2024-07-20 22:50:39,386 - INFO - No seed specified. Generated random seed: 3755478750
2024-07-20 22:50:39,386 - INFO - Generating all possible UMIs...
2024-07-20 22:50:39,396 - INFO - Total possible UMIs generated: 65536
2024-07-20 22:50:39,396 - INFO - Loading parameters...
2024-07-20 22:50:39,396 - INFO - Sampling read depths for each gene...
2024-07-20 22:50:39,400 - INFO - Read depths sampling complete.
2024-07-20 22:50:39,400 - INFO - Allocating UMIs based on sampled read depths...
2024-07-20 22:50:39,400 - INFO - Allocating UMIs for gene 0...
2024-07-20 22:50:40,170 - INFO - UMI allocation complete.
2024-07-20 22:50:40,170 - INFO - Counting overall UMI occurrences...
2024-07-20 22:50:40,170 - INFO - Counting inter-gene collisions...
2024-07-20 22:50:40,172 - INFO - Total UMIs generated: 65536
2024-07-20 22:50:40,172 - INFO - Total UMIs allocated: 571
2024-07-20 22:50:40,172 - INFO - Number of unique UMIs assigned to genes: 569
2024-07-20 22:50:40,172 - INFO - Inter-gene collisions: 2
2024-07-20 22:50:40,172 - INFO - Inter-gene collision rate: 0.00350
2024-07-20 22:50:40,172 - INFO - Writing gene UMI counts to file...
2024-07-20 22:50:40,172 - INFO - Writing UMI inter-gene collisions to file...
2024-07-20 22:50:40,172 - INFO - Simulation complete.
