2024-07-20 22:50:24,186 - INFO - Simulation Script Version: 0.0.1
2024-07-20 22:50:24,186 - INFO - Simulation Parameters:
2024-07-20 22:50:24,186 - INFO - Length of UMI: 8
2024-07-20 22:50:24,186 - INFO - Number of genes: 100
2024-07-20 22:50:24,186 - INFO - Parameters file: None
2024-07-20 22:50:24,186 - INFO - Mean (mu): 6.0
2024-07-20 22:50:24,186 - INFO - Dispersion (theta): 6.0
2024-07-20 22:50:24,186 - INFO - Use Poisson distribution: False
2024-07-20 22:50:24,186 - INFO - Gene UMI counts file: gene_100_umi8_counts_rep1.txt
2024-07-20 22:50:24,186 - INFO - UMI collisions file: umi8_100_collisions.txt
2024-07-20 22:50:24,186 - INFO - Seed: None
2024-07-20 22:50:24,186 - INFO - Log file: umi8_100_rep1.log
2024-07-20 22:50:24,186 - INFO - No seed specified. Generated random seed: 3217599565
2024-07-20 22:50:24,187 - INFO - Generating all possible UMIs...
2024-07-20 22:50:24,197 - INFO - Total possible UMIs generated: 65536
2024-07-20 22:50:24,197 - INFO - Loading parameters...
2024-07-20 22:50:24,197 - INFO - Sampling read depths for each gene...
2024-07-20 22:50:24,201 - INFO - Read depths sampling complete.
2024-07-20 22:50:24,201 - INFO - Allocating UMIs based on sampled read depths...
2024-07-20 22:50:24,201 - INFO - Allocating UMIs for gene 0...
2024-07-20 22:50:25,163 - INFO - UMI allocation complete.
2024-07-20 22:50:25,163 - INFO - Counting overall UMI occurrences...
2024-07-20 22:50:25,164 - INFO - Counting inter-gene collisions...
2024-07-20 22:50:25,165 - INFO - Total UMIs generated: 65536
2024-07-20 22:50:25,165 - INFO - Total UMIs allocated: 565
2024-07-20 22:50:25,165 - INFO - Number of unique UMIs assigned to genes: 562
2024-07-20 22:50:25,165 - INFO - Inter-gene collisions: 3
2024-07-20 22:50:25,165 - INFO - Inter-gene collision rate: 0.00531
2024-07-20 22:50:25,165 - INFO - Writing gene UMI counts to file...
2024-07-20 22:50:25,165 - INFO - Writing UMI inter-gene collisions to file...
2024-07-20 22:50:25,166 - INFO - Simulation complete.
