2024-07-20 22:50:28,058 - INFO - Simulation Script Version: 0.0.1
2024-07-20 22:50:28,058 - INFO - Simulation Parameters:
2024-07-20 22:50:28,058 - INFO - Length of UMI: 8
2024-07-20 22:50:28,058 - INFO - Number of genes: 100
2024-07-20 22:50:28,058 - INFO - Parameters file: None
2024-07-20 22:50:28,058 - INFO - Mean (mu): 6.0
2024-07-20 22:50:28,058 - INFO - Dispersion (theta): 6.0
2024-07-20 22:50:28,058 - INFO - Use Poisson distribution: False
2024-07-20 22:50:28,058 - INFO - Gene UMI counts file: gene_100_umi8_counts_rep3.txt
2024-07-20 22:50:28,058 - INFO - UMI collisions file: umi8_100_collisions_rep3.txt
2024-07-20 22:50:28,058 - INFO - Seed: None
2024-07-20 22:50:28,058 - INFO - Log file: umi8_100_rep3.log
2024-07-20 22:50:28,058 - INFO - No seed specified. Generated random seed: 858990379
2024-07-20 22:50:28,058 - INFO - Generating all possible UMIs...
2024-07-20 22:50:28,068 - INFO - Total possible UMIs generated: 65536
2024-07-20 22:50:28,068 - INFO - Loading parameters...
2024-07-20 22:50:28,068 - INFO - Sampling read depths for each gene...
2024-07-20 22:50:28,073 - INFO - Read depths sampling complete.
2024-07-20 22:50:28,073 - INFO - Allocating UMIs based on sampled read depths...
2024-07-20 22:50:28,073 - INFO - Allocating UMIs for gene 0...
2024-07-20 22:50:28,813 - INFO - UMI allocation complete.
2024-07-20 22:50:28,813 - INFO - Counting overall UMI occurrences...
2024-07-20 22:50:28,814 - INFO - Counting inter-gene collisions...
2024-07-20 22:50:28,815 - INFO - Total UMIs generated: 65536
2024-07-20 22:50:28,815 - INFO - Total UMIs allocated: 583
2024-07-20 22:50:28,815 - INFO - Number of unique UMIs assigned to genes: 580
2024-07-20 22:50:28,815 - INFO - Inter-gene collisions: 3
2024-07-20 22:50:28,815 - INFO - Inter-gene collision rate: 0.00515
2024-07-20 22:50:28,815 - INFO - Writing gene UMI counts to file...
2024-07-20 22:50:28,816 - INFO - Writing UMI inter-gene collisions to file...
2024-07-20 22:50:28,816 - INFO - Simulation complete.
