2024-07-20 22:50:37,563 - INFO - Simulation Script Version: 0.0.1
2024-07-20 22:50:37,564 - INFO - Simulation Parameters:
2024-07-20 22:50:37,564 - INFO - Length of UMI: 8
2024-07-20 22:50:37,564 - INFO - Number of genes: 100
2024-07-20 22:50:37,564 - INFO - Parameters file: None
2024-07-20 22:50:37,564 - INFO - Mean (mu): 6.0
2024-07-20 22:50:37,564 - INFO - Dispersion (theta): 6.0
2024-07-20 22:50:37,564 - INFO - Use Poisson distribution: False
2024-07-20 22:50:37,564 - INFO - Gene UMI counts file: gene_100_umi8_counts_rep8.txt
2024-07-20 22:50:37,564 - INFO - UMI collisions file: umi8_100_collisions_rep8.txt
2024-07-20 22:50:37,564 - INFO - Seed: None
2024-07-20 22:50:37,564 - INFO - Log file: umi8_100_rep8.log
2024-07-20 22:50:37,564 - INFO - No seed specified. Generated random seed: 6724685
2024-07-20 22:50:37,564 - INFO - Generating all possible UMIs...
2024-07-20 22:50:37,574 - INFO - Total possible UMIs generated: 65536
2024-07-20 22:50:37,574 - INFO - Loading parameters...
2024-07-20 22:50:37,574 - INFO - Sampling read depths for each gene...
2024-07-20 22:50:37,578 - INFO - Read depths sampling complete.
2024-07-20 22:50:37,578 - INFO - Allocating UMIs based on sampled read depths...
2024-07-20 22:50:37,578 - INFO - Allocating UMIs for gene 0...
2024-07-20 22:50:38,338 - INFO - UMI allocation complete.
2024-07-20 22:50:38,338 - INFO - Counting overall UMI occurrences...
2024-07-20 22:50:38,338 - INFO - Counting inter-gene collisions...
2024-07-20 22:50:38,339 - INFO - Total UMIs generated: 65536
2024-07-20 22:50:38,339 - INFO - Total UMIs allocated: 585
2024-07-20 22:50:38,339 - INFO - Number of unique UMIs assigned to genes: 581
2024-07-20 22:50:38,339 - INFO - Inter-gene collisions: 4
2024-07-20 22:50:38,339 - INFO - Inter-gene collision rate: 0.00684
2024-07-20 22:50:38,339 - INFO - Writing gene UMI counts to file...
2024-07-20 22:50:38,340 - INFO - Writing UMI inter-gene collisions to file...
2024-07-20 22:50:38,340 - INFO - Simulation complete.
