2024-07-20 22:50:33,568 - INFO - Simulation Script Version: 0.0.1
2024-07-20 22:50:33,568 - INFO - Simulation Parameters:
2024-07-20 22:50:33,568 - INFO - Length of UMI: 8
2024-07-20 22:50:33,568 - INFO - Number of genes: 100
2024-07-20 22:50:33,568 - INFO - Parameters file: None
2024-07-20 22:50:33,568 - INFO - Mean (mu): 6.0
2024-07-20 22:50:33,568 - INFO - Dispersion (theta): 6.0
2024-07-20 22:50:33,568 - INFO - Use Poisson distribution: False
2024-07-20 22:50:33,568 - INFO - Gene UMI counts file: gene_100_umi8_counts_rep6.txt
2024-07-20 22:50:33,568 - INFO - UMI collisions file: umi8_100_collisions_rep6.txt
2024-07-20 22:50:33,568 - INFO - Seed: None
2024-07-20 22:50:33,568 - INFO - Log file: umi8_100_rep6.log
2024-07-20 22:50:33,568 - INFO - No seed specified. Generated random seed: 3209388540
2024-07-20 22:50:33,568 - INFO - Generating all possible UMIs...
2024-07-20 22:50:33,579 - INFO - Total possible UMIs generated: 65536
2024-07-20 22:50:33,579 - INFO - Loading parameters...
2024-07-20 22:50:33,579 - INFO - Sampling read depths for each gene...
2024-07-20 22:50:33,583 - INFO - Read depths sampling complete.
2024-07-20 22:50:33,583 - INFO - Allocating UMIs based on sampled read depths...
2024-07-20 22:50:33,583 - INFO - Allocating UMIs for gene 0...
2024-07-20 22:50:34,457 - INFO - UMI allocation complete.
2024-07-20 22:50:34,457 - INFO - Counting overall UMI occurrences...
2024-07-20 22:50:34,458 - INFO - Counting inter-gene collisions...
2024-07-20 22:50:34,459 - INFO - Total UMIs generated: 65536
2024-07-20 22:50:34,459 - INFO - Total UMIs allocated: 583
2024-07-20 22:50:34,459 - INFO - Number of unique UMIs assigned to genes: 580
2024-07-20 22:50:34,459 - INFO - Inter-gene collisions: 3
2024-07-20 22:50:34,459 - INFO - Inter-gene collision rate: 0.00515
2024-07-20 22:50:34,459 - INFO - Writing gene UMI counts to file...
2024-07-20 22:50:34,459 - INFO - Writing UMI inter-gene collisions to file...
2024-07-20 22:50:34,459 - INFO - Simulation complete.
