2024-07-20 22:50:29,852 - INFO - Simulation Script Version: 0.0.1
2024-07-20 22:50:29,852 - INFO - Simulation Parameters:
2024-07-20 22:50:29,852 - INFO - Length of UMI: 8
2024-07-20 22:50:29,852 - INFO - Number of genes: 100
2024-07-20 22:50:29,852 - INFO - Parameters file: None
2024-07-20 22:50:29,852 - INFO - Mean (mu): 6.0
2024-07-20 22:50:29,852 - INFO - Dispersion (theta): 6.0
2024-07-20 22:50:29,852 - INFO - Use Poisson distribution: False
2024-07-20 22:50:29,852 - INFO - Gene UMI counts file: gene_100_umi8_counts_rep4.txt
2024-07-20 22:50:29,852 - INFO - UMI collisions file: umi8_100_collisions_rep4.txt
2024-07-20 22:50:29,852 - INFO - Seed: None
2024-07-20 22:50:29,852 - INFO - Log file: umi8_100_rep4.log
2024-07-20 22:50:29,852 - INFO - No seed specified. Generated random seed: 961542948
2024-07-20 22:50:29,853 - INFO - Generating all possible UMIs...
2024-07-20 22:50:29,863 - INFO - Total possible UMIs generated: 65536
2024-07-20 22:50:29,863 - INFO - Loading parameters...
2024-07-20 22:50:29,863 - INFO - Sampling read depths for each gene...
2024-07-20 22:50:29,867 - INFO - Read depths sampling complete.
2024-07-20 22:50:29,867 - INFO - Allocating UMIs based on sampled read depths...
2024-07-20 22:50:29,867 - INFO - Allocating UMIs for gene 0...
2024-07-20 22:50:30,767 - INFO - UMI allocation complete.
2024-07-20 22:50:30,767 - INFO - Counting overall UMI occurrences...
2024-07-20 22:50:30,768 - INFO - Counting inter-gene collisions...
2024-07-20 22:50:30,769 - INFO - Total UMIs generated: 65536
2024-07-20 22:50:30,769 - INFO - Total UMIs allocated: 627
2024-07-20 22:50:30,769 - INFO - Number of unique UMIs assigned to genes: 624
2024-07-20 22:50:30,769 - INFO - Inter-gene collisions: 3
2024-07-20 22:50:30,769 - INFO - Inter-gene collision rate: 0.00478
2024-07-20 22:50:30,769 - INFO - Writing gene UMI counts to file...
2024-07-20 22:50:30,769 - INFO - Writing UMI inter-gene collisions to file...
2024-07-20 22:50:30,769 - INFO - Simulation complete.
