2024-07-20 22:50:26,266 - INFO - Simulation Script Version: 0.0.1
2024-07-20 22:50:26,267 - INFO - Simulation Parameters:
2024-07-20 22:50:26,267 - INFO - Length of UMI: 8
2024-07-20 22:50:26,267 - INFO - Number of genes: 100
2024-07-20 22:50:26,267 - INFO - Parameters file: None
2024-07-20 22:50:26,267 - INFO - Mean (mu): 6.0
2024-07-20 22:50:26,267 - INFO - Dispersion (theta): 6.0
2024-07-20 22:50:26,267 - INFO - Use Poisson distribution: False
2024-07-20 22:50:26,267 - INFO - Gene UMI counts file: gene_100_umi8_counts_rep2.txt
2024-07-20 22:50:26,267 - INFO - UMI collisions file: umi8_100_collisions_rep2.txt
2024-07-20 22:50:26,267 - INFO - Seed: None
2024-07-20 22:50:26,267 - INFO - Log file: umi8_100_rep2.log
2024-07-20 22:50:26,267 - INFO - No seed specified. Generated random seed: 3434427246
2024-07-20 22:50:26,267 - INFO - Generating all possible UMIs...
2024-07-20 22:50:26,277 - INFO - Total possible UMIs generated: 65536
2024-07-20 22:50:26,277 - INFO - Loading parameters...
2024-07-20 22:50:26,277 - INFO - Sampling read depths for each gene...
2024-07-20 22:50:26,281 - INFO - Read depths sampling complete.
2024-07-20 22:50:26,281 - INFO - Allocating UMIs based on sampled read depths...
2024-07-20 22:50:26,281 - INFO - Allocating UMIs for gene 0...
2024-07-20 22:50:27,035 - INFO - UMI allocation complete.
2024-07-20 22:50:27,035 - INFO - Counting overall UMI occurrences...
2024-07-20 22:50:27,035 - INFO - Counting inter-gene collisions...
2024-07-20 22:50:27,036 - INFO - Total UMIs generated: 65536
2024-07-20 22:50:27,036 - INFO - Total UMIs allocated: 539
2024-07-20 22:50:27,037 - INFO - Number of unique UMIs assigned to genes: 536
2024-07-20 22:50:27,037 - INFO - Inter-gene collisions: 3
2024-07-20 22:50:27,037 - INFO - Inter-gene collision rate: 0.00557
2024-07-20 22:50:27,037 - INFO - Writing gene UMI counts to file...
2024-07-20 22:50:27,037 - INFO - Writing UMI inter-gene collisions to file...
2024-07-20 22:50:27,037 - INFO - Simulation complete.
