2024-07-20 22:50:41,204 - INFO - Simulation Script Version: 0.0.1
2024-07-20 22:50:41,204 - INFO - Simulation Parameters:
2024-07-20 22:50:41,204 - INFO - Length of UMI: 8
2024-07-20 22:50:41,204 - INFO - Number of genes: 100
2024-07-20 22:50:41,204 - INFO - Parameters file: None
2024-07-20 22:50:41,204 - INFO - Mean (mu): 6.0
2024-07-20 22:50:41,204 - INFO - Dispersion (theta): 6.0
2024-07-20 22:50:41,204 - INFO - Use Poisson distribution: False
2024-07-20 22:50:41,204 - INFO - Gene UMI counts file: gene_100_umi8_counts_rep10.txt
2024-07-20 22:50:41,204 - INFO - UMI collisions file: umi8_100_collisions_rep10.txt
2024-07-20 22:50:41,204 - INFO - Seed: None
2024-07-20 22:50:41,204 - INFO - Log file: umi8_100_rep10.log
2024-07-20 22:50:41,205 - INFO - No seed specified. Generated random seed: 2686344190
2024-07-20 22:50:41,205 - INFO - Generating all possible UMIs...
2024-07-20 22:50:41,252 - INFO - Total possible UMIs generated: 65536
2024-07-20 22:50:41,252 - INFO - Loading parameters...
2024-07-20 22:50:41,252 - INFO - Sampling read depths for each gene...
2024-07-20 22:50:41,257 - INFO - Read depths sampling complete.
2024-07-20 22:50:41,257 - INFO - Allocating UMIs based on sampled read depths...
2024-07-20 22:50:41,258 - INFO - Allocating UMIs for gene 0...
2024-07-20 22:50:42,078 - INFO - UMI allocation complete.
2024-07-20 22:50:42,078 - INFO - Counting overall UMI occurrences...
2024-07-20 22:50:42,079 - INFO - Counting inter-gene collisions...
2024-07-20 22:50:42,080 - INFO - Total UMIs generated: 65536
2024-07-20 22:50:42,080 - INFO - Total UMIs allocated: 608
2024-07-20 22:50:42,080 - INFO - Number of unique UMIs assigned to genes: 605
2024-07-20 22:50:42,080 - INFO - Inter-gene collisions: 3
2024-07-20 22:50:42,080 - INFO - Inter-gene collision rate: 0.00493
2024-07-20 22:50:42,080 - INFO - Writing gene UMI counts to file...
2024-07-20 22:50:42,081 - INFO - Writing UMI inter-gene collisions to file...
2024-07-20 22:50:42,081 - INFO - Simulation complete.
