2024-07-23 15:30:16,715 - INFO - Simulation Script Version: 0.0.2
2024-07-23 15:30:16,715 - INFO - Simulation Parameters:
2024-07-23 15:30:16,715 - INFO - Length of UMI: 10
2024-07-23 15:30:16,715 - INFO - Number of genes: 12000
2024-07-23 15:30:16,715 - INFO - Parameters file: None
2024-07-23 15:30:16,715 - INFO - Mean (mu): 6.0
2024-07-23 15:30:16,715 - INFO - Dispersion (theta): 6.0
2024-07-23 15:30:16,715 - INFO - Use Poisson distribution: False
2024-07-23 15:30:16,716 - INFO - Gene UMI counts file: gene_12000_umi10_counts_rep5.txt
2024-07-23 15:30:16,716 - INFO - UMI collisions file: umi10_12000_collisions_rep5.txt
2024-07-23 15:30:16,716 - INFO - Seed: None
2024-07-23 15:30:16,716 - INFO - Log file: umi10_12000_rep5.log
2024-07-23 15:30:16,716 - INFO - No seed specified. Generated random seed: 2125197330
2024-07-23 15:30:16,716 - INFO - Generating all possible UMIs...
2024-07-23 15:30:16,976 - INFO - Total possible UMIs generated: 262144
2024-07-23 15:30:16,976 - INFO - Loading parameters...
2024-07-23 15:30:16,976 - INFO - Sampling read depths for each gene...
2024-07-23 15:30:17,391 - INFO - Read depths sampling complete.
2024-07-23 15:30:17,391 - INFO - Allocating UMIs based on sampled read depths...
2024-07-23 15:30:17,391 - INFO - Allocating UMIs for gene 0...
2024-07-23 15:30:21,578 - INFO - Allocating UMIs for gene 100...
2024-07-23 15:30:25,715 - INFO - Allocating UMIs for gene 200...
2024-07-23 15:30:29,792 - INFO - Allocating UMIs for gene 300...
2024-07-23 15:30:33,868 - INFO - Allocating UMIs for gene 400...
2024-07-23 15:30:37,897 - INFO - Allocating UMIs for gene 500...
2024-07-23 15:30:41,959 - INFO - Allocating UMIs for gene 600...
2024-07-23 15:30:46,039 - INFO - Allocating UMIs for gene 700...
2024-07-23 15:30:50,132 - INFO - Allocating UMIs for gene 800...
2024-07-23 15:30:54,120 - INFO - Allocating UMIs for gene 900...
2024-07-23 15:30:58,172 - INFO - Allocating UMIs for gene 1000...
2024-07-23 15:31:02,254 - INFO - Allocating UMIs for gene 1100...
2024-07-23 15:31:06,242 - INFO - Allocating UMIs for gene 1200...
2024-07-23 15:31:10,348 - INFO - Allocating UMIs for gene 1300...
2024-07-23 15:31:14,371 - INFO - Allocating UMIs for gene 1400...
2024-07-23 15:31:18,439 - INFO - Allocating UMIs for gene 1500...
2024-07-23 15:31:22,582 - INFO - Allocating UMIs for gene 1600...
2024-07-23 15:31:26,677 - INFO - Allocating UMIs for gene 1700...
2024-07-23 15:31:30,814 - INFO - Allocating UMIs for gene 1800...
2024-07-23 15:31:34,883 - INFO - Allocating UMIs for gene 1900...
2024-07-23 15:31:38,892 - INFO - Allocating UMIs for gene 2000...
2024-07-23 15:31:42,935 - INFO - Allocating UMIs for gene 2100...
2024-07-23 15:31:47,030 - INFO - Allocating UMIs for gene 2200...
2024-07-23 15:31:51,086 - INFO - Allocating UMIs for gene 2300...
2024-07-23 15:31:55,144 - INFO - Allocating UMIs for gene 2400...
2024-07-23 15:31:59,269 - INFO - Allocating UMIs for gene 2500...
2024-07-23 15:32:03,357 - INFO - Allocating UMIs for gene 2600...
2024-07-23 15:32:07,459 - INFO - Allocating UMIs for gene 2700...
2024-07-23 15:32:11,605 - INFO - Allocating UMIs for gene 2800...
2024-07-23 15:32:15,623 - INFO - Allocating UMIs for gene 2900...
2024-07-23 15:32:19,756 - INFO - Allocating UMIs for gene 3000...
2024-07-23 15:32:23,777 - INFO - Allocating UMIs for gene 3100...
2024-07-23 15:32:27,847 - INFO - Allocating UMIs for gene 3200...
2024-07-23 15:32:31,948 - INFO - Allocating UMIs for gene 3300...
2024-07-23 15:32:36,041 - INFO - Allocating UMIs for gene 3400...
2024-07-23 15:32:40,054 - INFO - Allocating UMIs for gene 3500...
2024-07-23 15:32:44,168 - INFO - Allocating UMIs for gene 3600...
2024-07-23 15:32:48,304 - INFO - Allocating UMIs for gene 3700...
2024-07-23 15:32:52,444 - INFO - Allocating UMIs for gene 3800...
2024-07-23 15:32:56,454 - INFO - Allocating UMIs for gene 3900...
2024-07-23 15:33:00,553 - INFO - Allocating UMIs for gene 4000...
2024-07-23 15:33:04,698 - INFO - Allocating UMIs for gene 4100...
2024-07-23 15:33:08,663 - INFO - Allocating UMIs for gene 4200...
2024-07-23 15:33:12,762 - INFO - Allocating UMIs for gene 4300...
2024-07-23 15:33:16,823 - INFO - Allocating UMIs for gene 4400...
2024-07-23 15:33:20,925 - INFO - Allocating UMIs for gene 4500...
2024-07-23 15:33:25,024 - INFO - Allocating UMIs for gene 4600...
2024-07-23 15:33:29,160 - INFO - Allocating UMIs for gene 4700...
2024-07-23 15:33:33,299 - INFO - Allocating UMIs for gene 4800...
2024-07-23 15:33:37,357 - INFO - Allocating UMIs for gene 4900...
2024-07-23 15:33:41,500 - INFO - Allocating UMIs for gene 5000...
2024-07-23 15:33:45,639 - INFO - Allocating UMIs for gene 5100...
2024-07-23 15:33:49,651 - INFO - Allocating UMIs for gene 5200...
2024-07-23 15:33:53,713 - INFO - Allocating UMIs for gene 5300...
2024-07-23 15:33:57,687 - INFO - Allocating UMIs for gene 5400...
2024-07-23 15:34:01,772 - INFO - Allocating UMIs for gene 5500...
2024-07-23 15:34:05,802 - INFO - Allocating UMIs for gene 5600...
2024-07-23 15:34:09,898 - INFO - Allocating UMIs for gene 5700...
2024-07-23 15:34:14,008 - INFO - Allocating UMIs for gene 5800...
2024-07-23 15:34:18,113 - INFO - Allocating UMIs for gene 5900...
2024-07-23 15:34:22,208 - INFO - Allocating UMIs for gene 6000...
2024-07-23 15:34:26,232 - INFO - Allocating UMIs for gene 6100...
2024-07-23 15:34:30,240 - INFO - Allocating UMIs for gene 6200...
2024-07-23 15:34:34,256 - INFO - Allocating UMIs for gene 6300...
2024-07-23 15:34:38,235 - INFO - Allocating UMIs for gene 6400...
2024-07-23 15:34:42,332 - INFO - Allocating UMIs for gene 6500...
2024-07-23 15:34:46,432 - INFO - Allocating UMIs for gene 6600...
2024-07-23 15:34:50,443 - INFO - Allocating UMIs for gene 6700...
2024-07-23 15:34:54,512 - INFO - Allocating UMIs for gene 6800...
2024-07-23 15:34:58,670 - INFO - Allocating UMIs for gene 6900...
2024-07-23 15:35:02,778 - INFO - Allocating UMIs for gene 7000...
2024-07-23 15:35:06,922 - INFO - Allocating UMIs for gene 7100...
2024-07-23 15:35:10,978 - INFO - Allocating UMIs for gene 7200...
2024-07-23 15:35:14,992 - INFO - Allocating UMIs for gene 7300...
2024-07-23 15:35:19,092 - INFO - Allocating UMIs for gene 7400...
2024-07-23 15:35:23,184 - INFO - Allocating UMIs for gene 7500...
2024-07-23 15:35:27,238 - INFO - Allocating UMIs for gene 7600...
2024-07-23 15:35:31,373 - INFO - Allocating UMIs for gene 7700...
2024-07-23 15:35:35,512 - INFO - Allocating UMIs for gene 7800...
2024-07-23 15:35:39,527 - INFO - Allocating UMIs for gene 7900...
2024-07-23 15:35:43,556 - INFO - Allocating UMIs for gene 8000...
2024-07-23 15:35:47,619 - INFO - Allocating UMIs for gene 8100...
2024-07-23 15:35:51,685 - INFO - Allocating UMIs for gene 8200...
2024-07-23 15:35:55,699 - INFO - Allocating UMIs for gene 8300...
2024-07-23 15:35:59,821 - INFO - Allocating UMIs for gene 8400...
2024-07-23 15:36:03,788 - INFO - Allocating UMIs for gene 8500...
2024-07-23 15:36:07,845 - INFO - Allocating UMIs for gene 8600...
2024-07-23 15:36:11,823 - INFO - Allocating UMIs for gene 8700...
2024-07-23 15:36:15,920 - INFO - Allocating UMIs for gene 8800...
2024-07-23 15:36:20,057 - INFO - Allocating UMIs for gene 8900...
2024-07-23 15:36:24,150 - INFO - Allocating UMIs for gene 9000...
2024-07-23 15:36:28,293 - INFO - Allocating UMIs for gene 9100...
2024-07-23 15:36:32,344 - INFO - Allocating UMIs for gene 9200...
2024-07-23 15:36:36,283 - INFO - Allocating UMIs for gene 9300...
2024-07-23 15:36:40,296 - INFO - Allocating UMIs for gene 9400...
2024-07-23 15:36:44,403 - INFO - Allocating UMIs for gene 9500...
2024-07-23 15:36:48,552 - INFO - Allocating UMIs for gene 9600...
2024-07-23 15:36:52,644 - INFO - Allocating UMIs for gene 9700...
2024-07-23 15:36:56,703 - INFO - Allocating UMIs for gene 9800...
2024-07-23 15:37:00,781 - INFO - Allocating UMIs for gene 9900...
2024-07-23 15:37:04,877 - INFO - Allocating UMIs for gene 10000...
2024-07-23 15:37:08,938 - INFO - Allocating UMIs for gene 10100...
2024-07-23 15:37:13,085 - INFO - Allocating UMIs for gene 10200...
2024-07-23 15:37:17,231 - INFO - Allocating UMIs for gene 10300...
2024-07-23 15:37:21,283 - INFO - Allocating UMIs for gene 10400...
2024-07-23 15:37:25,375 - INFO - Allocating UMIs for gene 10500...
2024-07-23 15:37:29,476 - INFO - Allocating UMIs for gene 10600...
2024-07-23 15:37:33,613 - INFO - Allocating UMIs for gene 10700...
2024-07-23 15:37:37,673 - INFO - Allocating UMIs for gene 10800...
2024-07-23 15:37:41,777 - INFO - Allocating UMIs for gene 10900...
2024-07-23 15:37:45,754 - INFO - Allocating UMIs for gene 11000...
2024-07-23 15:37:49,818 - INFO - Allocating UMIs for gene 11100...
2024-07-23 15:37:53,914 - INFO - Allocating UMIs for gene 11200...
2024-07-23 15:37:58,011 - INFO - Allocating UMIs for gene 11300...
2024-07-23 15:38:02,185 - INFO - Allocating UMIs for gene 11400...
2024-07-23 15:38:06,253 - INFO - Allocating UMIs for gene 11500...
2024-07-23 15:38:10,267 - INFO - Allocating UMIs for gene 11600...
2024-07-23 15:38:14,413 - INFO - Allocating UMIs for gene 11700...
2024-07-23 15:38:18,467 - INFO - Allocating UMIs for gene 11800...
2024-07-23 15:38:22,525 - INFO - Allocating UMIs for gene 11900...
2024-07-23 15:38:26,663 - INFO - UMI allocation complete.
2024-07-23 15:38:26,663 - INFO - Counting overall UMI occurrences...
2024-07-23 15:38:26,676 - INFO - Counting inter-gene collisions...
2024-07-23 15:38:26,761 - INFO - Total UMIs generated: 262144
2024-07-23 15:38:26,761 - INFO - Total UMIs allocated: 72400
2024-07-23 15:38:26,761 - INFO - Number of unique UMIs assigned to genes: 63466
2024-07-23 15:38:26,761 - INFO - Inter-gene collisions: 8932
2024-07-23 15:38:26,761 - INFO - Inter-gene collision rate: 0.12337
2024-07-23 15:38:26,761 - INFO - Writing gene UMI counts to file...
2024-07-23 15:38:26,767 - INFO - Writing UMI inter-gene collisions to file...
2024-07-23 15:38:26,771 - INFO - Simulation complete.
