2024-07-23 14:57:36,746 - INFO - Simulation Script Version: 0.0.2
2024-07-23 14:57:36,746 - INFO - Simulation Parameters:
2024-07-23 14:57:36,746 - INFO - Length of UMI: 10
2024-07-23 14:57:36,746 - INFO - Number of genes: 12000
2024-07-23 14:57:36,746 - INFO - Parameters file: None
2024-07-23 14:57:36,746 - INFO - Mean (mu): 6.0
2024-07-23 14:57:36,746 - INFO - Dispersion (theta): 6.0
2024-07-23 14:57:36,746 - INFO - Use Poisson distribution: False
2024-07-23 14:57:36,746 - INFO - Gene UMI counts file: gene_12000_umi10_counts_rep1.txt
2024-07-23 14:57:36,746 - INFO - UMI collisions file: umi10_12000_collisions.txt
2024-07-23 14:57:36,746 - INFO - Seed: None
2024-07-23 14:57:36,746 - INFO - Log file: umi10_12000_rep1.log
2024-07-23 14:57:36,746 - INFO - No seed specified. Generated random seed: 872363859
2024-07-23 14:57:36,746 - INFO - Generating all possible UMIs...
2024-07-23 14:57:37,003 - INFO - Total possible UMIs generated: 262144
2024-07-23 14:57:37,003 - INFO - Loading parameters...
2024-07-23 14:57:37,003 - INFO - Sampling read depths for each gene...
2024-07-23 14:57:37,415 - INFO - Read depths sampling complete.
2024-07-23 14:57:37,415 - INFO - Allocating UMIs based on sampled read depths...
2024-07-23 14:57:37,415 - INFO - Allocating UMIs for gene 0...
2024-07-23 14:57:41,496 - INFO - Allocating UMIs for gene 100...
2024-07-23 14:57:45,633 - INFO - Allocating UMIs for gene 200...
2024-07-23 14:57:49,752 - INFO - Allocating UMIs for gene 300...
2024-07-23 14:57:53,873 - INFO - Allocating UMIs for gene 400...
2024-07-23 14:57:57,996 - INFO - Allocating UMIs for gene 500...
2024-07-23 14:58:02,195 - INFO - Allocating UMIs for gene 600...
2024-07-23 14:58:06,293 - INFO - Allocating UMIs for gene 700...
2024-07-23 14:58:10,470 - INFO - Allocating UMIs for gene 800...
2024-07-23 14:58:14,543 - INFO - Allocating UMIs for gene 900...
2024-07-23 14:58:18,716 - INFO - Allocating UMIs for gene 1000...
2024-07-23 14:58:22,766 - INFO - Allocating UMIs for gene 1100...
2024-07-23 14:58:26,795 - INFO - Allocating UMIs for gene 1200...
2024-07-23 14:58:30,907 - INFO - Allocating UMIs for gene 1300...
2024-07-23 14:58:35,045 - INFO - Allocating UMIs for gene 1400...
2024-07-23 14:58:39,174 - INFO - Allocating UMIs for gene 1500...
2024-07-23 14:58:43,296 - INFO - Allocating UMIs for gene 1600...
2024-07-23 14:58:47,448 - INFO - Allocating UMIs for gene 1700...
2024-07-23 14:58:51,495 - INFO - Allocating UMIs for gene 1800...
2024-07-23 14:58:55,622 - INFO - Allocating UMIs for gene 1900...
2024-07-23 14:58:59,682 - INFO - Allocating UMIs for gene 2000...
2024-07-23 14:59:03,832 - INFO - Allocating UMIs for gene 2100...
2024-07-23 14:59:07,901 - INFO - Allocating UMIs for gene 2200...
2024-07-23 14:59:12,032 - INFO - Allocating UMIs for gene 2300...
2024-07-23 14:59:16,120 - INFO - Allocating UMIs for gene 2400...
2024-07-23 14:59:20,107 - INFO - Allocating UMIs for gene 2500...
2024-07-23 14:59:24,232 - INFO - Allocating UMIs for gene 2600...
2024-07-23 14:59:28,193 - INFO - Allocating UMIs for gene 2700...
2024-07-23 14:59:32,302 - INFO - Allocating UMIs for gene 2800...
2024-07-23 14:59:36,372 - INFO - Allocating UMIs for gene 2900...
2024-07-23 14:59:40,469 - INFO - Allocating UMIs for gene 3000...
2024-07-23 14:59:44,585 - INFO - Allocating UMIs for gene 3100...
2024-07-23 14:59:48,666 - INFO - Allocating UMIs for gene 3200...
2024-07-23 14:59:52,736 - INFO - Allocating UMIs for gene 3300...
2024-07-23 14:59:56,860 - INFO - Allocating UMIs for gene 3400...
2024-07-23 15:00:01,034 - INFO - Allocating UMIs for gene 3500...
2024-07-23 15:00:05,134 - INFO - Allocating UMIs for gene 3600...
2024-07-23 15:00:09,295 - INFO - Allocating UMIs for gene 3700...
2024-07-23 15:00:13,300 - INFO - Allocating UMIs for gene 3800...
2024-07-23 15:00:17,413 - INFO - Allocating UMIs for gene 3900...
2024-07-23 15:00:21,497 - INFO - Allocating UMIs for gene 4000...
2024-07-23 15:00:25,672 - INFO - Allocating UMIs for gene 4100...
2024-07-23 15:00:29,748 - INFO - Allocating UMIs for gene 4200...
2024-07-23 15:00:33,830 - INFO - Allocating UMIs for gene 4300...
2024-07-23 15:00:37,918 - INFO - Allocating UMIs for gene 4400...
2024-07-23 15:00:41,991 - INFO - Allocating UMIs for gene 4500...
2024-07-23 15:00:46,101 - INFO - Allocating UMIs for gene 4600...
2024-07-23 15:00:50,257 - INFO - Allocating UMIs for gene 4700...
2024-07-23 15:00:54,424 - INFO - Allocating UMIs for gene 4800...
2024-07-23 15:00:58,499 - INFO - Allocating UMIs for gene 4900...
2024-07-23 15:01:02,658 - INFO - Allocating UMIs for gene 5000...
2024-07-23 15:01:06,809 - INFO - Allocating UMIs for gene 5100...
2024-07-23 15:01:10,950 - INFO - Allocating UMIs for gene 5200...
2024-07-23 15:01:14,990 - INFO - Allocating UMIs for gene 5300...
2024-07-23 15:01:18,949 - INFO - Allocating UMIs for gene 5400...
2024-07-23 15:01:23,050 - INFO - Allocating UMIs for gene 5500...
2024-07-23 15:01:27,072 - INFO - Allocating UMIs for gene 5600...
2024-07-23 15:01:31,188 - INFO - Allocating UMIs for gene 5700...
2024-07-23 15:01:35,314 - INFO - Allocating UMIs for gene 5800...
2024-07-23 15:01:39,426 - INFO - Allocating UMIs for gene 5900...
2024-07-23 15:01:43,492 - INFO - Allocating UMIs for gene 6000...
2024-07-23 15:01:47,562 - INFO - Allocating UMIs for gene 6100...
2024-07-23 15:01:51,638 - INFO - Allocating UMIs for gene 6200...
2024-07-23 15:01:55,647 - INFO - Allocating UMIs for gene 6300...
2024-07-23 15:01:59,763 - INFO - Allocating UMIs for gene 6400...
2024-07-23 15:02:03,906 - INFO - Allocating UMIs for gene 6500...
2024-07-23 15:02:07,944 - INFO - Allocating UMIs for gene 6600...
2024-07-23 15:02:12,085 - INFO - Allocating UMIs for gene 6700...
2024-07-23 15:02:16,238 - INFO - Allocating UMIs for gene 6800...
2024-07-23 15:02:20,276 - INFO - Allocating UMIs for gene 6900...
2024-07-23 15:02:24,341 - INFO - Allocating UMIs for gene 7000...
2024-07-23 15:02:28,450 - INFO - Allocating UMIs for gene 7100...
2024-07-23 15:02:32,564 - INFO - Allocating UMIs for gene 7200...
2024-07-23 15:02:36,732 - INFO - Allocating UMIs for gene 7300...
2024-07-23 15:02:40,870 - INFO - Allocating UMIs for gene 7400...
2024-07-23 15:02:44,899 - INFO - Allocating UMIs for gene 7500...
2024-07-23 15:02:49,000 - INFO - Allocating UMIs for gene 7600...
2024-07-23 15:02:52,936 - INFO - Allocating UMIs for gene 7700...
2024-07-23 15:02:57,045 - INFO - Allocating UMIs for gene 7800...
2024-07-23 15:03:01,134 - INFO - Allocating UMIs for gene 7900...
2024-07-23 15:03:05,208 - INFO - Allocating UMIs for gene 8000...
2024-07-23 15:03:09,355 - INFO - Allocating UMIs for gene 8100...
2024-07-23 15:03:13,460 - INFO - Allocating UMIs for gene 8200...
2024-07-23 15:03:17,592 - INFO - Allocating UMIs for gene 8300...
2024-07-23 15:03:21,760 - INFO - Allocating UMIs for gene 8400...
2024-07-23 15:03:25,841 - INFO - Allocating UMIs for gene 8500...
2024-07-23 15:03:29,821 - INFO - Allocating UMIs for gene 8600...
2024-07-23 15:03:33,888 - INFO - Allocating UMIs for gene 8700...
2024-07-23 15:03:37,943 - INFO - Allocating UMIs for gene 8800...
2024-07-23 15:03:42,103 - INFO - Allocating UMIs for gene 8900...
2024-07-23 15:03:46,260 - INFO - Allocating UMIs for gene 9000...
2024-07-23 15:03:50,349 - INFO - Allocating UMIs for gene 9100...
2024-07-23 15:03:54,503 - INFO - Allocating UMIs for gene 9200...
2024-07-23 15:03:58,603 - INFO - Allocating UMIs for gene 9300...
2024-07-23 15:04:02,787 - INFO - Allocating UMIs for gene 9400...
2024-07-23 15:04:06,911 - INFO - Allocating UMIs for gene 9500...
2024-07-23 15:04:11,005 - INFO - Allocating UMIs for gene 9600...
2024-07-23 15:04:15,166 - INFO - Allocating UMIs for gene 9700...
2024-07-23 15:04:19,325 - INFO - Allocating UMIs for gene 9800...
2024-07-23 15:04:23,473 - INFO - Allocating UMIs for gene 9900...
2024-07-23 15:04:27,734 - INFO - Allocating UMIs for gene 10000...
2024-07-23 15:04:31,685 - INFO - Allocating UMIs for gene 10100...
2024-07-23 15:04:35,519 - INFO - Allocating UMIs for gene 10200...
2024-07-23 15:04:39,557 - INFO - Allocating UMIs for gene 10300...
2024-07-23 15:04:43,507 - INFO - Allocating UMIs for gene 10400...
2024-07-23 15:04:47,496 - INFO - Allocating UMIs for gene 10500...
2024-07-23 15:04:51,484 - INFO - Allocating UMIs for gene 10600...
2024-07-23 15:04:55,482 - INFO - Allocating UMIs for gene 10700...
2024-07-23 15:04:59,476 - INFO - Allocating UMIs for gene 10800...
2024-07-23 15:05:03,436 - INFO - Allocating UMIs for gene 10900...
2024-07-23 15:05:07,391 - INFO - Allocating UMIs for gene 11000...
2024-07-23 15:05:11,304 - INFO - Allocating UMIs for gene 11100...
2024-07-23 15:05:15,333 - INFO - Allocating UMIs for gene 11200...
2024-07-23 15:05:19,337 - INFO - Allocating UMIs for gene 11300...
2024-07-23 15:05:23,322 - INFO - Allocating UMIs for gene 11400...
2024-07-23 15:05:27,226 - INFO - Allocating UMIs for gene 11500...
2024-07-23 15:05:31,090 - INFO - Allocating UMIs for gene 11600...
2024-07-23 15:05:35,118 - INFO - Allocating UMIs for gene 11700...
2024-07-23 15:05:39,101 - INFO - Allocating UMIs for gene 11800...
2024-07-23 15:05:43,063 - INFO - Allocating UMIs for gene 11900...
2024-07-23 15:05:47,010 - INFO - UMI allocation complete.
2024-07-23 15:05:47,010 - INFO - Counting overall UMI occurrences...
2024-07-23 15:05:47,023 - INFO - Counting inter-gene collisions...
2024-07-23 15:05:47,117 - INFO - Total UMIs generated: 262144
2024-07-23 15:05:47,117 - INFO - Total UMIs allocated: 72626
2024-07-23 15:05:47,117 - INFO - Number of unique UMIs assigned to genes: 63449
2024-07-23 15:05:47,117 - INFO - Inter-gene collisions: 9177
2024-07-23 15:05:47,117 - INFO - Inter-gene collision rate: 0.12636
2024-07-23 15:05:47,117 - INFO - Writing gene UMI counts to file...
2024-07-23 15:05:47,123 - INFO - Writing UMI inter-gene collisions to file...
2024-07-23 15:05:47,127 - INFO - Simulation complete.
