2024-07-23 15:22:02,761 - INFO - Simulation Script Version: 0.0.2
2024-07-23 15:22:02,761 - INFO - Simulation Parameters:
2024-07-23 15:22:02,761 - INFO - Length of UMI: 10
2024-07-23 15:22:02,761 - INFO - Number of genes: 12000
2024-07-23 15:22:02,761 - INFO - Parameters file: None
2024-07-23 15:22:02,761 - INFO - Mean (mu): 6.0
2024-07-23 15:22:02,761 - INFO - Dispersion (theta): 6.0
2024-07-23 15:22:02,761 - INFO - Use Poisson distribution: False
2024-07-23 15:22:02,761 - INFO - Gene UMI counts file: gene_12000_umi10_counts_rep4.txt
2024-07-23 15:22:02,761 - INFO - UMI collisions file: umi10_12000_collisions_rep4.txt
2024-07-23 15:22:02,761 - INFO - Seed: None
2024-07-23 15:22:02,761 - INFO - Log file: umi10_12000_rep4.log
2024-07-23 15:22:02,761 - INFO - No seed specified. Generated random seed: 1889359715
2024-07-23 15:22:02,761 - INFO - Generating all possible UMIs...
2024-07-23 15:22:03,019 - INFO - Total possible UMIs generated: 262144
2024-07-23 15:22:03,020 - INFO - Loading parameters...
2024-07-23 15:22:03,020 - INFO - Sampling read depths for each gene...
2024-07-23 15:22:03,443 - INFO - Read depths sampling complete.
2024-07-23 15:22:03,443 - INFO - Allocating UMIs based on sampled read depths...
2024-07-23 15:22:03,443 - INFO - Allocating UMIs for gene 0...
2024-07-23 15:22:07,608 - INFO - Allocating UMIs for gene 100...
2024-07-23 15:22:11,730 - INFO - Allocating UMIs for gene 200...
2024-07-23 15:22:15,865 - INFO - Allocating UMIs for gene 300...
2024-07-23 15:22:20,006 - INFO - Allocating UMIs for gene 400...
2024-07-23 15:22:24,186 - INFO - Allocating UMIs for gene 500...
2024-07-23 15:22:28,313 - INFO - Allocating UMIs for gene 600...
2024-07-23 15:22:32,417 - INFO - Allocating UMIs for gene 700...
2024-07-23 15:22:36,534 - INFO - Allocating UMIs for gene 800...
2024-07-23 15:22:40,550 - INFO - Allocating UMIs for gene 900...
2024-07-23 15:22:44,706 - INFO - Allocating UMIs for gene 1000...
2024-07-23 15:22:48,794 - INFO - Allocating UMIs for gene 1100...
2024-07-23 15:22:52,870 - INFO - Allocating UMIs for gene 1200...
2024-07-23 15:22:56,960 - INFO - Allocating UMIs for gene 1300...
2024-07-23 15:23:01,030 - INFO - Allocating UMIs for gene 1400...
2024-07-23 15:23:05,121 - INFO - Allocating UMIs for gene 1500...
2024-07-23 15:23:09,241 - INFO - Allocating UMIs for gene 1600...
2024-07-23 15:23:13,365 - INFO - Allocating UMIs for gene 1700...
2024-07-23 15:23:17,485 - INFO - Allocating UMIs for gene 1800...
2024-07-23 15:23:21,589 - INFO - Allocating UMIs for gene 1900...
2024-07-23 15:23:25,710 - INFO - Allocating UMIs for gene 2000...
2024-07-23 15:23:29,858 - INFO - Allocating UMIs for gene 2100...
2024-07-23 15:23:34,025 - INFO - Allocating UMIs for gene 2200...
2024-07-23 15:23:38,105 - INFO - Allocating UMIs for gene 2300...
2024-07-23 15:23:42,272 - INFO - Allocating UMIs for gene 2400...
2024-07-23 15:23:46,454 - INFO - Allocating UMIs for gene 2500...
2024-07-23 15:23:50,577 - INFO - Allocating UMIs for gene 2600...
2024-07-23 15:23:54,657 - INFO - Allocating UMIs for gene 2700...
2024-07-23 15:23:58,815 - INFO - Allocating UMIs for gene 2800...
2024-07-23 15:24:02,790 - INFO - Allocating UMIs for gene 2900...
2024-07-23 15:24:06,883 - INFO - Allocating UMIs for gene 3000...
2024-07-23 15:24:11,047 - INFO - Allocating UMIs for gene 3100...
2024-07-23 15:24:15,225 - INFO - Allocating UMIs for gene 3200...
2024-07-23 15:24:19,345 - INFO - Allocating UMIs for gene 3300...
2024-07-23 15:24:23,421 - INFO - Allocating UMIs for gene 3400...
2024-07-23 15:24:27,502 - INFO - Allocating UMIs for gene 3500...
2024-07-23 15:24:31,541 - INFO - Allocating UMIs for gene 3600...
2024-07-23 15:24:35,699 - INFO - Allocating UMIs for gene 3700...
2024-07-23 15:24:39,824 - INFO - Allocating UMIs for gene 3800...
2024-07-23 15:24:43,940 - INFO - Allocating UMIs for gene 3900...
2024-07-23 15:24:48,215 - INFO - Allocating UMIs for gene 4000...
2024-07-23 15:24:52,255 - INFO - Allocating UMIs for gene 4100...
2024-07-23 15:24:56,387 - INFO - Allocating UMIs for gene 4200...
2024-07-23 15:25:00,504 - INFO - Allocating UMIs for gene 4300...
2024-07-23 15:25:04,552 - INFO - Allocating UMIs for gene 4400...
2024-07-23 15:25:08,626 - INFO - Allocating UMIs for gene 4500...
2024-07-23 15:25:12,749 - INFO - Allocating UMIs for gene 4600...
2024-07-23 15:25:16,858 - INFO - Allocating UMIs for gene 4700...
2024-07-23 15:25:20,967 - INFO - Allocating UMIs for gene 4800...
2024-07-23 15:25:25,084 - INFO - Allocating UMIs for gene 4900...
2024-07-23 15:25:29,231 - INFO - Allocating UMIs for gene 5000...
2024-07-23 15:25:33,342 - INFO - Allocating UMIs for gene 5100...
2024-07-23 15:25:37,414 - INFO - Allocating UMIs for gene 5200...
2024-07-23 15:25:41,406 - INFO - Allocating UMIs for gene 5300...
2024-07-23 15:25:45,548 - INFO - Allocating UMIs for gene 5400...
2024-07-23 15:25:49,658 - INFO - Allocating UMIs for gene 5500...
2024-07-23 15:25:53,730 - INFO - Allocating UMIs for gene 5600...
2024-07-23 15:25:57,800 - INFO - Allocating UMIs for gene 5700...
2024-07-23 15:26:01,973 - INFO - Allocating UMIs for gene 5800...
2024-07-23 15:26:06,064 - INFO - Allocating UMIs for gene 5900...
2024-07-23 15:26:10,137 - INFO - Allocating UMIs for gene 6000...
2024-07-23 15:26:14,302 - INFO - Allocating UMIs for gene 6100...
2024-07-23 15:26:18,417 - INFO - Allocating UMIs for gene 6200...
2024-07-23 15:26:22,538 - INFO - Allocating UMIs for gene 6300...
2024-07-23 15:26:26,670 - INFO - Allocating UMIs for gene 6400...
2024-07-23 15:26:30,785 - INFO - Allocating UMIs for gene 6500...
2024-07-23 15:26:34,933 - INFO - Allocating UMIs for gene 6600...
2024-07-23 15:26:38,999 - INFO - Allocating UMIs for gene 6700...
2024-07-23 15:26:43,163 - INFO - Allocating UMIs for gene 6800...
2024-07-23 15:26:47,222 - INFO - Allocating UMIs for gene 6900...
2024-07-23 15:26:51,352 - INFO - Allocating UMIs for gene 7000...
2024-07-23 15:26:55,439 - INFO - Allocating UMIs for gene 7100...
2024-07-23 15:26:59,470 - INFO - Allocating UMIs for gene 7200...
2024-07-23 15:27:03,540 - INFO - Allocating UMIs for gene 7300...
2024-07-23 15:27:07,649 - INFO - Allocating UMIs for gene 7400...
2024-07-23 15:27:11,757 - INFO - Allocating UMIs for gene 7500...
2024-07-23 15:27:15,915 - INFO - Allocating UMIs for gene 7600...
2024-07-23 15:27:19,938 - INFO - Allocating UMIs for gene 7700...
2024-07-23 15:27:24,010 - INFO - Allocating UMIs for gene 7800...
2024-07-23 15:27:28,164 - INFO - Allocating UMIs for gene 7900...
2024-07-23 15:27:32,193 - INFO - Allocating UMIs for gene 8000...
2024-07-23 15:27:36,316 - INFO - Allocating UMIs for gene 8100...
2024-07-23 15:27:40,396 - INFO - Allocating UMIs for gene 8200...
2024-07-23 15:27:44,509 - INFO - Allocating UMIs for gene 8300...
2024-07-23 15:27:48,699 - INFO - Allocating UMIs for gene 8400...
2024-07-23 15:27:52,742 - INFO - Allocating UMIs for gene 8500...
2024-07-23 15:27:56,901 - INFO - Allocating UMIs for gene 8600...
2024-07-23 15:28:01,072 - INFO - Allocating UMIs for gene 8700...
2024-07-23 15:28:05,195 - INFO - Allocating UMIs for gene 8800...
2024-07-23 15:28:09,223 - INFO - Allocating UMIs for gene 8900...
2024-07-23 15:28:13,311 - INFO - Allocating UMIs for gene 9000...
2024-07-23 15:28:17,339 - INFO - Allocating UMIs for gene 9100...
2024-07-23 15:28:21,288 - INFO - Allocating UMIs for gene 9200...
2024-07-23 15:28:25,320 - INFO - Allocating UMIs for gene 9300...
2024-07-23 15:28:29,387 - INFO - Allocating UMIs for gene 9400...
2024-07-23 15:28:33,497 - INFO - Allocating UMIs for gene 9500...
2024-07-23 15:28:37,571 - INFO - Allocating UMIs for gene 9600...
2024-07-23 15:28:41,729 - INFO - Allocating UMIs for gene 9700...
2024-07-23 15:28:45,739 - INFO - Allocating UMIs for gene 9800...
2024-07-23 15:28:49,810 - INFO - Allocating UMIs for gene 9900...
2024-07-23 15:28:53,923 - INFO - Allocating UMIs for gene 10000...
2024-07-23 15:28:58,079 - INFO - Allocating UMIs for gene 10100...
2024-07-23 15:29:02,191 - INFO - Allocating UMIs for gene 10200...
2024-07-23 15:29:06,258 - INFO - Allocating UMIs for gene 10300...
2024-07-23 15:29:10,198 - INFO - Allocating UMIs for gene 10400...
2024-07-23 15:29:14,273 - INFO - Allocating UMIs for gene 10500...
2024-07-23 15:29:18,298 - INFO - Allocating UMIs for gene 10600...
2024-07-23 15:29:22,404 - INFO - Allocating UMIs for gene 10700...
2024-07-23 15:29:26,430 - INFO - Allocating UMIs for gene 10800...
2024-07-23 15:29:30,459 - INFO - Allocating UMIs for gene 10900...
2024-07-23 15:29:34,570 - INFO - Allocating UMIs for gene 11000...
2024-07-23 15:29:38,645 - INFO - Allocating UMIs for gene 11100...
2024-07-23 15:29:42,814 - INFO - Allocating UMIs for gene 11200...
2024-07-23 15:29:46,991 - INFO - Allocating UMIs for gene 11300...
2024-07-23 15:29:51,109 - INFO - Allocating UMIs for gene 11400...
2024-07-23 15:29:55,262 - INFO - Allocating UMIs for gene 11500...
2024-07-23 15:29:59,375 - INFO - Allocating UMIs for gene 11600...
2024-07-23 15:30:03,481 - INFO - Allocating UMIs for gene 11700...
2024-07-23 15:30:07,653 - INFO - Allocating UMIs for gene 11800...
2024-07-23 15:30:11,641 - INFO - Allocating UMIs for gene 11900...
2024-07-23 15:30:15,671 - INFO - UMI allocation complete.
2024-07-23 15:30:15,671 - INFO - Counting overall UMI occurrences...
2024-07-23 15:30:15,685 - INFO - Counting inter-gene collisions...
2024-07-23 15:30:15,769 - INFO - Total UMIs generated: 262144
2024-07-23 15:30:15,769 - INFO - Total UMIs allocated: 71713
2024-07-23 15:30:15,769 - INFO - Number of unique UMIs assigned to genes: 62660
2024-07-23 15:30:15,769 - INFO - Inter-gene collisions: 9052
2024-07-23 15:30:15,769 - INFO - Inter-gene collision rate: 0.12623
2024-07-23 15:30:15,769 - INFO - Writing gene UMI counts to file...
2024-07-23 15:30:15,773 - INFO - Writing UMI inter-gene collisions to file...
2024-07-23 15:30:15,777 - INFO - Simulation complete.
