2024-07-23 16:03:04,560 - INFO - Simulation Script Version: 0.0.2
2024-07-23 16:03:04,560 - INFO - Simulation Parameters:
2024-07-23 16:03:04,560 - INFO - Length of UMI: 10
2024-07-23 16:03:04,560 - INFO - Number of genes: 12000
2024-07-23 16:03:04,560 - INFO - Parameters file: None
2024-07-23 16:03:04,560 - INFO - Mean (mu): 6.0
2024-07-23 16:03:04,560 - INFO - Dispersion (theta): 6.0
2024-07-23 16:03:04,560 - INFO - Use Poisson distribution: False
2024-07-23 16:03:04,560 - INFO - Gene UMI counts file: gene_12000_umi10_counts_rep9.txt
2024-07-23 16:03:04,560 - INFO - UMI collisions file: umi10_12000_collisions_rep9.txt
2024-07-23 16:03:04,560 - INFO - Seed: None
2024-07-23 16:03:04,560 - INFO - Log file: umi10_12000_rep9.log
2024-07-23 16:03:04,560 - INFO - No seed specified. Generated random seed: 3823531895
2024-07-23 16:03:04,560 - INFO - Generating all possible UMIs...
2024-07-23 16:03:04,819 - INFO - Total possible UMIs generated: 262144
2024-07-23 16:03:04,819 - INFO - Loading parameters...
2024-07-23 16:03:04,819 - INFO - Sampling read depths for each gene...
2024-07-23 16:03:05,234 - INFO - Read depths sampling complete.
2024-07-23 16:03:05,234 - INFO - Allocating UMIs based on sampled read depths...
2024-07-23 16:03:05,234 - INFO - Allocating UMIs for gene 0...
2024-07-23 16:03:09,384 - INFO - Allocating UMIs for gene 100...
2024-07-23 16:03:13,536 - INFO - Allocating UMIs for gene 200...
2024-07-23 16:03:17,664 - INFO - Allocating UMIs for gene 300...
2024-07-23 16:03:21,801 - INFO - Allocating UMIs for gene 400...
2024-07-23 16:03:25,724 - INFO - Allocating UMIs for gene 500...
2024-07-23 16:03:29,821 - INFO - Allocating UMIs for gene 600...
2024-07-23 16:03:33,898 - INFO - Allocating UMIs for gene 700...
2024-07-23 16:03:37,960 - INFO - Allocating UMIs for gene 800...
2024-07-23 16:03:42,088 - INFO - Allocating UMIs for gene 900...
2024-07-23 16:03:46,198 - INFO - Allocating UMIs for gene 1000...
2024-07-23 16:03:50,240 - INFO - Allocating UMIs for gene 1100...
2024-07-23 16:03:54,350 - INFO - Allocating UMIs for gene 1200...
2024-07-23 16:03:58,413 - INFO - Allocating UMIs for gene 1300...
2024-07-23 16:04:02,538 - INFO - Allocating UMIs for gene 1400...
2024-07-23 16:04:06,714 - INFO - Allocating UMIs for gene 1500...
2024-07-23 16:04:10,816 - INFO - Allocating UMIs for gene 1600...
2024-07-23 16:04:14,852 - INFO - Allocating UMIs for gene 1700...
2024-07-23 16:04:18,955 - INFO - Allocating UMIs for gene 1800...
2024-07-23 16:04:22,950 - INFO - Allocating UMIs for gene 1900...
2024-07-23 16:04:27,016 - INFO - Allocating UMIs for gene 2000...
2024-07-23 16:04:31,077 - INFO - Allocating UMIs for gene 2100...
2024-07-23 16:04:35,218 - INFO - Allocating UMIs for gene 2200...
2024-07-23 16:04:39,363 - INFO - Allocating UMIs for gene 2300...
2024-07-23 16:04:43,473 - INFO - Allocating UMIs for gene 2400...
2024-07-23 16:04:47,603 - INFO - Allocating UMIs for gene 2500...
2024-07-23 16:04:51,711 - INFO - Allocating UMIs for gene 2600...
2024-07-23 16:04:55,818 - INFO - Allocating UMIs for gene 2700...
2024-07-23 16:04:59,915 - INFO - Allocating UMIs for gene 2800...
2024-07-23 16:05:03,994 - INFO - Allocating UMIs for gene 2900...
2024-07-23 16:05:08,056 - INFO - Allocating UMIs for gene 3000...
2024-07-23 16:05:12,165 - INFO - Allocating UMIs for gene 3100...
2024-07-23 16:05:16,281 - INFO - Allocating UMIs for gene 3200...
2024-07-23 16:05:20,420 - INFO - Allocating UMIs for gene 3300...
2024-07-23 16:05:24,478 - INFO - Allocating UMIs for gene 3400...
2024-07-23 16:05:28,499 - INFO - Allocating UMIs for gene 3500...
2024-07-23 16:05:32,638 - INFO - Allocating UMIs for gene 3600...
2024-07-23 16:05:36,743 - INFO - Allocating UMIs for gene 3700...
2024-07-23 16:05:40,853 - INFO - Allocating UMIs for gene 3800...
2024-07-23 16:05:44,835 - INFO - Allocating UMIs for gene 3900...
2024-07-23 16:05:48,902 - INFO - Allocating UMIs for gene 4000...
2024-07-23 16:05:52,960 - INFO - Allocating UMIs for gene 4100...
2024-07-23 16:05:57,028 - INFO - Allocating UMIs for gene 4200...
2024-07-23 16:06:00,988 - INFO - Allocating UMIs for gene 4300...
2024-07-23 16:06:04,974 - INFO - Allocating UMIs for gene 4400...
2024-07-23 16:06:08,950 - INFO - Allocating UMIs for gene 4500...
2024-07-23 16:06:12,969 - INFO - Allocating UMIs for gene 4600...
2024-07-23 16:06:16,947 - INFO - Allocating UMIs for gene 4700...
2024-07-23 16:06:20,836 - INFO - Allocating UMIs for gene 4800...
2024-07-23 16:06:24,774 - INFO - Allocating UMIs for gene 4900...
2024-07-23 16:06:28,707 - INFO - Allocating UMIs for gene 5000...
2024-07-23 16:06:32,687 - INFO - Allocating UMIs for gene 5100...
2024-07-23 16:06:36,704 - INFO - Allocating UMIs for gene 5200...
2024-07-23 16:06:40,690 - INFO - Allocating UMIs for gene 5300...
2024-07-23 16:06:44,673 - INFO - Allocating UMIs for gene 5400...
2024-07-23 16:06:48,708 - INFO - Allocating UMIs for gene 5500...
2024-07-23 16:06:52,683 - INFO - Allocating UMIs for gene 5600...
2024-07-23 16:06:56,578 - INFO - Allocating UMIs for gene 5700...
2024-07-23 16:07:00,594 - INFO - Allocating UMIs for gene 5800...
2024-07-23 16:07:04,610 - INFO - Allocating UMIs for gene 5900...
2024-07-23 16:07:08,467 - INFO - Allocating UMIs for gene 6000...
2024-07-23 16:07:12,456 - INFO - Allocating UMIs for gene 6100...
2024-07-23 16:07:16,391 - INFO - Allocating UMIs for gene 6200...
2024-07-23 16:07:20,286 - INFO - Allocating UMIs for gene 6300...
2024-07-23 16:07:24,184 - INFO - Allocating UMIs for gene 6400...
2024-07-23 16:07:28,122 - INFO - Allocating UMIs for gene 6500...
2024-07-23 16:07:32,099 - INFO - Allocating UMIs for gene 6600...
2024-07-23 16:07:36,081 - INFO - Allocating UMIs for gene 6700...
2024-07-23 16:07:39,943 - INFO - Allocating UMIs for gene 6800...
2024-07-23 16:07:43,887 - INFO - Allocating UMIs for gene 6900...
2024-07-23 16:07:47,799 - INFO - Allocating UMIs for gene 7000...
2024-07-23 16:07:51,811 - INFO - Allocating UMIs for gene 7100...
2024-07-23 16:07:55,789 - INFO - Allocating UMIs for gene 7200...
2024-07-23 16:07:59,647 - INFO - Allocating UMIs for gene 7300...
2024-07-23 16:08:03,654 - INFO - Allocating UMIs for gene 7400...
2024-07-23 16:08:07,631 - INFO - Allocating UMIs for gene 7500...
2024-07-23 16:08:11,647 - INFO - Allocating UMIs for gene 7600...
2024-07-23 16:08:15,627 - INFO - Allocating UMIs for gene 7700...
2024-07-23 16:08:19,564 - INFO - Allocating UMIs for gene 7800...
2024-07-23 16:08:23,543 - INFO - Allocating UMIs for gene 7900...
2024-07-23 16:08:27,561 - INFO - Allocating UMIs for gene 8000...
2024-07-23 16:08:31,542 - INFO - Allocating UMIs for gene 8100...
2024-07-23 16:08:35,484 - INFO - Allocating UMIs for gene 8200...
2024-07-23 16:08:39,339 - INFO - Allocating UMIs for gene 8300...
2024-07-23 16:08:43,208 - INFO - Allocating UMIs for gene 8400...
2024-07-23 16:08:47,243 - INFO - Allocating UMIs for gene 8500...
2024-07-23 16:08:51,175 - INFO - Allocating UMIs for gene 8600...
2024-07-23 16:08:55,153 - INFO - Allocating UMIs for gene 8700...
2024-07-23 16:08:59,130 - INFO - Allocating UMIs for gene 8800...
2024-07-23 16:09:03,151 - INFO - Allocating UMIs for gene 8900...
2024-07-23 16:09:07,087 - INFO - Allocating UMIs for gene 9000...
2024-07-23 16:09:11,026 - INFO - Allocating UMIs for gene 9100...
2024-07-23 16:09:15,004 - INFO - Allocating UMIs for gene 9200...
2024-07-23 16:09:19,021 - INFO - Allocating UMIs for gene 9300...
2024-07-23 16:09:23,002 - INFO - Allocating UMIs for gene 9400...
2024-07-23 16:09:26,943 - INFO - Allocating UMIs for gene 9500...
2024-07-23 16:09:30,885 - INFO - Allocating UMIs for gene 9600...
2024-07-23 16:09:34,866 - INFO - Allocating UMIs for gene 9700...
2024-07-23 16:09:38,804 - INFO - Allocating UMIs for gene 9800...
2024-07-23 16:09:42,831 - INFO - Allocating UMIs for gene 9900...
2024-07-23 16:09:46,822 - INFO - Allocating UMIs for gene 10000...
2024-07-23 16:09:50,797 - INFO - Allocating UMIs for gene 10100...
2024-07-23 16:09:54,773 - INFO - Allocating UMIs for gene 10200...
2024-07-23 16:09:58,791 - INFO - Allocating UMIs for gene 10300...
2024-07-23 16:10:02,758 - INFO - Allocating UMIs for gene 10400...
2024-07-23 16:10:06,755 - INFO - Allocating UMIs for gene 10500...
2024-07-23 16:10:10,661 - INFO - Allocating UMIs for gene 10600...
2024-07-23 16:10:14,641 - INFO - Allocating UMIs for gene 10700...
2024-07-23 16:10:18,582 - INFO - Allocating UMIs for gene 10800...
2024-07-23 16:10:22,564 - INFO - Allocating UMIs for gene 10900...
2024-07-23 16:10:26,510 - INFO - Allocating UMIs for gene 11000...
2024-07-23 16:10:30,450 - INFO - Allocating UMIs for gene 11100...
2024-07-23 16:10:34,387 - INFO - Allocating UMIs for gene 11200...
2024-07-23 16:10:38,362 - INFO - Allocating UMIs for gene 11300...
2024-07-23 16:10:42,385 - INFO - Allocating UMIs for gene 11400...
2024-07-23 16:10:46,365 - INFO - Allocating UMIs for gene 11500...
2024-07-23 16:10:50,278 - INFO - Allocating UMIs for gene 11600...
2024-07-23 16:10:54,255 - INFO - Allocating UMIs for gene 11700...
2024-07-23 16:10:58,073 - INFO - Allocating UMIs for gene 11800...
2024-07-23 16:11:02,091 - INFO - Allocating UMIs for gene 11900...
2024-07-23 16:11:06,068 - INFO - UMI allocation complete.
2024-07-23 16:11:06,068 - INFO - Counting overall UMI occurrences...
2024-07-23 16:11:06,081 - INFO - Counting inter-gene collisions...
2024-07-23 16:11:06,162 - INFO - Total UMIs generated: 262144
2024-07-23 16:11:06,162 - INFO - Total UMIs allocated: 72264
2024-07-23 16:11:06,162 - INFO - Number of unique UMIs assigned to genes: 63225
2024-07-23 16:11:06,162 - INFO - Inter-gene collisions: 9038
2024-07-23 16:11:06,162 - INFO - Inter-gene collision rate: 0.12507
2024-07-23 16:11:06,162 - INFO - Writing gene UMI counts to file...
2024-07-23 16:11:06,169 - INFO - Writing UMI inter-gene collisions to file...
2024-07-23 16:11:06,173 - INFO - Simulation complete.
