2024-07-23 15:54:53,206 - INFO - Simulation Script Version: 0.0.2
2024-07-23 15:54:53,206 - INFO - Simulation Parameters:
2024-07-23 15:54:53,206 - INFO - Length of UMI: 10
2024-07-23 15:54:53,206 - INFO - Number of genes: 12000
2024-07-23 15:54:53,206 - INFO - Parameters file: None
2024-07-23 15:54:53,206 - INFO - Mean (mu): 6.0
2024-07-23 15:54:53,206 - INFO - Dispersion (theta): 6.0
2024-07-23 15:54:53,206 - INFO - Use Poisson distribution: False
2024-07-23 15:54:53,206 - INFO - Gene UMI counts file: gene_12000_umi10_counts_rep8.txt
2024-07-23 15:54:53,207 - INFO - UMI collisions file: umi10_12000_collisions_rep8.txt
2024-07-23 15:54:53,207 - INFO - Seed: None
2024-07-23 15:54:53,207 - INFO - Log file: umi10_12000_rep8.log
2024-07-23 15:54:53,207 - INFO - No seed specified. Generated random seed: 1253577313
2024-07-23 15:54:53,207 - INFO - Generating all possible UMIs...
2024-07-23 15:54:53,461 - INFO - Total possible UMIs generated: 262144
2024-07-23 15:54:53,461 - INFO - Loading parameters...
2024-07-23 15:54:53,461 - INFO - Sampling read depths for each gene...
2024-07-23 15:54:53,880 - INFO - Read depths sampling complete.
2024-07-23 15:54:53,880 - INFO - Allocating UMIs based on sampled read depths...
2024-07-23 15:54:53,880 - INFO - Allocating UMIs for gene 0...
2024-07-23 15:54:57,924 - INFO - Allocating UMIs for gene 100...
2024-07-23 15:55:02,058 - INFO - Allocating UMIs for gene 200...
2024-07-23 15:55:06,240 - INFO - Allocating UMIs for gene 300...
2024-07-23 15:55:10,362 - INFO - Allocating UMIs for gene 400...
2024-07-23 15:55:14,489 - INFO - Allocating UMIs for gene 500...
2024-07-23 15:55:18,584 - INFO - Allocating UMIs for gene 600...
2024-07-23 15:55:22,703 - INFO - Allocating UMIs for gene 700...
2024-07-23 15:55:26,752 - INFO - Allocating UMIs for gene 800...
2024-07-23 15:55:30,860 - INFO - Allocating UMIs for gene 900...
2024-07-23 15:55:34,871 - INFO - Allocating UMIs for gene 1000...
2024-07-23 15:55:38,903 - INFO - Allocating UMIs for gene 1100...
2024-07-23 15:55:42,939 - INFO - Allocating UMIs for gene 1200...
2024-07-23 15:55:47,039 - INFO - Allocating UMIs for gene 1300...
2024-07-23 15:55:51,045 - INFO - Allocating UMIs for gene 1400...
2024-07-23 15:55:55,115 - INFO - Allocating UMIs for gene 1500...
2024-07-23 15:55:59,090 - INFO - Allocating UMIs for gene 1600...
2024-07-23 15:56:03,259 - INFO - Allocating UMIs for gene 1700...
2024-07-23 15:56:07,355 - INFO - Allocating UMIs for gene 1800...
2024-07-23 15:56:11,471 - INFO - Allocating UMIs for gene 1900...
2024-07-23 15:56:15,527 - INFO - Allocating UMIs for gene 2000...
2024-07-23 15:56:19,660 - INFO - Allocating UMIs for gene 2100...
2024-07-23 15:56:23,715 - INFO - Allocating UMIs for gene 2200...
2024-07-23 15:56:27,767 - INFO - Allocating UMIs for gene 2300...
2024-07-23 15:56:31,862 - INFO - Allocating UMIs for gene 2400...
2024-07-23 15:56:35,941 - INFO - Allocating UMIs for gene 2500...
2024-07-23 15:56:39,963 - INFO - Allocating UMIs for gene 2600...
2024-07-23 15:56:44,075 - INFO - Allocating UMIs for gene 2700...
2024-07-23 15:56:48,207 - INFO - Allocating UMIs for gene 2800...
2024-07-23 15:56:52,262 - INFO - Allocating UMIs for gene 2900...
2024-07-23 15:56:56,281 - INFO - Allocating UMIs for gene 3000...
2024-07-23 15:57:00,376 - INFO - Allocating UMIs for gene 3100...
2024-07-23 15:57:04,451 - INFO - Allocating UMIs for gene 3200...
2024-07-23 15:57:08,556 - INFO - Allocating UMIs for gene 3300...
2024-07-23 15:57:12,575 - INFO - Allocating UMIs for gene 3400...
2024-07-23 15:57:16,631 - INFO - Allocating UMIs for gene 3500...
2024-07-23 15:57:20,724 - INFO - Allocating UMIs for gene 3600...
2024-07-23 15:57:24,864 - INFO - Allocating UMIs for gene 3700...
2024-07-23 15:57:29,000 - INFO - Allocating UMIs for gene 3800...
2024-07-23 15:57:33,138 - INFO - Allocating UMIs for gene 3900...
2024-07-23 15:57:37,192 - INFO - Allocating UMIs for gene 4000...
2024-07-23 15:57:41,187 - INFO - Allocating UMIs for gene 4100...
2024-07-23 15:57:45,179 - INFO - Allocating UMIs for gene 4200...
2024-07-23 15:57:49,146 - INFO - Allocating UMIs for gene 4300...
2024-07-23 15:57:53,282 - INFO - Allocating UMIs for gene 4400...
2024-07-23 15:57:57,340 - INFO - Allocating UMIs for gene 4500...
2024-07-23 15:58:01,374 - INFO - Allocating UMIs for gene 4600...
2024-07-23 15:58:05,367 - INFO - Allocating UMIs for gene 4700...
2024-07-23 15:58:09,505 - INFO - Allocating UMIs for gene 4800...
2024-07-23 15:58:13,564 - INFO - Allocating UMIs for gene 4900...
2024-07-23 15:58:17,694 - INFO - Allocating UMIs for gene 5000...
2024-07-23 15:58:21,791 - INFO - Allocating UMIs for gene 5100...
2024-07-23 15:58:25,931 - INFO - Allocating UMIs for gene 5200...
2024-07-23 15:58:30,027 - INFO - Allocating UMIs for gene 5300...
2024-07-23 15:58:34,081 - INFO - Allocating UMIs for gene 5400...
2024-07-23 15:58:38,077 - INFO - Allocating UMIs for gene 5500...
2024-07-23 15:58:42,095 - INFO - Allocating UMIs for gene 5600...
2024-07-23 15:58:46,187 - INFO - Allocating UMIs for gene 5700...
2024-07-23 15:58:50,240 - INFO - Allocating UMIs for gene 5800...
2024-07-23 15:58:54,333 - INFO - Allocating UMIs for gene 5900...
2024-07-23 15:58:58,426 - INFO - Allocating UMIs for gene 6000...
2024-07-23 15:59:02,532 - INFO - Allocating UMIs for gene 6100...
2024-07-23 15:59:06,739 - INFO - Allocating UMIs for gene 6200...
2024-07-23 15:59:10,843 - INFO - Allocating UMIs for gene 6300...
2024-07-23 15:59:14,981 - INFO - Allocating UMIs for gene 6400...
2024-07-23 15:59:19,112 - INFO - Allocating UMIs for gene 6500...
2024-07-23 15:59:23,250 - INFO - Allocating UMIs for gene 6600...
2024-07-23 15:59:27,314 - INFO - Allocating UMIs for gene 6700...
2024-07-23 15:59:31,384 - INFO - Allocating UMIs for gene 6800...
2024-07-23 15:59:35,427 - INFO - Allocating UMIs for gene 6900...
2024-07-23 15:59:39,484 - INFO - Allocating UMIs for gene 7000...
2024-07-23 15:59:43,560 - INFO - Allocating UMIs for gene 7100...
2024-07-23 15:59:47,701 - INFO - Allocating UMIs for gene 7200...
2024-07-23 15:59:51,846 - INFO - Allocating UMIs for gene 7300...
2024-07-23 15:59:55,949 - INFO - Allocating UMIs for gene 7400...
2024-07-23 16:00:00,059 - INFO - Allocating UMIs for gene 7500...
2024-07-23 16:00:04,187 - INFO - Allocating UMIs for gene 7600...
2024-07-23 16:00:08,327 - INFO - Allocating UMIs for gene 7700...
2024-07-23 16:00:12,476 - INFO - Allocating UMIs for gene 7800...
2024-07-23 16:00:16,533 - INFO - Allocating UMIs for gene 7900...
2024-07-23 16:00:20,633 - INFO - Allocating UMIs for gene 8000...
2024-07-23 16:00:24,733 - INFO - Allocating UMIs for gene 8100...
2024-07-23 16:00:28,828 - INFO - Allocating UMIs for gene 8200...
2024-07-23 16:00:32,936 - INFO - Allocating UMIs for gene 8300...
2024-07-23 16:00:36,967 - INFO - Allocating UMIs for gene 8400...
2024-07-23 16:00:40,944 - INFO - Allocating UMIs for gene 8500...
2024-07-23 16:00:45,087 - INFO - Allocating UMIs for gene 8600...
2024-07-23 16:00:49,018 - INFO - Allocating UMIs for gene 8700...
2024-07-23 16:00:53,075 - INFO - Allocating UMIs for gene 8800...
2024-07-23 16:00:57,212 - INFO - Allocating UMIs for gene 8900...
2024-07-23 16:01:01,186 - INFO - Allocating UMIs for gene 9000...
2024-07-23 16:01:05,258 - INFO - Allocating UMIs for gene 9100...
2024-07-23 16:01:09,313 - INFO - Allocating UMIs for gene 9200...
2024-07-23 16:01:13,471 - INFO - Allocating UMIs for gene 9300...
2024-07-23 16:01:17,611 - INFO - Allocating UMIs for gene 9400...
2024-07-23 16:01:21,748 - INFO - Allocating UMIs for gene 9500...
2024-07-23 16:01:25,900 - INFO - Allocating UMIs for gene 9600...
2024-07-23 16:01:29,913 - INFO - Allocating UMIs for gene 9700...
2024-07-23 16:01:34,019 - INFO - Allocating UMIs for gene 9800...
2024-07-23 16:01:38,057 - INFO - Allocating UMIs for gene 9900...
2024-07-23 16:01:42,118 - INFO - Allocating UMIs for gene 10000...
2024-07-23 16:01:46,140 - INFO - Allocating UMIs for gene 10100...
2024-07-23 16:01:50,235 - INFO - Allocating UMIs for gene 10200...
2024-07-23 16:01:54,339 - INFO - Allocating UMIs for gene 10300...
2024-07-23 16:01:58,229 - INFO - Allocating UMIs for gene 10400...
2024-07-23 16:02:02,265 - INFO - Allocating UMIs for gene 10500...
2024-07-23 16:02:06,336 - INFO - Allocating UMIs for gene 10600...
2024-07-23 16:02:10,431 - INFO - Allocating UMIs for gene 10700...
2024-07-23 16:02:14,575 - INFO - Allocating UMIs for gene 10800...
2024-07-23 16:02:18,677 - INFO - Allocating UMIs for gene 10900...
2024-07-23 16:02:22,744 - INFO - Allocating UMIs for gene 11000...
2024-07-23 16:02:26,804 - INFO - Allocating UMIs for gene 11100...
2024-07-23 16:02:30,951 - INFO - Allocating UMIs for gene 11200...
2024-07-23 16:02:35,002 - INFO - Allocating UMIs for gene 11300...
2024-07-23 16:02:39,073 - INFO - Allocating UMIs for gene 11400...
2024-07-23 16:02:43,233 - INFO - Allocating UMIs for gene 11500...
2024-07-23 16:02:47,287 - INFO - Allocating UMIs for gene 11600...
2024-07-23 16:02:51,337 - INFO - Allocating UMIs for gene 11700...
2024-07-23 16:02:55,393 - INFO - Allocating UMIs for gene 11800...
2024-07-23 16:02:59,410 - INFO - Allocating UMIs for gene 11900...
2024-07-23 16:03:03,509 - INFO - UMI allocation complete.
2024-07-23 16:03:03,509 - INFO - Counting overall UMI occurrences...
2024-07-23 16:03:03,523 - INFO - Counting inter-gene collisions...
2024-07-23 16:03:03,607 - INFO - Total UMIs generated: 262144
2024-07-23 16:03:03,607 - INFO - Total UMIs allocated: 71764
2024-07-23 16:03:03,607 - INFO - Number of unique UMIs assigned to genes: 62855
2024-07-23 16:03:03,607 - INFO - Inter-gene collisions: 8908
2024-07-23 16:03:03,607 - INFO - Inter-gene collision rate: 0.12413
2024-07-23 16:03:03,607 - INFO - Writing gene UMI counts to file...
2024-07-23 16:03:03,611 - INFO - Writing UMI inter-gene collisions to file...
2024-07-23 16:03:03,615 - INFO - Simulation complete.
