2024-07-23 15:38:27,715 - INFO - Simulation Script Version: 0.0.2
2024-07-23 15:38:27,715 - INFO - Simulation Parameters:
2024-07-23 15:38:27,716 - INFO - Length of UMI: 10
2024-07-23 15:38:27,716 - INFO - Number of genes: 12000
2024-07-23 15:38:27,716 - INFO - Parameters file: None
2024-07-23 15:38:27,716 - INFO - Mean (mu): 6.0
2024-07-23 15:38:27,716 - INFO - Dispersion (theta): 6.0
2024-07-23 15:38:27,716 - INFO - Use Poisson distribution: False
2024-07-23 15:38:27,716 - INFO - Gene UMI counts file: gene_12000_umi10_counts_rep6.txt
2024-07-23 15:38:27,716 - INFO - UMI collisions file: umi10_12000_collisions_rep6.txt
2024-07-23 15:38:27,716 - INFO - Seed: None
2024-07-23 15:38:27,716 - INFO - Log file: umi10_12000_rep6.log
2024-07-23 15:38:27,716 - INFO - No seed specified. Generated random seed: 2017998380
2024-07-23 15:38:27,716 - INFO - Generating all possible UMIs...
2024-07-23 15:38:27,973 - INFO - Total possible UMIs generated: 262144
2024-07-23 15:38:27,973 - INFO - Loading parameters...
2024-07-23 15:38:27,973 - INFO - Sampling read depths for each gene...
2024-07-23 15:38:28,389 - INFO - Read depths sampling complete.
2024-07-23 15:38:28,389 - INFO - Allocating UMIs based on sampled read depths...
2024-07-23 15:38:28,389 - INFO - Allocating UMIs for gene 0...
2024-07-23 15:38:32,663 - INFO - Allocating UMIs for gene 100...
2024-07-23 15:38:36,739 - INFO - Allocating UMIs for gene 200...
2024-07-23 15:38:40,857 - INFO - Allocating UMIs for gene 300...
2024-07-23 15:38:44,935 - INFO - Allocating UMIs for gene 400...
2024-07-23 15:38:48,963 - INFO - Allocating UMIs for gene 500...
2024-07-23 15:38:53,064 - INFO - Allocating UMIs for gene 600...
2024-07-23 15:38:57,139 - INFO - Allocating UMIs for gene 700...
2024-07-23 15:39:01,242 - INFO - Allocating UMIs for gene 800...
2024-07-23 15:39:05,328 - INFO - Allocating UMIs for gene 900...
2024-07-23 15:39:09,465 - INFO - Allocating UMIs for gene 1000...
2024-07-23 15:39:13,550 - INFO - Allocating UMIs for gene 1100...
2024-07-23 15:39:17,732 - INFO - Allocating UMIs for gene 1200...
2024-07-23 15:39:21,872 - INFO - Allocating UMIs for gene 1300...
2024-07-23 15:39:25,974 - INFO - Allocating UMIs for gene 1400...
2024-07-23 15:39:30,053 - INFO - Allocating UMIs for gene 1500...
2024-07-23 15:39:34,029 - INFO - Allocating UMIs for gene 1600...
2024-07-23 15:39:38,167 - INFO - Allocating UMIs for gene 1700...
2024-07-23 15:39:42,227 - INFO - Allocating UMIs for gene 1800...
2024-07-23 15:39:46,385 - INFO - Allocating UMIs for gene 1900...
2024-07-23 15:39:50,390 - INFO - Allocating UMIs for gene 2000...
2024-07-23 15:39:54,489 - INFO - Allocating UMIs for gene 2100...
2024-07-23 15:39:58,584 - INFO - Allocating UMIs for gene 2200...
2024-07-23 15:40:02,714 - INFO - Allocating UMIs for gene 2300...
2024-07-23 15:40:06,834 - INFO - Allocating UMIs for gene 2400...
2024-07-23 15:40:10,834 - INFO - Allocating UMIs for gene 2500...
2024-07-23 15:40:14,896 - INFO - Allocating UMIs for gene 2600...
2024-07-23 15:40:18,959 - INFO - Allocating UMIs for gene 2700...
2024-07-23 15:40:23,094 - INFO - Allocating UMIs for gene 2800...
2024-07-23 15:40:27,232 - INFO - Allocating UMIs for gene 2900...
2024-07-23 15:40:31,328 - INFO - Allocating UMIs for gene 3000...
2024-07-23 15:40:35,378 - INFO - Allocating UMIs for gene 3100...
2024-07-23 15:40:39,452 - INFO - Allocating UMIs for gene 3200...
2024-07-23 15:40:43,511 - INFO - Allocating UMIs for gene 3300...
2024-07-23 15:40:47,611 - INFO - Allocating UMIs for gene 3400...
2024-07-23 15:40:51,622 - INFO - Allocating UMIs for gene 3500...
2024-07-23 15:40:55,714 - INFO - Allocating UMIs for gene 3600...
2024-07-23 15:40:59,727 - INFO - Allocating UMIs for gene 3700...
2024-07-23 15:41:03,872 - INFO - Allocating UMIs for gene 3800...
2024-07-23 15:41:08,016 - INFO - Allocating UMIs for gene 3900...
2024-07-23 15:41:12,035 - INFO - Allocating UMIs for gene 4000...
2024-07-23 15:41:16,007 - INFO - Allocating UMIs for gene 4100...
2024-07-23 15:41:20,116 - INFO - Allocating UMIs for gene 4200...
2024-07-23 15:41:24,049 - INFO - Allocating UMIs for gene 4300...
2024-07-23 15:41:28,107 - INFO - Allocating UMIs for gene 4400...
2024-07-23 15:41:32,159 - INFO - Allocating UMIs for gene 4500...
2024-07-23 15:41:36,263 - INFO - Allocating UMIs for gene 4600...
2024-07-23 15:41:40,312 - INFO - Allocating UMIs for gene 4700...
2024-07-23 15:41:44,385 - INFO - Allocating UMIs for gene 4800...
2024-07-23 15:41:48,476 - INFO - Allocating UMIs for gene 4900...
2024-07-23 15:41:52,568 - INFO - Allocating UMIs for gene 5000...
2024-07-23 15:41:56,539 - INFO - Allocating UMIs for gene 5100...
2024-07-23 15:42:00,646 - INFO - Allocating UMIs for gene 5200...
2024-07-23 15:42:04,652 - INFO - Allocating UMIs for gene 5300...
2024-07-23 15:42:08,753 - INFO - Allocating UMIs for gene 5400...
2024-07-23 15:42:12,836 - INFO - Allocating UMIs for gene 5500...
2024-07-23 15:42:16,978 - INFO - Allocating UMIs for gene 5600...
2024-07-23 15:42:21,034 - INFO - Allocating UMIs for gene 5700...
2024-07-23 15:42:25,047 - INFO - Allocating UMIs for gene 5800...
2024-07-23 15:42:29,104 - INFO - Allocating UMIs for gene 5900...
2024-07-23 15:42:33,155 - INFO - Allocating UMIs for gene 6000...
2024-07-23 15:42:37,181 - INFO - Allocating UMIs for gene 6100...
2024-07-23 15:42:41,203 - INFO - Allocating UMIs for gene 6200...
2024-07-23 15:42:45,301 - INFO - Allocating UMIs for gene 6300...
2024-07-23 15:42:49,442 - INFO - Allocating UMIs for gene 6400...
2024-07-23 15:42:53,455 - INFO - Allocating UMIs for gene 6500...
2024-07-23 15:42:57,514 - INFO - Allocating UMIs for gene 6600...
2024-07-23 15:43:01,573 - INFO - Allocating UMIs for gene 6700...
2024-07-23 15:43:05,725 - INFO - Allocating UMIs for gene 6800...
2024-07-23 15:43:09,821 - INFO - Allocating UMIs for gene 6900...
2024-07-23 15:43:13,943 - INFO - Allocating UMIs for gene 7000...
2024-07-23 15:43:17,880 - INFO - Allocating UMIs for gene 7100...
2024-07-23 15:43:21,931 - INFO - Allocating UMIs for gene 7200...
2024-07-23 15:43:26,071 - INFO - Allocating UMIs for gene 7300...
2024-07-23 15:43:30,163 - INFO - Allocating UMIs for gene 7400...
2024-07-23 15:43:34,258 - INFO - Allocating UMIs for gene 7500...
2024-07-23 15:43:38,313 - INFO - Allocating UMIs for gene 7600...
2024-07-23 15:43:42,452 - INFO - Allocating UMIs for gene 7700...
2024-07-23 15:43:46,470 - INFO - Allocating UMIs for gene 7800...
2024-07-23 15:43:50,560 - INFO - Allocating UMIs for gene 7900...
2024-07-23 15:43:54,575 - INFO - Allocating UMIs for gene 8000...
2024-07-23 15:43:58,507 - INFO - Allocating UMIs for gene 8100...
2024-07-23 15:44:02,603 - INFO - Allocating UMIs for gene 8200...
2024-07-23 15:44:06,676 - INFO - Allocating UMIs for gene 8300...
2024-07-23 15:44:10,750 - INFO - Allocating UMIs for gene 8400...
2024-07-23 15:44:14,803 - INFO - Allocating UMIs for gene 8500...
2024-07-23 15:44:18,942 - INFO - Allocating UMIs for gene 8600...
2024-07-23 15:44:22,911 - INFO - Allocating UMIs for gene 8700...
2024-07-23 15:44:27,006 - INFO - Allocating UMIs for gene 8800...
2024-07-23 15:44:31,063 - INFO - Allocating UMIs for gene 8900...
2024-07-23 15:44:35,160 - INFO - Allocating UMIs for gene 9000...
2024-07-23 15:44:39,214 - INFO - Allocating UMIs for gene 9100...
2024-07-23 15:44:43,245 - INFO - Allocating UMIs for gene 9200...
2024-07-23 15:44:47,265 - INFO - Allocating UMIs for gene 9300...
2024-07-23 15:44:51,398 - INFO - Allocating UMIs for gene 9400...
2024-07-23 15:44:55,464 - INFO - Allocating UMIs for gene 9500...
2024-07-23 15:44:59,518 - INFO - Allocating UMIs for gene 9600...
2024-07-23 15:45:03,524 - INFO - Allocating UMIs for gene 9700...
2024-07-23 15:45:07,565 - INFO - Allocating UMIs for gene 9800...
2024-07-23 15:45:11,686 - INFO - Allocating UMIs for gene 9900...
2024-07-23 15:45:15,827 - INFO - Allocating UMIs for gene 10000...
2024-07-23 15:45:19,965 - INFO - Allocating UMIs for gene 10100...
2024-07-23 15:45:24,142 - INFO - Allocating UMIs for gene 10200...
2024-07-23 15:45:28,199 - INFO - Allocating UMIs for gene 10300...
2024-07-23 15:45:32,250 - INFO - Allocating UMIs for gene 10400...
2024-07-23 15:45:36,350 - INFO - Allocating UMIs for gene 10500...
2024-07-23 15:45:40,404 - INFO - Allocating UMIs for gene 10600...
2024-07-23 15:45:44,426 - INFO - Allocating UMIs for gene 10700...
2024-07-23 15:45:48,536 - INFO - Allocating UMIs for gene 10800...
2024-07-23 15:45:52,599 - INFO - Allocating UMIs for gene 10900...
2024-07-23 15:45:56,667 - INFO - Allocating UMIs for gene 11000...
2024-07-23 15:46:00,747 - INFO - Allocating UMIs for gene 11100...
2024-07-23 15:46:04,904 - INFO - Allocating UMIs for gene 11200...
2024-07-23 15:46:09,048 - INFO - Allocating UMIs for gene 11300...
2024-07-23 15:46:13,173 - INFO - Allocating UMIs for gene 11400...
2024-07-23 15:46:17,317 - INFO - Allocating UMIs for gene 11500...
2024-07-23 15:46:21,367 - INFO - Allocating UMIs for gene 11600...
2024-07-23 15:46:25,423 - INFO - Allocating UMIs for gene 11700...
2024-07-23 15:46:29,471 - INFO - Allocating UMIs for gene 11800...
2024-07-23 15:46:33,405 - INFO - Allocating UMIs for gene 11900...
2024-07-23 15:46:37,418 - INFO - UMI allocation complete.
2024-07-23 15:46:37,419 - INFO - Counting overall UMI occurrences...
2024-07-23 15:46:37,432 - INFO - Counting inter-gene collisions...
2024-07-23 15:46:37,517 - INFO - Total UMIs generated: 262144
2024-07-23 15:46:37,517 - INFO - Total UMIs allocated: 72268
2024-07-23 15:46:37,517 - INFO - Number of unique UMIs assigned to genes: 63013
2024-07-23 15:46:37,517 - INFO - Inter-gene collisions: 9255
2024-07-23 15:46:37,517 - INFO - Inter-gene collision rate: 0.12806
2024-07-23 15:46:37,517 - INFO - Writing gene UMI counts to file...
2024-07-23 15:46:37,521 - INFO - Writing UMI inter-gene collisions to file...
2024-07-23 15:46:37,525 - INFO - Simulation complete.
