2024-07-23 16:11:07,066 - INFO - Simulation Script Version: 0.0.2
2024-07-23 16:11:07,066 - INFO - Simulation Parameters:
2024-07-23 16:11:07,066 - INFO - Length of UMI: 10
2024-07-23 16:11:07,066 - INFO - Number of genes: 12000
2024-07-23 16:11:07,066 - INFO - Parameters file: None
2024-07-23 16:11:07,066 - INFO - Mean (mu): 6.0
2024-07-23 16:11:07,066 - INFO - Dispersion (theta): 6.0
2024-07-23 16:11:07,066 - INFO - Use Poisson distribution: False
2024-07-23 16:11:07,066 - INFO - Gene UMI counts file: gene_12000_umi10_counts_rep10.txt
2024-07-23 16:11:07,066 - INFO - UMI collisions file: umi10_12000_collisions_rep10.txt
2024-07-23 16:11:07,066 - INFO - Seed: None
2024-07-23 16:11:07,066 - INFO - Log file: umi10_12000_rep10.log
2024-07-23 16:11:07,066 - INFO - No seed specified. Generated random seed: 1498833080
2024-07-23 16:11:07,066 - INFO - Generating all possible UMIs...
2024-07-23 16:11:07,328 - INFO - Total possible UMIs generated: 262144
2024-07-23 16:11:07,328 - INFO - Loading parameters...
2024-07-23 16:11:07,328 - INFO - Sampling read depths for each gene...
2024-07-23 16:11:07,741 - INFO - Read depths sampling complete.
2024-07-23 16:11:07,741 - INFO - Allocating UMIs based on sampled read depths...
2024-07-23 16:11:07,741 - INFO - Allocating UMIs for gene 0...
2024-07-23 16:11:11,680 - INFO - Allocating UMIs for gene 100...
2024-07-23 16:11:15,667 - INFO - Allocating UMIs for gene 200...
2024-07-23 16:11:19,692 - INFO - Allocating UMIs for gene 300...
2024-07-23 16:11:23,677 - INFO - Allocating UMIs for gene 400...
2024-07-23 16:11:27,677 - INFO - Allocating UMIs for gene 500...
2024-07-23 16:11:31,657 - INFO - Allocating UMIs for gene 600...
2024-07-23 16:11:35,719 - INFO - Allocating UMIs for gene 700...
2024-07-23 16:11:39,764 - INFO - Allocating UMIs for gene 800...
2024-07-23 16:11:43,842 - INFO - Allocating UMIs for gene 900...
2024-07-23 16:11:47,808 - INFO - Allocating UMIs for gene 1000...
2024-07-23 16:11:51,816 - INFO - Allocating UMIs for gene 1100...
2024-07-23 16:11:55,759 - INFO - Allocating UMIs for gene 1200...
2024-07-23 16:11:59,769 - INFO - Allocating UMIs for gene 1300...
2024-07-23 16:12:03,719 - INFO - Allocating UMIs for gene 1400...
2024-07-23 16:12:07,726 - INFO - Allocating UMIs for gene 1500...
2024-07-23 16:12:11,713 - INFO - Allocating UMIs for gene 1600...
2024-07-23 16:12:15,724 - INFO - Allocating UMIs for gene 1700...
2024-07-23 16:12:19,770 - INFO - Allocating UMIs for gene 1800...
2024-07-23 16:12:23,774 - INFO - Allocating UMIs for gene 1900...
2024-07-23 16:12:27,834 - INFO - Allocating UMIs for gene 2000...
2024-07-23 16:12:31,796 - INFO - Allocating UMIs for gene 2100...
2024-07-23 16:12:35,762 - INFO - Allocating UMIs for gene 2200...
2024-07-23 16:12:39,646 - INFO - Allocating UMIs for gene 2300...
2024-07-23 16:12:43,656 - INFO - Allocating UMIs for gene 2400...
2024-07-23 16:12:47,701 - INFO - Allocating UMIs for gene 2500...
2024-07-23 16:12:51,645 - INFO - Allocating UMIs for gene 2600...
2024-07-23 16:12:55,573 - INFO - Allocating UMIs for gene 2700...
2024-07-23 16:12:59,576 - INFO - Allocating UMIs for gene 2800...
2024-07-23 16:13:03,461 - INFO - Allocating UMIs for gene 2900...
2024-07-23 16:13:07,462 - INFO - Allocating UMIs for gene 3000...
2024-07-23 16:13:11,514 - INFO - Allocating UMIs for gene 3100...
2024-07-23 16:13:15,476 - INFO - Allocating UMIs for gene 3200...
2024-07-23 16:13:19,517 - INFO - Allocating UMIs for gene 3300...
2024-07-23 16:13:23,498 - INFO - Allocating UMIs for gene 3400...
2024-07-23 16:13:27,458 - INFO - Allocating UMIs for gene 3500...
2024-07-23 16:13:31,460 - INFO - Allocating UMIs for gene 3600...
2024-07-23 16:13:35,423 - INFO - Allocating UMIs for gene 3700...
2024-07-23 16:13:39,427 - INFO - Allocating UMIs for gene 3800...
2024-07-23 16:13:43,474 - INFO - Allocating UMIs for gene 3900...
2024-07-23 16:13:47,481 - INFO - Allocating UMIs for gene 4000...
2024-07-23 16:13:51,401 - INFO - Allocating UMIs for gene 4100...
2024-07-23 16:13:55,448 - INFO - Allocating UMIs for gene 4200...
2024-07-23 16:13:59,410 - INFO - Allocating UMIs for gene 4300...
2024-07-23 16:14:03,334 - INFO - Allocating UMIs for gene 4400...
2024-07-23 16:14:07,257 - INFO - Allocating UMIs for gene 4500...
2024-07-23 16:14:11,183 - INFO - Allocating UMIs for gene 4600...
2024-07-23 16:14:15,227 - INFO - Allocating UMIs for gene 4700...
2024-07-23 16:14:19,151 - INFO - Allocating UMIs for gene 4800...
2024-07-23 16:14:23,195 - INFO - Allocating UMIs for gene 4900...
2024-07-23 16:14:27,118 - INFO - Allocating UMIs for gene 5000...
2024-07-23 16:14:31,164 - INFO - Allocating UMIs for gene 5100...
2024-07-23 16:14:35,167 - INFO - Allocating UMIs for gene 5200...
2024-07-23 16:14:39,131 - INFO - Allocating UMIs for gene 5300...
2024-07-23 16:14:43,191 - INFO - Allocating UMIs for gene 5400...
2024-07-23 16:14:47,117 - INFO - Allocating UMIs for gene 5500...
2024-07-23 16:14:51,035 - INFO - Allocating UMIs for gene 5600...
2024-07-23 16:14:55,060 - INFO - Allocating UMIs for gene 5700...
2024-07-23 16:14:59,067 - INFO - Allocating UMIs for gene 5800...
2024-07-23 16:15:03,082 - INFO - Allocating UMIs for gene 5900...
2024-07-23 16:15:07,093 - INFO - Allocating UMIs for gene 6000...
2024-07-23 16:15:11,064 - INFO - Allocating UMIs for gene 6100...
2024-07-23 16:15:15,065 - INFO - Allocating UMIs for gene 6200...
2024-07-23 16:15:19,106 - INFO - Allocating UMIs for gene 6300...
2024-07-23 16:15:23,144 - INFO - Allocating UMIs for gene 6400...
2024-07-23 16:15:27,187 - INFO - Allocating UMIs for gene 6500...
2024-07-23 16:15:31,147 - INFO - Allocating UMIs for gene 6600...
2024-07-23 16:15:35,158 - INFO - Allocating UMIs for gene 6700...
2024-07-23 16:15:39,167 - INFO - Allocating UMIs for gene 6800...
2024-07-23 16:15:43,173 - INFO - Allocating UMIs for gene 6900...
2024-07-23 16:15:47,057 - INFO - Allocating UMIs for gene 7000...
2024-07-23 16:15:51,061 - INFO - Allocating UMIs for gene 7100...
2024-07-23 16:15:55,083 - INFO - Allocating UMIs for gene 7200...
2024-07-23 16:15:59,003 - INFO - Allocating UMIs for gene 7300...
2024-07-23 16:16:02,953 - INFO - Allocating UMIs for gene 7400...
2024-07-23 16:16:06,955 - INFO - Allocating UMIs for gene 7500...
2024-07-23 16:16:11,008 - INFO - Allocating UMIs for gene 7600...
2024-07-23 16:16:14,938 - INFO - Allocating UMIs for gene 7700...
2024-07-23 16:16:18,863 - INFO - Allocating UMIs for gene 7800...
2024-07-23 16:16:22,790 - INFO - Allocating UMIs for gene 7900...
2024-07-23 16:16:26,759 - INFO - Allocating UMIs for gene 8000...
2024-07-23 16:16:30,729 - INFO - Allocating UMIs for gene 8100...
2024-07-23 16:16:34,743 - INFO - Allocating UMIs for gene 8200...
2024-07-23 16:16:38,747 - INFO - Allocating UMIs for gene 8300...
2024-07-23 16:16:42,678 - INFO - Allocating UMIs for gene 8400...
2024-07-23 16:16:46,685 - INFO - Allocating UMIs for gene 8500...
2024-07-23 16:16:50,649 - INFO - Allocating UMIs for gene 8600...
2024-07-23 16:16:54,673 - INFO - Allocating UMIs for gene 8700...
2024-07-23 16:16:58,720 - INFO - Allocating UMIs for gene 8800...
2024-07-23 16:17:02,687 - INFO - Allocating UMIs for gene 8900...
2024-07-23 16:17:06,696 - INFO - Allocating UMIs for gene 9000...
2024-07-23 16:17:10,701 - INFO - Allocating UMIs for gene 9100...
2024-07-23 16:17:14,672 - INFO - Allocating UMIs for gene 9200...
2024-07-23 16:17:18,515 - INFO - Allocating UMIs for gene 9300...
2024-07-23 16:17:22,442 - INFO - Allocating UMIs for gene 9400...
2024-07-23 16:17:26,495 - INFO - Allocating UMIs for gene 9500...
2024-07-23 16:17:30,542 - INFO - Allocating UMIs for gene 9600...
2024-07-23 16:17:34,549 - INFO - Allocating UMIs for gene 9700...
2024-07-23 16:17:38,558 - INFO - Allocating UMIs for gene 9800...
2024-07-23 16:17:42,579 - INFO - Allocating UMIs for gene 9900...
2024-07-23 16:17:46,465 - INFO - Allocating UMIs for gene 10000...
2024-07-23 16:17:50,468 - INFO - Allocating UMIs for gene 10100...
2024-07-23 16:17:54,450 - INFO - Allocating UMIs for gene 10200...
2024-07-23 16:17:58,374 - INFO - Allocating UMIs for gene 10300...
2024-07-23 16:18:02,362 - INFO - Allocating UMIs for gene 10400...
2024-07-23 16:18:06,416 - INFO - Allocating UMIs for gene 10500...
2024-07-23 16:18:10,381 - INFO - Allocating UMIs for gene 10600...
2024-07-23 16:18:14,308 - INFO - Allocating UMIs for gene 10700...
2024-07-23 16:18:18,316 - INFO - Allocating UMIs for gene 10800...
2024-07-23 16:18:22,245 - INFO - Allocating UMIs for gene 10900...
2024-07-23 16:18:26,298 - INFO - Allocating UMIs for gene 11000...
2024-07-23 16:18:30,188 - INFO - Allocating UMIs for gene 11100...
2024-07-23 16:18:34,233 - INFO - Allocating UMIs for gene 11200...
2024-07-23 16:18:38,281 - INFO - Allocating UMIs for gene 11300...
2024-07-23 16:18:42,255 - INFO - Allocating UMIs for gene 11400...
2024-07-23 16:18:46,264 - INFO - Allocating UMIs for gene 11500...
2024-07-23 16:18:50,230 - INFO - Allocating UMIs for gene 11600...
2024-07-23 16:18:54,301 - INFO - Allocating UMIs for gene 11700...
2024-07-23 16:18:58,347 - INFO - Allocating UMIs for gene 11800...
2024-07-23 16:19:02,395 - INFO - Allocating UMIs for gene 11900...
2024-07-23 16:19:06,356 - INFO - UMI allocation complete.
2024-07-23 16:19:06,356 - INFO - Counting overall UMI occurrences...
2024-07-23 16:19:06,369 - INFO - Counting inter-gene collisions...
2024-07-23 16:19:06,450 - INFO - Total UMIs generated: 262144
2024-07-23 16:19:06,450 - INFO - Total UMIs allocated: 72249
2024-07-23 16:19:06,450 - INFO - Number of unique UMIs assigned to genes: 63158
2024-07-23 16:19:06,450 - INFO - Inter-gene collisions: 9090
2024-07-23 16:19:06,450 - INFO - Inter-gene collision rate: 0.12581
2024-07-23 16:19:06,451 - INFO - Writing gene UMI counts to file...
2024-07-23 16:19:06,457 - INFO - Writing UMI inter-gene collisions to file...
2024-07-23 16:19:06,461 - INFO - Simulation complete.
