2024-07-23 15:46:38,447 - INFO - Simulation Script Version: 0.0.2
2024-07-23 15:46:38,447 - INFO - Simulation Parameters:
2024-07-23 15:46:38,448 - INFO - Length of UMI: 10
2024-07-23 15:46:38,448 - INFO - Number of genes: 12000
2024-07-23 15:46:38,448 - INFO - Parameters file: None
2024-07-23 15:46:38,448 - INFO - Mean (mu): 6.0
2024-07-23 15:46:38,448 - INFO - Dispersion (theta): 6.0
2024-07-23 15:46:38,448 - INFO - Use Poisson distribution: False
2024-07-23 15:46:38,448 - INFO - Gene UMI counts file: gene_12000_umi10_counts_rep7.txt
2024-07-23 15:46:38,448 - INFO - UMI collisions file: umi10_12000_collisions_rep7.txt
2024-07-23 15:46:38,448 - INFO - Seed: None
2024-07-23 15:46:38,448 - INFO - Log file: umi10_12000_rep7.log
2024-07-23 15:46:38,448 - INFO - No seed specified. Generated random seed: 627027763
2024-07-23 15:46:38,448 - INFO - Generating all possible UMIs...
2024-07-23 15:46:38,706 - INFO - Total possible UMIs generated: 262144
2024-07-23 15:46:38,706 - INFO - Loading parameters...
2024-07-23 15:46:38,706 - INFO - Sampling read depths for each gene...
2024-07-23 15:46:39,120 - INFO - Read depths sampling complete.
2024-07-23 15:46:39,120 - INFO - Allocating UMIs based on sampled read depths...
2024-07-23 15:46:39,120 - INFO - Allocating UMIs for gene 0...
2024-07-23 15:46:43,306 - INFO - Allocating UMIs for gene 100...
2024-07-23 15:46:47,418 - INFO - Allocating UMIs for gene 200...
2024-07-23 15:46:51,556 - INFO - Allocating UMIs for gene 300...
2024-07-23 15:46:55,618 - INFO - Allocating UMIs for gene 400...
2024-07-23 15:46:59,799 - INFO - Allocating UMIs for gene 500...
2024-07-23 15:47:03,894 - INFO - Allocating UMIs for gene 600...
2024-07-23 15:47:08,069 - INFO - Allocating UMIs for gene 700...
2024-07-23 15:47:12,145 - INFO - Allocating UMIs for gene 800...
2024-07-23 15:47:16,327 - INFO - Allocating UMIs for gene 900...
2024-07-23 15:47:20,437 - INFO - Allocating UMIs for gene 1000...
2024-07-23 15:47:24,536 - INFO - Allocating UMIs for gene 1100...
2024-07-23 15:47:28,654 - INFO - Allocating UMIs for gene 1200...
2024-07-23 15:47:32,744 - INFO - Allocating UMIs for gene 1300...
2024-07-23 15:47:36,833 - INFO - Allocating UMIs for gene 1400...
2024-07-23 15:47:40,923 - INFO - Allocating UMIs for gene 1500...
2024-07-23 15:47:45,100 - INFO - Allocating UMIs for gene 1600...
2024-07-23 15:47:49,236 - INFO - Allocating UMIs for gene 1700...
2024-07-23 15:47:53,232 - INFO - Allocating UMIs for gene 1800...
2024-07-23 15:47:57,329 - INFO - Allocating UMIs for gene 1900...
2024-07-23 15:48:01,339 - INFO - Allocating UMIs for gene 2000...
2024-07-23 15:48:05,469 - INFO - Allocating UMIs for gene 2100...
2024-07-23 15:48:09,553 - INFO - Allocating UMIs for gene 2200...
2024-07-23 15:48:13,644 - INFO - Allocating UMIs for gene 2300...
2024-07-23 15:48:17,768 - INFO - Allocating UMIs for gene 2400...
2024-07-23 15:48:21,910 - INFO - Allocating UMIs for gene 2500...
2024-07-23 15:48:26,041 - INFO - Allocating UMIs for gene 2600...
2024-07-23 15:48:30,167 - INFO - Allocating UMIs for gene 2700...
2024-07-23 15:48:34,300 - INFO - Allocating UMIs for gene 2800...
2024-07-23 15:48:38,418 - INFO - Allocating UMIs for gene 2900...
2024-07-23 15:48:42,472 - INFO - Allocating UMIs for gene 3000...
2024-07-23 15:48:46,556 - INFO - Allocating UMIs for gene 3100...
2024-07-23 15:48:50,607 - INFO - Allocating UMIs for gene 3200...
2024-07-23 15:48:54,767 - INFO - Allocating UMIs for gene 3300...
2024-07-23 15:48:58,857 - INFO - Allocating UMIs for gene 3400...
2024-07-23 15:49:03,018 - INFO - Allocating UMIs for gene 3500...
2024-07-23 15:49:07,101 - INFO - Allocating UMIs for gene 3600...
2024-07-23 15:49:11,187 - INFO - Allocating UMIs for gene 3700...
2024-07-23 15:49:15,324 - INFO - Allocating UMIs for gene 3800...
2024-07-23 15:49:19,444 - INFO - Allocating UMIs for gene 3900...
2024-07-23 15:49:23,496 - INFO - Allocating UMIs for gene 4000...
2024-07-23 15:49:27,613 - INFO - Allocating UMIs for gene 4100...
2024-07-23 15:49:31,756 - INFO - Allocating UMIs for gene 4200...
2024-07-23 15:49:35,798 - INFO - Allocating UMIs for gene 4300...
2024-07-23 15:49:39,885 - INFO - Allocating UMIs for gene 4400...
2024-07-23 15:49:44,015 - INFO - Allocating UMIs for gene 4500...
2024-07-23 15:49:48,068 - INFO - Allocating UMIs for gene 4600...
2024-07-23 15:49:52,227 - INFO - Allocating UMIs for gene 4700...
2024-07-23 15:49:56,274 - INFO - Allocating UMIs for gene 4800...
2024-07-23 15:50:00,371 - INFO - Allocating UMIs for gene 4900...
2024-07-23 15:50:04,345 - INFO - Allocating UMIs for gene 5000...
2024-07-23 15:50:08,429 - INFO - Allocating UMIs for gene 5100...
2024-07-23 15:50:12,593 - INFO - Allocating UMIs for gene 5200...
2024-07-23 15:50:16,687 - INFO - Allocating UMIs for gene 5300...
2024-07-23 15:50:20,788 - INFO - Allocating UMIs for gene 5400...
2024-07-23 15:50:24,952 - INFO - Allocating UMIs for gene 5500...
2024-07-23 15:50:29,044 - INFO - Allocating UMIs for gene 5600...
2024-07-23 15:50:33,118 - INFO - Allocating UMIs for gene 5700...
2024-07-23 15:50:37,204 - INFO - Allocating UMIs for gene 5800...
2024-07-23 15:50:41,346 - INFO - Allocating UMIs for gene 5900...
2024-07-23 15:50:45,472 - INFO - Allocating UMIs for gene 6000...
2024-07-23 15:50:49,514 - INFO - Allocating UMIs for gene 6100...
2024-07-23 15:50:53,629 - INFO - Allocating UMIs for gene 6200...
2024-07-23 15:50:57,804 - INFO - Allocating UMIs for gene 6300...
2024-07-23 15:51:01,964 - INFO - Allocating UMIs for gene 6400...
2024-07-23 15:51:06,128 - INFO - Allocating UMIs for gene 6500...
2024-07-23 15:51:10,300 - INFO - Allocating UMIs for gene 6600...
2024-07-23 15:51:14,395 - INFO - Allocating UMIs for gene 6700...
2024-07-23 15:51:18,518 - INFO - Allocating UMIs for gene 6800...
2024-07-23 15:51:22,542 - INFO - Allocating UMIs for gene 6900...
2024-07-23 15:51:26,674 - INFO - Allocating UMIs for gene 7000...
2024-07-23 15:51:30,789 - INFO - Allocating UMIs for gene 7100...
2024-07-23 15:51:34,876 - INFO - Allocating UMIs for gene 7200...
2024-07-23 15:51:39,046 - INFO - Allocating UMIs for gene 7300...
2024-07-23 15:51:43,127 - INFO - Allocating UMIs for gene 7400...
2024-07-23 15:51:47,176 - INFO - Allocating UMIs for gene 7500...
2024-07-23 15:51:51,294 - INFO - Allocating UMIs for gene 7600...
2024-07-23 15:51:55,382 - INFO - Allocating UMIs for gene 7700...
2024-07-23 15:51:59,507 - INFO - Allocating UMIs for gene 7800...
2024-07-23 15:52:03,661 - INFO - Allocating UMIs for gene 7900...
2024-07-23 15:52:07,711 - INFO - Allocating UMIs for gene 8000...
2024-07-23 15:52:11,778 - INFO - Allocating UMIs for gene 8100...
2024-07-23 15:52:15,965 - INFO - Allocating UMIs for gene 8200...
2024-07-23 15:52:20,007 - INFO - Allocating UMIs for gene 8300...
2024-07-23 15:52:24,118 - INFO - Allocating UMIs for gene 8400...
2024-07-23 15:52:28,244 - INFO - Allocating UMIs for gene 8500...
2024-07-23 15:52:32,283 - INFO - Allocating UMIs for gene 8600...
2024-07-23 15:52:36,361 - INFO - Allocating UMIs for gene 8700...
2024-07-23 15:52:40,496 - INFO - Allocating UMIs for gene 8800...
2024-07-23 15:52:44,624 - INFO - Allocating UMIs for gene 8900...
2024-07-23 15:52:48,663 - INFO - Allocating UMIs for gene 9000...
2024-07-23 15:52:52,834 - INFO - Allocating UMIs for gene 9100...
2024-07-23 15:52:56,904 - INFO - Allocating UMIs for gene 9200...
2024-07-23 15:53:01,036 - INFO - Allocating UMIs for gene 9300...
2024-07-23 15:53:05,122 - INFO - Allocating UMIs for gene 9400...
2024-07-23 15:53:09,296 - INFO - Allocating UMIs for gene 9500...
2024-07-23 15:53:13,344 - INFO - Allocating UMIs for gene 9600...
2024-07-23 15:53:17,474 - INFO - Allocating UMIs for gene 9700...
2024-07-23 15:53:21,653 - INFO - Allocating UMIs for gene 9800...
2024-07-23 15:53:25,820 - INFO - Allocating UMIs for gene 9900...
2024-07-23 15:53:29,941 - INFO - Allocating UMIs for gene 10000...
2024-07-23 15:53:33,989 - INFO - Allocating UMIs for gene 10100...
2024-07-23 15:53:38,155 - INFO - Allocating UMIs for gene 10200...
2024-07-23 15:53:42,256 - INFO - Allocating UMIs for gene 10300...
2024-07-23 15:53:46,342 - INFO - Allocating UMIs for gene 10400...
2024-07-23 15:53:50,384 - INFO - Allocating UMIs for gene 10500...
2024-07-23 15:53:54,514 - INFO - Allocating UMIs for gene 10600...
2024-07-23 15:53:58,628 - INFO - Allocating UMIs for gene 10700...
2024-07-23 15:54:02,729 - INFO - Allocating UMIs for gene 10800...
2024-07-23 15:54:06,866 - INFO - Allocating UMIs for gene 10900...
2024-07-23 15:54:10,963 - INFO - Allocating UMIs for gene 11000...
2024-07-23 15:54:15,018 - INFO - Allocating UMIs for gene 11100...
2024-07-23 15:54:19,092 - INFO - Allocating UMIs for gene 11200...
2024-07-23 15:54:23,283 - INFO - Allocating UMIs for gene 11300...
2024-07-23 15:54:27,415 - INFO - Allocating UMIs for gene 11400...
2024-07-23 15:54:31,491 - INFO - Allocating UMIs for gene 11500...
2024-07-23 15:54:35,620 - INFO - Allocating UMIs for gene 11600...
2024-07-23 15:54:39,783 - INFO - Allocating UMIs for gene 11700...
2024-07-23 15:54:43,831 - INFO - Allocating UMIs for gene 11800...
2024-07-23 15:54:47,958 - INFO - Allocating UMIs for gene 11900...
2024-07-23 15:54:52,115 - INFO - UMI allocation complete.
2024-07-23 15:54:52,115 - INFO - Counting overall UMI occurrences...
2024-07-23 15:54:52,129 - INFO - Counting inter-gene collisions...
2024-07-23 15:54:52,215 - INFO - Total UMIs generated: 262144
2024-07-23 15:54:52,215 - INFO - Total UMIs allocated: 71873
2024-07-23 15:54:52,215 - INFO - Number of unique UMIs assigned to genes: 62937
2024-07-23 15:54:52,215 - INFO - Inter-gene collisions: 8936
2024-07-23 15:54:52,215 - INFO - Inter-gene collision rate: 0.12433
2024-07-23 15:54:52,215 - INFO - Writing gene UMI counts to file...
2024-07-23 15:54:52,219 - INFO - Writing UMI inter-gene collisions to file...
2024-07-23 15:54:52,269 - INFO - Simulation complete.
