2024-07-23 15:13:51,014 - INFO - Simulation Script Version: 0.0.2
2024-07-23 15:13:51,014 - INFO - Simulation Parameters:
2024-07-23 15:13:51,014 - INFO - Length of UMI: 10
2024-07-23 15:13:51,014 - INFO - Number of genes: 12000
2024-07-23 15:13:51,014 - INFO - Parameters file: None
2024-07-23 15:13:51,014 - INFO - Mean (mu): 6.0
2024-07-23 15:13:51,014 - INFO - Dispersion (theta): 6.0
2024-07-23 15:13:51,014 - INFO - Use Poisson distribution: False
2024-07-23 15:13:51,014 - INFO - Gene UMI counts file: gene_12000_umi10_counts_rep3.txt
2024-07-23 15:13:51,014 - INFO - UMI collisions file: umi10_12000_collisions_rep3.txt
2024-07-23 15:13:51,014 - INFO - Seed: None
2024-07-23 15:13:51,014 - INFO - Log file: umi10_12000_rep3.log
2024-07-23 15:13:51,014 - INFO - No seed specified. Generated random seed: 706668701
2024-07-23 15:13:51,014 - INFO - Generating all possible UMIs...
2024-07-23 15:13:51,273 - INFO - Total possible UMIs generated: 262144
2024-07-23 15:13:51,273 - INFO - Loading parameters...
2024-07-23 15:13:51,273 - INFO - Sampling read depths for each gene...
2024-07-23 15:13:51,690 - INFO - Read depths sampling complete.
2024-07-23 15:13:51,690 - INFO - Allocating UMIs based on sampled read depths...
2024-07-23 15:13:51,690 - INFO - Allocating UMIs for gene 0...
2024-07-23 15:13:55,846 - INFO - Allocating UMIs for gene 100...
2024-07-23 15:14:00,012 - INFO - Allocating UMIs for gene 200...
2024-07-23 15:14:04,126 - INFO - Allocating UMIs for gene 300...
2024-07-23 15:14:08,256 - INFO - Allocating UMIs for gene 400...
2024-07-23 15:14:12,374 - INFO - Allocating UMIs for gene 500...
2024-07-23 15:14:16,512 - INFO - Allocating UMIs for gene 600...
2024-07-23 15:14:20,640 - INFO - Allocating UMIs for gene 700...
2024-07-23 15:14:24,751 - INFO - Allocating UMIs for gene 800...
2024-07-23 15:14:28,907 - INFO - Allocating UMIs for gene 900...
2024-07-23 15:14:32,981 - INFO - Allocating UMIs for gene 1000...
2024-07-23 15:14:37,107 - INFO - Allocating UMIs for gene 1100...
2024-07-23 15:14:41,269 - INFO - Allocating UMIs for gene 1200...
2024-07-23 15:14:45,425 - INFO - Allocating UMIs for gene 1300...
2024-07-23 15:14:49,560 - INFO - Allocating UMIs for gene 1400...
2024-07-23 15:14:53,592 - INFO - Allocating UMIs for gene 1500...
2024-07-23 15:14:57,558 - INFO - Allocating UMIs for gene 1600...
2024-07-23 15:15:01,566 - INFO - Allocating UMIs for gene 1700...
2024-07-23 15:15:05,724 - INFO - Allocating UMIs for gene 1800...
2024-07-23 15:15:09,850 - INFO - Allocating UMIs for gene 1900...
2024-07-23 15:15:13,952 - INFO - Allocating UMIs for gene 2000...
2024-07-23 15:15:18,052 - INFO - Allocating UMIs for gene 2100...
2024-07-23 15:15:21,958 - INFO - Allocating UMIs for gene 2200...
2024-07-23 15:15:25,939 - INFO - Allocating UMIs for gene 2300...
2024-07-23 15:15:29,996 - INFO - Allocating UMIs for gene 2400...
2024-07-23 15:15:33,952 - INFO - Allocating UMIs for gene 2500...
2024-07-23 15:15:38,070 - INFO - Allocating UMIs for gene 2600...
2024-07-23 15:15:42,131 - INFO - Allocating UMIs for gene 2700...
2024-07-23 15:15:46,268 - INFO - Allocating UMIs for gene 2800...
2024-07-23 15:15:50,407 - INFO - Allocating UMIs for gene 2900...
2024-07-23 15:15:54,503 - INFO - Allocating UMIs for gene 3000...
2024-07-23 15:15:58,639 - INFO - Allocating UMIs for gene 3100...
2024-07-23 15:16:02,735 - INFO - Allocating UMIs for gene 3200...
2024-07-23 15:16:06,857 - INFO - Allocating UMIs for gene 3300...
2024-07-23 15:16:11,000 - INFO - Allocating UMIs for gene 3400...
2024-07-23 15:16:15,058 - INFO - Allocating UMIs for gene 3500...
2024-07-23 15:16:19,073 - INFO - Allocating UMIs for gene 3600...
2024-07-23 15:16:23,187 - INFO - Allocating UMIs for gene 3700...
2024-07-23 15:16:27,341 - INFO - Allocating UMIs for gene 3800...
2024-07-23 15:16:31,434 - INFO - Allocating UMIs for gene 3900...
2024-07-23 15:16:35,495 - INFO - Allocating UMIs for gene 4000...
2024-07-23 15:16:39,600 - INFO - Allocating UMIs for gene 4100...
2024-07-23 15:16:43,695 - INFO - Allocating UMIs for gene 4200...
2024-07-23 15:16:47,713 - INFO - Allocating UMIs for gene 4300...
2024-07-23 15:16:51,770 - INFO - Allocating UMIs for gene 4400...
2024-07-23 15:16:55,802 - INFO - Allocating UMIs for gene 4500...
2024-07-23 15:16:59,818 - INFO - Allocating UMIs for gene 4600...
2024-07-23 15:17:03,917 - INFO - Allocating UMIs for gene 4700...
2024-07-23 15:17:07,930 - INFO - Allocating UMIs for gene 4800...
2024-07-23 15:17:12,025 - INFO - Allocating UMIs for gene 4900...
2024-07-23 15:17:16,036 - INFO - Allocating UMIs for gene 5000...
2024-07-23 15:17:20,088 - INFO - Allocating UMIs for gene 5100...
2024-07-23 15:17:24,141 - INFO - Allocating UMIs for gene 5200...
2024-07-23 15:17:28,193 - INFO - Allocating UMIs for gene 5300...
2024-07-23 15:17:32,180 - INFO - Allocating UMIs for gene 5400...
2024-07-23 15:17:36,350 - INFO - Allocating UMIs for gene 5500...
2024-07-23 15:17:40,460 - INFO - Allocating UMIs for gene 5600...
2024-07-23 15:17:44,563 - INFO - Allocating UMIs for gene 5700...
2024-07-23 15:17:48,663 - INFO - Allocating UMIs for gene 5800...
2024-07-23 15:17:52,810 - INFO - Allocating UMIs for gene 5900...
2024-07-23 15:17:56,994 - INFO - Allocating UMIs for gene 6000...
2024-07-23 15:18:01,027 - INFO - Allocating UMIs for gene 6100...
2024-07-23 15:18:05,143 - INFO - Allocating UMIs for gene 6200...
2024-07-23 15:18:09,198 - INFO - Allocating UMIs for gene 6300...
2024-07-23 15:18:13,273 - INFO - Allocating UMIs for gene 6400...
2024-07-23 15:18:17,332 - INFO - Allocating UMIs for gene 6500...
2024-07-23 15:18:21,429 - INFO - Allocating UMIs for gene 6600...
2024-07-23 15:18:25,490 - INFO - Allocating UMIs for gene 6700...
2024-07-23 15:18:29,437 - INFO - Allocating UMIs for gene 6800...
2024-07-23 15:18:33,581 - INFO - Allocating UMIs for gene 6900...
2024-07-23 15:18:37,655 - INFO - Allocating UMIs for gene 7000...
2024-07-23 15:18:41,721 - INFO - Allocating UMIs for gene 7100...
2024-07-23 15:18:45,781 - INFO - Allocating UMIs for gene 7200...
2024-07-23 15:18:49,799 - INFO - Allocating UMIs for gene 7300...
2024-07-23 15:18:53,859 - INFO - Allocating UMIs for gene 7400...
2024-07-23 15:18:58,004 - INFO - Allocating UMIs for gene 7500...
2024-07-23 15:19:02,065 - INFO - Allocating UMIs for gene 7600...
2024-07-23 15:19:06,214 - INFO - Allocating UMIs for gene 7700...
2024-07-23 15:19:10,193 - INFO - Allocating UMIs for gene 7800...
2024-07-23 15:19:14,275 - INFO - Allocating UMIs for gene 7900...
2024-07-23 15:19:18,427 - INFO - Allocating UMIs for gene 8000...
2024-07-23 15:19:22,535 - INFO - Allocating UMIs for gene 8100...
2024-07-23 15:19:26,616 - INFO - Allocating UMIs for gene 8200...
2024-07-23 15:19:30,718 - INFO - Allocating UMIs for gene 8300...
2024-07-23 15:19:34,754 - INFO - Allocating UMIs for gene 8400...
2024-07-23 15:19:38,873 - INFO - Allocating UMIs for gene 8500...
2024-07-23 15:19:43,024 - INFO - Allocating UMIs for gene 8600...
2024-07-23 15:19:47,085 - INFO - Allocating UMIs for gene 8700...
2024-07-23 15:19:51,149 - INFO - Allocating UMIs for gene 8800...
2024-07-23 15:19:55,312 - INFO - Allocating UMIs for gene 8900...
2024-07-23 15:19:59,421 - INFO - Allocating UMIs for gene 9000...
2024-07-23 15:20:03,514 - INFO - Allocating UMIs for gene 9100...
2024-07-23 15:20:07,553 - INFO - Allocating UMIs for gene 9200...
2024-07-23 15:20:11,582 - INFO - Allocating UMIs for gene 9300...
2024-07-23 15:20:15,560 - INFO - Allocating UMIs for gene 9400...
2024-07-23 15:20:19,722 - INFO - Allocating UMIs for gene 9500...
2024-07-23 15:20:23,829 - INFO - Allocating UMIs for gene 9600...
2024-07-23 15:20:27,884 - INFO - Allocating UMIs for gene 9700...
2024-07-23 15:20:31,993 - INFO - Allocating UMIs for gene 9800...
2024-07-23 15:20:36,119 - INFO - Allocating UMIs for gene 9900...
2024-07-23 15:20:40,212 - INFO - Allocating UMIs for gene 10000...
2024-07-23 15:20:44,332 - INFO - Allocating UMIs for gene 10100...
2024-07-23 15:20:48,434 - INFO - Allocating UMIs for gene 10200...
2024-07-23 15:20:52,450 - INFO - Allocating UMIs for gene 10300...
2024-07-23 15:20:56,508 - INFO - Allocating UMIs for gene 10400...
2024-07-23 15:21:00,536 - INFO - Allocating UMIs for gene 10500...
2024-07-23 15:21:04,613 - INFO - Allocating UMIs for gene 10600...
2024-07-23 15:21:08,684 - INFO - Allocating UMIs for gene 10700...
2024-07-23 15:21:12,789 - INFO - Allocating UMIs for gene 10800...
2024-07-23 15:21:16,890 - INFO - Allocating UMIs for gene 10900...
2024-07-23 15:21:20,961 - INFO - Allocating UMIs for gene 11000...
2024-07-23 15:21:25,079 - INFO - Allocating UMIs for gene 11100...
2024-07-23 15:21:29,178 - INFO - Allocating UMIs for gene 11200...
2024-07-23 15:21:33,314 - INFO - Allocating UMIs for gene 11300...
2024-07-23 15:21:37,436 - INFO - Allocating UMIs for gene 11400...
2024-07-23 15:21:41,379 - INFO - Allocating UMIs for gene 11500...
2024-07-23 15:21:45,440 - INFO - Allocating UMIs for gene 11600...
2024-07-23 15:21:49,455 - INFO - Allocating UMIs for gene 11700...
2024-07-23 15:21:53,594 - INFO - Allocating UMIs for gene 11800...
2024-07-23 15:21:57,646 - INFO - Allocating UMIs for gene 11900...
2024-07-23 15:22:01,724 - INFO - UMI allocation complete.
2024-07-23 15:22:01,724 - INFO - Counting overall UMI occurrences...
2024-07-23 15:22:01,738 - INFO - Counting inter-gene collisions...
2024-07-23 15:22:01,826 - INFO - Total UMIs generated: 262144
2024-07-23 15:22:01,826 - INFO - Total UMIs allocated: 72327
2024-07-23 15:22:01,826 - INFO - Number of unique UMIs assigned to genes: 63039
2024-07-23 15:22:01,826 - INFO - Inter-gene collisions: 9286
2024-07-23 15:22:01,826 - INFO - Inter-gene collision rate: 0.12839
2024-07-23 15:22:01,826 - INFO - Writing gene UMI counts to file...
2024-07-23 15:22:01,829 - INFO - Writing UMI inter-gene collisions to file...
2024-07-23 15:22:01,833 - INFO - Simulation complete.
