2024-07-23 15:05:48,008 - INFO - Simulation Script Version: 0.0.2
2024-07-23 15:05:48,008 - INFO - Simulation Parameters:
2024-07-23 15:05:48,008 - INFO - Length of UMI: 10
2024-07-23 15:05:48,008 - INFO - Number of genes: 12000
2024-07-23 15:05:48,008 - INFO - Parameters file: None
2024-07-23 15:05:48,008 - INFO - Mean (mu): 6.0
2024-07-23 15:05:48,008 - INFO - Dispersion (theta): 6.0
2024-07-23 15:05:48,009 - INFO - Use Poisson distribution: False
2024-07-23 15:05:48,009 - INFO - Gene UMI counts file: gene_12000_umi10_counts_rep2.txt
2024-07-23 15:05:48,009 - INFO - UMI collisions file: umi10_12000_collisions_rep2.txt
2024-07-23 15:05:48,009 - INFO - Seed: None
2024-07-23 15:05:48,009 - INFO - Log file: umi10_12000_rep2.log
2024-07-23 15:05:48,009 - INFO - No seed specified. Generated random seed: 2007565699
2024-07-23 15:05:48,009 - INFO - Generating all possible UMIs...
2024-07-23 15:05:48,268 - INFO - Total possible UMIs generated: 262144
2024-07-23 15:05:48,268 - INFO - Loading parameters...
2024-07-23 15:05:48,268 - INFO - Sampling read depths for each gene...
2024-07-23 15:05:48,682 - INFO - Read depths sampling complete.
2024-07-23 15:05:48,682 - INFO - Allocating UMIs based on sampled read depths...
2024-07-23 15:05:48,682 - INFO - Allocating UMIs for gene 0...
2024-07-23 15:05:52,760 - INFO - Allocating UMIs for gene 100...
2024-07-23 15:05:56,801 - INFO - Allocating UMIs for gene 200...
2024-07-23 15:06:00,785 - INFO - Allocating UMIs for gene 300...
2024-07-23 15:06:04,842 - INFO - Allocating UMIs for gene 400...
2024-07-23 15:06:08,782 - INFO - Allocating UMIs for gene 500...
2024-07-23 15:06:12,826 - INFO - Allocating UMIs for gene 600...
2024-07-23 15:06:16,786 - INFO - Allocating UMIs for gene 700...
2024-07-23 15:06:20,657 - INFO - Allocating UMIs for gene 800...
2024-07-23 15:06:24,699 - INFO - Allocating UMIs for gene 900...
2024-07-23 15:06:28,679 - INFO - Allocating UMIs for gene 1000...
2024-07-23 15:06:32,702 - INFO - Allocating UMIs for gene 1100...
2024-07-23 15:06:36,672 - INFO - Allocating UMIs for gene 1200...
2024-07-23 15:06:40,714 - INFO - Allocating UMIs for gene 1300...
2024-07-23 15:06:44,657 - INFO - Allocating UMIs for gene 1400...
2024-07-23 15:06:48,657 - INFO - Allocating UMIs for gene 1500...
2024-07-23 15:06:52,644 - INFO - Allocating UMIs for gene 1600...
2024-07-23 15:06:56,545 - INFO - Allocating UMIs for gene 1700...
2024-07-23 15:07:00,447 - INFO - Allocating UMIs for gene 1800...
2024-07-23 15:07:04,467 - INFO - Allocating UMIs for gene 1900...
2024-07-23 15:07:08,466 - INFO - Allocating UMIs for gene 2000...
2024-07-23 15:07:12,417 - INFO - Allocating UMIs for gene 2100...
2024-07-23 15:07:16,401 - INFO - Allocating UMIs for gene 2200...
2024-07-23 15:07:20,304 - INFO - Allocating UMIs for gene 2300...
2024-07-23 15:07:24,284 - INFO - Allocating UMIs for gene 2400...
2024-07-23 15:07:28,265 - INFO - Allocating UMIs for gene 2500...
2024-07-23 15:07:32,227 - INFO - Allocating UMIs for gene 2600...
2024-07-23 15:07:36,094 - INFO - Allocating UMIs for gene 2700...
2024-07-23 15:07:40,080 - INFO - Allocating UMIs for gene 2800...
2024-07-23 15:07:43,983 - INFO - Allocating UMIs for gene 2900...
2024-07-23 15:07:47,926 - INFO - Allocating UMIs for gene 3000...
2024-07-23 15:07:51,911 - INFO - Allocating UMIs for gene 3100...
2024-07-23 15:07:55,891 - INFO - Allocating UMIs for gene 3200...
2024-07-23 15:07:59,788 - INFO - Allocating UMIs for gene 3300...
2024-07-23 15:08:03,818 - INFO - Allocating UMIs for gene 3400...
2024-07-23 15:08:07,759 - INFO - Allocating UMIs for gene 3500...
2024-07-23 15:08:11,666 - INFO - Allocating UMIs for gene 3600...
2024-07-23 15:08:15,689 - INFO - Allocating UMIs for gene 3700...
2024-07-23 15:08:19,629 - INFO - Allocating UMIs for gene 3800...
2024-07-23 15:08:23,571 - INFO - Allocating UMIs for gene 3900...
2024-07-23 15:08:27,520 - INFO - Allocating UMIs for gene 4000...
2024-07-23 15:08:31,542 - INFO - Allocating UMIs for gene 4100...
2024-07-23 15:08:35,524 - INFO - Allocating UMIs for gene 4200...
2024-07-23 15:08:39,463 - INFO - Allocating UMIs for gene 4300...
2024-07-23 15:08:43,430 - INFO - Allocating UMIs for gene 4400...
2024-07-23 15:08:47,452 - INFO - Allocating UMIs for gene 4500...
2024-07-23 15:08:51,430 - INFO - Allocating UMIs for gene 4600...
2024-07-23 15:08:55,447 - INFO - Allocating UMIs for gene 4700...
2024-07-23 15:08:59,420 - INFO - Allocating UMIs for gene 4800...
2024-07-23 15:09:03,329 - INFO - Allocating UMIs for gene 4900...
2024-07-23 15:09:07,377 - INFO - Allocating UMIs for gene 5000...
2024-07-23 15:09:11,360 - INFO - Allocating UMIs for gene 5100...
2024-07-23 15:09:15,338 - INFO - Allocating UMIs for gene 5200...
2024-07-23 15:09:19,365 - INFO - Allocating UMIs for gene 5300...
2024-07-23 15:09:23,349 - INFO - Allocating UMIs for gene 5400...
2024-07-23 15:09:27,327 - INFO - Allocating UMIs for gene 5500...
2024-07-23 15:09:31,281 - INFO - Allocating UMIs for gene 5600...
2024-07-23 15:09:35,260 - INFO - Allocating UMIs for gene 5700...
2024-07-23 15:09:39,239 - INFO - Allocating UMIs for gene 5800...
2024-07-23 15:09:43,226 - INFO - Allocating UMIs for gene 5900...
2024-07-23 15:09:47,084 - INFO - Allocating UMIs for gene 6000...
2024-07-23 15:09:50,986 - INFO - Allocating UMIs for gene 6100...
2024-07-23 15:09:54,960 - INFO - Allocating UMIs for gene 6200...
2024-07-23 15:09:58,955 - INFO - Allocating UMIs for gene 6300...
2024-07-23 15:10:03,011 - INFO - Allocating UMIs for gene 6400...
2024-07-23 15:10:06,969 - INFO - Allocating UMIs for gene 6500...
2024-07-23 15:10:10,954 - INFO - Allocating UMIs for gene 6600...
2024-07-23 15:10:14,982 - INFO - Allocating UMIs for gene 6700...
2024-07-23 15:10:18,969 - INFO - Allocating UMIs for gene 6800...
2024-07-23 15:10:22,870 - INFO - Allocating UMIs for gene 6900...
2024-07-23 15:10:26,809 - INFO - Allocating UMIs for gene 7000...
2024-07-23 15:10:30,831 - INFO - Allocating UMIs for gene 7100...
2024-07-23 15:10:34,788 - INFO - Allocating UMIs for gene 7200...
2024-07-23 15:10:38,688 - INFO - Allocating UMIs for gene 7300...
2024-07-23 15:10:42,634 - INFO - Allocating UMIs for gene 7400...
2024-07-23 15:10:46,652 - INFO - Allocating UMIs for gene 7500...
2024-07-23 15:10:50,548 - INFO - Allocating UMIs for gene 7600...
2024-07-23 15:10:54,447 - INFO - Allocating UMIs for gene 7700...
2024-07-23 15:10:58,467 - INFO - Allocating UMIs for gene 7800...
2024-07-23 15:11:02,450 - INFO - Allocating UMIs for gene 7900...
2024-07-23 15:11:06,393 - INFO - Allocating UMIs for gene 8000...
2024-07-23 15:11:10,579 - INFO - Allocating UMIs for gene 8100...
2024-07-23 15:11:14,691 - INFO - Allocating UMIs for gene 8200...
2024-07-23 15:11:18,795 - INFO - Allocating UMIs for gene 8300...
2024-07-23 15:11:22,907 - INFO - Allocating UMIs for gene 8400...
2024-07-23 15:11:27,061 - INFO - Allocating UMIs for gene 8500...
2024-07-23 15:11:31,169 - INFO - Allocating UMIs for gene 8600...
2024-07-23 15:11:35,300 - INFO - Allocating UMIs for gene 8700...
2024-07-23 15:11:39,363 - INFO - Allocating UMIs for gene 8800...
2024-07-23 15:11:43,404 - INFO - Allocating UMIs for gene 8900...
2024-07-23 15:11:47,470 - INFO - Allocating UMIs for gene 9000...
2024-07-23 15:11:51,494 - INFO - Allocating UMIs for gene 9100...
2024-07-23 15:11:55,646 - INFO - Allocating UMIs for gene 9200...
2024-07-23 15:11:59,754 - INFO - Allocating UMIs for gene 9300...
2024-07-23 15:12:03,931 - INFO - Allocating UMIs for gene 9400...
2024-07-23 15:12:08,049 - INFO - Allocating UMIs for gene 9500...
2024-07-23 15:12:12,035 - INFO - Allocating UMIs for gene 9600...
2024-07-23 15:12:16,021 - INFO - Allocating UMIs for gene 9700...
2024-07-23 15:12:20,129 - INFO - Allocating UMIs for gene 9800...
2024-07-23 15:12:24,112 - INFO - Allocating UMIs for gene 9900...
2024-07-23 15:12:28,254 - INFO - Allocating UMIs for gene 10000...
2024-07-23 15:12:32,299 - INFO - Allocating UMIs for gene 10100...
2024-07-23 15:12:36,449 - INFO - Allocating UMIs for gene 10200...
2024-07-23 15:12:40,563 - INFO - Allocating UMIs for gene 10300...
2024-07-23 15:12:44,632 - INFO - Allocating UMIs for gene 10400...
2024-07-23 15:12:48,740 - INFO - Allocating UMIs for gene 10500...
2024-07-23 15:12:52,891 - INFO - Allocating UMIs for gene 10600...
2024-07-23 15:12:56,912 - INFO - Allocating UMIs for gene 10700...
2024-07-23 15:13:01,066 - INFO - Allocating UMIs for gene 10800...
2024-07-23 15:13:05,139 - INFO - Allocating UMIs for gene 10900...
2024-07-23 15:13:09,209 - INFO - Allocating UMIs for gene 11000...
2024-07-23 15:13:13,202 - INFO - Allocating UMIs for gene 11100...
2024-07-23 15:13:17,305 - INFO - Allocating UMIs for gene 11200...
2024-07-23 15:13:21,323 - INFO - Allocating UMIs for gene 11300...
2024-07-23 15:13:25,382 - INFO - Allocating UMIs for gene 11400...
2024-07-23 15:13:29,439 - INFO - Allocating UMIs for gene 11500...
2024-07-23 15:13:33,570 - INFO - Allocating UMIs for gene 11600...
2024-07-23 15:13:37,677 - INFO - Allocating UMIs for gene 11700...
2024-07-23 15:13:41,787 - INFO - Allocating UMIs for gene 11800...
2024-07-23 15:13:45,936 - INFO - Allocating UMIs for gene 11900...
2024-07-23 15:13:49,959 - INFO - UMI allocation complete.
2024-07-23 15:13:49,959 - INFO - Counting overall UMI occurrences...
2024-07-23 15:13:49,972 - INFO - Counting inter-gene collisions...
2024-07-23 15:13:50,059 - INFO - Total UMIs generated: 262144
2024-07-23 15:13:50,059 - INFO - Total UMIs allocated: 72198
2024-07-23 15:13:50,059 - INFO - Number of unique UMIs assigned to genes: 63148
2024-07-23 15:13:50,059 - INFO - Inter-gene collisions: 9048
2024-07-23 15:13:50,059 - INFO - Inter-gene collision rate: 0.12532
2024-07-23 15:13:50,059 - INFO - Writing gene UMI counts to file...
2024-07-23 15:13:50,064 - INFO - Writing UMI inter-gene collisions to file...
2024-07-23 15:13:50,068 - INFO - Simulation complete.
