2024-07-20 22:51:06,684 - INFO - Simulation Script Version: 0.0.1
2024-07-20 22:51:06,684 - INFO - Simulation Parameters:
2024-07-20 22:51:06,684 - INFO - Length of UMI: 8
2024-07-20 22:51:06,684 - INFO - Number of genes: 500
2024-07-20 22:51:06,684 - INFO - Parameters file: None
2024-07-20 22:51:06,684 - INFO - Mean (mu): 6.0
2024-07-20 22:51:06,684 - INFO - Dispersion (theta): 6.0
2024-07-20 22:51:06,684 - INFO - Use Poisson distribution: False
2024-07-20 22:51:06,684 - INFO - Gene UMI counts file: gene_500_umi8_counts_rep9.txt
2024-07-20 22:51:06,684 - INFO - UMI collisions file: umi8_500_collisions_rep9.txt
2024-07-20 22:51:06,684 - INFO - Seed: None
2024-07-20 22:51:06,685 - INFO - Log file: umi8_500_rep9.log
2024-07-20 22:51:06,685 - INFO - No seed specified. Generated random seed: 1151415979
2024-07-20 22:51:06,685 - INFO - Generating all possible UMIs...
2024-07-20 22:51:06,695 - INFO - Total possible UMIs generated: 65536
2024-07-20 22:51:06,695 - INFO - Loading parameters...
2024-07-20 22:51:06,695 - INFO - Sampling read depths for each gene...
2024-07-20 22:51:06,716 - INFO - Read depths sampling complete.
2024-07-20 22:51:06,716 - INFO - Allocating UMIs based on sampled read depths...
2024-07-20 22:51:06,716 - INFO - Allocating UMIs for gene 0...
2024-07-20 22:51:07,501 - INFO - Allocating UMIs for gene 100...
2024-07-20 22:51:08,280 - INFO - Allocating UMIs for gene 200...
2024-07-20 22:51:09,049 - INFO - Allocating UMIs for gene 300...
2024-07-20 22:51:09,830 - INFO - Allocating UMIs for gene 400...
2024-07-20 22:51:10,740 - INFO - UMI allocation complete.
2024-07-20 22:51:10,740 - INFO - Counting overall UMI occurrences...
2024-07-20 22:51:10,740 - INFO - Counting inter-gene collisions...
2024-07-20 22:51:10,742 - INFO - Total UMIs generated: 65536
2024-07-20 22:51:10,742 - INFO - Total UMIs allocated: 3010
2024-07-20 22:51:10,742 - INFO - Number of unique UMIs assigned to genes: 2936
2024-07-20 22:51:10,742 - INFO - Inter-gene collisions: 74
2024-07-20 22:51:10,742 - INFO - Inter-gene collision rate: 0.02458
2024-07-20 22:51:10,742 - INFO - Writing gene UMI counts to file...
2024-07-20 22:51:10,745 - INFO - Writing UMI inter-gene collisions to file...
2024-07-20 22:51:10,745 - INFO - Simulation complete.
