2024-07-20 22:50:31,284 - INFO - Simulation Script Version: 0.0.1
2024-07-20 22:50:31,284 - INFO - Simulation Parameters:
2024-07-20 22:50:31,284 - INFO - Length of UMI: 8
2024-07-20 22:50:31,284 - INFO - Number of genes: 500
2024-07-20 22:50:31,284 - INFO - Parameters file: None
2024-07-20 22:50:31,284 - INFO - Mean (mu): 6.0
2024-07-20 22:50:31,284 - INFO - Dispersion (theta): 6.0
2024-07-20 22:50:31,284 - INFO - Use Poisson distribution: False
2024-07-20 22:50:31,284 - INFO - Gene UMI counts file: gene_500_umi8_counts_rep2.txt
2024-07-20 22:50:31,284 - INFO - UMI collisions file: umi8_500_collisions_rep2.txt
2024-07-20 22:50:31,284 - INFO - Seed: None
2024-07-20 22:50:31,284 - INFO - Log file: umi8_500_rep2.log
2024-07-20 22:50:31,284 - INFO - No seed specified. Generated random seed: 3199173392
2024-07-20 22:50:31,284 - INFO - Generating all possible UMIs...
2024-07-20 22:50:31,295 - INFO - Total possible UMIs generated: 65536
2024-07-20 22:50:31,295 - INFO - Loading parameters...
2024-07-20 22:50:31,295 - INFO - Sampling read depths for each gene...
2024-07-20 22:50:31,315 - INFO - Read depths sampling complete.
2024-07-20 22:50:31,315 - INFO - Allocating UMIs based on sampled read depths...
2024-07-20 22:50:31,315 - INFO - Allocating UMIs for gene 0...
2024-07-20 22:50:32,132 - INFO - Allocating UMIs for gene 100...
2024-07-20 22:50:32,941 - INFO - Allocating UMIs for gene 200...
2024-07-20 22:50:33,759 - INFO - Allocating UMIs for gene 300...
2024-07-20 22:50:34,673 - INFO - Allocating UMIs for gene 400...
2024-07-20 22:50:35,751 - INFO - UMI allocation complete.
2024-07-20 22:50:35,751 - INFO - Counting overall UMI occurrences...
2024-07-20 22:50:35,752 - INFO - Counting inter-gene collisions...
2024-07-20 22:50:35,753 - INFO - Total UMIs generated: 65536
2024-07-20 22:50:35,753 - INFO - Total UMIs allocated: 3084
2024-07-20 22:50:35,753 - INFO - Number of unique UMIs assigned to genes: 3005
2024-07-20 22:50:35,753 - INFO - Inter-gene collisions: 79
2024-07-20 22:50:35,753 - INFO - Inter-gene collision rate: 0.02562
2024-07-20 22:50:35,753 - INFO - Writing gene UMI counts to file...
2024-07-20 22:50:35,757 - INFO - Writing UMI inter-gene collisions to file...
2024-07-20 22:50:35,757 - INFO - Simulation complete.
