2024-07-20 22:51:11,792 - INFO - Simulation Script Version: 0.0.1
2024-07-20 22:51:11,792 - INFO - Simulation Parameters:
2024-07-20 22:51:11,792 - INFO - Length of UMI: 8
2024-07-20 22:51:11,792 - INFO - Number of genes: 500
2024-07-20 22:51:11,792 - INFO - Parameters file: None
2024-07-20 22:51:11,792 - INFO - Mean (mu): 6.0
2024-07-20 22:51:11,792 - INFO - Dispersion (theta): 6.0
2024-07-20 22:51:11,792 - INFO - Use Poisson distribution: False
2024-07-20 22:51:11,792 - INFO - Gene UMI counts file: gene_500_umi8_counts_rep10.txt
2024-07-20 22:51:11,792 - INFO - UMI collisions file: umi8_500_collisions_rep10.txt
2024-07-20 22:51:11,792 - INFO - Seed: None
2024-07-20 22:51:11,792 - INFO - Log file: umi8_500_rep10.log
2024-07-20 22:51:11,792 - INFO - No seed specified. Generated random seed: 3435748259
2024-07-20 22:51:11,792 - INFO - Generating all possible UMIs...
2024-07-20 22:51:11,802 - INFO - Total possible UMIs generated: 65536
2024-07-20 22:51:11,802 - INFO - Loading parameters...
2024-07-20 22:51:11,802 - INFO - Sampling read depths for each gene...
2024-07-20 22:51:11,822 - INFO - Read depths sampling complete.
2024-07-20 22:51:11,822 - INFO - Allocating UMIs based on sampled read depths...
2024-07-20 22:51:11,822 - INFO - Allocating UMIs for gene 0...
2024-07-20 22:51:12,575 - INFO - Allocating UMIs for gene 100...
2024-07-20 22:51:13,311 - INFO - Allocating UMIs for gene 200...
2024-07-20 22:51:14,069 - INFO - Allocating UMIs for gene 300...
2024-07-20 22:51:14,839 - INFO - Allocating UMIs for gene 400...
2024-07-20 22:51:15,590 - INFO - UMI allocation complete.
2024-07-20 22:51:15,591 - INFO - Counting overall UMI occurrences...
2024-07-20 22:51:15,591 - INFO - Counting inter-gene collisions...
2024-07-20 22:51:15,593 - INFO - Total UMIs generated: 65536
2024-07-20 22:51:15,593 - INFO - Total UMIs allocated: 3076
2024-07-20 22:51:15,593 - INFO - Number of unique UMIs assigned to genes: 3003
2024-07-20 22:51:15,593 - INFO - Inter-gene collisions: 73
2024-07-20 22:51:15,593 - INFO - Inter-gene collision rate: 0.02373
2024-07-20 22:51:15,593 - INFO - Writing gene UMI counts to file...
2024-07-20 22:51:15,596 - INFO - Writing UMI inter-gene collisions to file...
2024-07-20 22:51:15,596 - INFO - Simulation complete.
