2024-07-20 22:50:51,854 - INFO - Simulation Script Version: 0.0.1
2024-07-20 22:50:51,854 - INFO - Simulation Parameters:
2024-07-20 22:50:51,854 - INFO - Length of UMI: 8
2024-07-20 22:50:51,854 - INFO - Number of genes: 500
2024-07-20 22:50:51,854 - INFO - Parameters file: None
2024-07-20 22:50:51,854 - INFO - Mean (mu): 6.0
2024-07-20 22:50:51,854 - INFO - Dispersion (theta): 6.0
2024-07-20 22:50:51,854 - INFO - Use Poisson distribution: False
2024-07-20 22:50:51,854 - INFO - Gene UMI counts file: gene_500_umi8_counts_rep6.txt
2024-07-20 22:50:51,854 - INFO - UMI collisions file: umi8_500_collisions_rep6.txt
2024-07-20 22:50:51,854 - INFO - Seed: None
2024-07-20 22:50:51,854 - INFO - Log file: umi8_500_rep6.log
2024-07-20 22:50:51,854 - INFO - No seed specified. Generated random seed: 1349209175
2024-07-20 22:50:51,855 - INFO - Generating all possible UMIs...
2024-07-20 22:50:51,864 - INFO - Total possible UMIs generated: 65536
2024-07-20 22:50:51,864 - INFO - Loading parameters...
2024-07-20 22:50:51,864 - INFO - Sampling read depths for each gene...
2024-07-20 22:50:51,883 - INFO - Read depths sampling complete.
2024-07-20 22:50:51,883 - INFO - Allocating UMIs based on sampled read depths...
2024-07-20 22:50:51,883 - INFO - Allocating UMIs for gene 0...
2024-07-20 22:50:52,738 - INFO - Allocating UMIs for gene 100...
2024-07-20 22:50:53,589 - INFO - Allocating UMIs for gene 200...
2024-07-20 22:50:54,304 - INFO - Allocating UMIs for gene 300...
2024-07-20 22:50:55,056 - INFO - Allocating UMIs for gene 400...
2024-07-20 22:50:55,809 - INFO - UMI allocation complete.
2024-07-20 22:50:55,809 - INFO - Counting overall UMI occurrences...
2024-07-20 22:50:55,810 - INFO - Counting inter-gene collisions...
2024-07-20 22:50:55,811 - INFO - Total UMIs generated: 65536
2024-07-20 22:50:55,811 - INFO - Total UMIs allocated: 3107
2024-07-20 22:50:55,811 - INFO - Number of unique UMIs assigned to genes: 3034
2024-07-20 22:50:55,812 - INFO - Inter-gene collisions: 73
2024-07-20 22:50:55,812 - INFO - Inter-gene collision rate: 0.02350
2024-07-20 22:50:55,812 - INFO - Writing gene UMI counts to file...
2024-07-20 22:50:55,814 - INFO - Writing UMI inter-gene collisions to file...
2024-07-20 22:50:55,815 - INFO - Simulation complete.
