2024-07-20 22:50:41,986 - INFO - Simulation Script Version: 0.0.1
2024-07-20 22:50:41,986 - INFO - Simulation Parameters:
2024-07-20 22:50:41,986 - INFO - Length of UMI: 8
2024-07-20 22:50:41,986 - INFO - Number of genes: 500
2024-07-20 22:50:41,986 - INFO - Parameters file: None
2024-07-20 22:50:41,986 - INFO - Mean (mu): 6.0
2024-07-20 22:50:41,986 - INFO - Dispersion (theta): 6.0
2024-07-20 22:50:41,987 - INFO - Use Poisson distribution: False
2024-07-20 22:50:41,987 - INFO - Gene UMI counts file: gene_500_umi8_counts_rep4.txt
2024-07-20 22:50:41,987 - INFO - UMI collisions file: umi8_500_collisions_rep4.txt
2024-07-20 22:50:41,987 - INFO - Seed: None
2024-07-20 22:50:41,987 - INFO - Log file: umi8_500_rep4.log
2024-07-20 22:50:41,987 - INFO - No seed specified. Generated random seed: 872897336
2024-07-20 22:50:41,987 - INFO - Generating all possible UMIs...
2024-07-20 22:50:41,997 - INFO - Total possible UMIs generated: 65536
2024-07-20 22:50:41,997 - INFO - Loading parameters...
2024-07-20 22:50:41,997 - INFO - Sampling read depths for each gene...
2024-07-20 22:50:42,016 - INFO - Read depths sampling complete.
2024-07-20 22:50:42,016 - INFO - Allocating UMIs based on sampled read depths...
2024-07-20 22:50:42,016 - INFO - Allocating UMIs for gene 0...
2024-07-20 22:50:42,790 - INFO - Allocating UMIs for gene 100...
2024-07-20 22:50:43,528 - INFO - Allocating UMIs for gene 200...
2024-07-20 22:50:44,410 - INFO - Allocating UMIs for gene 300...
2024-07-20 22:50:45,290 - INFO - Allocating UMIs for gene 400...
2024-07-20 22:50:46,043 - INFO - UMI allocation complete.
2024-07-20 22:50:46,043 - INFO - Counting overall UMI occurrences...
2024-07-20 22:50:46,044 - INFO - Counting inter-gene collisions...
2024-07-20 22:50:46,045 - INFO - Total UMIs generated: 65536
2024-07-20 22:50:46,045 - INFO - Total UMIs allocated: 2985
2024-07-20 22:50:46,045 - INFO - Number of unique UMIs assigned to genes: 2931
2024-07-20 22:50:46,045 - INFO - Inter-gene collisions: 53
2024-07-20 22:50:46,045 - INFO - Inter-gene collision rate: 0.01776
2024-07-20 22:50:46,045 - INFO - Writing gene UMI counts to file...
2024-07-20 22:50:46,048 - INFO - Writing UMI inter-gene collisions to file...
2024-07-20 22:50:46,048 - INFO - Simulation complete.
