2024-07-20 22:51:02,066 - INFO - Simulation Script Version: 0.0.1
2024-07-20 22:51:02,066 - INFO - Simulation Parameters:
2024-07-20 22:51:02,066 - INFO - Length of UMI: 8
2024-07-20 22:51:02,066 - INFO - Number of genes: 500
2024-07-20 22:51:02,066 - INFO - Parameters file: None
2024-07-20 22:51:02,066 - INFO - Mean (mu): 6.0
2024-07-20 22:51:02,066 - INFO - Dispersion (theta): 6.0
2024-07-20 22:51:02,066 - INFO - Use Poisson distribution: False
2024-07-20 22:51:02,066 - INFO - Gene UMI counts file: gene_500_umi8_counts_rep8.txt
2024-07-20 22:51:02,066 - INFO - UMI collisions file: umi8_500_collisions_rep8.txt
2024-07-20 22:51:02,066 - INFO - Seed: None
2024-07-20 22:51:02,066 - INFO - Log file: umi8_500_rep8.log
2024-07-20 22:51:02,066 - INFO - No seed specified. Generated random seed: 1421350596
2024-07-20 22:51:02,066 - INFO - Generating all possible UMIs...
2024-07-20 22:51:02,076 - INFO - Total possible UMIs generated: 65536
2024-07-20 22:51:02,076 - INFO - Loading parameters...
2024-07-20 22:51:02,076 - INFO - Sampling read depths for each gene...
2024-07-20 22:51:02,095 - INFO - Read depths sampling complete.
2024-07-20 22:51:02,095 - INFO - Allocating UMIs based on sampled read depths...
2024-07-20 22:51:02,095 - INFO - Allocating UMIs for gene 0...
2024-07-20 22:51:02,800 - INFO - Allocating UMIs for gene 100...
2024-07-20 22:51:03,497 - INFO - Allocating UMIs for gene 200...
2024-07-20 22:51:04,199 - INFO - Allocating UMIs for gene 300...
2024-07-20 22:51:04,917 - INFO - Allocating UMIs for gene 400...
2024-07-20 22:51:05,621 - INFO - UMI allocation complete.
2024-07-20 22:51:05,621 - INFO - Counting overall UMI occurrences...
2024-07-20 22:51:05,622 - INFO - Counting inter-gene collisions...
2024-07-20 22:51:05,623 - INFO - Total UMIs generated: 65536
2024-07-20 22:51:05,623 - INFO - Total UMIs allocated: 2990
2024-07-20 22:51:05,623 - INFO - Number of unique UMIs assigned to genes: 2910
2024-07-20 22:51:05,623 - INFO - Inter-gene collisions: 80
2024-07-20 22:51:05,623 - INFO - Inter-gene collision rate: 0.02676
2024-07-20 22:51:05,623 - INFO - Writing gene UMI counts to file...
2024-07-20 22:51:05,626 - INFO - Writing UMI inter-gene collisions to file...
2024-07-20 22:51:05,627 - INFO - Simulation complete.
