2024-07-20 22:50:36,790 - INFO - Simulation Script Version: 0.0.1
2024-07-20 22:50:36,791 - INFO - Simulation Parameters:
2024-07-20 22:50:36,791 - INFO - Length of UMI: 8
2024-07-20 22:50:36,791 - INFO - Number of genes: 500
2024-07-20 22:50:36,791 - INFO - Parameters file: None
2024-07-20 22:50:36,791 - INFO - Mean (mu): 6.0
2024-07-20 22:50:36,791 - INFO - Dispersion (theta): 6.0
2024-07-20 22:50:36,791 - INFO - Use Poisson distribution: False
2024-07-20 22:50:36,791 - INFO - Gene UMI counts file: gene_500_umi8_counts_rep3.txt
2024-07-20 22:50:36,791 - INFO - UMI collisions file: umi8_500_collisions_rep3.txt
2024-07-20 22:50:36,791 - INFO - Seed: None
2024-07-20 22:50:36,791 - INFO - Log file: umi8_500_rep3.log
2024-07-20 22:50:36,791 - INFO - No seed specified. Generated random seed: 1282129463
2024-07-20 22:50:36,791 - INFO - Generating all possible UMIs...
2024-07-20 22:50:36,841 - INFO - Total possible UMIs generated: 65536
2024-07-20 22:50:36,842 - INFO - Loading parameters...
2024-07-20 22:50:36,842 - INFO - Sampling read depths for each gene...
2024-07-20 22:50:36,862 - INFO - Read depths sampling complete.
2024-07-20 22:50:36,862 - INFO - Allocating UMIs based on sampled read depths...
2024-07-20 22:50:36,862 - INFO - Allocating UMIs for gene 0...
2024-07-20 22:50:37,689 - INFO - Allocating UMIs for gene 100...
2024-07-20 22:50:38,458 - INFO - Allocating UMIs for gene 200...
2024-07-20 22:50:39,343 - INFO - Allocating UMIs for gene 300...
2024-07-20 22:50:40,093 - INFO - Allocating UMIs for gene 400...
2024-07-20 22:50:40,976 - INFO - UMI allocation complete.
2024-07-20 22:50:40,976 - INFO - Counting overall UMI occurrences...
2024-07-20 22:50:40,977 - INFO - Counting inter-gene collisions...
2024-07-20 22:50:40,978 - INFO - Total UMIs generated: 65536
2024-07-20 22:50:40,978 - INFO - Total UMIs allocated: 2829
2024-07-20 22:50:40,978 - INFO - Number of unique UMIs assigned to genes: 2780
2024-07-20 22:50:40,978 - INFO - Inter-gene collisions: 49
2024-07-20 22:50:40,978 - INFO - Inter-gene collision rate: 0.01732
2024-07-20 22:50:40,978 - INFO - Writing gene UMI counts to file...
2024-07-20 22:50:40,981 - INFO - Writing UMI inter-gene collisions to file...
2024-07-20 22:50:40,981 - INFO - Simulation complete.
