2024-07-20 22:50:26,099 - INFO - Simulation Script Version: 0.0.1
2024-07-20 22:50:26,099 - INFO - Simulation Parameters:
2024-07-20 22:50:26,099 - INFO - Length of UMI: 8
2024-07-20 22:50:26,099 - INFO - Number of genes: 500
2024-07-20 22:50:26,099 - INFO - Parameters file: None
2024-07-20 22:50:26,099 - INFO - Mean (mu): 6.0
2024-07-20 22:50:26,099 - INFO - Dispersion (theta): 6.0
2024-07-20 22:50:26,099 - INFO - Use Poisson distribution: False
2024-07-20 22:50:26,100 - INFO - Gene UMI counts file: gene_500_umi8_counts_rep1.txt
2024-07-20 22:50:26,100 - INFO - UMI collisions file: umi8_500_collisions.txt
2024-07-20 22:50:26,100 - INFO - Seed: None
2024-07-20 22:50:26,100 - INFO - Log file: umi8_500_rep1.log
2024-07-20 22:50:26,100 - INFO - No seed specified. Generated random seed: 1393126567
2024-07-20 22:50:26,100 - INFO - Generating all possible UMIs...
2024-07-20 22:50:26,110 - INFO - Total possible UMIs generated: 65536
2024-07-20 22:50:26,110 - INFO - Loading parameters...
2024-07-20 22:50:26,110 - INFO - Sampling read depths for each gene...
2024-07-20 22:50:26,130 - INFO - Read depths sampling complete.
2024-07-20 22:50:26,130 - INFO - Allocating UMIs based on sampled read depths...
2024-07-20 22:50:26,130 - INFO - Allocating UMIs for gene 0...
2024-07-20 22:50:26,879 - INFO - Allocating UMIs for gene 100...
2024-07-20 22:50:27,701 - INFO - Allocating UMIs for gene 200...
2024-07-20 22:50:28,488 - INFO - Allocating UMIs for gene 300...
2024-07-20 22:50:29,369 - INFO - Allocating UMIs for gene 400...
2024-07-20 22:50:30,195 - INFO - UMI allocation complete.
2024-07-20 22:50:30,195 - INFO - Counting overall UMI occurrences...
2024-07-20 22:50:30,196 - INFO - Counting inter-gene collisions...
2024-07-20 22:50:30,197 - INFO - Total UMIs generated: 65536
2024-07-20 22:50:30,197 - INFO - Total UMIs allocated: 3051
2024-07-20 22:50:30,197 - INFO - Number of unique UMIs assigned to genes: 2978
2024-07-20 22:50:30,197 - INFO - Inter-gene collisions: 73
2024-07-20 22:50:30,197 - INFO - Inter-gene collision rate: 0.02393
2024-07-20 22:50:30,197 - INFO - Writing gene UMI counts to file...
2024-07-20 22:50:30,201 - INFO - Writing UMI inter-gene collisions to file...
2024-07-20 22:50:30,201 - INFO - Simulation complete.
