2024-07-20 22:50:47,058 - INFO - Simulation Script Version: 0.0.1
2024-07-20 22:50:47,058 - INFO - Simulation Parameters:
2024-07-20 22:50:47,058 - INFO - Length of UMI: 8
2024-07-20 22:50:47,058 - INFO - Number of genes: 500
2024-07-20 22:50:47,058 - INFO - Parameters file: None
2024-07-20 22:50:47,058 - INFO - Mean (mu): 6.0
2024-07-20 22:50:47,058 - INFO - Dispersion (theta): 6.0
2024-07-20 22:50:47,058 - INFO - Use Poisson distribution: False
2024-07-20 22:50:47,058 - INFO - Gene UMI counts file: gene_500_umi8_counts_rep5.txt
2024-07-20 22:50:47,058 - INFO - UMI collisions file: umi8_500_collisions_rep5.txt
2024-07-20 22:50:47,058 - INFO - Seed: None
2024-07-20 22:50:47,058 - INFO - Log file: umi8_500_rep5.log
2024-07-20 22:50:47,058 - INFO - No seed specified. Generated random seed: 1884884950
2024-07-20 22:50:47,058 - INFO - Generating all possible UMIs...
2024-07-20 22:50:47,068 - INFO - Total possible UMIs generated: 65536
2024-07-20 22:50:47,068 - INFO - Loading parameters...
2024-07-20 22:50:47,068 - INFO - Sampling read depths for each gene...
2024-07-20 22:50:47,088 - INFO - Read depths sampling complete.
2024-07-20 22:50:47,088 - INFO - Allocating UMIs based on sampled read depths...
2024-07-20 22:50:47,088 - INFO - Allocating UMIs for gene 0...
2024-07-20 22:50:47,826 - INFO - Allocating UMIs for gene 100...
2024-07-20 22:50:48,581 - INFO - Allocating UMIs for gene 200...
2024-07-20 22:50:49,326 - INFO - Allocating UMIs for gene 300...
2024-07-20 22:50:50,091 - INFO - Allocating UMIs for gene 400...
2024-07-20 22:50:50,850 - INFO - UMI allocation complete.
2024-07-20 22:50:50,850 - INFO - Counting overall UMI occurrences...
2024-07-20 22:50:50,851 - INFO - Counting inter-gene collisions...
2024-07-20 22:50:50,852 - INFO - Total UMIs generated: 65536
2024-07-20 22:50:50,853 - INFO - Total UMIs allocated: 2933
2024-07-20 22:50:50,853 - INFO - Number of unique UMIs assigned to genes: 2854
2024-07-20 22:50:50,853 - INFO - Inter-gene collisions: 79
2024-07-20 22:50:50,853 - INFO - Inter-gene collision rate: 0.02693
2024-07-20 22:50:50,853 - INFO - Writing gene UMI counts to file...
2024-07-20 22:50:50,856 - INFO - Writing UMI inter-gene collisions to file...
2024-07-20 22:50:50,856 - INFO - Simulation complete.
