2024-07-20 22:50:56,855 - INFO - Simulation Script Version: 0.0.1
2024-07-20 22:50:56,855 - INFO - Simulation Parameters:
2024-07-20 22:50:56,855 - INFO - Length of UMI: 8
2024-07-20 22:50:56,855 - INFO - Number of genes: 500
2024-07-20 22:50:56,855 - INFO - Parameters file: None
2024-07-20 22:50:56,855 - INFO - Mean (mu): 6.0
2024-07-20 22:50:56,855 - INFO - Dispersion (theta): 6.0
2024-07-20 22:50:56,855 - INFO - Use Poisson distribution: False
2024-07-20 22:50:56,855 - INFO - Gene UMI counts file: gene_500_umi8_counts_rep7.txt
2024-07-20 22:50:56,855 - INFO - UMI collisions file: umi8_500_collisions_rep7.txt
2024-07-20 22:50:56,855 - INFO - Seed: None
2024-07-20 22:50:56,855 - INFO - Log file: umi8_500_rep7.log
2024-07-20 22:50:56,855 - INFO - No seed specified. Generated random seed: 1190216819
2024-07-20 22:50:56,855 - INFO - Generating all possible UMIs...
2024-07-20 22:50:56,865 - INFO - Total possible UMIs generated: 65536
2024-07-20 22:50:56,865 - INFO - Loading parameters...
2024-07-20 22:50:56,865 - INFO - Sampling read depths for each gene...
2024-07-20 22:50:56,885 - INFO - Read depths sampling complete.
2024-07-20 22:50:56,885 - INFO - Allocating UMIs based on sampled read depths...
2024-07-20 22:50:56,885 - INFO - Allocating UMIs for gene 0...
2024-07-20 22:50:57,648 - INFO - Allocating UMIs for gene 100...
2024-07-20 22:50:58,387 - INFO - Allocating UMIs for gene 200...
2024-07-20 22:50:59,139 - INFO - Allocating UMIs for gene 300...
2024-07-20 22:50:59,908 - INFO - Allocating UMIs for gene 400...
2024-07-20 22:51:00,666 - INFO - UMI allocation complete.
2024-07-20 22:51:00,666 - INFO - Counting overall UMI occurrences...
2024-07-20 22:51:00,667 - INFO - Counting inter-gene collisions...
2024-07-20 22:51:00,669 - INFO - Total UMIs generated: 65536
2024-07-20 22:51:00,669 - INFO - Total UMIs allocated: 3114
2024-07-20 22:51:00,669 - INFO - Number of unique UMIs assigned to genes: 3031
2024-07-20 22:51:00,669 - INFO - Inter-gene collisions: 82
2024-07-20 22:51:00,669 - INFO - Inter-gene collision rate: 0.02633
2024-07-20 22:51:00,669 - INFO - Writing gene UMI counts to file...
2024-07-20 22:51:00,672 - INFO - Writing UMI inter-gene collisions to file...
2024-07-20 22:51:00,673 - INFO - Simulation complete.
