2024-07-20 23:17:57,169 - INFO - Simulation Script Version: 0.0.2
2024-07-20 23:17:57,171 - INFO - Simulation Parameters:
2024-07-20 23:17:57,171 - INFO - Length of UMI: 10
2024-07-20 23:17:57,171 - INFO - Number of genes: 8000
2024-07-20 23:17:57,171 - INFO - Parameters file: None
2024-07-20 23:17:57,171 - INFO - Mean (mu): 6.0
2024-07-20 23:17:57,171 - INFO - Dispersion (theta): 6.0
2024-07-20 23:17:57,171 - INFO - Use Poisson distribution: False
2024-07-20 23:17:57,171 - INFO - Gene UMI counts file: gene_8000_umi16_counts_rep4.txt
2024-07-20 23:17:57,171 - INFO - UMI collisions file: umi16_8000_collisions_rep4.txt
2024-07-20 23:17:57,171 - INFO - Seed: None
2024-07-20 23:17:57,171 - INFO - Log file: umi16_8000_rep4.log
2024-07-20 23:17:57,171 - INFO - UMI file: /varidata/research/projects/shen/projects/2024_Bens_swan_song/src/umi_collisions/umi_16.txt
2024-07-20 23:17:57,171 - INFO - No seed specified. Generated random seed: 837745287
2024-07-20 23:17:57,171 - INFO - Using UMIs from file: /varidata/research/projects/shen/projects/2024_Bens_swan_song/src/umi_collisions/umi_16.txt
2024-07-20 23:29:01,890 - INFO - Total UMIs loaded: 4294967296
2024-07-20 23:29:01,890 - INFO - Loading parameters...
2024-07-20 23:29:01,891 - INFO - Sampling read depths for each gene...
2024-07-20 23:29:02,251 - INFO - Read depths sampling complete.
2024-07-20 23:29:02,251 - INFO - Allocating UMIs based on sampled read depths...
2024-07-20 23:29:02,251 - INFO - Allocating UMIs for gene 0...
2024-07-20 23:29:02,399 - INFO - Allocating UMIs for gene 100...
2024-07-20 23:29:02,489 - INFO - Allocating UMIs for gene 200...
2024-07-20 23:29:02,580 - INFO - Allocating UMIs for gene 300...
2024-07-20 23:29:02,674 - INFO - Allocating UMIs for gene 400...
2024-07-20 23:29:02,786 - INFO - Allocating UMIs for gene 500...
2024-07-20 23:29:02,920 - INFO - Allocating UMIs for gene 600...
2024-07-20 23:29:03,016 - INFO - Allocating UMIs for gene 700...
2024-07-20 23:29:03,104 - INFO - Allocating UMIs for gene 800...
2024-07-20 23:29:03,161 - INFO - Allocating UMIs for gene 900...
2024-07-20 23:29:03,242 - INFO - Allocating UMIs for gene 1000...
2024-07-20 23:29:03,338 - INFO - Allocating UMIs for gene 1100...
2024-07-20 23:29:03,425 - INFO - Allocating UMIs for gene 1200...
2024-07-20 23:29:03,498 - INFO - Allocating UMIs for gene 1300...
2024-07-20 23:29:03,673 - INFO - Allocating UMIs for gene 1400...
2024-07-20 23:29:03,771 - INFO - Allocating UMIs for gene 1500...
2024-07-20 23:29:03,896 - INFO - Allocating UMIs for gene 1600...
2024-07-20 23:29:03,971 - INFO - Allocating UMIs for gene 1700...
2024-07-20 23:29:04,050 - INFO - Allocating UMIs for gene 1800...
2024-07-20 23:29:04,130 - INFO - Allocating UMIs for gene 1900...
2024-07-20 23:29:04,256 - INFO - Allocating UMIs for gene 2000...
2024-07-20 23:29:04,342 - INFO - Allocating UMIs for gene 2100...
2024-07-20 23:29:04,392 - INFO - Allocating UMIs for gene 2200...
2024-07-20 23:29:04,452 - INFO - Allocating UMIs for gene 2300...
2024-07-20 23:29:04,510 - INFO - Allocating UMIs for gene 2400...
2024-07-20 23:29:04,604 - INFO - Allocating UMIs for gene 2500...
2024-07-20 23:29:04,682 - INFO - Allocating UMIs for gene 2600...
2024-07-20 23:29:04,747 - INFO - Allocating UMIs for gene 2700...
2024-07-20 23:29:04,809 - INFO - Allocating UMIs for gene 2800...
2024-07-20 23:29:04,896 - INFO - Allocating UMIs for gene 2900...
2024-07-20 23:29:04,982 - INFO - Allocating UMIs for gene 3000...
2024-07-20 23:29:05,053 - INFO - Allocating UMIs for gene 3100...
2024-07-20 23:29:05,184 - INFO - Allocating UMIs for gene 3200...
2024-07-20 23:29:05,290 - INFO - Allocating UMIs for gene 3300...
2024-07-20 23:29:05,370 - INFO - Allocating UMIs for gene 3400...
2024-07-20 23:29:05,438 - INFO - Allocating UMIs for gene 3500...
2024-07-20 23:29:05,558 - INFO - Allocating UMIs for gene 3600...
2024-07-20 23:29:05,653 - INFO - Allocating UMIs for gene 3700...
2024-07-20 23:29:05,746 - INFO - Allocating UMIs for gene 3800...
2024-07-20 23:29:05,815 - INFO - Allocating UMIs for gene 3900...
2024-07-20 23:29:05,915 - INFO - Allocating UMIs for gene 4000...
2024-07-20 23:29:06,002 - INFO - Allocating UMIs for gene 4100...
2024-07-20 23:29:06,100 - INFO - Allocating UMIs for gene 4200...
2024-07-20 23:29:06,185 - INFO - Allocating UMIs for gene 4300...
2024-07-20 23:29:06,293 - INFO - Allocating UMIs for gene 4400...
2024-07-20 23:29:06,375 - INFO - Allocating UMIs for gene 4500...
2024-07-20 23:29:06,493 - INFO - Allocating UMIs for gene 4600...
2024-07-20 23:29:06,576 - INFO - Allocating UMIs for gene 4700...
2024-07-20 23:29:06,664 - INFO - Allocating UMIs for gene 4800...
2024-07-20 23:29:06,736 - INFO - Allocating UMIs for gene 4900...
2024-07-20 23:29:06,821 - INFO - Allocating UMIs for gene 5000...
2024-07-20 23:29:06,909 - INFO - Allocating UMIs for gene 5100...
2024-07-20 23:29:06,996 - INFO - Allocating UMIs for gene 5200...
2024-07-20 23:29:07,109 - INFO - Allocating UMIs for gene 5300...
2024-07-20 23:29:07,214 - INFO - Allocating UMIs for gene 5400...
2024-07-20 23:29:07,317 - INFO - Allocating UMIs for gene 5500...
2024-07-20 23:29:07,409 - INFO - Allocating UMIs for gene 5600...
2024-07-20 23:29:07,476 - INFO - Allocating UMIs for gene 5700...
2024-07-20 23:29:07,555 - INFO - Allocating UMIs for gene 5800...
2024-07-20 23:29:07,691 - INFO - Allocating UMIs for gene 5900...
2024-07-20 23:29:07,805 - INFO - Allocating UMIs for gene 6000...
2024-07-20 23:29:07,907 - INFO - Allocating UMIs for gene 6100...
2024-07-20 23:29:07,984 - INFO - Allocating UMIs for gene 6200...
2024-07-20 23:29:08,076 - INFO - Allocating UMIs for gene 6300...
2024-07-20 23:29:08,166 - INFO - Allocating UMIs for gene 6400...
2024-07-20 23:29:08,265 - INFO - Allocating UMIs for gene 6500...
2024-07-20 23:29:08,385 - INFO - Allocating UMIs for gene 6600...
2024-07-20 23:29:08,474 - INFO - Allocating UMIs for gene 6700...
2024-07-20 23:29:08,618 - INFO - Allocating UMIs for gene 6800...
2024-07-20 23:29:08,753 - INFO - Allocating UMIs for gene 6900...
2024-07-20 23:29:08,856 - INFO - Allocating UMIs for gene 7000...
2024-07-20 23:29:08,992 - INFO - Allocating UMIs for gene 7100...
2024-07-20 23:29:09,101 - INFO - Allocating UMIs for gene 7200...
2024-07-20 23:29:09,206 - INFO - Allocating UMIs for gene 7300...
2024-07-20 23:29:09,300 - INFO - Allocating UMIs for gene 7400...
2024-07-20 23:29:09,434 - INFO - Allocating UMIs for gene 7500...
2024-07-20 23:29:09,528 - INFO - Allocating UMIs for gene 7600...
2024-07-20 23:29:09,623 - INFO - Allocating UMIs for gene 7700...
2024-07-20 23:29:09,825 - INFO - Allocating UMIs for gene 7800...
2024-07-20 23:29:09,952 - INFO - Allocating UMIs for gene 7900...
2024-07-20 23:29:10,069 - INFO - UMI allocation complete.
2024-07-20 23:29:10,069 - INFO - Counting overall UMI occurrences...
2024-07-20 23:29:10,079 - INFO - Counting inter-gene collisions...
2024-07-20 23:29:10,157 - INFO - Total UMIs allocated: 47977
2024-07-20 23:29:10,157 - INFO - Number of unique UMIs assigned to genes: 47977
2024-07-20 23:29:10,157 - INFO - Inter-gene collisions: 0
2024-07-20 23:29:10,157 - INFO - Inter-gene collision rate: 0.00000
2024-07-20 23:29:10,157 - INFO - Writing gene UMI counts to file...
2024-07-20 23:29:10,176 - INFO - Writing UMI inter-gene collisions to file...
2024-07-20 23:29:10,179 - INFO - Simulation complete.
