2024-07-20 22:51:41,029 - INFO - Simulation Script Version: 0.0.2
2024-07-20 22:51:41,031 - INFO - Simulation Parameters:
2024-07-20 22:51:41,031 - INFO - Length of UMI: 10
2024-07-20 22:51:41,031 - INFO - Number of genes: 8000
2024-07-20 22:51:41,031 - INFO - Parameters file: None
2024-07-20 22:51:41,031 - INFO - Mean (mu): 6.0
2024-07-20 22:51:41,031 - INFO - Dispersion (theta): 6.0
2024-07-20 22:51:41,031 - INFO - Use Poisson distribution: False
2024-07-20 22:51:41,031 - INFO - Gene UMI counts file: gene_8000_umi16_counts_rep1.txt
2024-07-20 22:51:41,031 - INFO - UMI collisions file: umi16_8000_collisions.txt
2024-07-20 22:51:41,032 - INFO - Seed: None
2024-07-20 22:51:41,032 - INFO - Log file: umi16_8000_rep1.log
2024-07-20 22:51:41,032 - INFO - UMI file: /varidata/research/projects/shen/projects/2024_Bens_swan_song/src/umi_collisions/umi_16.txt
2024-07-20 22:51:41,032 - INFO - No seed specified. Generated random seed: 1267554128
2024-07-20 22:51:41,032 - INFO - Using UMIs from file: /varidata/research/projects/shen/projects/2024_Bens_swan_song/src/umi_collisions/umi_16.txt
2024-07-20 22:56:51,894 - INFO - Total UMIs loaded: 4294967296
2024-07-20 22:56:51,894 - INFO - Loading parameters...
2024-07-20 22:56:51,894 - INFO - Sampling read depths for each gene...
2024-07-20 22:56:52,198 - INFO - Read depths sampling complete.
2024-07-20 22:56:52,198 - INFO - Allocating UMIs based on sampled read depths...
2024-07-20 22:56:52,198 - INFO - Allocating UMIs for gene 0...
2024-07-20 22:56:52,224 - INFO - Allocating UMIs for gene 100...
2024-07-20 22:56:52,251 - INFO - Allocating UMIs for gene 200...
2024-07-20 22:56:52,280 - INFO - Allocating UMIs for gene 300...
2024-07-20 22:56:52,309 - INFO - Allocating UMIs for gene 400...
2024-07-20 22:56:52,336 - INFO - Allocating UMIs for gene 500...
2024-07-20 22:56:52,361 - INFO - Allocating UMIs for gene 600...
2024-07-20 22:56:52,386 - INFO - Allocating UMIs for gene 700...
2024-07-20 22:56:52,440 - INFO - Allocating UMIs for gene 800...
2024-07-20 22:56:52,491 - INFO - Allocating UMIs for gene 900...
2024-07-20 22:56:52,602 - INFO - Allocating UMIs for gene 1000...
2024-07-20 22:56:52,658 - INFO - Allocating UMIs for gene 1100...
2024-07-20 22:56:52,760 - INFO - Allocating UMIs for gene 1200...
2024-07-20 22:56:52,799 - INFO - Allocating UMIs for gene 1300...
2024-07-20 22:56:52,930 - INFO - Allocating UMIs for gene 1400...
2024-07-20 22:56:53,117 - INFO - Allocating UMIs for gene 1500...
2024-07-20 22:56:53,197 - INFO - Allocating UMIs for gene 1600...
2024-07-20 22:56:53,296 - INFO - Allocating UMIs for gene 1700...
2024-07-20 22:56:53,407 - INFO - Allocating UMIs for gene 1800...
2024-07-20 22:56:53,564 - INFO - Allocating UMIs for gene 1900...
2024-07-20 22:56:53,811 - INFO - Allocating UMIs for gene 2000...
2024-07-20 22:56:53,966 - INFO - Allocating UMIs for gene 2100...
2024-07-20 22:56:54,116 - INFO - Allocating UMIs for gene 2200...
2024-07-20 22:56:54,276 - INFO - Allocating UMIs for gene 2300...
2024-07-20 22:56:54,446 - INFO - Allocating UMIs for gene 2400...
2024-07-20 22:56:54,613 - INFO - Allocating UMIs for gene 2500...
2024-07-20 22:56:54,780 - INFO - Allocating UMIs for gene 2600...
2024-07-20 22:56:55,072 - INFO - Allocating UMIs for gene 2700...
2024-07-20 22:56:55,286 - INFO - Allocating UMIs for gene 2800...
2024-07-20 22:56:55,475 - INFO - Allocating UMIs for gene 2900...
2024-07-20 22:56:55,747 - INFO - Allocating UMIs for gene 3000...
2024-07-20 22:56:55,928 - INFO - Allocating UMIs for gene 3100...
2024-07-20 22:56:56,207 - INFO - Allocating UMIs for gene 3200...
2024-07-20 22:56:56,475 - INFO - Allocating UMIs for gene 3300...
2024-07-20 22:56:56,730 - INFO - Allocating UMIs for gene 3400...
2024-07-20 22:56:57,036 - INFO - Allocating UMIs for gene 3500...
2024-07-20 22:56:57,331 - INFO - Allocating UMIs for gene 3600...
2024-07-20 22:56:57,685 - INFO - Allocating UMIs for gene 3700...
2024-07-20 22:56:57,926 - INFO - Allocating UMIs for gene 3800...
2024-07-20 22:56:58,298 - INFO - Allocating UMIs for gene 3900...
2024-07-20 22:56:58,570 - INFO - Allocating UMIs for gene 4000...
2024-07-20 22:56:58,852 - INFO - Allocating UMIs for gene 4100...
2024-07-20 22:56:59,181 - INFO - Allocating UMIs for gene 4200...
2024-07-20 22:56:59,517 - INFO - Allocating UMIs for gene 4300...
2024-07-20 22:56:59,923 - INFO - Allocating UMIs for gene 4400...
2024-07-20 22:57:00,318 - INFO - Allocating UMIs for gene 4500...
2024-07-20 22:57:00,632 - INFO - Allocating UMIs for gene 4600...
2024-07-20 22:57:01,016 - INFO - Allocating UMIs for gene 4700...
2024-07-20 22:57:01,457 - INFO - Allocating UMIs for gene 4800...
2024-07-20 22:57:01,918 - INFO - Allocating UMIs for gene 4900...
2024-07-20 22:57:02,322 - INFO - Allocating UMIs for gene 5000...
2024-07-20 22:57:02,793 - INFO - Allocating UMIs for gene 5100...
2024-07-20 22:57:03,154 - INFO - Allocating UMIs for gene 5200...
2024-07-20 22:57:03,490 - INFO - Allocating UMIs for gene 5300...
2024-07-20 22:57:04,020 - INFO - Allocating UMIs for gene 5400...
2024-07-20 22:57:04,553 - INFO - Allocating UMIs for gene 5500...
2024-07-20 22:57:05,037 - INFO - Allocating UMIs for gene 5600...
2024-07-20 22:57:05,435 - INFO - Allocating UMIs for gene 5700...
2024-07-20 22:57:05,744 - INFO - Allocating UMIs for gene 5800...
2024-07-20 22:57:06,183 - INFO - Allocating UMIs for gene 5900...
2024-07-20 22:57:06,679 - INFO - Allocating UMIs for gene 6000...
2024-07-20 22:57:07,213 - INFO - Allocating UMIs for gene 6100...
2024-07-20 22:57:07,697 - INFO - Allocating UMIs for gene 6200...
2024-07-20 22:57:08,303 - INFO - Allocating UMIs for gene 6300...
2024-07-20 22:57:08,882 - INFO - Allocating UMIs for gene 6400...
2024-07-20 22:57:09,423 - INFO - Allocating UMIs for gene 6500...
2024-07-20 22:57:09,995 - INFO - Allocating UMIs for gene 6600...
2024-07-20 22:57:10,508 - INFO - Allocating UMIs for gene 6700...
2024-07-20 22:57:11,143 - INFO - Allocating UMIs for gene 6800...
2024-07-20 22:57:11,839 - INFO - Allocating UMIs for gene 6900...
2024-07-20 22:57:12,366 - INFO - Allocating UMIs for gene 7000...
2024-07-20 22:57:13,150 - INFO - Allocating UMIs for gene 7100...
2024-07-20 22:57:13,911 - INFO - Allocating UMIs for gene 7200...
2024-07-20 22:57:14,411 - INFO - Allocating UMIs for gene 7300...
2024-07-20 22:57:15,026 - INFO - Allocating UMIs for gene 7400...
2024-07-20 22:57:15,665 - INFO - Allocating UMIs for gene 7500...
2024-07-20 22:57:16,207 - INFO - Allocating UMIs for gene 7600...
2024-07-20 22:57:16,951 - INFO - Allocating UMIs for gene 7700...
2024-07-20 22:57:17,513 - INFO - Allocating UMIs for gene 7800...
2024-07-20 22:57:18,178 - INFO - Allocating UMIs for gene 7900...
2024-07-20 22:57:18,962 - INFO - UMI allocation complete.
2024-07-20 22:57:18,962 - INFO - Counting overall UMI occurrences...
2024-07-20 22:57:18,971 - INFO - Counting inter-gene collisions...
2024-07-20 22:57:19,073 - INFO - Total UMIs allocated: 47885
2024-07-20 22:57:19,073 - INFO - Number of unique UMIs assigned to genes: 47885
2024-07-20 22:57:19,073 - INFO - Inter-gene collisions: 0
2024-07-20 22:57:19,073 - INFO - Inter-gene collision rate: 0.00000
2024-07-20 22:57:19,073 - INFO - Writing gene UMI counts to file...
2024-07-20 22:57:19,081 - INFO - Writing UMI inter-gene collisions to file...
2024-07-20 22:57:19,087 - INFO - Simulation complete.
