2024-07-20 23:50:52,328 - INFO - Simulation Script Version: 0.0.2
2024-07-20 23:50:52,331 - INFO - Simulation Parameters:
2024-07-20 23:50:52,331 - INFO - Length of UMI: 10
2024-07-20 23:50:52,331 - INFO - Number of genes: 8000
2024-07-20 23:50:52,331 - INFO - Parameters file: None
2024-07-20 23:50:52,331 - INFO - Mean (mu): 6.0
2024-07-20 23:50:52,331 - INFO - Dispersion (theta): 6.0
2024-07-20 23:50:52,331 - INFO - Use Poisson distribution: False
2024-07-20 23:50:52,331 - INFO - Gene UMI counts file: gene_8000_umi16_counts_rep7.txt
2024-07-20 23:50:52,331 - INFO - UMI collisions file: umi16_8000_collisions_rep7.txt
2024-07-20 23:50:52,331 - INFO - Seed: None
2024-07-20 23:50:52,331 - INFO - Log file: umi16_8000_rep7.log
2024-07-20 23:50:52,331 - INFO - UMI file: /varidata/research/projects/shen/projects/2024_Bens_swan_song/src/umi_collisions/umi_16.txt
2024-07-20 23:50:52,331 - INFO - No seed specified. Generated random seed: 3426425050
2024-07-20 23:50:52,332 - INFO - Using UMIs from file: /varidata/research/projects/shen/projects/2024_Bens_swan_song/src/umi_collisions/umi_16.txt
2024-07-21 00:00:56,549 - INFO - Total UMIs loaded: 4294967296
2024-07-21 00:00:56,549 - INFO - Loading parameters...
2024-07-21 00:00:56,549 - INFO - Sampling read depths for each gene...
2024-07-21 00:00:56,853 - INFO - Read depths sampling complete.
2024-07-21 00:00:56,853 - INFO - Allocating UMIs based on sampled read depths...
2024-07-21 00:00:56,853 - INFO - Allocating UMIs for gene 0...
2024-07-21 00:00:57,254 - INFO - Allocating UMIs for gene 100...
2024-07-21 00:00:57,731 - INFO - Allocating UMIs for gene 200...
2024-07-21 00:00:58,287 - INFO - Allocating UMIs for gene 300...
2024-07-21 00:00:58,924 - INFO - Allocating UMIs for gene 400...
2024-07-21 00:00:59,548 - INFO - Allocating UMIs for gene 500...
2024-07-21 00:01:00,078 - INFO - Allocating UMIs for gene 600...
2024-07-21 00:01:00,627 - INFO - Allocating UMIs for gene 700...
2024-07-21 00:01:01,212 - INFO - Allocating UMIs for gene 800...
2024-07-21 00:01:01,805 - INFO - Allocating UMIs for gene 900...
2024-07-21 00:01:02,493 - INFO - Allocating UMIs for gene 1000...
2024-07-21 00:01:03,097 - INFO - Allocating UMIs for gene 1100...
2024-07-21 00:01:03,678 - INFO - Allocating UMIs for gene 1200...
2024-07-21 00:01:04,448 - INFO - Allocating UMIs for gene 1300...
2024-07-21 00:01:05,022 - INFO - Allocating UMIs for gene 1400...
2024-07-21 00:01:05,654 - INFO - Allocating UMIs for gene 1500...
2024-07-21 00:01:06,221 - INFO - Allocating UMIs for gene 1600...
2024-07-21 00:01:07,003 - INFO - Allocating UMIs for gene 1700...
2024-07-21 00:01:07,929 - INFO - Allocating UMIs for gene 1800...
2024-07-21 00:01:08,679 - INFO - Allocating UMIs for gene 1900...
2024-07-21 00:01:09,402 - INFO - Allocating UMIs for gene 2000...
2024-07-21 00:01:10,198 - INFO - Allocating UMIs for gene 2100...
2024-07-21 00:01:10,974 - INFO - Allocating UMIs for gene 2200...
2024-07-21 00:01:11,770 - INFO - Allocating UMIs for gene 2300...
2024-07-21 00:01:12,871 - INFO - Allocating UMIs for gene 2400...
2024-07-21 00:01:13,581 - INFO - Allocating UMIs for gene 2500...
2024-07-21 00:01:14,368 - INFO - Allocating UMIs for gene 2600...
2024-07-21 00:01:15,469 - INFO - Allocating UMIs for gene 2700...
2024-07-21 00:01:16,179 - INFO - Allocating UMIs for gene 2800...
2024-07-21 00:01:16,688 - INFO - Allocating UMIs for gene 2900...
2024-07-21 00:01:17,473 - INFO - Allocating UMIs for gene 3000...
2024-07-21 00:01:18,465 - INFO - Allocating UMIs for gene 3100...
2024-07-21 00:01:19,259 - INFO - Allocating UMIs for gene 3200...
2024-07-21 00:01:20,081 - INFO - Allocating UMIs for gene 3300...
2024-07-21 00:01:21,072 - INFO - Allocating UMIs for gene 3400...
2024-07-21 00:01:21,943 - INFO - Allocating UMIs for gene 3500...
2024-07-21 00:01:22,672 - INFO - Allocating UMIs for gene 3600...
2024-07-21 00:01:23,666 - INFO - Allocating UMIs for gene 3700...
2024-07-21 00:01:24,471 - INFO - Allocating UMIs for gene 3800...
2024-07-21 00:01:25,433 - INFO - Allocating UMIs for gene 3900...
2024-07-21 00:01:26,187 - INFO - Allocating UMIs for gene 4000...
2024-07-21 00:01:27,078 - INFO - Allocating UMIs for gene 4100...
2024-07-21 00:01:28,416 - INFO - Allocating UMIs for gene 4200...
2024-07-21 00:01:29,273 - INFO - Allocating UMIs for gene 4300...
2024-07-21 00:01:30,033 - INFO - Allocating UMIs for gene 4400...
2024-07-21 00:01:31,060 - INFO - Allocating UMIs for gene 4500...
2024-07-21 00:01:31,890 - INFO - Allocating UMIs for gene 4600...
2024-07-21 00:01:32,603 - INFO - Allocating UMIs for gene 4700...
2024-07-21 00:01:33,219 - INFO - Allocating UMIs for gene 4800...
2024-07-21 00:01:34,413 - INFO - Allocating UMIs for gene 4900...
2024-07-21 00:01:35,378 - INFO - Allocating UMIs for gene 5000...
2024-07-21 00:01:36,726 - INFO - Allocating UMIs for gene 5100...
2024-07-21 00:01:37,755 - INFO - Allocating UMIs for gene 5200...
2024-07-21 00:01:38,782 - INFO - Allocating UMIs for gene 5300...
2024-07-21 00:01:39,858 - INFO - Allocating UMIs for gene 5400...
2024-07-21 00:01:41,008 - INFO - Allocating UMIs for gene 5500...
2024-07-21 00:01:42,038 - INFO - Allocating UMIs for gene 5600...
2024-07-21 00:01:43,073 - INFO - Allocating UMIs for gene 5700...
2024-07-21 00:01:44,051 - INFO - Allocating UMIs for gene 5800...
2024-07-21 00:01:45,066 - INFO - Allocating UMIs for gene 5900...
2024-07-21 00:01:46,040 - INFO - Allocating UMIs for gene 6000...
2024-07-21 00:01:46,883 - INFO - Allocating UMIs for gene 6100...
2024-07-21 00:01:47,856 - INFO - Allocating UMIs for gene 6200...
2024-07-21 00:01:48,859 - INFO - Allocating UMIs for gene 6300...
2024-07-21 00:01:49,705 - INFO - Allocating UMIs for gene 6400...
2024-07-21 00:01:50,652 - INFO - Allocating UMIs for gene 6500...
2024-07-21 00:01:51,674 - INFO - Allocating UMIs for gene 6600...
2024-07-21 00:01:52,780 - INFO - Allocating UMIs for gene 6700...
2024-07-21 00:01:53,468 - INFO - Allocating UMIs for gene 6800...
2024-07-21 00:01:54,708 - INFO - Allocating UMIs for gene 6900...
2024-07-21 00:01:55,787 - INFO - Allocating UMIs for gene 7000...
2024-07-21 00:01:56,545 - INFO - Allocating UMIs for gene 7100...
2024-07-21 00:01:57,747 - INFO - Allocating UMIs for gene 7200...
2024-07-21 00:01:58,642 - INFO - Allocating UMIs for gene 7300...
2024-07-21 00:01:59,707 - INFO - Allocating UMIs for gene 7400...
2024-07-21 00:02:00,467 - INFO - Allocating UMIs for gene 7500...
2024-07-21 00:02:01,321 - INFO - Allocating UMIs for gene 7600...
2024-07-21 00:02:02,063 - INFO - Allocating UMIs for gene 7700...
2024-07-21 00:02:03,003 - INFO - Allocating UMIs for gene 7800...
2024-07-21 00:02:03,918 - INFO - Allocating UMIs for gene 7900...
2024-07-21 00:02:04,532 - INFO - UMI allocation complete.
2024-07-21 00:02:04,532 - INFO - Counting overall UMI occurrences...
2024-07-21 00:02:04,541 - INFO - Counting inter-gene collisions...
2024-07-21 00:02:04,639 - INFO - Total UMIs allocated: 47488
2024-07-21 00:02:04,639 - INFO - Number of unique UMIs assigned to genes: 47488
2024-07-21 00:02:04,639 - INFO - Inter-gene collisions: 0
2024-07-21 00:02:04,639 - INFO - Inter-gene collision rate: 0.00000
2024-07-21 00:02:04,639 - INFO - Writing gene UMI counts to file...
2024-07-21 00:02:04,659 - INFO - Writing UMI inter-gene collisions to file...
2024-07-21 00:02:04,662 - INFO - Simulation complete.
