2024-07-20 23:07:44,053 - INFO - Simulation Script Version: 0.0.2
2024-07-20 23:07:44,060 - INFO - Simulation Parameters:
2024-07-20 23:07:44,060 - INFO - Length of UMI: 10
2024-07-20 23:07:44,060 - INFO - Number of genes: 8000
2024-07-20 23:07:44,060 - INFO - Parameters file: None
2024-07-20 23:07:44,060 - INFO - Mean (mu): 6.0
2024-07-20 23:07:44,060 - INFO - Dispersion (theta): 6.0
2024-07-20 23:07:44,060 - INFO - Use Poisson distribution: False
2024-07-20 23:07:44,060 - INFO - Gene UMI counts file: gene_8000_umi16_counts_rep3.txt
2024-07-20 23:07:44,060 - INFO - UMI collisions file: umi16_8000_collisions_rep3.txt
2024-07-20 23:07:44,060 - INFO - Seed: None
2024-07-20 23:07:44,060 - INFO - Log file: umi16_8000_rep3.log
2024-07-20 23:07:44,060 - INFO - UMI file: /varidata/research/projects/shen/projects/2024_Bens_swan_song/src/umi_collisions/umi_16.txt
2024-07-20 23:07:44,060 - INFO - No seed specified. Generated random seed: 128139287
2024-07-20 23:07:44,060 - INFO - Using UMIs from file: /varidata/research/projects/shen/projects/2024_Bens_swan_song/src/umi_collisions/umi_16.txt
2024-07-20 23:17:50,282 - INFO - Total UMIs loaded: 4294967296
2024-07-20 23:17:50,282 - INFO - Loading parameters...
2024-07-20 23:17:50,282 - INFO - Sampling read depths for each gene...
2024-07-20 23:17:50,585 - INFO - Read depths sampling complete.
2024-07-20 23:17:50,585 - INFO - Allocating UMIs based on sampled read depths...
2024-07-20 23:17:50,585 - INFO - Allocating UMIs for gene 0...
2024-07-20 23:17:50,625 - INFO - Allocating UMIs for gene 100...
2024-07-20 23:17:50,677 - INFO - Allocating UMIs for gene 200...
2024-07-20 23:17:50,740 - INFO - Allocating UMIs for gene 300...
2024-07-20 23:17:50,787 - INFO - Allocating UMIs for gene 400...
2024-07-20 23:17:50,844 - INFO - Allocating UMIs for gene 500...
2024-07-20 23:17:50,889 - INFO - Allocating UMIs for gene 600...
2024-07-20 23:17:50,939 - INFO - Allocating UMIs for gene 700...
2024-07-20 23:17:50,982 - INFO - Allocating UMIs for gene 800...
2024-07-20 23:17:51,028 - INFO - Allocating UMIs for gene 900...
2024-07-20 23:17:51,078 - INFO - Allocating UMIs for gene 1000...
2024-07-20 23:17:51,121 - INFO - Allocating UMIs for gene 1100...
2024-07-20 23:17:51,173 - INFO - Allocating UMIs for gene 1200...
2024-07-20 23:17:51,216 - INFO - Allocating UMIs for gene 1300...
2024-07-20 23:17:51,265 - INFO - Allocating UMIs for gene 1400...
2024-07-20 23:17:51,315 - INFO - Allocating UMIs for gene 1500...
2024-07-20 23:17:51,368 - INFO - Allocating UMIs for gene 1600...
2024-07-20 23:17:51,416 - INFO - Allocating UMIs for gene 1700...
2024-07-20 23:17:51,463 - INFO - Allocating UMIs for gene 1800...
2024-07-20 23:17:51,522 - INFO - Allocating UMIs for gene 1900...
2024-07-20 23:17:51,574 - INFO - Allocating UMIs for gene 2000...
2024-07-20 23:17:51,625 - INFO - Allocating UMIs for gene 2100...
2024-07-20 23:17:51,665 - INFO - Allocating UMIs for gene 2200...
2024-07-20 23:17:51,712 - INFO - Allocating UMIs for gene 2300...
2024-07-20 23:17:51,768 - INFO - Allocating UMIs for gene 2400...
2024-07-20 23:17:51,855 - INFO - Allocating UMIs for gene 2500...
2024-07-20 23:17:51,916 - INFO - Allocating UMIs for gene 2600...
2024-07-20 23:17:51,967 - INFO - Allocating UMIs for gene 2700...
2024-07-20 23:17:52,022 - INFO - Allocating UMIs for gene 2800...
2024-07-20 23:17:52,072 - INFO - Allocating UMIs for gene 2900...
2024-07-20 23:17:52,125 - INFO - Allocating UMIs for gene 3000...
2024-07-20 23:17:52,185 - INFO - Allocating UMIs for gene 3100...
2024-07-20 23:17:52,243 - INFO - Allocating UMIs for gene 3200...
2024-07-20 23:17:52,291 - INFO - Allocating UMIs for gene 3300...
2024-07-20 23:17:52,360 - INFO - Allocating UMIs for gene 3400...
2024-07-20 23:17:52,416 - INFO - Allocating UMIs for gene 3500...
2024-07-20 23:17:52,484 - INFO - Allocating UMIs for gene 3600...
2024-07-20 23:17:52,548 - INFO - Allocating UMIs for gene 3700...
2024-07-20 23:17:52,608 - INFO - Allocating UMIs for gene 3800...
2024-07-20 23:17:52,681 - INFO - Allocating UMIs for gene 3900...
2024-07-20 23:17:52,738 - INFO - Allocating UMIs for gene 4000...
2024-07-20 23:17:52,806 - INFO - Allocating UMIs for gene 4100...
2024-07-20 23:17:52,890 - INFO - Allocating UMIs for gene 4200...
2024-07-20 23:17:52,963 - INFO - Allocating UMIs for gene 4300...
2024-07-20 23:17:53,046 - INFO - Allocating UMIs for gene 4400...
2024-07-20 23:17:53,113 - INFO - Allocating UMIs for gene 4500...
2024-07-20 23:17:53,180 - INFO - Allocating UMIs for gene 4600...
2024-07-20 23:17:53,250 - INFO - Allocating UMIs for gene 4700...
2024-07-20 23:17:53,362 - INFO - Allocating UMIs for gene 4800...
2024-07-20 23:17:53,428 - INFO - Allocating UMIs for gene 4900...
2024-07-20 23:17:53,490 - INFO - Allocating UMIs for gene 5000...
2024-07-20 23:17:53,573 - INFO - Allocating UMIs for gene 5100...
2024-07-20 23:17:53,643 - INFO - Allocating UMIs for gene 5200...
2024-07-20 23:17:53,724 - INFO - Allocating UMIs for gene 5300...
2024-07-20 23:17:53,791 - INFO - Allocating UMIs for gene 5400...
2024-07-20 23:17:53,856 - INFO - Allocating UMIs for gene 5500...
2024-07-20 23:17:53,922 - INFO - Allocating UMIs for gene 5600...
2024-07-20 23:17:53,988 - INFO - Allocating UMIs for gene 5700...
2024-07-20 23:17:54,056 - INFO - Allocating UMIs for gene 5800...
2024-07-20 23:17:54,135 - INFO - Allocating UMIs for gene 5900...
2024-07-20 23:17:54,202 - INFO - Allocating UMIs for gene 6000...
2024-07-20 23:17:54,276 - INFO - Allocating UMIs for gene 6100...
2024-07-20 23:17:54,347 - INFO - Allocating UMIs for gene 6200...
2024-07-20 23:17:54,427 - INFO - Allocating UMIs for gene 6300...
2024-07-20 23:17:54,495 - INFO - Allocating UMIs for gene 6400...
2024-07-20 23:17:54,569 - INFO - Allocating UMIs for gene 6500...
2024-07-20 23:17:54,639 - INFO - Allocating UMIs for gene 6600...
2024-07-20 23:17:54,732 - INFO - Allocating UMIs for gene 6700...
2024-07-20 23:17:54,811 - INFO - Allocating UMIs for gene 6800...
2024-07-20 23:17:54,908 - INFO - Allocating UMIs for gene 6900...
2024-07-20 23:17:55,009 - INFO - Allocating UMIs for gene 7000...
2024-07-20 23:17:55,075 - INFO - Allocating UMIs for gene 7100...
2024-07-20 23:17:55,167 - INFO - Allocating UMIs for gene 7200...
2024-07-20 23:17:55,242 - INFO - Allocating UMIs for gene 7300...
2024-07-20 23:17:55,314 - INFO - Allocating UMIs for gene 7400...
2024-07-20 23:17:55,390 - INFO - Allocating UMIs for gene 7500...
2024-07-20 23:17:55,601 - INFO - Allocating UMIs for gene 7600...
2024-07-20 23:17:55,698 - INFO - Allocating UMIs for gene 7700...
2024-07-20 23:17:55,802 - INFO - Allocating UMIs for gene 7800...
2024-07-20 23:17:55,885 - INFO - Allocating UMIs for gene 7900...
2024-07-20 23:17:55,958 - INFO - UMI allocation complete.
2024-07-20 23:17:55,958 - INFO - Counting overall UMI occurrences...
2024-07-20 23:17:55,967 - INFO - Counting inter-gene collisions...
2024-07-20 23:17:56,041 - INFO - Total UMIs allocated: 48286
2024-07-20 23:17:56,042 - INFO - Number of unique UMIs assigned to genes: 48286
2024-07-20 23:17:56,042 - INFO - Inter-gene collisions: 0
2024-07-20 23:17:56,042 - INFO - Inter-gene collision rate: 0.00000
2024-07-20 23:17:56,042 - INFO - Writing gene UMI counts to file...
2024-07-20 23:17:56,073 - INFO - Writing UMI inter-gene collisions to file...
2024-07-20 23:17:56,075 - INFO - Simulation complete.
