2024-07-21 00:11:47,708 - INFO - Simulation Script Version: 0.0.2
2024-07-21 00:11:47,711 - INFO - Simulation Parameters:
2024-07-21 00:11:47,711 - INFO - Length of UMI: 10
2024-07-21 00:11:47,711 - INFO - Number of genes: 8000
2024-07-21 00:11:47,711 - INFO - Parameters file: None
2024-07-21 00:11:47,711 - INFO - Mean (mu): 6.0
2024-07-21 00:11:47,711 - INFO - Dispersion (theta): 6.0
2024-07-21 00:11:47,711 - INFO - Use Poisson distribution: False
2024-07-21 00:11:47,711 - INFO - Gene UMI counts file: gene_8000_umi16_counts_rep9.txt
2024-07-21 00:11:47,711 - INFO - UMI collisions file: umi16_8000_collisions_rep9.txt
2024-07-21 00:11:47,711 - INFO - Seed: None
2024-07-21 00:11:47,711 - INFO - Log file: umi16_8000_rep9.log
2024-07-21 00:11:47,711 - INFO - UMI file: /varidata/research/projects/shen/projects/2024_Bens_swan_song/src/umi_collisions/umi_16.txt
2024-07-21 00:11:47,711 - INFO - No seed specified. Generated random seed: 1380906775
2024-07-21 00:11:47,711 - INFO - Using UMIs from file: /varidata/research/projects/shen/projects/2024_Bens_swan_song/src/umi_collisions/umi_16.txt
2024-07-21 00:20:28,172 - INFO - Total UMIs loaded: 4294967296
2024-07-21 00:20:28,172 - INFO - Loading parameters...
2024-07-21 00:20:28,172 - INFO - Sampling read depths for each gene...
2024-07-21 00:20:28,478 - INFO - Read depths sampling complete.
2024-07-21 00:20:28,478 - INFO - Allocating UMIs based on sampled read depths...
2024-07-21 00:20:28,478 - INFO - Allocating UMIs for gene 0...
2024-07-21 00:20:28,654 - INFO - Allocating UMIs for gene 100...
2024-07-21 00:20:28,763 - INFO - Allocating UMIs for gene 200...
2024-07-21 00:20:29,016 - INFO - Allocating UMIs for gene 300...
2024-07-21 00:20:29,176 - INFO - Allocating UMIs for gene 400...
2024-07-21 00:20:29,270 - INFO - Allocating UMIs for gene 500...
2024-07-21 00:20:29,422 - INFO - Allocating UMIs for gene 600...
2024-07-21 00:20:29,548 - INFO - Allocating UMIs for gene 700...
2024-07-21 00:20:29,717 - INFO - Allocating UMIs for gene 800...
2024-07-21 00:20:29,839 - INFO - Allocating UMIs for gene 900...
2024-07-21 00:20:30,011 - INFO - Allocating UMIs for gene 1000...
2024-07-21 00:20:30,122 - INFO - Allocating UMIs for gene 1100...
2024-07-21 00:20:30,248 - INFO - Allocating UMIs for gene 1200...
2024-07-21 00:20:30,490 - INFO - Allocating UMIs for gene 1300...
2024-07-21 00:20:30,645 - INFO - Allocating UMIs for gene 1400...
2024-07-21 00:20:30,812 - INFO - Allocating UMIs for gene 1500...
2024-07-21 00:20:30,914 - INFO - Allocating UMIs for gene 1600...
2024-07-21 00:20:31,474 - INFO - Allocating UMIs for gene 1700...
2024-07-21 00:20:31,652 - INFO - Allocating UMIs for gene 1800...
2024-07-21 00:20:31,765 - INFO - Allocating UMIs for gene 1900...
2024-07-21 00:20:31,913 - INFO - Allocating UMIs for gene 2000...
2024-07-21 00:20:32,090 - INFO - Allocating UMIs for gene 2100...
2024-07-21 00:20:32,258 - INFO - Allocating UMIs for gene 2200...
2024-07-21 00:20:32,485 - INFO - Allocating UMIs for gene 2300...
2024-07-21 00:20:32,635 - INFO - Allocating UMIs for gene 2400...
2024-07-21 00:20:32,923 - INFO - Allocating UMIs for gene 2500...
2024-07-21 00:20:33,097 - INFO - Allocating UMIs for gene 2600...
2024-07-21 00:20:33,261 - INFO - Allocating UMIs for gene 2700...
2024-07-21 00:20:33,591 - INFO - Allocating UMIs for gene 2800...
2024-07-21 00:20:33,879 - INFO - Allocating UMIs for gene 2900...
2024-07-21 00:20:34,156 - INFO - Allocating UMIs for gene 3000...
2024-07-21 00:20:34,350 - INFO - Allocating UMIs for gene 3100...
2024-07-21 00:20:34,546 - INFO - Allocating UMIs for gene 3200...
2024-07-21 00:20:34,829 - INFO - Allocating UMIs for gene 3300...
2024-07-21 00:20:35,094 - INFO - Allocating UMIs for gene 3400...
2024-07-21 00:20:35,451 - INFO - Allocating UMIs for gene 3500...
2024-07-21 00:20:35,667 - INFO - Allocating UMIs for gene 3600...
2024-07-21 00:20:35,897 - INFO - Allocating UMIs for gene 3700...
2024-07-21 00:20:36,088 - INFO - Allocating UMIs for gene 3800...
2024-07-21 00:20:36,348 - INFO - Allocating UMIs for gene 3900...
2024-07-21 00:20:36,629 - INFO - Allocating UMIs for gene 4000...
2024-07-21 00:20:36,864 - INFO - Allocating UMIs for gene 4100...
2024-07-21 00:20:37,166 - INFO - Allocating UMIs for gene 4200...
2024-07-21 00:20:37,508 - INFO - Allocating UMIs for gene 4300...
2024-07-21 00:20:37,747 - INFO - Allocating UMIs for gene 4400...
2024-07-21 00:20:38,030 - INFO - Allocating UMIs for gene 4500...
2024-07-21 00:20:38,269 - INFO - Allocating UMIs for gene 4600...
2024-07-21 00:20:38,637 - INFO - Allocating UMIs for gene 4700...
2024-07-21 00:20:38,887 - INFO - Allocating UMIs for gene 4800...
2024-07-21 00:20:39,310 - INFO - Allocating UMIs for gene 4900...
2024-07-21 00:20:39,574 - INFO - Allocating UMIs for gene 5000...
2024-07-21 00:20:39,929 - INFO - Allocating UMIs for gene 5100...
2024-07-21 00:20:40,135 - INFO - Allocating UMIs for gene 5200...
2024-07-21 00:20:40,447 - INFO - Allocating UMIs for gene 5300...
2024-07-21 00:20:40,891 - INFO - Allocating UMIs for gene 5400...
2024-07-21 00:20:41,194 - INFO - Allocating UMIs for gene 5500...
2024-07-21 00:20:41,607 - INFO - Allocating UMIs for gene 5600...
2024-07-21 00:20:42,090 - INFO - Allocating UMIs for gene 5700...
2024-07-21 00:20:42,542 - INFO - Allocating UMIs for gene 5800...
2024-07-21 00:20:43,064 - INFO - Allocating UMIs for gene 5900...
2024-07-21 00:20:43,510 - INFO - Allocating UMIs for gene 6000...
2024-07-21 00:20:43,930 - INFO - Allocating UMIs for gene 6100...
2024-07-21 00:20:44,417 - INFO - Allocating UMIs for gene 6200...
2024-07-21 00:20:45,043 - INFO - Allocating UMIs for gene 6300...
2024-07-21 00:20:45,491 - INFO - Allocating UMIs for gene 6400...
2024-07-21 00:20:45,930 - INFO - Allocating UMIs for gene 6500...
2024-07-21 00:20:46,462 - INFO - Allocating UMIs for gene 6600...
2024-07-21 00:20:46,956 - INFO - Allocating UMIs for gene 6700...
2024-07-21 00:20:47,530 - INFO - Allocating UMIs for gene 6800...
2024-07-21 00:20:47,918 - INFO - Allocating UMIs for gene 6900...
2024-07-21 00:20:48,365 - INFO - Allocating UMIs for gene 7000...
2024-07-21 00:20:48,793 - INFO - Allocating UMIs for gene 7100...
2024-07-21 00:20:49,378 - INFO - Allocating UMIs for gene 7200...
2024-07-21 00:20:49,913 - INFO - Allocating UMIs for gene 7300...
2024-07-21 00:20:50,459 - INFO - Allocating UMIs for gene 7400...
2024-07-21 00:20:51,005 - INFO - Allocating UMIs for gene 7500...
2024-07-21 00:20:51,516 - INFO - Allocating UMIs for gene 7600...
2024-07-21 00:20:52,055 - INFO - Allocating UMIs for gene 7700...
2024-07-21 00:20:52,421 - INFO - Allocating UMIs for gene 7800...
2024-07-21 00:20:52,882 - INFO - Allocating UMIs for gene 7900...
2024-07-21 00:20:53,381 - INFO - UMI allocation complete.
2024-07-21 00:20:53,381 - INFO - Counting overall UMI occurrences...
2024-07-21 00:20:53,389 - INFO - Counting inter-gene collisions...
2024-07-21 00:20:53,458 - INFO - Total UMIs allocated: 47948
2024-07-21 00:20:53,459 - INFO - Number of unique UMIs assigned to genes: 47948
2024-07-21 00:20:53,459 - INFO - Inter-gene collisions: 0
2024-07-21 00:20:53,459 - INFO - Inter-gene collision rate: 0.00000
2024-07-21 00:20:53,459 - INFO - Writing gene UMI counts to file...
2024-07-21 00:20:53,468 - INFO - Writing UMI inter-gene collisions to file...
2024-07-21 00:20:53,472 - INFO - Simulation complete.
