2024-07-20 23:40:02,970 - INFO - Simulation Script Version: 0.0.2
2024-07-20 23:40:02,991 - INFO - Simulation Parameters:
2024-07-20 23:40:02,991 - INFO - Length of UMI: 10
2024-07-20 23:40:02,991 - INFO - Number of genes: 8000
2024-07-20 23:40:02,991 - INFO - Parameters file: None
2024-07-20 23:40:02,991 - INFO - Mean (mu): 6.0
2024-07-20 23:40:02,991 - INFO - Dispersion (theta): 6.0
2024-07-20 23:40:02,991 - INFO - Use Poisson distribution: False
2024-07-20 23:40:02,991 - INFO - Gene UMI counts file: gene_8000_umi16_counts_rep6.txt
2024-07-20 23:40:02,992 - INFO - UMI collisions file: umi16_8000_collisions_rep6.txt
2024-07-20 23:40:02,992 - INFO - Seed: None
2024-07-20 23:40:02,992 - INFO - Log file: umi16_8000_rep6.log
2024-07-20 23:40:02,992 - INFO - UMI file: /varidata/research/projects/shen/projects/2024_Bens_swan_song/src/umi_collisions/umi_16.txt
2024-07-20 23:40:02,992 - INFO - No seed specified. Generated random seed: 3768848382
2024-07-20 23:40:02,992 - INFO - Using UMIs from file: /varidata/research/projects/shen/projects/2024_Bens_swan_song/src/umi_collisions/umi_16.txt
2024-07-20 23:50:03,639 - INFO - Total UMIs loaded: 4294967296
2024-07-20 23:50:03,639 - INFO - Loading parameters...
2024-07-20 23:50:03,639 - INFO - Sampling read depths for each gene...
2024-07-20 23:50:03,955 - INFO - Read depths sampling complete.
2024-07-20 23:50:03,955 - INFO - Allocating UMIs based on sampled read depths...
2024-07-20 23:50:03,955 - INFO - Allocating UMIs for gene 0...
2024-07-20 23:50:04,344 - INFO - Allocating UMIs for gene 100...
2024-07-20 23:50:04,875 - INFO - Allocating UMIs for gene 200...
2024-07-20 23:50:05,168 - INFO - Allocating UMIs for gene 300...
2024-07-20 23:50:05,484 - INFO - Allocating UMIs for gene 400...
2024-07-20 23:50:05,932 - INFO - Allocating UMIs for gene 500...
2024-07-20 23:50:06,252 - INFO - Allocating UMIs for gene 600...
2024-07-20 23:50:06,551 - INFO - Allocating UMIs for gene 700...
2024-07-20 23:50:07,015 - INFO - Allocating UMIs for gene 800...
2024-07-20 23:50:07,424 - INFO - Allocating UMIs for gene 900...
2024-07-20 23:50:08,127 - INFO - Allocating UMIs for gene 1000...
2024-07-20 23:50:08,734 - INFO - Allocating UMIs for gene 1100...
2024-07-20 23:50:09,073 - INFO - Allocating UMIs for gene 1200...
2024-07-20 23:50:09,510 - INFO - Allocating UMIs for gene 1300...
2024-07-20 23:50:09,917 - INFO - Allocating UMIs for gene 1400...
2024-07-20 23:50:10,309 - INFO - Allocating UMIs for gene 1500...
2024-07-20 23:50:10,882 - INFO - Allocating UMIs for gene 1600...
2024-07-20 23:50:11,143 - INFO - Allocating UMIs for gene 1700...
2024-07-20 23:50:11,618 - INFO - Allocating UMIs for gene 1800...
2024-07-20 23:50:12,051 - INFO - Allocating UMIs for gene 1900...
2024-07-20 23:50:12,384 - INFO - Allocating UMIs for gene 2000...
2024-07-20 23:50:12,846 - INFO - Allocating UMIs for gene 2100...
2024-07-20 23:50:13,406 - INFO - Allocating UMIs for gene 2200...
2024-07-20 23:50:13,893 - INFO - Allocating UMIs for gene 2300...
2024-07-20 23:50:14,303 - INFO - Allocating UMIs for gene 2400...
2024-07-20 23:50:14,654 - INFO - Allocating UMIs for gene 2500...
2024-07-20 23:50:15,318 - INFO - Allocating UMIs for gene 2600...
2024-07-20 23:50:15,965 - INFO - Allocating UMIs for gene 2700...
2024-07-20 23:50:16,700 - INFO - Allocating UMIs for gene 2800...
2024-07-20 23:50:17,186 - INFO - Allocating UMIs for gene 2900...
2024-07-20 23:50:17,700 - INFO - Allocating UMIs for gene 3000...
2024-07-20 23:50:18,301 - INFO - Allocating UMIs for gene 3100...
2024-07-20 23:50:18,817 - INFO - Allocating UMIs for gene 3200...
2024-07-20 23:50:19,335 - INFO - Allocating UMIs for gene 3300...
2024-07-20 23:50:20,062 - INFO - Allocating UMIs for gene 3400...
2024-07-20 23:50:20,777 - INFO - Allocating UMIs for gene 3500...
2024-07-20 23:50:21,342 - INFO - Allocating UMIs for gene 3600...
2024-07-20 23:50:21,809 - INFO - Allocating UMIs for gene 3700...
2024-07-20 23:50:22,379 - INFO - Allocating UMIs for gene 3800...
2024-07-20 23:50:22,793 - INFO - Allocating UMIs for gene 3900...
2024-07-20 23:50:23,365 - INFO - Allocating UMIs for gene 4000...
2024-07-20 23:50:23,806 - INFO - Allocating UMIs for gene 4100...
2024-07-20 23:50:24,343 - INFO - Allocating UMIs for gene 4200...
2024-07-20 23:50:25,039 - INFO - Allocating UMIs for gene 4300...
2024-07-20 23:50:25,895 - INFO - Allocating UMIs for gene 4400...
2024-07-20 23:50:26,482 - INFO - Allocating UMIs for gene 4500...
2024-07-20 23:50:27,211 - INFO - Allocating UMIs for gene 4600...
2024-07-20 23:50:27,948 - INFO - Allocating UMIs for gene 4700...
2024-07-20 23:50:28,761 - INFO - Allocating UMIs for gene 4800...
2024-07-20 23:50:29,345 - INFO - Allocating UMIs for gene 4900...
2024-07-20 23:50:29,822 - INFO - Allocating UMIs for gene 5000...
2024-07-20 23:50:30,354 - INFO - Allocating UMIs for gene 5100...
2024-07-20 23:50:31,062 - INFO - Allocating UMIs for gene 5200...
2024-07-20 23:50:31,854 - INFO - Allocating UMIs for gene 5300...
2024-07-20 23:50:32,489 - INFO - Allocating UMIs for gene 5400...
2024-07-20 23:50:33,136 - INFO - Allocating UMIs for gene 5500...
2024-07-20 23:50:33,782 - INFO - Allocating UMIs for gene 5600...
2024-07-20 23:50:34,186 - INFO - Allocating UMIs for gene 5700...
2024-07-20 23:50:34,953 - INFO - Allocating UMIs for gene 5800...
2024-07-20 23:50:35,643 - INFO - Allocating UMIs for gene 5900...
2024-07-20 23:50:36,142 - INFO - Allocating UMIs for gene 6000...
2024-07-20 23:50:36,724 - INFO - Allocating UMIs for gene 6100...
2024-07-20 23:50:37,593 - INFO - Allocating UMIs for gene 6200...
2024-07-20 23:50:38,256 - INFO - Allocating UMIs for gene 6300...
2024-07-20 23:50:38,878 - INFO - Allocating UMIs for gene 6400...
2024-07-20 23:50:39,616 - INFO - Allocating UMIs for gene 6500...
2024-07-20 23:50:40,407 - INFO - Allocating UMIs for gene 6600...
2024-07-20 23:50:41,162 - INFO - Allocating UMIs for gene 6700...
2024-07-20 23:50:41,757 - INFO - Allocating UMIs for gene 6800...
2024-07-20 23:50:42,573 - INFO - Allocating UMIs for gene 6900...
2024-07-20 23:50:43,398 - INFO - Allocating UMIs for gene 7000...
2024-07-20 23:50:44,370 - INFO - Allocating UMIs for gene 7100...
2024-07-20 23:50:44,957 - INFO - Allocating UMIs for gene 7200...
2024-07-20 23:50:46,008 - INFO - Allocating UMIs for gene 7300...
2024-07-20 23:50:46,722 - INFO - Allocating UMIs for gene 7400...
2024-07-20 23:50:47,416 - INFO - Allocating UMIs for gene 7500...
2024-07-20 23:50:48,197 - INFO - Allocating UMIs for gene 7600...
2024-07-20 23:50:48,950 - INFO - Allocating UMIs for gene 7700...
2024-07-20 23:50:49,803 - INFO - Allocating UMIs for gene 7800...
2024-07-20 23:50:50,577 - INFO - Allocating UMIs for gene 7900...
2024-07-20 23:50:51,151 - INFO - UMI allocation complete.
2024-07-20 23:50:51,151 - INFO - Counting overall UMI occurrences...
2024-07-20 23:50:51,162 - INFO - Counting inter-gene collisions...
2024-07-20 23:50:51,239 - INFO - Total UMIs allocated: 48008
2024-07-20 23:50:51,239 - INFO - Number of unique UMIs assigned to genes: 48005
2024-07-20 23:50:51,239 - INFO - Inter-gene collisions: 3
2024-07-20 23:50:51,239 - INFO - Inter-gene collision rate: 0.00006
2024-07-20 23:50:51,239 - INFO - Writing gene UMI counts to file...
2024-07-20 23:50:51,263 - INFO - Writing UMI inter-gene collisions to file...
2024-07-20 23:50:51,266 - INFO - Simulation complete.
