2024-07-21 00:02:05,832 - INFO - Simulation Script Version: 0.0.2
2024-07-21 00:02:05,834 - INFO - Simulation Parameters:
2024-07-21 00:02:05,834 - INFO - Length of UMI: 10
2024-07-21 00:02:05,834 - INFO - Number of genes: 8000
2024-07-21 00:02:05,834 - INFO - Parameters file: None
2024-07-21 00:02:05,834 - INFO - Mean (mu): 6.0
2024-07-21 00:02:05,834 - INFO - Dispersion (theta): 6.0
2024-07-21 00:02:05,834 - INFO - Use Poisson distribution: False
2024-07-21 00:02:05,834 - INFO - Gene UMI counts file: gene_8000_umi16_counts_rep8.txt
2024-07-21 00:02:05,834 - INFO - UMI collisions file: umi16_8000_collisions_rep8.txt
2024-07-21 00:02:05,834 - INFO - Seed: None
2024-07-21 00:02:05,834 - INFO - Log file: umi16_8000_rep8.log
2024-07-21 00:02:05,834 - INFO - UMI file: /varidata/research/projects/shen/projects/2024_Bens_swan_song/src/umi_collisions/umi_16.txt
2024-07-21 00:02:05,834 - INFO - No seed specified. Generated random seed: 905905652
2024-07-21 00:02:05,834 - INFO - Using UMIs from file: /varidata/research/projects/shen/projects/2024_Bens_swan_song/src/umi_collisions/umi_16.txt
2024-07-21 00:11:03,973 - INFO - Total UMIs loaded: 4294967296
2024-07-21 00:11:03,973 - INFO - Loading parameters...
2024-07-21 00:11:03,973 - INFO - Sampling read depths for each gene...
2024-07-21 00:11:04,383 - INFO - Read depths sampling complete.
2024-07-21 00:11:04,383 - INFO - Allocating UMIs based on sampled read depths...
2024-07-21 00:11:04,383 - INFO - Allocating UMIs for gene 0...
2024-07-21 00:11:04,656 - INFO - Allocating UMIs for gene 100...
2024-07-21 00:11:04,989 - INFO - Allocating UMIs for gene 200...
2024-07-21 00:11:05,231 - INFO - Allocating UMIs for gene 300...
2024-07-21 00:11:05,448 - INFO - Allocating UMIs for gene 400...
2024-07-21 00:11:05,691 - INFO - Allocating UMIs for gene 500...
2024-07-21 00:11:05,866 - INFO - Allocating UMIs for gene 600...
2024-07-21 00:11:06,120 - INFO - Allocating UMIs for gene 700...
2024-07-21 00:11:06,290 - INFO - Allocating UMIs for gene 800...
2024-07-21 00:11:06,564 - INFO - Allocating UMIs for gene 900...
2024-07-21 00:11:06,864 - INFO - Allocating UMIs for gene 1000...
2024-07-21 00:11:07,073 - INFO - Allocating UMIs for gene 1100...
2024-07-21 00:11:07,285 - INFO - Allocating UMIs for gene 1200...
2024-07-21 00:11:07,500 - INFO - Allocating UMIs for gene 1300...
2024-07-21 00:11:07,898 - INFO - Allocating UMIs for gene 1400...
2024-07-21 00:11:08,213 - INFO - Allocating UMIs for gene 1500...
2024-07-21 00:11:08,487 - INFO - Allocating UMIs for gene 1600...
2024-07-21 00:11:08,775 - INFO - Allocating UMIs for gene 1700...
2024-07-21 00:11:09,192 - INFO - Allocating UMIs for gene 1800...
2024-07-21 00:11:09,489 - INFO - Allocating UMIs for gene 1900...
2024-07-21 00:11:10,014 - INFO - Allocating UMIs for gene 2000...
2024-07-21 00:11:10,367 - INFO - Allocating UMIs for gene 2100...
2024-07-21 00:11:10,674 - INFO - Allocating UMIs for gene 2200...
2024-07-21 00:11:10,952 - INFO - Allocating UMIs for gene 2300...
2024-07-21 00:11:11,335 - INFO - Allocating UMIs for gene 2400...
2024-07-21 00:11:11,743 - INFO - Allocating UMIs for gene 2500...
2024-07-21 00:11:12,207 - INFO - Allocating UMIs for gene 2600...
2024-07-21 00:11:12,704 - INFO - Allocating UMIs for gene 2700...
2024-07-21 00:11:13,257 - INFO - Allocating UMIs for gene 2800...
2024-07-21 00:11:13,739 - INFO - Allocating UMIs for gene 2900...
2024-07-21 00:11:14,184 - INFO - Allocating UMIs for gene 3000...
2024-07-21 00:11:14,747 - INFO - Allocating UMIs for gene 3100...
2024-07-21 00:11:15,282 - INFO - Allocating UMIs for gene 3200...
2024-07-21 00:11:15,864 - INFO - Allocating UMIs for gene 3300...
2024-07-21 00:11:16,246 - INFO - Allocating UMIs for gene 3400...
2024-07-21 00:11:16,515 - INFO - Allocating UMIs for gene 3500...
2024-07-21 00:11:17,052 - INFO - Allocating UMIs for gene 3600...
2024-07-21 00:11:17,458 - INFO - Allocating UMIs for gene 3700...
2024-07-21 00:11:18,148 - INFO - Allocating UMIs for gene 3800...
2024-07-21 00:11:18,558 - INFO - Allocating UMIs for gene 3900...
2024-07-21 00:11:19,067 - INFO - Allocating UMIs for gene 4000...
2024-07-21 00:11:19,538 - INFO - Allocating UMIs for gene 4100...
2024-07-21 00:11:20,211 - INFO - Allocating UMIs for gene 4200...
2024-07-21 00:11:20,808 - INFO - Allocating UMIs for gene 4300...
2024-07-21 00:11:21,476 - INFO - Allocating UMIs for gene 4400...
2024-07-21 00:11:22,016 - INFO - Allocating UMIs for gene 4500...
2024-07-21 00:11:22,634 - INFO - Allocating UMIs for gene 4600...
2024-07-21 00:11:23,243 - INFO - Allocating UMIs for gene 4700...
2024-07-21 00:11:23,886 - INFO - Allocating UMIs for gene 4800...
2024-07-21 00:11:24,447 - INFO - Allocating UMIs for gene 4900...
2024-07-21 00:11:25,143 - INFO - Allocating UMIs for gene 5000...
2024-07-21 00:11:25,812 - INFO - Allocating UMIs for gene 5100...
2024-07-21 00:11:26,202 - INFO - Allocating UMIs for gene 5200...
2024-07-21 00:11:26,889 - INFO - Allocating UMIs for gene 5300...
2024-07-21 00:11:27,772 - INFO - Allocating UMIs for gene 5400...
2024-07-21 00:11:28,372 - INFO - Allocating UMIs for gene 5500...
2024-07-21 00:11:29,051 - INFO - Allocating UMIs for gene 5600...
2024-07-21 00:11:29,696 - INFO - Allocating UMIs for gene 5700...
2024-07-21 00:11:30,189 - INFO - Allocating UMIs for gene 5800...
2024-07-21 00:11:31,000 - INFO - Allocating UMIs for gene 5900...
2024-07-21 00:11:31,734 - INFO - Allocating UMIs for gene 6000...
2024-07-21 00:11:32,279 - INFO - Allocating UMIs for gene 6100...
2024-07-21 00:11:32,959 - INFO - Allocating UMIs for gene 6200...
2024-07-21 00:11:33,608 - INFO - Allocating UMIs for gene 6300...
2024-07-21 00:11:34,265 - INFO - Allocating UMIs for gene 6400...
2024-07-21 00:11:35,140 - INFO - Allocating UMIs for gene 6500...
2024-07-21 00:11:35,850 - INFO - Allocating UMIs for gene 6600...
2024-07-21 00:11:36,512 - INFO - Allocating UMIs for gene 6700...
2024-07-21 00:11:37,158 - INFO - Allocating UMIs for gene 6800...
2024-07-21 00:11:38,193 - INFO - Allocating UMIs for gene 6900...
2024-07-21 00:11:39,125 - INFO - Allocating UMIs for gene 7000...
2024-07-21 00:11:39,795 - INFO - Allocating UMIs for gene 7100...
2024-07-21 00:11:40,317 - INFO - Allocating UMIs for gene 7200...
2024-07-21 00:11:41,245 - INFO - Allocating UMIs for gene 7300...
2024-07-21 00:11:41,772 - INFO - Allocating UMIs for gene 7400...
2024-07-21 00:11:42,603 - INFO - Allocating UMIs for gene 7500...
2024-07-21 00:11:43,285 - INFO - Allocating UMIs for gene 7600...
2024-07-21 00:11:44,241 - INFO - Allocating UMIs for gene 7700...
2024-07-21 00:11:45,173 - INFO - Allocating UMIs for gene 7800...
2024-07-21 00:11:45,909 - INFO - Allocating UMIs for gene 7900...
2024-07-21 00:11:46,501 - INFO - UMI allocation complete.
2024-07-21 00:11:46,501 - INFO - Counting overall UMI occurrences...
2024-07-21 00:11:46,510 - INFO - Counting inter-gene collisions...
2024-07-21 00:11:46,595 - INFO - Total UMIs allocated: 48046
2024-07-21 00:11:46,595 - INFO - Number of unique UMIs assigned to genes: 48045
2024-07-21 00:11:46,595 - INFO - Inter-gene collisions: 1
2024-07-21 00:11:46,595 - INFO - Inter-gene collision rate: 0.00002
2024-07-21 00:11:46,595 - INFO - Writing gene UMI counts to file...
2024-07-21 00:11:46,615 - INFO - Writing UMI inter-gene collisions to file...
2024-07-21 00:11:46,617 - INFO - Simulation complete.
