2024-07-20 22:57:20,211 - INFO - Simulation Script Version: 0.0.2
2024-07-20 22:57:20,213 - INFO - Simulation Parameters:
2024-07-20 22:57:20,213 - INFO - Length of UMI: 10
2024-07-20 22:57:20,213 - INFO - Number of genes: 8000
2024-07-20 22:57:20,213 - INFO - Parameters file: None
2024-07-20 22:57:20,213 - INFO - Mean (mu): 6.0
2024-07-20 22:57:20,213 - INFO - Dispersion (theta): 6.0
2024-07-20 22:57:20,213 - INFO - Use Poisson distribution: False
2024-07-20 22:57:20,213 - INFO - Gene UMI counts file: gene_8000_umi16_counts_rep2.txt
2024-07-20 22:57:20,213 - INFO - UMI collisions file: umi16_8000_collisions_rep2.txt
2024-07-20 22:57:20,213 - INFO - Seed: None
2024-07-20 22:57:20,213 - INFO - Log file: umi16_8000_rep2.log
2024-07-20 22:57:20,213 - INFO - UMI file: /varidata/research/projects/shen/projects/2024_Bens_swan_song/src/umi_collisions/umi_16.txt
2024-07-20 22:57:20,213 - INFO - No seed specified. Generated random seed: 1662001606
2024-07-20 22:57:20,213 - INFO - Using UMIs from file: /varidata/research/projects/shen/projects/2024_Bens_swan_song/src/umi_collisions/umi_16.txt
2024-07-20 23:07:31,775 - INFO - Total UMIs loaded: 4294967296
2024-07-20 23:07:31,776 - INFO - Loading parameters...
2024-07-20 23:07:31,776 - INFO - Sampling read depths for each gene...
2024-07-20 23:07:32,079 - INFO - Read depths sampling complete.
2024-07-20 23:07:32,079 - INFO - Allocating UMIs based on sampled read depths...
2024-07-20 23:07:32,079 - INFO - Allocating UMIs for gene 0...
2024-07-20 23:07:32,142 - INFO - Allocating UMIs for gene 100...
2024-07-20 23:07:32,199 - INFO - Allocating UMIs for gene 200...
2024-07-20 23:07:32,287 - INFO - Allocating UMIs for gene 300...
2024-07-20 23:07:32,369 - INFO - Allocating UMIs for gene 400...
2024-07-20 23:07:32,417 - INFO - Allocating UMIs for gene 500...
2024-07-20 23:07:32,481 - INFO - Allocating UMIs for gene 600...
2024-07-20 23:07:32,574 - INFO - Allocating UMIs for gene 700...
2024-07-20 23:07:32,617 - INFO - Allocating UMIs for gene 800...
2024-07-20 23:07:32,671 - INFO - Allocating UMIs for gene 900...
2024-07-20 23:07:32,807 - INFO - Allocating UMIs for gene 1000...
2024-07-20 23:07:32,859 - INFO - Allocating UMIs for gene 1100...
2024-07-20 23:07:32,917 - INFO - Allocating UMIs for gene 1200...
2024-07-20 23:07:33,003 - INFO - Allocating UMIs for gene 1300...
2024-07-20 23:07:33,165 - INFO - Allocating UMIs for gene 1400...
2024-07-20 23:07:33,243 - INFO - Allocating UMIs for gene 1500...
2024-07-20 23:07:33,292 - INFO - Allocating UMIs for gene 1600...
2024-07-20 23:07:33,379 - INFO - Allocating UMIs for gene 1700...
2024-07-20 23:07:33,449 - INFO - Allocating UMIs for gene 1800...
2024-07-20 23:07:33,529 - INFO - Allocating UMIs for gene 1900...
2024-07-20 23:07:33,599 - INFO - Allocating UMIs for gene 2000...
2024-07-20 23:07:33,662 - INFO - Allocating UMIs for gene 2100...
2024-07-20 23:07:33,779 - INFO - Allocating UMIs for gene 2200...
2024-07-20 23:07:33,892 - INFO - Allocating UMIs for gene 2300...
2024-07-20 23:07:34,020 - INFO - Allocating UMIs for gene 2400...
2024-07-20 23:07:34,109 - INFO - Allocating UMIs for gene 2500...
2024-07-20 23:07:34,252 - INFO - Allocating UMIs for gene 2600...
2024-07-20 23:07:34,334 - INFO - Allocating UMIs for gene 2700...
2024-07-20 23:07:34,427 - INFO - Allocating UMIs for gene 2800...
2024-07-20 23:07:34,572 - INFO - Allocating UMIs for gene 2900...
2024-07-20 23:07:34,721 - INFO - Allocating UMIs for gene 3000...
2024-07-20 23:07:34,815 - INFO - Allocating UMIs for gene 3100...
2024-07-20 23:07:35,004 - INFO - Allocating UMIs for gene 3200...
2024-07-20 23:07:35,083 - INFO - Allocating UMIs for gene 3300...
2024-07-20 23:07:35,231 - INFO - Allocating UMIs for gene 3400...
2024-07-20 23:07:35,308 - INFO - Allocating UMIs for gene 3500...
2024-07-20 23:07:35,459 - INFO - Allocating UMIs for gene 3600...
2024-07-20 23:07:35,594 - INFO - Allocating UMIs for gene 3700...
2024-07-20 23:07:35,810 - INFO - Allocating UMIs for gene 3800...
2024-07-20 23:07:35,940 - INFO - Allocating UMIs for gene 3900...
2024-07-20 23:07:36,081 - INFO - Allocating UMIs for gene 4000...
2024-07-20 23:07:36,285 - INFO - Allocating UMIs for gene 4100...
2024-07-20 23:07:36,367 - INFO - Allocating UMIs for gene 4200...
2024-07-20 23:07:36,586 - INFO - Allocating UMIs for gene 4300...
2024-07-20 23:07:36,735 - INFO - Allocating UMIs for gene 4400...
2024-07-20 23:07:36,846 - INFO - Allocating UMIs for gene 4500...
2024-07-20 23:07:36,977 - INFO - Allocating UMIs for gene 4600...
2024-07-20 23:07:37,035 - INFO - Allocating UMIs for gene 4700...
2024-07-20 23:07:37,181 - INFO - Allocating UMIs for gene 4800...
2024-07-20 23:07:37,322 - INFO - Allocating UMIs for gene 4900...
2024-07-20 23:07:37,481 - INFO - Allocating UMIs for gene 5000...
2024-07-20 23:07:37,814 - INFO - Allocating UMIs for gene 5100...
2024-07-20 23:07:38,162 - INFO - Allocating UMIs for gene 5200...
2024-07-20 23:07:38,296 - INFO - Allocating UMIs for gene 5300...
2024-07-20 23:07:38,421 - INFO - Allocating UMIs for gene 5400...
2024-07-20 23:07:38,771 - INFO - Allocating UMIs for gene 5500...
2024-07-20 23:07:38,922 - INFO - Allocating UMIs for gene 5600...
2024-07-20 23:07:39,084 - INFO - Allocating UMIs for gene 5700...
2024-07-20 23:07:39,242 - INFO - Allocating UMIs for gene 5800...
2024-07-20 23:07:39,365 - INFO - Allocating UMIs for gene 5900...
2024-07-20 23:07:39,571 - INFO - Allocating UMIs for gene 6000...
2024-07-20 23:07:39,715 - INFO - Allocating UMIs for gene 6100...
2024-07-20 23:07:39,813 - INFO - Allocating UMIs for gene 6200...
2024-07-20 23:07:39,932 - INFO - Allocating UMIs for gene 6300...
2024-07-20 23:07:40,085 - INFO - Allocating UMIs for gene 6400...
2024-07-20 23:07:40,486 - INFO - Allocating UMIs for gene 6500...
2024-07-20 23:07:40,646 - INFO - Allocating UMIs for gene 6600...
2024-07-20 23:07:40,822 - INFO - Allocating UMIs for gene 6700...
2024-07-20 23:07:40,921 - INFO - Allocating UMIs for gene 6800...
2024-07-20 23:07:41,037 - INFO - Allocating UMIs for gene 6900...
2024-07-20 23:07:41,199 - INFO - Allocating UMIs for gene 7000...
2024-07-20 23:07:41,385 - INFO - Allocating UMIs for gene 7100...
2024-07-20 23:07:41,591 - INFO - Allocating UMIs for gene 7200...
2024-07-20 23:07:41,684 - INFO - Allocating UMIs for gene 7300...
2024-07-20 23:07:41,880 - INFO - Allocating UMIs for gene 7400...
2024-07-20 23:07:42,089 - INFO - Allocating UMIs for gene 7500...
2024-07-20 23:07:42,246 - INFO - Allocating UMIs for gene 7600...
2024-07-20 23:07:42,354 - INFO - Allocating UMIs for gene 7700...
2024-07-20 23:07:42,534 - INFO - Allocating UMIs for gene 7800...
2024-07-20 23:07:42,693 - INFO - Allocating UMIs for gene 7900...
2024-07-20 23:07:42,815 - INFO - UMI allocation complete.
2024-07-20 23:07:42,816 - INFO - Counting overall UMI occurrences...
2024-07-20 23:07:42,828 - INFO - Counting inter-gene collisions...
2024-07-20 23:07:42,943 - INFO - Total UMIs allocated: 47671
2024-07-20 23:07:42,943 - INFO - Number of unique UMIs assigned to genes: 47671
2024-07-20 23:07:42,943 - INFO - Inter-gene collisions: 0
2024-07-20 23:07:42,943 - INFO - Inter-gene collision rate: 0.00000
2024-07-20 23:07:42,943 - INFO - Writing gene UMI counts to file...
2024-07-20 23:07:42,969 - INFO - Writing UMI inter-gene collisions to file...
2024-07-20 23:07:42,971 - INFO - Simulation complete.
