2024-07-21 00:20:54,586 - INFO - Simulation Script Version: 0.0.2
2024-07-21 00:20:54,593 - INFO - Simulation Parameters:
2024-07-21 00:20:54,593 - INFO - Length of UMI: 10
2024-07-21 00:20:54,593 - INFO - Number of genes: 8000
2024-07-21 00:20:54,593 - INFO - Parameters file: None
2024-07-21 00:20:54,593 - INFO - Mean (mu): 6.0
2024-07-21 00:20:54,593 - INFO - Dispersion (theta): 6.0
2024-07-21 00:20:54,593 - INFO - Use Poisson distribution: False
2024-07-21 00:20:54,593 - INFO - Gene UMI counts file: gene_8000_umi16_counts_rep10.txt
2024-07-21 00:20:54,593 - INFO - UMI collisions file: umi16_8000_collisions_rep10.txt
2024-07-21 00:20:54,593 - INFO - Seed: None
2024-07-21 00:20:54,593 - INFO - Log file: umi16_8000_rep10.log
2024-07-21 00:20:54,594 - INFO - UMI file: /varidata/research/projects/shen/projects/2024_Bens_swan_song/src/umi_collisions/umi_16.txt
2024-07-21 00:20:54,594 - INFO - No seed specified. Generated random seed: 1898485830
2024-07-21 00:20:54,594 - INFO - Using UMIs from file: /varidata/research/projects/shen/projects/2024_Bens_swan_song/src/umi_collisions/umi_16.txt
2024-07-21 00:28:06,592 - INFO - Total UMIs loaded: 4294967296
2024-07-21 00:28:06,592 - INFO - Loading parameters...
2024-07-21 00:28:06,592 - INFO - Sampling read depths for each gene...
2024-07-21 00:28:06,886 - INFO - Read depths sampling complete.
2024-07-21 00:28:06,886 - INFO - Allocating UMIs based on sampled read depths...
2024-07-21 00:28:06,886 - INFO - Allocating UMIs for gene 0...
2024-07-21 00:28:08,030 - INFO - Allocating UMIs for gene 100...
2024-07-21 00:28:09,193 - INFO - Allocating UMIs for gene 200...
2024-07-21 00:28:10,325 - INFO - Allocating UMIs for gene 300...
2024-07-21 00:28:11,478 - INFO - Allocating UMIs for gene 400...
2024-07-21 00:28:12,514 - INFO - Allocating UMIs for gene 500...
2024-07-21 00:28:13,814 - INFO - Allocating UMIs for gene 600...
2024-07-21 00:28:14,824 - INFO - Allocating UMIs for gene 700...
2024-07-21 00:28:15,914 - INFO - Allocating UMIs for gene 800...
2024-07-21 00:28:17,254 - INFO - Allocating UMIs for gene 900...
2024-07-21 00:28:18,434 - INFO - Allocating UMIs for gene 1000...
2024-07-21 00:28:19,528 - INFO - Allocating UMIs for gene 1100...
2024-07-21 00:28:20,639 - INFO - Allocating UMIs for gene 1200...
2024-07-21 00:28:21,617 - INFO - Allocating UMIs for gene 1300...
2024-07-21 00:28:22,987 - INFO - Allocating UMIs for gene 1400...
2024-07-21 00:28:24,057 - INFO - Allocating UMIs for gene 1500...
2024-07-21 00:28:25,242 - INFO - Allocating UMIs for gene 1600...
2024-07-21 00:28:26,503 - INFO - Allocating UMIs for gene 1700...
2024-07-21 00:28:27,672 - INFO - Allocating UMIs for gene 1800...
2024-07-21 00:28:28,868 - INFO - Allocating UMIs for gene 1900...
2024-07-21 00:28:30,087 - INFO - Allocating UMIs for gene 2000...
2024-07-21 00:28:31,487 - INFO - Allocating UMIs for gene 2100...
2024-07-21 00:28:32,798 - INFO - Allocating UMIs for gene 2200...
2024-07-21 00:28:34,255 - INFO - Allocating UMIs for gene 2300...
2024-07-21 00:28:35,473 - INFO - Allocating UMIs for gene 2400...
2024-07-21 00:28:36,437 - INFO - Allocating UMIs for gene 2500...
2024-07-21 00:28:37,640 - INFO - Allocating UMIs for gene 2600...
2024-07-21 00:28:38,992 - INFO - Allocating UMIs for gene 2700...
2024-07-21 00:28:40,485 - INFO - Allocating UMIs for gene 2800...
2024-07-21 00:28:42,023 - INFO - Allocating UMIs for gene 2900...
2024-07-21 00:28:43,684 - INFO - Allocating UMIs for gene 3000...
2024-07-21 00:28:44,743 - INFO - Allocating UMIs for gene 3100...
2024-07-21 00:28:46,024 - INFO - Allocating UMIs for gene 3200...
2024-07-21 00:28:47,234 - INFO - Allocating UMIs for gene 3300...
2024-07-21 00:28:48,372 - INFO - Allocating UMIs for gene 3400...
2024-07-21 00:28:49,581 - INFO - Allocating UMIs for gene 3500...
2024-07-21 00:28:51,293 - INFO - Allocating UMIs for gene 3600...
2024-07-21 00:28:52,824 - INFO - Allocating UMIs for gene 3700...
2024-07-21 00:28:54,248 - INFO - Allocating UMIs for gene 3800...
2024-07-21 00:28:56,116 - INFO - Allocating UMIs for gene 3900...
2024-07-21 00:28:57,436 - INFO - Allocating UMIs for gene 4000...
2024-07-21 00:28:58,964 - INFO - Allocating UMIs for gene 4100...
2024-07-21 00:29:00,173 - INFO - Allocating UMIs for gene 4200...
2024-07-21 00:29:01,559 - INFO - Allocating UMIs for gene 4300...
2024-07-21 00:29:03,393 - INFO - Allocating UMIs for gene 4400...
2024-07-21 00:29:04,777 - INFO - Allocating UMIs for gene 4500...
2024-07-21 00:29:06,150 - INFO - Allocating UMIs for gene 4600...
2024-07-21 00:29:07,930 - INFO - Allocating UMIs for gene 4700...
2024-07-21 00:29:09,762 - INFO - Allocating UMIs for gene 4800...
2024-07-21 00:29:11,192 - INFO - Allocating UMIs for gene 4900...
2024-07-21 00:29:12,712 - INFO - Allocating UMIs for gene 5000...
2024-07-21 00:29:14,080 - INFO - Allocating UMIs for gene 5100...
2024-07-21 00:29:15,473 - INFO - Allocating UMIs for gene 5200...
2024-07-21 00:29:17,060 - INFO - Allocating UMIs for gene 5300...
2024-07-21 00:29:18,988 - INFO - Allocating UMIs for gene 5400...
2024-07-21 00:29:20,603 - INFO - Allocating UMIs for gene 5500...
2024-07-21 00:29:22,221 - INFO - Allocating UMIs for gene 5600...
2024-07-21 00:29:24,105 - INFO - Allocating UMIs for gene 5700...
2024-07-21 00:29:25,523 - INFO - Allocating UMIs for gene 5800...
2024-07-21 00:29:27,159 - INFO - Allocating UMIs for gene 5900...
2024-07-21 00:29:28,767 - INFO - Allocating UMIs for gene 6000...
2024-07-21 00:29:30,443 - INFO - Allocating UMIs for gene 6100...
2024-07-21 00:29:32,420 - INFO - Allocating UMIs for gene 6200...
2024-07-21 00:29:34,473 - INFO - Allocating UMIs for gene 6300...
2024-07-21 00:29:36,381 - INFO - Allocating UMIs for gene 6400...
2024-07-21 00:29:37,980 - INFO - Allocating UMIs for gene 6500...
2024-07-21 00:29:39,743 - INFO - Allocating UMIs for gene 6600...
2024-07-21 00:29:41,314 - INFO - Allocating UMIs for gene 6700...
2024-07-21 00:29:43,247 - INFO - Allocating UMIs for gene 6800...
2024-07-21 00:29:45,517 - INFO - Allocating UMIs for gene 6900...
2024-07-21 00:29:47,571 - INFO - Allocating UMIs for gene 7000...
2024-07-21 00:29:49,611 - INFO - Allocating UMIs for gene 7100...
2024-07-21 00:29:51,438 - INFO - Allocating UMIs for gene 7200...
2024-07-21 00:29:53,315 - INFO - Allocating UMIs for gene 7300...
2024-07-21 00:29:55,659 - INFO - Allocating UMIs for gene 7400...
2024-07-21 00:29:57,468 - INFO - Allocating UMIs for gene 7500...
2024-07-21 00:29:59,005 - INFO - Allocating UMIs for gene 7600...
2024-07-21 00:30:00,361 - INFO - Allocating UMIs for gene 7700...
2024-07-21 00:30:02,548 - INFO - Allocating UMIs for gene 7800...
2024-07-21 00:30:04,449 - INFO - Allocating UMIs for gene 7900...
2024-07-21 00:30:06,733 - INFO - UMI allocation complete.
2024-07-21 00:30:06,733 - INFO - Counting overall UMI occurrences...
2024-07-21 00:30:06,741 - INFO - Counting inter-gene collisions...
2024-07-21 00:30:06,815 - INFO - Total UMIs allocated: 47990
2024-07-21 00:30:06,816 - INFO - Number of unique UMIs assigned to genes: 47989
2024-07-21 00:30:06,816 - INFO - Inter-gene collisions: 1
2024-07-21 00:30:06,816 - INFO - Inter-gene collision rate: 0.00002
2024-07-21 00:30:06,816 - INFO - Writing gene UMI counts to file...
2024-07-21 00:30:06,835 - INFO - Writing UMI inter-gene collisions to file...
2024-07-21 00:30:06,838 - INFO - Simulation complete.
