2024-07-20 23:29:11,262 - INFO - Simulation Script Version: 0.0.2
2024-07-20 23:29:11,264 - INFO - Simulation Parameters:
2024-07-20 23:29:11,264 - INFO - Length of UMI: 10
2024-07-20 23:29:11,264 - INFO - Number of genes: 8000
2024-07-20 23:29:11,264 - INFO - Parameters file: None
2024-07-20 23:29:11,264 - INFO - Mean (mu): 6.0
2024-07-20 23:29:11,265 - INFO - Dispersion (theta): 6.0
2024-07-20 23:29:11,265 - INFO - Use Poisson distribution: False
2024-07-20 23:29:11,265 - INFO - Gene UMI counts file: gene_8000_umi16_counts_rep5.txt
2024-07-20 23:29:11,265 - INFO - UMI collisions file: umi16_8000_collisions_rep5.txt
2024-07-20 23:29:11,265 - INFO - Seed: None
2024-07-20 23:29:11,265 - INFO - Log file: umi16_8000_rep5.log
2024-07-20 23:29:11,265 - INFO - UMI file: /varidata/research/projects/shen/projects/2024_Bens_swan_song/src/umi_collisions/umi_16.txt
2024-07-20 23:29:11,265 - INFO - No seed specified. Generated random seed: 1427767301
2024-07-20 23:29:11,265 - INFO - Using UMIs from file: /varidata/research/projects/shen/projects/2024_Bens_swan_song/src/umi_collisions/umi_16.txt
2024-07-20 23:39:38,038 - INFO - Total UMIs loaded: 4294967296
2024-07-20 23:39:38,039 - INFO - Loading parameters...
2024-07-20 23:39:38,039 - INFO - Sampling read depths for each gene...
2024-07-20 23:39:38,342 - INFO - Read depths sampling complete.
2024-07-20 23:39:38,342 - INFO - Allocating UMIs based on sampled read depths...
2024-07-20 23:39:38,342 - INFO - Allocating UMIs for gene 0...
2024-07-20 23:39:38,504 - INFO - Allocating UMIs for gene 100...
2024-07-20 23:39:38,723 - INFO - Allocating UMIs for gene 200...
2024-07-20 23:39:39,191 - INFO - Allocating UMIs for gene 300...
2024-07-20 23:39:39,492 - INFO - Allocating UMIs for gene 400...
2024-07-20 23:39:39,696 - INFO - Allocating UMIs for gene 500...
2024-07-20 23:39:39,900 - INFO - Allocating UMIs for gene 600...
2024-07-20 23:39:40,119 - INFO - Allocating UMIs for gene 700...
2024-07-20 23:39:40,370 - INFO - Allocating UMIs for gene 800...
2024-07-20 23:39:40,633 - INFO - Allocating UMIs for gene 900...
2024-07-20 23:39:40,885 - INFO - Allocating UMIs for gene 1000...
2024-07-20 23:39:41,174 - INFO - Allocating UMIs for gene 1100...
2024-07-20 23:39:41,421 - INFO - Allocating UMIs for gene 1200...
2024-07-20 23:39:41,588 - INFO - Allocating UMIs for gene 1300...
2024-07-20 23:39:41,737 - INFO - Allocating UMIs for gene 1400...
2024-07-20 23:39:41,940 - INFO - Allocating UMIs for gene 1500...
2024-07-20 23:39:42,219 - INFO - Allocating UMIs for gene 1600...
2024-07-20 23:39:42,558 - INFO - Allocating UMIs for gene 1700...
2024-07-20 23:39:42,937 - INFO - Allocating UMIs for gene 1800...
2024-07-20 23:39:43,259 - INFO - Allocating UMIs for gene 1900...
2024-07-20 23:39:43,551 - INFO - Allocating UMIs for gene 2000...
2024-07-20 23:39:43,812 - INFO - Allocating UMIs for gene 2100...
2024-07-20 23:39:44,120 - INFO - Allocating UMIs for gene 2200...
2024-07-20 23:39:44,340 - INFO - Allocating UMIs for gene 2300...
2024-07-20 23:39:44,578 - INFO - Allocating UMIs for gene 2400...
2024-07-20 23:39:44,904 - INFO - Allocating UMIs for gene 2500...
2024-07-20 23:39:45,189 - INFO - Allocating UMIs for gene 2600...
2024-07-20 23:39:45,592 - INFO - Allocating UMIs for gene 2700...
2024-07-20 23:39:45,781 - INFO - Allocating UMIs for gene 2800...
2024-07-20 23:39:46,036 - INFO - Allocating UMIs for gene 2900...
2024-07-20 23:39:46,185 - INFO - Allocating UMIs for gene 3000...
2024-07-20 23:39:46,439 - INFO - Allocating UMIs for gene 3100...
2024-07-20 23:39:46,579 - INFO - Allocating UMIs for gene 3200...
2024-07-20 23:39:46,850 - INFO - Allocating UMIs for gene 3300...
2024-07-20 23:39:47,137 - INFO - Allocating UMIs for gene 3400...
2024-07-20 23:39:47,420 - INFO - Allocating UMIs for gene 3500...
2024-07-20 23:39:47,708 - INFO - Allocating UMIs for gene 3600...
2024-07-20 23:39:48,024 - INFO - Allocating UMIs for gene 3700...
2024-07-20 23:39:48,275 - INFO - Allocating UMIs for gene 3800...
2024-07-20 23:39:48,585 - INFO - Allocating UMIs for gene 3900...
2024-07-20 23:39:48,870 - INFO - Allocating UMIs for gene 4000...
2024-07-20 23:39:49,124 - INFO - Allocating UMIs for gene 4100...
2024-07-20 23:39:49,519 - INFO - Allocating UMIs for gene 4200...
2024-07-20 23:39:49,761 - INFO - Allocating UMIs for gene 4300...
2024-07-20 23:39:49,970 - INFO - Allocating UMIs for gene 4400...
2024-07-20 23:39:50,259 - INFO - Allocating UMIs for gene 4500...
2024-07-20 23:39:50,514 - INFO - Allocating UMIs for gene 4600...
2024-07-20 23:39:50,828 - INFO - Allocating UMIs for gene 4700...
2024-07-20 23:39:51,067 - INFO - Allocating UMIs for gene 4800...
2024-07-20 23:39:51,402 - INFO - Allocating UMIs for gene 4900...
2024-07-20 23:39:51,728 - INFO - Allocating UMIs for gene 5000...
2024-07-20 23:39:52,064 - INFO - Allocating UMIs for gene 5100...
2024-07-20 23:39:52,411 - INFO - Allocating UMIs for gene 5200...
2024-07-20 23:39:52,587 - INFO - Allocating UMIs for gene 5300...
2024-07-20 23:39:53,016 - INFO - Allocating UMIs for gene 5400...
2024-07-20 23:39:53,272 - INFO - Allocating UMIs for gene 5500...
2024-07-20 23:39:53,665 - INFO - Allocating UMIs for gene 5600...
2024-07-20 23:39:53,944 - INFO - Allocating UMIs for gene 5700...
2024-07-20 23:39:54,243 - INFO - Allocating UMIs for gene 5800...
2024-07-20 23:39:54,545 - INFO - Allocating UMIs for gene 5900...
2024-07-20 23:39:54,852 - INFO - Allocating UMIs for gene 6000...
2024-07-20 23:39:55,149 - INFO - Allocating UMIs for gene 6100...
2024-07-20 23:39:55,494 - INFO - Allocating UMIs for gene 6200...
2024-07-20 23:39:55,787 - INFO - Allocating UMIs for gene 6300...
2024-07-20 23:39:56,242 - INFO - Allocating UMIs for gene 6400...
2024-07-20 23:39:56,565 - INFO - Allocating UMIs for gene 6500...
2024-07-20 23:39:57,001 - INFO - Allocating UMIs for gene 6600...
2024-07-20 23:39:57,551 - INFO - Allocating UMIs for gene 6700...
2024-07-20 23:39:57,899 - INFO - Allocating UMIs for gene 6800...
2024-07-20 23:39:58,197 - INFO - Allocating UMIs for gene 6900...
2024-07-20 23:39:58,580 - INFO - Allocating UMIs for gene 7000...
2024-07-20 23:39:58,883 - INFO - Allocating UMIs for gene 7100...
2024-07-20 23:39:59,206 - INFO - Allocating UMIs for gene 7200...
2024-07-20 23:39:59,489 - INFO - Allocating UMIs for gene 7300...
2024-07-20 23:39:59,826 - INFO - Allocating UMIs for gene 7400...
2024-07-20 23:40:00,091 - INFO - Allocating UMIs for gene 7500...
2024-07-20 23:40:00,330 - INFO - Allocating UMIs for gene 7600...
2024-07-20 23:40:00,684 - INFO - Allocating UMIs for gene 7700...
2024-07-20 23:40:00,990 - INFO - Allocating UMIs for gene 7800...
2024-07-20 23:40:01,392 - INFO - Allocating UMIs for gene 7900...
2024-07-20 23:40:01,679 - INFO - UMI allocation complete.
2024-07-20 23:40:01,679 - INFO - Counting overall UMI occurrences...
2024-07-20 23:40:01,691 - INFO - Counting inter-gene collisions...
2024-07-20 23:40:01,793 - INFO - Total UMIs allocated: 48161
2024-07-20 23:40:01,793 - INFO - Number of unique UMIs assigned to genes: 48161
2024-07-20 23:40:01,793 - INFO - Inter-gene collisions: 0
2024-07-20 23:40:01,794 - INFO - Inter-gene collision rate: 0.00000
2024-07-20 23:40:01,794 - INFO - Writing gene UMI counts to file...
2024-07-20 23:40:01,820 - INFO - Writing UMI inter-gene collisions to file...
2024-07-20 23:40:01,822 - INFO - Simulation complete.
