2024-07-20 22:51:36,368 - INFO - Simulation Script Version: 0.0.1
2024-07-20 22:51:36,368 - INFO - Simulation Parameters:
2024-07-20 22:51:36,368 - INFO - Length of UMI: 8
2024-07-20 22:51:36,368 - INFO - Number of genes: 1000
2024-07-20 22:51:36,369 - INFO - Parameters file: None
2024-07-20 22:51:36,369 - INFO - Mean (mu): 6.0
2024-07-20 22:51:36,369 - INFO - Dispersion (theta): 6.0
2024-07-20 22:51:36,369 - INFO - Use Poisson distribution: False
2024-07-20 22:51:36,369 - INFO - Gene UMI counts file: gene_1000_umi8_counts_rep9.txt
2024-07-20 22:51:36,369 - INFO - UMI collisions file: umi8_1000_collisions_rep9.txt
2024-07-20 22:51:36,369 - INFO - Seed: None
2024-07-20 22:51:36,369 - INFO - Log file: umi8_1000_rep9.log
2024-07-20 22:51:36,369 - INFO - No seed specified. Generated random seed: 274770866
2024-07-20 22:51:36,369 - INFO - Generating all possible UMIs...
2024-07-20 22:51:36,378 - INFO - Total possible UMIs generated: 65536
2024-07-20 22:51:36,378 - INFO - Loading parameters...
2024-07-20 22:51:36,378 - INFO - Sampling read depths for each gene...
2024-07-20 22:51:36,415 - INFO - Read depths sampling complete.
2024-07-20 22:51:36,415 - INFO - Allocating UMIs based on sampled read depths...
2024-07-20 22:51:36,415 - INFO - Allocating UMIs for gene 0...
2024-07-20 22:51:37,134 - INFO - Allocating UMIs for gene 100...
2024-07-20 22:51:37,854 - INFO - Allocating UMIs for gene 200...
2024-07-20 22:51:38,584 - INFO - Allocating UMIs for gene 300...
2024-07-20 22:51:39,301 - INFO - Allocating UMIs for gene 400...
2024-07-20 22:51:40,020 - INFO - Allocating UMIs for gene 500...
2024-07-20 22:51:40,750 - INFO - Allocating UMIs for gene 600...
2024-07-20 22:51:41,461 - INFO - Allocating UMIs for gene 700...
2024-07-20 22:51:42,167 - INFO - Allocating UMIs for gene 800...
2024-07-20 22:51:42,873 - INFO - Allocating UMIs for gene 900...
2024-07-20 22:51:43,585 - INFO - UMI allocation complete.
2024-07-20 22:51:43,585 - INFO - Counting overall UMI occurrences...
2024-07-20 22:51:43,586 - INFO - Counting inter-gene collisions...
2024-07-20 22:51:43,591 - INFO - Total UMIs generated: 65536
2024-07-20 22:51:43,591 - INFO - Total UMIs allocated: 5992
2024-07-20 22:51:43,591 - INFO - Number of unique UMIs assigned to genes: 5738
2024-07-20 22:51:43,591 - INFO - Inter-gene collisions: 254
2024-07-20 22:51:43,591 - INFO - Inter-gene collision rate: 0.04239
2024-07-20 22:51:43,591 - INFO - Writing gene UMI counts to file...
2024-07-20 22:51:43,594 - INFO - Writing UMI inter-gene collisions to file...
2024-07-20 22:51:43,594 - INFO - Simulation complete.
