2024-07-20 22:50:44,752 - INFO - Simulation Script Version: 0.0.1
2024-07-20 22:50:44,752 - INFO - Simulation Parameters:
2024-07-20 22:50:44,752 - INFO - Length of UMI: 8
2024-07-20 22:50:44,752 - INFO - Number of genes: 1000
2024-07-20 22:50:44,752 - INFO - Parameters file: None
2024-07-20 22:50:44,752 - INFO - Mean (mu): 6.0
2024-07-20 22:50:44,752 - INFO - Dispersion (theta): 6.0
2024-07-20 22:50:44,752 - INFO - Use Poisson distribution: False
2024-07-20 22:50:44,752 - INFO - Gene UMI counts file: gene_1000_umi8_counts_rep3.txt
2024-07-20 22:50:44,752 - INFO - UMI collisions file: umi8_1000_collisions_rep3.txt
2024-07-20 22:50:44,752 - INFO - Seed: None
2024-07-20 22:50:44,752 - INFO - Log file: umi8_1000_rep3.log
2024-07-20 22:50:44,752 - INFO - No seed specified. Generated random seed: 1172848610
2024-07-20 22:50:44,752 - INFO - Generating all possible UMIs...
2024-07-20 22:50:44,762 - INFO - Total possible UMIs generated: 65536
2024-07-20 22:50:44,762 - INFO - Loading parameters...
2024-07-20 22:50:44,762 - INFO - Sampling read depths for each gene...
2024-07-20 22:50:44,798 - INFO - Read depths sampling complete.
2024-07-20 22:50:44,798 - INFO - Allocating UMIs based on sampled read depths...
2024-07-20 22:50:44,798 - INFO - Allocating UMIs for gene 0...
2024-07-20 22:50:45,516 - INFO - Allocating UMIs for gene 100...
2024-07-20 22:50:46,358 - INFO - Allocating UMIs for gene 200...
2024-07-20 22:50:47,192 - INFO - Allocating UMIs for gene 300...
2024-07-20 22:50:47,912 - INFO - Allocating UMIs for gene 400...
2024-07-20 22:50:48,622 - INFO - Allocating UMIs for gene 500...
2024-07-20 22:50:49,333 - INFO - Allocating UMIs for gene 600...
2024-07-20 22:50:50,035 - INFO - Allocating UMIs for gene 700...
2024-07-20 22:50:50,739 - INFO - Allocating UMIs for gene 800...
2024-07-20 22:50:51,652 - INFO - Allocating UMIs for gene 900...
2024-07-20 22:50:52,363 - INFO - UMI allocation complete.
2024-07-20 22:50:52,364 - INFO - Counting overall UMI occurrences...
2024-07-20 22:50:52,365 - INFO - Counting inter-gene collisions...
2024-07-20 22:50:52,369 - INFO - Total UMIs generated: 65536
2024-07-20 22:50:52,369 - INFO - Total UMIs allocated: 6094
2024-07-20 22:50:52,369 - INFO - Number of unique UMIs assigned to genes: 5827
2024-07-20 22:50:52,369 - INFO - Inter-gene collisions: 267
2024-07-20 22:50:52,369 - INFO - Inter-gene collision rate: 0.04381
2024-07-20 22:50:52,369 - INFO - Writing gene UMI counts to file...
2024-07-20 22:50:52,372 - INFO - Writing UMI inter-gene collisions to file...
2024-07-20 22:50:52,373 - INFO - Simulation complete.
