2024-07-20 22:51:02,212 - INFO - Simulation Script Version: 0.0.1
2024-07-20 22:51:02,212 - INFO - Simulation Parameters:
2024-07-20 22:51:02,213 - INFO - Length of UMI: 8
2024-07-20 22:51:02,213 - INFO - Number of genes: 1000
2024-07-20 22:51:02,213 - INFO - Parameters file: None
2024-07-20 22:51:02,213 - INFO - Mean (mu): 6.0
2024-07-20 22:51:02,213 - INFO - Dispersion (theta): 6.0
2024-07-20 22:51:02,213 - INFO - Use Poisson distribution: False
2024-07-20 22:51:02,213 - INFO - Gene UMI counts file: gene_1000_umi8_counts_rep5.txt
2024-07-20 22:51:02,213 - INFO - UMI collisions file: umi8_1000_collisions_rep5.txt
2024-07-20 22:51:02,213 - INFO - Seed: None
2024-07-20 22:51:02,213 - INFO - Log file: umi8_1000_rep5.log
2024-07-20 22:51:02,213 - INFO - No seed specified. Generated random seed: 2061318602
2024-07-20 22:51:02,213 - INFO - Generating all possible UMIs...
2024-07-20 22:51:02,223 - INFO - Total possible UMIs generated: 65536
2024-07-20 22:51:02,223 - INFO - Loading parameters...
2024-07-20 22:51:02,223 - INFO - Sampling read depths for each gene...
2024-07-20 22:51:02,263 - INFO - Read depths sampling complete.
2024-07-20 22:51:02,264 - INFO - Allocating UMIs based on sampled read depths...
2024-07-20 22:51:02,264 - INFO - Allocating UMIs for gene 0...
2024-07-20 22:51:03,020 - INFO - Allocating UMIs for gene 100...
2024-07-20 22:51:03,768 - INFO - Allocating UMIs for gene 200...
2024-07-20 22:51:04,518 - INFO - Allocating UMIs for gene 300...
2024-07-20 22:51:05,295 - INFO - Allocating UMIs for gene 400...
2024-07-20 22:51:06,140 - INFO - Allocating UMIs for gene 500...
2024-07-20 22:51:06,970 - INFO - Allocating UMIs for gene 600...
2024-07-20 22:51:07,741 - INFO - Allocating UMIs for gene 700...
2024-07-20 22:51:08,534 - INFO - Allocating UMIs for gene 800...
2024-07-20 22:51:09,326 - INFO - Allocating UMIs for gene 900...
2024-07-20 22:51:10,108 - INFO - UMI allocation complete.
2024-07-20 22:51:10,108 - INFO - Counting overall UMI occurrences...
2024-07-20 22:51:10,110 - INFO - Counting inter-gene collisions...
2024-07-20 22:51:10,115 - INFO - Total UMIs generated: 65536
2024-07-20 22:51:10,115 - INFO - Total UMIs allocated: 5837
2024-07-20 22:51:10,115 - INFO - Number of unique UMIs assigned to genes: 5592
2024-07-20 22:51:10,115 - INFO - Inter-gene collisions: 244
2024-07-20 22:51:10,115 - INFO - Inter-gene collision rate: 0.04180
2024-07-20 22:51:10,115 - INFO - Writing gene UMI counts to file...
2024-07-20 22:51:10,118 - INFO - Writing UMI inter-gene collisions to file...
2024-07-20 22:51:10,119 - INFO - Simulation complete.
