2024-07-20 22:50:53,296 - INFO - Simulation Script Version: 0.0.1
2024-07-20 22:50:53,296 - INFO - Simulation Parameters:
2024-07-20 22:50:53,296 - INFO - Length of UMI: 8
2024-07-20 22:50:53,297 - INFO - Number of genes: 1000
2024-07-20 22:50:53,297 - INFO - Parameters file: None
2024-07-20 22:50:53,297 - INFO - Mean (mu): 6.0
2024-07-20 22:50:53,297 - INFO - Dispersion (theta): 6.0
2024-07-20 22:50:53,297 - INFO - Use Poisson distribution: False
2024-07-20 22:50:53,297 - INFO - Gene UMI counts file: gene_1000_umi8_counts_rep4.txt
2024-07-20 22:50:53,297 - INFO - UMI collisions file: umi8_1000_collisions_rep4.txt
2024-07-20 22:50:53,297 - INFO - Seed: None
2024-07-20 22:50:53,297 - INFO - Log file: umi8_1000_rep4.log
2024-07-20 22:50:53,297 - INFO - No seed specified. Generated random seed: 1673720806
2024-07-20 22:50:53,297 - INFO - Generating all possible UMIs...
2024-07-20 22:50:53,306 - INFO - Total possible UMIs generated: 65536
2024-07-20 22:50:53,306 - INFO - Loading parameters...
2024-07-20 22:50:53,306 - INFO - Sampling read depths for each gene...
2024-07-20 22:50:53,342 - INFO - Read depths sampling complete.
2024-07-20 22:50:53,342 - INFO - Allocating UMIs based on sampled read depths...
2024-07-20 22:50:53,342 - INFO - Allocating UMIs for gene 0...
2024-07-20 22:50:54,062 - INFO - Allocating UMIs for gene 100...
2024-07-20 22:50:54,770 - INFO - Allocating UMIs for gene 200...
2024-07-20 22:50:55,483 - INFO - Allocating UMIs for gene 300...
2024-07-20 22:50:56,346 - INFO - Allocating UMIs for gene 400...
2024-07-20 22:50:57,195 - INFO - Allocating UMIs for gene 500...
2024-07-20 22:50:57,898 - INFO - Allocating UMIs for gene 600...
2024-07-20 22:50:58,605 - INFO - Allocating UMIs for gene 700...
2024-07-20 22:50:59,305 - INFO - Allocating UMIs for gene 800...
2024-07-20 22:51:00,034 - INFO - Allocating UMIs for gene 900...
2024-07-20 22:51:00,869 - INFO - UMI allocation complete.
2024-07-20 22:51:00,869 - INFO - Counting overall UMI occurrences...
2024-07-20 22:51:00,870 - INFO - Counting inter-gene collisions...
2024-07-20 22:51:00,874 - INFO - Total UMIs generated: 65536
2024-07-20 22:51:00,874 - INFO - Total UMIs allocated: 6008
2024-07-20 22:51:00,874 - INFO - Number of unique UMIs assigned to genes: 5770
2024-07-20 22:51:00,874 - INFO - Inter-gene collisions: 237
2024-07-20 22:51:00,874 - INFO - Inter-gene collision rate: 0.03945
2024-07-20 22:51:00,874 - INFO - Writing gene UMI counts to file...
2024-07-20 22:51:00,878 - INFO - Writing UMI inter-gene collisions to file...
2024-07-20 22:51:00,879 - INFO - Simulation complete.
