2024-07-20 22:50:25,928 - INFO - Simulation Script Version: 0.0.1
2024-07-20 22:50:25,928 - INFO - Simulation Parameters:
2024-07-20 22:50:25,928 - INFO - Length of UMI: 8
2024-07-20 22:50:25,928 - INFO - Number of genes: 1000
2024-07-20 22:50:25,928 - INFO - Parameters file: None
2024-07-20 22:50:25,928 - INFO - Mean (mu): 6.0
2024-07-20 22:50:25,928 - INFO - Dispersion (theta): 6.0
2024-07-20 22:50:25,928 - INFO - Use Poisson distribution: False
2024-07-20 22:50:25,928 - INFO - Gene UMI counts file: gene_1000_umi8_counts_rep1.txt
2024-07-20 22:50:25,928 - INFO - UMI collisions file: umi8_1000_collisions.txt
2024-07-20 22:50:25,929 - INFO - Seed: None
2024-07-20 22:50:25,929 - INFO - Log file: umi8_1000_rep1.log
2024-07-20 22:50:25,929 - INFO - No seed specified. Generated random seed: 2948174906
2024-07-20 22:50:25,929 - INFO - Generating all possible UMIs...
2024-07-20 22:50:25,957 - INFO - Total possible UMIs generated: 65536
2024-07-20 22:50:25,957 - INFO - Loading parameters...
2024-07-20 22:50:25,957 - INFO - Sampling read depths for each gene...
2024-07-20 22:50:26,065 - INFO - Read depths sampling complete.
2024-07-20 22:50:26,065 - INFO - Allocating UMIs based on sampled read depths...
2024-07-20 22:50:26,065 - INFO - Allocating UMIs for gene 0...
2024-07-20 22:50:26,822 - INFO - Allocating UMIs for gene 100...
2024-07-20 22:50:27,633 - INFO - Allocating UMIs for gene 200...
2024-07-20 22:50:28,429 - INFO - Allocating UMIs for gene 300...
2024-07-20 22:50:29,278 - INFO - Allocating UMIs for gene 400...
2024-07-20 22:50:30,122 - INFO - Allocating UMIs for gene 500...
2024-07-20 22:50:31,075 - INFO - Allocating UMIs for gene 600...
2024-07-20 22:50:31,887 - INFO - Allocating UMIs for gene 700...
2024-07-20 22:50:32,605 - INFO - Allocating UMIs for gene 800...
2024-07-20 22:50:33,438 - INFO - Allocating UMIs for gene 900...
2024-07-20 22:50:34,142 - INFO - UMI allocation complete.
2024-07-20 22:50:34,142 - INFO - Counting overall UMI occurrences...
2024-07-20 22:50:34,143 - INFO - Counting inter-gene collisions...
2024-07-20 22:50:34,147 - INFO - Total UMIs generated: 65536
2024-07-20 22:50:34,148 - INFO - Total UMIs allocated: 5818
2024-07-20 22:50:34,148 - INFO - Number of unique UMIs assigned to genes: 5573
2024-07-20 22:50:34,148 - INFO - Inter-gene collisions: 245
2024-07-20 22:50:34,148 - INFO - Inter-gene collision rate: 0.04211
2024-07-20 22:50:34,148 - INFO - Writing gene UMI counts to file...
2024-07-20 22:50:34,152 - INFO - Writing UMI inter-gene collisions to file...
2024-07-20 22:50:34,153 - INFO - Simulation complete.
