2024-07-20 22:51:44,574 - INFO - Simulation Script Version: 0.0.1
2024-07-20 22:51:44,574 - INFO - Simulation Parameters:
2024-07-20 22:51:44,574 - INFO - Length of UMI: 8
2024-07-20 22:51:44,574 - INFO - Number of genes: 1000
2024-07-20 22:51:44,574 - INFO - Parameters file: None
2024-07-20 22:51:44,574 - INFO - Mean (mu): 6.0
2024-07-20 22:51:44,574 - INFO - Dispersion (theta): 6.0
2024-07-20 22:51:44,574 - INFO - Use Poisson distribution: False
2024-07-20 22:51:44,574 - INFO - Gene UMI counts file: gene_1000_umi8_counts_rep10.txt
2024-07-20 22:51:44,574 - INFO - UMI collisions file: umi8_1000_collisions_rep10.txt
2024-07-20 22:51:44,574 - INFO - Seed: None
2024-07-20 22:51:44,574 - INFO - Log file: umi8_1000_rep10.log
2024-07-20 22:51:44,574 - INFO - No seed specified. Generated random seed: 59515424
2024-07-20 22:51:44,574 - INFO - Generating all possible UMIs...
2024-07-20 22:51:44,584 - INFO - Total possible UMIs generated: 65536
2024-07-20 22:51:44,584 - INFO - Loading parameters...
2024-07-20 22:51:44,584 - INFO - Sampling read depths for each gene...
2024-07-20 22:51:44,620 - INFO - Read depths sampling complete.
2024-07-20 22:51:44,620 - INFO - Allocating UMIs based on sampled read depths...
2024-07-20 22:51:44,620 - INFO - Allocating UMIs for gene 0...
2024-07-20 22:51:45,345 - INFO - Allocating UMIs for gene 100...
2024-07-20 22:51:46,193 - INFO - Allocating UMIs for gene 200...
2024-07-20 22:51:47,037 - INFO - Allocating UMIs for gene 300...
2024-07-20 22:51:47,754 - INFO - Allocating UMIs for gene 400...
2024-07-20 22:51:48,481 - INFO - Allocating UMIs for gene 500...
2024-07-20 22:51:49,185 - INFO - Allocating UMIs for gene 600...
2024-07-20 22:51:49,905 - INFO - Allocating UMIs for gene 700...
2024-07-20 22:51:50,637 - INFO - Allocating UMIs for gene 800...
2024-07-20 22:51:51,360 - INFO - Allocating UMIs for gene 900...
2024-07-20 22:51:52,086 - INFO - UMI allocation complete.
2024-07-20 22:51:52,086 - INFO - Counting overall UMI occurrences...
2024-07-20 22:51:52,088 - INFO - Counting inter-gene collisions...
2024-07-20 22:51:52,092 - INFO - Total UMIs generated: 65536
2024-07-20 22:51:52,092 - INFO - Total UMIs allocated: 6301
2024-07-20 22:51:52,092 - INFO - Number of unique UMIs assigned to genes: 6007
2024-07-20 22:51:52,092 - INFO - Inter-gene collisions: 294
2024-07-20 22:51:52,092 - INFO - Inter-gene collision rate: 0.04666
2024-07-20 22:51:52,092 - INFO - Writing gene UMI counts to file...
2024-07-20 22:51:52,095 - INFO - Writing UMI inter-gene collisions to file...
2024-07-20 22:51:52,096 - INFO - Simulation complete.
