2024-07-20 22:50:35,363 - INFO - Simulation Script Version: 0.0.1
2024-07-20 22:50:35,363 - INFO - Simulation Parameters:
2024-07-20 22:50:35,363 - INFO - Length of UMI: 8
2024-07-20 22:50:35,363 - INFO - Number of genes: 1000
2024-07-20 22:50:35,363 - INFO - Parameters file: None
2024-07-20 22:50:35,363 - INFO - Mean (mu): 6.0
2024-07-20 22:50:35,363 - INFO - Dispersion (theta): 6.0
2024-07-20 22:50:35,363 - INFO - Use Poisson distribution: False
2024-07-20 22:50:35,363 - INFO - Gene UMI counts file: gene_1000_umi8_counts_rep2.txt
2024-07-20 22:50:35,363 - INFO - UMI collisions file: umi8_1000_collisions_rep2.txt
2024-07-20 22:50:35,363 - INFO - Seed: None
2024-07-20 22:50:35,363 - INFO - Log file: umi8_1000_rep2.log
2024-07-20 22:50:35,363 - INFO - No seed specified. Generated random seed: 3237106749
2024-07-20 22:50:35,363 - INFO - Generating all possible UMIs...
2024-07-20 22:50:35,373 - INFO - Total possible UMIs generated: 65536
2024-07-20 22:50:35,373 - INFO - Loading parameters...
2024-07-20 22:50:35,373 - INFO - Sampling read depths for each gene...
2024-07-20 22:50:35,411 - INFO - Read depths sampling complete.
2024-07-20 22:50:35,411 - INFO - Allocating UMIs based on sampled read depths...
2024-07-20 22:50:35,411 - INFO - Allocating UMIs for gene 0...
2024-07-20 22:50:36,266 - INFO - Allocating UMIs for gene 100...
2024-07-20 22:50:37,378 - INFO - Allocating UMIs for gene 200...
2024-07-20 22:50:38,098 - INFO - Allocating UMIs for gene 300...
2024-07-20 22:50:38,935 - INFO - Allocating UMIs for gene 400...
2024-07-20 22:50:39,783 - INFO - Allocating UMIs for gene 500...
2024-07-20 22:50:40,617 - INFO - Allocating UMIs for gene 600...
2024-07-20 22:50:41,569 - INFO - Allocating UMIs for gene 700...
2024-07-20 22:50:42,393 - INFO - Allocating UMIs for gene 800...
2024-07-20 22:50:43,108 - INFO - Allocating UMIs for gene 900...
2024-07-20 22:50:43,800 - INFO - UMI allocation complete.
2024-07-20 22:50:43,800 - INFO - Counting overall UMI occurrences...
2024-07-20 22:50:43,801 - INFO - Counting inter-gene collisions...
2024-07-20 22:50:43,806 - INFO - Total UMIs generated: 65536
2024-07-20 22:50:43,806 - INFO - Total UMIs allocated: 6197
2024-07-20 22:50:43,806 - INFO - Number of unique UMIs assigned to genes: 5924
2024-07-20 22:50:43,806 - INFO - Inter-gene collisions: 272
2024-07-20 22:50:43,806 - INFO - Inter-gene collision rate: 0.04389
2024-07-20 22:50:43,806 - INFO - Writing gene UMI counts to file...
2024-07-20 22:50:43,810 - INFO - Writing UMI inter-gene collisions to file...
2024-07-20 22:50:43,812 - INFO - Simulation complete.
