2024-07-20 22:51:27,744 - INFO - Simulation Script Version: 0.0.1
2024-07-20 22:51:27,744 - INFO - Simulation Parameters:
2024-07-20 22:51:27,744 - INFO - Length of UMI: 8
2024-07-20 22:51:27,744 - INFO - Number of genes: 1000
2024-07-20 22:51:27,744 - INFO - Parameters file: None
2024-07-20 22:51:27,744 - INFO - Mean (mu): 6.0
2024-07-20 22:51:27,744 - INFO - Dispersion (theta): 6.0
2024-07-20 22:51:27,744 - INFO - Use Poisson distribution: False
2024-07-20 22:51:27,744 - INFO - Gene UMI counts file: gene_1000_umi8_counts_rep8.txt
2024-07-20 22:51:27,744 - INFO - UMI collisions file: umi8_1000_collisions_rep8.txt
2024-07-20 22:51:27,744 - INFO - Seed: None
2024-07-20 22:51:27,744 - INFO - Log file: umi8_1000_rep8.log
2024-07-20 22:51:27,744 - INFO - No seed specified. Generated random seed: 2176843867
2024-07-20 22:51:27,744 - INFO - Generating all possible UMIs...
2024-07-20 22:51:27,754 - INFO - Total possible UMIs generated: 65536
2024-07-20 22:51:27,754 - INFO - Loading parameters...
2024-07-20 22:51:27,754 - INFO - Sampling read depths for each gene...
2024-07-20 22:51:27,790 - INFO - Read depths sampling complete.
2024-07-20 22:51:27,790 - INFO - Allocating UMIs based on sampled read depths...
2024-07-20 22:51:27,790 - INFO - Allocating UMIs for gene 0...
2024-07-20 22:51:28,496 - INFO - Allocating UMIs for gene 100...
2024-07-20 22:51:29,208 - INFO - Allocating UMIs for gene 200...
2024-07-20 22:51:29,911 - INFO - Allocating UMIs for gene 300...
2024-07-20 22:51:30,635 - INFO - Allocating UMIs for gene 400...
2024-07-20 22:51:31,588 - INFO - Allocating UMIs for gene 500...
2024-07-20 22:51:32,293 - INFO - Allocating UMIs for gene 600...
2024-07-20 22:51:33,032 - INFO - Allocating UMIs for gene 700...
2024-07-20 22:51:33,816 - INFO - Allocating UMIs for gene 800...
2024-07-20 22:51:34,638 - INFO - Allocating UMIs for gene 900...
2024-07-20 22:51:35,362 - INFO - UMI allocation complete.
2024-07-20 22:51:35,362 - INFO - Counting overall UMI occurrences...
2024-07-20 22:51:35,363 - INFO - Counting inter-gene collisions...
2024-07-20 22:51:35,368 - INFO - Total UMIs generated: 65536
2024-07-20 22:51:35,368 - INFO - Total UMIs allocated: 5896
2024-07-20 22:51:35,368 - INFO - Number of unique UMIs assigned to genes: 5644
2024-07-20 22:51:35,368 - INFO - Inter-gene collisions: 251
2024-07-20 22:51:35,368 - INFO - Inter-gene collision rate: 0.04257
2024-07-20 22:51:35,368 - INFO - Writing gene UMI counts to file...
2024-07-20 22:51:35,371 - INFO - Writing UMI inter-gene collisions to file...
2024-07-20 22:51:35,371 - INFO - Simulation complete.
