2024-07-20 22:51:11,220 - INFO - Simulation Script Version: 0.0.1
2024-07-20 22:51:11,221 - INFO - Simulation Parameters:
2024-07-20 22:51:11,221 - INFO - Length of UMI: 8
2024-07-20 22:51:11,221 - INFO - Number of genes: 1000
2024-07-20 22:51:11,221 - INFO - Parameters file: None
2024-07-20 22:51:11,221 - INFO - Mean (mu): 6.0
2024-07-20 22:51:11,221 - INFO - Dispersion (theta): 6.0
2024-07-20 22:51:11,221 - INFO - Use Poisson distribution: False
2024-07-20 22:51:11,221 - INFO - Gene UMI counts file: gene_1000_umi8_counts_rep6.txt
2024-07-20 22:51:11,221 - INFO - UMI collisions file: umi8_1000_collisions_rep6.txt
2024-07-20 22:51:11,221 - INFO - Seed: None
2024-07-20 22:51:11,221 - INFO - Log file: umi8_1000_rep6.log
2024-07-20 22:51:11,221 - INFO - No seed specified. Generated random seed: 139898076
2024-07-20 22:51:11,221 - INFO - Generating all possible UMIs...
2024-07-20 22:51:11,230 - INFO - Total possible UMIs generated: 65536
2024-07-20 22:51:11,230 - INFO - Loading parameters...
2024-07-20 22:51:11,230 - INFO - Sampling read depths for each gene...
2024-07-20 22:51:11,266 - INFO - Read depths sampling complete.
2024-07-20 22:51:11,266 - INFO - Allocating UMIs based on sampled read depths...
2024-07-20 22:51:11,266 - INFO - Allocating UMIs for gene 0...
2024-07-20 22:51:12,081 - INFO - Allocating UMIs for gene 100...
2024-07-20 22:51:12,784 - INFO - Allocating UMIs for gene 200...
2024-07-20 22:51:13,500 - INFO - Allocating UMIs for gene 300...
2024-07-20 22:51:14,218 - INFO - Allocating UMIs for gene 400...
2024-07-20 22:51:14,937 - INFO - Allocating UMIs for gene 500...
2024-07-20 22:51:15,648 - INFO - Allocating UMIs for gene 600...
2024-07-20 22:51:16,440 - INFO - Allocating UMIs for gene 700...
2024-07-20 22:51:17,279 - INFO - Allocating UMIs for gene 800...
2024-07-20 22:51:17,996 - INFO - Allocating UMIs for gene 900...
2024-07-20 22:51:18,703 - INFO - UMI allocation complete.
2024-07-20 22:51:18,703 - INFO - Counting overall UMI occurrences...
2024-07-20 22:51:18,704 - INFO - Counting inter-gene collisions...
2024-07-20 22:51:18,709 - INFO - Total UMIs generated: 65536
2024-07-20 22:51:18,709 - INFO - Total UMIs allocated: 6324
2024-07-20 22:51:18,709 - INFO - Number of unique UMIs assigned to genes: 6021
2024-07-20 22:51:18,709 - INFO - Inter-gene collisions: 303
2024-07-20 22:51:18,709 - INFO - Inter-gene collision rate: 0.04791
2024-07-20 22:51:18,709 - INFO - Writing gene UMI counts to file...
2024-07-20 22:51:18,712 - INFO - Writing UMI inter-gene collisions to file...
2024-07-20 22:51:18,712 - INFO - Simulation complete.
