2024-07-20 22:51:19,649 - INFO - Simulation Script Version: 0.0.1
2024-07-20 22:51:19,649 - INFO - Simulation Parameters:
2024-07-20 22:51:19,649 - INFO - Length of UMI: 8
2024-07-20 22:51:19,649 - INFO - Number of genes: 1000
2024-07-20 22:51:19,650 - INFO - Parameters file: None
2024-07-20 22:51:19,650 - INFO - Mean (mu): 6.0
2024-07-20 22:51:19,650 - INFO - Dispersion (theta): 6.0
2024-07-20 22:51:19,650 - INFO - Use Poisson distribution: False
2024-07-20 22:51:19,650 - INFO - Gene UMI counts file: gene_1000_umi8_counts_rep7.txt
2024-07-20 22:51:19,650 - INFO - UMI collisions file: umi8_1000_collisions_rep7.txt
2024-07-20 22:51:19,650 - INFO - Seed: None
2024-07-20 22:51:19,650 - INFO - Log file: umi8_1000_rep7.log
2024-07-20 22:51:19,650 - INFO - No seed specified. Generated random seed: 4238686588
2024-07-20 22:51:19,650 - INFO - Generating all possible UMIs...
2024-07-20 22:51:19,659 - INFO - Total possible UMIs generated: 65536
2024-07-20 22:51:19,659 - INFO - Loading parameters...
2024-07-20 22:51:19,659 - INFO - Sampling read depths for each gene...
2024-07-20 22:51:19,703 - INFO - Read depths sampling complete.
2024-07-20 22:51:19,703 - INFO - Allocating UMIs based on sampled read depths...
2024-07-20 22:51:19,703 - INFO - Allocating UMIs for gene 0...
2024-07-20 22:51:20,411 - INFO - Allocating UMIs for gene 100...
2024-07-20 22:51:21,117 - INFO - Allocating UMIs for gene 200...
2024-07-20 22:51:21,808 - INFO - Allocating UMIs for gene 300...
2024-07-20 22:51:22,503 - INFO - Allocating UMIs for gene 400...
2024-07-20 22:51:23,202 - INFO - Allocating UMIs for gene 500...
2024-07-20 22:51:23,917 - INFO - Allocating UMIs for gene 600...
2024-07-20 22:51:24,639 - INFO - Allocating UMIs for gene 700...
2024-07-20 22:51:25,361 - INFO - Allocating UMIs for gene 800...
2024-07-20 22:51:26,091 - INFO - Allocating UMIs for gene 900...
2024-07-20 22:51:26,801 - INFO - UMI allocation complete.
2024-07-20 22:51:26,801 - INFO - Counting overall UMI occurrences...
2024-07-20 22:51:26,802 - INFO - Counting inter-gene collisions...
2024-07-20 22:51:26,806 - INFO - Total UMIs generated: 65536
2024-07-20 22:51:26,806 - INFO - Total UMIs allocated: 5929
2024-07-20 22:51:26,806 - INFO - Number of unique UMIs assigned to genes: 5674
2024-07-20 22:51:26,806 - INFO - Inter-gene collisions: 255
2024-07-20 22:51:26,807 - INFO - Inter-gene collision rate: 0.04301
2024-07-20 22:51:26,807 - INFO - Writing gene UMI counts to file...
2024-07-20 22:51:26,810 - INFO - Writing UMI inter-gene collisions to file...
2024-07-20 22:51:26,810 - INFO - Simulation complete.
