2024-07-20 22:57:18,839 - INFO - Simulation Script Version: 0.0.2
2024-07-20 22:57:18,842 - INFO - Simulation Parameters:
2024-07-20 22:57:18,842 - INFO - Length of UMI: 10
2024-07-20 22:57:18,842 - INFO - Number of genes: 12000
2024-07-20 22:57:18,842 - INFO - Parameters file: None
2024-07-20 22:57:18,842 - INFO - Mean (mu): 6.0
2024-07-20 22:57:18,842 - INFO - Dispersion (theta): 6.0
2024-07-20 22:57:18,842 - INFO - Use Poisson distribution: False
2024-07-20 22:57:18,842 - INFO - Gene UMI counts file: gene_12000_umi16_counts_rep2.txt
2024-07-20 22:57:18,842 - INFO - UMI collisions file: umi16_12000_collisions_rep2.txt
2024-07-20 22:57:18,842 - INFO - Seed: None
2024-07-20 22:57:18,842 - INFO - Log file: umi16_12000_rep2.log
2024-07-20 22:57:18,842 - INFO - UMI file: /varidata/research/projects/shen/projects/2024_Bens_swan_song/src/umi_collisions/umi_16.txt
2024-07-20 22:57:18,842 - INFO - No seed specified. Generated random seed: 4109797026
2024-07-20 22:57:18,842 - INFO - Using UMIs from file: /varidata/research/projects/shen/projects/2024_Bens_swan_song/src/umi_collisions/umi_16.txt
2024-07-20 23:02:30,545 - INFO - Total UMIs loaded: 4294967296
2024-07-20 23:02:30,546 - INFO - Loading parameters...
2024-07-20 23:02:30,546 - INFO - Sampling read depths for each gene...
2024-07-20 23:02:30,981 - INFO - Read depths sampling complete.
2024-07-20 23:02:30,981 - INFO - Allocating UMIs based on sampled read depths...
2024-07-20 23:02:30,981 - INFO - Allocating UMIs for gene 0...
2024-07-20 23:02:31,103 - INFO - Allocating UMIs for gene 100...
2024-07-20 23:02:31,190 - INFO - Allocating UMIs for gene 200...
2024-07-20 23:02:31,281 - INFO - Allocating UMIs for gene 300...
2024-07-20 23:02:31,412 - INFO - Allocating UMIs for gene 400...
2024-07-20 23:02:31,553 - INFO - Allocating UMIs for gene 500...
2024-07-20 23:02:31,641 - INFO - Allocating UMIs for gene 600...
2024-07-20 23:02:31,754 - INFO - Allocating UMIs for gene 700...
2024-07-20 23:02:31,899 - INFO - Allocating UMIs for gene 800...
2024-07-20 23:02:31,971 - INFO - Allocating UMIs for gene 900...
2024-07-20 23:02:32,067 - INFO - Allocating UMIs for gene 1000...
2024-07-20 23:02:32,143 - INFO - Allocating UMIs for gene 1100...
2024-07-20 23:02:32,231 - INFO - Allocating UMIs for gene 1200...
2024-07-20 23:02:32,284 - INFO - Allocating UMIs for gene 1300...
2024-07-20 23:02:32,390 - INFO - Allocating UMIs for gene 1400...
2024-07-20 23:02:32,485 - INFO - Allocating UMIs for gene 1500...
2024-07-20 23:02:32,595 - INFO - Allocating UMIs for gene 1600...
2024-07-20 23:02:32,708 - INFO - Allocating UMIs for gene 1700...
2024-07-20 23:02:32,806 - INFO - Allocating UMIs for gene 1800...
2024-07-20 23:02:32,917 - INFO - Allocating UMIs for gene 1900...
2024-07-20 23:02:33,016 - INFO - Allocating UMIs for gene 2000...
2024-07-20 23:02:33,095 - INFO - Allocating UMIs for gene 2100...
2024-07-20 23:02:33,190 - INFO - Allocating UMIs for gene 2200...
2024-07-20 23:02:33,253 - INFO - Allocating UMIs for gene 2300...
2024-07-20 23:02:33,346 - INFO - Allocating UMIs for gene 2400...
2024-07-20 23:02:33,446 - INFO - Allocating UMIs for gene 2500...
2024-07-20 23:02:33,553 - INFO - Allocating UMIs for gene 2600...
2024-07-20 23:02:33,754 - INFO - Allocating UMIs for gene 2700...
2024-07-20 23:02:33,833 - INFO - Allocating UMIs for gene 2800...
2024-07-20 23:02:33,930 - INFO - Allocating UMIs for gene 2900...
2024-07-20 23:02:33,987 - INFO - Allocating UMIs for gene 3000...
2024-07-20 23:02:34,081 - INFO - Allocating UMIs for gene 3100...
2024-07-20 23:02:34,138 - INFO - Allocating UMIs for gene 3200...
2024-07-20 23:02:34,288 - INFO - Allocating UMIs for gene 3300...
2024-07-20 23:02:34,464 - INFO - Allocating UMIs for gene 3400...
2024-07-20 23:02:34,549 - INFO - Allocating UMIs for gene 3500...
2024-07-20 23:02:34,669 - INFO - Allocating UMIs for gene 3600...
2024-07-20 23:02:34,753 - INFO - Allocating UMIs for gene 3700...
2024-07-20 23:02:34,864 - INFO - Allocating UMIs for gene 3800...
2024-07-20 23:02:34,988 - INFO - Allocating UMIs for gene 3900...
2024-07-20 23:02:35,088 - INFO - Allocating UMIs for gene 4000...
2024-07-20 23:02:35,162 - INFO - Allocating UMIs for gene 4100...
2024-07-20 23:02:35,249 - INFO - Allocating UMIs for gene 4200...
2024-07-20 23:02:35,358 - INFO - Allocating UMIs for gene 4300...
2024-07-20 23:02:35,436 - INFO - Allocating UMIs for gene 4400...
2024-07-20 23:02:35,524 - INFO - Allocating UMIs for gene 4500...
2024-07-20 23:02:35,653 - INFO - Allocating UMIs for gene 4600...
2024-07-20 23:02:35,708 - INFO - Allocating UMIs for gene 4700...
2024-07-20 23:02:35,790 - INFO - Allocating UMIs for gene 4800...
2024-07-20 23:02:35,887 - INFO - Allocating UMIs for gene 4900...
2024-07-20 23:02:35,980 - INFO - Allocating UMIs for gene 5000...
2024-07-20 23:02:36,073 - INFO - Allocating UMIs for gene 5100...
2024-07-20 23:02:36,134 - INFO - Allocating UMIs for gene 5200...
2024-07-20 23:02:36,259 - INFO - Allocating UMIs for gene 5300...
2024-07-20 23:02:36,350 - INFO - Allocating UMIs for gene 5400...
2024-07-20 23:02:36,455 - INFO - Allocating UMIs for gene 5500...
2024-07-20 23:02:36,602 - INFO - Allocating UMIs for gene 5600...
2024-07-20 23:02:36,710 - INFO - Allocating UMIs for gene 5700...
2024-07-20 23:02:36,764 - INFO - Allocating UMIs for gene 5800...
2024-07-20 23:02:36,866 - INFO - Allocating UMIs for gene 5900...
2024-07-20 23:02:36,999 - INFO - Allocating UMIs for gene 6000...
2024-07-20 23:02:37,105 - INFO - Allocating UMIs for gene 6100...
2024-07-20 23:02:37,253 - INFO - Allocating UMIs for gene 6200...
2024-07-20 23:02:37,418 - INFO - Allocating UMIs for gene 6300...
2024-07-20 23:02:37,524 - INFO - Allocating UMIs for gene 6400...
2024-07-20 23:02:37,596 - INFO - Allocating UMIs for gene 6500...
2024-07-20 23:02:37,673 - INFO - Allocating UMIs for gene 6600...
2024-07-20 23:02:37,755 - INFO - Allocating UMIs for gene 6700...
2024-07-20 23:02:37,832 - INFO - Allocating UMIs for gene 6800...
2024-07-20 23:02:37,898 - INFO - Allocating UMIs for gene 6900...
2024-07-20 23:02:37,999 - INFO - Allocating UMIs for gene 7000...
2024-07-20 23:02:38,109 - INFO - Allocating UMIs for gene 7100...
2024-07-20 23:02:38,216 - INFO - Allocating UMIs for gene 7200...
2024-07-20 23:02:38,385 - INFO - Allocating UMIs for gene 7300...
2024-07-20 23:02:38,494 - INFO - Allocating UMIs for gene 7400...
2024-07-20 23:02:38,611 - INFO - Allocating UMIs for gene 7500...
2024-07-20 23:02:38,697 - INFO - Allocating UMIs for gene 7600...
2024-07-20 23:02:38,756 - INFO - Allocating UMIs for gene 7700...
2024-07-20 23:02:38,816 - INFO - Allocating UMIs for gene 7800...
2024-07-20 23:02:38,896 - INFO - Allocating UMIs for gene 7900...
2024-07-20 23:02:39,010 - INFO - Allocating UMIs for gene 8000...
2024-07-20 23:02:39,099 - INFO - Allocating UMIs for gene 8100...
2024-07-20 23:02:39,185 - INFO - Allocating UMIs for gene 8200...
2024-07-20 23:02:39,288 - INFO - Allocating UMIs for gene 8300...
2024-07-20 23:02:39,368 - INFO - Allocating UMIs for gene 8400...
2024-07-20 23:02:39,463 - INFO - Allocating UMIs for gene 8500...
2024-07-20 23:02:39,638 - INFO - Allocating UMIs for gene 8600...
2024-07-20 23:02:39,748 - INFO - Allocating UMIs for gene 8700...
2024-07-20 23:02:39,876 - INFO - Allocating UMIs for gene 8800...
2024-07-20 23:02:40,091 - INFO - Allocating UMIs for gene 8900...
2024-07-20 23:02:40,223 - INFO - Allocating UMIs for gene 9000...
2024-07-20 23:02:40,409 - INFO - Allocating UMIs for gene 9100...
2024-07-20 23:02:40,535 - INFO - Allocating UMIs for gene 9200...
2024-07-20 23:02:40,802 - INFO - Allocating UMIs for gene 9300...
2024-07-20 23:02:41,049 - INFO - Allocating UMIs for gene 9400...
2024-07-20 23:02:41,189 - INFO - Allocating UMIs for gene 9500...
2024-07-20 23:02:41,378 - INFO - Allocating UMIs for gene 9600...
2024-07-20 23:02:41,560 - INFO - Allocating UMIs for gene 9700...
2024-07-20 23:02:41,858 - INFO - Allocating UMIs for gene 9800...
2024-07-20 23:02:42,103 - INFO - Allocating UMIs for gene 9900...
2024-07-20 23:02:42,310 - INFO - Allocating UMIs for gene 10000...
2024-07-20 23:02:42,526 - INFO - Allocating UMIs for gene 10100...
2024-07-20 23:02:42,781 - INFO - Allocating UMIs for gene 10200...
2024-07-20 23:02:43,038 - INFO - Allocating UMIs for gene 10300...
2024-07-20 23:02:43,250 - INFO - Allocating UMIs for gene 10400...
2024-07-20 23:02:43,479 - INFO - Allocating UMIs for gene 10500...
2024-07-20 23:02:43,684 - INFO - Allocating UMIs for gene 10600...
2024-07-20 23:02:43,890 - INFO - Allocating UMIs for gene 10700...
2024-07-20 23:02:44,073 - INFO - Allocating UMIs for gene 10800...
2024-07-20 23:02:44,318 - INFO - Allocating UMIs for gene 10900...
2024-07-20 23:02:44,476 - INFO - Allocating UMIs for gene 11000...
2024-07-20 23:02:44,666 - INFO - Allocating UMIs for gene 11100...
2024-07-20 23:02:44,963 - INFO - Allocating UMIs for gene 11200...
2024-07-20 23:02:45,206 - INFO - Allocating UMIs for gene 11300...
2024-07-20 23:02:45,397 - INFO - Allocating UMIs for gene 11400...
2024-07-20 23:02:45,638 - INFO - Allocating UMIs for gene 11500...
2024-07-20 23:02:45,915 - INFO - Allocating UMIs for gene 11600...
2024-07-20 23:02:46,122 - INFO - Allocating UMIs for gene 11700...
2024-07-20 23:02:46,309 - INFO - Allocating UMIs for gene 11800...
2024-07-20 23:02:46,492 - INFO - Allocating UMIs for gene 11900...
2024-07-20 23:02:46,847 - INFO - UMI allocation complete.
2024-07-20 23:02:46,847 - INFO - Counting overall UMI occurrences...
2024-07-20 23:02:46,860 - INFO - Counting inter-gene collisions...
2024-07-20 23:02:46,965 - INFO - Total UMIs allocated: 71948
2024-07-20 23:02:46,965 - INFO - Number of unique UMIs assigned to genes: 71946
2024-07-20 23:02:46,965 - INFO - Inter-gene collisions: 2
2024-07-20 23:02:46,965 - INFO - Inter-gene collision rate: 0.00003
2024-07-20 23:02:46,965 - INFO - Writing gene UMI counts to file...
2024-07-20 23:02:46,971 - INFO - Writing UMI inter-gene collisions to file...
2024-07-20 23:02:46,972 - INFO - Simulation complete.
