2024-07-20 23:33:52,955 - INFO - Simulation Script Version: 0.0.2
2024-07-20 23:33:52,957 - INFO - Simulation Parameters:
2024-07-20 23:33:52,957 - INFO - Length of UMI: 10
2024-07-20 23:33:52,957 - INFO - Number of genes: 12000
2024-07-20 23:33:52,957 - INFO - Parameters file: None
2024-07-20 23:33:52,957 - INFO - Mean (mu): 6.0
2024-07-20 23:33:52,958 - INFO - Dispersion (theta): 6.0
2024-07-20 23:33:52,958 - INFO - Use Poisson distribution: False
2024-07-20 23:33:52,958 - INFO - Gene UMI counts file: gene_12000_umi16_counts_rep9.txt
2024-07-20 23:33:52,958 - INFO - UMI collisions file: umi16_12000_collisions_rep9.txt
2024-07-20 23:33:52,958 - INFO - Seed: None
2024-07-20 23:33:52,958 - INFO - Log file: umi16_12000_rep9.log
2024-07-20 23:33:52,958 - INFO - UMI file: /varidata/research/projects/shen/projects/2024_Bens_swan_song/src/umi_collisions/umi_16.txt
2024-07-20 23:33:52,958 - INFO - No seed specified. Generated random seed: 1957790177
2024-07-20 23:33:52,958 - INFO - Using UMIs from file: /varidata/research/projects/shen/projects/2024_Bens_swan_song/src/umi_collisions/umi_16.txt
2024-07-20 23:38:59,094 - INFO - Total UMIs loaded: 4294967296
2024-07-20 23:38:59,094 - INFO - Loading parameters...
2024-07-20 23:38:59,094 - INFO - Sampling read depths for each gene...
2024-07-20 23:38:59,588 - INFO - Read depths sampling complete.
2024-07-20 23:38:59,588 - INFO - Allocating UMIs based on sampled read depths...
2024-07-20 23:38:59,588 - INFO - Allocating UMIs for gene 0...
2024-07-20 23:38:59,958 - INFO - Allocating UMIs for gene 100...
2024-07-20 23:39:00,482 - INFO - Allocating UMIs for gene 200...
2024-07-20 23:39:00,887 - INFO - Allocating UMIs for gene 300...
2024-07-20 23:39:01,369 - INFO - Allocating UMIs for gene 400...
2024-07-20 23:39:01,775 - INFO - Allocating UMIs for gene 500...
2024-07-20 23:39:02,387 - INFO - Allocating UMIs for gene 600...
2024-07-20 23:39:03,026 - INFO - Allocating UMIs for gene 700...
2024-07-20 23:39:03,576 - INFO - Allocating UMIs for gene 800...
2024-07-20 23:39:04,092 - INFO - Allocating UMIs for gene 900...
2024-07-20 23:39:04,615 - INFO - Allocating UMIs for gene 1000...
2024-07-20 23:39:05,090 - INFO - Allocating UMIs for gene 1100...
2024-07-20 23:39:05,496 - INFO - Allocating UMIs for gene 1200...
2024-07-20 23:39:05,868 - INFO - Allocating UMIs for gene 1300...
2024-07-20 23:39:06,275 - INFO - Allocating UMIs for gene 1400...
2024-07-20 23:39:06,650 - INFO - Allocating UMIs for gene 1500...
2024-07-20 23:39:07,234 - INFO - Allocating UMIs for gene 1600...
2024-07-20 23:39:07,770 - INFO - Allocating UMIs for gene 1700...
2024-07-20 23:39:08,200 - INFO - Allocating UMIs for gene 1800...
2024-07-20 23:39:08,639 - INFO - Allocating UMIs for gene 1900...
2024-07-20 23:39:08,977 - INFO - Allocating UMIs for gene 2000...
2024-07-20 23:39:09,520 - INFO - Allocating UMIs for gene 2100...
2024-07-20 23:39:10,066 - INFO - Allocating UMIs for gene 2200...
2024-07-20 23:39:10,470 - INFO - Allocating UMIs for gene 2300...
2024-07-20 23:39:10,888 - INFO - Allocating UMIs for gene 2400...
2024-07-20 23:39:11,293 - INFO - Allocating UMIs for gene 2500...
2024-07-20 23:39:11,766 - INFO - Allocating UMIs for gene 2600...
2024-07-20 23:39:12,224 - INFO - Allocating UMIs for gene 2700...
2024-07-20 23:39:12,610 - INFO - Allocating UMIs for gene 2800...
2024-07-20 23:39:13,022 - INFO - Allocating UMIs for gene 2900...
2024-07-20 23:39:13,505 - INFO - Allocating UMIs for gene 3000...
2024-07-20 23:39:13,905 - INFO - Allocating UMIs for gene 3100...
2024-07-20 23:39:14,216 - INFO - Allocating UMIs for gene 3200...
2024-07-20 23:39:14,553 - INFO - Allocating UMIs for gene 3300...
2024-07-20 23:39:14,887 - INFO - Allocating UMIs for gene 3400...
2024-07-20 23:39:15,288 - INFO - Allocating UMIs for gene 3500...
2024-07-20 23:39:15,697 - INFO - Allocating UMIs for gene 3600...
2024-07-20 23:39:16,050 - INFO - Allocating UMIs for gene 3700...
2024-07-20 23:39:16,459 - INFO - Allocating UMIs for gene 3800...
2024-07-20 23:39:16,833 - INFO - Allocating UMIs for gene 3900...
2024-07-20 23:39:17,413 - INFO - Allocating UMIs for gene 4000...
2024-07-20 23:39:17,777 - INFO - Allocating UMIs for gene 4100...
2024-07-20 23:39:18,200 - INFO - Allocating UMIs for gene 4200...
2024-07-20 23:39:18,781 - INFO - Allocating UMIs for gene 4300...
2024-07-20 23:39:19,284 - INFO - Allocating UMIs for gene 4400...
2024-07-20 23:39:19,856 - INFO - Allocating UMIs for gene 4500...
2024-07-20 23:39:20,356 - INFO - Allocating UMIs for gene 4600...
2024-07-20 23:39:20,853 - INFO - Allocating UMIs for gene 4700...
2024-07-20 23:39:21,176 - INFO - Allocating UMIs for gene 4800...
2024-07-20 23:39:21,636 - INFO - Allocating UMIs for gene 4900...
2024-07-20 23:39:21,896 - INFO - Allocating UMIs for gene 5000...
2024-07-20 23:39:22,229 - INFO - Allocating UMIs for gene 5100...
2024-07-20 23:39:22,718 - INFO - Allocating UMIs for gene 5200...
2024-07-20 23:39:23,185 - INFO - Allocating UMIs for gene 5300...
2024-07-20 23:39:23,709 - INFO - Allocating UMIs for gene 5400...
2024-07-20 23:39:24,077 - INFO - Allocating UMIs for gene 5500...
2024-07-20 23:39:24,610 - INFO - Allocating UMIs for gene 5600...
2024-07-20 23:39:25,147 - INFO - Allocating UMIs for gene 5700...
2024-07-20 23:39:25,489 - INFO - Allocating UMIs for gene 5800...
2024-07-20 23:39:25,971 - INFO - Allocating UMIs for gene 5900...
2024-07-20 23:39:26,406 - INFO - Allocating UMIs for gene 6000...
2024-07-20 23:39:26,782 - INFO - Allocating UMIs for gene 6100...
2024-07-20 23:39:27,189 - INFO - Allocating UMIs for gene 6200...
2024-07-20 23:39:27,616 - INFO - Allocating UMIs for gene 6300...
2024-07-20 23:39:28,338 - INFO - Allocating UMIs for gene 6400...
2024-07-20 23:39:28,661 - INFO - Allocating UMIs for gene 6500...
2024-07-20 23:39:29,067 - INFO - Allocating UMIs for gene 6600...
2024-07-20 23:39:29,443 - INFO - Allocating UMIs for gene 6700...
2024-07-20 23:39:29,934 - INFO - Allocating UMIs for gene 6800...
2024-07-20 23:39:30,129 - INFO - Allocating UMIs for gene 6900...
2024-07-20 23:39:30,565 - INFO - Allocating UMIs for gene 7000...
2024-07-20 23:39:30,929 - INFO - Allocating UMIs for gene 7100...
2024-07-20 23:39:31,359 - INFO - Allocating UMIs for gene 7200...
2024-07-20 23:39:31,869 - INFO - Allocating UMIs for gene 7300...
2024-07-20 23:39:32,152 - INFO - Allocating UMIs for gene 7400...
2024-07-20 23:39:32,502 - INFO - Allocating UMIs for gene 7500...
2024-07-20 23:39:32,815 - INFO - Allocating UMIs for gene 7600...
2024-07-20 23:39:33,159 - INFO - Allocating UMIs for gene 7700...
2024-07-20 23:39:33,576 - INFO - Allocating UMIs for gene 7800...
2024-07-20 23:39:33,889 - INFO - Allocating UMIs for gene 7900...
2024-07-20 23:39:34,190 - INFO - Allocating UMIs for gene 8000...
2024-07-20 23:39:34,595 - INFO - Allocating UMIs for gene 8100...
2024-07-20 23:39:34,844 - INFO - Allocating UMIs for gene 8200...
2024-07-20 23:39:35,185 - INFO - Allocating UMIs for gene 8300...
2024-07-20 23:39:35,585 - INFO - Allocating UMIs for gene 8400...
2024-07-20 23:39:35,890 - INFO - Allocating UMIs for gene 8500...
2024-07-20 23:39:36,232 - INFO - Allocating UMIs for gene 8600...
2024-07-20 23:39:36,569 - INFO - Allocating UMIs for gene 8700...
2024-07-20 23:39:36,850 - INFO - Allocating UMIs for gene 8800...
2024-07-20 23:39:37,124 - INFO - Allocating UMIs for gene 8900...
2024-07-20 23:39:37,430 - INFO - Allocating UMIs for gene 9000...
2024-07-20 23:39:37,741 - INFO - Allocating UMIs for gene 9100...
2024-07-20 23:39:38,100 - INFO - Allocating UMIs for gene 9200...
2024-07-20 23:39:38,447 - INFO - Allocating UMIs for gene 9300...
2024-07-20 23:39:38,750 - INFO - Allocating UMIs for gene 9400...
2024-07-20 23:39:39,168 - INFO - Allocating UMIs for gene 9500...
2024-07-20 23:39:39,559 - INFO - Allocating UMIs for gene 9600...
2024-07-20 23:39:39,746 - INFO - Allocating UMIs for gene 9700...
2024-07-20 23:39:40,063 - INFO - Allocating UMIs for gene 9800...
2024-07-20 23:39:40,366 - INFO - Allocating UMIs for gene 9900...
2024-07-20 23:39:40,724 - INFO - Allocating UMIs for gene 10000...
2024-07-20 23:39:40,961 - INFO - Allocating UMIs for gene 10100...
2024-07-20 23:39:41,351 - INFO - Allocating UMIs for gene 10200...
2024-07-20 23:39:41,666 - INFO - Allocating UMIs for gene 10300...
2024-07-20 23:39:41,963 - INFO - Allocating UMIs for gene 10400...
2024-07-20 23:39:42,294 - INFO - Allocating UMIs for gene 10500...
2024-07-20 23:39:42,665 - INFO - Allocating UMIs for gene 10600...
2024-07-20 23:39:42,954 - INFO - Allocating UMIs for gene 10700...
2024-07-20 23:39:43,219 - INFO - Allocating UMIs for gene 10800...
2024-07-20 23:39:43,484 - INFO - Allocating UMIs for gene 10900...
2024-07-20 23:39:43,872 - INFO - Allocating UMIs for gene 11000...
2024-07-20 23:39:44,103 - INFO - Allocating UMIs for gene 11100...
2024-07-20 23:39:44,280 - INFO - Allocating UMIs for gene 11200...
2024-07-20 23:39:44,563 - INFO - Allocating UMIs for gene 11300...
2024-07-20 23:39:44,851 - INFO - Allocating UMIs for gene 11400...
2024-07-20 23:39:45,122 - INFO - Allocating UMIs for gene 11500...
2024-07-20 23:39:45,366 - INFO - Allocating UMIs for gene 11600...
2024-07-20 23:39:45,654 - INFO - Allocating UMIs for gene 11700...
2024-07-20 23:39:45,921 - INFO - Allocating UMIs for gene 11800...
2024-07-20 23:39:46,147 - INFO - Allocating UMIs for gene 11900...
2024-07-20 23:39:46,455 - INFO - UMI allocation complete.
2024-07-20 23:39:46,455 - INFO - Counting overall UMI occurrences...
2024-07-20 23:39:46,473 - INFO - Counting inter-gene collisions...
2024-07-20 23:39:46,568 - INFO - Total UMIs allocated: 71333
2024-07-20 23:39:46,568 - INFO - Number of unique UMIs assigned to genes: 71331
2024-07-20 23:39:46,568 - INFO - Inter-gene collisions: 2
2024-07-20 23:39:46,568 - INFO - Inter-gene collision rate: 0.00003
2024-07-20 23:39:46,568 - INFO - Writing gene UMI counts to file...
2024-07-20 23:39:46,574 - INFO - Writing UMI inter-gene collisions to file...
2024-07-20 23:39:46,575 - INFO - Simulation complete.
