2024-07-20 23:28:12,512 - INFO - Simulation Script Version: 0.0.2
2024-07-20 23:28:12,514 - INFO - Simulation Parameters:
2024-07-20 23:28:12,515 - INFO - Length of UMI: 10
2024-07-20 23:28:12,515 - INFO - Number of genes: 12000
2024-07-20 23:28:12,515 - INFO - Parameters file: None
2024-07-20 23:28:12,515 - INFO - Mean (mu): 6.0
2024-07-20 23:28:12,515 - INFO - Dispersion (theta): 6.0
2024-07-20 23:28:12,515 - INFO - Use Poisson distribution: False
2024-07-20 23:28:12,515 - INFO - Gene UMI counts file: gene_12000_umi16_counts_rep8.txt
2024-07-20 23:28:12,515 - INFO - UMI collisions file: umi16_12000_collisions_rep8.txt
2024-07-20 23:28:12,515 - INFO - Seed: None
2024-07-20 23:28:12,515 - INFO - Log file: umi16_12000_rep8.log
2024-07-20 23:28:12,515 - INFO - UMI file: /varidata/research/projects/shen/projects/2024_Bens_swan_song/src/umi_collisions/umi_16.txt
2024-07-20 23:28:12,515 - INFO - No seed specified. Generated random seed: 520011640
2024-07-20 23:28:12,515 - INFO - Using UMIs from file: /varidata/research/projects/shen/projects/2024_Bens_swan_song/src/umi_collisions/umi_16.txt
2024-07-20 23:33:20,019 - INFO - Total UMIs loaded: 4294967296
2024-07-20 23:33:20,019 - INFO - Loading parameters...
2024-07-20 23:33:20,019 - INFO - Sampling read depths for each gene...
2024-07-20 23:33:20,469 - INFO - Read depths sampling complete.
2024-07-20 23:33:20,470 - INFO - Allocating UMIs based on sampled read depths...
2024-07-20 23:33:20,470 - INFO - Allocating UMIs for gene 0...
2024-07-20 23:33:20,890 - INFO - Allocating UMIs for gene 100...
2024-07-20 23:33:21,175 - INFO - Allocating UMIs for gene 200...
2024-07-20 23:33:21,488 - INFO - Allocating UMIs for gene 300...
2024-07-20 23:33:21,659 - INFO - Allocating UMIs for gene 400...
2024-07-20 23:33:21,784 - INFO - Allocating UMIs for gene 500...
2024-07-20 23:33:22,011 - INFO - Allocating UMIs for gene 600...
2024-07-20 23:33:22,179 - INFO - Allocating UMIs for gene 700...
2024-07-20 23:33:22,490 - INFO - Allocating UMIs for gene 800...
2024-07-20 23:33:22,716 - INFO - Allocating UMIs for gene 900...
2024-07-20 23:33:22,930 - INFO - Allocating UMIs for gene 1000...
2024-07-20 23:33:23,123 - INFO - Allocating UMIs for gene 1100...
2024-07-20 23:33:23,286 - INFO - Allocating UMIs for gene 1200...
2024-07-20 23:33:23,518 - INFO - Allocating UMIs for gene 1300...
2024-07-20 23:33:23,786 - INFO - Allocating UMIs for gene 1400...
2024-07-20 23:33:24,059 - INFO - Allocating UMIs for gene 1500...
2024-07-20 23:33:24,297 - INFO - Allocating UMIs for gene 1600...
2024-07-20 23:33:24,587 - INFO - Allocating UMIs for gene 1700...
2024-07-20 23:33:24,905 - INFO - Allocating UMIs for gene 1800...
2024-07-20 23:33:25,103 - INFO - Allocating UMIs for gene 1900...
2024-07-20 23:33:25,309 - INFO - Allocating UMIs for gene 2000...
2024-07-20 23:33:25,767 - INFO - Allocating UMIs for gene 2100...
2024-07-20 23:33:25,985 - INFO - Allocating UMIs for gene 2200...
2024-07-20 23:33:26,297 - INFO - Allocating UMIs for gene 2300...
2024-07-20 23:33:26,504 - INFO - Allocating UMIs for gene 2400...
2024-07-20 23:33:26,700 - INFO - Allocating UMIs for gene 2500...
2024-07-20 23:33:26,888 - INFO - Allocating UMIs for gene 2600...
2024-07-20 23:33:27,124 - INFO - Allocating UMIs for gene 2700...
2024-07-20 23:33:27,316 - INFO - Allocating UMIs for gene 2800...
2024-07-20 23:33:27,786 - INFO - Allocating UMIs for gene 2900...
2024-07-20 23:33:27,959 - INFO - Allocating UMIs for gene 3000...
2024-07-20 23:33:28,269 - INFO - Allocating UMIs for gene 3100...
2024-07-20 23:33:28,506 - INFO - Allocating UMIs for gene 3200...
2024-07-20 23:33:28,847 - INFO - Allocating UMIs for gene 3300...
2024-07-20 23:33:29,044 - INFO - Allocating UMIs for gene 3400...
2024-07-20 23:33:29,213 - INFO - Allocating UMIs for gene 3500...
2024-07-20 23:33:29,425 - INFO - Allocating UMIs for gene 3600...
2024-07-20 23:33:29,847 - INFO - Allocating UMIs for gene 3700...
2024-07-20 23:33:30,094 - INFO - Allocating UMIs for gene 3800...
2024-07-20 23:33:30,318 - INFO - Allocating UMIs for gene 3900...
2024-07-20 23:33:30,642 - INFO - Allocating UMIs for gene 4000...
2024-07-20 23:33:30,890 - INFO - Allocating UMIs for gene 4100...
2024-07-20 23:33:31,165 - INFO - Allocating UMIs for gene 4200...
2024-07-20 23:33:31,394 - INFO - Allocating UMIs for gene 4300...
2024-07-20 23:33:31,602 - INFO - Allocating UMIs for gene 4400...
2024-07-20 23:33:31,805 - INFO - Allocating UMIs for gene 4500...
2024-07-20 23:33:32,083 - INFO - Allocating UMIs for gene 4600...
2024-07-20 23:33:32,447 - INFO - Allocating UMIs for gene 4700...
2024-07-20 23:33:32,775 - INFO - Allocating UMIs for gene 4800...
2024-07-20 23:33:32,993 - INFO - Allocating UMIs for gene 4900...
2024-07-20 23:33:33,196 - INFO - Allocating UMIs for gene 5000...
2024-07-20 23:33:33,472 - INFO - Allocating UMIs for gene 5100...
2024-07-20 23:33:33,699 - INFO - Allocating UMIs for gene 5200...
2024-07-20 23:33:33,897 - INFO - Allocating UMIs for gene 5300...
2024-07-20 23:33:34,240 - INFO - Allocating UMIs for gene 5400...
2024-07-20 23:33:34,528 - INFO - Allocating UMIs for gene 5500...
2024-07-20 23:33:34,914 - INFO - Allocating UMIs for gene 5600...
2024-07-20 23:33:35,224 - INFO - Allocating UMIs for gene 5700...
2024-07-20 23:33:35,455 - INFO - Allocating UMIs for gene 5800...
2024-07-20 23:33:35,706 - INFO - Allocating UMIs for gene 5900...
2024-07-20 23:33:36,018 - INFO - Allocating UMIs for gene 6000...
2024-07-20 23:33:36,268 - INFO - Allocating UMIs for gene 6100...
2024-07-20 23:33:36,557 - INFO - Allocating UMIs for gene 6200...
2024-07-20 23:33:36,797 - INFO - Allocating UMIs for gene 6300...
2024-07-20 23:33:37,025 - INFO - Allocating UMIs for gene 6400...
2024-07-20 23:33:37,381 - INFO - Allocating UMIs for gene 6500...
2024-07-20 23:33:37,687 - INFO - Allocating UMIs for gene 6600...
2024-07-20 23:33:37,948 - INFO - Allocating UMIs for gene 6700...
2024-07-20 23:33:38,152 - INFO - Allocating UMIs for gene 6800...
2024-07-20 23:33:38,371 - INFO - Allocating UMIs for gene 6900...
2024-07-20 23:33:38,764 - INFO - Allocating UMIs for gene 7000...
2024-07-20 23:33:39,100 - INFO - Allocating UMIs for gene 7100...
2024-07-20 23:33:39,328 - INFO - Allocating UMIs for gene 7200...
2024-07-20 23:33:39,531 - INFO - Allocating UMIs for gene 7300...
2024-07-20 23:33:39,721 - INFO - Allocating UMIs for gene 7400...
2024-07-20 23:33:40,062 - INFO - Allocating UMIs for gene 7500...
2024-07-20 23:33:40,359 - INFO - Allocating UMIs for gene 7600...
2024-07-20 23:33:40,545 - INFO - Allocating UMIs for gene 7700...
2024-07-20 23:33:40,756 - INFO - Allocating UMIs for gene 7800...
2024-07-20 23:33:40,890 - INFO - Allocating UMIs for gene 7900...
2024-07-20 23:33:41,164 - INFO - Allocating UMIs for gene 8000...
2024-07-20 23:33:41,343 - INFO - Allocating UMIs for gene 8100...
2024-07-20 23:33:41,677 - INFO - Allocating UMIs for gene 8200...
2024-07-20 23:33:41,971 - INFO - Allocating UMIs for gene 8300...
2024-07-20 23:33:42,345 - INFO - Allocating UMIs for gene 8400...
2024-07-20 23:33:42,548 - INFO - Allocating UMIs for gene 8500...
2024-07-20 23:33:42,780 - INFO - Allocating UMIs for gene 8600...
2024-07-20 23:33:43,000 - INFO - Allocating UMIs for gene 8700...
2024-07-20 23:33:43,245 - INFO - Allocating UMIs for gene 8800...
2024-07-20 23:33:43,458 - INFO - Allocating UMIs for gene 8900...
2024-07-20 23:33:43,845 - INFO - Allocating UMIs for gene 9000...
2024-07-20 23:33:44,058 - INFO - Allocating UMIs for gene 9100...
2024-07-20 23:33:44,362 - INFO - Allocating UMIs for gene 9200...
2024-07-20 23:33:44,591 - INFO - Allocating UMIs for gene 9300...
2024-07-20 23:33:44,882 - INFO - Allocating UMIs for gene 9400...
2024-07-20 23:33:45,113 - INFO - Allocating UMIs for gene 9500...
2024-07-20 23:33:45,432 - INFO - Allocating UMIs for gene 9600...
2024-07-20 23:33:45,704 - INFO - Allocating UMIs for gene 9700...
2024-07-20 23:33:45,891 - INFO - Allocating UMIs for gene 9800...
2024-07-20 23:33:46,256 - INFO - Allocating UMIs for gene 9900...
2024-07-20 23:33:46,513 - INFO - Allocating UMIs for gene 10000...
2024-07-20 23:33:46,678 - INFO - Allocating UMIs for gene 10100...
2024-07-20 23:33:46,910 - INFO - Allocating UMIs for gene 10200...
2024-07-20 23:33:47,109 - INFO - Allocating UMIs for gene 10300...
2024-07-20 23:33:47,387 - INFO - Allocating UMIs for gene 10400...
2024-07-20 23:33:47,865 - INFO - Allocating UMIs for gene 10500...
2024-07-20 23:33:48,089 - INFO - Allocating UMIs for gene 10600...
2024-07-20 23:33:48,276 - INFO - Allocating UMIs for gene 10700...
2024-07-20 23:33:48,530 - INFO - Allocating UMIs for gene 10800...
2024-07-20 23:33:48,718 - INFO - Allocating UMIs for gene 10900...
2024-07-20 23:33:48,995 - INFO - Allocating UMIs for gene 11000...
2024-07-20 23:33:49,412 - INFO - Allocating UMIs for gene 11100...
2024-07-20 23:33:49,670 - INFO - Allocating UMIs for gene 11200...
2024-07-20 23:33:49,981 - INFO - Allocating UMIs for gene 11300...
2024-07-20 23:33:50,205 - INFO - Allocating UMIs for gene 11400...
2024-07-20 23:33:50,525 - INFO - Allocating UMIs for gene 11500...
2024-07-20 23:33:50,825 - INFO - Allocating UMIs for gene 11600...
2024-07-20 23:33:51,119 - INFO - Allocating UMIs for gene 11700...
2024-07-20 23:33:51,353 - INFO - Allocating UMIs for gene 11800...
2024-07-20 23:33:51,592 - INFO - Allocating UMIs for gene 11900...
2024-07-20 23:33:51,844 - INFO - UMI allocation complete.
2024-07-20 23:33:51,844 - INFO - Counting overall UMI occurrences...
2024-07-20 23:33:51,859 - INFO - Counting inter-gene collisions...
2024-07-20 23:33:51,964 - INFO - Total UMIs allocated: 72329
2024-07-20 23:33:51,964 - INFO - Number of unique UMIs assigned to genes: 72326
2024-07-20 23:33:51,964 - INFO - Inter-gene collisions: 3
2024-07-20 23:33:51,964 - INFO - Inter-gene collision rate: 0.00004
2024-07-20 23:33:51,964 - INFO - Writing gene UMI counts to file...
2024-07-20 23:33:51,970 - INFO - Writing UMI inter-gene collisions to file...
2024-07-20 23:33:51,970 - INFO - Simulation complete.
