2024-07-20 23:07:43,203 - INFO - Simulation Script Version: 0.0.2
2024-07-20 23:07:43,206 - INFO - Simulation Parameters:
2024-07-20 23:07:43,206 - INFO - Length of UMI: 10
2024-07-20 23:07:43,206 - INFO - Number of genes: 12000
2024-07-20 23:07:43,206 - INFO - Parameters file: None
2024-07-20 23:07:43,206 - INFO - Mean (mu): 6.0
2024-07-20 23:07:43,206 - INFO - Dispersion (theta): 6.0
2024-07-20 23:07:43,206 - INFO - Use Poisson distribution: False
2024-07-20 23:07:43,206 - INFO - Gene UMI counts file: gene_12000_umi16_counts_rep4.txt
2024-07-20 23:07:43,206 - INFO - UMI collisions file: umi16_12000_collisions_rep4.txt
2024-07-20 23:07:43,207 - INFO - Seed: None
2024-07-20 23:07:43,207 - INFO - Log file: umi16_12000_rep4.log
2024-07-20 23:07:43,207 - INFO - UMI file: /varidata/research/projects/shen/projects/2024_Bens_swan_song/src/umi_collisions/umi_16.txt
2024-07-20 23:07:43,207 - INFO - No seed specified. Generated random seed: 1649727257
2024-07-20 23:07:43,207 - INFO - Using UMIs from file: /varidata/research/projects/shen/projects/2024_Bens_swan_song/src/umi_collisions/umi_16.txt
2024-07-20 23:12:48,849 - INFO - Total UMIs loaded: 4294967296
2024-07-20 23:12:48,849 - INFO - Loading parameters...
2024-07-20 23:12:48,849 - INFO - Sampling read depths for each gene...
2024-07-20 23:12:49,282 - INFO - Read depths sampling complete.
2024-07-20 23:12:49,282 - INFO - Allocating UMIs based on sampled read depths...
2024-07-20 23:12:49,282 - INFO - Allocating UMIs for gene 0...
2024-07-20 23:12:49,362 - INFO - Allocating UMIs for gene 100...
2024-07-20 23:12:49,401 - INFO - Allocating UMIs for gene 200...
2024-07-20 23:12:49,439 - INFO - Allocating UMIs for gene 300...
2024-07-20 23:12:49,495 - INFO - Allocating UMIs for gene 400...
2024-07-20 23:12:49,532 - INFO - Allocating UMIs for gene 500...
2024-07-20 23:12:49,574 - INFO - Allocating UMIs for gene 600...
2024-07-20 23:12:49,617 - INFO - Allocating UMIs for gene 700...
2024-07-20 23:12:49,752 - INFO - Allocating UMIs for gene 800...
2024-07-20 23:12:49,799 - INFO - Allocating UMIs for gene 900...
2024-07-20 23:12:49,839 - INFO - Allocating UMIs for gene 1000...
2024-07-20 23:12:49,893 - INFO - Allocating UMIs for gene 1100...
2024-07-20 23:12:49,953 - INFO - Allocating UMIs for gene 1200...
2024-07-20 23:12:49,999 - INFO - Allocating UMIs for gene 1300...
2024-07-20 23:12:50,047 - INFO - Allocating UMIs for gene 1400...
2024-07-20 23:12:50,100 - INFO - Allocating UMIs for gene 1500...
2024-07-20 23:12:50,151 - INFO - Allocating UMIs for gene 1600...
2024-07-20 23:12:50,196 - INFO - Allocating UMIs for gene 1700...
2024-07-20 23:12:50,263 - INFO - Allocating UMIs for gene 1800...
2024-07-20 23:12:50,310 - INFO - Allocating UMIs for gene 1900...
2024-07-20 23:12:50,352 - INFO - Allocating UMIs for gene 2000...
2024-07-20 23:12:50,412 - INFO - Allocating UMIs for gene 2100...
2024-07-20 23:12:50,458 - INFO - Allocating UMIs for gene 2200...
2024-07-20 23:12:50,503 - INFO - Allocating UMIs for gene 2300...
2024-07-20 23:12:50,550 - INFO - Allocating UMIs for gene 2400...
2024-07-20 23:12:50,601 - INFO - Allocating UMIs for gene 2500...
2024-07-20 23:12:50,649 - INFO - Allocating UMIs for gene 2600...
2024-07-20 23:12:50,719 - INFO - Allocating UMIs for gene 2700...
2024-07-20 23:12:50,788 - INFO - Allocating UMIs for gene 2800...
2024-07-20 23:12:50,834 - INFO - Allocating UMIs for gene 2900...
2024-07-20 23:12:50,889 - INFO - Allocating UMIs for gene 3000...
2024-07-20 23:12:50,936 - INFO - Allocating UMIs for gene 3100...
2024-07-20 23:12:51,001 - INFO - Allocating UMIs for gene 3200...
2024-07-20 23:12:51,083 - INFO - Allocating UMIs for gene 3300...
2024-07-20 23:12:51,152 - INFO - Allocating UMIs for gene 3400...
2024-07-20 23:12:51,204 - INFO - Allocating UMIs for gene 3500...
2024-07-20 23:12:51,272 - INFO - Allocating UMIs for gene 3600...
2024-07-20 23:12:51,388 - INFO - Allocating UMIs for gene 3700...
2024-07-20 23:12:51,446 - INFO - Allocating UMIs for gene 3800...
2024-07-20 23:12:51,506 - INFO - Allocating UMIs for gene 3900...
2024-07-20 23:12:51,575 - INFO - Allocating UMIs for gene 4000...
2024-07-20 23:12:51,634 - INFO - Allocating UMIs for gene 4100...
2024-07-20 23:12:51,689 - INFO - Allocating UMIs for gene 4200...
2024-07-20 23:12:51,744 - INFO - Allocating UMIs for gene 4300...
2024-07-20 23:12:51,829 - INFO - Allocating UMIs for gene 4400...
2024-07-20 23:12:51,920 - INFO - Allocating UMIs for gene 4500...
2024-07-20 23:12:51,993 - INFO - Allocating UMIs for gene 4600...
2024-07-20 23:12:52,038 - INFO - Allocating UMIs for gene 4700...
2024-07-20 23:12:52,094 - INFO - Allocating UMIs for gene 4800...
2024-07-20 23:12:52,144 - INFO - Allocating UMIs for gene 4900...
2024-07-20 23:12:52,212 - INFO - Allocating UMIs for gene 5000...
2024-07-20 23:12:52,265 - INFO - Allocating UMIs for gene 5100...
2024-07-20 23:12:52,314 - INFO - Allocating UMIs for gene 5200...
2024-07-20 23:12:52,396 - INFO - Allocating UMIs for gene 5300...
2024-07-20 23:12:52,452 - INFO - Allocating UMIs for gene 5400...
2024-07-20 23:12:52,511 - INFO - Allocating UMIs for gene 5500...
2024-07-20 23:12:52,570 - INFO - Allocating UMIs for gene 5600...
2024-07-20 23:12:52,648 - INFO - Allocating UMIs for gene 5700...
2024-07-20 23:12:52,713 - INFO - Allocating UMIs for gene 5800...
2024-07-20 23:12:52,798 - INFO - Allocating UMIs for gene 5900...
2024-07-20 23:12:52,870 - INFO - Allocating UMIs for gene 6000...
2024-07-20 23:12:52,963 - INFO - Allocating UMIs for gene 6100...
2024-07-20 23:12:53,053 - INFO - Allocating UMIs for gene 6200...
2024-07-20 23:12:53,110 - INFO - Allocating UMIs for gene 6300...
2024-07-20 23:12:53,189 - INFO - Allocating UMIs for gene 6400...
2024-07-20 23:12:53,249 - INFO - Allocating UMIs for gene 6500...
2024-07-20 23:12:53,313 - INFO - Allocating UMIs for gene 6600...
2024-07-20 23:12:53,394 - INFO - Allocating UMIs for gene 6700...
2024-07-20 23:12:53,475 - INFO - Allocating UMIs for gene 6800...
2024-07-20 23:12:53,543 - INFO - Allocating UMIs for gene 6900...
2024-07-20 23:12:53,604 - INFO - Allocating UMIs for gene 7000...
2024-07-20 23:12:53,699 - INFO - Allocating UMIs for gene 7100...
2024-07-20 23:12:53,759 - INFO - Allocating UMIs for gene 7200...
2024-07-20 23:12:53,852 - INFO - Allocating UMIs for gene 7300...
2024-07-20 23:12:53,919 - INFO - Allocating UMIs for gene 7400...
2024-07-20 23:12:53,990 - INFO - Allocating UMIs for gene 7500...
2024-07-20 23:12:54,129 - INFO - Allocating UMIs for gene 7600...
2024-07-20 23:12:54,235 - INFO - Allocating UMIs for gene 7700...
2024-07-20 23:12:54,294 - INFO - Allocating UMIs for gene 7800...
2024-07-20 23:12:54,387 - INFO - Allocating UMIs for gene 7900...
2024-07-20 23:12:54,478 - INFO - Allocating UMIs for gene 8000...
2024-07-20 23:12:54,562 - INFO - Allocating UMIs for gene 8100...
2024-07-20 23:12:54,628 - INFO - Allocating UMIs for gene 8200...
2024-07-20 23:12:54,746 - INFO - Allocating UMIs for gene 8300...
2024-07-20 23:12:54,847 - INFO - Allocating UMIs for gene 8400...
2024-07-20 23:12:54,928 - INFO - Allocating UMIs for gene 8500...
2024-07-20 23:12:54,995 - INFO - Allocating UMIs for gene 8600...
2024-07-20 23:12:55,082 - INFO - Allocating UMIs for gene 8700...
2024-07-20 23:12:55,147 - INFO - Allocating UMIs for gene 8800...
2024-07-20 23:12:55,217 - INFO - Allocating UMIs for gene 8900...
2024-07-20 23:12:55,295 - INFO - Allocating UMIs for gene 9000...
2024-07-20 23:12:55,366 - INFO - Allocating UMIs for gene 9100...
2024-07-20 23:12:55,451 - INFO - Allocating UMIs for gene 9200...
2024-07-20 23:12:55,584 - INFO - Allocating UMIs for gene 9300...
2024-07-20 23:12:55,649 - INFO - Allocating UMIs for gene 9400...
2024-07-20 23:12:55,743 - INFO - Allocating UMIs for gene 9500...
2024-07-20 23:12:55,809 - INFO - Allocating UMIs for gene 9600...
2024-07-20 23:12:55,899 - INFO - Allocating UMIs for gene 9700...
2024-07-20 23:12:55,972 - INFO - Allocating UMIs for gene 9800...
2024-07-20 23:12:56,055 - INFO - Allocating UMIs for gene 9900...
2024-07-20 23:12:56,123 - INFO - Allocating UMIs for gene 10000...
2024-07-20 23:12:56,238 - INFO - Allocating UMIs for gene 10100...
2024-07-20 23:12:56,323 - INFO - Allocating UMIs for gene 10200...
2024-07-20 23:12:56,398 - INFO - Allocating UMIs for gene 10300...
2024-07-20 23:12:56,484 - INFO - Allocating UMIs for gene 10400...
2024-07-20 23:12:56,580 - INFO - Allocating UMIs for gene 10500...
2024-07-20 23:12:56,655 - INFO - Allocating UMIs for gene 10600...
2024-07-20 23:12:56,724 - INFO - Allocating UMIs for gene 10700...
2024-07-20 23:12:56,824 - INFO - Allocating UMIs for gene 10800...
2024-07-20 23:12:56,887 - INFO - Allocating UMIs for gene 10900...
2024-07-20 23:12:56,993 - INFO - Allocating UMIs for gene 11000...
2024-07-20 23:12:57,086 - INFO - Allocating UMIs for gene 11100...
2024-07-20 23:12:57,185 - INFO - Allocating UMIs for gene 11200...
2024-07-20 23:12:57,259 - INFO - Allocating UMIs for gene 11300...
2024-07-20 23:12:57,331 - INFO - Allocating UMIs for gene 11400...
2024-07-20 23:12:57,443 - INFO - Allocating UMIs for gene 11500...
2024-07-20 23:12:57,542 - INFO - Allocating UMIs for gene 11600...
2024-07-20 23:12:57,643 - INFO - Allocating UMIs for gene 11700...
2024-07-20 23:12:57,719 - INFO - Allocating UMIs for gene 11800...
2024-07-20 23:12:57,795 - INFO - Allocating UMIs for gene 11900...
2024-07-20 23:12:57,890 - INFO - UMI allocation complete.
2024-07-20 23:12:57,890 - INFO - Counting overall UMI occurrences...
2024-07-20 23:12:57,901 - INFO - Counting inter-gene collisions...
2024-07-20 23:12:58,004 - INFO - Total UMIs allocated: 72096
2024-07-20 23:12:58,004 - INFO - Number of unique UMIs assigned to genes: 72095
2024-07-20 23:12:58,004 - INFO - Inter-gene collisions: 1
2024-07-20 23:12:58,004 - INFO - Inter-gene collision rate: 0.00001
2024-07-20 23:12:58,004 - INFO - Writing gene UMI counts to file...
2024-07-20 23:12:58,010 - INFO - Writing UMI inter-gene collisions to file...
2024-07-20 23:12:58,010 - INFO - Simulation complete.
