2024-07-20 23:22:53,110 - INFO - Simulation Script Version: 0.0.2
2024-07-20 23:22:53,113 - INFO - Simulation Parameters:
2024-07-20 23:22:53,113 - INFO - Length of UMI: 10
2024-07-20 23:22:53,114 - INFO - Number of genes: 12000
2024-07-20 23:22:53,114 - INFO - Parameters file: None
2024-07-20 23:22:53,114 - INFO - Mean (mu): 6.0
2024-07-20 23:22:53,114 - INFO - Dispersion (theta): 6.0
2024-07-20 23:22:53,114 - INFO - Use Poisson distribution: False
2024-07-20 23:22:53,114 - INFO - Gene UMI counts file: gene_12000_umi16_counts_rep7.txt
2024-07-20 23:22:53,114 - INFO - UMI collisions file: umi16_12000_collisions_rep7.txt
2024-07-20 23:22:53,114 - INFO - Seed: None
2024-07-20 23:22:53,114 - INFO - Log file: umi16_12000_rep7.log
2024-07-20 23:22:53,114 - INFO - UMI file: /varidata/research/projects/shen/projects/2024_Bens_swan_song/src/umi_collisions/umi_16.txt
2024-07-20 23:22:53,114 - INFO - No seed specified. Generated random seed: 3879432572
2024-07-20 23:22:53,114 - INFO - Using UMIs from file: /varidata/research/projects/shen/projects/2024_Bens_swan_song/src/umi_collisions/umi_16.txt
2024-07-20 23:27:40,235 - INFO - Total UMIs loaded: 4294967296
2024-07-20 23:27:40,236 - INFO - Loading parameters...
2024-07-20 23:27:40,236 - INFO - Sampling read depths for each gene...
2024-07-20 23:27:40,658 - INFO - Read depths sampling complete.
2024-07-20 23:27:40,658 - INFO - Allocating UMIs based on sampled read depths...
2024-07-20 23:27:40,658 - INFO - Allocating UMIs for gene 0...
2024-07-20 23:27:40,912 - INFO - Allocating UMIs for gene 100...
2024-07-20 23:27:41,265 - INFO - Allocating UMIs for gene 200...
2024-07-20 23:27:41,583 - INFO - Allocating UMIs for gene 300...
2024-07-20 23:27:41,851 - INFO - Allocating UMIs for gene 400...
2024-07-20 23:27:42,152 - INFO - Allocating UMIs for gene 500...
2024-07-20 23:27:42,429 - INFO - Allocating UMIs for gene 600...
2024-07-20 23:27:42,709 - INFO - Allocating UMIs for gene 700...
2024-07-20 23:27:43,013 - INFO - Allocating UMIs for gene 800...
2024-07-20 23:27:43,233 - INFO - Allocating UMIs for gene 900...
2024-07-20 23:27:43,414 - INFO - Allocating UMIs for gene 1000...
2024-07-20 23:27:43,638 - INFO - Allocating UMIs for gene 1100...
2024-07-20 23:27:43,929 - INFO - Allocating UMIs for gene 1200...
2024-07-20 23:27:44,133 - INFO - Allocating UMIs for gene 1300...
2024-07-20 23:27:44,406 - INFO - Allocating UMIs for gene 1400...
2024-07-20 23:27:44,650 - INFO - Allocating UMIs for gene 1500...
2024-07-20 23:27:44,796 - INFO - Allocating UMIs for gene 1600...
2024-07-20 23:27:45,106 - INFO - Allocating UMIs for gene 1700...
2024-07-20 23:27:45,443 - INFO - Allocating UMIs for gene 1800...
2024-07-20 23:27:45,822 - INFO - Allocating UMIs for gene 1900...
2024-07-20 23:27:46,088 - INFO - Allocating UMIs for gene 2000...
2024-07-20 23:27:46,309 - INFO - Allocating UMIs for gene 2100...
2024-07-20 23:27:46,606 - INFO - Allocating UMIs for gene 2200...
2024-07-20 23:27:46,938 - INFO - Allocating UMIs for gene 2300...
2024-07-20 23:27:47,173 - INFO - Allocating UMIs for gene 2400...
2024-07-20 23:27:47,373 - INFO - Allocating UMIs for gene 2500...
2024-07-20 23:27:47,623 - INFO - Allocating UMIs for gene 2600...
2024-07-20 23:27:47,970 - INFO - Allocating UMIs for gene 2700...
2024-07-20 23:27:48,288 - INFO - Allocating UMIs for gene 2800...
2024-07-20 23:27:48,601 - INFO - Allocating UMIs for gene 2900...
2024-07-20 23:27:48,839 - INFO - Allocating UMIs for gene 3000...
2024-07-20 23:27:49,088 - INFO - Allocating UMIs for gene 3100...
2024-07-20 23:27:49,361 - INFO - Allocating UMIs for gene 3200...
2024-07-20 23:27:49,608 - INFO - Allocating UMIs for gene 3300...
2024-07-20 23:27:49,821 - INFO - Allocating UMIs for gene 3400...
2024-07-20 23:27:50,081 - INFO - Allocating UMIs for gene 3500...
2024-07-20 23:27:50,261 - INFO - Allocating UMIs for gene 3600...
2024-07-20 23:27:50,499 - INFO - Allocating UMIs for gene 3700...
2024-07-20 23:27:50,843 - INFO - Allocating UMIs for gene 3800...
2024-07-20 23:27:51,098 - INFO - Allocating UMIs for gene 3900...
2024-07-20 23:27:51,345 - INFO - Allocating UMIs for gene 4000...
2024-07-20 23:27:51,668 - INFO - Allocating UMIs for gene 4100...
2024-07-20 23:27:52,005 - INFO - Allocating UMIs for gene 4200...
2024-07-20 23:27:52,235 - INFO - Allocating UMIs for gene 4300...
2024-07-20 23:27:52,679 - INFO - Allocating UMIs for gene 4400...
2024-07-20 23:27:52,930 - INFO - Allocating UMIs for gene 4500...
2024-07-20 23:27:53,148 - INFO - Allocating UMIs for gene 4600...
2024-07-20 23:27:53,591 - INFO - Allocating UMIs for gene 4700...
2024-07-20 23:27:53,871 - INFO - Allocating UMIs for gene 4800...
2024-07-20 23:27:54,148 - INFO - Allocating UMIs for gene 4900...
2024-07-20 23:27:54,425 - INFO - Allocating UMIs for gene 5000...
2024-07-20 23:27:54,680 - INFO - Allocating UMIs for gene 5100...
2024-07-20 23:27:54,991 - INFO - Allocating UMIs for gene 5200...
2024-07-20 23:27:55,257 - INFO - Allocating UMIs for gene 5300...
2024-07-20 23:27:55,449 - INFO - Allocating UMIs for gene 5400...
2024-07-20 23:27:55,702 - INFO - Allocating UMIs for gene 5500...
2024-07-20 23:27:55,958 - INFO - Allocating UMIs for gene 5600...
2024-07-20 23:27:56,184 - INFO - Allocating UMIs for gene 5700...
2024-07-20 23:27:56,422 - INFO - Allocating UMIs for gene 5800...
2024-07-20 23:27:56,719 - INFO - Allocating UMIs for gene 5900...
2024-07-20 23:27:56,954 - INFO - Allocating UMIs for gene 6000...
2024-07-20 23:27:57,254 - INFO - Allocating UMIs for gene 6100...
2024-07-20 23:27:57,510 - INFO - Allocating UMIs for gene 6200...
2024-07-20 23:27:57,760 - INFO - Allocating UMIs for gene 6300...
2024-07-20 23:27:58,054 - INFO - Allocating UMIs for gene 6400...
2024-07-20 23:27:58,272 - INFO - Allocating UMIs for gene 6500...
2024-07-20 23:27:58,544 - INFO - Allocating UMIs for gene 6600...
2024-07-20 23:27:58,758 - INFO - Allocating UMIs for gene 6700...
2024-07-20 23:27:59,008 - INFO - Allocating UMIs for gene 6800...
2024-07-20 23:27:59,237 - INFO - Allocating UMIs for gene 6900...
2024-07-20 23:27:59,487 - INFO - Allocating UMIs for gene 7000...
2024-07-20 23:27:59,768 - INFO - Allocating UMIs for gene 7100...
2024-07-20 23:28:00,038 - INFO - Allocating UMIs for gene 7200...
2024-07-20 23:28:00,307 - INFO - Allocating UMIs for gene 7300...
2024-07-20 23:28:00,575 - INFO - Allocating UMIs for gene 7400...
2024-07-20 23:28:00,877 - INFO - Allocating UMIs for gene 7500...
2024-07-20 23:28:01,092 - INFO - Allocating UMIs for gene 7600...
2024-07-20 23:28:01,274 - INFO - Allocating UMIs for gene 7700...
2024-07-20 23:28:01,513 - INFO - Allocating UMIs for gene 7800...
2024-07-20 23:28:01,786 - INFO - Allocating UMIs for gene 7900...
2024-07-20 23:28:02,199 - INFO - Allocating UMIs for gene 8000...
2024-07-20 23:28:02,412 - INFO - Allocating UMIs for gene 8100...
2024-07-20 23:28:02,599 - INFO - Allocating UMIs for gene 8200...
2024-07-20 23:28:02,768 - INFO - Allocating UMIs for gene 8300...
2024-07-20 23:28:02,902 - INFO - Allocating UMIs for gene 8400...
2024-07-20 23:28:03,116 - INFO - Allocating UMIs for gene 8500...
2024-07-20 23:28:03,288 - INFO - Allocating UMIs for gene 8600...
2024-07-20 23:28:03,571 - INFO - Allocating UMIs for gene 8700...
2024-07-20 23:28:03,858 - INFO - Allocating UMIs for gene 8800...
2024-07-20 23:28:04,117 - INFO - Allocating UMIs for gene 8900...
2024-07-20 23:28:04,242 - INFO - Allocating UMIs for gene 9000...
2024-07-20 23:28:04,552 - INFO - Allocating UMIs for gene 9100...
2024-07-20 23:28:04,860 - INFO - Allocating UMIs for gene 9200...
2024-07-20 23:28:05,059 - INFO - Allocating UMIs for gene 9300...
2024-07-20 23:28:05,251 - INFO - Allocating UMIs for gene 9400...
2024-07-20 23:28:05,651 - INFO - Allocating UMIs for gene 9500...
2024-07-20 23:28:05,818 - INFO - Allocating UMIs for gene 9600...
2024-07-20 23:28:06,037 - INFO - Allocating UMIs for gene 9700...
2024-07-20 23:28:06,234 - INFO - Allocating UMIs for gene 9800...
2024-07-20 23:28:06,479 - INFO - Allocating UMIs for gene 9900...
2024-07-20 23:28:06,716 - INFO - Allocating UMIs for gene 10000...
2024-07-20 23:28:06,896 - INFO - Allocating UMIs for gene 10100...
2024-07-20 23:28:07,210 - INFO - Allocating UMIs for gene 10200...
2024-07-20 23:28:07,416 - INFO - Allocating UMIs for gene 10300...
2024-07-20 23:28:07,706 - INFO - Allocating UMIs for gene 10400...
2024-07-20 23:28:07,942 - INFO - Allocating UMIs for gene 10500...
2024-07-20 23:28:08,179 - INFO - Allocating UMIs for gene 10600...
2024-07-20 23:28:08,391 - INFO - Allocating UMIs for gene 10700...
2024-07-20 23:28:08,737 - INFO - Allocating UMIs for gene 10800...
2024-07-20 23:28:08,888 - INFO - Allocating UMIs for gene 10900...
2024-07-20 23:28:09,137 - INFO - Allocating UMIs for gene 11000...
2024-07-20 23:28:09,387 - INFO - Allocating UMIs for gene 11100...
2024-07-20 23:28:09,783 - INFO - Allocating UMIs for gene 11200...
2024-07-20 23:28:10,017 - INFO - Allocating UMIs for gene 11300...
2024-07-20 23:28:10,214 - INFO - Allocating UMIs for gene 11400...
2024-07-20 23:28:10,528 - INFO - Allocating UMIs for gene 11500...
2024-07-20 23:28:10,748 - INFO - Allocating UMIs for gene 11600...
2024-07-20 23:28:10,895 - INFO - Allocating UMIs for gene 11700...
2024-07-20 23:28:11,092 - INFO - Allocating UMIs for gene 11800...
2024-07-20 23:28:11,258 - INFO - Allocating UMIs for gene 11900...
2024-07-20 23:28:11,424 - INFO - UMI allocation complete.
2024-07-20 23:28:11,424 - INFO - Counting overall UMI occurrences...
2024-07-20 23:28:11,435 - INFO - Counting inter-gene collisions...
2024-07-20 23:28:11,518 - INFO - Total UMIs allocated: 72053
2024-07-20 23:28:11,518 - INFO - Number of unique UMIs assigned to genes: 72052
2024-07-20 23:28:11,518 - INFO - Inter-gene collisions: 1
2024-07-20 23:28:11,518 - INFO - Inter-gene collision rate: 0.00001
2024-07-20 23:28:11,518 - INFO - Writing gene UMI counts to file...
2024-07-20 23:28:11,524 - INFO - Writing UMI inter-gene collisions to file...
2024-07-20 23:28:11,524 - INFO - Simulation complete.
