2024-07-20 23:39:47,559 - INFO - Simulation Script Version: 0.0.2
2024-07-20 23:39:47,561 - INFO - Simulation Parameters:
2024-07-20 23:39:47,562 - INFO - Length of UMI: 10
2024-07-20 23:39:47,562 - INFO - Number of genes: 12000
2024-07-20 23:39:47,562 - INFO - Parameters file: None
2024-07-20 23:39:47,562 - INFO - Mean (mu): 6.0
2024-07-20 23:39:47,562 - INFO - Dispersion (theta): 6.0
2024-07-20 23:39:47,562 - INFO - Use Poisson distribution: False
2024-07-20 23:39:47,562 - INFO - Gene UMI counts file: gene_12000_umi16_counts_rep10.txt
2024-07-20 23:39:47,562 - INFO - UMI collisions file: umi16_12000_collisions_rep10.txt
2024-07-20 23:39:47,562 - INFO - Seed: None
2024-07-20 23:39:47,562 - INFO - Log file: umi16_12000_rep10.log
2024-07-20 23:39:47,562 - INFO - UMI file: /varidata/research/projects/shen/projects/2024_Bens_swan_song/src/umi_collisions/umi_16.txt
2024-07-20 23:39:47,562 - INFO - No seed specified. Generated random seed: 4276190164
2024-07-20 23:39:47,562 - INFO - Using UMIs from file: /varidata/research/projects/shen/projects/2024_Bens_swan_song/src/umi_collisions/umi_16.txt
2024-07-20 23:44:30,663 - INFO - Total UMIs loaded: 4294967296
2024-07-20 23:44:30,664 - INFO - Loading parameters...
2024-07-20 23:44:30,664 - INFO - Sampling read depths for each gene...
2024-07-20 23:44:31,076 - INFO - Read depths sampling complete.
2024-07-20 23:44:31,076 - INFO - Allocating UMIs based on sampled read depths...
2024-07-20 23:44:31,076 - INFO - Allocating UMIs for gene 0...
2024-07-20 23:44:31,366 - INFO - Allocating UMIs for gene 100...
2024-07-20 23:44:31,557 - INFO - Allocating UMIs for gene 200...
2024-07-20 23:44:31,867 - INFO - Allocating UMIs for gene 300...
2024-07-20 23:44:32,076 - INFO - Allocating UMIs for gene 400...
2024-07-20 23:44:32,261 - INFO - Allocating UMIs for gene 500...
2024-07-20 23:44:32,555 - INFO - Allocating UMIs for gene 600...
2024-07-20 23:44:32,760 - INFO - Allocating UMIs for gene 700...
2024-07-20 23:44:32,993 - INFO - Allocating UMIs for gene 800...
2024-07-20 23:44:33,285 - INFO - Allocating UMIs for gene 900...
2024-07-20 23:44:33,528 - INFO - Allocating UMIs for gene 1000...
2024-07-20 23:44:33,724 - INFO - Allocating UMIs for gene 1100...
2024-07-20 23:44:34,084 - INFO - Allocating UMIs for gene 1200...
2024-07-20 23:44:34,365 - INFO - Allocating UMIs for gene 1300...
2024-07-20 23:44:34,540 - INFO - Allocating UMIs for gene 1400...
2024-07-20 23:44:34,860 - INFO - Allocating UMIs for gene 1500...
2024-07-20 23:44:34,999 - INFO - Allocating UMIs for gene 1600...
2024-07-20 23:44:35,258 - INFO - Allocating UMIs for gene 1700...
2024-07-20 23:44:35,452 - INFO - Allocating UMIs for gene 1800...
2024-07-20 23:44:35,776 - INFO - Allocating UMIs for gene 1900...
2024-07-20 23:44:35,971 - INFO - Allocating UMIs for gene 2000...
2024-07-20 23:44:36,245 - INFO - Allocating UMIs for gene 2100...
2024-07-20 23:44:36,469 - INFO - Allocating UMIs for gene 2200...
2024-07-20 23:44:36,729 - INFO - Allocating UMIs for gene 2300...
2024-07-20 23:44:36,980 - INFO - Allocating UMIs for gene 2400...
2024-07-20 23:44:37,182 - INFO - Allocating UMIs for gene 2500...
2024-07-20 23:44:37,402 - INFO - Allocating UMIs for gene 2600...
2024-07-20 23:44:37,571 - INFO - Allocating UMIs for gene 2700...
2024-07-20 23:44:37,820 - INFO - Allocating UMIs for gene 2800...
2024-07-20 23:44:37,989 - INFO - Allocating UMIs for gene 2900...
2024-07-20 23:44:38,294 - INFO - Allocating UMIs for gene 3000...
2024-07-20 23:44:38,536 - INFO - Allocating UMIs for gene 3100...
2024-07-20 23:44:38,833 - INFO - Allocating UMIs for gene 3200...
2024-07-20 23:44:39,154 - INFO - Allocating UMIs for gene 3300...
2024-07-20 23:44:39,331 - INFO - Allocating UMIs for gene 3400...
2024-07-20 23:44:39,655 - INFO - Allocating UMIs for gene 3500...
2024-07-20 23:44:39,867 - INFO - Allocating UMIs for gene 3600...
2024-07-20 23:44:40,165 - INFO - Allocating UMIs for gene 3700...
2024-07-20 23:44:40,395 - INFO - Allocating UMIs for gene 3800...
2024-07-20 23:44:40,610 - INFO - Allocating UMIs for gene 3900...
2024-07-20 23:44:40,857 - INFO - Allocating UMIs for gene 4000...
2024-07-20 23:44:41,173 - INFO - Allocating UMIs for gene 4100...
2024-07-20 23:44:41,504 - INFO - Allocating UMIs for gene 4200...
2024-07-20 23:44:41,759 - INFO - Allocating UMIs for gene 4300...
2024-07-20 23:44:42,077 - INFO - Allocating UMIs for gene 4400...
2024-07-20 23:44:42,335 - INFO - Allocating UMIs for gene 4500...
2024-07-20 23:44:42,793 - INFO - Allocating UMIs for gene 4600...
2024-07-20 23:44:43,167 - INFO - Allocating UMIs for gene 4700...
2024-07-20 23:44:43,585 - INFO - Allocating UMIs for gene 4800...
2024-07-20 23:44:43,949 - INFO - Allocating UMIs for gene 4900...
2024-07-20 23:44:44,340 - INFO - Allocating UMIs for gene 5000...
2024-07-20 23:44:44,611 - INFO - Allocating UMIs for gene 5100...
2024-07-20 23:44:44,857 - INFO - Allocating UMIs for gene 5200...
2024-07-20 23:44:45,150 - INFO - Allocating UMIs for gene 5300...
2024-07-20 23:44:45,454 - INFO - Allocating UMIs for gene 5400...
2024-07-20 23:44:45,759 - INFO - Allocating UMIs for gene 5500...
2024-07-20 23:44:46,166 - INFO - Allocating UMIs for gene 5600...
2024-07-20 23:44:46,524 - INFO - Allocating UMIs for gene 5700...
2024-07-20 23:44:46,874 - INFO - Allocating UMIs for gene 5800...
2024-07-20 23:44:47,135 - INFO - Allocating UMIs for gene 5900...
2024-07-20 23:44:47,573 - INFO - Allocating UMIs for gene 6000...
2024-07-20 23:44:47,858 - INFO - Allocating UMIs for gene 6100...
2024-07-20 23:44:48,183 - INFO - Allocating UMIs for gene 6200...
2024-07-20 23:44:48,480 - INFO - Allocating UMIs for gene 6300...
2024-07-20 23:44:48,821 - INFO - Allocating UMIs for gene 6400...
2024-07-20 23:44:49,159 - INFO - Allocating UMIs for gene 6500...
2024-07-20 23:44:49,499 - INFO - Allocating UMIs for gene 6600...
2024-07-20 23:44:49,789 - INFO - Allocating UMIs for gene 6700...
2024-07-20 23:44:50,116 - INFO - Allocating UMIs for gene 6800...
2024-07-20 23:44:50,574 - INFO - Allocating UMIs for gene 6900...
2024-07-20 23:44:50,860 - INFO - Allocating UMIs for gene 7000...
2024-07-20 23:44:51,334 - INFO - Allocating UMIs for gene 7100...
2024-07-20 23:44:51,666 - INFO - Allocating UMIs for gene 7200...
2024-07-20 23:44:51,960 - INFO - Allocating UMIs for gene 7300...
2024-07-20 23:44:52,315 - INFO - Allocating UMIs for gene 7400...
2024-07-20 23:44:52,673 - INFO - Allocating UMIs for gene 7500...
2024-07-20 23:44:52,920 - INFO - Allocating UMIs for gene 7600...
2024-07-20 23:44:53,366 - INFO - Allocating UMIs for gene 7700...
2024-07-20 23:44:53,717 - INFO - Allocating UMIs for gene 7800...
2024-07-20 23:44:54,088 - INFO - Allocating UMIs for gene 7900...
2024-07-20 23:44:54,405 - INFO - Allocating UMIs for gene 8000...
2024-07-20 23:44:54,775 - INFO - Allocating UMIs for gene 8100...
2024-07-20 23:44:55,165 - INFO - Allocating UMIs for gene 8200...
2024-07-20 23:44:55,468 - INFO - Allocating UMIs for gene 8300...
2024-07-20 23:44:55,903 - INFO - Allocating UMIs for gene 8400...
2024-07-20 23:44:56,172 - INFO - Allocating UMIs for gene 8500...
2024-07-20 23:44:56,787 - INFO - Allocating UMIs for gene 8600...
2024-07-20 23:44:57,147 - INFO - Allocating UMIs for gene 8700...
2024-07-20 23:44:57,556 - INFO - Allocating UMIs for gene 8800...
2024-07-20 23:44:57,900 - INFO - Allocating UMIs for gene 8900...
2024-07-20 23:44:58,360 - INFO - Allocating UMIs for gene 9000...
2024-07-20 23:44:58,672 - INFO - Allocating UMIs for gene 9100...
2024-07-20 23:44:58,976 - INFO - Allocating UMIs for gene 9200...
2024-07-20 23:44:59,358 - INFO - Allocating UMIs for gene 9300...
2024-07-20 23:44:59,754 - INFO - Allocating UMIs for gene 9400...
2024-07-20 23:45:00,224 - INFO - Allocating UMIs for gene 9500...
2024-07-20 23:45:00,601 - INFO - Allocating UMIs for gene 9600...
2024-07-20 23:45:01,050 - INFO - Allocating UMIs for gene 9700...
2024-07-20 23:45:01,434 - INFO - Allocating UMIs for gene 9800...
2024-07-20 23:45:01,880 - INFO - Allocating UMIs for gene 9900...
2024-07-20 23:45:02,280 - INFO - Allocating UMIs for gene 10000...
2024-07-20 23:45:02,541 - INFO - Allocating UMIs for gene 10100...
2024-07-20 23:45:02,974 - INFO - Allocating UMIs for gene 10200...
2024-07-20 23:45:03,283 - INFO - Allocating UMIs for gene 10300...
2024-07-20 23:45:03,674 - INFO - Allocating UMIs for gene 10400...
2024-07-20 23:45:03,955 - INFO - Allocating UMIs for gene 10500...
2024-07-20 23:45:04,376 - INFO - Allocating UMIs for gene 10600...
2024-07-20 23:45:04,667 - INFO - Allocating UMIs for gene 10700...
2024-07-20 23:45:04,931 - INFO - Allocating UMIs for gene 10800...
2024-07-20 23:45:05,451 - INFO - Allocating UMIs for gene 10900...
2024-07-20 23:45:05,969 - INFO - Allocating UMIs for gene 11000...
2024-07-20 23:45:06,368 - INFO - Allocating UMIs for gene 11100...
2024-07-20 23:45:06,868 - INFO - Allocating UMIs for gene 11200...
2024-07-20 23:45:07,223 - INFO - Allocating UMIs for gene 11300...
2024-07-20 23:45:07,539 - INFO - Allocating UMIs for gene 11400...
2024-07-20 23:45:07,935 - INFO - Allocating UMIs for gene 11500...
2024-07-20 23:45:08,365 - INFO - Allocating UMIs for gene 11600...
2024-07-20 23:45:08,733 - INFO - Allocating UMIs for gene 11700...
2024-07-20 23:45:09,240 - INFO - Allocating UMIs for gene 11800...
2024-07-20 23:45:09,513 - INFO - Allocating UMIs for gene 11900...
2024-07-20 23:45:09,832 - INFO - UMI allocation complete.
2024-07-20 23:45:09,832 - INFO - Counting overall UMI occurrences...
2024-07-20 23:45:09,844 - INFO - Counting inter-gene collisions...
2024-07-20 23:45:09,931 - INFO - Total UMIs allocated: 72047
2024-07-20 23:45:09,931 - INFO - Number of unique UMIs assigned to genes: 72045
2024-07-20 23:45:09,931 - INFO - Inter-gene collisions: 2
2024-07-20 23:45:09,931 - INFO - Inter-gene collision rate: 0.00003
2024-07-20 23:45:09,931 - INFO - Writing gene UMI counts to file...
2024-07-20 23:45:09,938 - INFO - Writing UMI inter-gene collisions to file...
2024-07-20 23:45:09,938 - INFO - Simulation complete.
