2024-07-20 22:51:44,990 - INFO - Simulation Script Version: 0.0.2
2024-07-20 22:51:44,993 - INFO - Simulation Parameters:
2024-07-20 22:51:44,993 - INFO - Length of UMI: 10
2024-07-20 22:51:44,993 - INFO - Number of genes: 12000
2024-07-20 22:51:44,993 - INFO - Parameters file: None
2024-07-20 22:51:44,993 - INFO - Mean (mu): 6.0
2024-07-20 22:51:44,993 - INFO - Dispersion (theta): 6.0
2024-07-20 22:51:44,993 - INFO - Use Poisson distribution: False
2024-07-20 22:51:44,993 - INFO - Gene UMI counts file: gene_12000_umi16_counts_rep1.txt
2024-07-20 22:51:44,993 - INFO - UMI collisions file: umi16_12000_collisions.txt
2024-07-20 22:51:44,994 - INFO - Seed: None
2024-07-20 22:51:44,994 - INFO - Log file: umi16_12000_rep1.log
2024-07-20 22:51:44,994 - INFO - UMI file: /varidata/research/projects/shen/projects/2024_Bens_swan_song/src/umi_collisions/umi_16.txt
2024-07-20 22:51:44,994 - INFO - No seed specified. Generated random seed: 1489417171
2024-07-20 22:51:44,994 - INFO - Using UMIs from file: /varidata/research/projects/shen/projects/2024_Bens_swan_song/src/umi_collisions/umi_16.txt
2024-07-20 22:56:13,740 - INFO - Total UMIs loaded: 4294967296
2024-07-20 22:56:13,741 - INFO - Loading parameters...
2024-07-20 22:56:13,741 - INFO - Sampling read depths for each gene...
2024-07-20 22:56:14,159 - INFO - Read depths sampling complete.
2024-07-20 22:56:14,159 - INFO - Allocating UMIs based on sampled read depths...
2024-07-20 22:56:14,159 - INFO - Allocating UMIs for gene 0...
2024-07-20 22:56:14,308 - INFO - Allocating UMIs for gene 100...
2024-07-20 22:56:14,507 - INFO - Allocating UMIs for gene 200...
2024-07-20 22:56:14,773 - INFO - Allocating UMIs for gene 300...
2024-07-20 22:56:15,036 - INFO - Allocating UMIs for gene 400...
2024-07-20 22:56:15,361 - INFO - Allocating UMIs for gene 500...
2024-07-20 22:56:15,622 - INFO - Allocating UMIs for gene 600...
2024-07-20 22:56:15,795 - INFO - Allocating UMIs for gene 700...
2024-07-20 22:56:15,990 - INFO - Allocating UMIs for gene 800...
2024-07-20 22:56:16,244 - INFO - Allocating UMIs for gene 900...
2024-07-20 22:56:16,477 - INFO - Allocating UMIs for gene 1000...
2024-07-20 22:56:16,757 - INFO - Allocating UMIs for gene 1100...
2024-07-20 22:56:17,009 - INFO - Allocating UMIs for gene 1200...
2024-07-20 22:56:17,277 - INFO - Allocating UMIs for gene 1300...
2024-07-20 22:56:17,645 - INFO - Allocating UMIs for gene 1400...
2024-07-20 22:56:18,058 - INFO - Allocating UMIs for gene 1500...
2024-07-20 22:56:18,400 - INFO - Allocating UMIs for gene 1600...
2024-07-20 22:56:18,735 - INFO - Allocating UMIs for gene 1700...
2024-07-20 22:56:19,171 - INFO - Allocating UMIs for gene 1800...
2024-07-20 22:56:19,468 - INFO - Allocating UMIs for gene 1900...
2024-07-20 22:56:19,923 - INFO - Allocating UMIs for gene 2000...
2024-07-20 22:56:20,428 - INFO - Allocating UMIs for gene 2100...
2024-07-20 22:56:21,051 - INFO - Allocating UMIs for gene 2200...
2024-07-20 22:56:21,433 - INFO - Allocating UMIs for gene 2300...
2024-07-20 22:56:21,905 - INFO - Allocating UMIs for gene 2400...
2024-07-20 22:56:22,276 - INFO - Allocating UMIs for gene 2500...
2024-07-20 22:56:22,765 - INFO - Allocating UMIs for gene 2600...
2024-07-20 22:56:23,195 - INFO - Allocating UMIs for gene 2700...
2024-07-20 22:56:23,578 - INFO - Allocating UMIs for gene 2800...
2024-07-20 22:56:24,216 - INFO - Allocating UMIs for gene 2900...
2024-07-20 22:56:24,730 - INFO - Allocating UMIs for gene 3000...
2024-07-20 22:56:25,234 - INFO - Allocating UMIs for gene 3100...
2024-07-20 22:56:25,726 - INFO - Allocating UMIs for gene 3200...
2024-07-20 22:56:26,259 - INFO - Allocating UMIs for gene 3300...
2024-07-20 22:56:26,805 - INFO - Allocating UMIs for gene 3400...
2024-07-20 22:56:27,365 - INFO - Allocating UMIs for gene 3500...
2024-07-20 22:56:27,896 - INFO - Allocating UMIs for gene 3600...
2024-07-20 22:56:28,272 - INFO - Allocating UMIs for gene 3700...
2024-07-20 22:56:28,771 - INFO - Allocating UMIs for gene 3800...
2024-07-20 22:56:29,158 - INFO - Allocating UMIs for gene 3900...
2024-07-20 22:56:29,527 - INFO - Allocating UMIs for gene 4000...
2024-07-20 22:56:30,011 - INFO - Allocating UMIs for gene 4100...
2024-07-20 22:56:30,543 - INFO - Allocating UMIs for gene 4200...
2024-07-20 22:56:31,004 - INFO - Allocating UMIs for gene 4300...
2024-07-20 22:56:31,571 - INFO - Allocating UMIs for gene 4400...
2024-07-20 22:56:32,008 - INFO - Allocating UMIs for gene 4500...
2024-07-20 22:56:32,764 - INFO - Allocating UMIs for gene 4600...
2024-07-20 22:56:33,330 - INFO - Allocating UMIs for gene 4700...
2024-07-20 22:56:33,891 - INFO - Allocating UMIs for gene 4800...
2024-07-20 22:56:34,553 - INFO - Allocating UMIs for gene 4900...
2024-07-20 22:56:35,082 - INFO - Allocating UMIs for gene 5000...
2024-07-20 22:56:35,705 - INFO - Allocating UMIs for gene 5100...
2024-07-20 22:56:36,368 - INFO - Allocating UMIs for gene 5200...
2024-07-20 22:56:36,955 - INFO - Allocating UMIs for gene 5300...
2024-07-20 22:56:37,531 - INFO - Allocating UMIs for gene 5400...
2024-07-20 22:56:38,053 - INFO - Allocating UMIs for gene 5500...
2024-07-20 22:56:38,760 - INFO - Allocating UMIs for gene 5600...
2024-07-20 22:56:39,389 - INFO - Allocating UMIs for gene 5700...
2024-07-20 22:56:40,098 - INFO - Allocating UMIs for gene 5800...
2024-07-20 22:56:40,772 - INFO - Allocating UMIs for gene 5900...
2024-07-20 22:56:41,370 - INFO - Allocating UMIs for gene 6000...
2024-07-20 22:56:41,943 - INFO - Allocating UMIs for gene 6100...
2024-07-20 22:56:42,676 - INFO - Allocating UMIs for gene 6200...
2024-07-20 22:56:43,281 - INFO - Allocating UMIs for gene 6300...
2024-07-20 22:56:43,909 - INFO - Allocating UMIs for gene 6400...
2024-07-20 22:56:44,588 - INFO - Allocating UMIs for gene 6500...
2024-07-20 22:56:45,308 - INFO - Allocating UMIs for gene 6600...
2024-07-20 22:56:46,050 - INFO - Allocating UMIs for gene 6700...
2024-07-20 22:56:46,661 - INFO - Allocating UMIs for gene 6800...
2024-07-20 22:56:47,236 - INFO - Allocating UMIs for gene 6900...
2024-07-20 22:56:47,776 - INFO - Allocating UMIs for gene 7000...
2024-07-20 22:56:48,384 - INFO - Allocating UMIs for gene 7100...
2024-07-20 22:56:49,254 - INFO - Allocating UMIs for gene 7200...
2024-07-20 22:56:49,957 - INFO - Allocating UMIs for gene 7300...
2024-07-20 22:56:50,627 - INFO - Allocating UMIs for gene 7400...
2024-07-20 22:56:51,187 - INFO - Allocating UMIs for gene 7500...
2024-07-20 22:56:51,803 - INFO - Allocating UMIs for gene 7600...
2024-07-20 22:56:52,565 - INFO - Allocating UMIs for gene 7700...
2024-07-20 22:56:53,201 - INFO - Allocating UMIs for gene 7800...
2024-07-20 22:56:53,733 - INFO - Allocating UMIs for gene 7900...
2024-07-20 22:56:54,456 - INFO - Allocating UMIs for gene 8000...
2024-07-20 22:56:55,128 - INFO - Allocating UMIs for gene 8100...
2024-07-20 22:56:55,848 - INFO - Allocating UMIs for gene 8200...
2024-07-20 22:56:56,281 - INFO - Allocating UMIs for gene 8300...
2024-07-20 22:56:57,035 - INFO - Allocating UMIs for gene 8400...
2024-07-20 22:56:57,866 - INFO - Allocating UMIs for gene 8500...
2024-07-20 22:56:58,699 - INFO - Allocating UMIs for gene 8600...
2024-07-20 22:56:59,167 - INFO - Allocating UMIs for gene 8700...
2024-07-20 22:56:59,705 - INFO - Allocating UMIs for gene 8800...
2024-07-20 22:57:00,293 - INFO - Allocating UMIs for gene 8900...
2024-07-20 22:57:01,091 - INFO - Allocating UMIs for gene 9000...
2024-07-20 22:57:01,747 - INFO - Allocating UMIs for gene 9100...
2024-07-20 22:57:02,284 - INFO - Allocating UMIs for gene 9200...
2024-07-20 22:57:02,949 - INFO - Allocating UMIs for gene 9300...
2024-07-20 22:57:03,656 - INFO - Allocating UMIs for gene 9400...
2024-07-20 22:57:04,282 - INFO - Allocating UMIs for gene 9500...
2024-07-20 22:57:04,668 - INFO - Allocating UMIs for gene 9600...
2024-07-20 22:57:05,187 - INFO - Allocating UMIs for gene 9700...
2024-07-20 22:57:05,838 - INFO - Allocating UMIs for gene 9800...
2024-07-20 22:57:06,390 - INFO - Allocating UMIs for gene 9900...
2024-07-20 22:57:06,907 - INFO - Allocating UMIs for gene 10000...
2024-07-20 22:57:07,540 - INFO - Allocating UMIs for gene 10100...
2024-07-20 22:57:08,032 - INFO - Allocating UMIs for gene 10200...
2024-07-20 22:57:08,625 - INFO - Allocating UMIs for gene 10300...
2024-07-20 22:57:09,210 - INFO - Allocating UMIs for gene 10400...
2024-07-20 22:57:09,631 - INFO - Allocating UMIs for gene 10500...
2024-07-20 22:57:10,226 - INFO - Allocating UMIs for gene 10600...
2024-07-20 22:57:10,777 - INFO - Allocating UMIs for gene 10700...
2024-07-20 22:57:11,489 - INFO - Allocating UMIs for gene 10800...
2024-07-20 22:57:12,024 - INFO - Allocating UMIs for gene 10900...
2024-07-20 22:57:12,466 - INFO - Allocating UMIs for gene 11000...
2024-07-20 22:57:12,987 - INFO - Allocating UMIs for gene 11100...
2024-07-20 22:57:13,597 - INFO - Allocating UMIs for gene 11200...
2024-07-20 22:57:14,131 - INFO - Allocating UMIs for gene 11300...
2024-07-20 22:57:14,604 - INFO - Allocating UMIs for gene 11400...
2024-07-20 22:57:15,072 - INFO - Allocating UMIs for gene 11500...
2024-07-20 22:57:15,792 - INFO - Allocating UMIs for gene 11600...
2024-07-20 22:57:16,186 - INFO - Allocating UMIs for gene 11700...
2024-07-20 22:57:16,622 - INFO - Allocating UMIs for gene 11800...
2024-07-20 22:57:17,254 - INFO - Allocating UMIs for gene 11900...
2024-07-20 22:57:17,754 - INFO - UMI allocation complete.
2024-07-20 22:57:17,754 - INFO - Counting overall UMI occurrences...
2024-07-20 22:57:17,768 - INFO - Counting inter-gene collisions...
2024-07-20 22:57:17,879 - INFO - Total UMIs allocated: 72834
2024-07-20 22:57:17,879 - INFO - Number of unique UMIs assigned to genes: 72832
2024-07-20 22:57:17,879 - INFO - Inter-gene collisions: 2
2024-07-20 22:57:17,879 - INFO - Inter-gene collision rate: 0.00003
2024-07-20 22:57:17,879 - INFO - Writing gene UMI counts to file...
2024-07-20 22:57:17,885 - INFO - Writing UMI inter-gene collisions to file...
2024-07-20 22:57:17,885 - INFO - Simulation complete.
