2024-07-20 23:17:56,660 - INFO - Simulation Script Version: 0.0.2
2024-07-20 23:17:56,662 - INFO - Simulation Parameters:
2024-07-20 23:17:56,662 - INFO - Length of UMI: 10
2024-07-20 23:17:56,662 - INFO - Number of genes: 12000
2024-07-20 23:17:56,662 - INFO - Parameters file: None
2024-07-20 23:17:56,662 - INFO - Mean (mu): 6.0
2024-07-20 23:17:56,662 - INFO - Dispersion (theta): 6.0
2024-07-20 23:17:56,662 - INFO - Use Poisson distribution: False
2024-07-20 23:17:56,662 - INFO - Gene UMI counts file: gene_12000_umi16_counts_rep6.txt
2024-07-20 23:17:56,662 - INFO - UMI collisions file: umi16_12000_collisions_rep6.txt
2024-07-20 23:17:56,662 - INFO - Seed: None
2024-07-20 23:17:56,662 - INFO - Log file: umi16_12000_rep6.log
2024-07-20 23:17:56,662 - INFO - UMI file: /varidata/research/projects/shen/projects/2024_Bens_swan_song/src/umi_collisions/umi_16.txt
2024-07-20 23:17:56,662 - INFO - No seed specified. Generated random seed: 143867719
2024-07-20 23:17:56,662 - INFO - Using UMIs from file: /varidata/research/projects/shen/projects/2024_Bens_swan_song/src/umi_collisions/umi_16.txt
2024-07-20 23:22:42,840 - INFO - Total UMIs loaded: 4294967296
2024-07-20 23:22:42,840 - INFO - Loading parameters...
2024-07-20 23:22:42,840 - INFO - Sampling read depths for each gene...
2024-07-20 23:22:43,269 - INFO - Read depths sampling complete.
2024-07-20 23:22:43,269 - INFO - Allocating UMIs based on sampled read depths...
2024-07-20 23:22:43,269 - INFO - Allocating UMIs for gene 0...
2024-07-20 23:22:43,336 - INFO - Allocating UMIs for gene 100...
2024-07-20 23:22:43,381 - INFO - Allocating UMIs for gene 200...
2024-07-20 23:22:43,449 - INFO - Allocating UMIs for gene 300...
2024-07-20 23:22:43,497 - INFO - Allocating UMIs for gene 400...
2024-07-20 23:22:43,541 - INFO - Allocating UMIs for gene 500...
2024-07-20 23:22:43,600 - INFO - Allocating UMIs for gene 600...
2024-07-20 23:22:43,667 - INFO - Allocating UMIs for gene 700...
2024-07-20 23:22:43,726 - INFO - Allocating UMIs for gene 800...
2024-07-20 23:22:43,770 - INFO - Allocating UMIs for gene 900...
2024-07-20 23:22:43,833 - INFO - Allocating UMIs for gene 1000...
2024-07-20 23:22:43,892 - INFO - Allocating UMIs for gene 1100...
2024-07-20 23:22:43,954 - INFO - Allocating UMIs for gene 1200...
2024-07-20 23:22:44,020 - INFO - Allocating UMIs for gene 1300...
2024-07-20 23:22:44,070 - INFO - Allocating UMIs for gene 1400...
2024-07-20 23:22:44,111 - INFO - Allocating UMIs for gene 1500...
2024-07-20 23:22:44,173 - INFO - Allocating UMIs for gene 1600...
2024-07-20 23:22:44,242 - INFO - Allocating UMIs for gene 1700...
2024-07-20 23:22:44,302 - INFO - Allocating UMIs for gene 1800...
2024-07-20 23:22:44,380 - INFO - Allocating UMIs for gene 1900...
2024-07-20 23:22:44,434 - INFO - Allocating UMIs for gene 2000...
2024-07-20 23:22:44,482 - INFO - Allocating UMIs for gene 2100...
2024-07-20 23:22:44,552 - INFO - Allocating UMIs for gene 2200...
2024-07-20 23:22:44,605 - INFO - Allocating UMIs for gene 2300...
2024-07-20 23:22:44,680 - INFO - Allocating UMIs for gene 2400...
2024-07-20 23:22:44,741 - INFO - Allocating UMIs for gene 2500...
2024-07-20 23:22:44,804 - INFO - Allocating UMIs for gene 2600...
2024-07-20 23:22:44,857 - INFO - Allocating UMIs for gene 2700...
2024-07-20 23:22:44,926 - INFO - Allocating UMIs for gene 2800...
2024-07-20 23:22:44,982 - INFO - Allocating UMIs for gene 2900...
2024-07-20 23:22:45,051 - INFO - Allocating UMIs for gene 3000...
2024-07-20 23:22:45,107 - INFO - Allocating UMIs for gene 3100...
2024-07-20 23:22:45,180 - INFO - Allocating UMIs for gene 3200...
2024-07-20 23:22:45,233 - INFO - Allocating UMIs for gene 3300...
2024-07-20 23:22:45,299 - INFO - Allocating UMIs for gene 3400...
2024-07-20 23:22:45,346 - INFO - Allocating UMIs for gene 3500...
2024-07-20 23:22:45,396 - INFO - Allocating UMIs for gene 3600...
2024-07-20 23:22:45,459 - INFO - Allocating UMIs for gene 3700...
2024-07-20 23:22:45,529 - INFO - Allocating UMIs for gene 3800...
2024-07-20 23:22:45,591 - INFO - Allocating UMIs for gene 3900...
2024-07-20 23:22:45,642 - INFO - Allocating UMIs for gene 4000...
2024-07-20 23:22:45,705 - INFO - Allocating UMIs for gene 4100...
2024-07-20 23:22:45,795 - INFO - Allocating UMIs for gene 4200...
2024-07-20 23:22:45,852 - INFO - Allocating UMIs for gene 4300...
2024-07-20 23:22:45,921 - INFO - Allocating UMIs for gene 4400...
2024-07-20 23:22:46,001 - INFO - Allocating UMIs for gene 4500...
2024-07-20 23:22:46,075 - INFO - Allocating UMIs for gene 4600...
2024-07-20 23:22:46,144 - INFO - Allocating UMIs for gene 4700...
2024-07-20 23:22:46,219 - INFO - Allocating UMIs for gene 4800...
2024-07-20 23:22:46,307 - INFO - Allocating UMIs for gene 4900...
2024-07-20 23:22:46,369 - INFO - Allocating UMIs for gene 5000...
2024-07-20 23:22:46,423 - INFO - Allocating UMIs for gene 5100...
2024-07-20 23:22:46,508 - INFO - Allocating UMIs for gene 5200...
2024-07-20 23:22:46,575 - INFO - Allocating UMIs for gene 5300...
2024-07-20 23:22:46,632 - INFO - Allocating UMIs for gene 5400...
2024-07-20 23:22:46,693 - INFO - Allocating UMIs for gene 5500...
2024-07-20 23:22:46,758 - INFO - Allocating UMIs for gene 5600...
2024-07-20 23:22:46,838 - INFO - Allocating UMIs for gene 5700...
2024-07-20 23:22:46,914 - INFO - Allocating UMIs for gene 5800...
2024-07-20 23:22:47,011 - INFO - Allocating UMIs for gene 5900...
2024-07-20 23:22:47,064 - INFO - Allocating UMIs for gene 6000...
2024-07-20 23:22:47,145 - INFO - Allocating UMIs for gene 6100...
2024-07-20 23:22:47,207 - INFO - Allocating UMIs for gene 6200...
2024-07-20 23:22:47,286 - INFO - Allocating UMIs for gene 6300...
2024-07-20 23:22:47,403 - INFO - Allocating UMIs for gene 6400...
2024-07-20 23:22:47,480 - INFO - Allocating UMIs for gene 6500...
2024-07-20 23:22:47,543 - INFO - Allocating UMIs for gene 6600...
2024-07-20 23:22:47,606 - INFO - Allocating UMIs for gene 6700...
2024-07-20 23:22:47,664 - INFO - Allocating UMIs for gene 6800...
2024-07-20 23:22:47,718 - INFO - Allocating UMIs for gene 6900...
2024-07-20 23:22:47,790 - INFO - Allocating UMIs for gene 7000...
2024-07-20 23:22:47,867 - INFO - Allocating UMIs for gene 7100...
2024-07-20 23:22:47,952 - INFO - Allocating UMIs for gene 7200...
2024-07-20 23:22:48,075 - INFO - Allocating UMIs for gene 7300...
2024-07-20 23:22:48,143 - INFO - Allocating UMIs for gene 7400...
2024-07-20 23:22:48,232 - INFO - Allocating UMIs for gene 7500...
2024-07-20 23:22:48,296 - INFO - Allocating UMIs for gene 7600...
2024-07-20 23:22:48,366 - INFO - Allocating UMIs for gene 7700...
2024-07-20 23:22:48,453 - INFO - Allocating UMIs for gene 7800...
2024-07-20 23:22:48,518 - INFO - Allocating UMIs for gene 7900...
2024-07-20 23:22:48,592 - INFO - Allocating UMIs for gene 8000...
2024-07-20 23:22:48,674 - INFO - Allocating UMIs for gene 8100...
2024-07-20 23:22:48,774 - INFO - Allocating UMIs for gene 8200...
2024-07-20 23:22:48,864 - INFO - Allocating UMIs for gene 8300...
2024-07-20 23:22:48,943 - INFO - Allocating UMIs for gene 8400...
2024-07-20 23:22:49,018 - INFO - Allocating UMIs for gene 8500...
2024-07-20 23:22:49,081 - INFO - Allocating UMIs for gene 8600...
2024-07-20 23:22:49,156 - INFO - Allocating UMIs for gene 8700...
2024-07-20 23:22:49,258 - INFO - Allocating UMIs for gene 8800...
2024-07-20 23:22:49,334 - INFO - Allocating UMIs for gene 8900...
2024-07-20 23:22:49,407 - INFO - Allocating UMIs for gene 9000...
2024-07-20 23:22:49,489 - INFO - Allocating UMIs for gene 9100...
2024-07-20 23:22:49,562 - INFO - Allocating UMIs for gene 9200...
2024-07-20 23:22:49,641 - INFO - Allocating UMIs for gene 9300...
2024-07-20 23:22:49,809 - INFO - Allocating UMIs for gene 9400...
2024-07-20 23:22:49,881 - INFO - Allocating UMIs for gene 9500...
2024-07-20 23:22:49,948 - INFO - Allocating UMIs for gene 9600...
2024-07-20 23:22:50,083 - INFO - Allocating UMIs for gene 9700...
2024-07-20 23:22:50,203 - INFO - Allocating UMIs for gene 9800...
2024-07-20 23:22:50,314 - INFO - Allocating UMIs for gene 9900...
2024-07-20 23:22:50,392 - INFO - Allocating UMIs for gene 10000...
2024-07-20 23:22:50,465 - INFO - Allocating UMIs for gene 10100...
2024-07-20 23:22:50,531 - INFO - Allocating UMIs for gene 10200...
2024-07-20 23:22:50,623 - INFO - Allocating UMIs for gene 10300...
2024-07-20 23:22:50,686 - INFO - Allocating UMIs for gene 10400...
2024-07-20 23:22:50,792 - INFO - Allocating UMIs for gene 10500...
2024-07-20 23:22:50,857 - INFO - Allocating UMIs for gene 10600...
2024-07-20 23:22:50,936 - INFO - Allocating UMIs for gene 10700...
2024-07-20 23:22:51,020 - INFO - Allocating UMIs for gene 10800...
2024-07-20 23:22:51,089 - INFO - Allocating UMIs for gene 10900...
2024-07-20 23:22:51,166 - INFO - Allocating UMIs for gene 11000...
2024-07-20 23:22:51,236 - INFO - Allocating UMIs for gene 11100...
2024-07-20 23:22:51,311 - INFO - Allocating UMIs for gene 11200...
2024-07-20 23:22:51,398 - INFO - Allocating UMIs for gene 11300...
2024-07-20 23:22:51,480 - INFO - Allocating UMIs for gene 11400...
2024-07-20 23:22:51,557 - INFO - Allocating UMIs for gene 11500...
2024-07-20 23:22:51,639 - INFO - Allocating UMIs for gene 11600...
2024-07-20 23:22:51,821 - INFO - Allocating UMIs for gene 11700...
2024-07-20 23:22:51,911 - INFO - Allocating UMIs for gene 11800...
2024-07-20 23:22:51,988 - INFO - Allocating UMIs for gene 11900...
2024-07-20 23:22:52,066 - INFO - UMI allocation complete.
2024-07-20 23:22:52,066 - INFO - Counting overall UMI occurrences...
2024-07-20 23:22:52,077 - INFO - Counting inter-gene collisions...
2024-07-20 23:22:52,162 - INFO - Total UMIs allocated: 71548
2024-07-20 23:22:52,162 - INFO - Number of unique UMIs assigned to genes: 71544
2024-07-20 23:22:52,162 - INFO - Inter-gene collisions: 4
2024-07-20 23:22:52,162 - INFO - Inter-gene collision rate: 0.00006
2024-07-20 23:22:52,163 - INFO - Writing gene UMI counts to file...
2024-07-20 23:22:52,168 - INFO - Writing UMI inter-gene collisions to file...
2024-07-20 23:22:52,168 - INFO - Simulation complete.
