2024-07-20 23:12:58,959 - INFO - Simulation Script Version: 0.0.2
2024-07-20 23:12:58,961 - INFO - Simulation Parameters:
2024-07-20 23:12:58,961 - INFO - Length of UMI: 10
2024-07-20 23:12:58,962 - INFO - Number of genes: 12000
2024-07-20 23:12:58,962 - INFO - Parameters file: None
2024-07-20 23:12:58,962 - INFO - Mean (mu): 6.0
2024-07-20 23:12:58,962 - INFO - Dispersion (theta): 6.0
2024-07-20 23:12:58,962 - INFO - Use Poisson distribution: False
2024-07-20 23:12:58,962 - INFO - Gene UMI counts file: gene_12000_umi16_counts_rep5.txt
2024-07-20 23:12:58,962 - INFO - UMI collisions file: umi16_12000_collisions_rep5.txt
2024-07-20 23:12:58,962 - INFO - Seed: None
2024-07-20 23:12:58,962 - INFO - Log file: umi16_12000_rep5.log
2024-07-20 23:12:58,962 - INFO - UMI file: /varidata/research/projects/shen/projects/2024_Bens_swan_song/src/umi_collisions/umi_16.txt
2024-07-20 23:12:58,962 - INFO - No seed specified. Generated random seed: 2044074972
2024-07-20 23:12:58,962 - INFO - Using UMIs from file: /varidata/research/projects/shen/projects/2024_Bens_swan_song/src/umi_collisions/umi_16.txt
2024-07-20 23:17:46,737 - INFO - Total UMIs loaded: 4294967296
2024-07-20 23:17:46,737 - INFO - Loading parameters...
2024-07-20 23:17:46,737 - INFO - Sampling read depths for each gene...
2024-07-20 23:17:47,160 - INFO - Read depths sampling complete.
2024-07-20 23:17:47,160 - INFO - Allocating UMIs based on sampled read depths...
2024-07-20 23:17:47,160 - INFO - Allocating UMIs for gene 0...
2024-07-20 23:17:47,206 - INFO - Allocating UMIs for gene 100...
2024-07-20 23:17:47,256 - INFO - Allocating UMIs for gene 200...
2024-07-20 23:17:47,313 - INFO - Allocating UMIs for gene 300...
2024-07-20 23:17:47,360 - INFO - Allocating UMIs for gene 400...
2024-07-20 23:17:47,410 - INFO - Allocating UMIs for gene 500...
2024-07-20 23:17:47,456 - INFO - Allocating UMIs for gene 600...
2024-07-20 23:17:47,504 - INFO - Allocating UMIs for gene 700...
2024-07-20 23:17:47,553 - INFO - Allocating UMIs for gene 800...
2024-07-20 23:17:47,605 - INFO - Allocating UMIs for gene 900...
2024-07-20 23:17:47,654 - INFO - Allocating UMIs for gene 1000...
2024-07-20 23:17:47,702 - INFO - Allocating UMIs for gene 1100...
2024-07-20 23:17:47,757 - INFO - Allocating UMIs for gene 1200...
2024-07-20 23:17:47,803 - INFO - Allocating UMIs for gene 1300...
2024-07-20 23:17:47,853 - INFO - Allocating UMIs for gene 1400...
2024-07-20 23:17:47,912 - INFO - Allocating UMIs for gene 1500...
2024-07-20 23:17:47,961 - INFO - Allocating UMIs for gene 1600...
2024-07-20 23:17:48,012 - INFO - Allocating UMIs for gene 1700...
2024-07-20 23:17:48,056 - INFO - Allocating UMIs for gene 1800...
2024-07-20 23:17:48,117 - INFO - Allocating UMIs for gene 1900...
2024-07-20 23:17:48,167 - INFO - Allocating UMIs for gene 2000...
2024-07-20 23:17:48,215 - INFO - Allocating UMIs for gene 2100...
2024-07-20 23:17:48,297 - INFO - Allocating UMIs for gene 2200...
2024-07-20 23:17:48,372 - INFO - Allocating UMIs for gene 2300...
2024-07-20 23:17:48,428 - INFO - Allocating UMIs for gene 2400...
2024-07-20 23:17:48,475 - INFO - Allocating UMIs for gene 2500...
2024-07-20 23:17:48,541 - INFO - Allocating UMIs for gene 2600...
2024-07-20 23:17:48,592 - INFO - Allocating UMIs for gene 2700...
2024-07-20 23:17:48,667 - INFO - Allocating UMIs for gene 2800...
2024-07-20 23:17:48,726 - INFO - Allocating UMIs for gene 2900...
2024-07-20 23:17:48,780 - INFO - Allocating UMIs for gene 3000...
2024-07-20 23:17:48,838 - INFO - Allocating UMIs for gene 3100...
2024-07-20 23:17:48,895 - INFO - Allocating UMIs for gene 3200...
2024-07-20 23:17:48,948 - INFO - Allocating UMIs for gene 3300...
2024-07-20 23:17:49,013 - INFO - Allocating UMIs for gene 3400...
2024-07-20 23:17:49,088 - INFO - Allocating UMIs for gene 3500...
2024-07-20 23:17:49,145 - INFO - Allocating UMIs for gene 3600...
2024-07-20 23:17:49,204 - INFO - Allocating UMIs for gene 3700...
2024-07-20 23:17:49,250 - INFO - Allocating UMIs for gene 3800...
2024-07-20 23:17:49,326 - INFO - Allocating UMIs for gene 3900...
2024-07-20 23:17:49,392 - INFO - Allocating UMIs for gene 4000...
2024-07-20 23:17:49,461 - INFO - Allocating UMIs for gene 4100...
2024-07-20 23:17:49,518 - INFO - Allocating UMIs for gene 4200...
2024-07-20 23:17:49,584 - INFO - Allocating UMIs for gene 4300...
2024-07-20 23:17:49,654 - INFO - Allocating UMIs for gene 4400...
2024-07-20 23:17:49,727 - INFO - Allocating UMIs for gene 4500...
2024-07-20 23:17:49,831 - INFO - Allocating UMIs for gene 4600...
2024-07-20 23:17:49,889 - INFO - Allocating UMIs for gene 4700...
2024-07-20 23:17:49,945 - INFO - Allocating UMIs for gene 4800...
2024-07-20 23:17:50,007 - INFO - Allocating UMIs for gene 4900...
2024-07-20 23:17:50,084 - INFO - Allocating UMIs for gene 5000...
2024-07-20 23:17:50,138 - INFO - Allocating UMIs for gene 5100...
2024-07-20 23:17:50,196 - INFO - Allocating UMIs for gene 5200...
2024-07-20 23:17:50,264 - INFO - Allocating UMIs for gene 5300...
2024-07-20 23:17:50,333 - INFO - Allocating UMIs for gene 5400...
2024-07-20 23:17:50,399 - INFO - Allocating UMIs for gene 5500...
2024-07-20 23:17:50,463 - INFO - Allocating UMIs for gene 5600...
2024-07-20 23:17:50,526 - INFO - Allocating UMIs for gene 5700...
2024-07-20 23:17:50,582 - INFO - Allocating UMIs for gene 5800...
2024-07-20 23:17:50,647 - INFO - Allocating UMIs for gene 5900...
2024-07-20 23:17:50,706 - INFO - Allocating UMIs for gene 6000...
2024-07-20 23:17:50,776 - INFO - Allocating UMIs for gene 6100...
2024-07-20 23:17:50,851 - INFO - Allocating UMIs for gene 6200...
2024-07-20 23:17:50,911 - INFO - Allocating UMIs for gene 6300...
2024-07-20 23:17:50,983 - INFO - Allocating UMIs for gene 6400...
2024-07-20 23:17:51,053 - INFO - Allocating UMIs for gene 6500...
2024-07-20 23:17:51,159 - INFO - Allocating UMIs for gene 6600...
2024-07-20 23:17:51,270 - INFO - Allocating UMIs for gene 6700...
2024-07-20 23:17:51,345 - INFO - Allocating UMIs for gene 6800...
2024-07-20 23:17:51,411 - INFO - Allocating UMIs for gene 6900...
2024-07-20 23:17:51,497 - INFO - Allocating UMIs for gene 7000...
2024-07-20 23:17:51,565 - INFO - Allocating UMIs for gene 7100...
2024-07-20 23:17:51,661 - INFO - Allocating UMIs for gene 7200...
2024-07-20 23:17:51,752 - INFO - Allocating UMIs for gene 7300...
2024-07-20 23:17:51,815 - INFO - Allocating UMIs for gene 7400...
2024-07-20 23:17:51,890 - INFO - Allocating UMIs for gene 7500...
2024-07-20 23:17:51,960 - INFO - Allocating UMIs for gene 7600...
2024-07-20 23:17:52,029 - INFO - Allocating UMIs for gene 7700...
2024-07-20 23:17:52,106 - INFO - Allocating UMIs for gene 7800...
2024-07-20 23:17:52,217 - INFO - Allocating UMIs for gene 7900...
2024-07-20 23:17:52,295 - INFO - Allocating UMIs for gene 8000...
2024-07-20 23:17:52,365 - INFO - Allocating UMIs for gene 8100...
2024-07-20 23:17:52,443 - INFO - Allocating UMIs for gene 8200...
2024-07-20 23:17:52,517 - INFO - Allocating UMIs for gene 8300...
2024-07-20 23:17:52,613 - INFO - Allocating UMIs for gene 8400...
2024-07-20 23:17:52,697 - INFO - Allocating UMIs for gene 8500...
2024-07-20 23:17:52,765 - INFO - Allocating UMIs for gene 8600...
2024-07-20 23:17:52,834 - INFO - Allocating UMIs for gene 8700...
2024-07-20 23:17:52,911 - INFO - Allocating UMIs for gene 8800...
2024-07-20 23:17:52,983 - INFO - Allocating UMIs for gene 8900...
2024-07-20 23:17:53,052 - INFO - Allocating UMIs for gene 9000...
2024-07-20 23:17:53,119 - INFO - Allocating UMIs for gene 9100...
2024-07-20 23:17:53,212 - INFO - Allocating UMIs for gene 9200...
2024-07-20 23:17:53,287 - INFO - Allocating UMIs for gene 9300...
2024-07-20 23:17:53,364 - INFO - Allocating UMIs for gene 9400...
2024-07-20 23:17:53,430 - INFO - Allocating UMIs for gene 9500...
2024-07-20 23:17:53,496 - INFO - Allocating UMIs for gene 9600...
2024-07-20 23:17:53,587 - INFO - Allocating UMIs for gene 9700...
2024-07-20 23:17:53,658 - INFO - Allocating UMIs for gene 9800...
2024-07-20 23:17:53,757 - INFO - Allocating UMIs for gene 9900...
2024-07-20 23:17:53,833 - INFO - Allocating UMIs for gene 10000...
2024-07-20 23:17:53,921 - INFO - Allocating UMIs for gene 10100...
2024-07-20 23:17:54,010 - INFO - Allocating UMIs for gene 10200...
2024-07-20 23:17:54,097 - INFO - Allocating UMIs for gene 10300...
2024-07-20 23:17:54,184 - INFO - Allocating UMIs for gene 10400...
2024-07-20 23:17:54,262 - INFO - Allocating UMIs for gene 10500...
2024-07-20 23:17:54,345 - INFO - Allocating UMIs for gene 10600...
2024-07-20 23:17:54,468 - INFO - Allocating UMIs for gene 10700...
2024-07-20 23:17:54,549 - INFO - Allocating UMIs for gene 10800...
2024-07-20 23:17:54,644 - INFO - Allocating UMIs for gene 10900...
2024-07-20 23:17:54,715 - INFO - Allocating UMIs for gene 11000...
2024-07-20 23:17:54,804 - INFO - Allocating UMIs for gene 11100...
2024-07-20 23:17:54,905 - INFO - Allocating UMIs for gene 11200...
2024-07-20 23:17:55,011 - INFO - Allocating UMIs for gene 11300...
2024-07-20 23:17:55,088 - INFO - Allocating UMIs for gene 11400...
2024-07-20 23:17:55,166 - INFO - Allocating UMIs for gene 11500...
2024-07-20 23:17:55,247 - INFO - Allocating UMIs for gene 11600...
2024-07-20 23:17:55,321 - INFO - Allocating UMIs for gene 11700...
2024-07-20 23:17:55,416 - INFO - Allocating UMIs for gene 11800...
2024-07-20 23:17:55,492 - INFO - Allocating UMIs for gene 11900...
2024-07-20 23:17:55,602 - INFO - UMI allocation complete.
2024-07-20 23:17:55,602 - INFO - Counting overall UMI occurrences...
2024-07-20 23:17:55,613 - INFO - Counting inter-gene collisions...
2024-07-20 23:17:55,697 - INFO - Total UMIs allocated: 72517
2024-07-20 23:17:55,697 - INFO - Number of unique UMIs assigned to genes: 72516
2024-07-20 23:17:55,697 - INFO - Inter-gene collisions: 1
2024-07-20 23:17:55,697 - INFO - Inter-gene collision rate: 0.00001
2024-07-20 23:17:55,697 - INFO - Writing gene UMI counts to file...
2024-07-20 23:17:55,703 - INFO - Writing UMI inter-gene collisions to file...
2024-07-20 23:17:55,703 - INFO - Simulation complete.
