2024-07-20 22:49:58,425 - INFO - Simulation Script Version: 0.0.1
2024-07-20 22:49:58,428 - INFO - Simulation Parameters:
2024-07-20 22:49:58,428 - INFO - Length of UMI: 6
2024-07-20 22:49:58,428 - INFO - Number of genes: 6000
2024-07-20 22:49:58,428 - INFO - Parameters file: None
2024-07-20 22:49:58,428 - INFO - Mean (mu): 6.0
2024-07-20 22:49:58,428 - INFO - Dispersion (theta): 6.0
2024-07-20 22:49:58,428 - INFO - Use Poisson distribution: False
2024-07-20 22:49:58,428 - INFO - Gene UMI counts file: gene_6000_umi6_counts_rep8.txt
2024-07-20 22:49:58,428 - INFO - UMI collisions file: umi6_6000_collisions_rep8.txt
2024-07-20 22:49:58,428 - INFO - Seed: None
2024-07-20 22:49:58,428 - INFO - Log file: umi6_6000_rep8.log
2024-07-20 22:49:58,428 - INFO - No seed specified. Generated random seed: 885520118
2024-07-20 22:49:58,428 - INFO - Generating all possible UMIs...
2024-07-20 22:49:58,429 - INFO - Total possible UMIs generated: 4096
2024-07-20 22:49:58,429 - INFO - Loading parameters...
2024-07-20 22:49:58,429 - INFO - Sampling read depths for each gene...
2024-07-20 22:49:58,714 - INFO - Read depths sampling complete.
2024-07-20 22:49:58,714 - INFO - Allocating UMIs based on sampled read depths...
2024-07-20 22:49:58,714 - INFO - Allocating UMIs for gene 0...
2024-07-20 22:49:58,764 - INFO - Allocating UMIs for gene 100...
2024-07-20 22:49:58,815 - INFO - Allocating UMIs for gene 200...
2024-07-20 22:49:58,865 - INFO - Allocating UMIs for gene 300...
2024-07-20 22:49:58,913 - INFO - Allocating UMIs for gene 400...
2024-07-20 22:49:58,962 - INFO - Allocating UMIs for gene 500...
2024-07-20 22:49:59,011 - INFO - Allocating UMIs for gene 600...
2024-07-20 22:49:59,061 - INFO - Allocating UMIs for gene 700...
2024-07-20 22:49:59,109 - INFO - Allocating UMIs for gene 800...
2024-07-20 22:49:59,159 - INFO - Allocating UMIs for gene 900...
2024-07-20 22:49:59,208 - INFO - Allocating UMIs for gene 1000...
2024-07-20 22:49:59,256 - INFO - Allocating UMIs for gene 1100...
2024-07-20 22:49:59,304 - INFO - Allocating UMIs for gene 1200...
2024-07-20 22:49:59,352 - INFO - Allocating UMIs for gene 1300...
2024-07-20 22:49:59,400 - INFO - Allocating UMIs for gene 1400...
2024-07-20 22:49:59,447 - INFO - Allocating UMIs for gene 1500...
2024-07-20 22:49:59,496 - INFO - Allocating UMIs for gene 1600...
2024-07-20 22:49:59,543 - INFO - Allocating UMIs for gene 1700...
2024-07-20 22:49:59,591 - INFO - Allocating UMIs for gene 1800...
2024-07-20 22:49:59,638 - INFO - Allocating UMIs for gene 1900...
2024-07-20 22:49:59,688 - INFO - Allocating UMIs for gene 2000...
2024-07-20 22:49:59,736 - INFO - Allocating UMIs for gene 2100...
2024-07-20 22:49:59,784 - INFO - Allocating UMIs for gene 2200...
2024-07-20 22:49:59,839 - INFO - Allocating UMIs for gene 2300...
2024-07-20 22:49:59,888 - INFO - Allocating UMIs for gene 2400...
2024-07-20 22:49:59,935 - INFO - Allocating UMIs for gene 2500...
2024-07-20 22:49:59,983 - INFO - Allocating UMIs for gene 2600...
2024-07-20 22:50:00,046 - INFO - Allocating UMIs for gene 2700...
2024-07-20 22:50:00,104 - INFO - Allocating UMIs for gene 2800...
2024-07-20 22:50:00,156 - INFO - Allocating UMIs for gene 2900...
2024-07-20 22:50:00,205 - INFO - Allocating UMIs for gene 3000...
2024-07-20 22:50:00,253 - INFO - Allocating UMIs for gene 3100...
2024-07-20 22:50:00,300 - INFO - Allocating UMIs for gene 3200...
2024-07-20 22:50:00,348 - INFO - Allocating UMIs for gene 3300...
2024-07-20 22:50:00,397 - INFO - Allocating UMIs for gene 3400...
2024-07-20 22:50:00,445 - INFO - Allocating UMIs for gene 3500...
2024-07-20 22:50:00,492 - INFO - Allocating UMIs for gene 3600...
2024-07-20 22:50:00,540 - INFO - Allocating UMIs for gene 3700...
2024-07-20 22:50:00,589 - INFO - Allocating UMIs for gene 3800...
2024-07-20 22:50:00,635 - INFO - Allocating UMIs for gene 3900...
2024-07-20 22:50:00,682 - INFO - Allocating UMIs for gene 4000...
2024-07-20 22:50:00,731 - INFO - Allocating UMIs for gene 4100...
2024-07-20 22:50:00,780 - INFO - Allocating UMIs for gene 4200...
2024-07-20 22:50:00,828 - INFO - Allocating UMIs for gene 4300...
2024-07-20 22:50:00,876 - INFO - Allocating UMIs for gene 4400...
2024-07-20 22:50:00,924 - INFO - Allocating UMIs for gene 4500...
2024-07-20 22:50:00,973 - INFO - Allocating UMIs for gene 4600...
2024-07-20 22:50:01,021 - INFO - Allocating UMIs for gene 4700...
2024-07-20 22:50:01,069 - INFO - Allocating UMIs for gene 4800...
2024-07-20 22:50:01,116 - INFO - Allocating UMIs for gene 4900...
2024-07-20 22:50:01,169 - INFO - Allocating UMIs for gene 5000...
2024-07-20 22:50:01,220 - INFO - Allocating UMIs for gene 5100...
2024-07-20 22:50:01,274 - INFO - Allocating UMIs for gene 5200...
2024-07-20 22:50:01,366 - INFO - Allocating UMIs for gene 5300...
2024-07-20 22:50:01,486 - INFO - Allocating UMIs for gene 5400...
2024-07-20 22:50:01,533 - INFO - Allocating UMIs for gene 5500...
2024-07-20 22:50:01,582 - INFO - Allocating UMIs for gene 5600...
2024-07-20 22:50:01,634 - INFO - Allocating UMIs for gene 5700...
2024-07-20 22:50:01,682 - INFO - Allocating UMIs for gene 5800...
2024-07-20 22:50:01,730 - INFO - Allocating UMIs for gene 5900...
2024-07-20 22:50:01,797 - INFO - UMI allocation complete.
2024-07-20 22:50:01,797 - INFO - Counting overall UMI occurrences...
2024-07-20 22:50:01,821 - INFO - Counting inter-gene collisions...
2024-07-20 22:50:01,848 - INFO - Total UMIs generated: 4096
2024-07-20 22:50:01,848 - INFO - Total UMIs allocated: 35915
2024-07-20 22:50:01,848 - INFO - Number of unique UMIs assigned to genes: 4096
2024-07-20 22:50:01,848 - INFO - Inter-gene collisions: 31791
2024-07-20 22:50:01,848 - INFO - Inter-gene collision rate: 0.88517
2024-07-20 22:50:01,848 - INFO - Writing gene UMI counts to file...
2024-07-20 22:50:01,857 - INFO - Writing UMI inter-gene collisions to file...
2024-07-20 22:50:01,865 - INFO - Simulation complete.
