2024-07-20 22:49:48,934 - INFO - Simulation Script Version: 0.0.1
2024-07-20 22:49:48,937 - INFO - Simulation Parameters:
2024-07-20 22:49:48,937 - INFO - Length of UMI: 6
2024-07-20 22:49:48,937 - INFO - Number of genes: 6000
2024-07-20 22:49:48,937 - INFO - Parameters file: None
2024-07-20 22:49:48,937 - INFO - Mean (mu): 6.0
2024-07-20 22:49:48,937 - INFO - Dispersion (theta): 6.0
2024-07-20 22:49:48,937 - INFO - Use Poisson distribution: False
2024-07-20 22:49:48,937 - INFO - Gene UMI counts file: gene_6000_umi6_counts_rep6.txt
2024-07-20 22:49:48,937 - INFO - UMI collisions file: umi6_6000_collisions_rep6.txt
2024-07-20 22:49:48,937 - INFO - Seed: None
2024-07-20 22:49:48,937 - INFO - Log file: umi6_6000_rep6.log
2024-07-20 22:49:48,937 - INFO - No seed specified. Generated random seed: 269000457
2024-07-20 22:49:48,937 - INFO - Generating all possible UMIs...
2024-07-20 22:49:48,938 - INFO - Total possible UMIs generated: 4096
2024-07-20 22:49:48,938 - INFO - Loading parameters...
2024-07-20 22:49:48,938 - INFO - Sampling read depths for each gene...
2024-07-20 22:49:49,175 - INFO - Read depths sampling complete.
2024-07-20 22:49:49,175 - INFO - Allocating UMIs based on sampled read depths...
2024-07-20 22:49:49,175 - INFO - Allocating UMIs for gene 0...
2024-07-20 22:49:49,236 - INFO - Allocating UMIs for gene 100...
2024-07-20 22:49:49,333 - INFO - Allocating UMIs for gene 200...
2024-07-20 22:49:49,382 - INFO - Allocating UMIs for gene 300...
2024-07-20 22:49:49,433 - INFO - Allocating UMIs for gene 400...
2024-07-20 22:49:49,482 - INFO - Allocating UMIs for gene 500...
2024-07-20 22:49:49,531 - INFO - Allocating UMIs for gene 600...
2024-07-20 22:49:49,582 - INFO - Allocating UMIs for gene 700...
2024-07-20 22:49:49,632 - INFO - Allocating UMIs for gene 800...
2024-07-20 22:49:49,691 - INFO - Allocating UMIs for gene 900...
2024-07-20 22:49:49,762 - INFO - Allocating UMIs for gene 1000...
2024-07-20 22:49:49,861 - INFO - Allocating UMIs for gene 1100...
2024-07-20 22:49:49,950 - INFO - Allocating UMIs for gene 1200...
2024-07-20 22:49:50,004 - INFO - Allocating UMIs for gene 1300...
2024-07-20 22:49:50,054 - INFO - Allocating UMIs for gene 1400...
2024-07-20 22:49:50,103 - INFO - Allocating UMIs for gene 1500...
2024-07-20 22:49:50,153 - INFO - Allocating UMIs for gene 1600...
2024-07-20 22:49:50,201 - INFO - Allocating UMIs for gene 1700...
2024-07-20 22:49:50,249 - INFO - Allocating UMIs for gene 1800...
2024-07-20 22:49:50,298 - INFO - Allocating UMIs for gene 1900...
2024-07-20 22:49:50,462 - INFO - Allocating UMIs for gene 2000...
2024-07-20 22:49:50,511 - INFO - Allocating UMIs for gene 2100...
2024-07-20 22:49:50,559 - INFO - Allocating UMIs for gene 2200...
2024-07-20 22:49:50,612 - INFO - Allocating UMIs for gene 2300...
2024-07-20 22:49:50,665 - INFO - Allocating UMIs for gene 2400...
2024-07-20 22:49:50,739 - INFO - Allocating UMIs for gene 2500...
2024-07-20 22:49:50,837 - INFO - Allocating UMIs for gene 2600...
2024-07-20 22:49:50,886 - INFO - Allocating UMIs for gene 2700...
2024-07-20 22:49:50,932 - INFO - Allocating UMIs for gene 2800...
2024-07-20 22:49:50,981 - INFO - Allocating UMIs for gene 2900...
2024-07-20 22:49:51,030 - INFO - Allocating UMIs for gene 3000...
2024-07-20 22:49:51,080 - INFO - Allocating UMIs for gene 3100...
2024-07-20 22:49:51,127 - INFO - Allocating UMIs for gene 3200...
2024-07-20 22:49:51,186 - INFO - Allocating UMIs for gene 3300...
2024-07-20 22:49:51,269 - INFO - Allocating UMIs for gene 3400...
2024-07-20 22:49:51,320 - INFO - Allocating UMIs for gene 3500...
2024-07-20 22:49:51,368 - INFO - Allocating UMIs for gene 3600...
2024-07-20 22:49:51,417 - INFO - Allocating UMIs for gene 3700...
2024-07-20 22:49:51,465 - INFO - Allocating UMIs for gene 3800...
2024-07-20 22:49:51,513 - INFO - Allocating UMIs for gene 3900...
2024-07-20 22:49:51,562 - INFO - Allocating UMIs for gene 4000...
2024-07-20 22:49:51,607 - INFO - Allocating UMIs for gene 4100...
2024-07-20 22:49:51,656 - INFO - Allocating UMIs for gene 4200...
2024-07-20 22:49:51,705 - INFO - Allocating UMIs for gene 4300...
2024-07-20 22:49:51,752 - INFO - Allocating UMIs for gene 4400...
2024-07-20 22:49:51,801 - INFO - Allocating UMIs for gene 4500...
2024-07-20 22:49:51,849 - INFO - Allocating UMIs for gene 4600...
2024-07-20 22:49:51,897 - INFO - Allocating UMIs for gene 4700...
2024-07-20 22:49:51,946 - INFO - Allocating UMIs for gene 4800...
2024-07-20 22:49:51,994 - INFO - Allocating UMIs for gene 4900...
2024-07-20 22:49:52,049 - INFO - Allocating UMIs for gene 5000...
2024-07-20 22:49:52,099 - INFO - Allocating UMIs for gene 5100...
2024-07-20 22:49:52,147 - INFO - Allocating UMIs for gene 5200...
2024-07-20 22:49:52,195 - INFO - Allocating UMIs for gene 5300...
2024-07-20 22:49:52,244 - INFO - Allocating UMIs for gene 5400...
2024-07-20 22:49:52,290 - INFO - Allocating UMIs for gene 5500...
2024-07-20 22:49:52,338 - INFO - Allocating UMIs for gene 5600...
2024-07-20 22:49:52,387 - INFO - Allocating UMIs for gene 5700...
2024-07-20 22:49:52,434 - INFO - Allocating UMIs for gene 5800...
2024-07-20 22:49:52,481 - INFO - Allocating UMIs for gene 5900...
2024-07-20 22:49:52,529 - INFO - UMI allocation complete.
2024-07-20 22:49:52,529 - INFO - Counting overall UMI occurrences...
2024-07-20 22:49:52,537 - INFO - Counting inter-gene collisions...
2024-07-20 22:49:52,546 - INFO - Total UMIs generated: 4096
2024-07-20 22:49:52,546 - INFO - Total UMIs allocated: 35912
2024-07-20 22:49:52,546 - INFO - Number of unique UMIs assigned to genes: 4095
2024-07-20 22:49:52,546 - INFO - Inter-gene collisions: 31785
2024-07-20 22:49:52,546 - INFO - Inter-gene collision rate: 0.88508
2024-07-20 22:49:52,546 - INFO - Writing gene UMI counts to file...
2024-07-20 22:49:52,550 - INFO - Writing UMI inter-gene collisions to file...
2024-07-20 22:49:52,554 - INFO - Simulation complete.
