2024-07-20 22:49:44,442 - INFO - Simulation Script Version: 0.0.1
2024-07-20 22:49:44,445 - INFO - Simulation Parameters:
2024-07-20 22:49:44,445 - INFO - Length of UMI: 6
2024-07-20 22:49:44,445 - INFO - Number of genes: 6000
2024-07-20 22:49:44,445 - INFO - Parameters file: None
2024-07-20 22:49:44,445 - INFO - Mean (mu): 6.0
2024-07-20 22:49:44,445 - INFO - Dispersion (theta): 6.0
2024-07-20 22:49:44,445 - INFO - Use Poisson distribution: False
2024-07-20 22:49:44,445 - INFO - Gene UMI counts file: gene_6000_umi6_counts_rep5.txt
2024-07-20 22:49:44,445 - INFO - UMI collisions file: umi6_6000_collisions_rep5.txt
2024-07-20 22:49:44,445 - INFO - Seed: None
2024-07-20 22:49:44,445 - INFO - Log file: umi6_6000_rep5.log
2024-07-20 22:49:44,445 - INFO - No seed specified. Generated random seed: 2849153560
2024-07-20 22:49:44,446 - INFO - Generating all possible UMIs...
2024-07-20 22:49:44,448 - INFO - Total possible UMIs generated: 4096
2024-07-20 22:49:44,448 - INFO - Loading parameters...
2024-07-20 22:49:44,448 - INFO - Sampling read depths for each gene...
2024-07-20 22:49:44,676 - INFO - Read depths sampling complete.
2024-07-20 22:49:44,676 - INFO - Allocating UMIs based on sampled read depths...
2024-07-20 22:49:44,676 - INFO - Allocating UMIs for gene 0...
2024-07-20 22:49:44,726 - INFO - Allocating UMIs for gene 100...
2024-07-20 22:49:44,774 - INFO - Allocating UMIs for gene 200...
2024-07-20 22:49:44,822 - INFO - Allocating UMIs for gene 300...
2024-07-20 22:49:44,871 - INFO - Allocating UMIs for gene 400...
2024-07-20 22:49:44,919 - INFO - Allocating UMIs for gene 500...
2024-07-20 22:49:44,967 - INFO - Allocating UMIs for gene 600...
2024-07-20 22:49:45,017 - INFO - Allocating UMIs for gene 700...
2024-07-20 22:49:45,065 - INFO - Allocating UMIs for gene 800...
2024-07-20 22:49:45,114 - INFO - Allocating UMIs for gene 900...
2024-07-20 22:49:45,162 - INFO - Allocating UMIs for gene 1000...
2024-07-20 22:49:45,210 - INFO - Allocating UMIs for gene 1100...
2024-07-20 22:49:45,259 - INFO - Allocating UMIs for gene 1200...
2024-07-20 22:49:45,312 - INFO - Allocating UMIs for gene 1300...
2024-07-20 22:49:45,367 - INFO - Allocating UMIs for gene 1400...
2024-07-20 22:49:45,440 - INFO - Allocating UMIs for gene 1500...
2024-07-20 22:49:45,544 - INFO - Allocating UMIs for gene 1600...
2024-07-20 22:49:45,594 - INFO - Allocating UMIs for gene 1700...
2024-07-20 22:49:45,645 - INFO - Allocating UMIs for gene 1800...
2024-07-20 22:49:45,695 - INFO - Allocating UMIs for gene 1900...
2024-07-20 22:49:45,745 - INFO - Allocating UMIs for gene 2000...
2024-07-20 22:49:45,794 - INFO - Allocating UMIs for gene 2100...
2024-07-20 22:49:45,848 - INFO - Allocating UMIs for gene 2200...
2024-07-20 22:49:45,905 - INFO - Allocating UMIs for gene 2300...
2024-07-20 22:49:46,076 - INFO - Allocating UMIs for gene 2400...
2024-07-20 22:49:46,125 - INFO - Allocating UMIs for gene 2500...
2024-07-20 22:49:46,175 - INFO - Allocating UMIs for gene 2600...
2024-07-20 22:49:46,224 - INFO - Allocating UMIs for gene 2700...
2024-07-20 22:49:46,274 - INFO - Allocating UMIs for gene 2800...
2024-07-20 22:49:46,323 - INFO - Allocating UMIs for gene 2900...
2024-07-20 22:49:46,373 - INFO - Allocating UMIs for gene 3000...
2024-07-20 22:49:46,425 - INFO - Allocating UMIs for gene 3100...
2024-07-20 22:49:46,487 - INFO - Allocating UMIs for gene 3200...
2024-07-20 22:49:46,577 - INFO - Allocating UMIs for gene 3300...
2024-07-20 22:49:46,626 - INFO - Allocating UMIs for gene 3400...
2024-07-20 22:49:46,673 - INFO - Allocating UMIs for gene 3500...
2024-07-20 22:49:46,721 - INFO - Allocating UMIs for gene 3600...
2024-07-20 22:49:46,771 - INFO - Allocating UMIs for gene 3700...
2024-07-20 22:49:46,818 - INFO - Allocating UMIs for gene 3800...
2024-07-20 22:49:46,867 - INFO - Allocating UMIs for gene 3900...
2024-07-20 22:49:46,916 - INFO - Allocating UMIs for gene 4000...
2024-07-20 22:49:46,965 - INFO - Allocating UMIs for gene 4100...
2024-07-20 22:49:47,018 - INFO - Allocating UMIs for gene 4200...
2024-07-20 22:49:47,067 - INFO - Allocating UMIs for gene 4300...
2024-07-20 22:49:47,115 - INFO - Allocating UMIs for gene 4400...
2024-07-20 22:49:47,163 - INFO - Allocating UMIs for gene 4500...
2024-07-20 22:49:47,212 - INFO - Allocating UMIs for gene 4600...
2024-07-20 22:49:47,260 - INFO - Allocating UMIs for gene 4700...
2024-07-20 22:49:47,309 - INFO - Allocating UMIs for gene 4800...
2024-07-20 22:49:47,357 - INFO - Allocating UMIs for gene 4900...
2024-07-20 22:49:47,406 - INFO - Allocating UMIs for gene 5000...
2024-07-20 22:49:47,455 - INFO - Allocating UMIs for gene 5100...
2024-07-20 22:49:47,502 - INFO - Allocating UMIs for gene 5200...
2024-07-20 22:49:47,550 - INFO - Allocating UMIs for gene 5300...
2024-07-20 22:49:47,597 - INFO - Allocating UMIs for gene 5400...
2024-07-20 22:49:47,646 - INFO - Allocating UMIs for gene 5500...
2024-07-20 22:49:47,695 - INFO - Allocating UMIs for gene 5600...
2024-07-20 22:49:47,743 - INFO - Allocating UMIs for gene 5700...
2024-07-20 22:49:47,791 - INFO - Allocating UMIs for gene 5800...
2024-07-20 22:49:47,839 - INFO - Allocating UMIs for gene 5900...
2024-07-20 22:49:47,887 - INFO - UMI allocation complete.
2024-07-20 22:49:47,887 - INFO - Counting overall UMI occurrences...
2024-07-20 22:49:47,895 - INFO - Counting inter-gene collisions...
2024-07-20 22:49:47,904 - INFO - Total UMIs generated: 4096
2024-07-20 22:49:47,904 - INFO - Total UMIs allocated: 36299
2024-07-20 22:49:47,904 - INFO - Number of unique UMIs assigned to genes: 4095
2024-07-20 22:49:47,904 - INFO - Inter-gene collisions: 32173
2024-07-20 22:49:47,904 - INFO - Inter-gene collision rate: 0.88633
2024-07-20 22:49:47,904 - INFO - Writing gene UMI counts to file...
2024-07-20 22:49:47,908 - INFO - Writing UMI inter-gene collisions to file...
2024-07-20 22:49:47,912 - INFO - Simulation complete.
