2024-07-20 22:49:23,595 - INFO - Simulation Script Version: 0.0.1
2024-07-20 22:49:23,598 - INFO - Simulation Parameters:
2024-07-20 22:49:23,598 - INFO - Length of UMI: 6
2024-07-20 22:49:23,598 - INFO - Number of genes: 6000
2024-07-20 22:49:23,598 - INFO - Parameters file: None
2024-07-20 22:49:23,598 - INFO - Mean (mu): 6.0
2024-07-20 22:49:23,598 - INFO - Dispersion (theta): 6.0
2024-07-20 22:49:23,598 - INFO - Use Poisson distribution: False
2024-07-20 22:49:23,598 - INFO - Gene UMI counts file: gene_6000_umi6_counts_rep1.txt
2024-07-20 22:49:23,598 - INFO - UMI collisions file: umi6_6000_collisions.txt
2024-07-20 22:49:23,598 - INFO - Seed: None
2024-07-20 22:49:23,598 - INFO - Log file: umi6_6000_rep1.log
2024-07-20 22:49:23,598 - INFO - No seed specified. Generated random seed: 2866775265
2024-07-20 22:49:23,598 - INFO - Generating all possible UMIs...
2024-07-20 22:49:23,599 - INFO - Total possible UMIs generated: 4096
2024-07-20 22:49:23,599 - INFO - Loading parameters...
2024-07-20 22:49:23,599 - INFO - Sampling read depths for each gene...
2024-07-20 22:49:24,019 - INFO - Read depths sampling complete.
2024-07-20 22:49:24,019 - INFO - Allocating UMIs based on sampled read depths...
2024-07-20 22:49:24,019 - INFO - Allocating UMIs for gene 0...
2024-07-20 22:49:24,069 - INFO - Allocating UMIs for gene 100...
2024-07-20 22:49:24,117 - INFO - Allocating UMIs for gene 200...
2024-07-20 22:49:24,167 - INFO - Allocating UMIs for gene 300...
2024-07-20 22:49:24,217 - INFO - Allocating UMIs for gene 400...
2024-07-20 22:49:24,280 - INFO - Allocating UMIs for gene 500...
2024-07-20 22:49:24,486 - INFO - Allocating UMIs for gene 600...
2024-07-20 22:49:24,535 - INFO - Allocating UMIs for gene 700...
2024-07-20 22:49:24,585 - INFO - Allocating UMIs for gene 800...
2024-07-20 22:49:24,635 - INFO - Allocating UMIs for gene 900...
2024-07-20 22:49:24,685 - INFO - Allocating UMIs for gene 1000...
2024-07-20 22:49:24,734 - INFO - Allocating UMIs for gene 1100...
2024-07-20 22:49:24,782 - INFO - Allocating UMIs for gene 1200...
2024-07-20 22:49:24,832 - INFO - Allocating UMIs for gene 1300...
2024-07-20 22:49:24,880 - INFO - Allocating UMIs for gene 1400...
2024-07-20 22:49:24,927 - INFO - Allocating UMIs for gene 1500...
2024-07-20 22:49:24,977 - INFO - Allocating UMIs for gene 1600...
2024-07-20 22:49:25,026 - INFO - Allocating UMIs for gene 1700...
2024-07-20 22:49:25,074 - INFO - Allocating UMIs for gene 1800...
2024-07-20 22:49:25,121 - INFO - Allocating UMIs for gene 1900...
2024-07-20 22:49:25,169 - INFO - Allocating UMIs for gene 2000...
2024-07-20 22:49:25,219 - INFO - Allocating UMIs for gene 2100...
2024-07-20 22:49:25,273 - INFO - Allocating UMIs for gene 2200...
2024-07-20 22:49:25,325 - INFO - Allocating UMIs for gene 2300...
2024-07-20 22:49:25,379 - INFO - Allocating UMIs for gene 2400...
2024-07-20 22:49:25,430 - INFO - Allocating UMIs for gene 2500...
2024-07-20 22:49:25,479 - INFO - Allocating UMIs for gene 2600...
2024-07-20 22:49:25,529 - INFO - Allocating UMIs for gene 2700...
2024-07-20 22:49:25,578 - INFO - Allocating UMIs for gene 2800...
2024-07-20 22:49:25,629 - INFO - Allocating UMIs for gene 2900...
2024-07-20 22:49:25,679 - INFO - Allocating UMIs for gene 3000...
2024-07-20 22:49:25,732 - INFO - Allocating UMIs for gene 3100...
2024-07-20 22:49:25,784 - INFO - Allocating UMIs for gene 3200...
2024-07-20 22:49:25,834 - INFO - Allocating UMIs for gene 3300...
2024-07-20 22:49:25,889 - INFO - Allocating UMIs for gene 3400...
2024-07-20 22:49:25,946 - INFO - Allocating UMIs for gene 3500...
2024-07-20 22:49:26,046 - INFO - Allocating UMIs for gene 3600...
2024-07-20 22:49:26,103 - INFO - Allocating UMIs for gene 3700...
2024-07-20 22:49:26,154 - INFO - Allocating UMIs for gene 3800...
2024-07-20 22:49:26,205 - INFO - Allocating UMIs for gene 3900...
2024-07-20 22:49:26,258 - INFO - Allocating UMIs for gene 4000...
2024-07-20 22:49:26,309 - INFO - Allocating UMIs for gene 4100...
2024-07-20 22:49:26,366 - INFO - Allocating UMIs for gene 4200...
2024-07-20 22:49:26,417 - INFO - Allocating UMIs for gene 4300...
2024-07-20 22:49:26,479 - INFO - Allocating UMIs for gene 4400...
2024-07-20 22:49:26,580 - INFO - Allocating UMIs for gene 4500...
2024-07-20 22:49:26,846 - INFO - Allocating UMIs for gene 4600...
2024-07-20 22:49:26,899 - INFO - Allocating UMIs for gene 4700...
2024-07-20 22:49:26,952 - INFO - Allocating UMIs for gene 4800...
2024-07-20 22:49:27,005 - INFO - Allocating UMIs for gene 4900...
2024-07-20 22:49:27,058 - INFO - Allocating UMIs for gene 5000...
2024-07-20 22:49:27,110 - INFO - Allocating UMIs for gene 5100...
2024-07-20 22:49:27,162 - INFO - Allocating UMIs for gene 5200...
2024-07-20 22:49:27,222 - INFO - Allocating UMIs for gene 5300...
2024-07-20 22:49:27,499 - INFO - Allocating UMIs for gene 5400...
2024-07-20 22:49:27,551 - INFO - Allocating UMIs for gene 5500...
2024-07-20 22:49:27,601 - INFO - Allocating UMIs for gene 5600...
2024-07-20 22:49:27,650 - INFO - Allocating UMIs for gene 5700...
2024-07-20 22:49:27,700 - INFO - Allocating UMIs for gene 5800...
2024-07-20 22:49:27,750 - INFO - Allocating UMIs for gene 5900...
2024-07-20 22:49:27,798 - INFO - UMI allocation complete.
2024-07-20 22:49:27,798 - INFO - Counting overall UMI occurrences...
2024-07-20 22:49:27,807 - INFO - Counting inter-gene collisions...
2024-07-20 22:49:27,815 - INFO - Total UMIs generated: 4096
2024-07-20 22:49:27,815 - INFO - Total UMIs allocated: 36058
2024-07-20 22:49:27,815 - INFO - Number of unique UMIs assigned to genes: 4096
2024-07-20 22:49:27,815 - INFO - Inter-gene collisions: 31934
2024-07-20 22:49:27,815 - INFO - Inter-gene collision rate: 0.88563
2024-07-20 22:49:27,815 - INFO - Writing gene UMI counts to file...
2024-07-20 22:49:27,819 - INFO - Writing UMI inter-gene collisions to file...
2024-07-20 22:49:27,823 - INFO - Simulation complete.
