2024-07-20 22:49:33,777 - INFO - Simulation Script Version: 0.0.1
2024-07-20 22:49:33,779 - INFO - Simulation Parameters:
2024-07-20 22:49:33,779 - INFO - Length of UMI: 6
2024-07-20 22:49:33,780 - INFO - Number of genes: 6000
2024-07-20 22:49:33,780 - INFO - Parameters file: None
2024-07-20 22:49:33,780 - INFO - Mean (mu): 6.0
2024-07-20 22:49:33,780 - INFO - Dispersion (theta): 6.0
2024-07-20 22:49:33,780 - INFO - Use Poisson distribution: False
2024-07-20 22:49:33,780 - INFO - Gene UMI counts file: gene_6000_umi6_counts_rep3.txt
2024-07-20 22:49:33,780 - INFO - UMI collisions file: umi6_6000_collisions_rep3.txt
2024-07-20 22:49:33,780 - INFO - Seed: None
2024-07-20 22:49:33,780 - INFO - Log file: umi6_6000_rep3.log
2024-07-20 22:49:33,780 - INFO - No seed specified. Generated random seed: 3325768
2024-07-20 22:49:33,780 - INFO - Generating all possible UMIs...
2024-07-20 22:49:33,781 - INFO - Total possible UMIs generated: 4096
2024-07-20 22:49:33,781 - INFO - Loading parameters...
2024-07-20 22:49:33,782 - INFO - Sampling read depths for each gene...
2024-07-20 22:49:34,054 - INFO - Read depths sampling complete.
2024-07-20 22:49:34,054 - INFO - Allocating UMIs based on sampled read depths...
2024-07-20 22:49:34,054 - INFO - Allocating UMIs for gene 0...
2024-07-20 22:49:34,105 - INFO - Allocating UMIs for gene 100...
2024-07-20 22:49:34,154 - INFO - Allocating UMIs for gene 200...
2024-07-20 22:49:34,211 - INFO - Allocating UMIs for gene 300...
2024-07-20 22:49:34,270 - INFO - Allocating UMIs for gene 400...
2024-07-20 22:49:34,367 - INFO - Allocating UMIs for gene 500...
2024-07-20 22:49:34,417 - INFO - Allocating UMIs for gene 600...
2024-07-20 22:49:34,467 - INFO - Allocating UMIs for gene 700...
2024-07-20 22:49:34,516 - INFO - Allocating UMIs for gene 800...
2024-07-20 22:49:34,566 - INFO - Allocating UMIs for gene 900...
2024-07-20 22:49:34,617 - INFO - Allocating UMIs for gene 1000...
2024-07-20 22:49:34,667 - INFO - Allocating UMIs for gene 1100...
2024-07-20 22:49:34,725 - INFO - Allocating UMIs for gene 1200...
2024-07-20 22:49:34,827 - INFO - Allocating UMIs for gene 1300...
2024-07-20 22:49:34,983 - INFO - Allocating UMIs for gene 1400...
2024-07-20 22:49:35,071 - INFO - Allocating UMIs for gene 1500...
2024-07-20 22:49:35,122 - INFO - Allocating UMIs for gene 1600...
2024-07-20 22:49:35,171 - INFO - Allocating UMIs for gene 1700...
2024-07-20 22:49:35,220 - INFO - Allocating UMIs for gene 1800...
2024-07-20 22:49:35,270 - INFO - Allocating UMIs for gene 1900...
2024-07-20 22:49:35,319 - INFO - Allocating UMIs for gene 2000...
2024-07-20 22:49:35,476 - INFO - Allocating UMIs for gene 2100...
2024-07-20 22:49:35,532 - INFO - Allocating UMIs for gene 2200...
2024-07-20 22:49:35,588 - INFO - Allocating UMIs for gene 2300...
2024-07-20 22:49:35,645 - INFO - Allocating UMIs for gene 2400...
2024-07-20 22:49:35,747 - INFO - Allocating UMIs for gene 2500...
2024-07-20 22:49:35,807 - INFO - Allocating UMIs for gene 2600...
2024-07-20 22:49:35,904 - INFO - Allocating UMIs for gene 2700...
2024-07-20 22:49:36,057 - INFO - Allocating UMIs for gene 2800...
2024-07-20 22:49:36,106 - INFO - Allocating UMIs for gene 2900...
2024-07-20 22:49:36,155 - INFO - Allocating UMIs for gene 3000...
2024-07-20 22:49:36,203 - INFO - Allocating UMIs for gene 3100...
2024-07-20 22:49:36,260 - INFO - Allocating UMIs for gene 3200...
2024-07-20 22:49:36,363 - INFO - Allocating UMIs for gene 3300...
2024-07-20 22:49:36,413 - INFO - Allocating UMIs for gene 3400...
2024-07-20 22:49:36,462 - INFO - Allocating UMIs for gene 3500...
2024-07-20 22:49:36,642 - INFO - Allocating UMIs for gene 3600...
2024-07-20 22:49:36,691 - INFO - Allocating UMIs for gene 3700...
2024-07-20 22:49:36,741 - INFO - Allocating UMIs for gene 3800...
2024-07-20 22:49:36,790 - INFO - Allocating UMIs for gene 3900...
2024-07-20 22:49:36,837 - INFO - Allocating UMIs for gene 4000...
2024-07-20 22:49:36,892 - INFO - Allocating UMIs for gene 4100...
2024-07-20 22:49:36,944 - INFO - Allocating UMIs for gene 4200...
2024-07-20 22:49:36,991 - INFO - Allocating UMIs for gene 4300...
2024-07-20 22:49:37,040 - INFO - Allocating UMIs for gene 4400...
2024-07-20 22:49:37,089 - INFO - Allocating UMIs for gene 4500...
2024-07-20 22:49:37,139 - INFO - Allocating UMIs for gene 4600...
2024-07-20 22:49:37,193 - INFO - Allocating UMIs for gene 4700...
2024-07-20 22:49:37,255 - INFO - Allocating UMIs for gene 4800...
2024-07-20 22:49:37,352 - INFO - Allocating UMIs for gene 4900...
2024-07-20 22:49:37,401 - INFO - Allocating UMIs for gene 5000...
2024-07-20 22:49:37,450 - INFO - Allocating UMIs for gene 5100...
2024-07-20 22:49:37,499 - INFO - Allocating UMIs for gene 5200...
2024-07-20 22:49:37,548 - INFO - Allocating UMIs for gene 5300...
2024-07-20 22:49:37,598 - INFO - Allocating UMIs for gene 5400...
2024-07-20 22:49:37,647 - INFO - Allocating UMIs for gene 5500...
2024-07-20 22:49:37,708 - INFO - Allocating UMIs for gene 5600...
2024-07-20 22:49:37,778 - INFO - Allocating UMIs for gene 5700...
2024-07-20 22:49:37,870 - INFO - Allocating UMIs for gene 5800...
2024-07-20 22:49:37,919 - INFO - Allocating UMIs for gene 5900...
2024-07-20 22:49:37,970 - INFO - UMI allocation complete.
2024-07-20 22:49:37,970 - INFO - Counting overall UMI occurrences...
2024-07-20 22:49:37,979 - INFO - Counting inter-gene collisions...
2024-07-20 22:49:37,987 - INFO - Total UMIs generated: 4096
2024-07-20 22:49:37,988 - INFO - Total UMIs allocated: 35999
2024-07-20 22:49:37,988 - INFO - Number of unique UMIs assigned to genes: 4095
2024-07-20 22:49:37,988 - INFO - Inter-gene collisions: 31881
2024-07-20 22:49:37,988 - INFO - Inter-gene collision rate: 0.88561
2024-07-20 22:49:37,988 - INFO - Writing gene UMI counts to file...
2024-07-20 22:49:37,992 - INFO - Writing UMI inter-gene collisions to file...
2024-07-20 22:49:37,996 - INFO - Simulation complete.
