2024-07-20 22:49:53,671 - INFO - Simulation Script Version: 0.0.1
2024-07-20 22:49:53,674 - INFO - Simulation Parameters:
2024-07-20 22:49:53,674 - INFO - Length of UMI: 6
2024-07-20 22:49:53,674 - INFO - Number of genes: 6000
2024-07-20 22:49:53,674 - INFO - Parameters file: None
2024-07-20 22:49:53,674 - INFO - Mean (mu): 6.0
2024-07-20 22:49:53,674 - INFO - Dispersion (theta): 6.0
2024-07-20 22:49:53,674 - INFO - Use Poisson distribution: False
2024-07-20 22:49:53,674 - INFO - Gene UMI counts file: gene_6000_umi6_counts_rep7.txt
2024-07-20 22:49:53,674 - INFO - UMI collisions file: umi6_6000_collisions_rep7.txt
2024-07-20 22:49:53,674 - INFO - Seed: None
2024-07-20 22:49:53,674 - INFO - Log file: umi6_6000_rep7.log
2024-07-20 22:49:53,674 - INFO - No seed specified. Generated random seed: 1517616493
2024-07-20 22:49:53,674 - INFO - Generating all possible UMIs...
2024-07-20 22:49:53,675 - INFO - Total possible UMIs generated: 4096
2024-07-20 22:49:53,675 - INFO - Loading parameters...
2024-07-20 22:49:53,675 - INFO - Sampling read depths for each gene...
2024-07-20 22:49:53,894 - INFO - Read depths sampling complete.
2024-07-20 22:49:53,894 - INFO - Allocating UMIs based on sampled read depths...
2024-07-20 22:49:53,894 - INFO - Allocating UMIs for gene 0...
2024-07-20 22:49:53,951 - INFO - Allocating UMIs for gene 100...
2024-07-20 22:49:54,005 - INFO - Allocating UMIs for gene 200...
2024-07-20 22:49:54,068 - INFO - Allocating UMIs for gene 300...
2024-07-20 22:49:54,163 - INFO - Allocating UMIs for gene 400...
2024-07-20 22:49:54,212 - INFO - Allocating UMIs for gene 500...
2024-07-20 22:49:54,262 - INFO - Allocating UMIs for gene 600...
2024-07-20 22:49:54,311 - INFO - Allocating UMIs for gene 700...
2024-07-20 22:49:54,360 - INFO - Allocating UMIs for gene 800...
2024-07-20 22:49:54,409 - INFO - Allocating UMIs for gene 900...
2024-07-20 22:49:54,460 - INFO - Allocating UMIs for gene 1000...
2024-07-20 22:49:54,538 - INFO - Allocating UMIs for gene 1100...
2024-07-20 22:49:54,641 - INFO - Allocating UMIs for gene 1200...
2024-07-20 22:49:54,693 - INFO - Allocating UMIs for gene 1300...
2024-07-20 22:49:54,745 - INFO - Allocating UMIs for gene 1400...
2024-07-20 22:49:54,796 - INFO - Allocating UMIs for gene 1500...
2024-07-20 22:49:54,847 - INFO - Allocating UMIs for gene 1600...
2024-07-20 22:49:54,896 - INFO - Allocating UMIs for gene 1700...
2024-07-20 22:49:54,945 - INFO - Allocating UMIs for gene 1800...
2024-07-20 22:49:54,992 - INFO - Allocating UMIs for gene 1900...
2024-07-20 22:49:55,041 - INFO - Allocating UMIs for gene 2000...
2024-07-20 22:49:55,089 - INFO - Allocating UMIs for gene 2100...
2024-07-20 22:49:55,138 - INFO - Allocating UMIs for gene 2200...
2024-07-20 22:49:55,186 - INFO - Allocating UMIs for gene 2300...
2024-07-20 22:49:55,235 - INFO - Allocating UMIs for gene 2400...
2024-07-20 22:49:55,285 - INFO - Allocating UMIs for gene 2500...
2024-07-20 22:49:55,332 - INFO - Allocating UMIs for gene 2600...
2024-07-20 22:49:55,380 - INFO - Allocating UMIs for gene 2700...
2024-07-20 22:49:55,429 - INFO - Allocating UMIs for gene 2800...
2024-07-20 22:49:55,476 - INFO - Allocating UMIs for gene 2900...
2024-07-20 22:49:55,524 - INFO - Allocating UMIs for gene 3000...
2024-07-20 22:49:55,573 - INFO - Allocating UMIs for gene 3100...
2024-07-20 22:49:55,620 - INFO - Allocating UMIs for gene 3200...
2024-07-20 22:49:55,673 - INFO - Allocating UMIs for gene 3300...
2024-07-20 22:49:55,723 - INFO - Allocating UMIs for gene 3400...
2024-07-20 22:49:55,830 - INFO - Allocating UMIs for gene 3500...
2024-07-20 22:49:55,886 - INFO - Allocating UMIs for gene 3600...
2024-07-20 22:49:55,940 - INFO - Allocating UMIs for gene 3700...
2024-07-20 22:49:55,991 - INFO - Allocating UMIs for gene 3800...
2024-07-20 22:49:56,044 - INFO - Allocating UMIs for gene 3900...
2024-07-20 22:49:56,099 - INFO - Allocating UMIs for gene 4000...
2024-07-20 22:49:56,153 - INFO - Allocating UMIs for gene 4100...
2024-07-20 22:49:56,333 - INFO - Allocating UMIs for gene 4200...
2024-07-20 22:49:56,388 - INFO - Allocating UMIs for gene 4300...
2024-07-20 22:49:56,438 - INFO - Allocating UMIs for gene 4400...
2024-07-20 22:49:56,486 - INFO - Allocating UMIs for gene 4500...
2024-07-20 22:49:56,534 - INFO - Allocating UMIs for gene 4600...
2024-07-20 22:49:56,582 - INFO - Allocating UMIs for gene 4700...
2024-07-20 22:49:56,631 - INFO - Allocating UMIs for gene 4800...
2024-07-20 22:49:56,679 - INFO - Allocating UMIs for gene 4900...
2024-07-20 22:49:56,740 - INFO - Allocating UMIs for gene 5000...
2024-07-20 22:49:56,890 - INFO - Allocating UMIs for gene 5100...
2024-07-20 22:49:56,939 - INFO - Allocating UMIs for gene 5200...
2024-07-20 22:49:56,987 - INFO - Allocating UMIs for gene 5300...
2024-07-20 22:49:57,035 - INFO - Allocating UMIs for gene 5400...
2024-07-20 22:49:57,091 - INFO - Allocating UMIs for gene 5500...
2024-07-20 22:49:57,139 - INFO - Allocating UMIs for gene 5600...
2024-07-20 22:49:57,186 - INFO - Allocating UMIs for gene 5700...
2024-07-20 22:49:57,234 - INFO - Allocating UMIs for gene 5800...
2024-07-20 22:49:57,282 - INFO - Allocating UMIs for gene 5900...
2024-07-20 22:49:57,329 - INFO - UMI allocation complete.
2024-07-20 22:49:57,329 - INFO - Counting overall UMI occurrences...
2024-07-20 22:49:57,337 - INFO - Counting inter-gene collisions...
2024-07-20 22:49:57,346 - INFO - Total UMIs generated: 4096
2024-07-20 22:49:57,346 - INFO - Total UMIs allocated: 36085
2024-07-20 22:49:57,346 - INFO - Number of unique UMIs assigned to genes: 4096
2024-07-20 22:49:57,346 - INFO - Inter-gene collisions: 31951
2024-07-20 22:49:57,346 - INFO - Inter-gene collision rate: 0.88544
2024-07-20 22:49:57,346 - INFO - Writing gene UMI counts to file...
2024-07-20 22:49:57,350 - INFO - Writing UMI inter-gene collisions to file...
2024-07-20 22:49:57,354 - INFO - Simulation complete.
