2024-07-20 22:50:03,086 - INFO - Simulation Script Version: 0.0.1
2024-07-20 22:50:03,088 - INFO - Simulation Parameters:
2024-07-20 22:50:03,088 - INFO - Length of UMI: 6
2024-07-20 22:50:03,088 - INFO - Number of genes: 6000
2024-07-20 22:50:03,088 - INFO - Parameters file: None
2024-07-20 22:50:03,088 - INFO - Mean (mu): 6.0
2024-07-20 22:50:03,088 - INFO - Dispersion (theta): 6.0
2024-07-20 22:50:03,088 - INFO - Use Poisson distribution: False
2024-07-20 22:50:03,089 - INFO - Gene UMI counts file: gene_6000_umi6_counts_rep9.txt
2024-07-20 22:50:03,089 - INFO - UMI collisions file: umi6_6000_collisions_rep9.txt
2024-07-20 22:50:03,089 - INFO - Seed: None
2024-07-20 22:50:03,089 - INFO - Log file: umi6_6000_rep9.log
2024-07-20 22:50:03,089 - INFO - No seed specified. Generated random seed: 3504557833
2024-07-20 22:50:03,089 - INFO - Generating all possible UMIs...
2024-07-20 22:50:03,089 - INFO - Total possible UMIs generated: 4096
2024-07-20 22:50:03,089 - INFO - Loading parameters...
2024-07-20 22:50:03,089 - INFO - Sampling read depths for each gene...
2024-07-20 22:50:03,316 - INFO - Read depths sampling complete.
2024-07-20 22:50:03,316 - INFO - Allocating UMIs based on sampled read depths...
2024-07-20 22:50:03,316 - INFO - Allocating UMIs for gene 0...
2024-07-20 22:50:03,365 - INFO - Allocating UMIs for gene 100...
2024-07-20 22:50:03,412 - INFO - Allocating UMIs for gene 200...
2024-07-20 22:50:03,461 - INFO - Allocating UMIs for gene 300...
2024-07-20 22:50:03,509 - INFO - Allocating UMIs for gene 400...
2024-07-20 22:50:03,558 - INFO - Allocating UMIs for gene 500...
2024-07-20 22:50:03,608 - INFO - Allocating UMIs for gene 600...
2024-07-20 22:50:03,659 - INFO - Allocating UMIs for gene 700...
2024-07-20 22:50:03,714 - INFO - Allocating UMIs for gene 800...
2024-07-20 22:50:03,763 - INFO - Allocating UMIs for gene 900...
2024-07-20 22:50:03,810 - INFO - Allocating UMIs for gene 1000...
2024-07-20 22:50:03,859 - INFO - Allocating UMIs for gene 1100...
2024-07-20 22:50:03,908 - INFO - Allocating UMIs for gene 1200...
2024-07-20 22:50:03,957 - INFO - Allocating UMIs for gene 1300...
2024-07-20 22:50:04,005 - INFO - Allocating UMIs for gene 1400...
2024-07-20 22:50:04,053 - INFO - Allocating UMIs for gene 1500...
2024-07-20 22:50:04,102 - INFO - Allocating UMIs for gene 1600...
2024-07-20 22:50:04,151 - INFO - Allocating UMIs for gene 1700...
2024-07-20 22:50:04,200 - INFO - Allocating UMIs for gene 1800...
2024-07-20 22:50:04,248 - INFO - Allocating UMIs for gene 1900...
2024-07-20 22:50:04,297 - INFO - Allocating UMIs for gene 2000...
2024-07-20 22:50:04,344 - INFO - Allocating UMIs for gene 2100...
2024-07-20 22:50:04,392 - INFO - Allocating UMIs for gene 2200...
2024-07-20 22:50:04,440 - INFO - Allocating UMIs for gene 2300...
2024-07-20 22:50:04,489 - INFO - Allocating UMIs for gene 2400...
2024-07-20 22:50:04,537 - INFO - Allocating UMIs for gene 2500...
2024-07-20 22:50:04,587 - INFO - Allocating UMIs for gene 2600...
2024-07-20 22:50:04,637 - INFO - Allocating UMIs for gene 2700...
2024-07-20 22:50:04,692 - INFO - Allocating UMIs for gene 2800...
2024-07-20 22:50:04,746 - INFO - Allocating UMIs for gene 2900...
2024-07-20 22:50:04,848 - INFO - Allocating UMIs for gene 3000...
2024-07-20 22:50:04,899 - INFO - Allocating UMIs for gene 3100...
2024-07-20 22:50:04,948 - INFO - Allocating UMIs for gene 3200...
2024-07-20 22:50:04,997 - INFO - Allocating UMIs for gene 3300...
2024-07-20 22:50:05,046 - INFO - Allocating UMIs for gene 3400...
2024-07-20 22:50:05,095 - INFO - Allocating UMIs for gene 3500...
2024-07-20 22:50:05,148 - INFO - Allocating UMIs for gene 3600...
2024-07-20 22:50:05,244 - INFO - Allocating UMIs for gene 3700...
2024-07-20 22:50:05,364 - INFO - Allocating UMIs for gene 3800...
2024-07-20 22:50:05,412 - INFO - Allocating UMIs for gene 3900...
2024-07-20 22:50:05,461 - INFO - Allocating UMIs for gene 4000...
2024-07-20 22:50:05,509 - INFO - Allocating UMIs for gene 4100...
2024-07-20 22:50:05,561 - INFO - Allocating UMIs for gene 4200...
2024-07-20 22:50:05,609 - INFO - Allocating UMIs for gene 4300...
2024-07-20 22:50:05,659 - INFO - Allocating UMIs for gene 4400...
2024-07-20 22:50:05,708 - INFO - Allocating UMIs for gene 4500...
2024-07-20 22:50:05,755 - INFO - Allocating UMIs for gene 4600...
2024-07-20 22:50:05,803 - INFO - Allocating UMIs for gene 4700...
2024-07-20 22:50:05,851 - INFO - Allocating UMIs for gene 4800...
2024-07-20 22:50:05,900 - INFO - Allocating UMIs for gene 4900...
2024-07-20 22:50:05,948 - INFO - Allocating UMIs for gene 5000...
2024-07-20 22:50:05,995 - INFO - Allocating UMIs for gene 5100...
2024-07-20 22:50:06,043 - INFO - Allocating UMIs for gene 5200...
2024-07-20 22:50:06,092 - INFO - Allocating UMIs for gene 5300...
2024-07-20 22:50:06,141 - INFO - Allocating UMIs for gene 5400...
2024-07-20 22:50:06,188 - INFO - Allocating UMIs for gene 5500...
2024-07-20 22:50:06,239 - INFO - Allocating UMIs for gene 5600...
2024-07-20 22:50:06,288 - INFO - Allocating UMIs for gene 5700...
2024-07-20 22:50:06,336 - INFO - Allocating UMIs for gene 5800...
2024-07-20 22:50:06,384 - INFO - Allocating UMIs for gene 5900...
2024-07-20 22:50:06,431 - INFO - UMI allocation complete.
2024-07-20 22:50:06,434 - INFO - Counting overall UMI occurrences...
2024-07-20 22:50:06,439 - INFO - Counting inter-gene collisions...
2024-07-20 22:50:06,447 - INFO - Total UMIs generated: 4096
2024-07-20 22:50:06,447 - INFO - Total UMIs allocated: 36296
2024-07-20 22:50:06,448 - INFO - Number of unique UMIs assigned to genes: 4094
2024-07-20 22:50:06,448 - INFO - Inter-gene collisions: 32179
2024-07-20 22:50:06,448 - INFO - Inter-gene collision rate: 0.88657
2024-07-20 22:50:06,448 - INFO - Writing gene UMI counts to file...
2024-07-20 22:50:06,451 - INFO - Writing UMI inter-gene collisions to file...
2024-07-20 22:50:06,455 - INFO - Simulation complete.
