2024-07-20 22:49:28,972 - INFO - Simulation Script Version: 0.0.1
2024-07-20 22:49:28,974 - INFO - Simulation Parameters:
2024-07-20 22:49:28,974 - INFO - Length of UMI: 6
2024-07-20 22:49:28,974 - INFO - Number of genes: 6000
2024-07-20 22:49:28,974 - INFO - Parameters file: None
2024-07-20 22:49:28,974 - INFO - Mean (mu): 6.0
2024-07-20 22:49:28,974 - INFO - Dispersion (theta): 6.0
2024-07-20 22:49:28,975 - INFO - Use Poisson distribution: False
2024-07-20 22:49:28,975 - INFO - Gene UMI counts file: gene_6000_umi6_counts_rep2.txt
2024-07-20 22:49:28,975 - INFO - UMI collisions file: umi6_6000_collisions_rep2.txt
2024-07-20 22:49:28,975 - INFO - Seed: None
2024-07-20 22:49:28,975 - INFO - Log file: umi6_6000_rep2.log
2024-07-20 22:49:28,975 - INFO - No seed specified. Generated random seed: 60403891
2024-07-20 22:49:28,975 - INFO - Generating all possible UMIs...
2024-07-20 22:49:28,975 - INFO - Total possible UMIs generated: 4096
2024-07-20 22:49:28,975 - INFO - Loading parameters...
2024-07-20 22:49:28,975 - INFO - Sampling read depths for each gene...
2024-07-20 22:49:29,209 - INFO - Read depths sampling complete.
2024-07-20 22:49:29,225 - INFO - Allocating UMIs based on sampled read depths...
2024-07-20 22:49:29,225 - INFO - Allocating UMIs for gene 0...
2024-07-20 22:49:29,326 - INFO - Allocating UMIs for gene 100...
2024-07-20 22:49:29,373 - INFO - Allocating UMIs for gene 200...
2024-07-20 22:49:29,420 - INFO - Allocating UMIs for gene 300...
2024-07-20 22:49:29,469 - INFO - Allocating UMIs for gene 400...
2024-07-20 22:49:29,518 - INFO - Allocating UMIs for gene 500...
2024-07-20 22:49:29,567 - INFO - Allocating UMIs for gene 600...
2024-07-20 22:49:29,615 - INFO - Allocating UMIs for gene 700...
2024-07-20 22:49:29,663 - INFO - Allocating UMIs for gene 800...
2024-07-20 22:49:29,712 - INFO - Allocating UMIs for gene 900...
2024-07-20 22:49:29,759 - INFO - Allocating UMIs for gene 1000...
2024-07-20 22:49:29,808 - INFO - Allocating UMIs for gene 1100...
2024-07-20 22:49:29,857 - INFO - Allocating UMIs for gene 1200...
2024-07-20 22:49:29,905 - INFO - Allocating UMIs for gene 1300...
2024-07-20 22:49:29,953 - INFO - Allocating UMIs for gene 1400...
2024-07-20 22:49:30,001 - INFO - Allocating UMIs for gene 1500...
2024-07-20 22:49:30,050 - INFO - Allocating UMIs for gene 1600...
2024-07-20 22:49:30,099 - INFO - Allocating UMIs for gene 1700...
2024-07-20 22:49:30,148 - INFO - Allocating UMIs for gene 1800...
2024-07-20 22:49:30,198 - INFO - Allocating UMIs for gene 1900...
2024-07-20 22:49:30,252 - INFO - Allocating UMIs for gene 2000...
2024-07-20 22:49:30,307 - INFO - Allocating UMIs for gene 2100...
2024-07-20 22:49:30,367 - INFO - Allocating UMIs for gene 2200...
2024-07-20 22:49:30,462 - INFO - Allocating UMIs for gene 2300...
2024-07-20 22:49:30,512 - INFO - Allocating UMIs for gene 2400...
2024-07-20 22:49:30,567 - INFO - Allocating UMIs for gene 2500...
2024-07-20 22:49:30,627 - INFO - Allocating UMIs for gene 2600...
2024-07-20 22:49:30,725 - INFO - Allocating UMIs for gene 2700...
2024-07-20 22:49:30,774 - INFO - Allocating UMIs for gene 2800...
2024-07-20 22:49:30,828 - INFO - Allocating UMIs for gene 2900...
2024-07-20 22:49:30,880 - INFO - Allocating UMIs for gene 3000...
2024-07-20 22:49:31,048 - INFO - Allocating UMIs for gene 3100...
2024-07-20 22:49:31,097 - INFO - Allocating UMIs for gene 3200...
2024-07-20 22:49:31,148 - INFO - Allocating UMIs for gene 3300...
2024-07-20 22:49:31,197 - INFO - Allocating UMIs for gene 3400...
2024-07-20 22:49:31,263 - INFO - Allocating UMIs for gene 3500...
2024-07-20 22:49:31,366 - INFO - Allocating UMIs for gene 3600...
2024-07-20 22:49:31,417 - INFO - Allocating UMIs for gene 3700...
2024-07-20 22:49:31,473 - INFO - Allocating UMIs for gene 3800...
2024-07-20 22:49:31,556 - INFO - Allocating UMIs for gene 3900...
2024-07-20 22:49:31,643 - INFO - Allocating UMIs for gene 4000...
2024-07-20 22:49:31,696 - INFO - Allocating UMIs for gene 4100...
2024-07-20 22:49:31,747 - INFO - Allocating UMIs for gene 4200...
2024-07-20 22:49:31,796 - INFO - Allocating UMIs for gene 4300...
2024-07-20 22:49:31,852 - INFO - Allocating UMIs for gene 4400...
2024-07-20 22:49:31,901 - INFO - Allocating UMIs for gene 4500...
2024-07-20 22:49:31,950 - INFO - Allocating UMIs for gene 4600...
2024-07-20 22:49:31,999 - INFO - Allocating UMIs for gene 4700...
2024-07-20 22:49:32,045 - INFO - Allocating UMIs for gene 4800...
2024-07-20 22:49:32,093 - INFO - Allocating UMIs for gene 4900...
2024-07-20 22:49:32,141 - INFO - Allocating UMIs for gene 5000...
2024-07-20 22:49:32,189 - INFO - Allocating UMIs for gene 5100...
2024-07-20 22:49:32,237 - INFO - Allocating UMIs for gene 5200...
2024-07-20 22:49:32,285 - INFO - Allocating UMIs for gene 5300...
2024-07-20 22:49:32,334 - INFO - Allocating UMIs for gene 5400...
2024-07-20 22:49:32,382 - INFO - Allocating UMIs for gene 5500...
2024-07-20 22:49:32,430 - INFO - Allocating UMIs for gene 5600...
2024-07-20 22:49:32,477 - INFO - Allocating UMIs for gene 5700...
2024-07-20 22:49:32,525 - INFO - Allocating UMIs for gene 5800...
2024-07-20 22:49:32,575 - INFO - Allocating UMIs for gene 5900...
2024-07-20 22:49:32,623 - INFO - UMI allocation complete.
2024-07-20 22:49:32,623 - INFO - Counting overall UMI occurrences...
2024-07-20 22:49:32,631 - INFO - Counting inter-gene collisions...
2024-07-20 22:49:32,640 - INFO - Total UMIs generated: 4096
2024-07-20 22:49:32,640 - INFO - Total UMIs allocated: 36259
2024-07-20 22:49:32,640 - INFO - Number of unique UMIs assigned to genes: 4096
2024-07-20 22:49:32,640 - INFO - Inter-gene collisions: 32129
2024-07-20 22:49:32,640 - INFO - Inter-gene collision rate: 0.88610
2024-07-20 22:49:32,640 - INFO - Writing gene UMI counts to file...
2024-07-20 22:49:32,644 - INFO - Writing UMI inter-gene collisions to file...
2024-07-20 22:49:32,648 - INFO - Simulation complete.
