2024-07-20 22:49:39,365 - INFO - Simulation Script Version: 0.0.1
2024-07-20 22:49:39,367 - INFO - Simulation Parameters:
2024-07-20 22:49:39,367 - INFO - Length of UMI: 6
2024-07-20 22:49:39,367 - INFO - Number of genes: 6000
2024-07-20 22:49:39,367 - INFO - Parameters file: None
2024-07-20 22:49:39,367 - INFO - Mean (mu): 6.0
2024-07-20 22:49:39,367 - INFO - Dispersion (theta): 6.0
2024-07-20 22:49:39,367 - INFO - Use Poisson distribution: False
2024-07-20 22:49:39,367 - INFO - Gene UMI counts file: gene_6000_umi6_counts_rep4.txt
2024-07-20 22:49:39,367 - INFO - UMI collisions file: umi6_6000_collisions_rep4.txt
2024-07-20 22:49:39,367 - INFO - Seed: None
2024-07-20 22:49:39,367 - INFO - Log file: umi6_6000_rep4.log
2024-07-20 22:49:39,367 - INFO - No seed specified. Generated random seed: 2458104856
2024-07-20 22:49:39,368 - INFO - Generating all possible UMIs...
2024-07-20 22:49:39,368 - INFO - Total possible UMIs generated: 4096
2024-07-20 22:49:39,368 - INFO - Loading parameters...
2024-07-20 22:49:39,368 - INFO - Sampling read depths for each gene...
2024-07-20 22:49:39,587 - INFO - Read depths sampling complete.
2024-07-20 22:49:39,587 - INFO - Allocating UMIs based on sampled read depths...
2024-07-20 22:49:39,587 - INFO - Allocating UMIs for gene 0...
2024-07-20 22:49:39,636 - INFO - Allocating UMIs for gene 100...
2024-07-20 22:49:39,684 - INFO - Allocating UMIs for gene 200...
2024-07-20 22:49:39,733 - INFO - Allocating UMIs for gene 300...
2024-07-20 22:49:39,781 - INFO - Allocating UMIs for gene 400...
2024-07-20 22:49:39,829 - INFO - Allocating UMIs for gene 500...
2024-07-20 22:49:39,878 - INFO - Allocating UMIs for gene 600...
2024-07-20 22:49:39,925 - INFO - Allocating UMIs for gene 700...
2024-07-20 22:49:39,972 - INFO - Allocating UMIs for gene 800...
2024-07-20 22:49:40,020 - INFO - Allocating UMIs for gene 900...
2024-07-20 22:49:40,069 - INFO - Allocating UMIs for gene 1000...
2024-07-20 22:49:40,117 - INFO - Allocating UMIs for gene 1100...
2024-07-20 22:49:40,166 - INFO - Allocating UMIs for gene 1200...
2024-07-20 22:49:40,213 - INFO - Allocating UMIs for gene 1300...
2024-07-20 22:49:40,261 - INFO - Allocating UMIs for gene 1400...
2024-07-20 22:49:40,309 - INFO - Allocating UMIs for gene 1500...
2024-07-20 22:49:40,358 - INFO - Allocating UMIs for gene 1600...
2024-07-20 22:49:40,407 - INFO - Allocating UMIs for gene 1700...
2024-07-20 22:49:40,455 - INFO - Allocating UMIs for gene 1800...
2024-07-20 22:49:40,503 - INFO - Allocating UMIs for gene 1900...
2024-07-20 22:49:40,558 - INFO - Allocating UMIs for gene 2000...
2024-07-20 22:49:40,611 - INFO - Allocating UMIs for gene 2100...
2024-07-20 22:49:40,673 - INFO - Allocating UMIs for gene 2200...
2024-07-20 22:49:40,765 - INFO - Allocating UMIs for gene 2300...
2024-07-20 22:49:40,813 - INFO - Allocating UMIs for gene 2400...
2024-07-20 22:49:40,860 - INFO - Allocating UMIs for gene 2500...
2024-07-20 22:49:40,907 - INFO - Allocating UMIs for gene 2600...
2024-07-20 22:49:40,954 - INFO - Allocating UMIs for gene 2700...
2024-07-20 22:49:41,002 - INFO - Allocating UMIs for gene 2800...
2024-07-20 22:49:41,049 - INFO - Allocating UMIs for gene 2900...
2024-07-20 22:49:41,109 - INFO - Allocating UMIs for gene 3000...
2024-07-20 22:49:41,178 - INFO - Allocating UMIs for gene 3100...
2024-07-20 22:49:41,267 - INFO - Allocating UMIs for gene 3200...
2024-07-20 22:49:41,318 - INFO - Allocating UMIs for gene 3300...
2024-07-20 22:49:41,367 - INFO - Allocating UMIs for gene 3400...
2024-07-20 22:49:41,416 - INFO - Allocating UMIs for gene 3500...
2024-07-20 22:49:41,464 - INFO - Allocating UMIs for gene 3600...
2024-07-20 22:49:41,514 - INFO - Allocating UMIs for gene 3700...
2024-07-20 22:49:41,562 - INFO - Allocating UMIs for gene 3800...
2024-07-20 22:49:41,610 - INFO - Allocating UMIs for gene 3900...
2024-07-20 22:49:41,658 - INFO - Allocating UMIs for gene 4000...
2024-07-20 22:49:41,708 - INFO - Allocating UMIs for gene 4100...
2024-07-20 22:49:41,757 - INFO - Allocating UMIs for gene 4200...
2024-07-20 22:49:41,805 - INFO - Allocating UMIs for gene 4300...
2024-07-20 22:49:41,863 - INFO - Allocating UMIs for gene 4400...
2024-07-20 22:49:42,041 - INFO - Allocating UMIs for gene 4500...
2024-07-20 22:49:42,091 - INFO - Allocating UMIs for gene 4600...
2024-07-20 22:49:42,141 - INFO - Allocating UMIs for gene 4700...
2024-07-20 22:49:42,191 - INFO - Allocating UMIs for gene 4800...
2024-07-20 22:49:42,240 - INFO - Allocating UMIs for gene 4900...
2024-07-20 22:49:42,290 - INFO - Allocating UMIs for gene 5000...
2024-07-20 22:49:42,339 - INFO - Allocating UMIs for gene 5100...
2024-07-20 22:49:42,398 - INFO - Allocating UMIs for gene 5200...
2024-07-20 22:49:42,471 - INFO - Allocating UMIs for gene 5300...
2024-07-20 22:49:42,563 - INFO - Allocating UMIs for gene 5400...
2024-07-20 22:49:42,613 - INFO - Allocating UMIs for gene 5500...
2024-07-20 22:49:42,662 - INFO - Allocating UMIs for gene 5600...
2024-07-20 22:49:42,712 - INFO - Allocating UMIs for gene 5700...
2024-07-20 22:49:42,768 - INFO - Allocating UMIs for gene 5800...
2024-07-20 22:49:42,929 - INFO - Allocating UMIs for gene 5900...
2024-07-20 22:49:42,985 - INFO - UMI allocation complete.
2024-07-20 22:49:42,985 - INFO - Counting overall UMI occurrences...
2024-07-20 22:49:42,995 - INFO - Counting inter-gene collisions...
2024-07-20 22:49:43,005 - INFO - Total UMIs generated: 4096
2024-07-20 22:49:43,006 - INFO - Total UMIs allocated: 36210
2024-07-20 22:49:43,006 - INFO - Number of unique UMIs assigned to genes: 4096
2024-07-20 22:49:43,006 - INFO - Inter-gene collisions: 32084
2024-07-20 22:49:43,006 - INFO - Inter-gene collision rate: 0.88605
2024-07-20 22:49:43,006 - INFO - Writing gene UMI counts to file...
2024-07-20 22:49:43,028 - INFO - Writing UMI inter-gene collisions to file...
2024-07-20 22:49:43,032 - INFO - Simulation complete.
