2024-07-20 22:50:07,544 - INFO - Simulation Script Version: 0.0.1
2024-07-20 22:50:07,547 - INFO - Simulation Parameters:
2024-07-20 22:50:07,547 - INFO - Length of UMI: 6
2024-07-20 22:50:07,547 - INFO - Number of genes: 6000
2024-07-20 22:50:07,547 - INFO - Parameters file: None
2024-07-20 22:50:07,547 - INFO - Mean (mu): 6.0
2024-07-20 22:50:07,547 - INFO - Dispersion (theta): 6.0
2024-07-20 22:50:07,547 - INFO - Use Poisson distribution: False
2024-07-20 22:50:07,547 - INFO - Gene UMI counts file: gene_6000_umi6_counts_rep10.txt
2024-07-20 22:50:07,547 - INFO - UMI collisions file: umi6_6000_collisions_rep10.txt
2024-07-20 22:50:07,547 - INFO - Seed: None
2024-07-20 22:50:07,547 - INFO - Log file: umi6_6000_rep10.log
2024-07-20 22:50:07,547 - INFO - No seed specified. Generated random seed: 2737715284
2024-07-20 22:50:07,547 - INFO - Generating all possible UMIs...
2024-07-20 22:50:07,548 - INFO - Total possible UMIs generated: 4096
2024-07-20 22:50:07,548 - INFO - Loading parameters...
2024-07-20 22:50:07,548 - INFO - Sampling read depths for each gene...
2024-07-20 22:50:07,825 - INFO - Read depths sampling complete.
2024-07-20 22:50:07,826 - INFO - Allocating UMIs based on sampled read depths...
2024-07-20 22:50:07,826 - INFO - Allocating UMIs for gene 0...
2024-07-20 22:50:07,873 - INFO - Allocating UMIs for gene 100...
2024-07-20 22:50:07,922 - INFO - Allocating UMIs for gene 200...
2024-07-20 22:50:07,971 - INFO - Allocating UMIs for gene 300...
2024-07-20 22:50:08,020 - INFO - Allocating UMIs for gene 400...
2024-07-20 22:50:08,069 - INFO - Allocating UMIs for gene 500...
2024-07-20 22:50:08,118 - INFO - Allocating UMIs for gene 600...
2024-07-20 22:50:08,167 - INFO - Allocating UMIs for gene 700...
2024-07-20 22:50:08,215 - INFO - Allocating UMIs for gene 800...
2024-07-20 22:50:08,264 - INFO - Allocating UMIs for gene 900...
2024-07-20 22:50:08,313 - INFO - Allocating UMIs for gene 1000...
2024-07-20 22:50:08,362 - INFO - Allocating UMIs for gene 1100...
2024-07-20 22:50:08,411 - INFO - Allocating UMIs for gene 1200...
2024-07-20 22:50:08,460 - INFO - Allocating UMIs for gene 1300...
2024-07-20 22:50:08,508 - INFO - Allocating UMIs for gene 1400...
2024-07-20 22:50:08,556 - INFO - Allocating UMIs for gene 1500...
2024-07-20 22:50:08,604 - INFO - Allocating UMIs for gene 1600...
2024-07-20 22:50:08,652 - INFO - Allocating UMIs for gene 1700...
2024-07-20 22:50:08,701 - INFO - Allocating UMIs for gene 1800...
2024-07-20 22:50:08,750 - INFO - Allocating UMIs for gene 1900...
2024-07-20 22:50:08,798 - INFO - Allocating UMIs for gene 2000...
2024-07-20 22:50:08,846 - INFO - Allocating UMIs for gene 2100...
2024-07-20 22:50:08,894 - INFO - Allocating UMIs for gene 2200...
2024-07-20 22:50:08,942 - INFO - Allocating UMIs for gene 2300...
2024-07-20 22:50:08,992 - INFO - Allocating UMIs for gene 2400...
2024-07-20 22:50:09,041 - INFO - Allocating UMIs for gene 2500...
2024-07-20 22:50:09,090 - INFO - Allocating UMIs for gene 2600...
2024-07-20 22:50:09,139 - INFO - Allocating UMIs for gene 2700...
2024-07-20 22:50:09,187 - INFO - Allocating UMIs for gene 2800...
2024-07-20 22:50:09,236 - INFO - Allocating UMIs for gene 2900...
2024-07-20 22:50:09,285 - INFO - Allocating UMIs for gene 3000...
2024-07-20 22:50:09,333 - INFO - Allocating UMIs for gene 3100...
2024-07-20 22:50:09,381 - INFO - Allocating UMIs for gene 3200...
2024-07-20 22:50:09,430 - INFO - Allocating UMIs for gene 3300...
2024-07-20 22:50:09,479 - INFO - Allocating UMIs for gene 3400...
2024-07-20 22:50:09,528 - INFO - Allocating UMIs for gene 3500...
2024-07-20 22:50:09,576 - INFO - Allocating UMIs for gene 3600...
2024-07-20 22:50:09,626 - INFO - Allocating UMIs for gene 3700...
2024-07-20 22:50:09,674 - INFO - Allocating UMIs for gene 3800...
2024-07-20 22:50:09,722 - INFO - Allocating UMIs for gene 3900...
2024-07-20 22:50:09,772 - INFO - Allocating UMIs for gene 4000...
2024-07-20 22:50:09,821 - INFO - Allocating UMIs for gene 4100...
2024-07-20 22:50:09,871 - INFO - Allocating UMIs for gene 4200...
2024-07-20 22:50:09,919 - INFO - Allocating UMIs for gene 4300...
2024-07-20 22:50:09,968 - INFO - Allocating UMIs for gene 4400...
2024-07-20 22:50:10,016 - INFO - Allocating UMIs for gene 4500...
2024-07-20 22:50:10,065 - INFO - Allocating UMIs for gene 4600...
2024-07-20 22:50:10,114 - INFO - Allocating UMIs for gene 4700...
2024-07-20 22:50:10,163 - INFO - Allocating UMIs for gene 4800...
2024-07-20 22:50:10,212 - INFO - Allocating UMIs for gene 4900...
2024-07-20 22:50:10,261 - INFO - Allocating UMIs for gene 5000...
2024-07-20 22:50:10,307 - INFO - Allocating UMIs for gene 5100...
2024-07-20 22:50:10,361 - INFO - Allocating UMIs for gene 5200...
2024-07-20 22:50:10,415 - INFO - Allocating UMIs for gene 5300...
2024-07-20 22:50:10,478 - INFO - Allocating UMIs for gene 5400...
2024-07-20 22:50:10,565 - INFO - Allocating UMIs for gene 5500...
2024-07-20 22:50:10,614 - INFO - Allocating UMIs for gene 5600...
2024-07-20 22:50:10,664 - INFO - Allocating UMIs for gene 5700...
2024-07-20 22:50:10,712 - INFO - Allocating UMIs for gene 5800...
2024-07-20 22:50:10,762 - INFO - Allocating UMIs for gene 5900...
2024-07-20 22:50:10,810 - INFO - UMI allocation complete.
2024-07-20 22:50:10,810 - INFO - Counting overall UMI occurrences...
2024-07-20 22:50:10,819 - INFO - Counting inter-gene collisions...
2024-07-20 22:50:10,827 - INFO - Total UMIs generated: 4096
2024-07-20 22:50:10,827 - INFO - Total UMIs allocated: 36260
2024-07-20 22:50:10,827 - INFO - Number of unique UMIs assigned to genes: 4095
2024-07-20 22:50:10,827 - INFO - Inter-gene collisions: 32127
2024-07-20 22:50:10,827 - INFO - Inter-gene collision rate: 0.88602
2024-07-20 22:50:10,827 - INFO - Writing gene UMI counts to file...
2024-07-20 22:50:10,831 - INFO - Writing UMI inter-gene collisions to file...
2024-07-20 22:50:10,835 - INFO - Simulation complete.
