2024-07-20 22:58:11,287 - INFO - Simulation Script Version: 0.0.1
2024-07-20 22:58:11,290 - INFO - Simulation Parameters:
2024-07-20 22:58:11,290 - INFO - Length of UMI: 8
2024-07-20 22:58:11,290 - INFO - Number of genes: 8000
2024-07-20 22:58:11,290 - INFO - Parameters file: None
2024-07-20 22:58:11,290 - INFO - Mean (mu): 6.0
2024-07-20 22:58:11,290 - INFO - Dispersion (theta): 6.0
2024-07-20 22:58:11,290 - INFO - Use Poisson distribution: False
2024-07-20 22:58:11,290 - INFO - Gene UMI counts file: gene_8000_umi8_counts_rep8.txt
2024-07-20 22:58:11,290 - INFO - UMI collisions file: umi8_8000_collisions_rep8.txt
2024-07-20 22:58:11,290 - INFO - Seed: None
2024-07-20 22:58:11,290 - INFO - Log file: umi8_8000_rep8.log
2024-07-20 22:58:11,290 - INFO - No seed specified. Generated random seed: 1454473074
2024-07-20 22:58:11,290 - INFO - Generating all possible UMIs...
2024-07-20 22:58:11,300 - INFO - Total possible UMIs generated: 65536
2024-07-20 22:58:11,300 - INFO - Loading parameters...
2024-07-20 22:58:11,300 - INFO - Sampling read depths for each gene...
2024-07-20 22:58:11,601 - INFO - Read depths sampling complete.
2024-07-20 22:58:11,602 - INFO - Allocating UMIs based on sampled read depths...
2024-07-20 22:58:11,602 - INFO - Allocating UMIs for gene 0...
2024-07-20 22:58:12,361 - INFO - Allocating UMIs for gene 100...
2024-07-20 22:58:13,134 - INFO - Allocating UMIs for gene 200...
2024-07-20 22:58:13,924 - INFO - Allocating UMIs for gene 300...
2024-07-20 22:58:14,718 - INFO - Allocating UMIs for gene 400...
2024-07-20 22:58:15,508 - INFO - Allocating UMIs for gene 500...
2024-07-20 22:58:16,292 - INFO - Allocating UMIs for gene 600...
2024-07-20 22:58:17,053 - INFO - Allocating UMIs for gene 700...
2024-07-20 22:58:17,826 - INFO - Allocating UMIs for gene 800...
2024-07-20 22:58:18,614 - INFO - Allocating UMIs for gene 900...
2024-07-20 22:58:19,411 - INFO - Allocating UMIs for gene 1000...
2024-07-20 22:58:20,188 - INFO - Allocating UMIs for gene 1100...
2024-07-20 22:58:20,959 - INFO - Allocating UMIs for gene 1200...
2024-07-20 22:58:21,730 - INFO - Allocating UMIs for gene 1300...
2024-07-20 22:58:22,509 - INFO - Allocating UMIs for gene 1400...
2024-07-20 22:58:23,293 - INFO - Allocating UMIs for gene 1500...
2024-07-20 22:58:24,072 - INFO - Allocating UMIs for gene 1600...
2024-07-20 22:58:24,845 - INFO - Allocating UMIs for gene 1700...
2024-07-20 22:58:25,644 - INFO - Allocating UMIs for gene 1800...
2024-07-20 22:58:26,432 - INFO - Allocating UMIs for gene 1900...
2024-07-20 22:58:27,231 - INFO - Allocating UMIs for gene 2000...
2024-07-20 22:58:28,003 - INFO - Allocating UMIs for gene 2100...
2024-07-20 22:58:28,797 - INFO - Allocating UMIs for gene 2200...
2024-07-20 22:58:29,612 - INFO - Allocating UMIs for gene 2300...
2024-07-20 22:58:30,369 - INFO - Allocating UMIs for gene 2400...
2024-07-20 22:58:31,139 - INFO - Allocating UMIs for gene 2500...
2024-07-20 22:58:31,929 - INFO - Allocating UMIs for gene 2600...
2024-07-20 22:58:32,725 - INFO - Allocating UMIs for gene 2700...
2024-07-20 22:58:33,488 - INFO - Allocating UMIs for gene 2800...
2024-07-20 22:58:34,283 - INFO - Allocating UMIs for gene 2900...
2024-07-20 22:58:35,065 - INFO - Allocating UMIs for gene 3000...
2024-07-20 22:58:35,836 - INFO - Allocating UMIs for gene 3100...
2024-07-20 22:58:36,623 - INFO - Allocating UMIs for gene 3200...
2024-07-20 22:58:37,400 - INFO - Allocating UMIs for gene 3300...
2024-07-20 22:58:38,198 - INFO - Allocating UMIs for gene 3400...
2024-07-20 22:58:38,984 - INFO - Allocating UMIs for gene 3500...
2024-07-20 22:58:39,767 - INFO - Allocating UMIs for gene 3600...
2024-07-20 22:58:40,574 - INFO - Allocating UMIs for gene 3700...
2024-07-20 22:58:41,360 - INFO - Allocating UMIs for gene 3800...
2024-07-20 22:58:42,136 - INFO - Allocating UMIs for gene 3900...
2024-07-20 22:58:42,901 - INFO - Allocating UMIs for gene 4000...
2024-07-20 22:58:43,681 - INFO - Allocating UMIs for gene 4100...
2024-07-20 22:58:44,649 - INFO - Allocating UMIs for gene 4200...
2024-07-20 22:58:45,550 - INFO - Allocating UMIs for gene 4300...
2024-07-20 22:58:46,330 - INFO - Allocating UMIs for gene 4400...
2024-07-20 22:58:47,110 - INFO - Allocating UMIs for gene 4500...
2024-07-20 22:58:47,889 - INFO - Allocating UMIs for gene 4600...
2024-07-20 22:58:48,663 - INFO - Allocating UMIs for gene 4700...
2024-07-20 22:58:49,450 - INFO - Allocating UMIs for gene 4800...
2024-07-20 22:58:50,236 - INFO - Allocating UMIs for gene 4900...
2024-07-20 22:58:51,007 - INFO - Allocating UMIs for gene 5000...
2024-07-20 22:58:51,747 - INFO - Allocating UMIs for gene 5100...
2024-07-20 22:58:52,772 - INFO - Allocating UMIs for gene 5200...
2024-07-20 22:58:53,546 - INFO - Allocating UMIs for gene 5300...
2024-07-20 22:58:54,334 - INFO - Allocating UMIs for gene 5400...
2024-07-20 22:58:55,126 - INFO - Allocating UMIs for gene 5500...
2024-07-20 22:58:55,907 - INFO - Allocating UMIs for gene 5600...
2024-07-20 22:58:56,693 - INFO - Allocating UMIs for gene 5700...
2024-07-20 22:58:57,485 - INFO - Allocating UMIs for gene 5800...
2024-07-20 22:58:58,303 - INFO - Allocating UMIs for gene 5900...
2024-07-20 22:58:59,112 - INFO - Allocating UMIs for gene 6000...
2024-07-20 22:58:59,898 - INFO - Allocating UMIs for gene 6100...
2024-07-20 22:59:00,659 - INFO - Allocating UMIs for gene 6200...
2024-07-20 22:59:01,440 - INFO - Allocating UMIs for gene 6300...
2024-07-20 22:59:02,222 - INFO - Allocating UMIs for gene 6400...
2024-07-20 22:59:03,011 - INFO - Allocating UMIs for gene 6500...
2024-07-20 22:59:03,790 - INFO - Allocating UMIs for gene 6600...
2024-07-20 22:59:04,570 - INFO - Allocating UMIs for gene 6700...
2024-07-20 22:59:05,351 - INFO - Allocating UMIs for gene 6800...
2024-07-20 22:59:06,131 - INFO - Allocating UMIs for gene 6900...
2024-07-20 22:59:06,897 - INFO - Allocating UMIs for gene 7000...
2024-07-20 22:59:07,677 - INFO - Allocating UMIs for gene 7100...
2024-07-20 22:59:08,457 - INFO - Allocating UMIs for gene 7200...
2024-07-20 22:59:09,240 - INFO - Allocating UMIs for gene 7300...
2024-07-20 22:59:10,022 - INFO - Allocating UMIs for gene 7400...
2024-07-20 22:59:10,784 - INFO - Allocating UMIs for gene 7500...
2024-07-20 22:59:11,572 - INFO - Allocating UMIs for gene 7600...
2024-07-20 22:59:12,347 - INFO - Allocating UMIs for gene 7700...
2024-07-20 22:59:13,129 - INFO - Allocating UMIs for gene 7800...
2024-07-20 22:59:13,901 - INFO - Allocating UMIs for gene 7900...
2024-07-20 22:59:14,681 - INFO - UMI allocation complete.
2024-07-20 22:59:14,681 - INFO - Counting overall UMI occurrences...
2024-07-20 22:59:14,692 - INFO - Counting inter-gene collisions...
2024-07-20 22:59:14,766 - INFO - Total UMIs generated: 65536
2024-07-20 22:59:14,766 - INFO - Total UMIs allocated: 47776
2024-07-20 22:59:14,766 - INFO - Number of unique UMIs assigned to genes: 34008
2024-07-20 22:59:14,766 - INFO - Inter-gene collisions: 13766
2024-07-20 22:59:14,766 - INFO - Inter-gene collision rate: 0.28814
2024-07-20 22:59:14,766 - INFO - Writing gene UMI counts to file...
2024-07-20 22:59:14,773 - INFO - Writing UMI inter-gene collisions to file...
2024-07-20 22:59:14,781 - INFO - Simulation complete.
