2024-07-20 23:00:20,553 - INFO - Simulation Script Version: 0.0.1
2024-07-20 23:00:20,555 - INFO - Simulation Parameters:
2024-07-20 23:00:20,555 - INFO - Length of UMI: 8
2024-07-20 23:00:20,555 - INFO - Number of genes: 8000
2024-07-20 23:00:20,555 - INFO - Parameters file: None
2024-07-20 23:00:20,555 - INFO - Mean (mu): 6.0
2024-07-20 23:00:20,555 - INFO - Dispersion (theta): 6.0
2024-07-20 23:00:20,555 - INFO - Use Poisson distribution: False
2024-07-20 23:00:20,555 - INFO - Gene UMI counts file: gene_8000_umi8_counts_rep10.txt
2024-07-20 23:00:20,555 - INFO - UMI collisions file: umi8_8000_collisions_rep10.txt
2024-07-20 23:00:20,555 - INFO - Seed: None
2024-07-20 23:00:20,555 - INFO - Log file: umi8_8000_rep10.log
2024-07-20 23:00:20,555 - INFO - No seed specified. Generated random seed: 470753547
2024-07-20 23:00:20,555 - INFO - Generating all possible UMIs...
2024-07-20 23:00:20,565 - INFO - Total possible UMIs generated: 65536
2024-07-20 23:00:20,565 - INFO - Loading parameters...
2024-07-20 23:00:20,565 - INFO - Sampling read depths for each gene...
2024-07-20 23:00:20,872 - INFO - Read depths sampling complete.
2024-07-20 23:00:20,873 - INFO - Allocating UMIs based on sampled read depths...
2024-07-20 23:00:20,873 - INFO - Allocating UMIs for gene 0...
2024-07-20 23:00:21,720 - INFO - Allocating UMIs for gene 100...
2024-07-20 23:00:22,567 - INFO - Allocating UMIs for gene 200...
2024-07-20 23:00:23,335 - INFO - Allocating UMIs for gene 300...
2024-07-20 23:00:24,125 - INFO - Allocating UMIs for gene 400...
2024-07-20 23:00:24,901 - INFO - Allocating UMIs for gene 500...
2024-07-20 23:00:25,694 - INFO - Allocating UMIs for gene 600...
2024-07-20 23:00:26,469 - INFO - Allocating UMIs for gene 700...
2024-07-20 23:00:27,260 - INFO - Allocating UMIs for gene 800...
2024-07-20 23:00:28,026 - INFO - Allocating UMIs for gene 900...
2024-07-20 23:00:28,793 - INFO - Allocating UMIs for gene 1000...
2024-07-20 23:00:29,582 - INFO - Allocating UMIs for gene 1100...
2024-07-20 23:00:30,372 - INFO - Allocating UMIs for gene 1200...
2024-07-20 23:00:31,164 - INFO - Allocating UMIs for gene 1300...
2024-07-20 23:00:31,947 - INFO - Allocating UMIs for gene 1400...
2024-07-20 23:00:32,721 - INFO - Allocating UMIs for gene 1500...
2024-07-20 23:00:33,503 - INFO - Allocating UMIs for gene 1600...
2024-07-20 23:00:34,279 - INFO - Allocating UMIs for gene 1700...
2024-07-20 23:00:35,066 - INFO - Allocating UMIs for gene 1800...
2024-07-20 23:00:35,855 - INFO - Allocating UMIs for gene 1900...
2024-07-20 23:00:36,610 - INFO - Allocating UMIs for gene 2000...
2024-07-20 23:00:37,393 - INFO - Allocating UMIs for gene 2100...
2024-07-20 23:00:38,160 - INFO - Allocating UMIs for gene 2200...
2024-07-20 23:00:38,942 - INFO - Allocating UMIs for gene 2300...
2024-07-20 23:00:39,722 - INFO - Allocating UMIs for gene 2400...
2024-07-20 23:00:40,504 - INFO - Allocating UMIs for gene 2500...
2024-07-20 23:00:41,284 - INFO - Allocating UMIs for gene 2600...
2024-07-20 23:00:42,050 - INFO - Allocating UMIs for gene 2700...
2024-07-20 23:00:42,812 - INFO - Allocating UMIs for gene 2800...
2024-07-20 23:00:43,585 - INFO - Allocating UMIs for gene 2900...
2024-07-20 23:00:44,357 - INFO - Allocating UMIs for gene 3000...
2024-07-20 23:00:45,147 - INFO - Allocating UMIs for gene 3100...
2024-07-20 23:00:45,924 - INFO - Allocating UMIs for gene 3200...
2024-07-20 23:00:46,706 - INFO - Allocating UMIs for gene 3300...
2024-07-20 23:00:47,485 - INFO - Allocating UMIs for gene 3400...
2024-07-20 23:00:48,256 - INFO - Allocating UMIs for gene 3500...
2024-07-20 23:00:49,037 - INFO - Allocating UMIs for gene 3600...
2024-07-20 23:00:49,801 - INFO - Allocating UMIs for gene 3700...
2024-07-20 23:00:50,564 - INFO - Allocating UMIs for gene 3800...
2024-07-20 23:00:51,349 - INFO - Allocating UMIs for gene 3900...
2024-07-20 23:00:52,113 - INFO - Allocating UMIs for gene 4000...
2024-07-20 23:00:52,894 - INFO - Allocating UMIs for gene 4100...
2024-07-20 23:00:53,671 - INFO - Allocating UMIs for gene 4200...
2024-07-20 23:00:54,435 - INFO - Allocating UMIs for gene 4300...
2024-07-20 23:00:55,217 - INFO - Allocating UMIs for gene 4400...
2024-07-20 23:00:55,983 - INFO - Allocating UMIs for gene 4500...
2024-07-20 23:00:56,774 - INFO - Allocating UMIs for gene 4600...
2024-07-20 23:00:57,549 - INFO - Allocating UMIs for gene 4700...
2024-07-20 23:00:58,339 - INFO - Allocating UMIs for gene 4800...
2024-07-20 23:00:59,120 - INFO - Allocating UMIs for gene 4900...
2024-07-20 23:00:59,958 - INFO - Allocating UMIs for gene 5000...
2024-07-20 23:01:00,804 - INFO - Allocating UMIs for gene 5100...
2024-07-20 23:01:01,588 - INFO - Allocating UMIs for gene 5200...
2024-07-20 23:01:02,364 - INFO - Allocating UMIs for gene 5300...
2024-07-20 23:01:03,159 - INFO - Allocating UMIs for gene 5400...
2024-07-20 23:01:03,931 - INFO - Allocating UMIs for gene 5500...
2024-07-20 23:01:04,701 - INFO - Allocating UMIs for gene 5600...
2024-07-20 23:01:05,497 - INFO - Allocating UMIs for gene 5700...
2024-07-20 23:01:06,277 - INFO - Allocating UMIs for gene 5800...
2024-07-20 23:01:07,046 - INFO - Allocating UMIs for gene 5900...
2024-07-20 23:01:07,824 - INFO - Allocating UMIs for gene 6000...
2024-07-20 23:01:08,614 - INFO - Allocating UMIs for gene 6100...
2024-07-20 23:01:09,391 - INFO - Allocating UMIs for gene 6200...
2024-07-20 23:01:10,178 - INFO - Allocating UMIs for gene 6300...
2024-07-20 23:01:10,959 - INFO - Allocating UMIs for gene 6400...
2024-07-20 23:01:11,742 - INFO - Allocating UMIs for gene 6500...
2024-07-20 23:01:12,521 - INFO - Allocating UMIs for gene 6600...
2024-07-20 23:01:13,307 - INFO - Allocating UMIs for gene 6700...
2024-07-20 23:01:14,082 - INFO - Allocating UMIs for gene 6800...
2024-07-20 23:01:14,876 - INFO - Allocating UMIs for gene 6900...
2024-07-20 23:01:15,646 - INFO - Allocating UMIs for gene 7000...
2024-07-20 23:01:16,433 - INFO - Allocating UMIs for gene 7100...
2024-07-20 23:01:17,213 - INFO - Allocating UMIs for gene 7200...
2024-07-20 23:01:17,987 - INFO - Allocating UMIs for gene 7300...
2024-07-20 23:01:18,760 - INFO - Allocating UMIs for gene 7400...
2024-07-20 23:01:19,554 - INFO - Allocating UMIs for gene 7500...
2024-07-20 23:01:20,347 - INFO - Allocating UMIs for gene 7600...
2024-07-20 23:01:21,133 - INFO - Allocating UMIs for gene 7700...
2024-07-20 23:01:21,928 - INFO - Allocating UMIs for gene 7800...
2024-07-20 23:01:22,722 - INFO - Allocating UMIs for gene 7900...
2024-07-20 23:01:23,515 - INFO - UMI allocation complete.
2024-07-20 23:01:23,515 - INFO - Counting overall UMI occurrences...
2024-07-20 23:01:23,525 - INFO - Counting inter-gene collisions...
2024-07-20 23:01:23,600 - INFO - Total UMIs generated: 65536
2024-07-20 23:01:23,600 - INFO - Total UMIs allocated: 47821
2024-07-20 23:01:23,600 - INFO - Number of unique UMIs assigned to genes: 33875
2024-07-20 23:01:23,600 - INFO - Inter-gene collisions: 13944
2024-07-20 23:01:23,601 - INFO - Inter-gene collision rate: 0.29159
2024-07-20 23:01:23,601 - INFO - Writing gene UMI counts to file...
2024-07-20 23:01:23,607 - INFO - Writing UMI inter-gene collisions to file...
2024-07-20 23:01:23,614 - INFO - Simulation complete.
