2024-07-20 22:59:15,856 - INFO - Simulation Script Version: 0.0.1
2024-07-20 22:59:15,858 - INFO - Simulation Parameters:
2024-07-20 22:59:15,858 - INFO - Length of UMI: 8
2024-07-20 22:59:15,858 - INFO - Number of genes: 8000
2024-07-20 22:59:15,858 - INFO - Parameters file: None
2024-07-20 22:59:15,858 - INFO - Mean (mu): 6.0
2024-07-20 22:59:15,858 - INFO - Dispersion (theta): 6.0
2024-07-20 22:59:15,858 - INFO - Use Poisson distribution: False
2024-07-20 22:59:15,858 - INFO - Gene UMI counts file: gene_8000_umi8_counts_rep9.txt
2024-07-20 22:59:15,858 - INFO - UMI collisions file: umi8_8000_collisions_rep9.txt
2024-07-20 22:59:15,858 - INFO - Seed: None
2024-07-20 22:59:15,858 - INFO - Log file: umi8_8000_rep9.log
2024-07-20 22:59:15,859 - INFO - No seed specified. Generated random seed: 888619902
2024-07-20 22:59:15,859 - INFO - Generating all possible UMIs...
2024-07-20 22:59:15,869 - INFO - Total possible UMIs generated: 65536
2024-07-20 22:59:15,869 - INFO - Loading parameters...
2024-07-20 22:59:15,869 - INFO - Sampling read depths for each gene...
2024-07-20 22:59:16,171 - INFO - Read depths sampling complete.
2024-07-20 22:59:16,171 - INFO - Allocating UMIs based on sampled read depths...
2024-07-20 22:59:16,171 - INFO - Allocating UMIs for gene 0...
2024-07-20 22:59:16,931 - INFO - Allocating UMIs for gene 100...
2024-07-20 22:59:17,714 - INFO - Allocating UMIs for gene 200...
2024-07-20 22:59:18,505 - INFO - Allocating UMIs for gene 300...
2024-07-20 22:59:19,297 - INFO - Allocating UMIs for gene 400...
2024-07-20 22:59:20,075 - INFO - Allocating UMIs for gene 500...
2024-07-20 22:59:20,865 - INFO - Allocating UMIs for gene 600...
2024-07-20 22:59:21,645 - INFO - Allocating UMIs for gene 700...
2024-07-20 22:59:22,418 - INFO - Allocating UMIs for gene 800...
2024-07-20 22:59:23,207 - INFO - Allocating UMIs for gene 900...
2024-07-20 22:59:23,990 - INFO - Allocating UMIs for gene 1000...
2024-07-20 22:59:24,770 - INFO - Allocating UMIs for gene 1100...
2024-07-20 22:59:25,544 - INFO - Allocating UMIs for gene 1200...
2024-07-20 22:59:26,333 - INFO - Allocating UMIs for gene 1300...
2024-07-20 22:59:27,096 - INFO - Allocating UMIs for gene 1400...
2024-07-20 22:59:27,868 - INFO - Allocating UMIs for gene 1500...
2024-07-20 22:59:28,633 - INFO - Allocating UMIs for gene 1600...
2024-07-20 22:59:29,416 - INFO - Allocating UMIs for gene 1700...
2024-07-20 22:59:30,199 - INFO - Allocating UMIs for gene 1800...
2024-07-20 22:59:30,989 - INFO - Allocating UMIs for gene 1900...
2024-07-20 22:59:31,767 - INFO - Allocating UMIs for gene 2000...
2024-07-20 22:59:32,557 - INFO - Allocating UMIs for gene 2100...
2024-07-20 22:59:33,336 - INFO - Allocating UMIs for gene 2200...
2024-07-20 22:59:34,125 - INFO - Allocating UMIs for gene 2300...
2024-07-20 22:59:34,905 - INFO - Allocating UMIs for gene 2400...
2024-07-20 22:59:35,698 - INFO - Allocating UMIs for gene 2500...
2024-07-20 22:59:36,486 - INFO - Allocating UMIs for gene 2600...
2024-07-20 22:59:37,253 - INFO - Allocating UMIs for gene 2700...
2024-07-20 22:59:38,041 - INFO - Allocating UMIs for gene 2800...
2024-07-20 22:59:38,823 - INFO - Allocating UMIs for gene 2900...
2024-07-20 22:59:39,596 - INFO - Allocating UMIs for gene 3000...
2024-07-20 22:59:40,363 - INFO - Allocating UMIs for gene 3100...
2024-07-20 22:59:41,136 - INFO - Allocating UMIs for gene 3200...
2024-07-20 22:59:41,910 - INFO - Allocating UMIs for gene 3300...
2024-07-20 22:59:42,690 - INFO - Allocating UMIs for gene 3400...
2024-07-20 22:59:43,477 - INFO - Allocating UMIs for gene 3500...
2024-07-20 22:59:44,257 - INFO - Allocating UMIs for gene 3600...
2024-07-20 22:59:45,037 - INFO - Allocating UMIs for gene 3700...
2024-07-20 22:59:45,800 - INFO - Allocating UMIs for gene 3800...
2024-07-20 22:59:46,590 - INFO - Allocating UMIs for gene 3900...
2024-07-20 22:59:47,379 - INFO - Allocating UMIs for gene 4000...
2024-07-20 22:59:48,159 - INFO - Allocating UMIs for gene 4100...
2024-07-20 22:59:49,015 - INFO - Allocating UMIs for gene 4200...
2024-07-20 22:59:49,941 - INFO - Allocating UMIs for gene 4300...
2024-07-20 22:59:50,696 - INFO - Allocating UMIs for gene 4400...
2024-07-20 22:59:51,462 - INFO - Allocating UMIs for gene 4500...
2024-07-20 22:59:52,218 - INFO - Allocating UMIs for gene 4600...
2024-07-20 22:59:52,982 - INFO - Allocating UMIs for gene 4700...
2024-07-20 22:59:53,768 - INFO - Allocating UMIs for gene 4800...
2024-07-20 22:59:54,539 - INFO - Allocating UMIs for gene 4900...
2024-07-20 22:59:55,330 - INFO - Allocating UMIs for gene 5000...
2024-07-20 22:59:56,289 - INFO - Allocating UMIs for gene 5100...
2024-07-20 22:59:57,072 - INFO - Allocating UMIs for gene 5200...
2024-07-20 22:59:57,851 - INFO - Allocating UMIs for gene 5300...
2024-07-20 22:59:58,641 - INFO - Allocating UMIs for gene 5400...
2024-07-20 22:59:59,431 - INFO - Allocating UMIs for gene 5500...
2024-07-20 23:00:00,238 - INFO - Allocating UMIs for gene 5600...
2024-07-20 23:00:01,032 - INFO - Allocating UMIs for gene 5700...
2024-07-20 23:00:01,798 - INFO - Allocating UMIs for gene 5800...
2024-07-20 23:00:02,578 - INFO - Allocating UMIs for gene 5900...
2024-07-20 23:00:03,332 - INFO - Allocating UMIs for gene 6000...
2024-07-20 23:00:04,125 - INFO - Allocating UMIs for gene 6100...
2024-07-20 23:00:04,906 - INFO - Allocating UMIs for gene 6200...
2024-07-20 23:00:05,831 - INFO - Allocating UMIs for gene 6300...
2024-07-20 23:00:06,594 - INFO - Allocating UMIs for gene 6400...
2024-07-20 23:00:07,365 - INFO - Allocating UMIs for gene 6500...
2024-07-20 23:00:08,137 - INFO - Allocating UMIs for gene 6600...
2024-07-20 23:00:08,909 - INFO - Allocating UMIs for gene 6700...
2024-07-20 23:00:09,690 - INFO - Allocating UMIs for gene 6800...
2024-07-20 23:00:10,461 - INFO - Allocating UMIs for gene 6900...
2024-07-20 23:00:11,244 - INFO - Allocating UMIs for gene 7000...
2024-07-20 23:00:12,016 - INFO - Allocating UMIs for gene 7100...
2024-07-20 23:00:12,795 - INFO - Allocating UMIs for gene 7200...
2024-07-20 23:00:13,582 - INFO - Allocating UMIs for gene 7300...
2024-07-20 23:00:14,371 - INFO - Allocating UMIs for gene 7400...
2024-07-20 23:00:15,469 - INFO - Allocating UMIs for gene 7500...
2024-07-20 23:00:16,306 - INFO - Allocating UMIs for gene 7600...
2024-07-20 23:00:17,079 - INFO - Allocating UMIs for gene 7700...
2024-07-20 23:00:17,868 - INFO - Allocating UMIs for gene 7800...
2024-07-20 23:00:18,640 - INFO - Allocating UMIs for gene 7900...
2024-07-20 23:00:19,411 - INFO - UMI allocation complete.
2024-07-20 23:00:19,411 - INFO - Counting overall UMI occurrences...
2024-07-20 23:00:19,422 - INFO - Counting inter-gene collisions...
2024-07-20 23:00:19,499 - INFO - Total UMIs generated: 65536
2024-07-20 23:00:19,499 - INFO - Total UMIs allocated: 47868
2024-07-20 23:00:19,499 - INFO - Number of unique UMIs assigned to genes: 34090
2024-07-20 23:00:19,499 - INFO - Inter-gene collisions: 13776
2024-07-20 23:00:19,499 - INFO - Inter-gene collision rate: 0.28779
2024-07-20 23:00:19,499 - INFO - Writing gene UMI counts to file...
2024-07-20 23:00:19,506 - INFO - Writing UMI inter-gene collisions to file...
2024-07-20 23:00:19,512 - INFO - Simulation complete.
