2024-07-20 22:54:56,159 - INFO - Simulation Script Version: 0.0.1
2024-07-20 22:54:56,167 - INFO - Simulation Parameters:
2024-07-20 22:54:56,167 - INFO - Length of UMI: 8
2024-07-20 22:54:56,167 - INFO - Number of genes: 8000
2024-07-20 22:54:56,167 - INFO - Parameters file: None
2024-07-20 22:54:56,167 - INFO - Mean (mu): 6.0
2024-07-20 22:54:56,167 - INFO - Dispersion (theta): 6.0
2024-07-20 22:54:56,167 - INFO - Use Poisson distribution: False
2024-07-20 22:54:56,167 - INFO - Gene UMI counts file: gene_8000_umi8_counts_rep5.txt
2024-07-20 22:54:56,167 - INFO - UMI collisions file: umi8_8000_collisions_rep5.txt
2024-07-20 22:54:56,167 - INFO - Seed: None
2024-07-20 22:54:56,167 - INFO - Log file: umi8_8000_rep5.log
2024-07-20 22:54:56,167 - INFO - No seed specified. Generated random seed: 2288712948
2024-07-20 22:54:56,168 - INFO - Generating all possible UMIs...
2024-07-20 22:54:56,178 - INFO - Total possible UMIs generated: 65536
2024-07-20 22:54:56,178 - INFO - Loading parameters...
2024-07-20 22:54:56,178 - INFO - Sampling read depths for each gene...
2024-07-20 22:54:56,482 - INFO - Read depths sampling complete.
2024-07-20 22:54:56,482 - INFO - Allocating UMIs based on sampled read depths...
2024-07-20 22:54:56,482 - INFO - Allocating UMIs for gene 0...
2024-07-20 22:54:57,288 - INFO - Allocating UMIs for gene 100...
2024-07-20 22:54:58,086 - INFO - Allocating UMIs for gene 200...
2024-07-20 22:54:58,879 - INFO - Allocating UMIs for gene 300...
2024-07-20 22:54:59,667 - INFO - Allocating UMIs for gene 400...
2024-07-20 22:55:00,451 - INFO - Allocating UMIs for gene 500...
2024-07-20 22:55:01,247 - INFO - Allocating UMIs for gene 600...
2024-07-20 22:55:02,040 - INFO - Allocating UMIs for gene 700...
2024-07-20 22:55:02,832 - INFO - Allocating UMIs for gene 800...
2024-07-20 22:55:03,624 - INFO - Allocating UMIs for gene 900...
2024-07-20 22:55:04,419 - INFO - Allocating UMIs for gene 1000...
2024-07-20 22:55:05,183 - INFO - Allocating UMIs for gene 1100...
2024-07-20 22:55:05,974 - INFO - Allocating UMIs for gene 1200...
2024-07-20 22:55:06,770 - INFO - Allocating UMIs for gene 1300...
2024-07-20 22:55:07,543 - INFO - Allocating UMIs for gene 1400...
2024-07-20 22:55:08,338 - INFO - Allocating UMIs for gene 1500...
2024-07-20 22:55:09,124 - INFO - Allocating UMIs for gene 1600...
2024-07-20 22:55:09,917 - INFO - Allocating UMIs for gene 1700...
2024-07-20 22:55:10,712 - INFO - Allocating UMIs for gene 1800...
2024-07-20 22:55:11,486 - INFO - Allocating UMIs for gene 1900...
2024-07-20 22:55:12,276 - INFO - Allocating UMIs for gene 2000...
2024-07-20 22:55:13,063 - INFO - Allocating UMIs for gene 2100...
2024-07-20 22:55:13,836 - INFO - Allocating UMIs for gene 2200...
2024-07-20 22:55:14,625 - INFO - Allocating UMIs for gene 2300...
2024-07-20 22:55:15,403 - INFO - Allocating UMIs for gene 2400...
2024-07-20 22:55:16,182 - INFO - Allocating UMIs for gene 2500...
2024-07-20 22:55:16,965 - INFO - Allocating UMIs for gene 2600...
2024-07-20 22:55:17,765 - INFO - Allocating UMIs for gene 2700...
2024-07-20 22:55:18,526 - INFO - Allocating UMIs for gene 2800...
2024-07-20 22:55:19,313 - INFO - Allocating UMIs for gene 2900...
2024-07-20 22:55:20,092 - INFO - Allocating UMIs for gene 3000...
2024-07-20 22:55:20,875 - INFO - Allocating UMIs for gene 3100...
2024-07-20 22:55:21,672 - INFO - Allocating UMIs for gene 3200...
2024-07-20 22:55:22,459 - INFO - Allocating UMIs for gene 3300...
2024-07-20 22:55:23,222 - INFO - Allocating UMIs for gene 3400...
2024-07-20 22:55:24,234 - INFO - Allocating UMIs for gene 3500...
2024-07-20 22:55:25,015 - INFO - Allocating UMIs for gene 3600...
2024-07-20 22:55:25,925 - INFO - Allocating UMIs for gene 3700...
2024-07-20 22:55:26,716 - INFO - Allocating UMIs for gene 3800...
2024-07-20 22:55:27,511 - INFO - Allocating UMIs for gene 3900...
2024-07-20 22:55:28,293 - INFO - Allocating UMIs for gene 4000...
2024-07-20 22:55:29,147 - INFO - Allocating UMIs for gene 4100...
2024-07-20 22:55:30,000 - INFO - Allocating UMIs for gene 4200...
2024-07-20 22:55:30,777 - INFO - Allocating UMIs for gene 4300...
2024-07-20 22:55:31,541 - INFO - Allocating UMIs for gene 4400...
2024-07-20 22:55:32,301 - INFO - Allocating UMIs for gene 4500...
2024-07-20 22:55:33,157 - INFO - Allocating UMIs for gene 4600...
2024-07-20 22:55:34,052 - INFO - Allocating UMIs for gene 4700...
2024-07-20 22:55:34,840 - INFO - Allocating UMIs for gene 4800...
2024-07-20 22:55:35,627 - INFO - Allocating UMIs for gene 4900...
2024-07-20 22:55:36,408 - INFO - Allocating UMIs for gene 5000...
2024-07-20 22:55:37,194 - INFO - Allocating UMIs for gene 5100...
2024-07-20 22:55:38,210 - INFO - Allocating UMIs for gene 5200...
2024-07-20 22:55:38,989 - INFO - Allocating UMIs for gene 5300...
2024-07-20 22:55:39,772 - INFO - Allocating UMIs for gene 5400...
2024-07-20 22:55:40,544 - INFO - Allocating UMIs for gene 5500...
2024-07-20 22:55:41,405 - INFO - Allocating UMIs for gene 5600...
2024-07-20 22:55:42,236 - INFO - Allocating UMIs for gene 5700...
2024-07-20 22:55:43,010 - INFO - Allocating UMIs for gene 5800...
2024-07-20 22:55:43,775 - INFO - Allocating UMIs for gene 5900...
2024-07-20 22:55:44,563 - INFO - Allocating UMIs for gene 6000...
2024-07-20 22:55:45,331 - INFO - Allocating UMIs for gene 6100...
2024-07-20 22:55:46,102 - INFO - Allocating UMIs for gene 6200...
2024-07-20 22:55:46,874 - INFO - Allocating UMIs for gene 6300...
2024-07-20 22:55:47,656 - INFO - Allocating UMIs for gene 6400...
2024-07-20 22:55:48,399 - INFO - Allocating UMIs for gene 6500...
2024-07-20 22:55:49,171 - INFO - Allocating UMIs for gene 6600...
2024-07-20 22:55:49,942 - INFO - Allocating UMIs for gene 6700...
2024-07-20 22:55:50,722 - INFO - Allocating UMIs for gene 6800...
2024-07-20 22:55:51,492 - INFO - Allocating UMIs for gene 6900...
2024-07-20 22:55:52,268 - INFO - Allocating UMIs for gene 7000...
2024-07-20 22:55:53,033 - INFO - Allocating UMIs for gene 7100...
2024-07-20 22:55:53,817 - INFO - Allocating UMIs for gene 7200...
2024-07-20 22:55:54,573 - INFO - Allocating UMIs for gene 7300...
2024-07-20 22:55:55,354 - INFO - Allocating UMIs for gene 7400...
2024-07-20 22:55:56,127 - INFO - Allocating UMIs for gene 7500...
2024-07-20 22:55:56,907 - INFO - Allocating UMIs for gene 7600...
2024-07-20 22:55:57,679 - INFO - Allocating UMIs for gene 7700...
2024-07-20 22:55:58,459 - INFO - Allocating UMIs for gene 7800...
2024-07-20 22:55:59,250 - INFO - Allocating UMIs for gene 7900...
2024-07-20 22:56:00,035 - INFO - UMI allocation complete.
2024-07-20 22:56:00,035 - INFO - Counting overall UMI occurrences...
2024-07-20 22:56:00,048 - INFO - Counting inter-gene collisions...
2024-07-20 22:56:00,131 - INFO - Total UMIs generated: 65536
2024-07-20 22:56:00,131 - INFO - Total UMIs allocated: 48045
2024-07-20 22:56:00,131 - INFO - Number of unique UMIs assigned to genes: 34093
2024-07-20 22:56:00,131 - INFO - Inter-gene collisions: 13951
2024-07-20 22:56:00,131 - INFO - Inter-gene collision rate: 0.29037
2024-07-20 22:56:00,131 - INFO - Writing gene UMI counts to file...
2024-07-20 22:56:00,136 - INFO - Writing UMI inter-gene collisions to file...
2024-07-20 22:56:00,142 - INFO - Simulation complete.
