2024-07-20 22:56:01,191 - INFO - Simulation Script Version: 0.0.1
2024-07-20 22:56:01,194 - INFO - Simulation Parameters:
2024-07-20 22:56:01,194 - INFO - Length of UMI: 8
2024-07-20 22:56:01,194 - INFO - Number of genes: 8000
2024-07-20 22:56:01,194 - INFO - Parameters file: None
2024-07-20 22:56:01,194 - INFO - Mean (mu): 6.0
2024-07-20 22:56:01,194 - INFO - Dispersion (theta): 6.0
2024-07-20 22:56:01,194 - INFO - Use Poisson distribution: False
2024-07-20 22:56:01,194 - INFO - Gene UMI counts file: gene_8000_umi8_counts_rep6.txt
2024-07-20 22:56:01,194 - INFO - UMI collisions file: umi8_8000_collisions_rep6.txt
2024-07-20 22:56:01,194 - INFO - Seed: None
2024-07-20 22:56:01,194 - INFO - Log file: umi8_8000_rep6.log
2024-07-20 22:56:01,194 - INFO - No seed specified. Generated random seed: 492801818
2024-07-20 22:56:01,194 - INFO - Generating all possible UMIs...
2024-07-20 22:56:01,204 - INFO - Total possible UMIs generated: 65536
2024-07-20 22:56:01,204 - INFO - Loading parameters...
2024-07-20 22:56:01,204 - INFO - Sampling read depths for each gene...
2024-07-20 22:56:01,508 - INFO - Read depths sampling complete.
2024-07-20 22:56:01,508 - INFO - Allocating UMIs based on sampled read depths...
2024-07-20 22:56:01,508 - INFO - Allocating UMIs for gene 0...
2024-07-20 22:56:02,440 - INFO - Allocating UMIs for gene 100...
2024-07-20 22:56:03,200 - INFO - Allocating UMIs for gene 200...
2024-07-20 22:56:03,986 - INFO - Allocating UMIs for gene 300...
2024-07-20 22:56:04,772 - INFO - Allocating UMIs for gene 400...
2024-07-20 22:56:05,545 - INFO - Allocating UMIs for gene 500...
2024-07-20 22:56:06,325 - INFO - Allocating UMIs for gene 600...
2024-07-20 22:56:07,115 - INFO - Allocating UMIs for gene 700...
2024-07-20 22:56:07,903 - INFO - Allocating UMIs for gene 800...
2024-07-20 22:56:08,676 - INFO - Allocating UMIs for gene 900...
2024-07-20 22:56:09,458 - INFO - Allocating UMIs for gene 1000...
2024-07-20 22:56:10,246 - INFO - Allocating UMIs for gene 1100...
2024-07-20 22:56:11,032 - INFO - Allocating UMIs for gene 1200...
2024-07-20 22:56:11,812 - INFO - Allocating UMIs for gene 1300...
2024-07-20 22:56:12,601 - INFO - Allocating UMIs for gene 1400...
2024-07-20 22:56:13,509 - INFO - Allocating UMIs for gene 1500...
2024-07-20 22:56:14,354 - INFO - Allocating UMIs for gene 1600...
2024-07-20 22:56:15,125 - INFO - Allocating UMIs for gene 1700...
2024-07-20 22:56:15,906 - INFO - Allocating UMIs for gene 1800...
2024-07-20 22:56:16,692 - INFO - Allocating UMIs for gene 1900...
2024-07-20 22:56:17,488 - INFO - Allocating UMIs for gene 2000...
2024-07-20 22:56:18,274 - INFO - Allocating UMIs for gene 2100...
2024-07-20 22:56:19,038 - INFO - Allocating UMIs for gene 2200...
2024-07-20 22:56:19,817 - INFO - Allocating UMIs for gene 2300...
2024-07-20 22:56:20,614 - INFO - Allocating UMIs for gene 2400...
2024-07-20 22:56:21,393 - INFO - Allocating UMIs for gene 2500...
2024-07-20 22:56:22,172 - INFO - Allocating UMIs for gene 2600...
2024-07-20 22:56:22,929 - INFO - Allocating UMIs for gene 2700...
2024-07-20 22:56:23,707 - INFO - Allocating UMIs for gene 2800...
2024-07-20 22:56:24,484 - INFO - Allocating UMIs for gene 2900...
2024-07-20 22:56:25,276 - INFO - Allocating UMIs for gene 3000...
2024-07-20 22:56:26,055 - INFO - Allocating UMIs for gene 3100...
2024-07-20 22:56:26,829 - INFO - Allocating UMIs for gene 3200...
2024-07-20 22:56:27,617 - INFO - Allocating UMIs for gene 3300...
2024-07-20 22:56:28,404 - INFO - Allocating UMIs for gene 3400...
2024-07-20 22:56:29,187 - INFO - Allocating UMIs for gene 3500...
2024-07-20 22:56:29,956 - INFO - Allocating UMIs for gene 3600...
2024-07-20 22:56:30,734 - INFO - Allocating UMIs for gene 3700...
2024-07-20 22:56:31,511 - INFO - Allocating UMIs for gene 3800...
2024-07-20 22:56:32,275 - INFO - Allocating UMIs for gene 3900...
2024-07-20 22:56:33,038 - INFO - Allocating UMIs for gene 4000...
2024-07-20 22:56:33,832 - INFO - Allocating UMIs for gene 4100...
2024-07-20 22:56:34,617 - INFO - Allocating UMIs for gene 4200...
2024-07-20 22:56:35,397 - INFO - Allocating UMIs for gene 4300...
2024-07-20 22:56:36,167 - INFO - Allocating UMIs for gene 4400...
2024-07-20 22:56:36,944 - INFO - Allocating UMIs for gene 4500...
2024-07-20 22:56:37,732 - INFO - Allocating UMIs for gene 4600...
2024-07-20 22:56:38,519 - INFO - Allocating UMIs for gene 4700...
2024-07-20 22:56:39,290 - INFO - Allocating UMIs for gene 4800...
2024-07-20 22:56:40,084 - INFO - Allocating UMIs for gene 4900...
2024-07-20 22:56:40,863 - INFO - Allocating UMIs for gene 5000...
2024-07-20 22:56:41,652 - INFO - Allocating UMIs for gene 5100...
2024-07-20 22:56:42,442 - INFO - Allocating UMIs for gene 5200...
2024-07-20 22:56:43,233 - INFO - Allocating UMIs for gene 5300...
2024-07-20 22:56:44,118 - INFO - Allocating UMIs for gene 5400...
2024-07-20 22:56:45,020 - INFO - Allocating UMIs for gene 5500...
2024-07-20 22:56:45,811 - INFO - Allocating UMIs for gene 5600...
2024-07-20 22:56:46,582 - INFO - Allocating UMIs for gene 5700...
2024-07-20 22:56:47,370 - INFO - Allocating UMIs for gene 5800...
2024-07-20 22:56:48,161 - INFO - Allocating UMIs for gene 5900...
2024-07-20 22:56:48,942 - INFO - Allocating UMIs for gene 6000...
2024-07-20 22:56:49,727 - INFO - Allocating UMIs for gene 6100...
2024-07-20 22:56:50,521 - INFO - Allocating UMIs for gene 6200...
2024-07-20 22:56:51,302 - INFO - Allocating UMIs for gene 6300...
2024-07-20 22:56:52,083 - INFO - Allocating UMIs for gene 6400...
2024-07-20 22:56:52,864 - INFO - Allocating UMIs for gene 6500...
2024-07-20 22:56:53,703 - INFO - Allocating UMIs for gene 6600...
2024-07-20 22:56:54,505 - INFO - Allocating UMIs for gene 6700...
2024-07-20 22:56:55,278 - INFO - Allocating UMIs for gene 6800...
2024-07-20 22:56:56,064 - INFO - Allocating UMIs for gene 6900...
2024-07-20 22:56:56,835 - INFO - Allocating UMIs for gene 7000...
2024-07-20 22:56:57,621 - INFO - Allocating UMIs for gene 7100...
2024-07-20 22:56:58,371 - INFO - Allocating UMIs for gene 7200...
2024-07-20 22:56:59,172 - INFO - Allocating UMIs for gene 7300...
2024-07-20 22:56:59,975 - INFO - Allocating UMIs for gene 7400...
2024-07-20 22:57:00,773 - INFO - Allocating UMIs for gene 7500...
2024-07-20 22:57:01,544 - INFO - Allocating UMIs for gene 7600...
2024-07-20 22:57:02,426 - INFO - Allocating UMIs for gene 7700...
2024-07-20 22:57:03,272 - INFO - Allocating UMIs for gene 7800...
2024-07-20 22:57:04,066 - INFO - Allocating UMIs for gene 7900...
2024-07-20 22:57:04,843 - INFO - UMI allocation complete.
2024-07-20 22:57:04,843 - INFO - Counting overall UMI occurrences...
2024-07-20 22:57:04,854 - INFO - Counting inter-gene collisions...
2024-07-20 22:57:04,930 - INFO - Total UMIs generated: 65536
2024-07-20 22:57:04,930 - INFO - Total UMIs allocated: 47913
2024-07-20 22:57:04,930 - INFO - Number of unique UMIs assigned to genes: 34061
2024-07-20 22:57:04,930 - INFO - Inter-gene collisions: 13848
2024-07-20 22:57:04,930 - INFO - Inter-gene collision rate: 0.28902
2024-07-20 22:57:04,930 - INFO - Writing gene UMI counts to file...
2024-07-20 22:57:04,937 - INFO - Writing UMI inter-gene collisions to file...
2024-07-20 22:57:04,945 - INFO - Simulation complete.
