2024-07-20 22:52:45,457 - INFO - Simulation Script Version: 0.0.1
2024-07-20 22:52:45,459 - INFO - Simulation Parameters:
2024-07-20 22:52:45,459 - INFO - Length of UMI: 8
2024-07-20 22:52:45,459 - INFO - Number of genes: 8000
2024-07-20 22:52:45,459 - INFO - Parameters file: None
2024-07-20 22:52:45,459 - INFO - Mean (mu): 6.0
2024-07-20 22:52:45,459 - INFO - Dispersion (theta): 6.0
2024-07-20 22:52:45,459 - INFO - Use Poisson distribution: False
2024-07-20 22:52:45,459 - INFO - Gene UMI counts file: gene_8000_umi8_counts_rep3.txt
2024-07-20 22:52:45,459 - INFO - UMI collisions file: umi8_8000_collisions_rep3.txt
2024-07-20 22:52:45,459 - INFO - Seed: None
2024-07-20 22:52:45,459 - INFO - Log file: umi8_8000_rep3.log
2024-07-20 22:52:45,459 - INFO - No seed specified. Generated random seed: 2142440663
2024-07-20 22:52:45,459 - INFO - Generating all possible UMIs...
2024-07-20 22:52:45,469 - INFO - Total possible UMIs generated: 65536
2024-07-20 22:52:45,469 - INFO - Loading parameters...
2024-07-20 22:52:45,469 - INFO - Sampling read depths for each gene...
2024-07-20 22:52:45,771 - INFO - Read depths sampling complete.
2024-07-20 22:52:45,771 - INFO - Allocating UMIs based on sampled read depths...
2024-07-20 22:52:45,771 - INFO - Allocating UMIs for gene 0...
2024-07-20 22:52:46,623 - INFO - Allocating UMIs for gene 100...
2024-07-20 22:52:47,470 - INFO - Allocating UMIs for gene 200...
2024-07-20 22:52:48,271 - INFO - Allocating UMIs for gene 300...
2024-07-20 22:52:49,070 - INFO - Allocating UMIs for gene 400...
2024-07-20 22:52:49,866 - INFO - Allocating UMIs for gene 500...
2024-07-20 22:52:50,644 - INFO - Allocating UMIs for gene 600...
2024-07-20 22:52:51,444 - INFO - Allocating UMIs for gene 700...
2024-07-20 22:52:52,226 - INFO - Allocating UMIs for gene 800...
2024-07-20 22:52:53,017 - INFO - Allocating UMIs for gene 900...
2024-07-20 22:52:53,804 - INFO - Allocating UMIs for gene 1000...
2024-07-20 22:52:54,590 - INFO - Allocating UMIs for gene 1100...
2024-07-20 22:52:55,381 - INFO - Allocating UMIs for gene 1200...
2024-07-20 22:52:56,176 - INFO - Allocating UMIs for gene 1300...
2024-07-20 22:52:56,976 - INFO - Allocating UMIs for gene 1400...
2024-07-20 22:52:57,776 - INFO - Allocating UMIs for gene 1500...
2024-07-20 22:52:58,549 - INFO - Allocating UMIs for gene 1600...
2024-07-20 22:52:59,367 - INFO - Allocating UMIs for gene 1700...
2024-07-20 22:53:00,359 - INFO - Allocating UMIs for gene 1800...
2024-07-20 22:53:01,153 - INFO - Allocating UMIs for gene 1900...
2024-07-20 22:53:01,935 - INFO - Allocating UMIs for gene 2000...
2024-07-20 22:53:02,719 - INFO - Allocating UMIs for gene 2100...
2024-07-20 22:53:03,569 - INFO - Allocating UMIs for gene 2200...
2024-07-20 22:53:04,488 - INFO - Allocating UMIs for gene 2300...
2024-07-20 22:53:05,274 - INFO - Allocating UMIs for gene 2400...
2024-07-20 22:53:06,056 - INFO - Allocating UMIs for gene 2500...
2024-07-20 22:53:06,831 - INFO - Allocating UMIs for gene 2600...
2024-07-20 22:53:07,614 - INFO - Allocating UMIs for gene 2700...
2024-07-20 22:53:08,380 - INFO - Allocating UMIs for gene 2800...
2024-07-20 22:53:09,162 - INFO - Allocating UMIs for gene 2900...
2024-07-20 22:53:09,947 - INFO - Allocating UMIs for gene 3000...
2024-07-20 22:53:10,714 - INFO - Allocating UMIs for gene 3100...
2024-07-20 22:53:11,483 - INFO - Allocating UMIs for gene 3200...
2024-07-20 22:53:12,258 - INFO - Allocating UMIs for gene 3300...
2024-07-20 22:53:13,041 - INFO - Allocating UMIs for gene 3400...
2024-07-20 22:53:13,815 - INFO - Allocating UMIs for gene 3500...
2024-07-20 22:53:14,605 - INFO - Allocating UMIs for gene 3600...
2024-07-20 22:53:15,390 - INFO - Allocating UMIs for gene 3700...
2024-07-20 22:53:16,301 - INFO - Allocating UMIs for gene 3800...
2024-07-20 22:53:17,141 - INFO - Allocating UMIs for gene 3900...
2024-07-20 22:53:17,925 - INFO - Allocating UMIs for gene 4000...
2024-07-20 22:53:18,804 - INFO - Allocating UMIs for gene 4100...
2024-07-20 22:53:19,646 - INFO - Allocating UMIs for gene 4200...
2024-07-20 22:53:20,401 - INFO - Allocating UMIs for gene 4300...
2024-07-20 22:53:21,328 - INFO - Allocating UMIs for gene 4400...
2024-07-20 22:53:22,162 - INFO - Allocating UMIs for gene 4500...
2024-07-20 22:53:23,215 - INFO - Allocating UMIs for gene 4600...
2024-07-20 22:53:23,979 - INFO - Allocating UMIs for gene 4700...
2024-07-20 22:53:24,742 - INFO - Allocating UMIs for gene 4800...
2024-07-20 22:53:25,527 - INFO - Allocating UMIs for gene 4900...
2024-07-20 22:53:26,297 - INFO - Allocating UMIs for gene 5000...
2024-07-20 22:53:27,077 - INFO - Allocating UMIs for gene 5100...
2024-07-20 22:53:27,850 - INFO - Allocating UMIs for gene 5200...
2024-07-20 22:53:28,643 - INFO - Allocating UMIs for gene 5300...
2024-07-20 22:53:29,416 - INFO - Allocating UMIs for gene 5400...
2024-07-20 22:53:30,200 - INFO - Allocating UMIs for gene 5500...
2024-07-20 22:53:30,968 - INFO - Allocating UMIs for gene 5600...
2024-07-20 22:53:31,754 - INFO - Allocating UMIs for gene 5700...
2024-07-20 22:53:32,535 - INFO - Allocating UMIs for gene 5800...
2024-07-20 22:53:33,306 - INFO - Allocating UMIs for gene 5900...
2024-07-20 22:53:34,098 - INFO - Allocating UMIs for gene 6000...
2024-07-20 22:53:34,881 - INFO - Allocating UMIs for gene 6100...
2024-07-20 22:53:35,661 - INFO - Allocating UMIs for gene 6200...
2024-07-20 22:53:36,449 - INFO - Allocating UMIs for gene 6300...
2024-07-20 22:53:37,226 - INFO - Allocating UMIs for gene 6400...
2024-07-20 22:53:38,015 - INFO - Allocating UMIs for gene 6500...
2024-07-20 22:53:38,801 - INFO - Allocating UMIs for gene 6600...
2024-07-20 22:53:39,591 - INFO - Allocating UMIs for gene 6700...
2024-07-20 22:53:40,370 - INFO - Allocating UMIs for gene 6800...
2024-07-20 22:53:41,142 - INFO - Allocating UMIs for gene 6900...
2024-07-20 22:53:41,912 - INFO - Allocating UMIs for gene 7000...
2024-07-20 22:53:42,676 - INFO - Allocating UMIs for gene 7100...
2024-07-20 22:53:43,464 - INFO - Allocating UMIs for gene 7200...
2024-07-20 22:53:44,229 - INFO - Allocating UMIs for gene 7300...
2024-07-20 22:53:45,011 - INFO - Allocating UMIs for gene 7400...
2024-07-20 22:53:45,795 - INFO - Allocating UMIs for gene 7500...
2024-07-20 22:53:46,559 - INFO - Allocating UMIs for gene 7600...
2024-07-20 22:53:47,340 - INFO - Allocating UMIs for gene 7700...
2024-07-20 22:53:48,290 - INFO - Allocating UMIs for gene 7800...
2024-07-20 22:53:49,233 - INFO - Allocating UMIs for gene 7900...
2024-07-20 22:53:50,004 - INFO - UMI allocation complete.
2024-07-20 22:53:50,004 - INFO - Counting overall UMI occurrences...
2024-07-20 22:53:50,015 - INFO - Counting inter-gene collisions...
2024-07-20 22:53:50,090 - INFO - Total UMIs generated: 65536
2024-07-20 22:53:50,090 - INFO - Total UMIs allocated: 47743
2024-07-20 22:53:50,090 - INFO - Number of unique UMIs assigned to genes: 33767
2024-07-20 22:53:50,090 - INFO - Inter-gene collisions: 13974
2024-07-20 22:53:50,090 - INFO - Inter-gene collision rate: 0.29269
2024-07-20 22:53:50,090 - INFO - Writing gene UMI counts to file...
2024-07-20 22:53:50,097 - INFO - Writing UMI inter-gene collisions to file...
2024-07-20 22:53:50,103 - INFO - Simulation complete.
