2024-07-20 22:53:51,153 - INFO - Simulation Script Version: 0.0.1
2024-07-20 22:53:51,156 - INFO - Simulation Parameters:
2024-07-20 22:53:51,156 - INFO - Length of UMI: 8
2024-07-20 22:53:51,156 - INFO - Number of genes: 8000
2024-07-20 22:53:51,156 - INFO - Parameters file: None
2024-07-20 22:53:51,156 - INFO - Mean (mu): 6.0
2024-07-20 22:53:51,156 - INFO - Dispersion (theta): 6.0
2024-07-20 22:53:51,156 - INFO - Use Poisson distribution: False
2024-07-20 22:53:51,156 - INFO - Gene UMI counts file: gene_8000_umi8_counts_rep4.txt
2024-07-20 22:53:51,156 - INFO - UMI collisions file: umi8_8000_collisions_rep4.txt
2024-07-20 22:53:51,156 - INFO - Seed: None
2024-07-20 22:53:51,156 - INFO - Log file: umi8_8000_rep4.log
2024-07-20 22:53:51,156 - INFO - No seed specified. Generated random seed: 2453824538
2024-07-20 22:53:51,156 - INFO - Generating all possible UMIs...
2024-07-20 22:53:51,166 - INFO - Total possible UMIs generated: 65536
2024-07-20 22:53:51,166 - INFO - Loading parameters...
2024-07-20 22:53:51,166 - INFO - Sampling read depths for each gene...
2024-07-20 22:53:51,488 - INFO - Read depths sampling complete.
2024-07-20 22:53:51,488 - INFO - Allocating UMIs based on sampled read depths...
2024-07-20 22:53:51,488 - INFO - Allocating UMIs for gene 0...
2024-07-20 22:53:52,403 - INFO - Allocating UMIs for gene 100...
2024-07-20 22:53:53,157 - INFO - Allocating UMIs for gene 200...
2024-07-20 22:53:53,938 - INFO - Allocating UMIs for gene 300...
2024-07-20 22:53:54,694 - INFO - Allocating UMIs for gene 400...
2024-07-20 22:53:55,462 - INFO - Allocating UMIs for gene 500...
2024-07-20 22:53:56,249 - INFO - Allocating UMIs for gene 600...
2024-07-20 22:53:57,012 - INFO - Allocating UMIs for gene 700...
2024-07-20 22:53:57,794 - INFO - Allocating UMIs for gene 800...
2024-07-20 22:53:58,582 - INFO - Allocating UMIs for gene 900...
2024-07-20 22:53:59,372 - INFO - Allocating UMIs for gene 1000...
2024-07-20 22:54:00,176 - INFO - Allocating UMIs for gene 1100...
2024-07-20 22:54:00,953 - INFO - Allocating UMIs for gene 1200...
2024-07-20 22:54:01,732 - INFO - Allocating UMIs for gene 1300...
2024-07-20 22:54:02,521 - INFO - Allocating UMIs for gene 1400...
2024-07-20 22:54:03,299 - INFO - Allocating UMIs for gene 1500...
2024-07-20 22:54:04,085 - INFO - Allocating UMIs for gene 1600...
2024-07-20 22:54:04,874 - INFO - Allocating UMIs for gene 1700...
2024-07-20 22:54:05,662 - INFO - Allocating UMIs for gene 1800...
2024-07-20 22:54:06,440 - INFO - Allocating UMIs for gene 1900...
2024-07-20 22:54:07,210 - INFO - Allocating UMIs for gene 2000...
2024-07-20 22:54:07,997 - INFO - Allocating UMIs for gene 2100...
2024-07-20 22:54:08,776 - INFO - Allocating UMIs for gene 2200...
2024-07-20 22:54:09,551 - INFO - Allocating UMIs for gene 2300...
2024-07-20 22:54:10,314 - INFO - Allocating UMIs for gene 2400...
2024-07-20 22:54:11,080 - INFO - Allocating UMIs for gene 2500...
2024-07-20 22:54:11,853 - INFO - Allocating UMIs for gene 2600...
2024-07-20 22:54:12,641 - INFO - Allocating UMIs for gene 2700...
2024-07-20 22:54:13,419 - INFO - Allocating UMIs for gene 2800...
2024-07-20 22:54:14,167 - INFO - Allocating UMIs for gene 2900...
2024-07-20 22:54:14,954 - INFO - Allocating UMIs for gene 3000...
2024-07-20 22:54:15,739 - INFO - Allocating UMIs for gene 3100...
2024-07-20 22:54:16,503 - INFO - Allocating UMIs for gene 3200...
2024-07-20 22:54:17,281 - INFO - Allocating UMIs for gene 3300...
2024-07-20 22:54:18,052 - INFO - Allocating UMIs for gene 3400...
2024-07-20 22:54:18,836 - INFO - Allocating UMIs for gene 3500...
2024-07-20 22:54:19,616 - INFO - Allocating UMIs for gene 3600...
2024-07-20 22:54:20,468 - INFO - Allocating UMIs for gene 3700...
2024-07-20 22:54:21,378 - INFO - Allocating UMIs for gene 3800...
2024-07-20 22:54:22,143 - INFO - Allocating UMIs for gene 3900...
2024-07-20 22:54:22,904 - INFO - Allocating UMIs for gene 4000...
2024-07-20 22:54:23,691 - INFO - Allocating UMIs for gene 4100...
2024-07-20 22:54:24,458 - INFO - Allocating UMIs for gene 4200...
2024-07-20 22:54:25,230 - INFO - Allocating UMIs for gene 4300...
2024-07-20 22:54:26,012 - INFO - Allocating UMIs for gene 4400...
2024-07-20 22:54:26,798 - INFO - Allocating UMIs for gene 4500...
2024-07-20 22:54:27,580 - INFO - Allocating UMIs for gene 4600...
2024-07-20 22:54:28,368 - INFO - Allocating UMIs for gene 4700...
2024-07-20 22:54:29,157 - INFO - Allocating UMIs for gene 4800...
2024-07-20 22:54:30,045 - INFO - Allocating UMIs for gene 4900...
2024-07-20 22:54:30,934 - INFO - Allocating UMIs for gene 5000...
2024-07-20 22:54:31,705 - INFO - Allocating UMIs for gene 5100...
2024-07-20 22:54:32,481 - INFO - Allocating UMIs for gene 5200...
2024-07-20 22:54:33,268 - INFO - Allocating UMIs for gene 5300...
2024-07-20 22:54:34,032 - INFO - Allocating UMIs for gene 5400...
2024-07-20 22:54:34,805 - INFO - Allocating UMIs for gene 5500...
2024-07-20 22:54:35,576 - INFO - Allocating UMIs for gene 5600...
2024-07-20 22:54:36,452 - INFO - Allocating UMIs for gene 5700...
2024-07-20 22:54:37,312 - INFO - Allocating UMIs for gene 5800...
2024-07-20 22:54:38,098 - INFO - Allocating UMIs for gene 5900...
2024-07-20 22:54:38,891 - INFO - Allocating UMIs for gene 6000...
2024-07-20 22:54:39,691 - INFO - Allocating UMIs for gene 6100...
2024-07-20 22:54:40,601 - INFO - Allocating UMIs for gene 6200...
2024-07-20 22:54:41,387 - INFO - Allocating UMIs for gene 6300...
2024-07-20 22:54:42,177 - INFO - Allocating UMIs for gene 6400...
2024-07-20 22:54:42,966 - INFO - Allocating UMIs for gene 6500...
2024-07-20 22:54:43,755 - INFO - Allocating UMIs for gene 6600...
2024-07-20 22:54:44,541 - INFO - Allocating UMIs for gene 6700...
2024-07-20 22:54:45,337 - INFO - Allocating UMIs for gene 6800...
2024-07-20 22:54:46,112 - INFO - Allocating UMIs for gene 6900...
2024-07-20 22:54:46,906 - INFO - Allocating UMIs for gene 7000...
2024-07-20 22:54:47,692 - INFO - Allocating UMIs for gene 7100...
2024-07-20 22:54:48,485 - INFO - Allocating UMIs for gene 7200...
2024-07-20 22:54:49,265 - INFO - Allocating UMIs for gene 7300...
2024-07-20 22:54:50,044 - INFO - Allocating UMIs for gene 7400...
2024-07-20 22:54:50,831 - INFO - Allocating UMIs for gene 7500...
2024-07-20 22:54:51,629 - INFO - Allocating UMIs for gene 7600...
2024-07-20 22:54:52,548 - INFO - Allocating UMIs for gene 7700...
2024-07-20 22:54:53,449 - INFO - Allocating UMIs for gene 7800...
2024-07-20 22:54:54,212 - INFO - Allocating UMIs for gene 7900...
2024-07-20 22:54:55,000 - INFO - UMI allocation complete.
2024-07-20 22:54:55,000 - INFO - Counting overall UMI occurrences...
2024-07-20 22:54:55,011 - INFO - Counting inter-gene collisions...
2024-07-20 22:54:55,090 - INFO - Total UMIs generated: 65536
2024-07-20 22:54:55,090 - INFO - Total UMIs allocated: 47774
2024-07-20 22:54:55,090 - INFO - Number of unique UMIs assigned to genes: 33846
2024-07-20 22:54:55,090 - INFO - Inter-gene collisions: 13926
2024-07-20 22:54:55,090 - INFO - Inter-gene collision rate: 0.29150
2024-07-20 22:54:55,090 - INFO - Writing gene UMI counts to file...
2024-07-20 22:54:55,096 - INFO - Writing UMI inter-gene collisions to file...
2024-07-20 22:54:55,102 - INFO - Simulation complete.
