2024-07-20 22:57:05,987 - INFO - Simulation Script Version: 0.0.1
2024-07-20 22:57:05,991 - INFO - Simulation Parameters:
2024-07-20 22:57:05,991 - INFO - Length of UMI: 8
2024-07-20 22:57:05,991 - INFO - Number of genes: 8000
2024-07-20 22:57:05,991 - INFO - Parameters file: None
2024-07-20 22:57:05,991 - INFO - Mean (mu): 6.0
2024-07-20 22:57:05,991 - INFO - Dispersion (theta): 6.0
2024-07-20 22:57:05,991 - INFO - Use Poisson distribution: False
2024-07-20 22:57:05,991 - INFO - Gene UMI counts file: gene_8000_umi8_counts_rep7.txt
2024-07-20 22:57:05,991 - INFO - UMI collisions file: umi8_8000_collisions_rep7.txt
2024-07-20 22:57:05,991 - INFO - Seed: None
2024-07-20 22:57:05,991 - INFO - Log file: umi8_8000_rep7.log
2024-07-20 22:57:05,991 - INFO - No seed specified. Generated random seed: 672186458
2024-07-20 22:57:05,991 - INFO - Generating all possible UMIs...
2024-07-20 22:57:06,001 - INFO - Total possible UMIs generated: 65536
2024-07-20 22:57:06,001 - INFO - Loading parameters...
2024-07-20 22:57:06,001 - INFO - Sampling read depths for each gene...
2024-07-20 22:57:06,303 - INFO - Read depths sampling complete.
2024-07-20 22:57:06,303 - INFO - Allocating UMIs based on sampled read depths...
2024-07-20 22:57:06,303 - INFO - Allocating UMIs for gene 0...
2024-07-20 22:57:07,220 - INFO - Allocating UMIs for gene 100...
2024-07-20 22:57:08,140 - INFO - Allocating UMIs for gene 200...
2024-07-20 22:57:08,922 - INFO - Allocating UMIs for gene 300...
2024-07-20 22:57:09,716 - INFO - Allocating UMIs for gene 400...
2024-07-20 22:57:10,514 - INFO - Allocating UMIs for gene 500...
2024-07-20 22:57:11,294 - INFO - Allocating UMIs for gene 600...
2024-07-20 22:57:12,090 - INFO - Allocating UMIs for gene 700...
2024-07-20 22:57:12,873 - INFO - Allocating UMIs for gene 800...
2024-07-20 22:57:13,654 - INFO - Allocating UMIs for gene 900...
2024-07-20 22:57:14,425 - INFO - Allocating UMIs for gene 1000...
2024-07-20 22:57:15,219 - INFO - Allocating UMIs for gene 1100...
2024-07-20 22:57:16,009 - INFO - Allocating UMIs for gene 1200...
2024-07-20 22:57:16,804 - INFO - Allocating UMIs for gene 1300...
2024-07-20 22:57:17,593 - INFO - Allocating UMIs for gene 1400...
2024-07-20 22:57:18,375 - INFO - Allocating UMIs for gene 1500...
2024-07-20 22:57:19,165 - INFO - Allocating UMIs for gene 1600...
2024-07-20 22:57:19,936 - INFO - Allocating UMIs for gene 1700...
2024-07-20 22:57:20,715 - INFO - Allocating UMIs for gene 1800...
2024-07-20 22:57:21,494 - INFO - Allocating UMIs for gene 1900...
2024-07-20 22:57:22,280 - INFO - Allocating UMIs for gene 2000...
2024-07-20 22:57:23,182 - INFO - Allocating UMIs for gene 2100...
2024-07-20 22:57:24,126 - INFO - Allocating UMIs for gene 2200...
2024-07-20 22:57:24,902 - INFO - Allocating UMIs for gene 2300...
2024-07-20 22:57:25,679 - INFO - Allocating UMIs for gene 2400...
2024-07-20 22:57:26,464 - INFO - Allocating UMIs for gene 2500...
2024-07-20 22:57:27,237 - INFO - Allocating UMIs for gene 2600...
2024-07-20 22:57:28,003 - INFO - Allocating UMIs for gene 2700...
2024-07-20 22:57:28,783 - INFO - Allocating UMIs for gene 2800...
2024-07-20 22:57:29,586 - INFO - Allocating UMIs for gene 2900...
2024-07-20 22:57:30,368 - INFO - Allocating UMIs for gene 3000...
2024-07-20 22:57:31,155 - INFO - Allocating UMIs for gene 3100...
2024-07-20 22:57:31,948 - INFO - Allocating UMIs for gene 3200...
2024-07-20 22:57:32,744 - INFO - Allocating UMIs for gene 3300...
2024-07-20 22:57:33,530 - INFO - Allocating UMIs for gene 3400...
2024-07-20 22:57:34,318 - INFO - Allocating UMIs for gene 3500...
2024-07-20 22:57:35,096 - INFO - Allocating UMIs for gene 3600...
2024-07-20 22:57:35,867 - INFO - Allocating UMIs for gene 3700...
2024-07-20 22:57:36,660 - INFO - Allocating UMIs for gene 3800...
2024-07-20 22:57:37,457 - INFO - Allocating UMIs for gene 3900...
2024-07-20 22:57:38,228 - INFO - Allocating UMIs for gene 4000...
2024-07-20 22:57:39,015 - INFO - Allocating UMIs for gene 4100...
2024-07-20 22:57:39,798 - INFO - Allocating UMIs for gene 4200...
2024-07-20 22:57:40,585 - INFO - Allocating UMIs for gene 4300...
2024-07-20 22:57:41,349 - INFO - Allocating UMIs for gene 4400...
2024-07-20 22:57:42,097 - INFO - Allocating UMIs for gene 4500...
2024-07-20 22:57:42,891 - INFO - Allocating UMIs for gene 4600...
2024-07-20 22:57:43,668 - INFO - Allocating UMIs for gene 4700...
2024-07-20 22:57:44,468 - INFO - Allocating UMIs for gene 4800...
2024-07-20 22:57:45,247 - INFO - Allocating UMIs for gene 4900...
2024-07-20 22:57:46,034 - INFO - Allocating UMIs for gene 5000...
2024-07-20 22:57:46,820 - INFO - Allocating UMIs for gene 5100...
2024-07-20 22:57:47,728 - INFO - Allocating UMIs for gene 5200...
2024-07-20 22:57:48,634 - INFO - Allocating UMIs for gene 5300...
2024-07-20 22:57:49,403 - INFO - Allocating UMIs for gene 5400...
2024-07-20 22:57:50,184 - INFO - Allocating UMIs for gene 5500...
2024-07-20 22:57:50,982 - INFO - Allocating UMIs for gene 5600...
2024-07-20 22:57:51,880 - INFO - Allocating UMIs for gene 5700...
2024-07-20 22:57:52,665 - INFO - Allocating UMIs for gene 5800...
2024-07-20 22:57:53,436 - INFO - Allocating UMIs for gene 5900...
2024-07-20 22:57:54,215 - INFO - Allocating UMIs for gene 6000...
2024-07-20 22:57:55,007 - INFO - Allocating UMIs for gene 6100...
2024-07-20 22:57:55,793 - INFO - Allocating UMIs for gene 6200...
2024-07-20 22:57:56,564 - INFO - Allocating UMIs for gene 6300...
2024-07-20 22:57:57,362 - INFO - Allocating UMIs for gene 6400...
2024-07-20 22:57:58,159 - INFO - Allocating UMIs for gene 6500...
2024-07-20 22:57:59,021 - INFO - Allocating UMIs for gene 6600...
2024-07-20 22:57:59,866 - INFO - Allocating UMIs for gene 6700...
2024-07-20 22:58:00,675 - INFO - Allocating UMIs for gene 6800...
2024-07-20 22:58:01,463 - INFO - Allocating UMIs for gene 6900...
2024-07-20 22:58:02,255 - INFO - Allocating UMIs for gene 7000...
2024-07-20 22:58:03,056 - INFO - Allocating UMIs for gene 7100...
2024-07-20 22:58:03,855 - INFO - Allocating UMIs for gene 7200...
2024-07-20 22:58:04,628 - INFO - Allocating UMIs for gene 7300...
2024-07-20 22:58:05,415 - INFO - Allocating UMIs for gene 7400...
2024-07-20 22:58:06,204 - INFO - Allocating UMIs for gene 7500...
2024-07-20 22:58:06,999 - INFO - Allocating UMIs for gene 7600...
2024-07-20 22:58:07,788 - INFO - Allocating UMIs for gene 7700...
2024-07-20 22:58:08,560 - INFO - Allocating UMIs for gene 7800...
2024-07-20 22:58:09,347 - INFO - Allocating UMIs for gene 7900...
2024-07-20 22:58:10,142 - INFO - UMI allocation complete.
2024-07-20 22:58:10,143 - INFO - Counting overall UMI occurrences...
2024-07-20 22:58:10,153 - INFO - Counting inter-gene collisions...
2024-07-20 22:58:10,232 - INFO - Total UMIs generated: 65536
2024-07-20 22:58:10,232 - INFO - Total UMIs allocated: 47861
2024-07-20 22:58:10,232 - INFO - Number of unique UMIs assigned to genes: 34049
2024-07-20 22:58:10,232 - INFO - Inter-gene collisions: 13809
2024-07-20 22:58:10,232 - INFO - Inter-gene collision rate: 0.28852
2024-07-20 22:58:10,232 - INFO - Writing gene UMI counts to file...
2024-07-20 22:58:10,239 - INFO - Writing UMI inter-gene collisions to file...
2024-07-20 22:58:10,247 - INFO - Simulation complete.
