2024-07-20 22:51:38,274 - INFO - Simulation Script Version: 0.0.1
2024-07-20 22:51:38,276 - INFO - Simulation Parameters:
2024-07-20 22:51:38,276 - INFO - Length of UMI: 8
2024-07-20 22:51:38,276 - INFO - Number of genes: 8000
2024-07-20 22:51:38,276 - INFO - Parameters file: None
2024-07-20 22:51:38,276 - INFO - Mean (mu): 6.0
2024-07-20 22:51:38,276 - INFO - Dispersion (theta): 6.0
2024-07-20 22:51:38,276 - INFO - Use Poisson distribution: False
2024-07-20 22:51:38,276 - INFO - Gene UMI counts file: gene_8000_umi8_counts_rep2.txt
2024-07-20 22:51:38,276 - INFO - UMI collisions file: umi8_8000_collisions_rep2.txt
2024-07-20 22:51:38,276 - INFO - Seed: None
2024-07-20 22:51:38,277 - INFO - Log file: umi8_8000_rep2.log
2024-07-20 22:51:38,277 - INFO - No seed specified. Generated random seed: 988403884
2024-07-20 22:51:38,277 - INFO - Generating all possible UMIs...
2024-07-20 22:51:38,287 - INFO - Total possible UMIs generated: 65536
2024-07-20 22:51:38,287 - INFO - Loading parameters...
2024-07-20 22:51:38,287 - INFO - Sampling read depths for each gene...
2024-07-20 22:51:38,597 - INFO - Read depths sampling complete.
2024-07-20 22:51:38,597 - INFO - Allocating UMIs based on sampled read depths...
2024-07-20 22:51:38,597 - INFO - Allocating UMIs for gene 0...
2024-07-20 22:51:39,399 - INFO - Allocating UMIs for gene 100...
2024-07-20 22:51:40,176 - INFO - Allocating UMIs for gene 200...
2024-07-20 22:51:40,969 - INFO - Allocating UMIs for gene 300...
2024-07-20 22:51:41,775 - INFO - Allocating UMIs for gene 400...
2024-07-20 22:51:42,582 - INFO - Allocating UMIs for gene 500...
2024-07-20 22:51:43,366 - INFO - Allocating UMIs for gene 600...
2024-07-20 22:51:44,171 - INFO - Allocating UMIs for gene 700...
2024-07-20 22:51:44,956 - INFO - Allocating UMIs for gene 800...
2024-07-20 22:51:45,755 - INFO - Allocating UMIs for gene 900...
2024-07-20 22:51:46,560 - INFO - Allocating UMIs for gene 1000...
2024-07-20 22:51:47,366 - INFO - Allocating UMIs for gene 1100...
2024-07-20 22:51:48,143 - INFO - Allocating UMIs for gene 1200...
2024-07-20 22:51:48,946 - INFO - Allocating UMIs for gene 1300...
2024-07-20 22:51:49,740 - INFO - Allocating UMIs for gene 1400...
2024-07-20 22:51:50,500 - INFO - Allocating UMIs for gene 1500...
2024-07-20 22:51:51,286 - INFO - Allocating UMIs for gene 1600...
2024-07-20 22:51:52,075 - INFO - Allocating UMIs for gene 1700...
2024-07-20 22:51:52,874 - INFO - Allocating UMIs for gene 1800...
2024-07-20 22:51:53,799 - INFO - Allocating UMIs for gene 1900...
2024-07-20 22:51:54,695 - INFO - Allocating UMIs for gene 2000...
2024-07-20 22:51:55,728 - INFO - Allocating UMIs for gene 2100...
2024-07-20 22:51:56,530 - INFO - Allocating UMIs for gene 2200...
2024-07-20 22:51:57,303 - INFO - Allocating UMIs for gene 2300...
2024-07-20 22:51:58,096 - INFO - Allocating UMIs for gene 2400...
2024-07-20 22:51:58,903 - INFO - Allocating UMIs for gene 2500...
2024-07-20 22:51:59,694 - INFO - Allocating UMIs for gene 2600...
2024-07-20 22:52:00,484 - INFO - Allocating UMIs for gene 2700...
2024-07-20 22:52:01,275 - INFO - Allocating UMIs for gene 2800...
2024-07-20 22:52:02,082 - INFO - Allocating UMIs for gene 2900...
2024-07-20 22:52:02,887 - INFO - Allocating UMIs for gene 3000...
2024-07-20 22:52:03,704 - INFO - Allocating UMIs for gene 3100...
2024-07-20 22:52:04,492 - INFO - Allocating UMIs for gene 3200...
2024-07-20 22:52:05,290 - INFO - Allocating UMIs for gene 3300...
2024-07-20 22:52:06,094 - INFO - Allocating UMIs for gene 3400...
2024-07-20 22:52:06,891 - INFO - Allocating UMIs for gene 3500...
2024-07-20 22:52:07,825 - INFO - Allocating UMIs for gene 3600...
2024-07-20 22:52:08,753 - INFO - Allocating UMIs for gene 3700...
2024-07-20 22:52:09,681 - INFO - Allocating UMIs for gene 3800...
2024-07-20 22:52:10,576 - INFO - Allocating UMIs for gene 3900...
2024-07-20 22:52:11,441 - INFO - Allocating UMIs for gene 4000...
2024-07-20 22:52:12,385 - INFO - Allocating UMIs for gene 4100...
2024-07-20 22:52:13,289 - INFO - Allocating UMIs for gene 4200...
2024-07-20 22:52:14,316 - INFO - Allocating UMIs for gene 4300...
2024-07-20 22:52:15,105 - INFO - Allocating UMIs for gene 4400...
2024-07-20 22:52:15,891 - INFO - Allocating UMIs for gene 4500...
2024-07-20 22:52:16,685 - INFO - Allocating UMIs for gene 4600...
2024-07-20 22:52:17,489 - INFO - Allocating UMIs for gene 4700...
2024-07-20 22:52:18,292 - INFO - Allocating UMIs for gene 4800...
2024-07-20 22:52:19,073 - INFO - Allocating UMIs for gene 4900...
2024-07-20 22:52:19,860 - INFO - Allocating UMIs for gene 5000...
2024-07-20 22:52:20,665 - INFO - Allocating UMIs for gene 5100...
2024-07-20 22:52:21,462 - INFO - Allocating UMIs for gene 5200...
2024-07-20 22:52:22,268 - INFO - Allocating UMIs for gene 5300...
2024-07-20 22:52:23,054 - INFO - Allocating UMIs for gene 5400...
2024-07-20 22:52:23,849 - INFO - Allocating UMIs for gene 5500...
2024-07-20 22:52:24,638 - INFO - Allocating UMIs for gene 5600...
2024-07-20 22:52:25,434 - INFO - Allocating UMIs for gene 5700...
2024-07-20 22:52:26,242 - INFO - Allocating UMIs for gene 5800...
2024-07-20 22:52:27,044 - INFO - Allocating UMIs for gene 5900...
2024-07-20 22:52:27,834 - INFO - Allocating UMIs for gene 6000...
2024-07-20 22:52:28,638 - INFO - Allocating UMIs for gene 6100...
2024-07-20 22:52:29,691 - INFO - Allocating UMIs for gene 6200...
2024-07-20 22:52:30,490 - INFO - Allocating UMIs for gene 6300...
2024-07-20 22:52:31,290 - INFO - Allocating UMIs for gene 6400...
2024-07-20 22:52:32,081 - INFO - Allocating UMIs for gene 6500...
2024-07-20 22:52:32,886 - INFO - Allocating UMIs for gene 6600...
2024-07-20 22:52:33,695 - INFO - Allocating UMIs for gene 6700...
2024-07-20 22:52:34,491 - INFO - Allocating UMIs for gene 6800...
2024-07-20 22:52:35,282 - INFO - Allocating UMIs for gene 6900...
2024-07-20 22:52:36,081 - INFO - Allocating UMIs for gene 7000...
2024-07-20 22:52:36,883 - INFO - Allocating UMIs for gene 7100...
2024-07-20 22:52:37,663 - INFO - Allocating UMIs for gene 7200...
2024-07-20 22:52:38,471 - INFO - Allocating UMIs for gene 7300...
2024-07-20 22:52:39,254 - INFO - Allocating UMIs for gene 7400...
2024-07-20 22:52:40,054 - INFO - Allocating UMIs for gene 7500...
2024-07-20 22:52:40,854 - INFO - Allocating UMIs for gene 7600...
2024-07-20 22:52:41,652 - INFO - Allocating UMIs for gene 7700...
2024-07-20 22:52:42,456 - INFO - Allocating UMIs for gene 7800...
2024-07-20 22:52:43,375 - INFO - Allocating UMIs for gene 7900...
2024-07-20 22:52:44,285 - INFO - UMI allocation complete.
2024-07-20 22:52:44,285 - INFO - Counting overall UMI occurrences...
2024-07-20 22:52:44,296 - INFO - Counting inter-gene collisions...
2024-07-20 22:52:44,376 - INFO - Total UMIs generated: 65536
2024-07-20 22:52:44,376 - INFO - Total UMIs allocated: 48163
2024-07-20 22:52:44,376 - INFO - Number of unique UMIs assigned to genes: 34086
2024-07-20 22:52:44,376 - INFO - Inter-gene collisions: 14075
2024-07-20 22:52:44,376 - INFO - Inter-gene collision rate: 0.29224
2024-07-20 22:52:44,376 - INFO - Writing gene UMI counts to file...
2024-07-20 22:52:44,382 - INFO - Writing UMI inter-gene collisions to file...
2024-07-20 22:52:44,388 - INFO - Simulation complete.
