2024-07-20 22:50:29,737 - INFO - Simulation Script Version: 0.0.1
2024-07-20 22:50:29,739 - INFO - Simulation Parameters:
2024-07-20 22:50:29,740 - INFO - Length of UMI: 8
2024-07-20 22:50:29,740 - INFO - Number of genes: 8000
2024-07-20 22:50:29,740 - INFO - Parameters file: None
2024-07-20 22:50:29,740 - INFO - Mean (mu): 6.0
2024-07-20 22:50:29,740 - INFO - Dispersion (theta): 6.0
2024-07-20 22:50:29,740 - INFO - Use Poisson distribution: False
2024-07-20 22:50:29,740 - INFO - Gene UMI counts file: gene_8000_umi8_counts_rep1.txt
2024-07-20 22:50:29,740 - INFO - UMI collisions file: umi8_8000_collisions.txt
2024-07-20 22:50:29,740 - INFO - Seed: None
2024-07-20 22:50:29,740 - INFO - Log file: umi8_8000_rep1.log
2024-07-20 22:50:29,740 - INFO - No seed specified. Generated random seed: 323641057
2024-07-20 22:50:29,740 - INFO - Generating all possible UMIs...
2024-07-20 22:50:29,750 - INFO - Total possible UMIs generated: 65536
2024-07-20 22:50:29,750 - INFO - Loading parameters...
2024-07-20 22:50:29,750 - INFO - Sampling read depths for each gene...
2024-07-20 22:50:30,051 - INFO - Read depths sampling complete.
2024-07-20 22:50:30,051 - INFO - Allocating UMIs based on sampled read depths...
2024-07-20 22:50:30,051 - INFO - Allocating UMIs for gene 0...
2024-07-20 22:50:30,933 - INFO - Allocating UMIs for gene 100...
2024-07-20 22:50:31,959 - INFO - Allocating UMIs for gene 200...
2024-07-20 22:50:33,011 - INFO - Allocating UMIs for gene 300...
2024-07-20 22:50:33,808 - INFO - Allocating UMIs for gene 400...
2024-07-20 22:50:34,668 - INFO - Allocating UMIs for gene 500...
2024-07-20 22:50:35,508 - INFO - Allocating UMIs for gene 600...
2024-07-20 22:50:36,287 - INFO - Allocating UMIs for gene 700...
2024-07-20 22:50:37,070 - INFO - Allocating UMIs for gene 800...
2024-07-20 22:50:37,863 - INFO - Allocating UMIs for gene 900...
2024-07-20 22:50:38,654 - INFO - Allocating UMIs for gene 1000...
2024-07-20 22:50:39,438 - INFO - Allocating UMIs for gene 1100...
2024-07-20 22:50:40,199 - INFO - Allocating UMIs for gene 1200...
2024-07-20 22:50:40,984 - INFO - Allocating UMIs for gene 1300...
2024-07-20 22:50:41,780 - INFO - Allocating UMIs for gene 1400...
2024-07-20 22:50:42,720 - INFO - Allocating UMIs for gene 1500...
2024-07-20 22:50:43,527 - INFO - Allocating UMIs for gene 1600...
2024-07-20 22:50:44,510 - INFO - Allocating UMIs for gene 1700...
2024-07-20 22:50:45,279 - INFO - Allocating UMIs for gene 1800...
2024-07-20 22:50:46,056 - INFO - Allocating UMIs for gene 1900...
2024-07-20 22:50:46,836 - INFO - Allocating UMIs for gene 2000...
2024-07-20 22:50:47,599 - INFO - Allocating UMIs for gene 2100...
2024-07-20 22:50:48,369 - INFO - Allocating UMIs for gene 2200...
2024-07-20 22:50:49,139 - INFO - Allocating UMIs for gene 2300...
2024-07-20 22:50:49,919 - INFO - Allocating UMIs for gene 2400...
2024-07-20 22:50:50,695 - INFO - Allocating UMIs for gene 2500...
2024-07-20 22:50:51,459 - INFO - Allocating UMIs for gene 2600...
2024-07-20 22:50:52,245 - INFO - Allocating UMIs for gene 2700...
2024-07-20 22:50:53,025 - INFO - Allocating UMIs for gene 2800...
2024-07-20 22:50:53,801 - INFO - Allocating UMIs for gene 2900...
2024-07-20 22:50:54,582 - INFO - Allocating UMIs for gene 3000...
2024-07-20 22:50:55,352 - INFO - Allocating UMIs for gene 3100...
2024-07-20 22:50:56,129 - INFO - Allocating UMIs for gene 3200...
2024-07-20 22:50:56,914 - INFO - Allocating UMIs for gene 3300...
2024-07-20 22:50:57,682 - INFO - Allocating UMIs for gene 3400...
2024-07-20 22:50:58,464 - INFO - Allocating UMIs for gene 3500...
2024-07-20 22:50:59,238 - INFO - Allocating UMIs for gene 3600...
2024-07-20 22:51:00,018 - INFO - Allocating UMIs for gene 3700...
2024-07-20 22:51:00,938 - INFO - Allocating UMIs for gene 3800...
2024-07-20 22:51:01,935 - INFO - Allocating UMIs for gene 3900...
2024-07-20 22:51:02,757 - INFO - Allocating UMIs for gene 4000...
2024-07-20 22:51:03,639 - INFO - Allocating UMIs for gene 4100...
2024-07-20 22:51:05,147 - INFO - Allocating UMIs for gene 4200...
2024-07-20 22:51:06,044 - INFO - Allocating UMIs for gene 4300...
2024-07-20 22:51:06,924 - INFO - Allocating UMIs for gene 4400...
2024-07-20 22:51:07,820 - INFO - Allocating UMIs for gene 4500...
2024-07-20 22:51:08,648 - INFO - Allocating UMIs for gene 4600...
2024-07-20 22:51:09,463 - INFO - Allocating UMIs for gene 4700...
2024-07-20 22:51:10,251 - INFO - Allocating UMIs for gene 4800...
2024-07-20 22:51:11,063 - INFO - Allocating UMIs for gene 4900...
2024-07-20 22:51:11,857 - INFO - Allocating UMIs for gene 5000...
2024-07-20 22:51:12,679 - INFO - Allocating UMIs for gene 5100...
2024-07-20 22:51:13,496 - INFO - Allocating UMIs for gene 5200...
2024-07-20 22:51:14,299 - INFO - Allocating UMIs for gene 5300...
2024-07-20 22:51:15,115 - INFO - Allocating UMIs for gene 5400...
2024-07-20 22:51:15,922 - INFO - Allocating UMIs for gene 5500...
2024-07-20 22:51:16,726 - INFO - Allocating UMIs for gene 5600...
2024-07-20 22:51:17,751 - INFO - Allocating UMIs for gene 5700...
2024-07-20 22:51:18,575 - INFO - Allocating UMIs for gene 5800...
2024-07-20 22:51:19,599 - INFO - Allocating UMIs for gene 5900...
2024-07-20 22:51:20,427 - INFO - Allocating UMIs for gene 6000...
2024-07-20 22:51:21,255 - INFO - Allocating UMIs for gene 6100...
2024-07-20 22:51:22,065 - INFO - Allocating UMIs for gene 6200...
2024-07-20 22:51:22,891 - INFO - Allocating UMIs for gene 6300...
2024-07-20 22:51:23,728 - INFO - Allocating UMIs for gene 6400...
2024-07-20 22:51:24,546 - INFO - Allocating UMIs for gene 6500...
2024-07-20 22:51:25,341 - INFO - Allocating UMIs for gene 6600...
2024-07-20 22:51:26,172 - INFO - Allocating UMIs for gene 6700...
2024-07-20 22:51:26,990 - INFO - Allocating UMIs for gene 6800...
2024-07-20 22:51:27,800 - INFO - Allocating UMIs for gene 6900...
2024-07-20 22:51:28,600 - INFO - Allocating UMIs for gene 7000...
2024-07-20 22:51:29,413 - INFO - Allocating UMIs for gene 7100...
2024-07-20 22:51:30,208 - INFO - Allocating UMIs for gene 7200...
2024-07-20 22:51:31,006 - INFO - Allocating UMIs for gene 7300...
2024-07-20 22:51:31,794 - INFO - Allocating UMIs for gene 7400...
2024-07-20 22:51:32,612 - INFO - Allocating UMIs for gene 7500...
2024-07-20 22:51:33,414 - INFO - Allocating UMIs for gene 7600...
2024-07-20 22:51:34,223 - INFO - Allocating UMIs for gene 7700...
2024-07-20 22:51:35,039 - INFO - Allocating UMIs for gene 7800...
2024-07-20 22:51:36,063 - INFO - Allocating UMIs for gene 7900...
2024-07-20 22:51:37,069 - INFO - UMI allocation complete.
2024-07-20 22:51:37,069 - INFO - Counting overall UMI occurrences...
2024-07-20 22:51:37,080 - INFO - Counting inter-gene collisions...
2024-07-20 22:51:37,161 - INFO - Total UMIs generated: 65536
2024-07-20 22:51:37,161 - INFO - Total UMIs allocated: 47852
2024-07-20 22:51:37,161 - INFO - Number of unique UMIs assigned to genes: 33944
2024-07-20 22:51:37,161 - INFO - Inter-gene collisions: 13907
2024-07-20 22:51:37,161 - INFO - Inter-gene collision rate: 0.29063
2024-07-20 22:51:37,161 - INFO - Writing gene UMI counts to file...
2024-07-20 22:51:37,167 - INFO - Writing UMI inter-gene collisions to file...
2024-07-20 22:51:37,173 - INFO - Simulation complete.
