2024-07-20 23:28:15,657 - INFO - Simulation Script Version: 0.0.2
2024-07-20 23:28:15,657 - INFO - Simulation Parameters:
2024-07-20 23:28:15,657 - INFO - Length of UMI: 10
2024-07-20 23:28:15,657 - INFO - Number of genes: 500
2024-07-20 23:28:15,657 - INFO - Parameters file: None
2024-07-20 23:28:15,657 - INFO - Mean (mu): 6.0
2024-07-20 23:28:15,657 - INFO - Dispersion (theta): 6.0
2024-07-20 23:28:15,657 - INFO - Use Poisson distribution: False
2024-07-20 23:28:15,657 - INFO - Gene UMI counts file: gene_500_umi16_counts_rep5.txt
2024-07-20 23:28:15,658 - INFO - UMI collisions file: umi16_500_collisions_rep5.txt
2024-07-20 23:28:15,658 - INFO - Seed: None
2024-07-20 23:28:15,658 - INFO - Log file: umi16_500_rep5.log
2024-07-20 23:28:15,658 - INFO - UMI file: /varidata/research/projects/shen/projects/2024_Bens_swan_song/src/umi_collisions/umi_16.txt
2024-07-20 23:28:15,658 - INFO - No seed specified. Generated random seed: 4108092898
2024-07-20 23:28:15,658 - INFO - Using UMIs from file: /varidata/research/projects/shen/projects/2024_Bens_swan_song/src/umi_collisions/umi_16.txt
2024-07-20 23:38:24,307 - INFO - Total UMIs loaded: 4294967296
2024-07-20 23:38:24,308 - INFO - Loading parameters...
2024-07-20 23:38:24,308 - INFO - Sampling read depths for each gene...
2024-07-20 23:38:24,329 - INFO - Read depths sampling complete.
2024-07-20 23:38:24,329 - INFO - Allocating UMIs based on sampled read depths...
2024-07-20 23:38:24,329 - INFO - Allocating UMIs for gene 0...
2024-07-20 23:38:24,482 - INFO - Allocating UMIs for gene 100...
2024-07-20 23:38:24,588 - INFO - Allocating UMIs for gene 200...
2024-07-20 23:38:24,779 - INFO - Allocating UMIs for gene 300...
2024-07-20 23:38:24,915 - INFO - Allocating UMIs for gene 400...
2024-07-20 23:38:25,004 - INFO - UMI allocation complete.
2024-07-20 23:38:25,005 - INFO - Counting overall UMI occurrences...
2024-07-20 23:38:25,006 - INFO - Counting inter-gene collisions...
2024-07-20 23:38:25,007 - INFO - Total UMIs allocated: 3124
2024-07-20 23:38:25,007 - INFO - Number of unique UMIs assigned to genes: 3124
2024-07-20 23:38:25,007 - INFO - Inter-gene collisions: 0
2024-07-20 23:38:25,007 - INFO - Inter-gene collision rate: 0.00000
2024-07-20 23:38:25,007 - INFO - Writing gene UMI counts to file...
2024-07-20 23:38:25,021 - INFO - Writing UMI inter-gene collisions to file...
2024-07-20 23:38:25,024 - INFO - Simulation complete.
