2024-07-20 22:56:53,338 - INFO - Simulation Script Version: 0.0.2
2024-07-20 22:56:53,338 - INFO - Simulation Parameters:
2024-07-20 22:56:53,338 - INFO - Length of UMI: 10
2024-07-20 22:56:53,338 - INFO - Number of genes: 500
2024-07-20 22:56:53,338 - INFO - Parameters file: None
2024-07-20 22:56:53,338 - INFO - Mean (mu): 6.0
2024-07-20 22:56:53,338 - INFO - Dispersion (theta): 6.0
2024-07-20 22:56:53,339 - INFO - Use Poisson distribution: False
2024-07-20 22:56:53,339 - INFO - Gene UMI counts file: gene_500_umi16_counts_rep2.txt
2024-07-20 22:56:53,339 - INFO - UMI collisions file: umi16_500_collisions_rep2.txt
2024-07-20 22:56:53,339 - INFO - Seed: None
2024-07-20 22:56:53,339 - INFO - Log file: umi16_500_rep2.log
2024-07-20 22:56:53,339 - INFO - UMI file: /varidata/research/projects/shen/projects/2024_Bens_swan_song/src/umi_collisions/umi_16.txt
2024-07-20 22:56:53,339 - INFO - No seed specified. Generated random seed: 2048296348
2024-07-20 22:56:53,339 - INFO - Using UMIs from file: /varidata/research/projects/shen/projects/2024_Bens_swan_song/src/umi_collisions/umi_16.txt
2024-07-20 23:06:31,812 - INFO - Total UMIs loaded: 4294967296
2024-07-20 23:06:31,812 - INFO - Loading parameters...
2024-07-20 23:06:31,812 - INFO - Sampling read depths for each gene...
2024-07-20 23:06:31,832 - INFO - Read depths sampling complete.
2024-07-20 23:06:31,832 - INFO - Allocating UMIs based on sampled read depths...
2024-07-20 23:06:31,832 - INFO - Allocating UMIs for gene 0...
2024-07-20 23:06:31,858 - INFO - Allocating UMIs for gene 100...
2024-07-20 23:06:31,882 - INFO - Allocating UMIs for gene 200...
2024-07-20 23:06:31,906 - INFO - Allocating UMIs for gene 300...
2024-07-20 23:06:31,937 - INFO - Allocating UMIs for gene 400...
2024-07-20 23:06:31,966 - INFO - UMI allocation complete.
2024-07-20 23:06:31,966 - INFO - Counting overall UMI occurrences...
2024-07-20 23:06:31,967 - INFO - Counting inter-gene collisions...
2024-07-20 23:06:31,968 - INFO - Total UMIs allocated: 3073
2024-07-20 23:06:31,968 - INFO - Number of unique UMIs assigned to genes: 3073
2024-07-20 23:06:31,968 - INFO - Inter-gene collisions: 0
2024-07-20 23:06:31,968 - INFO - Inter-gene collision rate: 0.00000
2024-07-20 23:06:31,968 - INFO - Writing gene UMI counts to file...
2024-07-20 23:06:31,984 - INFO - Writing UMI inter-gene collisions to file...
2024-07-20 23:06:31,986 - INFO - Simulation complete.
