2024-07-20 23:17:27,779 - INFO - Simulation Script Version: 0.0.2
2024-07-20 23:17:27,779 - INFO - Simulation Parameters:
2024-07-20 23:17:27,779 - INFO - Length of UMI: 10
2024-07-20 23:17:27,779 - INFO - Number of genes: 500
2024-07-20 23:17:27,779 - INFO - Parameters file: None
2024-07-20 23:17:27,779 - INFO - Mean (mu): 6.0
2024-07-20 23:17:27,779 - INFO - Dispersion (theta): 6.0
2024-07-20 23:17:27,779 - INFO - Use Poisson distribution: False
2024-07-20 23:17:27,780 - INFO - Gene UMI counts file: gene_500_umi16_counts_rep4.txt
2024-07-20 23:17:27,780 - INFO - UMI collisions file: umi16_500_collisions_rep4.txt
2024-07-20 23:17:27,780 - INFO - Seed: None
2024-07-20 23:17:27,780 - INFO - Log file: umi16_500_rep4.log
2024-07-20 23:17:27,780 - INFO - UMI file: /varidata/research/projects/shen/projects/2024_Bens_swan_song/src/umi_collisions/umi_16.txt
2024-07-20 23:17:27,780 - INFO - No seed specified. Generated random seed: 3565733039
2024-07-20 23:17:27,780 - INFO - Using UMIs from file: /varidata/research/projects/shen/projects/2024_Bens_swan_song/src/umi_collisions/umi_16.txt
2024-07-20 23:28:14,394 - INFO - Total UMIs loaded: 4294967296
2024-07-20 23:28:14,394 - INFO - Loading parameters...
2024-07-20 23:28:14,395 - INFO - Sampling read depths for each gene...
2024-07-20 23:28:14,416 - INFO - Read depths sampling complete.
2024-07-20 23:28:14,416 - INFO - Allocating UMIs based on sampled read depths...
2024-07-20 23:28:14,416 - INFO - Allocating UMIs for gene 0...
2024-07-20 23:28:14,446 - INFO - Allocating UMIs for gene 100...
2024-07-20 23:28:14,469 - INFO - Allocating UMIs for gene 200...
2024-07-20 23:28:14,500 - INFO - Allocating UMIs for gene 300...
2024-07-20 23:28:14,533 - INFO - Allocating UMIs for gene 400...
2024-07-20 23:28:14,566 - INFO - UMI allocation complete.
2024-07-20 23:28:14,566 - INFO - Counting overall UMI occurrences...
2024-07-20 23:28:14,567 - INFO - Counting inter-gene collisions...
2024-07-20 23:28:14,568 - INFO - Total UMIs allocated: 3017
2024-07-20 23:28:14,569 - INFO - Number of unique UMIs assigned to genes: 3017
2024-07-20 23:28:14,569 - INFO - Inter-gene collisions: 0
2024-07-20 23:28:14,569 - INFO - Inter-gene collision rate: 0.00000
2024-07-20 23:28:14,569 - INFO - Writing gene UMI counts to file...
2024-07-20 23:28:14,586 - INFO - Writing UMI inter-gene collisions to file...
2024-07-20 23:28:14,588 - INFO - Simulation complete.
