2024-07-20 23:38:26,118 - INFO - Simulation Script Version: 0.0.2
2024-07-20 23:38:26,118 - INFO - Simulation Parameters:
2024-07-20 23:38:26,119 - INFO - Length of UMI: 10
2024-07-20 23:38:26,119 - INFO - Number of genes: 500
2024-07-20 23:38:26,119 - INFO - Parameters file: None
2024-07-20 23:38:26,119 - INFO - Mean (mu): 6.0
2024-07-20 23:38:26,119 - INFO - Dispersion (theta): 6.0
2024-07-20 23:38:26,119 - INFO - Use Poisson distribution: False
2024-07-20 23:38:26,119 - INFO - Gene UMI counts file: gene_500_umi16_counts_rep6.txt
2024-07-20 23:38:26,119 - INFO - UMI collisions file: umi16_500_collisions_rep6.txt
2024-07-20 23:38:26,119 - INFO - Seed: None
2024-07-20 23:38:26,119 - INFO - Log file: umi16_500_rep6.log
2024-07-20 23:38:26,119 - INFO - UMI file: /varidata/research/projects/shen/projects/2024_Bens_swan_song/src/umi_collisions/umi_16.txt
2024-07-20 23:38:26,119 - INFO - No seed specified. Generated random seed: 793257163
2024-07-20 23:38:26,119 - INFO - Using UMIs from file: /varidata/research/projects/shen/projects/2024_Bens_swan_song/src/umi_collisions/umi_16.txt
2024-07-20 23:48:57,937 - INFO - Total UMIs loaded: 4294967296
2024-07-20 23:48:57,937 - INFO - Loading parameters...
2024-07-20 23:48:57,937 - INFO - Sampling read depths for each gene...
2024-07-20 23:48:57,957 - INFO - Read depths sampling complete.
2024-07-20 23:48:57,957 - INFO - Allocating UMIs based on sampled read depths...
2024-07-20 23:48:57,957 - INFO - Allocating UMIs for gene 0...
2024-07-20 23:48:58,175 - INFO - Allocating UMIs for gene 100...
2024-07-20 23:48:58,273 - INFO - Allocating UMIs for gene 200...
2024-07-20 23:48:58,341 - INFO - Allocating UMIs for gene 300...
2024-07-20 23:48:58,489 - INFO - Allocating UMIs for gene 400...
2024-07-20 23:48:58,576 - INFO - UMI allocation complete.
2024-07-20 23:48:58,577 - INFO - Counting overall UMI occurrences...
2024-07-20 23:48:58,577 - INFO - Counting inter-gene collisions...
2024-07-20 23:48:58,579 - INFO - Total UMIs allocated: 3149
2024-07-20 23:48:58,579 - INFO - Number of unique UMIs assigned to genes: 3149
2024-07-20 23:48:58,579 - INFO - Inter-gene collisions: 0
2024-07-20 23:48:58,579 - INFO - Inter-gene collision rate: 0.00000
2024-07-20 23:48:58,579 - INFO - Writing gene UMI counts to file...
2024-07-20 23:48:58,595 - INFO - Writing UMI inter-gene collisions to file...
2024-07-20 23:48:58,601 - INFO - Simulation complete.
