2024-07-20 23:48:59,634 - INFO - Simulation Script Version: 0.0.2
2024-07-20 23:48:59,634 - INFO - Simulation Parameters:
2024-07-20 23:48:59,634 - INFO - Length of UMI: 10
2024-07-20 23:48:59,634 - INFO - Number of genes: 500
2024-07-20 23:48:59,634 - INFO - Parameters file: None
2024-07-20 23:48:59,634 - INFO - Mean (mu): 6.0
2024-07-20 23:48:59,634 - INFO - Dispersion (theta): 6.0
2024-07-20 23:48:59,634 - INFO - Use Poisson distribution: False
2024-07-20 23:48:59,634 - INFO - Gene UMI counts file: gene_500_umi16_counts_rep7.txt
2024-07-20 23:48:59,634 - INFO - UMI collisions file: umi16_500_collisions_rep7.txt
2024-07-20 23:48:59,634 - INFO - Seed: None
2024-07-20 23:48:59,634 - INFO - Log file: umi16_500_rep7.log
2024-07-20 23:48:59,634 - INFO - UMI file: /varidata/research/projects/shen/projects/2024_Bens_swan_song/src/umi_collisions/umi_16.txt
2024-07-20 23:48:59,634 - INFO - No seed specified. Generated random seed: 980204798
2024-07-20 23:48:59,634 - INFO - Using UMIs from file: /varidata/research/projects/shen/projects/2024_Bens_swan_song/src/umi_collisions/umi_16.txt
2024-07-20 23:58:52,861 - INFO - Total UMIs loaded: 4294967296
2024-07-20 23:58:52,861 - INFO - Loading parameters...
2024-07-20 23:58:52,861 - INFO - Sampling read depths for each gene...
2024-07-20 23:58:52,881 - INFO - Read depths sampling complete.
2024-07-20 23:58:52,881 - INFO - Allocating UMIs based on sampled read depths...
2024-07-20 23:58:52,881 - INFO - Allocating UMIs for gene 0...
2024-07-20 23:58:53,306 - INFO - Allocating UMIs for gene 100...
2024-07-20 23:58:53,706 - INFO - Allocating UMIs for gene 200...
2024-07-20 23:58:54,202 - INFO - Allocating UMIs for gene 300...
2024-07-20 23:58:54,669 - INFO - Allocating UMIs for gene 400...
2024-07-20 23:58:55,234 - INFO - UMI allocation complete.
2024-07-20 23:58:55,234 - INFO - Counting overall UMI occurrences...
2024-07-20 23:58:55,235 - INFO - Counting inter-gene collisions...
2024-07-20 23:58:55,237 - INFO - Total UMIs allocated: 3099
2024-07-20 23:58:55,237 - INFO - Number of unique UMIs assigned to genes: 3099
2024-07-20 23:58:55,237 - INFO - Inter-gene collisions: 0
2024-07-20 23:58:55,237 - INFO - Inter-gene collision rate: 0.00000
2024-07-20 23:58:55,237 - INFO - Writing gene UMI counts to file...
2024-07-20 23:58:55,253 - INFO - Writing UMI inter-gene collisions to file...
2024-07-20 23:58:55,256 - INFO - Simulation complete.
