2024-07-20 22:51:37,766 - INFO - Simulation Script Version: 0.0.2
2024-07-20 22:51:37,766 - INFO - Simulation Parameters:
2024-07-20 22:51:37,766 - INFO - Length of UMI: 10
2024-07-20 22:51:37,766 - INFO - Number of genes: 500
2024-07-20 22:51:37,766 - INFO - Parameters file: None
2024-07-20 22:51:37,767 - INFO - Mean (mu): 6.0
2024-07-20 22:51:37,767 - INFO - Dispersion (theta): 6.0
2024-07-20 22:51:37,767 - INFO - Use Poisson distribution: False
2024-07-20 22:51:37,767 - INFO - Gene UMI counts file: gene_500_umi16_counts_rep1.txt
2024-07-20 22:51:37,767 - INFO - UMI collisions file: umi16_500_collisions.txt
2024-07-20 22:51:37,767 - INFO - Seed: None
2024-07-20 22:51:37,767 - INFO - Log file: umi16_500_rep1.log
2024-07-20 22:51:37,767 - INFO - UMI file: /varidata/research/projects/shen/projects/2024_Bens_swan_song/src/umi_collisions/umi_16.txt
2024-07-20 22:51:37,767 - INFO - No seed specified. Generated random seed: 1714792848
2024-07-20 22:51:37,767 - INFO - Using UMIs from file: /varidata/research/projects/shen/projects/2024_Bens_swan_song/src/umi_collisions/umi_16.txt
2024-07-20 22:56:52,049 - INFO - Total UMIs loaded: 4294967296
2024-07-20 22:56:52,049 - INFO - Loading parameters...
2024-07-20 22:56:52,050 - INFO - Sampling read depths for each gene...
2024-07-20 22:56:52,070 - INFO - Read depths sampling complete.
2024-07-20 22:56:52,070 - INFO - Allocating UMIs based on sampled read depths...
2024-07-20 22:56:52,070 - INFO - Allocating UMIs for gene 0...
2024-07-20 22:56:52,104 - INFO - Allocating UMIs for gene 100...
2024-07-20 22:56:52,132 - INFO - Allocating UMIs for gene 200...
2024-07-20 22:56:52,162 - INFO - Allocating UMIs for gene 300...
2024-07-20 22:56:52,188 - INFO - Allocating UMIs for gene 400...
2024-07-20 22:56:52,216 - INFO - UMI allocation complete.
2024-07-20 22:56:52,216 - INFO - Counting overall UMI occurrences...
2024-07-20 22:56:52,217 - INFO - Counting inter-gene collisions...
2024-07-20 22:56:52,219 - INFO - Total UMIs allocated: 3153
2024-07-20 22:56:52,219 - INFO - Number of unique UMIs assigned to genes: 3153
2024-07-20 22:56:52,219 - INFO - Inter-gene collisions: 0
2024-07-20 22:56:52,219 - INFO - Inter-gene collision rate: 0.00000
2024-07-20 22:56:52,219 - INFO - Writing gene UMI counts to file...
2024-07-20 22:56:52,234 - INFO - Writing UMI inter-gene collisions to file...
2024-07-20 22:56:52,236 - INFO - Simulation complete.
