2024-07-20 23:58:56,308 - INFO - Simulation Script Version: 0.0.2
2024-07-20 23:58:56,308 - INFO - Simulation Parameters:
2024-07-20 23:58:56,308 - INFO - Length of UMI: 10
2024-07-20 23:58:56,308 - INFO - Number of genes: 500
2024-07-20 23:58:56,308 - INFO - Parameters file: None
2024-07-20 23:58:56,308 - INFO - Mean (mu): 6.0
2024-07-20 23:58:56,308 - INFO - Dispersion (theta): 6.0
2024-07-20 23:58:56,308 - INFO - Use Poisson distribution: False
2024-07-20 23:58:56,308 - INFO - Gene UMI counts file: gene_500_umi16_counts_rep8.txt
2024-07-20 23:58:56,308 - INFO - UMI collisions file: umi16_500_collisions_rep8.txt
2024-07-20 23:58:56,308 - INFO - Seed: None
2024-07-20 23:58:56,308 - INFO - Log file: umi16_500_rep8.log
2024-07-20 23:58:56,308 - INFO - UMI file: /varidata/research/projects/shen/projects/2024_Bens_swan_song/src/umi_collisions/umi_16.txt
2024-07-20 23:58:56,308 - INFO - No seed specified. Generated random seed: 480838861
2024-07-20 23:58:56,308 - INFO - Using UMIs from file: /varidata/research/projects/shen/projects/2024_Bens_swan_song/src/umi_collisions/umi_16.txt
2024-07-21 00:07:41,753 - INFO - Total UMIs loaded: 4294967296
2024-07-21 00:07:41,753 - INFO - Loading parameters...
2024-07-21 00:07:41,753 - INFO - Sampling read depths for each gene...
2024-07-21 00:07:41,773 - INFO - Read depths sampling complete.
2024-07-21 00:07:41,773 - INFO - Allocating UMIs based on sampled read depths...
2024-07-21 00:07:41,773 - INFO - Allocating UMIs for gene 0...
2024-07-21 00:07:42,248 - INFO - Allocating UMIs for gene 100...
2024-07-21 00:07:42,442 - INFO - Allocating UMIs for gene 200...
2024-07-21 00:07:42,764 - INFO - Allocating UMIs for gene 300...
2024-07-21 00:07:43,163 - INFO - Allocating UMIs for gene 400...
2024-07-21 00:07:43,400 - INFO - UMI allocation complete.
2024-07-21 00:07:43,400 - INFO - Counting overall UMI occurrences...
2024-07-21 00:07:43,401 - INFO - Counting inter-gene collisions...
2024-07-21 00:07:43,402 - INFO - Total UMIs allocated: 3083
2024-07-21 00:07:43,402 - INFO - Number of unique UMIs assigned to genes: 3083
2024-07-21 00:07:43,402 - INFO - Inter-gene collisions: 0
2024-07-21 00:07:43,402 - INFO - Inter-gene collision rate: 0.00000
2024-07-21 00:07:43,402 - INFO - Writing gene UMI counts to file...
2024-07-21 00:07:43,408 - INFO - Writing UMI inter-gene collisions to file...
2024-07-21 00:07:43,410 - INFO - Simulation complete.
