2024-07-20 23:06:33,027 - INFO - Simulation Script Version: 0.0.2
2024-07-20 23:06:33,028 - INFO - Simulation Parameters:
2024-07-20 23:06:33,028 - INFO - Length of UMI: 10
2024-07-20 23:06:33,028 - INFO - Number of genes: 500
2024-07-20 23:06:33,028 - INFO - Parameters file: None
2024-07-20 23:06:33,028 - INFO - Mean (mu): 6.0
2024-07-20 23:06:33,028 - INFO - Dispersion (theta): 6.0
2024-07-20 23:06:33,028 - INFO - Use Poisson distribution: False
2024-07-20 23:06:33,028 - INFO - Gene UMI counts file: gene_500_umi16_counts_rep3.txt
2024-07-20 23:06:33,028 - INFO - UMI collisions file: umi16_500_collisions_rep3.txt
2024-07-20 23:06:33,028 - INFO - Seed: None
2024-07-20 23:06:33,028 - INFO - Log file: umi16_500_rep3.log
2024-07-20 23:06:33,028 - INFO - UMI file: /varidata/research/projects/shen/projects/2024_Bens_swan_song/src/umi_collisions/umi_16.txt
2024-07-20 23:06:33,028 - INFO - No seed specified. Generated random seed: 1109665961
2024-07-20 23:06:33,028 - INFO - Using UMIs from file: /varidata/research/projects/shen/projects/2024_Bens_swan_song/src/umi_collisions/umi_16.txt
2024-07-20 23:17:26,508 - INFO - Total UMIs loaded: 4294967296
2024-07-20 23:17:26,508 - INFO - Loading parameters...
2024-07-20 23:17:26,508 - INFO - Sampling read depths for each gene...
2024-07-20 23:17:26,527 - INFO - Read depths sampling complete.
2024-07-20 23:17:26,528 - INFO - Allocating UMIs based on sampled read depths...
2024-07-20 23:17:26,528 - INFO - Allocating UMIs for gene 0...
2024-07-20 23:17:26,563 - INFO - Allocating UMIs for gene 100...
2024-07-20 23:17:26,590 - INFO - Allocating UMIs for gene 200...
2024-07-20 23:17:26,615 - INFO - Allocating UMIs for gene 300...
2024-07-20 23:17:26,639 - INFO - Allocating UMIs for gene 400...
2024-07-20 23:17:26,665 - INFO - UMI allocation complete.
2024-07-20 23:17:26,665 - INFO - Counting overall UMI occurrences...
2024-07-20 23:17:26,666 - INFO - Counting inter-gene collisions...
2024-07-20 23:17:26,667 - INFO - Total UMIs allocated: 2958
2024-07-20 23:17:26,667 - INFO - Number of unique UMIs assigned to genes: 2958
2024-07-20 23:17:26,667 - INFO - Inter-gene collisions: 0
2024-07-20 23:17:26,667 - INFO - Inter-gene collision rate: 0.00000
2024-07-20 23:17:26,667 - INFO - Writing gene UMI counts to file...
2024-07-20 23:17:26,682 - INFO - Writing UMI inter-gene collisions to file...
2024-07-20 23:17:26,684 - INFO - Simulation complete.
