2024-07-21 00:17:04,021 - INFO - Simulation Script Version: 0.0.2
2024-07-21 00:17:04,021 - INFO - Simulation Parameters:
2024-07-21 00:17:04,021 - INFO - Length of UMI: 10
2024-07-21 00:17:04,021 - INFO - Number of genes: 500
2024-07-21 00:17:04,021 - INFO - Parameters file: None
2024-07-21 00:17:04,021 - INFO - Mean (mu): 6.0
2024-07-21 00:17:04,021 - INFO - Dispersion (theta): 6.0
2024-07-21 00:17:04,021 - INFO - Use Poisson distribution: False
2024-07-21 00:17:04,021 - INFO - Gene UMI counts file: gene_500_umi16_counts_rep10.txt
2024-07-21 00:17:04,021 - INFO - UMI collisions file: umi16_500_collisions_rep10.txt
2024-07-21 00:17:04,021 - INFO - Seed: None
2024-07-21 00:17:04,022 - INFO - Log file: umi16_500_rep10.log
2024-07-21 00:17:04,022 - INFO - UMI file: /varidata/research/projects/shen/projects/2024_Bens_swan_song/src/umi_collisions/umi_16.txt
2024-07-21 00:17:04,022 - INFO - No seed specified. Generated random seed: 3624938435
2024-07-21 00:17:04,022 - INFO - Using UMIs from file: /varidata/research/projects/shen/projects/2024_Bens_swan_song/src/umi_collisions/umi_16.txt
2024-07-21 00:25:21,557 - INFO - Total UMIs loaded: 4294967296
2024-07-21 00:25:21,557 - INFO - Loading parameters...
2024-07-21 00:25:21,557 - INFO - Sampling read depths for each gene...
2024-07-21 00:25:21,576 - INFO - Read depths sampling complete.
2024-07-21 00:25:21,576 - INFO - Allocating UMIs based on sampled read depths...
2024-07-21 00:25:21,576 - INFO - Allocating UMIs for gene 0...
2024-07-21 00:25:21,855 - INFO - Allocating UMIs for gene 100...
2024-07-21 00:25:22,044 - INFO - Allocating UMIs for gene 200...
2024-07-21 00:25:22,217 - INFO - Allocating UMIs for gene 300...
2024-07-21 00:25:22,628 - INFO - Allocating UMIs for gene 400...
2024-07-21 00:25:22,935 - INFO - UMI allocation complete.
2024-07-21 00:25:22,935 - INFO - Counting overall UMI occurrences...
2024-07-21 00:25:22,936 - INFO - Counting inter-gene collisions...
2024-07-21 00:25:22,938 - INFO - Total UMIs allocated: 3033
2024-07-21 00:25:22,938 - INFO - Number of unique UMIs assigned to genes: 3033
2024-07-21 00:25:22,938 - INFO - Inter-gene collisions: 0
2024-07-21 00:25:22,938 - INFO - Inter-gene collision rate: 0.00000
2024-07-21 00:25:22,938 - INFO - Writing gene UMI counts to file...
2024-07-21 00:25:22,943 - INFO - Writing UMI inter-gene collisions to file...
2024-07-21 00:25:22,945 - INFO - Simulation complete.
