2024-07-21 00:07:44,448 - INFO - Simulation Script Version: 0.0.2
2024-07-21 00:07:44,448 - INFO - Simulation Parameters:
2024-07-21 00:07:44,448 - INFO - Length of UMI: 10
2024-07-21 00:07:44,448 - INFO - Number of genes: 500
2024-07-21 00:07:44,448 - INFO - Parameters file: None
2024-07-21 00:07:44,448 - INFO - Mean (mu): 6.0
2024-07-21 00:07:44,448 - INFO - Dispersion (theta): 6.0
2024-07-21 00:07:44,448 - INFO - Use Poisson distribution: False
2024-07-21 00:07:44,448 - INFO - Gene UMI counts file: gene_500_umi16_counts_rep9.txt
2024-07-21 00:07:44,448 - INFO - UMI collisions file: umi16_500_collisions_rep9.txt
2024-07-21 00:07:44,448 - INFO - Seed: None
2024-07-21 00:07:44,448 - INFO - Log file: umi16_500_rep9.log
2024-07-21 00:07:44,448 - INFO - UMI file: /varidata/research/projects/shen/projects/2024_Bens_swan_song/src/umi_collisions/umi_16.txt
2024-07-21 00:07:44,448 - INFO - No seed specified. Generated random seed: 4236782853
2024-07-21 00:07:44,448 - INFO - Using UMIs from file: /varidata/research/projects/shen/projects/2024_Bens_swan_song/src/umi_collisions/umi_16.txt
2024-07-21 00:17:00,399 - INFO - Total UMIs loaded: 4294967296
2024-07-21 00:17:00,399 - INFO - Loading parameters...
2024-07-21 00:17:00,399 - INFO - Sampling read depths for each gene...
2024-07-21 00:17:00,419 - INFO - Read depths sampling complete.
2024-07-21 00:17:00,419 - INFO - Allocating UMIs based on sampled read depths...
2024-07-21 00:17:00,419 - INFO - Allocating UMIs for gene 0...
2024-07-21 00:17:00,794 - INFO - Allocating UMIs for gene 100...
2024-07-21 00:17:01,382 - INFO - Allocating UMIs for gene 200...
2024-07-21 00:17:01,817 - INFO - Allocating UMIs for gene 300...
2024-07-21 00:17:02,391 - INFO - Allocating UMIs for gene 400...
2024-07-21 00:17:02,970 - INFO - UMI allocation complete.
2024-07-21 00:17:02,970 - INFO - Counting overall UMI occurrences...
2024-07-21 00:17:02,970 - INFO - Counting inter-gene collisions...
2024-07-21 00:17:02,972 - INFO - Total UMIs allocated: 2984
2024-07-21 00:17:02,972 - INFO - Number of unique UMIs assigned to genes: 2984
2024-07-21 00:17:02,972 - INFO - Inter-gene collisions: 0
2024-07-21 00:17:02,972 - INFO - Inter-gene collision rate: 0.00000
2024-07-21 00:17:02,972 - INFO - Writing gene UMI counts to file...
2024-07-21 00:17:02,993 - INFO - Writing UMI inter-gene collisions to file...
2024-07-21 00:17:02,995 - INFO - Simulation complete.
