2024-07-20 23:58:51,844 - INFO - Simulation Script Version: 0.0.2
2024-07-20 23:58:51,844 - INFO - Simulation Parameters:
2024-07-20 23:58:51,844 - INFO - Length of UMI: 10
2024-07-20 23:58:51,844 - INFO - Number of genes: 2000
2024-07-20 23:58:51,844 - INFO - Parameters file: None
2024-07-20 23:58:51,844 - INFO - Mean (mu): 6.0
2024-07-20 23:58:51,844 - INFO - Dispersion (theta): 6.0
2024-07-20 23:58:51,844 - INFO - Use Poisson distribution: False
2024-07-20 23:58:51,844 - INFO - Gene UMI counts file: gene_2000_umi16_counts_rep8.txt
2024-07-20 23:58:51,844 - INFO - UMI collisions file: umi16_2000_collisions_rep8.txt
2024-07-20 23:58:51,844 - INFO - Seed: None
2024-07-20 23:58:51,844 - INFO - Log file: umi16_2000_rep8.log
2024-07-20 23:58:51,844 - INFO - UMI file: /varidata/research/projects/shen/projects/2024_Bens_swan_song/src/umi_collisions/umi_16.txt
2024-07-20 23:58:51,844 - INFO - No seed specified. Generated random seed: 4216632157
2024-07-20 23:58:51,844 - INFO - Using UMIs from file: /varidata/research/projects/shen/projects/2024_Bens_swan_song/src/umi_collisions/umi_16.txt
2024-07-21 00:08:14,906 - INFO - Total UMIs loaded: 4294967296
2024-07-21 00:08:14,906 - INFO - Loading parameters...
2024-07-21 00:08:14,907 - INFO - Sampling read depths for each gene...
2024-07-21 00:08:14,983 - INFO - Read depths sampling complete.
2024-07-21 00:08:14,983 - INFO - Allocating UMIs based on sampled read depths...
2024-07-21 00:08:14,983 - INFO - Allocating UMIs for gene 0...
2024-07-21 00:08:15,192 - INFO - Allocating UMIs for gene 100...
2024-07-21 00:08:15,431 - INFO - Allocating UMIs for gene 200...
2024-07-21 00:08:15,675 - INFO - Allocating UMIs for gene 300...
2024-07-21 00:08:15,900 - INFO - Allocating UMIs for gene 400...
2024-07-21 00:08:16,056 - INFO - Allocating UMIs for gene 500...
2024-07-21 00:08:16,238 - INFO - Allocating UMIs for gene 600...
2024-07-21 00:08:16,636 - INFO - Allocating UMIs for gene 700...
2024-07-21 00:08:16,812 - INFO - Allocating UMIs for gene 800...
2024-07-21 00:08:17,135 - INFO - Allocating UMIs for gene 900...
2024-07-21 00:08:17,372 - INFO - Allocating UMIs for gene 1000...
2024-07-21 00:08:17,690 - INFO - Allocating UMIs for gene 1100...
2024-07-21 00:08:18,009 - INFO - Allocating UMIs for gene 1200...
2024-07-21 00:08:18,259 - INFO - Allocating UMIs for gene 1300...
2024-07-21 00:08:18,646 - INFO - Allocating UMIs for gene 1400...
2024-07-21 00:08:18,863 - INFO - Allocating UMIs for gene 1500...
2024-07-21 00:08:19,082 - INFO - Allocating UMIs for gene 1600...
2024-07-21 00:08:19,210 - INFO - Allocating UMIs for gene 1700...
2024-07-21 00:08:19,461 - INFO - Allocating UMIs for gene 1800...
2024-07-21 00:08:19,688 - INFO - Allocating UMIs for gene 1900...
2024-07-21 00:08:20,022 - INFO - UMI allocation complete.
2024-07-21 00:08:20,022 - INFO - Counting overall UMI occurrences...
2024-07-21 00:08:20,024 - INFO - Counting inter-gene collisions...
2024-07-21 00:08:20,031 - INFO - Total UMIs allocated: 11762
2024-07-21 00:08:20,031 - INFO - Number of unique UMIs assigned to genes: 11762
2024-07-21 00:08:20,031 - INFO - Inter-gene collisions: 0
2024-07-21 00:08:20,031 - INFO - Inter-gene collision rate: 0.00000
2024-07-21 00:08:20,031 - INFO - Writing gene UMI counts to file...
2024-07-21 00:08:20,042 - INFO - Writing UMI inter-gene collisions to file...
2024-07-21 00:08:20,047 - INFO - Simulation complete.
