2024-07-20 23:06:38,416 - INFO - Simulation Script Version: 0.0.2
2024-07-20 23:06:38,416 - INFO - Simulation Parameters:
2024-07-20 23:06:38,416 - INFO - Length of UMI: 10
2024-07-20 23:06:38,417 - INFO - Number of genes: 2000
2024-07-20 23:06:38,417 - INFO - Parameters file: None
2024-07-20 23:06:38,417 - INFO - Mean (mu): 6.0
2024-07-20 23:06:38,417 - INFO - Dispersion (theta): 6.0
2024-07-20 23:06:38,417 - INFO - Use Poisson distribution: False
2024-07-20 23:06:38,417 - INFO - Gene UMI counts file: gene_2000_umi16_counts_rep3.txt
2024-07-20 23:06:38,417 - INFO - UMI collisions file: umi16_2000_collisions_rep3.txt
2024-07-20 23:06:38,417 - INFO - Seed: None
2024-07-20 23:06:38,417 - INFO - Log file: umi16_2000_rep3.log
2024-07-20 23:06:38,417 - INFO - UMI file: /varidata/research/projects/shen/projects/2024_Bens_swan_song/src/umi_collisions/umi_16.txt
2024-07-20 23:06:38,417 - INFO - No seed specified. Generated random seed: 3188294518
2024-07-20 23:06:38,417 - INFO - Using UMIs from file: /varidata/research/projects/shen/projects/2024_Bens_swan_song/src/umi_collisions/umi_16.txt
2024-07-20 23:16:46,655 - INFO - Total UMIs loaded: 4294967296
2024-07-20 23:16:46,656 - INFO - Loading parameters...
2024-07-20 23:16:46,656 - INFO - Sampling read depths for each gene...
2024-07-20 23:16:46,732 - INFO - Read depths sampling complete.
2024-07-20 23:16:46,732 - INFO - Allocating UMIs based on sampled read depths...
2024-07-20 23:16:46,732 - INFO - Allocating UMIs for gene 0...
2024-07-20 23:16:46,759 - INFO - Allocating UMIs for gene 100...
2024-07-20 23:16:46,788 - INFO - Allocating UMIs for gene 200...
2024-07-20 23:16:46,827 - INFO - Allocating UMIs for gene 300...
2024-07-20 23:16:46,868 - INFO - Allocating UMIs for gene 400...
2024-07-20 23:16:46,908 - INFO - Allocating UMIs for gene 500...
2024-07-20 23:16:46,934 - INFO - Allocating UMIs for gene 600...
2024-07-20 23:16:46,961 - INFO - Allocating UMIs for gene 700...
2024-07-20 23:16:46,987 - INFO - Allocating UMIs for gene 800...
2024-07-20 23:16:47,013 - INFO - Allocating UMIs for gene 900...
2024-07-20 23:16:47,062 - INFO - Allocating UMIs for gene 1000...
2024-07-20 23:16:47,088 - INFO - Allocating UMIs for gene 1100...
2024-07-20 23:16:47,115 - INFO - Allocating UMIs for gene 1200...
2024-07-20 23:16:47,143 - INFO - Allocating UMIs for gene 1300...
2024-07-20 23:16:47,198 - INFO - Allocating UMIs for gene 1400...
2024-07-20 23:16:47,233 - INFO - Allocating UMIs for gene 1500...
2024-07-20 23:16:47,265 - INFO - Allocating UMIs for gene 1600...
2024-07-20 23:16:47,293 - INFO - Allocating UMIs for gene 1700...
2024-07-20 23:16:47,317 - INFO - Allocating UMIs for gene 1800...
2024-07-20 23:16:47,346 - INFO - Allocating UMIs for gene 1900...
2024-07-20 23:16:47,379 - INFO - UMI allocation complete.
2024-07-20 23:16:47,379 - INFO - Counting overall UMI occurrences...
2024-07-20 23:16:47,381 - INFO - Counting inter-gene collisions...
2024-07-20 23:16:47,389 - INFO - Total UMIs allocated: 12168
2024-07-20 23:16:47,389 - INFO - Number of unique UMIs assigned to genes: 12168
2024-07-20 23:16:47,389 - INFO - Inter-gene collisions: 0
2024-07-20 23:16:47,389 - INFO - Inter-gene collision rate: 0.00000
2024-07-20 23:16:47,389 - INFO - Writing gene UMI counts to file...
2024-07-20 23:16:47,405 - INFO - Writing UMI inter-gene collisions to file...
2024-07-20 23:16:47,407 - INFO - Simulation complete.
