2024-07-20 22:51:37,758 - INFO - Simulation Script Version: 0.0.2
2024-07-20 22:51:37,758 - INFO - Simulation Parameters:
2024-07-20 22:51:37,758 - INFO - Length of UMI: 10
2024-07-20 22:51:37,758 - INFO - Number of genes: 2000
2024-07-20 22:51:37,758 - INFO - Parameters file: None
2024-07-20 22:51:37,758 - INFO - Mean (mu): 6.0
2024-07-20 22:51:37,758 - INFO - Dispersion (theta): 6.0
2024-07-20 22:51:37,758 - INFO - Use Poisson distribution: False
2024-07-20 22:51:37,758 - INFO - Gene UMI counts file: gene_2000_umi16_counts_rep1.txt
2024-07-20 22:51:37,758 - INFO - UMI collisions file: umi16_2000_collisions.txt
2024-07-20 22:51:37,758 - INFO - Seed: None
2024-07-20 22:51:37,759 - INFO - Log file: umi16_2000_rep1.log
2024-07-20 22:51:37,759 - INFO - UMI file: /varidata/research/projects/shen/projects/2024_Bens_swan_song/src/umi_collisions/umi_16.txt
2024-07-20 22:51:37,759 - INFO - No seed specified. Generated random seed: 1515227975
2024-07-20 22:51:37,759 - INFO - Using UMIs from file: /varidata/research/projects/shen/projects/2024_Bens_swan_song/src/umi_collisions/umi_16.txt
2024-07-20 22:56:52,324 - INFO - Total UMIs loaded: 4294967296
2024-07-20 22:56:52,325 - INFO - Loading parameters...
2024-07-20 22:56:52,325 - INFO - Sampling read depths for each gene...
2024-07-20 22:56:52,446 - INFO - Read depths sampling complete.
2024-07-20 22:56:52,447 - INFO - Allocating UMIs based on sampled read depths...
2024-07-20 22:56:52,447 - INFO - Allocating UMIs for gene 0...
2024-07-20 22:56:52,585 - INFO - Allocating UMIs for gene 100...
2024-07-20 22:56:52,617 - INFO - Allocating UMIs for gene 200...
2024-07-20 22:56:52,719 - INFO - Allocating UMIs for gene 300...
2024-07-20 22:56:52,774 - INFO - Allocating UMIs for gene 400...
2024-07-20 22:56:52,826 - INFO - Allocating UMIs for gene 500...
2024-07-20 22:56:52,899 - INFO - Allocating UMIs for gene 600...
2024-07-20 22:56:53,092 - INFO - Allocating UMIs for gene 700...
2024-07-20 22:56:53,279 - INFO - Allocating UMIs for gene 800...
2024-07-20 22:56:53,363 - INFO - Allocating UMIs for gene 900...
2024-07-20 22:56:53,489 - INFO - Allocating UMIs for gene 1000...
2024-07-20 22:56:53,714 - INFO - Allocating UMIs for gene 1100...
2024-07-20 22:56:53,879 - INFO - Allocating UMIs for gene 1200...
2024-07-20 22:56:54,015 - INFO - Allocating UMIs for gene 1300...
2024-07-20 22:56:54,266 - INFO - Allocating UMIs for gene 1400...
2024-07-20 22:56:54,424 - INFO - Allocating UMIs for gene 1500...
2024-07-20 22:56:54,560 - INFO - Allocating UMIs for gene 1600...
2024-07-20 22:56:54,817 - INFO - Allocating UMIs for gene 1700...
2024-07-20 22:56:54,958 - INFO - Allocating UMIs for gene 1800...
2024-07-20 22:56:55,131 - INFO - Allocating UMIs for gene 1900...
2024-07-20 22:56:55,282 - INFO - UMI allocation complete.
2024-07-20 22:56:55,282 - INFO - Counting overall UMI occurrences...
2024-07-20 22:56:55,285 - INFO - Counting inter-gene collisions...
2024-07-20 22:56:55,293 - INFO - Total UMIs allocated: 11752
2024-07-20 22:56:55,293 - INFO - Number of unique UMIs assigned to genes: 11752
2024-07-20 22:56:55,293 - INFO - Inter-gene collisions: 0
2024-07-20 22:56:55,293 - INFO - Inter-gene collision rate: 0.00000
2024-07-20 22:56:55,293 - INFO - Writing gene UMI counts to file...
2024-07-20 22:56:55,311 - INFO - Writing UMI inter-gene collisions to file...
2024-07-20 22:56:55,313 - INFO - Simulation complete.
