2024-07-20 23:48:34,317 - INFO - Simulation Script Version: 0.0.2
2024-07-20 23:48:34,317 - INFO - Simulation Parameters:
2024-07-20 23:48:34,317 - INFO - Length of UMI: 10
2024-07-20 23:48:34,317 - INFO - Number of genes: 2000
2024-07-20 23:48:34,317 - INFO - Parameters file: None
2024-07-20 23:48:34,317 - INFO - Mean (mu): 6.0
2024-07-20 23:48:34,317 - INFO - Dispersion (theta): 6.0
2024-07-20 23:48:34,317 - INFO - Use Poisson distribution: False
2024-07-20 23:48:34,317 - INFO - Gene UMI counts file: gene_2000_umi16_counts_rep7.txt
2024-07-20 23:48:34,317 - INFO - UMI collisions file: umi16_2000_collisions_rep7.txt
2024-07-20 23:48:34,317 - INFO - Seed: None
2024-07-20 23:48:34,317 - INFO - Log file: umi16_2000_rep7.log
2024-07-20 23:48:34,317 - INFO - UMI file: /varidata/research/projects/shen/projects/2024_Bens_swan_song/src/umi_collisions/umi_16.txt
2024-07-20 23:48:34,317 - INFO - No seed specified. Generated random seed: 1181048174
2024-07-20 23:48:34,318 - INFO - Using UMIs from file: /varidata/research/projects/shen/projects/2024_Bens_swan_song/src/umi_collisions/umi_16.txt
2024-07-20 23:58:43,442 - INFO - Total UMIs loaded: 4294967296
2024-07-20 23:58:43,442 - INFO - Loading parameters...
2024-07-20 23:58:43,442 - INFO - Sampling read depths for each gene...
2024-07-20 23:58:43,520 - INFO - Read depths sampling complete.
2024-07-20 23:58:43,520 - INFO - Allocating UMIs based on sampled read depths...
2024-07-20 23:58:43,520 - INFO - Allocating UMIs for gene 0...
2024-07-20 23:58:43,881 - INFO - Allocating UMIs for gene 100...
2024-07-20 23:58:44,212 - INFO - Allocating UMIs for gene 200...
2024-07-20 23:58:44,512 - INFO - Allocating UMIs for gene 300...
2024-07-20 23:58:44,719 - INFO - Allocating UMIs for gene 400...
2024-07-20 23:58:45,113 - INFO - Allocating UMIs for gene 500...
2024-07-20 23:58:45,427 - INFO - Allocating UMIs for gene 600...
2024-07-20 23:58:45,817 - INFO - Allocating UMIs for gene 700...
2024-07-20 23:58:46,157 - INFO - Allocating UMIs for gene 800...
2024-07-20 23:58:46,608 - INFO - Allocating UMIs for gene 900...
2024-07-20 23:58:46,895 - INFO - Allocating UMIs for gene 1000...
2024-07-20 23:58:47,284 - INFO - Allocating UMIs for gene 1100...
2024-07-20 23:58:47,686 - INFO - Allocating UMIs for gene 1200...
2024-07-20 23:58:47,950 - INFO - Allocating UMIs for gene 1300...
2024-07-20 23:58:48,405 - INFO - Allocating UMIs for gene 1400...
2024-07-20 23:58:48,722 - INFO - Allocating UMIs for gene 1500...
2024-07-20 23:58:49,181 - INFO - Allocating UMIs for gene 1600...
2024-07-20 23:58:49,590 - INFO - Allocating UMIs for gene 1700...
2024-07-20 23:58:49,976 - INFO - Allocating UMIs for gene 1800...
2024-07-20 23:58:50,347 - INFO - Allocating UMIs for gene 1900...
2024-07-20 23:58:50,734 - INFO - UMI allocation complete.
2024-07-20 23:58:50,734 - INFO - Counting overall UMI occurrences...
2024-07-20 23:58:50,737 - INFO - Counting inter-gene collisions...
2024-07-20 23:58:50,744 - INFO - Total UMIs allocated: 11983
2024-07-20 23:58:50,745 - INFO - Number of unique UMIs assigned to genes: 11983
2024-07-20 23:58:50,745 - INFO - Inter-gene collisions: 0
2024-07-20 23:58:50,745 - INFO - Inter-gene collision rate: 0.00000
2024-07-20 23:58:50,745 - INFO - Writing gene UMI counts to file...
2024-07-20 23:58:50,764 - INFO - Writing UMI inter-gene collisions to file...
2024-07-20 23:58:50,767 - INFO - Simulation complete.
