2024-07-20 23:27:45,863 - INFO - Simulation Script Version: 0.0.2
2024-07-20 23:27:45,863 - INFO - Simulation Parameters:
2024-07-20 23:27:45,863 - INFO - Length of UMI: 10
2024-07-20 23:27:45,863 - INFO - Number of genes: 2000
2024-07-20 23:27:45,863 - INFO - Parameters file: None
2024-07-20 23:27:45,863 - INFO - Mean (mu): 6.0
2024-07-20 23:27:45,863 - INFO - Dispersion (theta): 6.0
2024-07-20 23:27:45,863 - INFO - Use Poisson distribution: False
2024-07-20 23:27:45,863 - INFO - Gene UMI counts file: gene_2000_umi16_counts_rep5.txt
2024-07-20 23:27:45,863 - INFO - UMI collisions file: umi16_2000_collisions_rep5.txt
2024-07-20 23:27:45,863 - INFO - Seed: None
2024-07-20 23:27:45,863 - INFO - Log file: umi16_2000_rep5.log
2024-07-20 23:27:45,863 - INFO - UMI file: /varidata/research/projects/shen/projects/2024_Bens_swan_song/src/umi_collisions/umi_16.txt
2024-07-20 23:27:45,863 - INFO - No seed specified. Generated random seed: 3174285393
2024-07-20 23:27:45,863 - INFO - Using UMIs from file: /varidata/research/projects/shen/projects/2024_Bens_swan_song/src/umi_collisions/umi_16.txt
2024-07-20 23:38:32,831 - INFO - Total UMIs loaded: 4294967296
2024-07-20 23:38:32,831 - INFO - Loading parameters...
2024-07-20 23:38:32,832 - INFO - Sampling read depths for each gene...
2024-07-20 23:38:32,910 - INFO - Read depths sampling complete.
2024-07-20 23:38:32,910 - INFO - Allocating UMIs based on sampled read depths...
2024-07-20 23:38:32,910 - INFO - Allocating UMIs for gene 0...
2024-07-20 23:38:33,097 - INFO - Allocating UMIs for gene 100...
2024-07-20 23:38:33,239 - INFO - Allocating UMIs for gene 200...
2024-07-20 23:38:33,414 - INFO - Allocating UMIs for gene 300...
2024-07-20 23:38:33,520 - INFO - Allocating UMIs for gene 400...
2024-07-20 23:38:33,802 - INFO - Allocating UMIs for gene 500...
2024-07-20 23:38:33,880 - INFO - Allocating UMIs for gene 600...
2024-07-20 23:38:34,023 - INFO - Allocating UMIs for gene 700...
2024-07-20 23:38:34,179 - INFO - Allocating UMIs for gene 800...
2024-07-20 23:38:34,402 - INFO - Allocating UMIs for gene 900...
2024-07-20 23:38:34,604 - INFO - Allocating UMIs for gene 1000...
2024-07-20 23:38:34,869 - INFO - Allocating UMIs for gene 1100...
2024-07-20 23:38:35,038 - INFO - Allocating UMIs for gene 1200...
2024-07-20 23:38:35,682 - INFO - Allocating UMIs for gene 1300...
2024-07-20 23:38:35,875 - INFO - Allocating UMIs for gene 1400...
2024-07-20 23:38:36,026 - INFO - Allocating UMIs for gene 1500...
2024-07-20 23:38:36,211 - INFO - Allocating UMIs for gene 1600...
2024-07-20 23:38:36,418 - INFO - Allocating UMIs for gene 1700...
2024-07-20 23:38:36,686 - INFO - Allocating UMIs for gene 1800...
2024-07-20 23:38:36,903 - INFO - Allocating UMIs for gene 1900...
2024-07-20 23:38:37,084 - INFO - UMI allocation complete.
2024-07-20 23:38:37,084 - INFO - Counting overall UMI occurrences...
2024-07-20 23:38:37,087 - INFO - Counting inter-gene collisions...
2024-07-20 23:38:37,094 - INFO - Total UMIs allocated: 11742
2024-07-20 23:38:37,095 - INFO - Number of unique UMIs assigned to genes: 11742
2024-07-20 23:38:37,095 - INFO - Inter-gene collisions: 0
2024-07-20 23:38:37,095 - INFO - Inter-gene collision rate: 0.00000
2024-07-20 23:38:37,095 - INFO - Writing gene UMI counts to file...
2024-07-20 23:38:37,113 - INFO - Writing UMI inter-gene collisions to file...
2024-07-20 23:38:37,115 - INFO - Simulation complete.
