2024-07-20 23:16:48,530 - INFO - Simulation Script Version: 0.0.2
2024-07-20 23:16:48,531 - INFO - Simulation Parameters:
2024-07-20 23:16:48,531 - INFO - Length of UMI: 10
2024-07-20 23:16:48,531 - INFO - Number of genes: 2000
2024-07-20 23:16:48,531 - INFO - Parameters file: None
2024-07-20 23:16:48,531 - INFO - Mean (mu): 6.0
2024-07-20 23:16:48,531 - INFO - Dispersion (theta): 6.0
2024-07-20 23:16:48,531 - INFO - Use Poisson distribution: False
2024-07-20 23:16:48,531 - INFO - Gene UMI counts file: gene_2000_umi16_counts_rep4.txt
2024-07-20 23:16:48,531 - INFO - UMI collisions file: umi16_2000_collisions_rep4.txt
2024-07-20 23:16:48,531 - INFO - Seed: None
2024-07-20 23:16:48,531 - INFO - Log file: umi16_2000_rep4.log
2024-07-20 23:16:48,531 - INFO - UMI file: /varidata/research/projects/shen/projects/2024_Bens_swan_song/src/umi_collisions/umi_16.txt
2024-07-20 23:16:48,531 - INFO - No seed specified. Generated random seed: 624723243
2024-07-20 23:16:48,531 - INFO - Using UMIs from file: /varidata/research/projects/shen/projects/2024_Bens_swan_song/src/umi_collisions/umi_16.txt
2024-07-20 23:27:43,169 - INFO - Total UMIs loaded: 4294967296
2024-07-20 23:27:43,169 - INFO - Loading parameters...
2024-07-20 23:27:43,169 - INFO - Sampling read depths for each gene...
2024-07-20 23:27:43,245 - INFO - Read depths sampling complete.
2024-07-20 23:27:43,245 - INFO - Allocating UMIs based on sampled read depths...
2024-07-20 23:27:43,246 - INFO - Allocating UMIs for gene 0...
2024-07-20 23:27:43,296 - INFO - Allocating UMIs for gene 100...
2024-07-20 23:27:43,332 - INFO - Allocating UMIs for gene 200...
2024-07-20 23:27:43,408 - INFO - Allocating UMIs for gene 300...
2024-07-20 23:27:43,446 - INFO - Allocating UMIs for gene 400...
2024-07-20 23:27:43,537 - INFO - Allocating UMIs for gene 500...
2024-07-20 23:27:43,617 - INFO - Allocating UMIs for gene 600...
2024-07-20 23:27:43,693 - INFO - Allocating UMIs for gene 700...
2024-07-20 23:27:43,776 - INFO - Allocating UMIs for gene 800...
2024-07-20 23:27:43,811 - INFO - Allocating UMIs for gene 900...
2024-07-20 23:27:43,905 - INFO - Allocating UMIs for gene 1000...
2024-07-20 23:27:43,971 - INFO - Allocating UMIs for gene 1100...
2024-07-20 23:27:44,067 - INFO - Allocating UMIs for gene 1200...
2024-07-20 23:27:44,116 - INFO - Allocating UMIs for gene 1300...
2024-07-20 23:27:44,214 - INFO - Allocating UMIs for gene 1400...
2024-07-20 23:27:44,385 - INFO - Allocating UMIs for gene 1500...
2024-07-20 23:27:44,434 - INFO - Allocating UMIs for gene 1600...
2024-07-20 23:27:44,529 - INFO - Allocating UMIs for gene 1700...
2024-07-20 23:27:44,574 - INFO - Allocating UMIs for gene 1800...
2024-07-20 23:27:44,671 - INFO - Allocating UMIs for gene 1900...
2024-07-20 23:27:44,772 - INFO - UMI allocation complete.
2024-07-20 23:27:44,772 - INFO - Counting overall UMI occurrences...
2024-07-20 23:27:44,774 - INFO - Counting inter-gene collisions...
2024-07-20 23:27:44,782 - INFO - Total UMIs allocated: 12131
2024-07-20 23:27:44,782 - INFO - Number of unique UMIs assigned to genes: 12131
2024-07-20 23:27:44,782 - INFO - Inter-gene collisions: 0
2024-07-20 23:27:44,782 - INFO - Inter-gene collision rate: 0.00000
2024-07-20 23:27:44,782 - INFO - Writing gene UMI counts to file...
2024-07-20 23:27:44,803 - INFO - Writing UMI inter-gene collisions to file...
2024-07-20 23:27:44,805 - INFO - Simulation complete.
