2024-07-20 22:56:56,358 - INFO - Simulation Script Version: 0.0.2
2024-07-20 22:56:56,358 - INFO - Simulation Parameters:
2024-07-20 22:56:56,358 - INFO - Length of UMI: 10
2024-07-20 22:56:56,358 - INFO - Number of genes: 2000
2024-07-20 22:56:56,358 - INFO - Parameters file: None
2024-07-20 22:56:56,358 - INFO - Mean (mu): 6.0
2024-07-20 22:56:56,358 - INFO - Dispersion (theta): 6.0
2024-07-20 22:56:56,358 - INFO - Use Poisson distribution: False
2024-07-20 22:56:56,358 - INFO - Gene UMI counts file: gene_2000_umi16_counts_rep2.txt
2024-07-20 22:56:56,358 - INFO - UMI collisions file: umi16_2000_collisions_rep2.txt
2024-07-20 22:56:56,358 - INFO - Seed: None
2024-07-20 22:56:56,358 - INFO - Log file: umi16_2000_rep2.log
2024-07-20 22:56:56,358 - INFO - UMI file: /varidata/research/projects/shen/projects/2024_Bens_swan_song/src/umi_collisions/umi_16.txt
2024-07-20 22:56:56,358 - INFO - No seed specified. Generated random seed: 2248154753
2024-07-20 22:56:56,358 - INFO - Using UMIs from file: /varidata/research/projects/shen/projects/2024_Bens_swan_song/src/umi_collisions/umi_16.txt
2024-07-20 23:06:36,581 - INFO - Total UMIs loaded: 4294967296
2024-07-20 23:06:36,581 - INFO - Loading parameters...
2024-07-20 23:06:36,581 - INFO - Sampling read depths for each gene...
2024-07-20 23:06:36,657 - INFO - Read depths sampling complete.
2024-07-20 23:06:36,658 - INFO - Allocating UMIs based on sampled read depths...
2024-07-20 23:06:36,658 - INFO - Allocating UMIs for gene 0...
2024-07-20 23:06:36,683 - INFO - Allocating UMIs for gene 100...
2024-07-20 23:06:36,711 - INFO - Allocating UMIs for gene 200...
2024-07-20 23:06:36,737 - INFO - Allocating UMIs for gene 300...
2024-07-20 23:06:36,764 - INFO - Allocating UMIs for gene 400...
2024-07-20 23:06:36,791 - INFO - Allocating UMIs for gene 500...
2024-07-20 23:06:36,829 - INFO - Allocating UMIs for gene 600...
2024-07-20 23:06:36,855 - INFO - Allocating UMIs for gene 700...
2024-07-20 23:06:36,887 - INFO - Allocating UMIs for gene 800...
2024-07-20 23:06:36,922 - INFO - Allocating UMIs for gene 900...
2024-07-20 23:06:36,955 - INFO - Allocating UMIs for gene 1000...
2024-07-20 23:06:36,985 - INFO - Allocating UMIs for gene 1100...
2024-07-20 23:06:37,018 - INFO - Allocating UMIs for gene 1200...
2024-07-20 23:06:37,056 - INFO - Allocating UMIs for gene 1300...
2024-07-20 23:06:37,089 - INFO - Allocating UMIs for gene 1400...
2024-07-20 23:06:37,122 - INFO - Allocating UMIs for gene 1500...
2024-07-20 23:06:37,159 - INFO - Allocating UMIs for gene 1600...
2024-07-20 23:06:37,198 - INFO - Allocating UMIs for gene 1700...
2024-07-20 23:06:37,236 - INFO - Allocating UMIs for gene 1800...
2024-07-20 23:06:37,268 - INFO - Allocating UMIs for gene 1900...
2024-07-20 23:06:37,307 - INFO - UMI allocation complete.
2024-07-20 23:06:37,307 - INFO - Counting overall UMI occurrences...
2024-07-20 23:06:37,309 - INFO - Counting inter-gene collisions...
2024-07-20 23:06:37,316 - INFO - Total UMIs allocated: 12092
2024-07-20 23:06:37,316 - INFO - Number of unique UMIs assigned to genes: 12092
2024-07-20 23:06:37,316 - INFO - Inter-gene collisions: 0
2024-07-20 23:06:37,317 - INFO - Inter-gene collision rate: 0.00000
2024-07-20 23:06:37,317 - INFO - Writing gene UMI counts to file...
2024-07-20 23:06:37,343 - INFO - Writing UMI inter-gene collisions to file...
2024-07-20 23:06:37,346 - INFO - Simulation complete.
