2024-07-20 23:38:38,220 - INFO - Simulation Script Version: 0.0.2
2024-07-20 23:38:38,220 - INFO - Simulation Parameters:
2024-07-20 23:38:38,220 - INFO - Length of UMI: 10
2024-07-20 23:38:38,220 - INFO - Number of genes: 2000
2024-07-20 23:38:38,220 - INFO - Parameters file: None
2024-07-20 23:38:38,220 - INFO - Mean (mu): 6.0
2024-07-20 23:38:38,220 - INFO - Dispersion (theta): 6.0
2024-07-20 23:38:38,220 - INFO - Use Poisson distribution: False
2024-07-20 23:38:38,220 - INFO - Gene UMI counts file: gene_2000_umi16_counts_rep6.txt
2024-07-20 23:38:38,220 - INFO - UMI collisions file: umi16_2000_collisions_rep6.txt
2024-07-20 23:38:38,220 - INFO - Seed: None
2024-07-20 23:38:38,220 - INFO - Log file: umi16_2000_rep6.log
2024-07-20 23:38:38,220 - INFO - UMI file: /varidata/research/projects/shen/projects/2024_Bens_swan_song/src/umi_collisions/umi_16.txt
2024-07-20 23:38:38,220 - INFO - No seed specified. Generated random seed: 2964900047
2024-07-20 23:38:38,220 - INFO - Using UMIs from file: /varidata/research/projects/shen/projects/2024_Bens_swan_song/src/umi_collisions/umi_16.txt
2024-07-20 23:48:31,093 - INFO - Total UMIs loaded: 4294967296
2024-07-20 23:48:31,094 - INFO - Loading parameters...
2024-07-20 23:48:31,094 - INFO - Sampling read depths for each gene...
2024-07-20 23:48:31,170 - INFO - Read depths sampling complete.
2024-07-20 23:48:31,170 - INFO - Allocating UMIs based on sampled read depths...
2024-07-20 23:48:31,170 - INFO - Allocating UMIs for gene 0...
2024-07-20 23:48:31,249 - INFO - Allocating UMIs for gene 100...
2024-07-20 23:48:31,349 - INFO - Allocating UMIs for gene 200...
2024-07-20 23:48:31,395 - INFO - Allocating UMIs for gene 300...
2024-07-20 23:48:31,504 - INFO - Allocating UMIs for gene 400...
2024-07-20 23:48:31,594 - INFO - Allocating UMIs for gene 500...
2024-07-20 23:48:31,639 - INFO - Allocating UMIs for gene 600...
2024-07-20 23:48:31,672 - INFO - Allocating UMIs for gene 700...
2024-07-20 23:48:31,740 - INFO - Allocating UMIs for gene 800...
2024-07-20 23:48:31,791 - INFO - Allocating UMIs for gene 900...
2024-07-20 23:48:31,863 - INFO - Allocating UMIs for gene 1000...
2024-07-20 23:48:31,969 - INFO - Allocating UMIs for gene 1100...
2024-07-20 23:48:32,111 - INFO - Allocating UMIs for gene 1200...
2024-07-20 23:48:32,220 - INFO - Allocating UMIs for gene 1300...
2024-07-20 23:48:32,368 - INFO - Allocating UMIs for gene 1400...
2024-07-20 23:48:32,502 - INFO - Allocating UMIs for gene 1500...
2024-07-20 23:48:32,690 - INFO - Allocating UMIs for gene 1600...
2024-07-20 23:48:32,796 - INFO - Allocating UMIs for gene 1700...
2024-07-20 23:48:32,881 - INFO - Allocating UMIs for gene 1800...
2024-07-20 23:48:33,025 - INFO - Allocating UMIs for gene 1900...
2024-07-20 23:48:33,202 - INFO - UMI allocation complete.
2024-07-20 23:48:33,202 - INFO - Counting overall UMI occurrences...
2024-07-20 23:48:33,204 - INFO - Counting inter-gene collisions...
2024-07-20 23:48:33,211 - INFO - Total UMIs allocated: 12148
2024-07-20 23:48:33,211 - INFO - Number of unique UMIs assigned to genes: 12148
2024-07-20 23:48:33,211 - INFO - Inter-gene collisions: 0
2024-07-20 23:48:33,211 - INFO - Inter-gene collision rate: 0.00000
2024-07-20 23:48:33,211 - INFO - Writing gene UMI counts to file...
2024-07-20 23:48:33,227 - INFO - Writing UMI inter-gene collisions to file...
2024-07-20 23:48:33,229 - INFO - Simulation complete.
