2024-07-21 00:17:05,406 - INFO - Simulation Script Version: 0.0.2
2024-07-21 00:17:05,406 - INFO - Simulation Parameters:
2024-07-21 00:17:05,406 - INFO - Length of UMI: 10
2024-07-21 00:17:05,406 - INFO - Number of genes: 2000
2024-07-21 00:17:05,406 - INFO - Parameters file: None
2024-07-21 00:17:05,406 - INFO - Mean (mu): 6.0
2024-07-21 00:17:05,406 - INFO - Dispersion (theta): 6.0
2024-07-21 00:17:05,406 - INFO - Use Poisson distribution: False
2024-07-21 00:17:05,406 - INFO - Gene UMI counts file: gene_2000_umi16_counts_rep10.txt
2024-07-21 00:17:05,406 - INFO - UMI collisions file: umi16_2000_collisions_rep10.txt
2024-07-21 00:17:05,406 - INFO - Seed: None
2024-07-21 00:17:05,406 - INFO - Log file: umi16_2000_rep10.log
2024-07-21 00:17:05,406 - INFO - UMI file: /varidata/research/projects/shen/projects/2024_Bens_swan_song/src/umi_collisions/umi_16.txt
2024-07-21 00:17:05,406 - INFO - No seed specified. Generated random seed: 3902817769
2024-07-21 00:17:05,406 - INFO - Using UMIs from file: /varidata/research/projects/shen/projects/2024_Bens_swan_song/src/umi_collisions/umi_16.txt
2024-07-21 00:25:13,822 - INFO - Total UMIs loaded: 4294967296
2024-07-21 00:25:13,823 - INFO - Loading parameters...
2024-07-21 00:25:13,823 - INFO - Sampling read depths for each gene...
2024-07-21 00:25:13,899 - INFO - Read depths sampling complete.
2024-07-21 00:25:13,899 - INFO - Allocating UMIs based on sampled read depths...
2024-07-21 00:25:13,899 - INFO - Allocating UMIs for gene 0...
2024-07-21 00:25:14,040 - INFO - Allocating UMIs for gene 100...
2024-07-21 00:25:14,153 - INFO - Allocating UMIs for gene 200...
2024-07-21 00:25:14,392 - INFO - Allocating UMIs for gene 300...
2024-07-21 00:25:14,653 - INFO - Allocating UMIs for gene 400...
2024-07-21 00:25:14,909 - INFO - Allocating UMIs for gene 500...
2024-07-21 00:25:15,161 - INFO - Allocating UMIs for gene 600...
2024-07-21 00:25:15,394 - INFO - Allocating UMIs for gene 700...
2024-07-21 00:25:15,518 - INFO - Allocating UMIs for gene 800...
2024-07-21 00:25:15,667 - INFO - Allocating UMIs for gene 900...
2024-07-21 00:25:15,910 - INFO - Allocating UMIs for gene 1000...
2024-07-21 00:25:16,136 - INFO - Allocating UMIs for gene 1100...
2024-07-21 00:25:16,456 - INFO - Allocating UMIs for gene 1200...
2024-07-21 00:25:16,685 - INFO - Allocating UMIs for gene 1300...
2024-07-21 00:25:16,848 - INFO - Allocating UMIs for gene 1400...
2024-07-21 00:25:17,049 - INFO - Allocating UMIs for gene 1500...
2024-07-21 00:25:17,218 - INFO - Allocating UMIs for gene 1600...
2024-07-21 00:25:17,555 - INFO - Allocating UMIs for gene 1700...
2024-07-21 00:25:17,884 - INFO - Allocating UMIs for gene 1800...
2024-07-21 00:25:18,067 - INFO - Allocating UMIs for gene 1900...
2024-07-21 00:25:18,220 - INFO - UMI allocation complete.
2024-07-21 00:25:18,220 - INFO - Counting overall UMI occurrences...
2024-07-21 00:25:18,222 - INFO - Counting inter-gene collisions...
2024-07-21 00:25:18,229 - INFO - Total UMIs allocated: 11807
2024-07-21 00:25:18,229 - INFO - Number of unique UMIs assigned to genes: 11807
2024-07-21 00:25:18,229 - INFO - Inter-gene collisions: 0
2024-07-21 00:25:18,229 - INFO - Inter-gene collision rate: 0.00000
2024-07-21 00:25:18,229 - INFO - Writing gene UMI counts to file...
2024-07-21 00:25:18,249 - INFO - Writing UMI inter-gene collisions to file...
2024-07-21 00:25:18,251 - INFO - Simulation complete.
