2024-07-21 00:09:59,143 - INFO - Simulation Script Version: 0.0.2
2024-07-21 00:09:59,145 - INFO - Simulation Parameters:
2024-07-21 00:09:59,145 - INFO - Length of UMI: 10
2024-07-21 00:09:59,145 - INFO - Number of genes: 6000
2024-07-21 00:09:59,145 - INFO - Parameters file: None
2024-07-21 00:09:59,145 - INFO - Mean (mu): 6.0
2024-07-21 00:09:59,145 - INFO - Dispersion (theta): 6.0
2024-07-21 00:09:59,145 - INFO - Use Poisson distribution: False
2024-07-21 00:09:59,145 - INFO - Gene UMI counts file: gene_6000_umi16_counts_rep9.txt
2024-07-21 00:09:59,145 - INFO - UMI collisions file: umi16_6000_collisions_rep9.txt
2024-07-21 00:09:59,145 - INFO - Seed: None
2024-07-21 00:09:59,145 - INFO - Log file: umi16_6000_rep9.log
2024-07-21 00:09:59,145 - INFO - UMI file: /varidata/research/projects/shen/projects/2024_Bens_swan_song/src/umi_collisions/umi_16.txt
2024-07-21 00:09:59,145 - INFO - No seed specified. Generated random seed: 258846198
2024-07-21 00:09:59,145 - INFO - Using UMIs from file: /varidata/research/projects/shen/projects/2024_Bens_swan_song/src/umi_collisions/umi_16.txt
2024-07-21 00:18:52,341 - INFO - Total UMIs loaded: 4294967296
2024-07-21 00:18:52,341 - INFO - Loading parameters...
2024-07-21 00:18:52,342 - INFO - Sampling read depths for each gene...
2024-07-21 00:18:52,571 - INFO - Read depths sampling complete.
2024-07-21 00:18:52,571 - INFO - Allocating UMIs based on sampled read depths...
2024-07-21 00:18:52,571 - INFO - Allocating UMIs for gene 0...
2024-07-21 00:18:52,996 - INFO - Allocating UMIs for gene 100...
2024-07-21 00:18:53,352 - INFO - Allocating UMIs for gene 200...
2024-07-21 00:18:53,764 - INFO - Allocating UMIs for gene 300...
2024-07-21 00:18:54,146 - INFO - Allocating UMIs for gene 400...
2024-07-21 00:18:54,523 - INFO - Allocating UMIs for gene 500...
2024-07-21 00:18:55,051 - INFO - Allocating UMIs for gene 600...
2024-07-21 00:18:55,507 - INFO - Allocating UMIs for gene 700...
2024-07-21 00:18:56,018 - INFO - Allocating UMIs for gene 800...
2024-07-21 00:18:56,529 - INFO - Allocating UMIs for gene 900...
2024-07-21 00:18:56,933 - INFO - Allocating UMIs for gene 1000...
2024-07-21 00:18:57,323 - INFO - Allocating UMIs for gene 1100...
2024-07-21 00:18:57,671 - INFO - Allocating UMIs for gene 1200...
2024-07-21 00:18:58,196 - INFO - Allocating UMIs for gene 1300...
2024-07-21 00:18:58,784 - INFO - Allocating UMIs for gene 1400...
2024-07-21 00:18:59,289 - INFO - Allocating UMIs for gene 1500...
2024-07-21 00:18:59,628 - INFO - Allocating UMIs for gene 1600...
2024-07-21 00:19:00,334 - INFO - Allocating UMIs for gene 1700...
2024-07-21 00:19:01,088 - INFO - Allocating UMIs for gene 1800...
2024-07-21 00:19:01,699 - INFO - Allocating UMIs for gene 1900...
2024-07-21 00:19:02,324 - INFO - Allocating UMIs for gene 2000...
2024-07-21 00:19:02,943 - INFO - Allocating UMIs for gene 2100...
2024-07-21 00:19:03,645 - INFO - Allocating UMIs for gene 2200...
2024-07-21 00:19:04,148 - INFO - Allocating UMIs for gene 2300...
2024-07-21 00:19:04,973 - INFO - Allocating UMIs for gene 2400...
2024-07-21 00:19:05,633 - INFO - Allocating UMIs for gene 2500...
2024-07-21 00:19:06,207 - INFO - Allocating UMIs for gene 2600...
2024-07-21 00:19:07,042 - INFO - Allocating UMIs for gene 2700...
2024-07-21 00:19:07,920 - INFO - Allocating UMIs for gene 2800...
2024-07-21 00:19:08,511 - INFO - Allocating UMIs for gene 2900...
2024-07-21 00:19:09,193 - INFO - Allocating UMIs for gene 3000...
2024-07-21 00:19:09,866 - INFO - Allocating UMIs for gene 3100...
2024-07-21 00:19:10,700 - INFO - Allocating UMIs for gene 3200...
2024-07-21 00:19:11,608 - INFO - Allocating UMIs for gene 3300...
2024-07-21 00:19:12,426 - INFO - Allocating UMIs for gene 3400...
2024-07-21 00:19:13,382 - INFO - Allocating UMIs for gene 3500...
2024-07-21 00:19:14,276 - INFO - Allocating UMIs for gene 3600...
2024-07-21 00:19:15,351 - INFO - Allocating UMIs for gene 3700...
2024-07-21 00:19:16,365 - INFO - Allocating UMIs for gene 3800...
2024-07-21 00:19:16,988 - INFO - Allocating UMIs for gene 3900...
2024-07-21 00:19:17,746 - INFO - Allocating UMIs for gene 4000...
2024-07-21 00:19:18,605 - INFO - Allocating UMIs for gene 4100...
2024-07-21 00:19:19,395 - INFO - Allocating UMIs for gene 4200...
2024-07-21 00:19:20,412 - INFO - Allocating UMIs for gene 4300...
2024-07-21 00:19:21,212 - INFO - Allocating UMIs for gene 4400...
2024-07-21 00:19:22,165 - INFO - Allocating UMIs for gene 4500...
2024-07-21 00:19:23,212 - INFO - Allocating UMIs for gene 4600...
2024-07-21 00:19:23,885 - INFO - Allocating UMIs for gene 4700...
2024-07-21 00:19:24,560 - INFO - Allocating UMIs for gene 4800...
2024-07-21 00:19:25,117 - INFO - Allocating UMIs for gene 4900...
2024-07-21 00:19:25,902 - INFO - Allocating UMIs for gene 5000...
2024-07-21 00:19:26,748 - INFO - Allocating UMIs for gene 5100...
2024-07-21 00:19:27,572 - INFO - Allocating UMIs for gene 5200...
2024-07-21 00:19:28,131 - INFO - Allocating UMIs for gene 5300...
2024-07-21 00:19:28,705 - INFO - Allocating UMIs for gene 5400...
2024-07-21 00:19:29,530 - INFO - Allocating UMIs for gene 5500...
2024-07-21 00:19:30,268 - INFO - Allocating UMIs for gene 5600...
2024-07-21 00:19:30,929 - INFO - Allocating UMIs for gene 5700...
2024-07-21 00:19:31,685 - INFO - Allocating UMIs for gene 5800...
2024-07-21 00:19:32,615 - INFO - Allocating UMIs for gene 5900...
2024-07-21 00:19:33,381 - INFO - UMI allocation complete.
2024-07-21 00:19:33,381 - INFO - Counting overall UMI occurrences...
2024-07-21 00:19:33,388 - INFO - Counting inter-gene collisions...
2024-07-21 00:19:33,475 - INFO - Total UMIs allocated: 35756
2024-07-21 00:19:33,475 - INFO - Number of unique UMIs assigned to genes: 35755
2024-07-21 00:19:33,475 - INFO - Inter-gene collisions: 1
2024-07-21 00:19:33,475 - INFO - Inter-gene collision rate: 0.00003
2024-07-21 00:19:33,475 - INFO - Writing gene UMI counts to file...
2024-07-21 00:19:33,483 - INFO - Writing UMI inter-gene collisions to file...
2024-07-21 00:19:33,548 - INFO - Simulation complete.
