2024-07-20 23:28:30,210 - INFO - Simulation Script Version: 0.0.2
2024-07-20 23:28:30,213 - INFO - Simulation Parameters:
2024-07-20 23:28:30,213 - INFO - Length of UMI: 10
2024-07-20 23:28:30,213 - INFO - Number of genes: 6000
2024-07-20 23:28:30,213 - INFO - Parameters file: None
2024-07-20 23:28:30,213 - INFO - Mean (mu): 6.0
2024-07-20 23:28:30,213 - INFO - Dispersion (theta): 6.0
2024-07-20 23:28:30,213 - INFO - Use Poisson distribution: False
2024-07-20 23:28:30,213 - INFO - Gene UMI counts file: gene_6000_umi16_counts_rep5.txt
2024-07-20 23:28:30,213 - INFO - UMI collisions file: umi16_6000_collisions_rep5.txt
2024-07-20 23:28:30,213 - INFO - Seed: None
2024-07-20 23:28:30,213 - INFO - Log file: umi16_6000_rep5.log
2024-07-20 23:28:30,213 - INFO - UMI file: /varidata/research/projects/shen/projects/2024_Bens_swan_song/src/umi_collisions/umi_16.txt
2024-07-20 23:28:30,213 - INFO - No seed specified. Generated random seed: 1825458713
2024-07-20 23:28:30,213 - INFO - Using UMIs from file: /varidata/research/projects/shen/projects/2024_Bens_swan_song/src/umi_collisions/umi_16.txt
2024-07-20 23:39:19,663 - INFO - Total UMIs loaded: 4294967296
2024-07-20 23:39:19,663 - INFO - Loading parameters...
2024-07-20 23:39:19,663 - INFO - Sampling read depths for each gene...
2024-07-20 23:39:19,898 - INFO - Read depths sampling complete.
2024-07-20 23:39:19,898 - INFO - Allocating UMIs based on sampled read depths...
2024-07-20 23:39:19,898 - INFO - Allocating UMIs for gene 0...
2024-07-20 23:39:20,099 - INFO - Allocating UMIs for gene 100...
2024-07-20 23:39:20,311 - INFO - Allocating UMIs for gene 200...
2024-07-20 23:39:20,470 - INFO - Allocating UMIs for gene 300...
2024-07-20 23:39:20,632 - INFO - Allocating UMIs for gene 400...
2024-07-20 23:39:20,760 - INFO - Allocating UMIs for gene 500...
2024-07-20 23:39:20,878 - INFO - Allocating UMIs for gene 600...
2024-07-20 23:39:21,002 - INFO - Allocating UMIs for gene 700...
2024-07-20 23:39:21,180 - INFO - Allocating UMIs for gene 800...
2024-07-20 23:39:21,329 - INFO - Allocating UMIs for gene 900...
2024-07-20 23:39:21,428 - INFO - Allocating UMIs for gene 1000...
2024-07-20 23:39:21,518 - INFO - Allocating UMIs for gene 1100...
2024-07-20 23:39:21,682 - INFO - Allocating UMIs for gene 1200...
2024-07-20 23:39:21,761 - INFO - Allocating UMIs for gene 1300...
2024-07-20 23:39:21,900 - INFO - Allocating UMIs for gene 1400...
2024-07-20 23:39:22,034 - INFO - Allocating UMIs for gene 1500...
2024-07-20 23:39:22,273 - INFO - Allocating UMIs for gene 1600...
2024-07-20 23:39:22,378 - INFO - Allocating UMIs for gene 1700...
2024-07-20 23:39:22,601 - INFO - Allocating UMIs for gene 1800...
2024-07-20 23:39:22,757 - INFO - Allocating UMIs for gene 1900...
2024-07-20 23:39:22,914 - INFO - Allocating UMIs for gene 2000...
2024-07-20 23:39:23,043 - INFO - Allocating UMIs for gene 2100...
2024-07-20 23:39:23,173 - INFO - Allocating UMIs for gene 2200...
2024-07-20 23:39:23,281 - INFO - Allocating UMIs for gene 2300...
2024-07-20 23:39:23,440 - INFO - Allocating UMIs for gene 2400...
2024-07-20 23:39:24,314 - INFO - Allocating UMIs for gene 2500...
2024-07-20 23:39:24,643 - INFO - Allocating UMIs for gene 2600...
2024-07-20 23:39:24,779 - INFO - Allocating UMIs for gene 2700...
2024-07-20 23:39:25,041 - INFO - Allocating UMIs for gene 2800...
2024-07-20 23:39:25,187 - INFO - Allocating UMIs for gene 2900...
2024-07-20 23:39:25,353 - INFO - Allocating UMIs for gene 3000...
2024-07-20 23:39:25,497 - INFO - Allocating UMIs for gene 3100...
2024-07-20 23:39:25,659 - INFO - Allocating UMIs for gene 3200...
2024-07-20 23:39:25,815 - INFO - Allocating UMIs for gene 3300...
2024-07-20 23:39:26,038 - INFO - Allocating UMIs for gene 3400...
2024-07-20 23:39:26,233 - INFO - Allocating UMIs for gene 3500...
2024-07-20 23:39:26,427 - INFO - Allocating UMIs for gene 3600...
2024-07-20 23:39:26,514 - INFO - Allocating UMIs for gene 3700...
2024-07-20 23:39:26,751 - INFO - Allocating UMIs for gene 3800...
2024-07-20 23:39:27,040 - INFO - Allocating UMIs for gene 3900...
2024-07-20 23:39:27,262 - INFO - Allocating UMIs for gene 4000...
2024-07-20 23:39:27,463 - INFO - Allocating UMIs for gene 4100...
2024-07-20 23:39:27,731 - INFO - Allocating UMIs for gene 4200...
2024-07-20 23:39:27,992 - INFO - Allocating UMIs for gene 4300...
2024-07-20 23:39:28,128 - INFO - Allocating UMIs for gene 4400...
2024-07-20 23:39:28,276 - INFO - Allocating UMIs for gene 4500...
2024-07-20 23:39:28,502 - INFO - Allocating UMIs for gene 4600...
2024-07-20 23:39:28,700 - INFO - Allocating UMIs for gene 4700...
2024-07-20 23:39:28,926 - INFO - Allocating UMIs for gene 4800...
2024-07-20 23:39:29,116 - INFO - Allocating UMIs for gene 4900...
2024-07-20 23:39:29,323 - INFO - Allocating UMIs for gene 5000...
2024-07-20 23:39:29,631 - INFO - Allocating UMIs for gene 5100...
2024-07-20 23:39:29,809 - INFO - Allocating UMIs for gene 5200...
2024-07-20 23:39:30,029 - INFO - Allocating UMIs for gene 5300...
2024-07-20 23:39:30,280 - INFO - Allocating UMIs for gene 5400...
2024-07-20 23:39:30,423 - INFO - Allocating UMIs for gene 5500...
2024-07-20 23:39:30,622 - INFO - Allocating UMIs for gene 5600...
2024-07-20 23:39:30,913 - INFO - Allocating UMIs for gene 5700...
2024-07-20 23:39:31,249 - INFO - Allocating UMIs for gene 5800...
2024-07-20 23:39:31,515 - INFO - Allocating UMIs for gene 5900...
2024-07-20 23:39:31,896 - INFO - UMI allocation complete.
2024-07-20 23:39:31,896 - INFO - Counting overall UMI occurrences...
2024-07-20 23:39:31,902 - INFO - Counting inter-gene collisions...
2024-07-20 23:39:31,967 - INFO - Total UMIs allocated: 35570
2024-07-20 23:39:31,968 - INFO - Number of unique UMIs assigned to genes: 35570
2024-07-20 23:39:31,968 - INFO - Inter-gene collisions: 0
2024-07-20 23:39:31,968 - INFO - Inter-gene collision rate: 0.00000
2024-07-20 23:39:31,968 - INFO - Writing gene UMI counts to file...
2024-07-20 23:39:32,002 - INFO - Writing UMI inter-gene collisions to file...
2024-07-20 23:39:32,005 - INFO - Simulation complete.
