2024-07-20 23:18:07,822 - INFO - Simulation Script Version: 0.0.2
2024-07-20 23:18:07,824 - INFO - Simulation Parameters:
2024-07-20 23:18:07,824 - INFO - Length of UMI: 10
2024-07-20 23:18:07,824 - INFO - Number of genes: 6000
2024-07-20 23:18:07,824 - INFO - Parameters file: None
2024-07-20 23:18:07,824 - INFO - Mean (mu): 6.0
2024-07-20 23:18:07,824 - INFO - Dispersion (theta): 6.0
2024-07-20 23:18:07,824 - INFO - Use Poisson distribution: False
2024-07-20 23:18:07,824 - INFO - Gene UMI counts file: gene_6000_umi16_counts_rep4.txt
2024-07-20 23:18:07,824 - INFO - UMI collisions file: umi16_6000_collisions_rep4.txt
2024-07-20 23:18:07,824 - INFO - Seed: None
2024-07-20 23:18:07,824 - INFO - Log file: umi16_6000_rep4.log
2024-07-20 23:18:07,824 - INFO - UMI file: /varidata/research/projects/shen/projects/2024_Bens_swan_song/src/umi_collisions/umi_16.txt
2024-07-20 23:18:07,825 - INFO - No seed specified. Generated random seed: 1367706855
2024-07-20 23:18:07,825 - INFO - Using UMIs from file: /varidata/research/projects/shen/projects/2024_Bens_swan_song/src/umi_collisions/umi_16.txt
2024-07-20 23:28:24,823 - INFO - Total UMIs loaded: 4294967296
2024-07-20 23:28:24,823 - INFO - Loading parameters...
2024-07-20 23:28:24,823 - INFO - Sampling read depths for each gene...
2024-07-20 23:28:25,048 - INFO - Read depths sampling complete.
2024-07-20 23:28:25,048 - INFO - Allocating UMIs based on sampled read depths...
2024-07-20 23:28:25,048 - INFO - Allocating UMIs for gene 0...
2024-07-20 23:28:25,081 - INFO - Allocating UMIs for gene 100...
2024-07-20 23:28:25,111 - INFO - Allocating UMIs for gene 200...
2024-07-20 23:28:25,142 - INFO - Allocating UMIs for gene 300...
2024-07-20 23:28:25,169 - INFO - Allocating UMIs for gene 400...
2024-07-20 23:28:25,193 - INFO - Allocating UMIs for gene 500...
2024-07-20 23:28:25,224 - INFO - Allocating UMIs for gene 600...
2024-07-20 23:28:25,255 - INFO - Allocating UMIs for gene 700...
2024-07-20 23:28:25,286 - INFO - Allocating UMIs for gene 800...
2024-07-20 23:28:25,321 - INFO - Allocating UMIs for gene 900...
2024-07-20 23:28:25,351 - INFO - Allocating UMIs for gene 1000...
2024-07-20 23:28:25,395 - INFO - Allocating UMIs for gene 1100...
2024-07-20 23:28:25,433 - INFO - Allocating UMIs for gene 1200...
2024-07-20 23:28:25,465 - INFO - Allocating UMIs for gene 1300...
2024-07-20 23:28:25,496 - INFO - Allocating UMIs for gene 1400...
2024-07-20 23:28:25,544 - INFO - Allocating UMIs for gene 1500...
2024-07-20 23:28:25,586 - INFO - Allocating UMIs for gene 1600...
2024-07-20 23:28:25,633 - INFO - Allocating UMIs for gene 1700...
2024-07-20 23:28:25,667 - INFO - Allocating UMIs for gene 1800...
2024-07-20 23:28:25,710 - INFO - Allocating UMIs for gene 1900...
2024-07-20 23:28:25,764 - INFO - Allocating UMIs for gene 2000...
2024-07-20 23:28:25,813 - INFO - Allocating UMIs for gene 2100...
2024-07-20 23:28:25,863 - INFO - Allocating UMIs for gene 2200...
2024-07-20 23:28:25,921 - INFO - Allocating UMIs for gene 2300...
2024-07-20 23:28:25,974 - INFO - Allocating UMIs for gene 2400...
2024-07-20 23:28:26,023 - INFO - Allocating UMIs for gene 2500...
2024-07-20 23:28:26,063 - INFO - Allocating UMIs for gene 2600...
2024-07-20 23:28:26,114 - INFO - Allocating UMIs for gene 2700...
2024-07-20 23:28:26,150 - INFO - Allocating UMIs for gene 2800...
2024-07-20 23:28:26,201 - INFO - Allocating UMIs for gene 2900...
2024-07-20 23:28:26,244 - INFO - Allocating UMIs for gene 3000...
2024-07-20 23:28:26,344 - INFO - Allocating UMIs for gene 3100...
2024-07-20 23:28:26,435 - INFO - Allocating UMIs for gene 3200...
2024-07-20 23:28:26,547 - INFO - Allocating UMIs for gene 3300...
2024-07-20 23:28:26,609 - INFO - Allocating UMIs for gene 3400...
2024-07-20 23:28:26,654 - INFO - Allocating UMIs for gene 3500...
2024-07-20 23:28:26,762 - INFO - Allocating UMIs for gene 3600...
2024-07-20 23:28:26,884 - INFO - Allocating UMIs for gene 3700...
2024-07-20 23:28:26,960 - INFO - Allocating UMIs for gene 3800...
2024-07-20 23:28:27,067 - INFO - Allocating UMIs for gene 3900...
2024-07-20 23:28:27,136 - INFO - Allocating UMIs for gene 4000...
2024-07-20 23:28:27,196 - INFO - Allocating UMIs for gene 4100...
2024-07-20 23:28:27,279 - INFO - Allocating UMIs for gene 4200...
2024-07-20 23:28:27,374 - INFO - Allocating UMIs for gene 4300...
2024-07-20 23:28:27,430 - INFO - Allocating UMIs for gene 4400...
2024-07-20 23:28:27,526 - INFO - Allocating UMIs for gene 4500...
2024-07-20 23:28:27,621 - INFO - Allocating UMIs for gene 4600...
2024-07-20 23:28:27,697 - INFO - Allocating UMIs for gene 4700...
2024-07-20 23:28:27,771 - INFO - Allocating UMIs for gene 4800...
2024-07-20 23:28:27,912 - INFO - Allocating UMIs for gene 4900...
2024-07-20 23:28:27,991 - INFO - Allocating UMIs for gene 5000...
2024-07-20 23:28:28,109 - INFO - Allocating UMIs for gene 5100...
2024-07-20 23:28:28,228 - INFO - Allocating UMIs for gene 5200...
2024-07-20 23:28:28,301 - INFO - Allocating UMIs for gene 5300...
2024-07-20 23:28:28,382 - INFO - Allocating UMIs for gene 5400...
2024-07-20 23:28:28,444 - INFO - Allocating UMIs for gene 5500...
2024-07-20 23:28:28,588 - INFO - Allocating UMIs for gene 5600...
2024-07-20 23:28:28,705 - INFO - Allocating UMIs for gene 5700...
2024-07-20 23:28:28,834 - INFO - Allocating UMIs for gene 5800...
2024-07-20 23:28:28,959 - INFO - Allocating UMIs for gene 5900...
2024-07-20 23:28:29,019 - INFO - UMI allocation complete.
2024-07-20 23:28:29,019 - INFO - Counting overall UMI occurrences...
2024-07-20 23:28:29,025 - INFO - Counting inter-gene collisions...
2024-07-20 23:28:29,088 - INFO - Total UMIs allocated: 36448
2024-07-20 23:28:29,088 - INFO - Number of unique UMIs assigned to genes: 36448
2024-07-20 23:28:29,088 - INFO - Inter-gene collisions: 0
2024-07-20 23:28:29,088 - INFO - Inter-gene collision rate: 0.00000
2024-07-20 23:28:29,088 - INFO - Writing gene UMI counts to file...
2024-07-20 23:28:29,111 - INFO - Writing UMI inter-gene collisions to file...
2024-07-20 23:28:29,113 - INFO - Simulation complete.
