2024-07-21 00:00:36,025 - INFO - Simulation Script Version: 0.0.2
2024-07-21 00:00:36,027 - INFO - Simulation Parameters:
2024-07-21 00:00:36,027 - INFO - Length of UMI: 10
2024-07-21 00:00:36,027 - INFO - Number of genes: 6000
2024-07-21 00:00:36,027 - INFO - Parameters file: None
2024-07-21 00:00:36,027 - INFO - Mean (mu): 6.0
2024-07-21 00:00:36,027 - INFO - Dispersion (theta): 6.0
2024-07-21 00:00:36,027 - INFO - Use Poisson distribution: False
2024-07-21 00:00:36,027 - INFO - Gene UMI counts file: gene_6000_umi16_counts_rep8.txt
2024-07-21 00:00:36,027 - INFO - UMI collisions file: umi16_6000_collisions_rep8.txt
2024-07-21 00:00:36,027 - INFO - Seed: None
2024-07-21 00:00:36,027 - INFO - Log file: umi16_6000_rep8.log
2024-07-21 00:00:36,027 - INFO - UMI file: /varidata/research/projects/shen/projects/2024_Bens_swan_song/src/umi_collisions/umi_16.txt
2024-07-21 00:00:36,027 - INFO - No seed specified. Generated random seed: 1475358226
2024-07-21 00:00:36,027 - INFO - Using UMIs from file: /varidata/research/projects/shen/projects/2024_Bens_swan_song/src/umi_collisions/umi_16.txt
2024-07-21 00:09:16,494 - INFO - Total UMIs loaded: 4294967296
2024-07-21 00:09:16,495 - INFO - Loading parameters...
2024-07-21 00:09:16,495 - INFO - Sampling read depths for each gene...
2024-07-21 00:09:16,723 - INFO - Read depths sampling complete.
2024-07-21 00:09:16,723 - INFO - Allocating UMIs based on sampled read depths...
2024-07-21 00:09:16,723 - INFO - Allocating UMIs for gene 0...
2024-07-21 00:09:17,314 - INFO - Allocating UMIs for gene 100...
2024-07-21 00:09:17,912 - INFO - Allocating UMIs for gene 200...
2024-07-21 00:09:18,293 - INFO - Allocating UMIs for gene 300...
2024-07-21 00:09:18,617 - INFO - Allocating UMIs for gene 400...
2024-07-21 00:09:19,209 - INFO - Allocating UMIs for gene 500...
2024-07-21 00:09:19,845 - INFO - Allocating UMIs for gene 600...
2024-07-21 00:09:20,298 - INFO - Allocating UMIs for gene 700...
2024-07-21 00:09:20,875 - INFO - Allocating UMIs for gene 800...
2024-07-21 00:09:21,491 - INFO - Allocating UMIs for gene 900...
2024-07-21 00:09:22,058 - INFO - Allocating UMIs for gene 1000...
2024-07-21 00:09:22,782 - INFO - Allocating UMIs for gene 1100...
2024-07-21 00:09:23,486 - INFO - Allocating UMIs for gene 1200...
2024-07-21 00:09:24,285 - INFO - Allocating UMIs for gene 1300...
2024-07-21 00:09:25,076 - INFO - Allocating UMIs for gene 1400...
2024-07-21 00:09:25,689 - INFO - Allocating UMIs for gene 1500...
2024-07-21 00:09:26,199 - INFO - Allocating UMIs for gene 1600...
2024-07-21 00:09:27,016 - INFO - Allocating UMIs for gene 1700...
2024-07-21 00:09:27,684 - INFO - Allocating UMIs for gene 1800...
2024-07-21 00:09:28,235 - INFO - Allocating UMIs for gene 1900...
2024-07-21 00:09:28,863 - INFO - Allocating UMIs for gene 2000...
2024-07-21 00:09:29,452 - INFO - Allocating UMIs for gene 2100...
2024-07-21 00:09:30,048 - INFO - Allocating UMIs for gene 2200...
2024-07-21 00:09:30,816 - INFO - Allocating UMIs for gene 2300...
2024-07-21 00:09:31,464 - INFO - Allocating UMIs for gene 2400...
2024-07-21 00:09:31,990 - INFO - Allocating UMIs for gene 2500...
2024-07-21 00:09:32,613 - INFO - Allocating UMIs for gene 2600...
2024-07-21 00:09:33,306 - INFO - Allocating UMIs for gene 2700...
2024-07-21 00:09:34,141 - INFO - Allocating UMIs for gene 2800...
2024-07-21 00:09:34,863 - INFO - Allocating UMIs for gene 2900...
2024-07-21 00:09:35,459 - INFO - Allocating UMIs for gene 3000...
2024-07-21 00:09:36,147 - INFO - Allocating UMIs for gene 3100...
2024-07-21 00:09:36,989 - INFO - Allocating UMIs for gene 3200...
2024-07-21 00:09:37,401 - INFO - Allocating UMIs for gene 3300...
2024-07-21 00:09:38,156 - INFO - Allocating UMIs for gene 3400...
2024-07-21 00:09:38,662 - INFO - Allocating UMIs for gene 3500...
2024-07-21 00:09:39,431 - INFO - Allocating UMIs for gene 3600...
2024-07-21 00:09:40,063 - INFO - Allocating UMIs for gene 3700...
2024-07-21 00:09:40,736 - INFO - Allocating UMIs for gene 3800...
2024-07-21 00:09:41,636 - INFO - Allocating UMIs for gene 3900...
2024-07-21 00:09:42,195 - INFO - Allocating UMIs for gene 4000...
2024-07-21 00:09:42,983 - INFO - Allocating UMIs for gene 4100...
2024-07-21 00:09:43,758 - INFO - Allocating UMIs for gene 4200...
2024-07-21 00:09:44,658 - INFO - Allocating UMIs for gene 4300...
2024-07-21 00:09:45,418 - INFO - Allocating UMIs for gene 4400...
2024-07-21 00:09:46,058 - INFO - Allocating UMIs for gene 4500...
2024-07-21 00:09:46,946 - INFO - Allocating UMIs for gene 4600...
2024-07-21 00:09:47,539 - INFO - Allocating UMIs for gene 4700...
2024-07-21 00:09:48,362 - INFO - Allocating UMIs for gene 4800...
2024-07-21 00:09:48,949 - INFO - Allocating UMIs for gene 4900...
2024-07-21 00:09:49,750 - INFO - Allocating UMIs for gene 5000...
2024-07-21 00:09:50,569 - INFO - Allocating UMIs for gene 5100...
2024-07-21 00:09:51,321 - INFO - Allocating UMIs for gene 5200...
2024-07-21 00:09:52,182 - INFO - Allocating UMIs for gene 5300...
2024-07-21 00:09:52,981 - INFO - Allocating UMIs for gene 5400...
2024-07-21 00:09:53,752 - INFO - Allocating UMIs for gene 5500...
2024-07-21 00:09:54,637 - INFO - Allocating UMIs for gene 5600...
2024-07-21 00:09:55,413 - INFO - Allocating UMIs for gene 5700...
2024-07-21 00:09:56,141 - INFO - Allocating UMIs for gene 5800...
2024-07-21 00:09:57,088 - INFO - Allocating UMIs for gene 5900...
2024-07-21 00:09:57,849 - INFO - UMI allocation complete.
2024-07-21 00:09:57,849 - INFO - Counting overall UMI occurrences...
2024-07-21 00:09:57,858 - INFO - Counting inter-gene collisions...
2024-07-21 00:09:57,946 - INFO - Total UMIs allocated: 36182
2024-07-21 00:09:57,946 - INFO - Number of unique UMIs assigned to genes: 36182
2024-07-21 00:09:57,946 - INFO - Inter-gene collisions: 0
2024-07-21 00:09:57,946 - INFO - Inter-gene collision rate: 0.00000
2024-07-21 00:09:57,946 - INFO - Writing gene UMI counts to file...
2024-07-21 00:09:57,955 - INFO - Writing UMI inter-gene collisions to file...
2024-07-21 00:09:57,959 - INFO - Simulation complete.
