2024-07-20 22:57:26,622 - INFO - Simulation Script Version: 0.0.2
2024-07-20 22:57:26,624 - INFO - Simulation Parameters:
2024-07-20 22:57:26,624 - INFO - Length of UMI: 10
2024-07-20 22:57:26,624 - INFO - Number of genes: 6000
2024-07-20 22:57:26,624 - INFO - Parameters file: None
2024-07-20 22:57:26,624 - INFO - Mean (mu): 6.0
2024-07-20 22:57:26,624 - INFO - Dispersion (theta): 6.0
2024-07-20 22:57:26,624 - INFO - Use Poisson distribution: False
2024-07-20 22:57:26,625 - INFO - Gene UMI counts file: gene_6000_umi16_counts_rep2.txt
2024-07-20 22:57:26,625 - INFO - UMI collisions file: umi16_6000_collisions_rep2.txt
2024-07-20 22:57:26,625 - INFO - Seed: None
2024-07-20 22:57:26,625 - INFO - Log file: umi16_6000_rep2.log
2024-07-20 22:57:26,625 - INFO - UMI file: /varidata/research/projects/shen/projects/2024_Bens_swan_song/src/umi_collisions/umi_16.txt
2024-07-20 22:57:26,625 - INFO - No seed specified. Generated random seed: 4047716741
2024-07-20 22:57:26,625 - INFO - Using UMIs from file: /varidata/research/projects/shen/projects/2024_Bens_swan_song/src/umi_collisions/umi_16.txt
2024-07-20 23:07:32,338 - INFO - Total UMIs loaded: 4294967296
2024-07-20 23:07:32,338 - INFO - Loading parameters...
2024-07-20 23:07:32,338 - INFO - Sampling read depths for each gene...
2024-07-20 23:07:32,566 - INFO - Read depths sampling complete.
2024-07-20 23:07:32,566 - INFO - Allocating UMIs based on sampled read depths...
2024-07-20 23:07:32,566 - INFO - Allocating UMIs for gene 0...
2024-07-20 23:07:32,634 - INFO - Allocating UMIs for gene 100...
2024-07-20 23:07:32,683 - INFO - Allocating UMIs for gene 200...
2024-07-20 23:07:32,725 - INFO - Allocating UMIs for gene 300...
2024-07-20 23:07:32,875 - INFO - Allocating UMIs for gene 400...
2024-07-20 23:07:32,935 - INFO - Allocating UMIs for gene 500...
2024-07-20 23:07:33,078 - INFO - Allocating UMIs for gene 600...
2024-07-20 23:07:33,192 - INFO - Allocating UMIs for gene 700...
2024-07-20 23:07:33,274 - INFO - Allocating UMIs for gene 800...
2024-07-20 23:07:33,347 - INFO - Allocating UMIs for gene 900...
2024-07-20 23:07:33,423 - INFO - Allocating UMIs for gene 1000...
2024-07-20 23:07:33,598 - INFO - Allocating UMIs for gene 1100...
2024-07-20 23:07:33,676 - INFO - Allocating UMIs for gene 1200...
2024-07-20 23:07:33,839 - INFO - Allocating UMIs for gene 1300...
2024-07-20 23:07:33,934 - INFO - Allocating UMIs for gene 1400...
2024-07-20 23:07:34,074 - INFO - Allocating UMIs for gene 1500...
2024-07-20 23:07:34,167 - INFO - Allocating UMIs for gene 1600...
2024-07-20 23:07:34,224 - INFO - Allocating UMIs for gene 1700...
2024-07-20 23:07:34,325 - INFO - Allocating UMIs for gene 1800...
2024-07-20 23:07:34,419 - INFO - Allocating UMIs for gene 1900...
2024-07-20 23:07:34,562 - INFO - Allocating UMIs for gene 2000...
2024-07-20 23:07:34,695 - INFO - Allocating UMIs for gene 2100...
2024-07-20 23:07:34,800 - INFO - Allocating UMIs for gene 2200...
2024-07-20 23:07:34,925 - INFO - Allocating UMIs for gene 2300...
2024-07-20 23:07:35,086 - INFO - Allocating UMIs for gene 2400...
2024-07-20 23:07:35,208 - INFO - Allocating UMIs for gene 2500...
2024-07-20 23:07:35,325 - INFO - Allocating UMIs for gene 2600...
2024-07-20 23:07:35,584 - INFO - Allocating UMIs for gene 2700...
2024-07-20 23:07:35,669 - INFO - Allocating UMIs for gene 2800...
2024-07-20 23:07:35,789 - INFO - Allocating UMIs for gene 2900...
2024-07-20 23:07:35,969 - INFO - Allocating UMIs for gene 3000...
2024-07-20 23:07:36,062 - INFO - Allocating UMIs for gene 3100...
2024-07-20 23:07:36,174 - INFO - Allocating UMIs for gene 3200...
2024-07-20 23:07:36,320 - INFO - Allocating UMIs for gene 3300...
2024-07-20 23:07:36,504 - INFO - Allocating UMIs for gene 3400...
2024-07-20 23:07:36,661 - INFO - Allocating UMIs for gene 3500...
2024-07-20 23:07:36,914 - INFO - Allocating UMIs for gene 3600...
2024-07-20 23:07:37,034 - INFO - Allocating UMIs for gene 3700...
2024-07-20 23:07:37,227 - INFO - Allocating UMIs for gene 3800...
2024-07-20 23:07:37,378 - INFO - Allocating UMIs for gene 3900...
2024-07-20 23:07:37,628 - INFO - Allocating UMIs for gene 4000...
2024-07-20 23:07:37,764 - INFO - Allocating UMIs for gene 4100...
2024-07-20 23:07:37,901 - INFO - Allocating UMIs for gene 4200...
2024-07-20 23:07:38,176 - INFO - Allocating UMIs for gene 4300...
2024-07-20 23:07:38,301 - INFO - Allocating UMIs for gene 4400...
2024-07-20 23:07:38,415 - INFO - Allocating UMIs for gene 4500...
2024-07-20 23:07:38,523 - INFO - Allocating UMIs for gene 4600...
2024-07-20 23:07:38,889 - INFO - Allocating UMIs for gene 4700...
2024-07-20 23:07:38,975 - INFO - Allocating UMIs for gene 4800...
2024-07-20 23:07:39,115 - INFO - Allocating UMIs for gene 4900...
2024-07-20 23:07:39,259 - INFO - Allocating UMIs for gene 5000...
2024-07-20 23:07:39,530 - INFO - Allocating UMIs for gene 5100...
2024-07-20 23:07:39,741 - INFO - Allocating UMIs for gene 5200...
2024-07-20 23:07:39,889 - INFO - Allocating UMIs for gene 5300...
2024-07-20 23:07:40,012 - INFO - Allocating UMIs for gene 5400...
2024-07-20 23:07:40,150 - INFO - Allocating UMIs for gene 5500...
2024-07-20 23:07:40,301 - INFO - Allocating UMIs for gene 5600...
2024-07-20 23:07:40,520 - INFO - Allocating UMIs for gene 5700...
2024-07-20 23:07:40,659 - INFO - Allocating UMIs for gene 5800...
2024-07-20 23:07:40,860 - INFO - Allocating UMIs for gene 5900...
2024-07-20 23:07:40,951 - INFO - UMI allocation complete.
2024-07-20 23:07:40,960 - INFO - Counting overall UMI occurrences...
2024-07-20 23:07:40,965 - INFO - Counting inter-gene collisions...
2024-07-20 23:07:41,053 - INFO - Total UMIs allocated: 36390
2024-07-20 23:07:41,053 - INFO - Number of unique UMIs assigned to genes: 36389
2024-07-20 23:07:41,053 - INFO - Inter-gene collisions: 1
2024-07-20 23:07:41,053 - INFO - Inter-gene collision rate: 0.00003
2024-07-20 23:07:41,053 - INFO - Writing gene UMI counts to file...
2024-07-20 23:07:41,078 - INFO - Writing UMI inter-gene collisions to file...
2024-07-20 23:07:41,080 - INFO - Simulation complete.
