2024-07-20 23:07:42,164 - INFO - Simulation Script Version: 0.0.2
2024-07-20 23:07:42,166 - INFO - Simulation Parameters:
2024-07-20 23:07:42,166 - INFO - Length of UMI: 10
2024-07-20 23:07:42,166 - INFO - Number of genes: 6000
2024-07-20 23:07:42,166 - INFO - Parameters file: None
2024-07-20 23:07:42,166 - INFO - Mean (mu): 6.0
2024-07-20 23:07:42,167 - INFO - Dispersion (theta): 6.0
2024-07-20 23:07:42,167 - INFO - Use Poisson distribution: False
2024-07-20 23:07:42,167 - INFO - Gene UMI counts file: gene_6000_umi16_counts_rep3.txt
2024-07-20 23:07:42,167 - INFO - UMI collisions file: umi16_6000_collisions_rep3.txt
2024-07-20 23:07:42,167 - INFO - Seed: None
2024-07-20 23:07:42,167 - INFO - Log file: umi16_6000_rep3.log
2024-07-20 23:07:42,167 - INFO - UMI file: /varidata/research/projects/shen/projects/2024_Bens_swan_song/src/umi_collisions/umi_16.txt
2024-07-20 23:07:42,167 - INFO - No seed specified. Generated random seed: 3563916380
2024-07-20 23:07:42,167 - INFO - Using UMIs from file: /varidata/research/projects/shen/projects/2024_Bens_swan_song/src/umi_collisions/umi_16.txt
2024-07-20 23:18:01,094 - INFO - Total UMIs loaded: 4294967296
2024-07-20 23:18:01,094 - INFO - Loading parameters...
2024-07-20 23:18:01,094 - INFO - Sampling read depths for each gene...
2024-07-20 23:18:01,322 - INFO - Read depths sampling complete.
2024-07-20 23:18:01,322 - INFO - Allocating UMIs based on sampled read depths...
2024-07-20 23:18:01,323 - INFO - Allocating UMIs for gene 0...
2024-07-20 23:18:01,397 - INFO - Allocating UMIs for gene 100...
2024-07-20 23:18:01,470 - INFO - Allocating UMIs for gene 200...
2024-07-20 23:18:01,543 - INFO - Allocating UMIs for gene 300...
2024-07-20 23:18:01,629 - INFO - Allocating UMIs for gene 400...
2024-07-20 23:18:01,702 - INFO - Allocating UMIs for gene 500...
2024-07-20 23:18:01,792 - INFO - Allocating UMIs for gene 600...
2024-07-20 23:18:01,871 - INFO - Allocating UMIs for gene 700...
2024-07-20 23:18:01,963 - INFO - Allocating UMIs for gene 800...
2024-07-20 23:18:02,042 - INFO - Allocating UMIs for gene 900...
2024-07-20 23:18:02,110 - INFO - Allocating UMIs for gene 1000...
2024-07-20 23:18:02,189 - INFO - Allocating UMIs for gene 1100...
2024-07-20 23:18:02,284 - INFO - Allocating UMIs for gene 1200...
2024-07-20 23:18:02,376 - INFO - Allocating UMIs for gene 1300...
2024-07-20 23:18:02,451 - INFO - Allocating UMIs for gene 1400...
2024-07-20 23:18:02,528 - INFO - Allocating UMIs for gene 1500...
2024-07-20 23:18:02,605 - INFO - Allocating UMIs for gene 1600...
2024-07-20 23:18:02,702 - INFO - Allocating UMIs for gene 1700...
2024-07-20 23:18:02,802 - INFO - Allocating UMIs for gene 1800...
2024-07-20 23:18:02,909 - INFO - Allocating UMIs for gene 1900...
2024-07-20 23:18:02,984 - INFO - Allocating UMIs for gene 2000...
2024-07-20 23:18:03,081 - INFO - Allocating UMIs for gene 2100...
2024-07-20 23:18:03,158 - INFO - Allocating UMIs for gene 2200...
2024-07-20 23:18:03,239 - INFO - Allocating UMIs for gene 2300...
2024-07-20 23:18:03,315 - INFO - Allocating UMIs for gene 2400...
2024-07-20 23:18:03,415 - INFO - Allocating UMIs for gene 2500...
2024-07-20 23:18:03,499 - INFO - Allocating UMIs for gene 2600...
2024-07-20 23:18:03,577 - INFO - Allocating UMIs for gene 2700...
2024-07-20 23:18:03,680 - INFO - Allocating UMIs for gene 2800...
2024-07-20 23:18:03,768 - INFO - Allocating UMIs for gene 2900...
2024-07-20 23:18:03,856 - INFO - Allocating UMIs for gene 3000...
2024-07-20 23:18:03,926 - INFO - Allocating UMIs for gene 3100...
2024-07-20 23:18:04,014 - INFO - Allocating UMIs for gene 3200...
2024-07-20 23:18:04,103 - INFO - Allocating UMIs for gene 3300...
2024-07-20 23:18:04,210 - INFO - Allocating UMIs for gene 3400...
2024-07-20 23:18:04,300 - INFO - Allocating UMIs for gene 3500...
2024-07-20 23:18:04,381 - INFO - Allocating UMIs for gene 3600...
2024-07-20 23:18:04,461 - INFO - Allocating UMIs for gene 3700...
2024-07-20 23:18:04,538 - INFO - Allocating UMIs for gene 3800...
2024-07-20 23:18:04,629 - INFO - Allocating UMIs for gene 3900...
2024-07-20 23:18:04,716 - INFO - Allocating UMIs for gene 4000...
2024-07-20 23:18:04,805 - INFO - Allocating UMIs for gene 4100...
2024-07-20 23:18:04,882 - INFO - Allocating UMIs for gene 4200...
2024-07-20 23:18:04,987 - INFO - Allocating UMIs for gene 4300...
2024-07-20 23:18:05,079 - INFO - Allocating UMIs for gene 4400...
2024-07-20 23:18:05,154 - INFO - Allocating UMIs for gene 4500...
2024-07-20 23:18:05,229 - INFO - Allocating UMIs for gene 4600...
2024-07-20 23:18:05,312 - INFO - Allocating UMIs for gene 4700...
2024-07-20 23:18:05,398 - INFO - Allocating UMIs for gene 4800...
2024-07-20 23:18:05,486 - INFO - Allocating UMIs for gene 4900...
2024-07-20 23:18:05,566 - INFO - Allocating UMIs for gene 5000...
2024-07-20 23:18:05,651 - INFO - Allocating UMIs for gene 5100...
2024-07-20 23:18:05,742 - INFO - Allocating UMIs for gene 5200...
2024-07-20 23:18:05,830 - INFO - Allocating UMIs for gene 5300...
2024-07-20 23:18:05,956 - INFO - Allocating UMIs for gene 5400...
2024-07-20 23:18:06,075 - INFO - Allocating UMIs for gene 5500...
2024-07-20 23:18:06,162 - INFO - Allocating UMIs for gene 5600...
2024-07-20 23:18:06,264 - INFO - Allocating UMIs for gene 5700...
2024-07-20 23:18:06,364 - INFO - Allocating UMIs for gene 5800...
2024-07-20 23:18:06,485 - INFO - Allocating UMIs for gene 5900...
2024-07-20 23:18:06,683 - INFO - UMI allocation complete.
2024-07-20 23:18:06,683 - INFO - Counting overall UMI occurrences...
2024-07-20 23:18:06,691 - INFO - Counting inter-gene collisions...
2024-07-20 23:18:06,752 - INFO - Total UMIs allocated: 35778
2024-07-20 23:18:06,753 - INFO - Number of unique UMIs assigned to genes: 35777
2024-07-20 23:18:06,753 - INFO - Inter-gene collisions: 1
2024-07-20 23:18:06,753 - INFO - Inter-gene collision rate: 0.00003
2024-07-20 23:18:06,753 - INFO - Writing gene UMI counts to file...
2024-07-20 23:18:06,777 - INFO - Writing UMI inter-gene collisions to file...
2024-07-20 23:18:06,780 - INFO - Simulation complete.
