2024-07-21 00:19:34,725 - INFO - Simulation Script Version: 0.0.2
2024-07-21 00:19:34,727 - INFO - Simulation Parameters:
2024-07-21 00:19:34,727 - INFO - Length of UMI: 10
2024-07-21 00:19:34,727 - INFO - Number of genes: 6000
2024-07-21 00:19:34,727 - INFO - Parameters file: None
2024-07-21 00:19:34,728 - INFO - Mean (mu): 6.0
2024-07-21 00:19:34,728 - INFO - Dispersion (theta): 6.0
2024-07-21 00:19:34,728 - INFO - Use Poisson distribution: False
2024-07-21 00:19:34,728 - INFO - Gene UMI counts file: gene_6000_umi16_counts_rep10.txt
2024-07-21 00:19:34,728 - INFO - UMI collisions file: umi16_6000_collisions_rep10.txt
2024-07-21 00:19:34,728 - INFO - Seed: None
2024-07-21 00:19:34,728 - INFO - Log file: umi16_6000_rep10.log
2024-07-21 00:19:34,728 - INFO - UMI file: /varidata/research/projects/shen/projects/2024_Bens_swan_song/src/umi_collisions/umi_16.txt
2024-07-21 00:19:34,728 - INFO - No seed specified. Generated random seed: 3081759693
2024-07-21 00:19:34,728 - INFO - Using UMIs from file: /varidata/research/projects/shen/projects/2024_Bens_swan_song/src/umi_collisions/umi_16.txt
2024-07-21 00:27:34,055 - INFO - Total UMIs loaded: 4294967296
2024-07-21 00:27:34,056 - INFO - Loading parameters...
2024-07-21 00:27:34,056 - INFO - Sampling read depths for each gene...
2024-07-21 00:27:34,278 - INFO - Read depths sampling complete.
2024-07-21 00:27:34,278 - INFO - Allocating UMIs based on sampled read depths...
2024-07-21 00:27:34,278 - INFO - Allocating UMIs for gene 0...
2024-07-21 00:27:34,736 - INFO - Allocating UMIs for gene 100...
2024-07-21 00:27:35,321 - INFO - Allocating UMIs for gene 200...
2024-07-21 00:27:35,940 - INFO - Allocating UMIs for gene 300...
2024-07-21 00:27:36,449 - INFO - Allocating UMIs for gene 400...
2024-07-21 00:27:37,022 - INFO - Allocating UMIs for gene 500...
2024-07-21 00:27:37,601 - INFO - Allocating UMIs for gene 600...
2024-07-21 00:27:38,377 - INFO - Allocating UMIs for gene 700...
2024-07-21 00:27:38,829 - INFO - Allocating UMIs for gene 800...
2024-07-21 00:27:39,474 - INFO - Allocating UMIs for gene 900...
2024-07-21 00:27:40,048 - INFO - Allocating UMIs for gene 1000...
2024-07-21 00:27:40,671 - INFO - Allocating UMIs for gene 1100...
2024-07-21 00:27:41,256 - INFO - Allocating UMIs for gene 1200...
2024-07-21 00:27:41,820 - INFO - Allocating UMIs for gene 1300...
2024-07-21 00:27:42,513 - INFO - Allocating UMIs for gene 1400...
2024-07-21 00:27:43,362 - INFO - Allocating UMIs for gene 1500...
2024-07-21 00:27:43,999 - INFO - Allocating UMIs for gene 1600...
2024-07-21 00:27:44,660 - INFO - Allocating UMIs for gene 1700...
2024-07-21 00:27:45,362 - INFO - Allocating UMIs for gene 1800...
2024-07-21 00:27:46,101 - INFO - Allocating UMIs for gene 1900...
2024-07-21 00:27:46,777 - INFO - Allocating UMIs for gene 2000...
2024-07-21 00:27:47,476 - INFO - Allocating UMIs for gene 2100...
2024-07-21 00:27:48,295 - INFO - Allocating UMIs for gene 2200...
2024-07-21 00:27:48,926 - INFO - Allocating UMIs for gene 2300...
2024-07-21 00:27:49,475 - INFO - Allocating UMIs for gene 2400...
2024-07-21 00:27:50,271 - INFO - Allocating UMIs for gene 2500...
2024-07-21 00:27:50,891 - INFO - Allocating UMIs for gene 2600...
2024-07-21 00:27:51,583 - INFO - Allocating UMIs for gene 2700...
2024-07-21 00:27:52,381 - INFO - Allocating UMIs for gene 2800...
2024-07-21 00:27:53,023 - INFO - Allocating UMIs for gene 2900...
2024-07-21 00:27:53,641 - INFO - Allocating UMIs for gene 3000...
2024-07-21 00:27:54,485 - INFO - Allocating UMIs for gene 3100...
2024-07-21 00:27:55,094 - INFO - Allocating UMIs for gene 3200...
2024-07-21 00:27:55,860 - INFO - Allocating UMIs for gene 3300...
2024-07-21 00:27:56,696 - INFO - Allocating UMIs for gene 3400...
2024-07-21 00:27:57,484 - INFO - Allocating UMIs for gene 3500...
2024-07-21 00:27:58,508 - INFO - Allocating UMIs for gene 3600...
2024-07-21 00:27:59,662 - INFO - Allocating UMIs for gene 3700...
2024-07-21 00:28:00,610 - INFO - Allocating UMIs for gene 3800...
2024-07-21 00:28:01,959 - INFO - Allocating UMIs for gene 3900...
2024-07-21 00:28:02,930 - INFO - Allocating UMIs for gene 4000...
2024-07-21 00:28:04,026 - INFO - Allocating UMIs for gene 4100...
2024-07-21 00:28:05,193 - INFO - Allocating UMIs for gene 4200...
2024-07-21 00:28:06,017 - INFO - Allocating UMIs for gene 4300...
2024-07-21 00:28:07,074 - INFO - Allocating UMIs for gene 4400...
2024-07-21 00:28:08,036 - INFO - Allocating UMIs for gene 4500...
2024-07-21 00:28:09,309 - INFO - Allocating UMIs for gene 4600...
2024-07-21 00:28:10,394 - INFO - Allocating UMIs for gene 4700...
2024-07-21 00:28:11,229 - INFO - Allocating UMIs for gene 4800...
2024-07-21 00:28:11,963 - INFO - Allocating UMIs for gene 4900...
2024-07-21 00:28:13,073 - INFO - Allocating UMIs for gene 5000...
2024-07-21 00:28:14,266 - INFO - Allocating UMIs for gene 5100...
2024-07-21 00:28:15,201 - INFO - Allocating UMIs for gene 5200...
2024-07-21 00:28:16,871 - INFO - Allocating UMIs for gene 5300...
2024-07-21 00:28:17,919 - INFO - Allocating UMIs for gene 5400...
2024-07-21 00:28:18,971 - INFO - Allocating UMIs for gene 5500...
2024-07-21 00:28:20,283 - INFO - Allocating UMIs for gene 5600...
2024-07-21 00:28:21,361 - INFO - Allocating UMIs for gene 5700...
2024-07-21 00:28:22,470 - INFO - Allocating UMIs for gene 5800...
2024-07-21 00:28:23,384 - INFO - Allocating UMIs for gene 5900...
2024-07-21 00:28:24,318 - INFO - UMI allocation complete.
2024-07-21 00:28:24,319 - INFO - Counting overall UMI occurrences...
2024-07-21 00:28:24,325 - INFO - Counting inter-gene collisions...
2024-07-21 00:28:24,401 - INFO - Total UMIs allocated: 36104
2024-07-21 00:28:24,401 - INFO - Number of unique UMIs assigned to genes: 36103
2024-07-21 00:28:24,401 - INFO - Inter-gene collisions: 1
2024-07-21 00:28:24,401 - INFO - Inter-gene collision rate: 0.00003
2024-07-21 00:28:24,401 - INFO - Writing gene UMI counts to file...
2024-07-21 00:28:24,428 - INFO - Writing UMI inter-gene collisions to file...
2024-07-21 00:28:24,431 - INFO - Simulation complete.
