2024-07-20 22:51:41,042 - INFO - Simulation Script Version: 0.0.2
2024-07-20 22:51:41,044 - INFO - Simulation Parameters:
2024-07-20 22:51:41,045 - INFO - Length of UMI: 10
2024-07-20 22:51:41,045 - INFO - Number of genes: 6000
2024-07-20 22:51:41,045 - INFO - Parameters file: None
2024-07-20 22:51:41,045 - INFO - Mean (mu): 6.0
2024-07-20 22:51:41,045 - INFO - Dispersion (theta): 6.0
2024-07-20 22:51:41,045 - INFO - Use Poisson distribution: False
2024-07-20 22:51:41,045 - INFO - Gene UMI counts file: gene_6000_umi16_counts_rep1.txt
2024-07-20 22:51:41,045 - INFO - UMI collisions file: umi16_6000_collisions.txt
2024-07-20 22:51:41,045 - INFO - Seed: None
2024-07-20 22:51:41,045 - INFO - Log file: umi16_6000_rep1.log
2024-07-20 22:51:41,045 - INFO - UMI file: /varidata/research/projects/shen/projects/2024_Bens_swan_song/src/umi_collisions/umi_16.txt
2024-07-20 22:51:41,045 - INFO - No seed specified. Generated random seed: 1323158291
2024-07-20 22:51:41,045 - INFO - Using UMIs from file: /varidata/research/projects/shen/projects/2024_Bens_swan_song/src/umi_collisions/umi_16.txt
2024-07-20 22:56:55,237 - INFO - Total UMIs loaded: 4294967296
2024-07-20 22:56:55,237 - INFO - Loading parameters...
2024-07-20 22:56:55,237 - INFO - Sampling read depths for each gene...
2024-07-20 22:56:55,479 - INFO - Read depths sampling complete.
2024-07-20 22:56:55,479 - INFO - Allocating UMIs based on sampled read depths...
2024-07-20 22:56:55,479 - INFO - Allocating UMIs for gene 0...
2024-07-20 22:56:55,910 - INFO - Allocating UMIs for gene 100...
2024-07-20 22:56:56,116 - INFO - Allocating UMIs for gene 200...
2024-07-20 22:56:56,290 - INFO - Allocating UMIs for gene 300...
2024-07-20 22:56:56,548 - INFO - Allocating UMIs for gene 400...
2024-07-20 22:56:56,761 - INFO - Allocating UMIs for gene 500...
2024-07-20 22:56:57,081 - INFO - Allocating UMIs for gene 600...
2024-07-20 22:56:57,351 - INFO - Allocating UMIs for gene 700...
2024-07-20 22:56:57,687 - INFO - Allocating UMIs for gene 800...
2024-07-20 22:56:57,970 - INFO - Allocating UMIs for gene 900...
2024-07-20 22:56:58,344 - INFO - Allocating UMIs for gene 1000...
2024-07-20 22:56:58,717 - INFO - Allocating UMIs for gene 1100...
2024-07-20 22:56:59,032 - INFO - Allocating UMIs for gene 1200...
2024-07-20 22:56:59,367 - INFO - Allocating UMIs for gene 1300...
2024-07-20 22:56:59,684 - INFO - Allocating UMIs for gene 1400...
2024-07-20 22:57:00,213 - INFO - Allocating UMIs for gene 1500...
2024-07-20 22:57:00,476 - INFO - Allocating UMIs for gene 1600...
2024-07-20 22:57:00,833 - INFO - Allocating UMIs for gene 1700...
2024-07-20 22:57:01,132 - INFO - Allocating UMIs for gene 1800...
2024-07-20 22:57:01,510 - INFO - Allocating UMIs for gene 1900...
2024-07-20 22:57:02,004 - INFO - Allocating UMIs for gene 2000...
2024-07-20 22:57:02,430 - INFO - Allocating UMIs for gene 2100...
2024-07-20 22:57:03,028 - INFO - Allocating UMIs for gene 2200...
2024-07-20 22:57:03,340 - INFO - Allocating UMIs for gene 2300...
2024-07-20 22:57:03,991 - INFO - Allocating UMIs for gene 2400...
2024-07-20 22:57:04,514 - INFO - Allocating UMIs for gene 2500...
2024-07-20 22:57:04,942 - INFO - Allocating UMIs for gene 2600...
2024-07-20 22:57:05,552 - INFO - Allocating UMIs for gene 2700...
2024-07-20 22:57:05,990 - INFO - Allocating UMIs for gene 2800...
2024-07-20 22:57:06,307 - INFO - Allocating UMIs for gene 2900...
2024-07-20 22:57:06,975 - INFO - Allocating UMIs for gene 3000...
2024-07-20 22:57:07,367 - INFO - Allocating UMIs for gene 3100...
2024-07-20 22:57:07,851 - INFO - Allocating UMIs for gene 3200...
2024-07-20 22:57:08,539 - INFO - Allocating UMIs for gene 3300...
2024-07-20 22:57:09,171 - INFO - Allocating UMIs for gene 3400...
2024-07-20 22:57:09,800 - INFO - Allocating UMIs for gene 3500...
2024-07-20 22:57:10,323 - INFO - Allocating UMIs for gene 3600...
2024-07-20 22:57:10,852 - INFO - Allocating UMIs for gene 3700...
2024-07-20 22:57:11,523 - INFO - Allocating UMIs for gene 3800...
2024-07-20 22:57:12,104 - INFO - Allocating UMIs for gene 3900...
2024-07-20 22:57:12,558 - INFO - Allocating UMIs for gene 4000...
2024-07-20 22:57:13,173 - INFO - Allocating UMIs for gene 4100...
2024-07-20 22:57:13,946 - INFO - Allocating UMIs for gene 4200...
2024-07-20 22:57:14,439 - INFO - Allocating UMIs for gene 4300...
2024-07-20 22:57:15,077 - INFO - Allocating UMIs for gene 4400...
2024-07-20 22:57:15,624 - INFO - Allocating UMIs for gene 4500...
2024-07-20 22:57:16,347 - INFO - Allocating UMIs for gene 4600...
2024-07-20 22:57:16,967 - INFO - Allocating UMIs for gene 4700...
2024-07-20 22:57:17,670 - INFO - Allocating UMIs for gene 4800...
2024-07-20 22:57:18,254 - INFO - Allocating UMIs for gene 4900...
2024-07-20 22:57:18,860 - INFO - Allocating UMIs for gene 5000...
2024-07-20 22:57:19,556 - INFO - Allocating UMIs for gene 5100...
2024-07-20 22:57:20,155 - INFO - Allocating UMIs for gene 5200...
2024-07-20 22:57:20,667 - INFO - Allocating UMIs for gene 5300...
2024-07-20 22:57:21,243 - INFO - Allocating UMIs for gene 5400...
2024-07-20 22:57:22,000 - INFO - Allocating UMIs for gene 5500...
2024-07-20 22:57:22,740 - INFO - Allocating UMIs for gene 5600...
2024-07-20 22:57:23,293 - INFO - Allocating UMIs for gene 5700...
2024-07-20 22:57:24,098 - INFO - Allocating UMIs for gene 5800...
2024-07-20 22:57:24,797 - INFO - Allocating UMIs for gene 5900...
2024-07-20 22:57:25,432 - INFO - UMI allocation complete.
2024-07-20 22:57:25,434 - INFO - Counting overall UMI occurrences...
2024-07-20 22:57:25,438 - INFO - Counting inter-gene collisions...
2024-07-20 22:57:25,518 - INFO - Total UMIs allocated: 36463
2024-07-20 22:57:25,518 - INFO - Number of unique UMIs assigned to genes: 36463
2024-07-20 22:57:25,518 - INFO - Inter-gene collisions: 0
2024-07-20 22:57:25,518 - INFO - Inter-gene collision rate: 0.00000
2024-07-20 22:57:25,518 - INFO - Writing gene UMI counts to file...
2024-07-20 22:57:25,545 - INFO - Writing UMI inter-gene collisions to file...
2024-07-20 22:57:25,549 - INFO - Simulation complete.
