2024-07-20 23:50:03,264 - INFO - Simulation Script Version: 0.0.2
2024-07-20 23:50:03,266 - INFO - Simulation Parameters:
2024-07-20 23:50:03,266 - INFO - Length of UMI: 10
2024-07-20 23:50:03,266 - INFO - Number of genes: 6000
2024-07-20 23:50:03,266 - INFO - Parameters file: None
2024-07-20 23:50:03,266 - INFO - Mean (mu): 6.0
2024-07-20 23:50:03,266 - INFO - Dispersion (theta): 6.0
2024-07-20 23:50:03,266 - INFO - Use Poisson distribution: False
2024-07-20 23:50:03,266 - INFO - Gene UMI counts file: gene_6000_umi16_counts_rep7.txt
2024-07-20 23:50:03,266 - INFO - UMI collisions file: umi16_6000_collisions_rep7.txt
2024-07-20 23:50:03,266 - INFO - Seed: None
2024-07-20 23:50:03,266 - INFO - Log file: umi16_6000_rep7.log
2024-07-20 23:50:03,267 - INFO - UMI file: /varidata/research/projects/shen/projects/2024_Bens_swan_song/src/umi_collisions/umi_16.txt
2024-07-20 23:50:03,267 - INFO - No seed specified. Generated random seed: 549025268
2024-07-20 23:50:03,267 - INFO - Using UMIs from file: /varidata/research/projects/shen/projects/2024_Bens_swan_song/src/umi_collisions/umi_16.txt
2024-07-21 00:00:09,736 - INFO - Total UMIs loaded: 4294967296
2024-07-21 00:00:09,737 - INFO - Loading parameters...
2024-07-21 00:00:09,737 - INFO - Sampling read depths for each gene...
2024-07-21 00:00:09,964 - INFO - Read depths sampling complete.
2024-07-21 00:00:09,964 - INFO - Allocating UMIs based on sampled read depths...
2024-07-21 00:00:09,964 - INFO - Allocating UMIs for gene 0...
2024-07-21 00:00:10,194 - INFO - Allocating UMIs for gene 100...
2024-07-21 00:00:10,564 - INFO - Allocating UMIs for gene 200...
2024-07-21 00:00:10,863 - INFO - Allocating UMIs for gene 300...
2024-07-21 00:00:11,281 - INFO - Allocating UMIs for gene 400...
2024-07-21 00:00:11,642 - INFO - Allocating UMIs for gene 500...
2024-07-21 00:00:11,982 - INFO - Allocating UMIs for gene 600...
2024-07-21 00:00:12,264 - INFO - Allocating UMIs for gene 700...
2024-07-21 00:00:12,571 - INFO - Allocating UMIs for gene 800...
2024-07-21 00:00:12,846 - INFO - Allocating UMIs for gene 900...
2024-07-21 00:00:13,181 - INFO - Allocating UMIs for gene 1000...
2024-07-21 00:00:13,571 - INFO - Allocating UMIs for gene 1100...
2024-07-21 00:00:13,849 - INFO - Allocating UMIs for gene 1200...
2024-07-21 00:00:14,211 - INFO - Allocating UMIs for gene 1300...
2024-07-21 00:00:14,552 - INFO - Allocating UMIs for gene 1400...
2024-07-21 00:00:14,998 - INFO - Allocating UMIs for gene 1500...
2024-07-21 00:00:15,562 - INFO - Allocating UMIs for gene 1600...
2024-07-21 00:00:16,023 - INFO - Allocating UMIs for gene 1700...
2024-07-21 00:00:16,297 - INFO - Allocating UMIs for gene 1800...
2024-07-21 00:00:16,631 - INFO - Allocating UMIs for gene 1900...
2024-07-21 00:00:16,931 - INFO - Allocating UMIs for gene 2000...
2024-07-21 00:00:17,434 - INFO - Allocating UMIs for gene 2100...
2024-07-21 00:00:17,705 - INFO - Allocating UMIs for gene 2200...
2024-07-21 00:00:18,224 - INFO - Allocating UMIs for gene 2300...
2024-07-21 00:00:18,842 - INFO - Allocating UMIs for gene 2400...
2024-07-21 00:00:19,282 - INFO - Allocating UMIs for gene 2500...
2024-07-21 00:00:19,683 - INFO - Allocating UMIs for gene 2600...
2024-07-21 00:00:20,083 - INFO - Allocating UMIs for gene 2700...
2024-07-21 00:00:20,573 - INFO - Allocating UMIs for gene 2800...
2024-07-21 00:00:21,060 - INFO - Allocating UMIs for gene 2900...
2024-07-21 00:00:21,544 - INFO - Allocating UMIs for gene 3000...
2024-07-21 00:00:22,190 - INFO - Allocating UMIs for gene 3100...
2024-07-21 00:00:22,891 - INFO - Allocating UMIs for gene 3200...
2024-07-21 00:00:23,191 - INFO - Allocating UMIs for gene 3300...
2024-07-21 00:00:23,485 - INFO - Allocating UMIs for gene 3400...
2024-07-21 00:00:23,969 - INFO - Allocating UMIs for gene 3500...
2024-07-21 00:00:24,447 - INFO - Allocating UMIs for gene 3600...
2024-07-21 00:00:24,922 - INFO - Allocating UMIs for gene 3700...
2024-07-21 00:00:25,229 - INFO - Allocating UMIs for gene 3800...
2024-07-21 00:00:25,713 - INFO - Allocating UMIs for gene 3900...
2024-07-21 00:00:26,210 - INFO - Allocating UMIs for gene 4000...
2024-07-21 00:00:26,809 - INFO - Allocating UMIs for gene 4100...
2024-07-21 00:00:27,182 - INFO - Allocating UMIs for gene 4200...
2024-07-21 00:00:27,560 - INFO - Allocating UMIs for gene 4300...
2024-07-21 00:00:27,889 - INFO - Allocating UMIs for gene 4400...
2024-07-21 00:00:28,399 - INFO - Allocating UMIs for gene 4500...
2024-07-21 00:00:28,785 - INFO - Allocating UMIs for gene 4600...
2024-07-21 00:00:29,189 - INFO - Allocating UMIs for gene 4700...
2024-07-21 00:00:29,571 - INFO - Allocating UMIs for gene 4800...
2024-07-21 00:00:29,981 - INFO - Allocating UMIs for gene 4900...
2024-07-21 00:00:30,352 - INFO - Allocating UMIs for gene 5000...
2024-07-21 00:00:30,840 - INFO - Allocating UMIs for gene 5100...
2024-07-21 00:00:31,247 - INFO - Allocating UMIs for gene 5200...
2024-07-21 00:00:31,701 - INFO - Allocating UMIs for gene 5300...
2024-07-21 00:00:32,302 - INFO - Allocating UMIs for gene 5400...
2024-07-21 00:00:32,727 - INFO - Allocating UMIs for gene 5500...
2024-07-21 00:00:33,199 - INFO - Allocating UMIs for gene 5600...
2024-07-21 00:00:33,496 - INFO - Allocating UMIs for gene 5700...
2024-07-21 00:00:33,952 - INFO - Allocating UMIs for gene 5800...
2024-07-21 00:00:34,558 - INFO - Allocating UMIs for gene 5900...
2024-07-21 00:00:34,876 - INFO - UMI allocation complete.
2024-07-21 00:00:34,876 - INFO - Counting overall UMI occurrences...
2024-07-21 00:00:34,884 - INFO - Counting inter-gene collisions...
2024-07-21 00:00:34,946 - INFO - Total UMIs allocated: 36037
2024-07-21 00:00:34,946 - INFO - Number of unique UMIs assigned to genes: 36037
2024-07-21 00:00:34,946 - INFO - Inter-gene collisions: 0
2024-07-21 00:00:34,946 - INFO - Inter-gene collision rate: 0.00000
2024-07-21 00:00:34,946 - INFO - Writing gene UMI counts to file...
2024-07-21 00:00:34,955 - INFO - Writing UMI inter-gene collisions to file...
2024-07-21 00:00:34,959 - INFO - Simulation complete.
