2024-07-20 23:39:33,129 - INFO - Simulation Script Version: 0.0.2
2024-07-20 23:39:33,131 - INFO - Simulation Parameters:
2024-07-20 23:39:33,131 - INFO - Length of UMI: 10
2024-07-20 23:39:33,131 - INFO - Number of genes: 6000
2024-07-20 23:39:33,131 - INFO - Parameters file: None
2024-07-20 23:39:33,131 - INFO - Mean (mu): 6.0
2024-07-20 23:39:33,131 - INFO - Dispersion (theta): 6.0
2024-07-20 23:39:33,131 - INFO - Use Poisson distribution: False
2024-07-20 23:39:33,131 - INFO - Gene UMI counts file: gene_6000_umi16_counts_rep6.txt
2024-07-20 23:39:33,131 - INFO - UMI collisions file: umi16_6000_collisions_rep6.txt
2024-07-20 23:39:33,132 - INFO - Seed: None
2024-07-20 23:39:33,132 - INFO - Log file: umi16_6000_rep6.log
2024-07-20 23:39:33,132 - INFO - UMI file: /varidata/research/projects/shen/projects/2024_Bens_swan_song/src/umi_collisions/umi_16.txt
2024-07-20 23:39:33,132 - INFO - No seed specified. Generated random seed: 1896453716
2024-07-20 23:39:33,132 - INFO - Using UMIs from file: /varidata/research/projects/shen/projects/2024_Bens_swan_song/src/umi_collisions/umi_16.txt
2024-07-20 23:49:48,101 - INFO - Total UMIs loaded: 4294967296
2024-07-20 23:49:48,102 - INFO - Loading parameters...
2024-07-20 23:49:48,102 - INFO - Sampling read depths for each gene...
2024-07-20 23:49:48,329 - INFO - Read depths sampling complete.
2024-07-20 23:49:48,330 - INFO - Allocating UMIs based on sampled read depths...
2024-07-20 23:49:48,330 - INFO - Allocating UMIs for gene 0...
2024-07-20 23:49:48,406 - INFO - Allocating UMIs for gene 100...
2024-07-20 23:49:48,480 - INFO - Allocating UMIs for gene 200...
2024-07-20 23:49:48,570 - INFO - Allocating UMIs for gene 300...
2024-07-20 23:49:48,672 - INFO - Allocating UMIs for gene 400...
2024-07-20 23:49:48,709 - INFO - Allocating UMIs for gene 500...
2024-07-20 23:49:48,891 - INFO - Allocating UMIs for gene 600...
2024-07-20 23:49:48,944 - INFO - Allocating UMIs for gene 700...
2024-07-20 23:49:49,010 - INFO - Allocating UMIs for gene 800...
2024-07-20 23:49:49,145 - INFO - Allocating UMIs for gene 900...
2024-07-20 23:49:49,198 - INFO - Allocating UMIs for gene 1000...
2024-07-20 23:49:49,339 - INFO - Allocating UMIs for gene 1100...
2024-07-20 23:49:49,443 - INFO - Allocating UMIs for gene 1200...
2024-07-20 23:49:49,580 - INFO - Allocating UMIs for gene 1300...
2024-07-20 23:49:49,666 - INFO - Allocating UMIs for gene 1400...
2024-07-20 23:49:49,748 - INFO - Allocating UMIs for gene 1500...
2024-07-20 23:49:49,815 - INFO - Allocating UMIs for gene 1600...
2024-07-20 23:49:49,943 - INFO - Allocating UMIs for gene 1700...
2024-07-20 23:49:50,120 - INFO - Allocating UMIs for gene 1800...
2024-07-20 23:49:50,277 - INFO - Allocating UMIs for gene 1900...
2024-07-20 23:49:50,331 - INFO - Allocating UMIs for gene 2000...
2024-07-20 23:49:50,630 - INFO - Allocating UMIs for gene 2100...
2024-07-20 23:49:50,848 - INFO - Allocating UMIs for gene 2200...
2024-07-20 23:49:51,021 - INFO - Allocating UMIs for gene 2300...
2024-07-20 23:49:51,270 - INFO - Allocating UMIs for gene 2400...
2024-07-20 23:49:51,456 - INFO - Allocating UMIs for gene 2500...
2024-07-20 23:49:51,554 - INFO - Allocating UMIs for gene 2600...
2024-07-20 23:49:51,753 - INFO - Allocating UMIs for gene 2700...
2024-07-20 23:49:51,995 - INFO - Allocating UMIs for gene 2800...
2024-07-20 23:49:52,247 - INFO - Allocating UMIs for gene 2900...
2024-07-20 23:49:52,403 - INFO - Allocating UMIs for gene 3000...
2024-07-20 23:49:52,581 - INFO - Allocating UMIs for gene 3100...
2024-07-20 23:49:52,840 - INFO - Allocating UMIs for gene 3200...
2024-07-20 23:49:53,187 - INFO - Allocating UMIs for gene 3300...
2024-07-20 23:49:53,479 - INFO - Allocating UMIs for gene 3400...
2024-07-20 23:49:53,728 - INFO - Allocating UMIs for gene 3500...
2024-07-20 23:49:53,953 - INFO - Allocating UMIs for gene 3600...
2024-07-20 23:49:54,214 - INFO - Allocating UMIs for gene 3700...
2024-07-20 23:49:54,552 - INFO - Allocating UMIs for gene 3800...
2024-07-20 23:49:54,846 - INFO - Allocating UMIs for gene 3900...
2024-07-20 23:49:55,187 - INFO - Allocating UMIs for gene 4000...
2024-07-20 23:49:55,442 - INFO - Allocating UMIs for gene 4100...
2024-07-20 23:49:55,795 - INFO - Allocating UMIs for gene 4200...
2024-07-20 23:49:56,142 - INFO - Allocating UMIs for gene 4300...
2024-07-20 23:49:56,458 - INFO - Allocating UMIs for gene 4400...
2024-07-20 23:49:56,802 - INFO - Allocating UMIs for gene 4500...
2024-07-20 23:49:57,037 - INFO - Allocating UMIs for gene 4600...
2024-07-20 23:49:57,404 - INFO - Allocating UMIs for gene 4700...
2024-07-20 23:49:57,615 - INFO - Allocating UMIs for gene 4800...
2024-07-20 23:49:57,987 - INFO - Allocating UMIs for gene 4900...
2024-07-20 23:49:58,321 - INFO - Allocating UMIs for gene 5000...
2024-07-20 23:49:58,783 - INFO - Allocating UMIs for gene 5100...
2024-07-20 23:49:59,157 - INFO - Allocating UMIs for gene 5200...
2024-07-20 23:49:59,456 - INFO - Allocating UMIs for gene 5300...
2024-07-20 23:49:59,938 - INFO - Allocating UMIs for gene 5400...
2024-07-20 23:50:00,297 - INFO - Allocating UMIs for gene 5500...
2024-07-20 23:50:00,524 - INFO - Allocating UMIs for gene 5600...
2024-07-20 23:50:00,943 - INFO - Allocating UMIs for gene 5700...
2024-07-20 23:50:01,338 - INFO - Allocating UMIs for gene 5800...
2024-07-20 23:50:01,700 - INFO - Allocating UMIs for gene 5900...
2024-07-20 23:50:02,023 - INFO - UMI allocation complete.
2024-07-20 23:50:02,024 - INFO - Counting overall UMI occurrences...
2024-07-20 23:50:02,030 - INFO - Counting inter-gene collisions...
2024-07-20 23:50:02,093 - INFO - Total UMIs allocated: 36385
2024-07-20 23:50:02,093 - INFO - Number of unique UMIs assigned to genes: 36384
2024-07-20 23:50:02,093 - INFO - Inter-gene collisions: 1
2024-07-20 23:50:02,093 - INFO - Inter-gene collision rate: 0.00003
2024-07-20 23:50:02,093 - INFO - Writing gene UMI counts to file...
2024-07-20 23:50:02,109 - INFO - Writing UMI inter-gene collisions to file...
2024-07-20 23:50:02,112 - INFO - Simulation complete.
