2024-07-20 22:56:42,447 - INFO - Simulation Script Version: 0.0.2
2024-07-20 22:56:42,447 - INFO - Simulation Parameters:
2024-07-20 22:56:42,447 - INFO - Length of UMI: 10
2024-07-20 22:56:42,447 - INFO - Number of genes: 1000
2024-07-20 22:56:42,447 - INFO - Parameters file: None
2024-07-20 22:56:42,447 - INFO - Mean (mu): 6.0
2024-07-20 22:56:42,448 - INFO - Dispersion (theta): 6.0
2024-07-20 22:56:42,448 - INFO - Use Poisson distribution: False
2024-07-20 22:56:42,448 - INFO - Gene UMI counts file: gene_1000_umi16_counts_rep2.txt
2024-07-20 22:56:42,448 - INFO - UMI collisions file: umi16_1000_collisions_rep2.txt
2024-07-20 22:56:42,448 - INFO - Seed: None
2024-07-20 22:56:42,448 - INFO - Log file: umi16_1000_rep2.log
2024-07-20 22:56:42,448 - INFO - UMI file: /varidata/research/projects/shen/projects/2024_Bens_swan_song/src/umi_collisions/umi_16.txt
2024-07-20 22:56:42,448 - INFO - No seed specified. Generated random seed: 2457401946
2024-07-20 22:56:42,448 - INFO - Using UMIs from file: /varidata/research/projects/shen/projects/2024_Bens_swan_song/src/umi_collisions/umi_16.txt
2024-07-20 23:07:09,128 - INFO - Total UMIs loaded: 4294967296
2024-07-20 23:07:09,129 - INFO - Loading parameters...
2024-07-20 23:07:09,129 - INFO - Sampling read depths for each gene...
2024-07-20 23:07:09,167 - INFO - Read depths sampling complete.
2024-07-20 23:07:09,167 - INFO - Allocating UMIs based on sampled read depths...
2024-07-20 23:07:09,167 - INFO - Allocating UMIs for gene 0...
2024-07-20 23:07:09,200 - INFO - Allocating UMIs for gene 100...
2024-07-20 23:07:09,232 - INFO - Allocating UMIs for gene 200...
2024-07-20 23:07:09,262 - INFO - Allocating UMIs for gene 300...
2024-07-20 23:07:09,293 - INFO - Allocating UMIs for gene 400...
2024-07-20 23:07:09,322 - INFO - Allocating UMIs for gene 500...
2024-07-20 23:07:09,357 - INFO - Allocating UMIs for gene 600...
2024-07-20 23:07:09,391 - INFO - Allocating UMIs for gene 700...
2024-07-20 23:07:09,421 - INFO - Allocating UMIs for gene 800...
2024-07-20 23:07:09,452 - INFO - Allocating UMIs for gene 900...
2024-07-20 23:07:09,487 - INFO - UMI allocation complete.
2024-07-20 23:07:09,487 - INFO - Counting overall UMI occurrences...
2024-07-20 23:07:09,488 - INFO - Counting inter-gene collisions...
2024-07-20 23:07:09,492 - INFO - Total UMIs allocated: 5938
2024-07-20 23:07:09,492 - INFO - Number of unique UMIs assigned to genes: 5938
2024-07-20 23:07:09,492 - INFO - Inter-gene collisions: 0
2024-07-20 23:07:09,492 - INFO - Inter-gene collision rate: 0.00000
2024-07-20 23:07:09,492 - INFO - Writing gene UMI counts to file...
2024-07-20 23:07:09,516 - INFO - Writing UMI inter-gene collisions to file...
2024-07-20 23:07:09,519 - INFO - Simulation complete.
