2024-07-21 00:07:51,806 - INFO - Simulation Script Version: 0.0.2
2024-07-21 00:07:51,806 - INFO - Simulation Parameters:
2024-07-21 00:07:51,806 - INFO - Length of UMI: 10
2024-07-21 00:07:51,806 - INFO - Number of genes: 1000
2024-07-21 00:07:51,806 - INFO - Parameters file: None
2024-07-21 00:07:51,806 - INFO - Mean (mu): 6.0
2024-07-21 00:07:51,806 - INFO - Dispersion (theta): 6.0
2024-07-21 00:07:51,806 - INFO - Use Poisson distribution: False
2024-07-21 00:07:51,806 - INFO - Gene UMI counts file: gene_1000_umi16_counts_rep9.txt
2024-07-21 00:07:51,806 - INFO - UMI collisions file: umi16_1000_collisions_rep9.txt
2024-07-21 00:07:51,806 - INFO - Seed: None
2024-07-21 00:07:51,806 - INFO - Log file: umi16_1000_rep9.log
2024-07-21 00:07:51,807 - INFO - UMI file: /varidata/research/projects/shen/projects/2024_Bens_swan_song/src/umi_collisions/umi_16.txt
2024-07-21 00:07:51,807 - INFO - No seed specified. Generated random seed: 53258737
2024-07-21 00:07:51,807 - INFO - Using UMIs from file: /varidata/research/projects/shen/projects/2024_Bens_swan_song/src/umi_collisions/umi_16.txt
2024-07-21 00:16:33,411 - INFO - Total UMIs loaded: 4294967296
2024-07-21 00:16:33,411 - INFO - Loading parameters...
2024-07-21 00:16:33,411 - INFO - Sampling read depths for each gene...
2024-07-21 00:16:33,450 - INFO - Read depths sampling complete.
2024-07-21 00:16:33,450 - INFO - Allocating UMIs based on sampled read depths...
2024-07-21 00:16:33,450 - INFO - Allocating UMIs for gene 0...
2024-07-21 00:16:33,735 - INFO - Allocating UMIs for gene 100...
2024-07-21 00:16:34,004 - INFO - Allocating UMIs for gene 200...
2024-07-21 00:16:34,299 - INFO - Allocating UMIs for gene 300...
2024-07-21 00:16:34,483 - INFO - Allocating UMIs for gene 400...
2024-07-21 00:16:34,719 - INFO - Allocating UMIs for gene 500...
2024-07-21 00:16:35,159 - INFO - Allocating UMIs for gene 600...
2024-07-21 00:16:35,337 - INFO - Allocating UMIs for gene 700...
2024-07-21 00:16:35,518 - INFO - Allocating UMIs for gene 800...
2024-07-21 00:16:35,708 - INFO - Allocating UMIs for gene 900...
2024-07-21 00:16:35,966 - INFO - UMI allocation complete.
2024-07-21 00:16:35,966 - INFO - Counting overall UMI occurrences...
2024-07-21 00:16:35,967 - INFO - Counting inter-gene collisions...
2024-07-21 00:16:35,971 - INFO - Total UMIs allocated: 5950
2024-07-21 00:16:35,971 - INFO - Number of unique UMIs assigned to genes: 5950
2024-07-21 00:16:35,971 - INFO - Inter-gene collisions: 0
2024-07-21 00:16:35,971 - INFO - Inter-gene collision rate: 0.00000
2024-07-21 00:16:35,971 - INFO - Writing gene UMI counts to file...
2024-07-21 00:16:35,989 - INFO - Writing UMI inter-gene collisions to file...
2024-07-21 00:16:35,991 - INFO - Simulation complete.
