2024-07-20 22:51:37,798 - INFO - Simulation Script Version: 0.0.2
2024-07-20 22:51:37,799 - INFO - Simulation Parameters:
2024-07-20 22:51:37,799 - INFO - Length of UMI: 10
2024-07-20 22:51:37,799 - INFO - Number of genes: 1000
2024-07-20 22:51:37,799 - INFO - Parameters file: None
2024-07-20 22:51:37,799 - INFO - Mean (mu): 6.0
2024-07-20 22:51:37,799 - INFO - Dispersion (theta): 6.0
2024-07-20 22:51:37,799 - INFO - Use Poisson distribution: False
2024-07-20 22:51:37,799 - INFO - Gene UMI counts file: gene_1000_umi16_counts_rep1.txt
2024-07-20 22:51:37,799 - INFO - UMI collisions file: umi16_1000_collisions.txt
2024-07-20 22:51:37,799 - INFO - Seed: None
2024-07-20 22:51:37,799 - INFO - Log file: umi16_1000_rep1.log
2024-07-20 22:51:37,799 - INFO - UMI file: /varidata/research/projects/shen/projects/2024_Bens_swan_song/src/umi_collisions/umi_16.txt
2024-07-20 22:51:37,799 - INFO - No seed specified. Generated random seed: 3363218534
2024-07-20 22:51:37,799 - INFO - Using UMIs from file: /varidata/research/projects/shen/projects/2024_Bens_swan_song/src/umi_collisions/umi_16.txt
2024-07-20 22:56:41,053 - INFO - Total UMIs loaded: 4294967296
2024-07-20 22:56:41,054 - INFO - Loading parameters...
2024-07-20 22:56:41,054 - INFO - Sampling read depths for each gene...
2024-07-20 22:56:41,092 - INFO - Read depths sampling complete.
2024-07-20 22:56:41,092 - INFO - Allocating UMIs based on sampled read depths...
2024-07-20 22:56:41,092 - INFO - Allocating UMIs for gene 0...
2024-07-20 22:56:41,116 - INFO - Allocating UMIs for gene 100...
2024-07-20 22:56:41,141 - INFO - Allocating UMIs for gene 200...
2024-07-20 22:56:41,168 - INFO - Allocating UMIs for gene 300...
2024-07-20 22:56:41,193 - INFO - Allocating UMIs for gene 400...
2024-07-20 22:56:41,222 - INFO - Allocating UMIs for gene 500...
2024-07-20 22:56:41,248 - INFO - Allocating UMIs for gene 600...
2024-07-20 22:56:41,272 - INFO - Allocating UMIs for gene 700...
2024-07-20 22:56:41,298 - INFO - Allocating UMIs for gene 800...
2024-07-20 22:56:41,323 - INFO - Allocating UMIs for gene 900...
2024-07-20 22:56:41,351 - INFO - UMI allocation complete.
2024-07-20 22:56:41,351 - INFO - Counting overall UMI occurrences...
2024-07-20 22:56:41,353 - INFO - Counting inter-gene collisions...
2024-07-20 22:56:41,357 - INFO - Total UMIs allocated: 6152
2024-07-20 22:56:41,357 - INFO - Number of unique UMIs assigned to genes: 6152
2024-07-20 22:56:41,357 - INFO - Inter-gene collisions: 0
2024-07-20 22:56:41,357 - INFO - Inter-gene collision rate: 0.00000
2024-07-20 22:56:41,357 - INFO - Writing gene UMI counts to file...
2024-07-20 22:56:41,378 - INFO - Writing UMI inter-gene collisions to file...
2024-07-20 22:56:41,380 - INFO - Simulation complete.
