2024-07-20 23:07:10,609 - INFO - Simulation Script Version: 0.0.2
2024-07-20 23:07:10,609 - INFO - Simulation Parameters:
2024-07-20 23:07:10,609 - INFO - Length of UMI: 10
2024-07-20 23:07:10,610 - INFO - Number of genes: 1000
2024-07-20 23:07:10,610 - INFO - Parameters file: None
2024-07-20 23:07:10,610 - INFO - Mean (mu): 6.0
2024-07-20 23:07:10,610 - INFO - Dispersion (theta): 6.0
2024-07-20 23:07:10,610 - INFO - Use Poisson distribution: False
2024-07-20 23:07:10,610 - INFO - Gene UMI counts file: gene_1000_umi16_counts_rep3.txt
2024-07-20 23:07:10,610 - INFO - UMI collisions file: umi16_1000_collisions_rep3.txt
2024-07-20 23:07:10,610 - INFO - Seed: None
2024-07-20 23:07:10,610 - INFO - Log file: umi16_1000_rep3.log
2024-07-20 23:07:10,610 - INFO - UMI file: /varidata/research/projects/shen/projects/2024_Bens_swan_song/src/umi_collisions/umi_16.txt
2024-07-20 23:07:10,610 - INFO - No seed specified. Generated random seed: 3010983524
2024-07-20 23:07:10,610 - INFO - Using UMIs from file: /varidata/research/projects/shen/projects/2024_Bens_swan_song/src/umi_collisions/umi_16.txt
2024-07-20 23:17:21,865 - INFO - Total UMIs loaded: 4294967296
2024-07-20 23:17:21,865 - INFO - Loading parameters...
2024-07-20 23:17:21,865 - INFO - Sampling read depths for each gene...
2024-07-20 23:17:21,913 - INFO - Read depths sampling complete.
2024-07-20 23:17:21,913 - INFO - Allocating UMIs based on sampled read depths...
2024-07-20 23:17:21,913 - INFO - Allocating UMIs for gene 0...
2024-07-20 23:17:21,940 - INFO - Allocating UMIs for gene 100...
2024-07-20 23:17:21,966 - INFO - Allocating UMIs for gene 200...
2024-07-20 23:17:21,994 - INFO - Allocating UMIs for gene 300...
2024-07-20 23:17:22,025 - INFO - Allocating UMIs for gene 400...
2024-07-20 23:17:22,054 - INFO - Allocating UMIs for gene 500...
2024-07-20 23:17:22,079 - INFO - Allocating UMIs for gene 600...
2024-07-20 23:17:22,103 - INFO - Allocating UMIs for gene 700...
2024-07-20 23:17:22,130 - INFO - Allocating UMIs for gene 800...
2024-07-20 23:17:22,156 - INFO - Allocating UMIs for gene 900...
2024-07-20 23:17:22,187 - INFO - UMI allocation complete.
2024-07-20 23:17:22,187 - INFO - Counting overall UMI occurrences...
2024-07-20 23:17:22,188 - INFO - Counting inter-gene collisions...
2024-07-20 23:17:22,192 - INFO - Total UMIs allocated: 5935
2024-07-20 23:17:22,192 - INFO - Number of unique UMIs assigned to genes: 5935
2024-07-20 23:17:22,192 - INFO - Inter-gene collisions: 0
2024-07-20 23:17:22,192 - INFO - Inter-gene collision rate: 0.00000
2024-07-20 23:17:22,192 - INFO - Writing gene UMI counts to file...
2024-07-20 23:17:22,209 - INFO - Writing UMI inter-gene collisions to file...
2024-07-20 23:17:22,212 - INFO - Simulation complete.
