2024-07-20 23:59:01,614 - INFO - Simulation Script Version: 0.0.2
2024-07-20 23:59:01,614 - INFO - Simulation Parameters:
2024-07-20 23:59:01,615 - INFO - Length of UMI: 10
2024-07-20 23:59:01,615 - INFO - Number of genes: 1000
2024-07-20 23:59:01,615 - INFO - Parameters file: None
2024-07-20 23:59:01,615 - INFO - Mean (mu): 6.0
2024-07-20 23:59:01,615 - INFO - Dispersion (theta): 6.0
2024-07-20 23:59:01,615 - INFO - Use Poisson distribution: False
2024-07-20 23:59:01,615 - INFO - Gene UMI counts file: gene_1000_umi16_counts_rep8.txt
2024-07-20 23:59:01,615 - INFO - UMI collisions file: umi16_1000_collisions_rep8.txt
2024-07-20 23:59:01,615 - INFO - Seed: None
2024-07-20 23:59:01,615 - INFO - Log file: umi16_1000_rep8.log
2024-07-20 23:59:01,615 - INFO - UMI file: /varidata/research/projects/shen/projects/2024_Bens_swan_song/src/umi_collisions/umi_16.txt
2024-07-20 23:59:01,615 - INFO - No seed specified. Generated random seed: 2412088509
2024-07-20 23:59:01,615 - INFO - Using UMIs from file: /varidata/research/projects/shen/projects/2024_Bens_swan_song/src/umi_collisions/umi_16.txt
2024-07-21 00:07:47,286 - INFO - Total UMIs loaded: 4294967296
2024-07-21 00:07:47,286 - INFO - Loading parameters...
2024-07-21 00:07:47,286 - INFO - Sampling read depths for each gene...
2024-07-21 00:07:47,325 - INFO - Read depths sampling complete.
2024-07-21 00:07:47,325 - INFO - Allocating UMIs based on sampled read depths...
2024-07-21 00:07:47,325 - INFO - Allocating UMIs for gene 0...
2024-07-21 00:07:47,590 - INFO - Allocating UMIs for gene 100...
2024-07-21 00:07:47,963 - INFO - Allocating UMIs for gene 200...
2024-07-21 00:07:48,284 - INFO - Allocating UMIs for gene 300...
2024-07-21 00:07:48,580 - INFO - Allocating UMIs for gene 400...
2024-07-21 00:07:48,907 - INFO - Allocating UMIs for gene 500...
2024-07-21 00:07:49,343 - INFO - Allocating UMIs for gene 600...
2024-07-21 00:07:49,736 - INFO - Allocating UMIs for gene 700...
2024-07-21 00:07:49,975 - INFO - Allocating UMIs for gene 800...
2024-07-21 00:07:50,362 - INFO - Allocating UMIs for gene 900...
2024-07-21 00:07:50,701 - INFO - UMI allocation complete.
2024-07-21 00:07:50,701 - INFO - Counting overall UMI occurrences...
2024-07-21 00:07:50,702 - INFO - Counting inter-gene collisions...
2024-07-21 00:07:50,706 - INFO - Total UMIs allocated: 6054
2024-07-21 00:07:50,706 - INFO - Number of unique UMIs assigned to genes: 6054
2024-07-21 00:07:50,706 - INFO - Inter-gene collisions: 0
2024-07-21 00:07:50,706 - INFO - Inter-gene collision rate: 0.00000
2024-07-21 00:07:50,706 - INFO - Writing gene UMI counts to file...
2024-07-21 00:07:50,727 - INFO - Writing UMI inter-gene collisions to file...
2024-07-21 00:07:50,729 - INFO - Simulation complete.
