2024-07-21 00:16:37,036 - INFO - Simulation Script Version: 0.0.2
2024-07-21 00:16:37,036 - INFO - Simulation Parameters:
2024-07-21 00:16:37,036 - INFO - Length of UMI: 10
2024-07-21 00:16:37,036 - INFO - Number of genes: 1000
2024-07-21 00:16:37,036 - INFO - Parameters file: None
2024-07-21 00:16:37,036 - INFO - Mean (mu): 6.0
2024-07-21 00:16:37,036 - INFO - Dispersion (theta): 6.0
2024-07-21 00:16:37,036 - INFO - Use Poisson distribution: False
2024-07-21 00:16:37,036 - INFO - Gene UMI counts file: gene_1000_umi16_counts_rep10.txt
2024-07-21 00:16:37,036 - INFO - UMI collisions file: umi16_1000_collisions_rep10.txt
2024-07-21 00:16:37,036 - INFO - Seed: None
2024-07-21 00:16:37,036 - INFO - Log file: umi16_1000_rep10.log
2024-07-21 00:16:37,036 - INFO - UMI file: /varidata/research/projects/shen/projects/2024_Bens_swan_song/src/umi_collisions/umi_16.txt
2024-07-21 00:16:37,036 - INFO - No seed specified. Generated random seed: 4155940469
2024-07-21 00:16:37,036 - INFO - Using UMIs from file: /varidata/research/projects/shen/projects/2024_Bens_swan_song/src/umi_collisions/umi_16.txt
2024-07-21 00:25:13,101 - INFO - Total UMIs loaded: 4294967296
2024-07-21 00:25:13,102 - INFO - Loading parameters...
2024-07-21 00:25:13,102 - INFO - Sampling read depths for each gene...
2024-07-21 00:25:13,140 - INFO - Read depths sampling complete.
2024-07-21 00:25:13,140 - INFO - Allocating UMIs based on sampled read depths...
2024-07-21 00:25:13,140 - INFO - Allocating UMIs for gene 0...
2024-07-21 00:25:13,276 - INFO - Allocating UMIs for gene 100...
2024-07-21 00:25:13,410 - INFO - Allocating UMIs for gene 200...
2024-07-21 00:25:13,612 - INFO - Allocating UMIs for gene 300...
2024-07-21 00:25:13,787 - INFO - Allocating UMIs for gene 400...
2024-07-21 00:25:13,969 - INFO - Allocating UMIs for gene 500...
2024-07-21 00:25:14,103 - INFO - Allocating UMIs for gene 600...
2024-07-21 00:25:14,249 - INFO - Allocating UMIs for gene 700...
2024-07-21 00:25:14,432 - INFO - Allocating UMIs for gene 800...
2024-07-21 00:25:14,571 - INFO - Allocating UMIs for gene 900...
2024-07-21 00:25:14,775 - INFO - UMI allocation complete.
2024-07-21 00:25:14,775 - INFO - Counting overall UMI occurrences...
2024-07-21 00:25:14,776 - INFO - Counting inter-gene collisions...
2024-07-21 00:25:14,780 - INFO - Total UMIs allocated: 6056
2024-07-21 00:25:14,780 - INFO - Number of unique UMIs assigned to genes: 6056
2024-07-21 00:25:14,780 - INFO - Inter-gene collisions: 0
2024-07-21 00:25:14,780 - INFO - Inter-gene collision rate: 0.00000
2024-07-21 00:25:14,780 - INFO - Writing gene UMI counts to file...
2024-07-21 00:25:14,793 - INFO - Writing UMI inter-gene collisions to file...
2024-07-21 00:25:14,794 - INFO - Simulation complete.
