2024-07-20 23:28:02,725 - INFO - Simulation Script Version: 0.0.2
2024-07-20 23:28:02,725 - INFO - Simulation Parameters:
2024-07-20 23:28:02,725 - INFO - Length of UMI: 10
2024-07-20 23:28:02,725 - INFO - Number of genes: 1000
2024-07-20 23:28:02,725 - INFO - Parameters file: None
2024-07-20 23:28:02,725 - INFO - Mean (mu): 6.0
2024-07-20 23:28:02,725 - INFO - Dispersion (theta): 6.0
2024-07-20 23:28:02,725 - INFO - Use Poisson distribution: False
2024-07-20 23:28:02,725 - INFO - Gene UMI counts file: gene_1000_umi16_counts_rep5.txt
2024-07-20 23:28:02,725 - INFO - UMI collisions file: umi16_1000_collisions_rep5.txt
2024-07-20 23:28:02,725 - INFO - Seed: None
2024-07-20 23:28:02,725 - INFO - Log file: umi16_1000_rep5.log
2024-07-20 23:28:02,725 - INFO - UMI file: /varidata/research/projects/shen/projects/2024_Bens_swan_song/src/umi_collisions/umi_16.txt
2024-07-20 23:28:02,725 - INFO - No seed specified. Generated random seed: 1404676359
2024-07-20 23:28:02,726 - INFO - Using UMIs from file: /varidata/research/projects/shen/projects/2024_Bens_swan_song/src/umi_collisions/umi_16.txt
2024-07-20 23:38:33,399 - INFO - Total UMIs loaded: 4294967296
2024-07-20 23:38:33,399 - INFO - Loading parameters...
2024-07-20 23:38:33,399 - INFO - Sampling read depths for each gene...
2024-07-20 23:38:33,438 - INFO - Read depths sampling complete.
2024-07-20 23:38:33,438 - INFO - Allocating UMIs based on sampled read depths...
2024-07-20 23:38:33,438 - INFO - Allocating UMIs for gene 0...
2024-07-20 23:38:33,594 - INFO - Allocating UMIs for gene 100...
2024-07-20 23:38:33,708 - INFO - Allocating UMIs for gene 200...
2024-07-20 23:38:33,970 - INFO - Allocating UMIs for gene 300...
2024-07-20 23:38:34,247 - INFO - Allocating UMIs for gene 400...
2024-07-20 23:38:34,381 - INFO - Allocating UMIs for gene 500...
2024-07-20 23:38:34,501 - INFO - Allocating UMIs for gene 600...
2024-07-20 23:38:34,695 - INFO - Allocating UMIs for gene 700...
2024-07-20 23:38:34,929 - INFO - Allocating UMIs for gene 800...
2024-07-20 23:38:35,097 - INFO - Allocating UMIs for gene 900...
2024-07-20 23:38:35,574 - INFO - UMI allocation complete.
2024-07-20 23:38:35,575 - INFO - Counting overall UMI occurrences...
2024-07-20 23:38:35,577 - INFO - Counting inter-gene collisions...
2024-07-20 23:38:35,581 - INFO - Total UMIs allocated: 6104
2024-07-20 23:38:35,581 - INFO - Number of unique UMIs assigned to genes: 6104
2024-07-20 23:38:35,581 - INFO - Inter-gene collisions: 0
2024-07-20 23:38:35,581 - INFO - Inter-gene collision rate: 0.00000
2024-07-20 23:38:35,581 - INFO - Writing gene UMI counts to file...
2024-07-20 23:38:35,607 - INFO - Writing UMI inter-gene collisions to file...
2024-07-20 23:38:35,609 - INFO - Simulation complete.
