2024-07-20 23:49:08,413 - INFO - Simulation Script Version: 0.0.2
2024-07-20 23:49:08,413 - INFO - Simulation Parameters:
2024-07-20 23:49:08,413 - INFO - Length of UMI: 10
2024-07-20 23:49:08,413 - INFO - Number of genes: 1000
2024-07-20 23:49:08,413 - INFO - Parameters file: None
2024-07-20 23:49:08,413 - INFO - Mean (mu): 6.0
2024-07-20 23:49:08,413 - INFO - Dispersion (theta): 6.0
2024-07-20 23:49:08,413 - INFO - Use Poisson distribution: False
2024-07-20 23:49:08,413 - INFO - Gene UMI counts file: gene_1000_umi16_counts_rep7.txt
2024-07-20 23:49:08,413 - INFO - UMI collisions file: umi16_1000_collisions_rep7.txt
2024-07-20 23:49:08,413 - INFO - Seed: None
2024-07-20 23:49:08,413 - INFO - Log file: umi16_1000_rep7.log
2024-07-20 23:49:08,413 - INFO - UMI file: /varidata/research/projects/shen/projects/2024_Bens_swan_song/src/umi_collisions/umi_16.txt
2024-07-20 23:49:08,413 - INFO - No seed specified. Generated random seed: 856557440
2024-07-20 23:49:08,413 - INFO - Using UMIs from file: /varidata/research/projects/shen/projects/2024_Bens_swan_song/src/umi_collisions/umi_16.txt
2024-07-20 23:58:54,717 - INFO - Total UMIs loaded: 4294967296
2024-07-20 23:58:54,717 - INFO - Loading parameters...
2024-07-20 23:58:54,717 - INFO - Sampling read depths for each gene...
2024-07-20 23:58:54,758 - INFO - Read depths sampling complete.
2024-07-20 23:58:54,758 - INFO - Allocating UMIs based on sampled read depths...
2024-07-20 23:58:54,758 - INFO - Allocating UMIs for gene 0...
2024-07-20 23:58:55,422 - INFO - Allocating UMIs for gene 100...
2024-07-20 23:58:55,910 - INFO - Allocating UMIs for gene 200...
2024-07-20 23:58:56,417 - INFO - Allocating UMIs for gene 300...
2024-07-20 23:58:57,071 - INFO - Allocating UMIs for gene 400...
2024-07-20 23:58:57,891 - INFO - Allocating UMIs for gene 500...
2024-07-20 23:58:58,336 - INFO - Allocating UMIs for gene 600...
2024-07-20 23:58:58,851 - INFO - Allocating UMIs for gene 700...
2024-07-20 23:58:59,303 - INFO - Allocating UMIs for gene 800...
2024-07-20 23:58:59,851 - INFO - Allocating UMIs for gene 900...
2024-07-20 23:59:00,484 - INFO - UMI allocation complete.
2024-07-20 23:59:00,484 - INFO - Counting overall UMI occurrences...
2024-07-20 23:59:00,486 - INFO - Counting inter-gene collisions...
2024-07-20 23:59:00,490 - INFO - Total UMIs allocated: 6129
2024-07-20 23:59:00,490 - INFO - Number of unique UMIs assigned to genes: 6129
2024-07-20 23:59:00,490 - INFO - Inter-gene collisions: 0
2024-07-20 23:59:00,491 - INFO - Inter-gene collision rate: 0.00000
2024-07-20 23:59:00,491 - INFO - Writing gene UMI counts to file...
2024-07-20 23:59:00,510 - INFO - Writing UMI inter-gene collisions to file...
2024-07-20 23:59:00,512 - INFO - Simulation complete.
