2024-07-20 23:17:23,298 - INFO - Simulation Script Version: 0.0.2
2024-07-20 23:17:23,298 - INFO - Simulation Parameters:
2024-07-20 23:17:23,298 - INFO - Length of UMI: 10
2024-07-20 23:17:23,298 - INFO - Number of genes: 1000
2024-07-20 23:17:23,298 - INFO - Parameters file: None
2024-07-20 23:17:23,298 - INFO - Mean (mu): 6.0
2024-07-20 23:17:23,298 - INFO - Dispersion (theta): 6.0
2024-07-20 23:17:23,298 - INFO - Use Poisson distribution: False
2024-07-20 23:17:23,298 - INFO - Gene UMI counts file: gene_1000_umi16_counts_rep4.txt
2024-07-20 23:17:23,298 - INFO - UMI collisions file: umi16_1000_collisions_rep4.txt
2024-07-20 23:17:23,298 - INFO - Seed: None
2024-07-20 23:17:23,298 - INFO - Log file: umi16_1000_rep4.log
2024-07-20 23:17:23,298 - INFO - UMI file: /varidata/research/projects/shen/projects/2024_Bens_swan_song/src/umi_collisions/umi_16.txt
2024-07-20 23:17:23,298 - INFO - No seed specified. Generated random seed: 2025047503
2024-07-20 23:17:23,299 - INFO - Using UMIs from file: /varidata/research/projects/shen/projects/2024_Bens_swan_song/src/umi_collisions/umi_16.txt
2024-07-20 23:28:01,008 - INFO - Total UMIs loaded: 4294967296
2024-07-20 23:28:01,008 - INFO - Loading parameters...
2024-07-20 23:28:01,008 - INFO - Sampling read depths for each gene...
2024-07-20 23:28:01,048 - INFO - Read depths sampling complete.
2024-07-20 23:28:01,048 - INFO - Allocating UMIs based on sampled read depths...
2024-07-20 23:28:01,048 - INFO - Allocating UMIs for gene 0...
2024-07-20 23:28:01,140 - INFO - Allocating UMIs for gene 100...
2024-07-20 23:28:01,189 - INFO - Allocating UMIs for gene 200...
2024-07-20 23:28:01,237 - INFO - Allocating UMIs for gene 300...
2024-07-20 23:28:01,287 - INFO - Allocating UMIs for gene 400...
2024-07-20 23:28:01,350 - INFO - Allocating UMIs for gene 500...
2024-07-20 23:28:01,390 - INFO - Allocating UMIs for gene 600...
2024-07-20 23:28:01,442 - INFO - Allocating UMIs for gene 700...
2024-07-20 23:28:01,503 - INFO - Allocating UMIs for gene 800...
2024-07-20 23:28:01,557 - INFO - Allocating UMIs for gene 900...
2024-07-20 23:28:01,622 - INFO - UMI allocation complete.
2024-07-20 23:28:01,622 - INFO - Counting overall UMI occurrences...
2024-07-20 23:28:01,624 - INFO - Counting inter-gene collisions...
2024-07-20 23:28:01,628 - INFO - Total UMIs allocated: 5974
2024-07-20 23:28:01,628 - INFO - Number of unique UMIs assigned to genes: 5974
2024-07-20 23:28:01,628 - INFO - Inter-gene collisions: 0
2024-07-20 23:28:01,628 - INFO - Inter-gene collision rate: 0.00000
2024-07-20 23:28:01,628 - INFO - Writing gene UMI counts to file...
2024-07-20 23:28:01,645 - INFO - Writing UMI inter-gene collisions to file...
2024-07-20 23:28:01,647 - INFO - Simulation complete.
