2024-07-20 23:38:36,641 - INFO - Simulation Script Version: 0.0.2
2024-07-20 23:38:36,641 - INFO - Simulation Parameters:
2024-07-20 23:38:36,641 - INFO - Length of UMI: 10
2024-07-20 23:38:36,641 - INFO - Number of genes: 1000
2024-07-20 23:38:36,641 - INFO - Parameters file: None
2024-07-20 23:38:36,641 - INFO - Mean (mu): 6.0
2024-07-20 23:38:36,641 - INFO - Dispersion (theta): 6.0
2024-07-20 23:38:36,641 - INFO - Use Poisson distribution: False
2024-07-20 23:38:36,641 - INFO - Gene UMI counts file: gene_1000_umi16_counts_rep6.txt
2024-07-20 23:38:36,641 - INFO - UMI collisions file: umi16_1000_collisions_rep6.txt
2024-07-20 23:38:36,641 - INFO - Seed: None
2024-07-20 23:38:36,641 - INFO - Log file: umi16_1000_rep6.log
2024-07-20 23:38:36,642 - INFO - UMI file: /varidata/research/projects/shen/projects/2024_Bens_swan_song/src/umi_collisions/umi_16.txt
2024-07-20 23:38:36,642 - INFO - No seed specified. Generated random seed: 1759667435
2024-07-20 23:38:36,642 - INFO - Using UMIs from file: /varidata/research/projects/shen/projects/2024_Bens_swan_song/src/umi_collisions/umi_16.txt
2024-07-20 23:49:06,153 - INFO - Total UMIs loaded: 4294967296
2024-07-20 23:49:06,153 - INFO - Loading parameters...
2024-07-20 23:49:06,154 - INFO - Sampling read depths for each gene...
2024-07-20 23:49:06,194 - INFO - Read depths sampling complete.
2024-07-20 23:49:06,194 - INFO - Allocating UMIs based on sampled read depths...
2024-07-20 23:49:06,194 - INFO - Allocating UMIs for gene 0...
2024-07-20 23:49:06,332 - INFO - Allocating UMIs for gene 100...
2024-07-20 23:49:06,420 - INFO - Allocating UMIs for gene 200...
2024-07-20 23:49:06,584 - INFO - Allocating UMIs for gene 300...
2024-07-20 23:49:06,667 - INFO - Allocating UMIs for gene 400...
2024-07-20 23:49:06,772 - INFO - Allocating UMIs for gene 500...
2024-07-20 23:49:06,897 - INFO - Allocating UMIs for gene 600...
2024-07-20 23:49:06,974 - INFO - Allocating UMIs for gene 700...
2024-07-20 23:49:07,064 - INFO - Allocating UMIs for gene 800...
2024-07-20 23:49:07,182 - INFO - Allocating UMIs for gene 900...
2024-07-20 23:49:07,272 - INFO - UMI allocation complete.
2024-07-20 23:49:07,272 - INFO - Counting overall UMI occurrences...
2024-07-20 23:49:07,273 - INFO - Counting inter-gene collisions...
2024-07-20 23:49:07,278 - INFO - Total UMIs allocated: 6160
2024-07-20 23:49:07,278 - INFO - Number of unique UMIs assigned to genes: 6160
2024-07-20 23:49:07,278 - INFO - Inter-gene collisions: 0
2024-07-20 23:49:07,278 - INFO - Inter-gene collision rate: 0.00000
2024-07-20 23:49:07,278 - INFO - Writing gene UMI counts to file...
2024-07-20 23:49:07,294 - INFO - Writing UMI inter-gene collisions to file...
2024-07-20 23:49:07,296 - INFO - Simulation complete.
