2024-07-20 22:49:36,716 - INFO - Simulation Script Version: 0.0.1
2024-07-20 22:49:36,716 - INFO - Simulation Parameters:
2024-07-20 22:49:36,716 - INFO - Length of UMI: 6
2024-07-20 22:49:36,716 - INFO - Number of genes: 2000
2024-07-20 22:49:36,716 - INFO - Parameters file: None
2024-07-20 22:49:36,716 - INFO - Mean (mu): 6.0
2024-07-20 22:49:36,716 - INFO - Dispersion (theta): 6.0
2024-07-20 22:49:36,716 - INFO - Use Poisson distribution: False
2024-07-20 22:49:36,716 - INFO - Gene UMI counts file: gene_2000_umi6_counts_rep7.txt
2024-07-20 22:49:36,716 - INFO - UMI collisions file: umi6_2000_collisions_rep7.txt
2024-07-20 22:49:36,716 - INFO - Seed: None
2024-07-20 22:49:36,716 - INFO - Log file: umi6_2000_rep7.log
2024-07-20 22:49:36,716 - INFO - No seed specified. Generated random seed: 1349289987
2024-07-20 22:49:36,716 - INFO - Generating all possible UMIs...
2024-07-20 22:49:36,717 - INFO - Total possible UMIs generated: 4096
2024-07-20 22:49:36,717 - INFO - Loading parameters...
2024-07-20 22:49:36,717 - INFO - Sampling read depths for each gene...
2024-07-20 22:49:36,792 - INFO - Read depths sampling complete.
2024-07-20 22:49:36,792 - INFO - Allocating UMIs based on sampled read depths...
2024-07-20 22:49:36,792 - INFO - Allocating UMIs for gene 0...
2024-07-20 22:49:36,842 - INFO - Allocating UMIs for gene 100...
2024-07-20 22:49:36,894 - INFO - Allocating UMIs for gene 200...
2024-07-20 22:49:36,943 - INFO - Allocating UMIs for gene 300...
2024-07-20 22:49:36,992 - INFO - Allocating UMIs for gene 400...
2024-07-20 22:49:37,042 - INFO - Allocating UMIs for gene 500...
2024-07-20 22:49:37,091 - INFO - Allocating UMIs for gene 600...
2024-07-20 22:49:37,142 - INFO - Allocating UMIs for gene 700...
2024-07-20 22:49:37,196 - INFO - Allocating UMIs for gene 800...
2024-07-20 22:49:37,260 - INFO - Allocating UMIs for gene 900...
2024-07-20 22:49:37,353 - INFO - Allocating UMIs for gene 1000...
2024-07-20 22:49:37,402 - INFO - Allocating UMIs for gene 1100...
2024-07-20 22:49:37,453 - INFO - Allocating UMIs for gene 1200...
2024-07-20 22:49:37,502 - INFO - Allocating UMIs for gene 1300...
2024-07-20 22:49:37,552 - INFO - Allocating UMIs for gene 1400...
2024-07-20 22:49:37,602 - INFO - Allocating UMIs for gene 1500...
2024-07-20 22:49:37,652 - INFO - Allocating UMIs for gene 1600...
2024-07-20 22:49:37,711 - INFO - Allocating UMIs for gene 1700...
2024-07-20 22:49:37,784 - INFO - Allocating UMIs for gene 1800...
2024-07-20 22:49:37,873 - INFO - Allocating UMIs for gene 1900...
2024-07-20 22:49:37,921 - INFO - UMI allocation complete.
2024-07-20 22:49:37,922 - INFO - Counting overall UMI occurrences...
2024-07-20 22:49:37,924 - INFO - Counting inter-gene collisions...
2024-07-20 22:49:37,927 - INFO - Total UMIs generated: 4096
2024-07-20 22:49:37,927 - INFO - Total UMIs allocated: 12206
2024-07-20 22:49:37,927 - INFO - Number of unique UMIs assigned to genes: 3894
2024-07-20 22:49:37,927 - INFO - Inter-gene collisions: 8297
2024-07-20 22:49:37,927 - INFO - Inter-gene collision rate: 0.67975
2024-07-20 22:49:37,927 - INFO - Writing gene UMI counts to file...
2024-07-20 22:49:37,933 - INFO - Writing UMI inter-gene collisions to file...
2024-07-20 22:49:37,938 - INFO - Simulation complete.
