2024-07-20 22:49:31,844 - INFO - Simulation Script Version: 0.0.1
2024-07-20 22:49:31,844 - INFO - Simulation Parameters:
2024-07-20 22:49:31,844 - INFO - Length of UMI: 6
2024-07-20 22:49:31,844 - INFO - Number of genes: 2000
2024-07-20 22:49:31,844 - INFO - Parameters file: None
2024-07-20 22:49:31,845 - INFO - Mean (mu): 6.0
2024-07-20 22:49:31,845 - INFO - Dispersion (theta): 6.0
2024-07-20 22:49:31,845 - INFO - Use Poisson distribution: False
2024-07-20 22:49:31,845 - INFO - Gene UMI counts file: gene_2000_umi6_counts_rep5.txt
2024-07-20 22:49:31,845 - INFO - UMI collisions file: umi6_2000_collisions_rep5.txt
2024-07-20 22:49:31,845 - INFO - Seed: None
2024-07-20 22:49:31,845 - INFO - Log file: umi6_2000_rep5.log
2024-07-20 22:49:31,845 - INFO - No seed specified. Generated random seed: 1624644129
2024-07-20 22:49:31,845 - INFO - Generating all possible UMIs...
2024-07-20 22:49:31,845 - INFO - Total possible UMIs generated: 4096
2024-07-20 22:49:31,845 - INFO - Loading parameters...
2024-07-20 22:49:31,845 - INFO - Sampling read depths for each gene...
2024-07-20 22:49:31,920 - INFO - Read depths sampling complete.
2024-07-20 22:49:31,920 - INFO - Allocating UMIs based on sampled read depths...
2024-07-20 22:49:31,920 - INFO - Allocating UMIs for gene 0...
2024-07-20 22:49:31,969 - INFO - Allocating UMIs for gene 100...
2024-07-20 22:49:32,019 - INFO - Allocating UMIs for gene 200...
2024-07-20 22:49:32,066 - INFO - Allocating UMIs for gene 300...
2024-07-20 22:49:32,115 - INFO - Allocating UMIs for gene 400...
2024-07-20 22:49:32,163 - INFO - Allocating UMIs for gene 500...
2024-07-20 22:49:32,211 - INFO - Allocating UMIs for gene 600...
2024-07-20 22:49:32,258 - INFO - Allocating UMIs for gene 700...
2024-07-20 22:49:32,305 - INFO - Allocating UMIs for gene 800...
2024-07-20 22:49:32,354 - INFO - Allocating UMIs for gene 900...
2024-07-20 22:49:32,402 - INFO - Allocating UMIs for gene 1000...
2024-07-20 22:49:32,451 - INFO - Allocating UMIs for gene 1100...
2024-07-20 22:49:32,499 - INFO - Allocating UMIs for gene 1200...
2024-07-20 22:49:32,548 - INFO - Allocating UMIs for gene 1300...
2024-07-20 22:49:32,599 - INFO - Allocating UMIs for gene 1400...
2024-07-20 22:49:32,649 - INFO - Allocating UMIs for gene 1500...
2024-07-20 22:49:32,698 - INFO - Allocating UMIs for gene 1600...
2024-07-20 22:49:32,751 - INFO - Allocating UMIs for gene 1700...
2024-07-20 22:49:32,805 - INFO - Allocating UMIs for gene 1800...
2024-07-20 22:49:32,868 - INFO - Allocating UMIs for gene 1900...
2024-07-20 22:49:32,962 - INFO - UMI allocation complete.
2024-07-20 22:49:32,962 - INFO - Counting overall UMI occurrences...
2024-07-20 22:49:32,964 - INFO - Counting inter-gene collisions...
2024-07-20 22:49:32,967 - INFO - Total UMIs generated: 4096
2024-07-20 22:49:32,967 - INFO - Total UMIs allocated: 11926
2024-07-20 22:49:32,967 - INFO - Number of unique UMIs assigned to genes: 3899
2024-07-20 22:49:32,967 - INFO - Inter-gene collisions: 8018
2024-07-20 22:49:32,967 - INFO - Inter-gene collision rate: 0.67231
2024-07-20 22:49:32,967 - INFO - Writing gene UMI counts to file...
2024-07-20 22:49:32,986 - INFO - Writing UMI inter-gene collisions to file...
2024-07-20 22:49:33,003 - INFO - Simulation complete.
