2024-07-20 22:49:29,537 - INFO - Simulation Script Version: 0.0.1
2024-07-20 22:49:29,537 - INFO - Simulation Parameters:
2024-07-20 22:49:29,537 - INFO - Length of UMI: 6
2024-07-20 22:49:29,537 - INFO - Number of genes: 2000
2024-07-20 22:49:29,537 - INFO - Parameters file: None
2024-07-20 22:49:29,537 - INFO - Mean (mu): 6.0
2024-07-20 22:49:29,537 - INFO - Dispersion (theta): 6.0
2024-07-20 22:49:29,537 - INFO - Use Poisson distribution: False
2024-07-20 22:49:29,537 - INFO - Gene UMI counts file: gene_2000_umi6_counts_rep4.txt
2024-07-20 22:49:29,537 - INFO - UMI collisions file: umi6_2000_collisions_rep4.txt
2024-07-20 22:49:29,537 - INFO - Seed: None
2024-07-20 22:49:29,537 - INFO - Log file: umi6_2000_rep4.log
2024-07-20 22:49:29,537 - INFO - No seed specified. Generated random seed: 3946428830
2024-07-20 22:49:29,537 - INFO - Generating all possible UMIs...
2024-07-20 22:49:29,538 - INFO - Total possible UMIs generated: 4096
2024-07-20 22:49:29,538 - INFO - Loading parameters...
2024-07-20 22:49:29,538 - INFO - Sampling read depths for each gene...
2024-07-20 22:49:29,610 - INFO - Read depths sampling complete.
2024-07-20 22:49:29,611 - INFO - Allocating UMIs based on sampled read depths...
2024-07-20 22:49:29,611 - INFO - Allocating UMIs for gene 0...
2024-07-20 22:49:29,659 - INFO - Allocating UMIs for gene 100...
2024-07-20 22:49:29,707 - INFO - Allocating UMIs for gene 200...
2024-07-20 22:49:29,756 - INFO - Allocating UMIs for gene 300...
2024-07-20 22:49:29,804 - INFO - Allocating UMIs for gene 400...
2024-07-20 22:49:29,850 - INFO - Allocating UMIs for gene 500...
2024-07-20 22:49:29,897 - INFO - Allocating UMIs for gene 600...
2024-07-20 22:49:29,946 - INFO - Allocating UMIs for gene 700...
2024-07-20 22:49:29,993 - INFO - Allocating UMIs for gene 800...
2024-07-20 22:49:30,040 - INFO - Allocating UMIs for gene 900...
2024-07-20 22:49:30,089 - INFO - Allocating UMIs for gene 1000...
2024-07-20 22:49:30,137 - INFO - Allocating UMIs for gene 1100...
2024-07-20 22:49:30,184 - INFO - Allocating UMIs for gene 1200...
2024-07-20 22:49:30,235 - INFO - Allocating UMIs for gene 1300...
2024-07-20 22:49:30,289 - INFO - Allocating UMIs for gene 1400...
2024-07-20 22:49:30,351 - INFO - Allocating UMIs for gene 1500...
2024-07-20 22:49:30,447 - INFO - Allocating UMIs for gene 1600...
2024-07-20 22:49:30,496 - INFO - Allocating UMIs for gene 1700...
2024-07-20 22:49:30,551 - INFO - Allocating UMIs for gene 1800...
2024-07-20 22:49:30,605 - INFO - Allocating UMIs for gene 1900...
2024-07-20 22:49:30,667 - INFO - UMI allocation complete.
2024-07-20 22:49:30,667 - INFO - Counting overall UMI occurrences...
2024-07-20 22:49:30,670 - INFO - Counting inter-gene collisions...
2024-07-20 22:49:30,674 - INFO - Total UMIs generated: 4096
2024-07-20 22:49:30,674 - INFO - Total UMIs allocated: 11970
2024-07-20 22:49:30,674 - INFO - Number of unique UMIs assigned to genes: 3876
2024-07-20 22:49:30,674 - INFO - Inter-gene collisions: 8079
2024-07-20 22:49:30,674 - INFO - Inter-gene collision rate: 0.67494
2024-07-20 22:49:30,674 - INFO - Writing gene UMI counts to file...
2024-07-20 22:49:30,681 - INFO - Writing UMI inter-gene collisions to file...
2024-07-20 22:49:30,724 - INFO - Simulation complete.
