2024-07-20 22:49:22,108 - INFO - Simulation Script Version: 0.0.1
2024-07-20 22:49:22,108 - INFO - Simulation Parameters:
2024-07-20 22:49:22,108 - INFO - Length of UMI: 6
2024-07-20 22:49:22,108 - INFO - Number of genes: 2000
2024-07-20 22:49:22,108 - INFO - Parameters file: None
2024-07-20 22:49:22,108 - INFO - Mean (mu): 6.0
2024-07-20 22:49:22,108 - INFO - Dispersion (theta): 6.0
2024-07-20 22:49:22,108 - INFO - Use Poisson distribution: False
2024-07-20 22:49:22,108 - INFO - Gene UMI counts file: gene_2000_umi6_counts_rep1.txt
2024-07-20 22:49:22,108 - INFO - UMI collisions file: umi6_2000_collisions.txt
2024-07-20 22:49:22,108 - INFO - Seed: None
2024-07-20 22:49:22,108 - INFO - Log file: umi6_2000_rep1.log
2024-07-20 22:49:22,108 - INFO - No seed specified. Generated random seed: 2648998784
2024-07-20 22:49:22,108 - INFO - Generating all possible UMIs...
2024-07-20 22:49:22,109 - INFO - Total possible UMIs generated: 4096
2024-07-20 22:49:22,109 - INFO - Loading parameters...
2024-07-20 22:49:22,109 - INFO - Sampling read depths for each gene...
2024-07-20 22:49:22,185 - INFO - Read depths sampling complete.
2024-07-20 22:49:22,185 - INFO - Allocating UMIs based on sampled read depths...
2024-07-20 22:49:22,185 - INFO - Allocating UMIs for gene 0...
2024-07-20 22:49:22,239 - INFO - Allocating UMIs for gene 100...
2024-07-20 22:49:22,292 - INFO - Allocating UMIs for gene 200...
2024-07-20 22:49:22,344 - INFO - Allocating UMIs for gene 300...
2024-07-20 22:49:22,395 - INFO - Allocating UMIs for gene 400...
2024-07-20 22:49:22,445 - INFO - Allocating UMIs for gene 500...
2024-07-20 22:49:22,495 - INFO - Allocating UMIs for gene 600...
2024-07-20 22:49:22,543 - INFO - Allocating UMIs for gene 700...
2024-07-20 22:49:22,594 - INFO - Allocating UMIs for gene 800...
2024-07-20 22:49:22,660 - INFO - Allocating UMIs for gene 900...
2024-07-20 22:49:22,758 - INFO - Allocating UMIs for gene 1000...
2024-07-20 22:49:22,850 - INFO - Allocating UMIs for gene 1100...
2024-07-20 22:49:22,904 - INFO - Allocating UMIs for gene 1200...
2024-07-20 22:49:22,953 - INFO - Allocating UMIs for gene 1300...
2024-07-20 22:49:23,004 - INFO - Allocating UMIs for gene 1400...
2024-07-20 22:49:23,054 - INFO - Allocating UMIs for gene 1500...
2024-07-20 22:49:23,105 - INFO - Allocating UMIs for gene 1600...
2024-07-20 22:49:23,157 - INFO - Allocating UMIs for gene 1700...
2024-07-20 22:49:23,222 - INFO - Allocating UMIs for gene 1800...
2024-07-20 22:49:23,392 - INFO - Allocating UMIs for gene 1900...
2024-07-20 22:49:23,444 - INFO - UMI allocation complete.
2024-07-20 22:49:23,444 - INFO - Counting overall UMI occurrences...
2024-07-20 22:49:23,446 - INFO - Counting inter-gene collisions...
2024-07-20 22:49:23,449 - INFO - Total UMIs generated: 4096
2024-07-20 22:49:23,449 - INFO - Total UMIs allocated: 11930
2024-07-20 22:49:23,449 - INFO - Number of unique UMIs assigned to genes: 3849
2024-07-20 22:49:23,449 - INFO - Inter-gene collisions: 8065
2024-07-20 22:49:23,450 - INFO - Inter-gene collision rate: 0.67603
2024-07-20 22:49:23,450 - INFO - Writing gene UMI counts to file...
2024-07-20 22:49:23,455 - INFO - Writing UMI inter-gene collisions to file...
2024-07-20 22:49:23,460 - INFO - Simulation complete.
