2024-07-20 22:49:39,358 - INFO - Simulation Script Version: 0.0.1
2024-07-20 22:49:39,358 - INFO - Simulation Parameters:
2024-07-20 22:49:39,358 - INFO - Length of UMI: 6
2024-07-20 22:49:39,358 - INFO - Number of genes: 2000
2024-07-20 22:49:39,358 - INFO - Parameters file: None
2024-07-20 22:49:39,359 - INFO - Mean (mu): 6.0
2024-07-20 22:49:39,359 - INFO - Dispersion (theta): 6.0
2024-07-20 22:49:39,359 - INFO - Use Poisson distribution: False
2024-07-20 22:49:39,359 - INFO - Gene UMI counts file: gene_2000_umi6_counts_rep8.txt
2024-07-20 22:49:39,359 - INFO - UMI collisions file: umi6_2000_collisions_rep8.txt
2024-07-20 22:49:39,359 - INFO - Seed: None
2024-07-20 22:49:39,359 - INFO - Log file: umi6_2000_rep8.log
2024-07-20 22:49:39,359 - INFO - No seed specified. Generated random seed: 211310905
2024-07-20 22:49:39,359 - INFO - Generating all possible UMIs...
2024-07-20 22:49:39,359 - INFO - Total possible UMIs generated: 4096
2024-07-20 22:49:39,359 - INFO - Loading parameters...
2024-07-20 22:49:39,360 - INFO - Sampling read depths for each gene...
2024-07-20 22:49:39,434 - INFO - Read depths sampling complete.
2024-07-20 22:49:39,434 - INFO - Allocating UMIs based on sampled read depths...
2024-07-20 22:49:39,434 - INFO - Allocating UMIs for gene 0...
2024-07-20 22:49:39,482 - INFO - Allocating UMIs for gene 100...
2024-07-20 22:49:39,531 - INFO - Allocating UMIs for gene 200...
2024-07-20 22:49:39,580 - INFO - Allocating UMIs for gene 300...
2024-07-20 22:49:39,627 - INFO - Allocating UMIs for gene 400...
2024-07-20 22:49:39,676 - INFO - Allocating UMIs for gene 500...
2024-07-20 22:49:39,724 - INFO - Allocating UMIs for gene 600...
2024-07-20 22:49:39,772 - INFO - Allocating UMIs for gene 700...
2024-07-20 22:49:39,820 - INFO - Allocating UMIs for gene 800...
2024-07-20 22:49:39,868 - INFO - Allocating UMIs for gene 900...
2024-07-20 22:49:39,918 - INFO - Allocating UMIs for gene 1000...
2024-07-20 22:49:39,967 - INFO - Allocating UMIs for gene 1100...
2024-07-20 22:49:40,015 - INFO - Allocating UMIs for gene 1200...
2024-07-20 22:49:40,062 - INFO - Allocating UMIs for gene 1300...
2024-07-20 22:49:40,110 - INFO - Allocating UMIs for gene 1400...
2024-07-20 22:49:40,159 - INFO - Allocating UMIs for gene 1500...
2024-07-20 22:49:40,207 - INFO - Allocating UMIs for gene 1600...
2024-07-20 22:49:40,256 - INFO - Allocating UMIs for gene 1700...
2024-07-20 22:49:40,304 - INFO - Allocating UMIs for gene 1800...
2024-07-20 22:49:40,351 - INFO - Allocating UMIs for gene 1900...
2024-07-20 22:49:40,401 - INFO - UMI allocation complete.
2024-07-20 22:49:40,401 - INFO - Counting overall UMI occurrences...
2024-07-20 22:49:40,404 - INFO - Counting inter-gene collisions...
2024-07-20 22:49:40,407 - INFO - Total UMIs generated: 4096
2024-07-20 22:49:40,408 - INFO - Total UMIs allocated: 12312
2024-07-20 22:49:40,408 - INFO - Number of unique UMIs assigned to genes: 3899
2024-07-20 22:49:40,408 - INFO - Inter-gene collisions: 8403
2024-07-20 22:49:40,408 - INFO - Inter-gene collision rate: 0.68250
2024-07-20 22:49:40,408 - INFO - Writing gene UMI counts to file...
2024-07-20 22:49:40,414 - INFO - Writing UMI inter-gene collisions to file...
2024-07-20 22:49:40,420 - INFO - Simulation complete.
