2024-07-20 22:49:27,033 - INFO - Simulation Script Version: 0.0.1
2024-07-20 22:49:27,033 - INFO - Simulation Parameters:
2024-07-20 22:49:27,033 - INFO - Length of UMI: 6
2024-07-20 22:49:27,033 - INFO - Number of genes: 2000
2024-07-20 22:49:27,033 - INFO - Parameters file: None
2024-07-20 22:49:27,033 - INFO - Mean (mu): 6.0
2024-07-20 22:49:27,033 - INFO - Dispersion (theta): 6.0
2024-07-20 22:49:27,033 - INFO - Use Poisson distribution: False
2024-07-20 22:49:27,033 - INFO - Gene UMI counts file: gene_2000_umi6_counts_rep3.txt
2024-07-20 22:49:27,033 - INFO - UMI collisions file: umi6_2000_collisions_rep3.txt
2024-07-20 22:49:27,033 - INFO - Seed: None
2024-07-20 22:49:27,033 - INFO - Log file: umi6_2000_rep3.log
2024-07-20 22:49:27,033 - INFO - No seed specified. Generated random seed: 2885552407
2024-07-20 22:49:27,033 - INFO - Generating all possible UMIs...
2024-07-20 22:49:27,034 - INFO - Total possible UMIs generated: 4096
2024-07-20 22:49:27,034 - INFO - Loading parameters...
2024-07-20 22:49:27,034 - INFO - Sampling read depths for each gene...
2024-07-20 22:49:27,113 - INFO - Read depths sampling complete.
2024-07-20 22:49:27,113 - INFO - Allocating UMIs based on sampled read depths...
2024-07-20 22:49:27,113 - INFO - Allocating UMIs for gene 0...
2024-07-20 22:49:27,165 - INFO - Allocating UMIs for gene 100...
2024-07-20 22:49:27,226 - INFO - Allocating UMIs for gene 200...
2024-07-20 22:49:27,459 - INFO - Allocating UMIs for gene 300...
2024-07-20 22:49:27,513 - INFO - Allocating UMIs for gene 400...
2024-07-20 22:49:27,561 - INFO - Allocating UMIs for gene 500...
2024-07-20 22:49:27,608 - INFO - Allocating UMIs for gene 600...
2024-07-20 22:49:27,654 - INFO - Allocating UMIs for gene 700...
2024-07-20 22:49:27,701 - INFO - Allocating UMIs for gene 800...
2024-07-20 22:49:27,748 - INFO - Allocating UMIs for gene 900...
2024-07-20 22:49:27,795 - INFO - Allocating UMIs for gene 1000...
2024-07-20 22:49:27,841 - INFO - Allocating UMIs for gene 1100...
2024-07-20 22:49:27,888 - INFO - Allocating UMIs for gene 1200...
2024-07-20 22:49:27,943 - INFO - Allocating UMIs for gene 1300...
2024-07-20 22:49:28,084 - INFO - Allocating UMIs for gene 1400...
2024-07-20 22:49:28,172 - INFO - Allocating UMIs for gene 1500...
2024-07-20 22:49:28,220 - INFO - Allocating UMIs for gene 1600...
2024-07-20 22:49:28,270 - INFO - Allocating UMIs for gene 1700...
2024-07-20 22:49:28,320 - INFO - Allocating UMIs for gene 1800...
2024-07-20 22:49:28,373 - INFO - Allocating UMIs for gene 1900...
2024-07-20 22:49:28,423 - INFO - UMI allocation complete.
2024-07-20 22:49:28,423 - INFO - Counting overall UMI occurrences...
2024-07-20 22:49:28,425 - INFO - Counting inter-gene collisions...
2024-07-20 22:49:28,429 - INFO - Total UMIs generated: 4096
2024-07-20 22:49:28,429 - INFO - Total UMIs allocated: 12092
2024-07-20 22:49:28,429 - INFO - Number of unique UMIs assigned to genes: 3889
2024-07-20 22:49:28,429 - INFO - Inter-gene collisions: 8197
2024-07-20 22:49:28,429 - INFO - Inter-gene collision rate: 0.67789
2024-07-20 22:49:28,429 - INFO - Writing gene UMI counts to file...
2024-07-20 22:49:28,435 - INFO - Writing UMI inter-gene collisions to file...
2024-07-20 22:49:28,439 - INFO - Simulation complete.
