2024-07-20 22:49:34,065 - INFO - Simulation Script Version: 0.0.1
2024-07-20 22:49:34,066 - INFO - Simulation Parameters:
2024-07-20 22:49:34,066 - INFO - Length of UMI: 6
2024-07-20 22:49:34,066 - INFO - Number of genes: 2000
2024-07-20 22:49:34,066 - INFO - Parameters file: None
2024-07-20 22:49:34,066 - INFO - Mean (mu): 6.0
2024-07-20 22:49:34,066 - INFO - Dispersion (theta): 6.0
2024-07-20 22:49:34,066 - INFO - Use Poisson distribution: False
2024-07-20 22:49:34,066 - INFO - Gene UMI counts file: gene_2000_umi6_counts_rep6.txt
2024-07-20 22:49:34,066 - INFO - UMI collisions file: umi6_2000_collisions_rep6.txt
2024-07-20 22:49:34,066 - INFO - Seed: None
2024-07-20 22:49:34,066 - INFO - Log file: umi6_2000_rep6.log
2024-07-20 22:49:34,066 - INFO - No seed specified. Generated random seed: 2078918886
2024-07-20 22:49:34,066 - INFO - Generating all possible UMIs...
2024-07-20 22:49:34,067 - INFO - Total possible UMIs generated: 4096
2024-07-20 22:49:34,067 - INFO - Loading parameters...
2024-07-20 22:49:34,067 - INFO - Sampling read depths for each gene...
2024-07-20 22:49:34,142 - INFO - Read depths sampling complete.
2024-07-20 22:49:34,142 - INFO - Allocating UMIs based on sampled read depths...
2024-07-20 22:49:34,142 - INFO - Allocating UMIs for gene 0...
2024-07-20 22:49:34,199 - INFO - Allocating UMIs for gene 100...
2024-07-20 22:49:34,254 - INFO - Allocating UMIs for gene 200...
2024-07-20 22:49:34,352 - INFO - Allocating UMIs for gene 300...
2024-07-20 22:49:34,404 - INFO - Allocating UMIs for gene 400...
2024-07-20 22:49:34,453 - INFO - Allocating UMIs for gene 500...
2024-07-20 22:49:34,502 - INFO - Allocating UMIs for gene 600...
2024-07-20 22:49:34,550 - INFO - Allocating UMIs for gene 700...
2024-07-20 22:49:34,600 - INFO - Allocating UMIs for gene 800...
2024-07-20 22:49:34,649 - INFO - Allocating UMIs for gene 900...
2024-07-20 22:49:34,699 - INFO - Allocating UMIs for gene 1000...
2024-07-20 22:49:34,768 - INFO - Allocating UMIs for gene 1100...
2024-07-20 22:49:34,887 - INFO - Allocating UMIs for gene 1200...
2024-07-20 22:49:35,054 - INFO - Allocating UMIs for gene 1300...
2024-07-20 22:49:35,104 - INFO - Allocating UMIs for gene 1400...
2024-07-20 22:49:35,154 - INFO - Allocating UMIs for gene 1500...
2024-07-20 22:49:35,204 - INFO - Allocating UMIs for gene 1600...
2024-07-20 22:49:35,253 - INFO - Allocating UMIs for gene 1700...
2024-07-20 22:49:35,304 - INFO - Allocating UMIs for gene 1800...
2024-07-20 22:49:35,355 - INFO - Allocating UMIs for gene 1900...
2024-07-20 22:49:35,442 - INFO - UMI allocation complete.
2024-07-20 22:49:35,442 - INFO - Counting overall UMI occurrences...
2024-07-20 22:49:35,445 - INFO - Counting inter-gene collisions...
2024-07-20 22:49:35,449 - INFO - Total UMIs generated: 4096
2024-07-20 22:49:35,449 - INFO - Total UMIs allocated: 11788
2024-07-20 22:49:35,449 - INFO - Number of unique UMIs assigned to genes: 3866
2024-07-20 22:49:35,449 - INFO - Inter-gene collisions: 7911
2024-07-20 22:49:35,449 - INFO - Inter-gene collision rate: 0.67111
2024-07-20 22:49:35,449 - INFO - Writing gene UMI counts to file...
2024-07-20 22:49:35,455 - INFO - Writing UMI inter-gene collisions to file...
2024-07-20 22:49:35,460 - INFO - Simulation complete.
