2024-07-20 22:49:44,064 - INFO - Simulation Script Version: 0.0.1
2024-07-20 22:49:44,064 - INFO - Simulation Parameters:
2024-07-20 22:49:44,064 - INFO - Length of UMI: 6
2024-07-20 22:49:44,064 - INFO - Number of genes: 2000
2024-07-20 22:49:44,064 - INFO - Parameters file: None
2024-07-20 22:49:44,064 - INFO - Mean (mu): 6.0
2024-07-20 22:49:44,064 - INFO - Dispersion (theta): 6.0
2024-07-20 22:49:44,064 - INFO - Use Poisson distribution: False
2024-07-20 22:49:44,064 - INFO - Gene UMI counts file: gene_2000_umi6_counts_rep10.txt
2024-07-20 22:49:44,064 - INFO - UMI collisions file: umi6_2000_collisions_rep10.txt
2024-07-20 22:49:44,065 - INFO - Seed: None
2024-07-20 22:49:44,065 - INFO - Log file: umi6_2000_rep10.log
2024-07-20 22:49:44,065 - INFO - No seed specified. Generated random seed: 463509195
2024-07-20 22:49:44,065 - INFO - Generating all possible UMIs...
2024-07-20 22:49:44,066 - INFO - Total possible UMIs generated: 4096
2024-07-20 22:49:44,066 - INFO - Loading parameters...
2024-07-20 22:49:44,066 - INFO - Sampling read depths for each gene...
2024-07-20 22:49:44,187 - INFO - Read depths sampling complete.
2024-07-20 22:49:44,187 - INFO - Allocating UMIs based on sampled read depths...
2024-07-20 22:49:44,187 - INFO - Allocating UMIs for gene 0...
2024-07-20 22:49:44,236 - INFO - Allocating UMIs for gene 100...
2024-07-20 22:49:44,285 - INFO - Allocating UMIs for gene 200...
2024-07-20 22:49:44,378 - INFO - Allocating UMIs for gene 300...
2024-07-20 22:49:44,495 - INFO - Allocating UMIs for gene 400...
2024-07-20 22:49:44,544 - INFO - Allocating UMIs for gene 500...
2024-07-20 22:49:44,592 - INFO - Allocating UMIs for gene 600...
2024-07-20 22:49:44,642 - INFO - Allocating UMIs for gene 700...
2024-07-20 22:49:44,690 - INFO - Allocating UMIs for gene 800...
2024-07-20 22:49:44,737 - INFO - Allocating UMIs for gene 900...
2024-07-20 22:49:44,786 - INFO - Allocating UMIs for gene 1000...
2024-07-20 22:49:44,833 - INFO - Allocating UMIs for gene 1100...
2024-07-20 22:49:44,881 - INFO - Allocating UMIs for gene 1200...
2024-07-20 22:49:44,929 - INFO - Allocating UMIs for gene 1300...
2024-07-20 22:49:44,979 - INFO - Allocating UMIs for gene 1400...
2024-07-20 22:49:45,028 - INFO - Allocating UMIs for gene 1500...
2024-07-20 22:49:45,076 - INFO - Allocating UMIs for gene 1600...
2024-07-20 22:49:45,124 - INFO - Allocating UMIs for gene 1700...
2024-07-20 22:49:45,176 - INFO - Allocating UMIs for gene 1800...
2024-07-20 22:49:45,225 - INFO - Allocating UMIs for gene 1900...
2024-07-20 22:49:45,274 - INFO - UMI allocation complete.
2024-07-20 22:49:45,274 - INFO - Counting overall UMI occurrences...
2024-07-20 22:49:45,276 - INFO - Counting inter-gene collisions...
2024-07-20 22:49:45,280 - INFO - Total UMIs generated: 4096
2024-07-20 22:49:45,280 - INFO - Total UMIs allocated: 11784
2024-07-20 22:49:45,280 - INFO - Number of unique UMIs assigned to genes: 3881
2024-07-20 22:49:45,280 - INFO - Inter-gene collisions: 7895
2024-07-20 22:49:45,280 - INFO - Inter-gene collision rate: 0.66998
2024-07-20 22:49:45,280 - INFO - Writing gene UMI counts to file...
2024-07-20 22:49:45,286 - INFO - Writing UMI inter-gene collisions to file...
2024-07-20 22:49:45,301 - INFO - Simulation complete.
