2024-07-20 22:49:41,437 - INFO - Simulation Script Version: 0.0.1
2024-07-20 22:49:41,437 - INFO - Simulation Parameters:
2024-07-20 22:49:41,437 - INFO - Length of UMI: 6
2024-07-20 22:49:41,437 - INFO - Number of genes: 2000
2024-07-20 22:49:41,437 - INFO - Parameters file: None
2024-07-20 22:49:41,437 - INFO - Mean (mu): 6.0
2024-07-20 22:49:41,437 - INFO - Dispersion (theta): 6.0
2024-07-20 22:49:41,437 - INFO - Use Poisson distribution: False
2024-07-20 22:49:41,437 - INFO - Gene UMI counts file: gene_2000_umi6_counts_rep9.txt
2024-07-20 22:49:41,437 - INFO - UMI collisions file: umi6_2000_collisions_rep9.txt
2024-07-20 22:49:41,437 - INFO - Seed: None
2024-07-20 22:49:41,437 - INFO - Log file: umi6_2000_rep9.log
2024-07-20 22:49:41,437 - INFO - No seed specified. Generated random seed: 3647116676
2024-07-20 22:49:41,437 - INFO - Generating all possible UMIs...
2024-07-20 22:49:41,438 - INFO - Total possible UMIs generated: 4096
2024-07-20 22:49:41,438 - INFO - Loading parameters...
2024-07-20 22:49:41,438 - INFO - Sampling read depths for each gene...
2024-07-20 22:49:41,511 - INFO - Read depths sampling complete.
2024-07-20 22:49:41,511 - INFO - Allocating UMIs based on sampled read depths...
2024-07-20 22:49:41,511 - INFO - Allocating UMIs for gene 0...
2024-07-20 22:49:41,559 - INFO - Allocating UMIs for gene 100...
2024-07-20 22:49:41,607 - INFO - Allocating UMIs for gene 200...
2024-07-20 22:49:41,656 - INFO - Allocating UMIs for gene 300...
2024-07-20 22:49:41,706 - INFO - Allocating UMIs for gene 400...
2024-07-20 22:49:41,755 - INFO - Allocating UMIs for gene 500...
2024-07-20 22:49:41,802 - INFO - Allocating UMIs for gene 600...
2024-07-20 22:49:41,860 - INFO - Allocating UMIs for gene 700...
2024-07-20 22:49:41,928 - INFO - Allocating UMIs for gene 800...
2024-07-20 22:49:42,028 - INFO - Allocating UMIs for gene 900...
2024-07-20 22:49:42,074 - INFO - Allocating UMIs for gene 1000...
2024-07-20 22:49:42,123 - INFO - Allocating UMIs for gene 1100...
2024-07-20 22:49:42,171 - INFO - Allocating UMIs for gene 1200...
2024-07-20 22:49:42,218 - INFO - Allocating UMIs for gene 1300...
2024-07-20 22:49:42,267 - INFO - Allocating UMIs for gene 1400...
2024-07-20 22:49:42,316 - INFO - Allocating UMIs for gene 1500...
2024-07-20 22:49:42,366 - INFO - Allocating UMIs for gene 1600...
2024-07-20 22:49:42,437 - INFO - Allocating UMIs for gene 1700...
2024-07-20 22:49:42,536 - INFO - Allocating UMIs for gene 1800...
2024-07-20 22:49:42,584 - INFO - Allocating UMIs for gene 1900...
2024-07-20 22:49:42,633 - INFO - UMI allocation complete.
2024-07-20 22:49:42,633 - INFO - Counting overall UMI occurrences...
2024-07-20 22:49:42,634 - INFO - Counting inter-gene collisions...
2024-07-20 22:49:42,638 - INFO - Total UMIs generated: 4096
2024-07-20 22:49:42,638 - INFO - Total UMIs allocated: 11979
2024-07-20 22:49:42,638 - INFO - Number of unique UMIs assigned to genes: 3869
2024-07-20 22:49:42,638 - INFO - Inter-gene collisions: 8095
2024-07-20 22:49:42,638 - INFO - Inter-gene collision rate: 0.67577
2024-07-20 22:49:42,638 - INFO - Writing gene UMI counts to file...
2024-07-20 22:49:42,644 - INFO - Writing UMI inter-gene collisions to file...
2024-07-20 22:49:42,649 - INFO - Simulation complete.
