2024-07-20 22:49:24,671 - INFO - Simulation Script Version: 0.0.1
2024-07-20 22:49:24,671 - INFO - Simulation Parameters:
2024-07-20 22:49:24,672 - INFO - Length of UMI: 6
2024-07-20 22:49:24,672 - INFO - Number of genes: 2000
2024-07-20 22:49:24,672 - INFO - Parameters file: None
2024-07-20 22:49:24,672 - INFO - Mean (mu): 6.0
2024-07-20 22:49:24,672 - INFO - Dispersion (theta): 6.0
2024-07-20 22:49:24,672 - INFO - Use Poisson distribution: False
2024-07-20 22:49:24,672 - INFO - Gene UMI counts file: gene_2000_umi6_counts_rep2.txt
2024-07-20 22:49:24,672 - INFO - UMI collisions file: umi6_2000_collisions_rep2.txt
2024-07-20 22:49:24,672 - INFO - Seed: None
2024-07-20 22:49:24,672 - INFO - Log file: umi6_2000_rep2.log
2024-07-20 22:49:24,672 - INFO - No seed specified. Generated random seed: 1176249017
2024-07-20 22:49:24,672 - INFO - Generating all possible UMIs...
2024-07-20 22:49:24,673 - INFO - Total possible UMIs generated: 4096
2024-07-20 22:49:24,673 - INFO - Loading parameters...
2024-07-20 22:49:24,673 - INFO - Sampling read depths for each gene...
2024-07-20 22:49:24,750 - INFO - Read depths sampling complete.
2024-07-20 22:49:24,750 - INFO - Allocating UMIs based on sampled read depths...
2024-07-20 22:49:24,750 - INFO - Allocating UMIs for gene 0...
2024-07-20 22:49:24,801 - INFO - Allocating UMIs for gene 100...
2024-07-20 22:49:24,850 - INFO - Allocating UMIs for gene 200...
2024-07-20 22:49:24,898 - INFO - Allocating UMIs for gene 300...
2024-07-20 22:49:24,946 - INFO - Allocating UMIs for gene 400...
2024-07-20 22:49:24,996 - INFO - Allocating UMIs for gene 500...
2024-07-20 22:49:25,044 - INFO - Allocating UMIs for gene 600...
2024-07-20 22:49:25,092 - INFO - Allocating UMIs for gene 700...
2024-07-20 22:49:25,140 - INFO - Allocating UMIs for gene 800...
2024-07-20 22:49:25,188 - INFO - Allocating UMIs for gene 900...
2024-07-20 22:49:25,240 - INFO - Allocating UMIs for gene 1000...
2024-07-20 22:49:25,293 - INFO - Allocating UMIs for gene 1100...
2024-07-20 22:49:25,346 - INFO - Allocating UMIs for gene 1200...
2024-07-20 22:49:25,399 - INFO - Allocating UMIs for gene 1300...
2024-07-20 22:49:25,449 - INFO - Allocating UMIs for gene 1400...
2024-07-20 22:49:25,499 - INFO - Allocating UMIs for gene 1500...
2024-07-20 22:49:25,549 - INFO - Allocating UMIs for gene 1600...
2024-07-20 22:49:25,599 - INFO - Allocating UMIs for gene 1700...
2024-07-20 22:49:25,649 - INFO - Allocating UMIs for gene 1800...
2024-07-20 22:49:25,701 - INFO - Allocating UMIs for gene 1900...
2024-07-20 22:49:25,753 - INFO - UMI allocation complete.
2024-07-20 22:49:25,753 - INFO - Counting overall UMI occurrences...
2024-07-20 22:49:25,755 - INFO - Counting inter-gene collisions...
2024-07-20 22:49:25,759 - INFO - Total UMIs generated: 4096
2024-07-20 22:49:25,759 - INFO - Total UMIs allocated: 11885
2024-07-20 22:49:25,759 - INFO - Number of unique UMIs assigned to genes: 3869
2024-07-20 22:49:25,759 - INFO - Inter-gene collisions: 8008
2024-07-20 22:49:25,759 - INFO - Inter-gene collision rate: 0.67379
2024-07-20 22:49:25,759 - INFO - Writing gene UMI counts to file...
2024-07-20 22:49:25,764 - INFO - Writing UMI inter-gene collisions to file...
2024-07-20 22:49:25,770 - INFO - Simulation complete.
