2024-07-20 22:51:34,507 - INFO - Simulation Script Version: 0.0.2
2024-07-20 22:51:34,508 - INFO - Simulation Parameters:
2024-07-20 22:51:34,508 - INFO - Length of UMI: 10
2024-07-20 22:51:34,508 - INFO - Number of genes: 100
2024-07-20 22:51:34,508 - INFO - Parameters file: None
2024-07-20 22:51:34,508 - INFO - Mean (mu): 6.0
2024-07-20 22:51:34,508 - INFO - Dispersion (theta): 6.0
2024-07-20 22:51:34,508 - INFO - Use Poisson distribution: False
2024-07-20 22:51:34,508 - INFO - Gene UMI counts file: gene_100_umi16_counts_rep1.txt
2024-07-20 22:51:34,508 - INFO - UMI collisions file: umi16_100_collisions.txt
2024-07-20 22:51:34,508 - INFO - Seed: None
2024-07-20 22:51:34,508 - INFO - Log file: umi16_100_rep1.log
2024-07-20 22:51:34,508 - INFO - UMI file: /varidata/research/projects/shen/projects/2024_Bens_swan_song/src/umi_collisions/umi_16.txt
2024-07-20 22:51:34,508 - INFO - No seed specified. Generated random seed: 4203936122
2024-07-20 22:51:34,508 - INFO - Using UMIs from file: /varidata/research/projects/shen/projects/2024_Bens_swan_song/src/umi_collisions/umi_16.txt
2024-07-20 22:56:22,937 - INFO - Total UMIs loaded: 4294967296
2024-07-20 22:56:22,937 - INFO - Loading parameters...
2024-07-20 22:56:22,937 - INFO - Sampling read depths for each gene...
2024-07-20 22:56:22,942 - INFO - Read depths sampling complete.
2024-07-20 22:56:22,942 - INFO - Allocating UMIs based on sampled read depths...
2024-07-20 22:56:22,942 - INFO - Allocating UMIs for gene 0...
2024-07-20 22:56:24,577 - INFO - UMI allocation complete.
2024-07-20 22:56:24,577 - INFO - Counting overall UMI occurrences...
2024-07-20 22:56:24,578 - INFO - Counting inter-gene collisions...
2024-07-20 22:56:24,578 - INFO - Total UMIs allocated: 617
2024-07-20 22:56:24,578 - INFO - Number of unique UMIs assigned to genes: 617
2024-07-20 22:56:24,578 - INFO - Inter-gene collisions: 0
2024-07-20 22:56:24,578 - INFO - Inter-gene collision rate: 0.00000
2024-07-20 22:56:24,578 - INFO - Writing gene UMI counts to file...
2024-07-20 22:56:24,581 - INFO - Writing UMI inter-gene collisions to file...
2024-07-20 22:56:24,583 - INFO - Simulation complete.
