2024-07-20 22:56:25,604 - INFO - Simulation Script Version: 0.0.2
2024-07-20 22:56:25,604 - INFO - Simulation Parameters:
2024-07-20 22:56:25,604 - INFO - Length of UMI: 10
2024-07-20 22:56:25,604 - INFO - Number of genes: 100
2024-07-20 22:56:25,604 - INFO - Parameters file: None
2024-07-20 22:56:25,604 - INFO - Mean (mu): 6.0
2024-07-20 22:56:25,604 - INFO - Dispersion (theta): 6.0
2024-07-20 22:56:25,604 - INFO - Use Poisson distribution: False
2024-07-20 22:56:25,604 - INFO - Gene UMI counts file: gene_100_umi16_counts_rep2.txt
2024-07-20 22:56:25,604 - INFO - UMI collisions file: umi16_100_collisions_rep2.txt
2024-07-20 22:56:25,604 - INFO - Seed: None
2024-07-20 22:56:25,604 - INFO - Log file: umi16_100_rep2.log
2024-07-20 22:56:25,604 - INFO - UMI file: /varidata/research/projects/shen/projects/2024_Bens_swan_song/src/umi_collisions/umi_16.txt
2024-07-20 22:56:25,604 - INFO - No seed specified. Generated random seed: 4144294958
2024-07-20 22:56:25,605 - INFO - Using UMIs from file: /varidata/research/projects/shen/projects/2024_Bens_swan_song/src/umi_collisions/umi_16.txt
2024-07-20 23:01:08,691 - INFO - Total UMIs loaded: 4294967296
2024-07-20 23:01:08,692 - INFO - Loading parameters...
2024-07-20 23:01:08,692 - INFO - Sampling read depths for each gene...
2024-07-20 23:01:08,696 - INFO - Read depths sampling complete.
2024-07-20 23:01:08,696 - INFO - Allocating UMIs based on sampled read depths...
2024-07-20 23:01:08,696 - INFO - Allocating UMIs for gene 0...
2024-07-20 23:01:10,256 - INFO - UMI allocation complete.
2024-07-20 23:01:10,256 - INFO - Counting overall UMI occurrences...
2024-07-20 23:01:10,257 - INFO - Counting inter-gene collisions...
2024-07-20 23:01:10,257 - INFO - Total UMIs allocated: 608
2024-07-20 23:01:10,257 - INFO - Number of unique UMIs assigned to genes: 608
2024-07-20 23:01:10,257 - INFO - Inter-gene collisions: 0
2024-07-20 23:01:10,257 - INFO - Inter-gene collision rate: 0.00000
2024-07-20 23:01:10,257 - INFO - Writing gene UMI counts to file...
2024-07-20 23:01:10,275 - INFO - Writing UMI inter-gene collisions to file...
2024-07-20 23:01:10,277 - INFO - Simulation complete.
