2024-07-20 23:05:54,785 - INFO - Simulation Script Version: 0.0.2
2024-07-20 23:05:54,785 - INFO - Simulation Parameters:
2024-07-20 23:05:54,785 - INFO - Length of UMI: 10
2024-07-20 23:05:54,785 - INFO - Number of genes: 100
2024-07-20 23:05:54,785 - INFO - Parameters file: None
2024-07-20 23:05:54,785 - INFO - Mean (mu): 6.0
2024-07-20 23:05:54,785 - INFO - Dispersion (theta): 6.0
2024-07-20 23:05:54,785 - INFO - Use Poisson distribution: False
2024-07-20 23:05:54,785 - INFO - Gene UMI counts file: gene_100_umi16_counts_rep4.txt
2024-07-20 23:05:54,785 - INFO - UMI collisions file: umi16_100_collisions_rep4.txt
2024-07-20 23:05:54,785 - INFO - Seed: None
2024-07-20 23:05:54,785 - INFO - Log file: umi16_100_rep4.log
2024-07-20 23:05:54,785 - INFO - UMI file: /varidata/research/projects/shen/projects/2024_Bens_swan_song/src/umi_collisions/umi_16.txt
2024-07-20 23:05:54,785 - INFO - No seed specified. Generated random seed: 3474288197
2024-07-20 23:05:54,785 - INFO - Using UMIs from file: /varidata/research/projects/shen/projects/2024_Bens_swan_song/src/umi_collisions/umi_16.txt
2024-07-20 23:10:14,759 - INFO - Total UMIs loaded: 4294967296
2024-07-20 23:10:14,759 - INFO - Loading parameters...
2024-07-20 23:10:14,759 - INFO - Sampling read depths for each gene...
2024-07-20 23:10:14,763 - INFO - Read depths sampling complete.
2024-07-20 23:10:14,763 - INFO - Allocating UMIs based on sampled read depths...
2024-07-20 23:10:14,763 - INFO - Allocating UMIs for gene 0...
2024-07-20 23:10:14,922 - INFO - UMI allocation complete.
2024-07-20 23:10:14,923 - INFO - Counting overall UMI occurrences...
2024-07-20 23:10:14,923 - INFO - Counting inter-gene collisions...
2024-07-20 23:10:14,923 - INFO - Total UMIs allocated: 586
2024-07-20 23:10:14,924 - INFO - Number of unique UMIs assigned to genes: 586
2024-07-20 23:10:14,924 - INFO - Inter-gene collisions: 0
2024-07-20 23:10:14,924 - INFO - Inter-gene collision rate: 0.00000
2024-07-20 23:10:14,924 - INFO - Writing gene UMI counts to file...
2024-07-20 23:10:14,935 - INFO - Writing UMI inter-gene collisions to file...
2024-07-20 23:10:14,937 - INFO - Simulation complete.
