2024-07-20 23:19:45,362 - INFO - Simulation Script Version: 0.0.2
2024-07-20 23:19:45,362 - INFO - Simulation Parameters:
2024-07-20 23:19:45,362 - INFO - Length of UMI: 10
2024-07-20 23:19:45,362 - INFO - Number of genes: 100
2024-07-20 23:19:45,362 - INFO - Parameters file: None
2024-07-20 23:19:45,362 - INFO - Mean (mu): 6.0
2024-07-20 23:19:45,362 - INFO - Dispersion (theta): 6.0
2024-07-20 23:19:45,362 - INFO - Use Poisson distribution: False
2024-07-20 23:19:45,363 - INFO - Gene UMI counts file: gene_100_umi16_counts_rep7.txt
2024-07-20 23:19:45,363 - INFO - UMI collisions file: umi16_100_collisions_rep7.txt
2024-07-20 23:19:45,363 - INFO - Seed: None
2024-07-20 23:19:45,363 - INFO - Log file: umi16_100_rep7.log
2024-07-20 23:19:45,363 - INFO - UMI file: /varidata/research/projects/shen/projects/2024_Bens_swan_song/src/umi_collisions/umi_16.txt
2024-07-20 23:19:45,363 - INFO - No seed specified. Generated random seed: 831544622
2024-07-20 23:19:45,363 - INFO - Using UMIs from file: /varidata/research/projects/shen/projects/2024_Bens_swan_song/src/umi_collisions/umi_16.txt
2024-07-20 23:24:28,274 - INFO - Total UMIs loaded: 4294967296
2024-07-20 23:24:28,274 - INFO - Loading parameters...
2024-07-20 23:24:28,274 - INFO - Sampling read depths for each gene...
2024-07-20 23:24:28,279 - INFO - Read depths sampling complete.
2024-07-20 23:24:28,279 - INFO - Allocating UMIs based on sampled read depths...
2024-07-20 23:24:28,279 - INFO - Allocating UMIs for gene 0...
2024-07-20 23:24:28,485 - INFO - UMI allocation complete.
2024-07-20 23:24:28,485 - INFO - Counting overall UMI occurrences...
2024-07-20 23:24:28,485 - INFO - Counting inter-gene collisions...
2024-07-20 23:24:28,486 - INFO - Total UMIs allocated: 592
2024-07-20 23:24:28,486 - INFO - Number of unique UMIs assigned to genes: 592
2024-07-20 23:24:28,486 - INFO - Inter-gene collisions: 0
2024-07-20 23:24:28,486 - INFO - Inter-gene collision rate: 0.00000
2024-07-20 23:24:28,486 - INFO - Writing gene UMI counts to file...
2024-07-20 23:24:28,506 - INFO - Writing UMI inter-gene collisions to file...
2024-07-20 23:24:28,508 - INFO - Simulation complete.
