2024-07-20 23:01:11,291 - INFO - Simulation Script Version: 0.0.2
2024-07-20 23:01:11,292 - INFO - Simulation Parameters:
2024-07-20 23:01:11,292 - INFO - Length of UMI: 10
2024-07-20 23:01:11,292 - INFO - Number of genes: 100
2024-07-20 23:01:11,292 - INFO - Parameters file: None
2024-07-20 23:01:11,292 - INFO - Mean (mu): 6.0
2024-07-20 23:01:11,292 - INFO - Dispersion (theta): 6.0
2024-07-20 23:01:11,292 - INFO - Use Poisson distribution: False
2024-07-20 23:01:11,292 - INFO - Gene UMI counts file: gene_100_umi16_counts_rep3.txt
2024-07-20 23:01:11,292 - INFO - UMI collisions file: umi16_100_collisions_rep3.txt
2024-07-20 23:01:11,292 - INFO - Seed: None
2024-07-20 23:01:11,292 - INFO - Log file: umi16_100_rep3.log
2024-07-20 23:01:11,292 - INFO - UMI file: /varidata/research/projects/shen/projects/2024_Bens_swan_song/src/umi_collisions/umi_16.txt
2024-07-20 23:01:11,292 - INFO - No seed specified. Generated random seed: 197640527
2024-07-20 23:01:11,292 - INFO - Using UMIs from file: /varidata/research/projects/shen/projects/2024_Bens_swan_song/src/umi_collisions/umi_16.txt
2024-07-20 23:05:53,047 - INFO - Total UMIs loaded: 4294967296
2024-07-20 23:05:53,048 - INFO - Loading parameters...
2024-07-20 23:05:53,048 - INFO - Sampling read depths for each gene...
2024-07-20 23:05:53,052 - INFO - Read depths sampling complete.
2024-07-20 23:05:53,052 - INFO - Allocating UMIs based on sampled read depths...
2024-07-20 23:05:53,052 - INFO - Allocating UMIs for gene 0...
2024-07-20 23:05:53,809 - INFO - UMI allocation complete.
2024-07-20 23:05:53,809 - INFO - Counting overall UMI occurrences...
2024-07-20 23:05:53,809 - INFO - Counting inter-gene collisions...
2024-07-20 23:05:53,810 - INFO - Total UMIs allocated: 607
2024-07-20 23:05:53,810 - INFO - Number of unique UMIs assigned to genes: 607
2024-07-20 23:05:53,810 - INFO - Inter-gene collisions: 0
2024-07-20 23:05:53,810 - INFO - Inter-gene collision rate: 0.00000
2024-07-20 23:05:53,810 - INFO - Writing gene UMI counts to file...
2024-07-20 23:05:53,813 - INFO - Writing UMI inter-gene collisions to file...
2024-07-20 23:05:53,815 - INFO - Simulation complete.
