2024-07-20 23:24:29,507 - INFO - Simulation Script Version: 0.0.2
2024-07-20 23:24:29,507 - INFO - Simulation Parameters:
2024-07-20 23:24:29,507 - INFO - Length of UMI: 10
2024-07-20 23:24:29,507 - INFO - Number of genes: 100
2024-07-20 23:24:29,507 - INFO - Parameters file: None
2024-07-20 23:24:29,507 - INFO - Mean (mu): 6.0
2024-07-20 23:24:29,507 - INFO - Dispersion (theta): 6.0
2024-07-20 23:24:29,507 - INFO - Use Poisson distribution: False
2024-07-20 23:24:29,507 - INFO - Gene UMI counts file: gene_100_umi16_counts_rep8.txt
2024-07-20 23:24:29,507 - INFO - UMI collisions file: umi16_100_collisions_rep8.txt
2024-07-20 23:24:29,507 - INFO - Seed: None
2024-07-20 23:24:29,507 - INFO - Log file: umi16_100_rep8.log
2024-07-20 23:24:29,507 - INFO - UMI file: /varidata/research/projects/shen/projects/2024_Bens_swan_song/src/umi_collisions/umi_16.txt
2024-07-20 23:24:29,507 - INFO - No seed specified. Generated random seed: 2937565964
2024-07-20 23:24:29,507 - INFO - Using UMIs from file: /varidata/research/projects/shen/projects/2024_Bens_swan_song/src/umi_collisions/umi_16.txt
2024-07-20 23:29:07,050 - INFO - Total UMIs loaded: 4294967296
2024-07-20 23:29:07,050 - INFO - Loading parameters...
2024-07-20 23:29:07,050 - INFO - Sampling read depths for each gene...
2024-07-20 23:29:07,055 - INFO - Read depths sampling complete.
2024-07-20 23:29:07,055 - INFO - Allocating UMIs based on sampled read depths...
2024-07-20 23:29:07,055 - INFO - Allocating UMIs for gene 0...
2024-07-20 23:29:07,306 - INFO - UMI allocation complete.
2024-07-20 23:29:07,307 - INFO - Counting overall UMI occurrences...
2024-07-20 23:29:07,307 - INFO - Counting inter-gene collisions...
2024-07-20 23:29:07,308 - INFO - Total UMIs allocated: 589
2024-07-20 23:29:07,308 - INFO - Number of unique UMIs assigned to genes: 589
2024-07-20 23:29:07,308 - INFO - Inter-gene collisions: 0
2024-07-20 23:29:07,308 - INFO - Inter-gene collision rate: 0.00000
2024-07-20 23:29:07,308 - INFO - Writing gene UMI counts to file...
2024-07-20 23:29:07,317 - INFO - Writing UMI inter-gene collisions to file...
2024-07-20 23:29:07,319 - INFO - Simulation complete.
