2024-07-20 23:33:56,590 - INFO - Simulation Script Version: 0.0.2
2024-07-20 23:33:56,590 - INFO - Simulation Parameters:
2024-07-20 23:33:56,590 - INFO - Length of UMI: 10
2024-07-20 23:33:56,590 - INFO - Number of genes: 100
2024-07-20 23:33:56,590 - INFO - Parameters file: None
2024-07-20 23:33:56,590 - INFO - Mean (mu): 6.0
2024-07-20 23:33:56,590 - INFO - Dispersion (theta): 6.0
2024-07-20 23:33:56,590 - INFO - Use Poisson distribution: False
2024-07-20 23:33:56,590 - INFO - Gene UMI counts file: gene_100_umi16_counts_rep10.txt
2024-07-20 23:33:56,590 - INFO - UMI collisions file: umi16_100_collisions_rep10.txt
2024-07-20 23:33:56,590 - INFO - Seed: None
2024-07-20 23:33:56,590 - INFO - Log file: umi16_100_rep10.log
2024-07-20 23:33:56,590 - INFO - UMI file: /varidata/research/projects/shen/projects/2024_Bens_swan_song/src/umi_collisions/umi_16.txt
2024-07-20 23:33:56,590 - INFO - No seed specified. Generated random seed: 2433873553
2024-07-20 23:33:56,590 - INFO - Using UMIs from file: /varidata/research/projects/shen/projects/2024_Bens_swan_song/src/umi_collisions/umi_16.txt
2024-07-20 23:38:37,332 - INFO - Total UMIs loaded: 4294967296
2024-07-20 23:38:37,332 - INFO - Loading parameters...
2024-07-20 23:38:37,332 - INFO - Sampling read depths for each gene...
2024-07-20 23:38:37,337 - INFO - Read depths sampling complete.
2024-07-20 23:38:37,337 - INFO - Allocating UMIs based on sampled read depths...
2024-07-20 23:38:37,337 - INFO - Allocating UMIs for gene 0...
2024-07-20 23:38:38,271 - INFO - UMI allocation complete.
2024-07-20 23:38:38,272 - INFO - Counting overall UMI occurrences...
2024-07-20 23:38:38,272 - INFO - Counting inter-gene collisions...
2024-07-20 23:38:38,273 - INFO - Total UMIs allocated: 539
2024-07-20 23:38:38,273 - INFO - Number of unique UMIs assigned to genes: 539
2024-07-20 23:38:38,273 - INFO - Inter-gene collisions: 0
2024-07-20 23:38:38,273 - INFO - Inter-gene collision rate: 0.00000
2024-07-20 23:38:38,273 - INFO - Writing gene UMI counts to file...
2024-07-20 23:38:38,294 - INFO - Writing UMI inter-gene collisions to file...
2024-07-20 23:38:38,297 - INFO - Simulation complete.
