2024-07-20 23:01:26,372 - INFO - Simulation Script Version: 0.0.1
2024-07-20 23:01:26,374 - INFO - Simulation Parameters:
2024-07-20 23:01:26,374 - INFO - Length of UMI: 8
2024-07-20 23:01:26,374 - INFO - Number of genes: 10000
2024-07-20 23:01:26,374 - INFO - Parameters file: None
2024-07-20 23:01:26,374 - INFO - Mean (mu): 6.0
2024-07-20 23:01:26,374 - INFO - Dispersion (theta): 6.0
2024-07-20 23:01:26,374 - INFO - Use Poisson distribution: False
2024-07-20 23:01:26,374 - INFO - Gene UMI counts file: gene_10000_umi8_counts_rep9.txt
2024-07-20 23:01:26,374 - INFO - UMI collisions file: umi8_10000_collisions_rep9.txt
2024-07-20 23:01:26,374 - INFO - Seed: None
2024-07-20 23:01:26,374 - INFO - Log file: umi8_10000_rep9.log
2024-07-20 23:01:26,374 - INFO - No seed specified. Generated random seed: 4227646947
2024-07-20 23:01:26,374 - INFO - Generating all possible UMIs...
2024-07-20 23:01:26,384 - INFO - Total possible UMIs generated: 65536
2024-07-20 23:01:26,384 - INFO - Loading parameters...
2024-07-20 23:01:26,384 - INFO - Sampling read depths for each gene...
2024-07-20 23:01:26,760 - INFO - Read depths sampling complete.
2024-07-20 23:01:26,760 - INFO - Allocating UMIs based on sampled read depths...
2024-07-20 23:01:26,760 - INFO - Allocating UMIs for gene 0...
2024-07-20 23:01:27,535 - INFO - Allocating UMIs for gene 100...
2024-07-20 23:01:28,323 - INFO - Allocating UMIs for gene 200...
2024-07-20 23:01:29,107 - INFO - Allocating UMIs for gene 300...
2024-07-20 23:01:29,883 - INFO - Allocating UMIs for gene 400...
2024-07-20 23:01:30,669 - INFO - Allocating UMIs for gene 500...
2024-07-20 23:01:31,447 - INFO - Allocating UMIs for gene 600...
2024-07-20 23:01:32,219 - INFO - Allocating UMIs for gene 700...
2024-07-20 23:01:32,989 - INFO - Allocating UMIs for gene 800...
2024-07-20 23:01:33,757 - INFO - Allocating UMIs for gene 900...
2024-07-20 23:01:34,536 - INFO - Allocating UMIs for gene 1000...
2024-07-20 23:01:35,310 - INFO - Allocating UMIs for gene 1100...
2024-07-20 23:01:36,085 - INFO - Allocating UMIs for gene 1200...
2024-07-20 23:01:36,853 - INFO - Allocating UMIs for gene 1300...
2024-07-20 23:01:37,647 - INFO - Allocating UMIs for gene 1400...
2024-07-20 23:01:38,415 - INFO - Allocating UMIs for gene 1500...
2024-07-20 23:01:39,183 - INFO - Allocating UMIs for gene 1600...
2024-07-20 23:01:39,974 - INFO - Allocating UMIs for gene 1700...
2024-07-20 23:01:40,767 - INFO - Allocating UMIs for gene 1800...
2024-07-20 23:01:41,559 - INFO - Allocating UMIs for gene 1900...
2024-07-20 23:01:42,336 - INFO - Allocating UMIs for gene 2000...
2024-07-20 23:01:43,127 - INFO - Allocating UMIs for gene 2100...
2024-07-20 23:01:43,911 - INFO - Allocating UMIs for gene 2200...
2024-07-20 23:01:44,692 - INFO - Allocating UMIs for gene 2300...
2024-07-20 23:01:45,484 - INFO - Allocating UMIs for gene 2400...
2024-07-20 23:01:46,253 - INFO - Allocating UMIs for gene 2500...
2024-07-20 23:01:47,021 - INFO - Allocating UMIs for gene 2600...
2024-07-20 23:01:47,813 - INFO - Allocating UMIs for gene 2700...
2024-07-20 23:01:48,588 - INFO - Allocating UMIs for gene 2800...
2024-07-20 23:01:49,379 - INFO - Allocating UMIs for gene 2900...
2024-07-20 23:01:50,170 - INFO - Allocating UMIs for gene 3000...
2024-07-20 23:01:50,955 - INFO - Allocating UMIs for gene 3100...
2024-07-20 23:01:51,731 - INFO - Allocating UMIs for gene 3200...
2024-07-20 23:01:52,504 - INFO - Allocating UMIs for gene 3300...
2024-07-20 23:01:53,288 - INFO - Allocating UMIs for gene 3400...
2024-07-20 23:01:54,053 - INFO - Allocating UMIs for gene 3500...
2024-07-20 23:01:54,841 - INFO - Allocating UMIs for gene 3600...
2024-07-20 23:01:55,606 - INFO - Allocating UMIs for gene 3700...
2024-07-20 23:01:56,375 - INFO - Allocating UMIs for gene 3800...
2024-07-20 23:01:57,159 - INFO - Allocating UMIs for gene 3900...
2024-07-20 23:01:57,948 - INFO - Allocating UMIs for gene 4000...
2024-07-20 23:01:58,797 - INFO - Allocating UMIs for gene 4100...
2024-07-20 23:01:59,640 - INFO - Allocating UMIs for gene 4200...
2024-07-20 23:02:00,440 - INFO - Allocating UMIs for gene 4300...
2024-07-20 23:02:01,226 - INFO - Allocating UMIs for gene 4400...
2024-07-20 23:02:02,010 - INFO - Allocating UMIs for gene 4500...
2024-07-20 23:02:02,800 - INFO - Allocating UMIs for gene 4600...
2024-07-20 23:02:03,573 - INFO - Allocating UMIs for gene 4700...
2024-07-20 23:02:04,347 - INFO - Allocating UMIs for gene 4800...
2024-07-20 23:02:05,136 - INFO - Allocating UMIs for gene 4900...
2024-07-20 23:02:05,905 - INFO - Allocating UMIs for gene 5000...
2024-07-20 23:02:06,671 - INFO - Allocating UMIs for gene 5100...
2024-07-20 23:02:07,440 - INFO - Allocating UMIs for gene 5200...
2024-07-20 23:02:08,239 - INFO - Allocating UMIs for gene 5300...
2024-07-20 23:02:09,020 - INFO - Allocating UMIs for gene 5400...
2024-07-20 23:02:09,799 - INFO - Allocating UMIs for gene 5500...
2024-07-20 23:02:10,585 - INFO - Allocating UMIs for gene 5600...
2024-07-20 23:02:11,367 - INFO - Allocating UMIs for gene 5700...
2024-07-20 23:02:12,163 - INFO - Allocating UMIs for gene 5800...
2024-07-20 23:02:12,950 - INFO - Allocating UMIs for gene 5900...
2024-07-20 23:02:13,713 - INFO - Allocating UMIs for gene 6000...
2024-07-20 23:02:14,473 - INFO - Allocating UMIs for gene 6100...
2024-07-20 23:02:15,243 - INFO - Allocating UMIs for gene 6200...
2024-07-20 23:02:15,994 - INFO - Allocating UMIs for gene 6300...
2024-07-20 23:02:16,775 - INFO - Allocating UMIs for gene 6400...
2024-07-20 23:02:17,550 - INFO - Allocating UMIs for gene 6500...
2024-07-20 23:02:18,324 - INFO - Allocating UMIs for gene 6600...
2024-07-20 23:02:19,097 - INFO - Allocating UMIs for gene 6700...
2024-07-20 23:02:19,862 - INFO - Allocating UMIs for gene 6800...
2024-07-20 23:02:20,618 - INFO - Allocating UMIs for gene 6900...
2024-07-20 23:02:21,392 - INFO - Allocating UMIs for gene 7000...
2024-07-20 23:02:22,167 - INFO - Allocating UMIs for gene 7100...
2024-07-20 23:02:22,940 - INFO - Allocating UMIs for gene 7200...
2024-07-20 23:02:23,706 - INFO - Allocating UMIs for gene 7300...
2024-07-20 23:02:24,494 - INFO - Allocating UMIs for gene 7400...
2024-07-20 23:02:25,258 - INFO - Allocating UMIs for gene 7500...
2024-07-20 23:02:26,050 - INFO - Allocating UMIs for gene 7600...
2024-07-20 23:02:26,808 - INFO - Allocating UMIs for gene 7700...
2024-07-20 23:02:27,565 - INFO - Allocating UMIs for gene 7800...
2024-07-20 23:02:28,356 - INFO - Allocating UMIs for gene 7900...
2024-07-20 23:02:29,094 - INFO - Allocating UMIs for gene 8000...
2024-07-20 23:02:29,860 - INFO - Allocating UMIs for gene 8100...
2024-07-20 23:02:30,730 - INFO - Allocating UMIs for gene 8200...
2024-07-20 23:02:31,568 - INFO - Allocating UMIs for gene 8300...
2024-07-20 23:02:32,343 - INFO - Allocating UMIs for gene 8400...
2024-07-20 23:02:33,109 - INFO - Allocating UMIs for gene 8500...
2024-07-20 23:02:33,872 - INFO - Allocating UMIs for gene 8600...
2024-07-20 23:02:34,644 - INFO - Allocating UMIs for gene 8700...
2024-07-20 23:02:35,433 - INFO - Allocating UMIs for gene 8800...
2024-07-20 23:02:36,223 - INFO - Allocating UMIs for gene 8900...
2024-07-20 23:02:36,977 - INFO - Allocating UMIs for gene 9000...
2024-07-20 23:02:37,759 - INFO - Allocating UMIs for gene 9100...
2024-07-20 23:02:38,547 - INFO - Allocating UMIs for gene 9200...
2024-07-20 23:02:39,318 - INFO - Allocating UMIs for gene 9300...
2024-07-20 23:02:40,081 - INFO - Allocating UMIs for gene 9400...
2024-07-20 23:02:40,852 - INFO - Allocating UMIs for gene 9500...
2024-07-20 23:02:41,639 - INFO - Allocating UMIs for gene 9600...
2024-07-20 23:02:42,395 - INFO - Allocating UMIs for gene 9700...
2024-07-20 23:02:43,175 - INFO - Allocating UMIs for gene 9800...
2024-07-20 23:02:43,948 - INFO - Allocating UMIs for gene 9900...
2024-07-20 23:02:44,719 - INFO - UMI allocation complete.
2024-07-20 23:02:44,719 - INFO - Counting overall UMI occurrences...
2024-07-20 23:02:44,732 - INFO - Counting inter-gene collisions...
2024-07-20 23:02:44,813 - INFO - Total UMIs generated: 65536
2024-07-20 23:02:44,813 - INFO - Total UMIs allocated: 59721
2024-07-20 23:02:44,813 - INFO - Number of unique UMIs assigned to genes: 39241
2024-07-20 23:02:44,813 - INFO - Inter-gene collisions: 20477
2024-07-20 23:02:44,813 - INFO - Inter-gene collision rate: 0.34288
2024-07-20 23:02:44,813 - INFO - Writing gene UMI counts to file...
2024-07-20 23:02:44,819 - INFO - Writing UMI inter-gene collisions to file...
2024-07-20 23:02:44,828 - INFO - Simulation complete.
