2024-07-20 22:57:23,960 - INFO - Simulation Script Version: 0.0.1
2024-07-20 22:57:23,962 - INFO - Simulation Parameters:
2024-07-20 22:57:23,962 - INFO - Length of UMI: 8
2024-07-20 22:57:23,962 - INFO - Number of genes: 10000
2024-07-20 22:57:23,962 - INFO - Parameters file: None
2024-07-20 22:57:23,962 - INFO - Mean (mu): 6.0
2024-07-20 22:57:23,962 - INFO - Dispersion (theta): 6.0
2024-07-20 22:57:23,962 - INFO - Use Poisson distribution: False
2024-07-20 22:57:23,962 - INFO - Gene UMI counts file: gene_10000_umi8_counts_rep6.txt
2024-07-20 22:57:23,962 - INFO - UMI collisions file: umi8_10000_collisions_rep6.txt
2024-07-20 22:57:23,962 - INFO - Seed: None
2024-07-20 22:57:23,962 - INFO - Log file: umi8_10000_rep6.log
2024-07-20 22:57:23,962 - INFO - No seed specified. Generated random seed: 119136889
2024-07-20 22:57:23,962 - INFO - Generating all possible UMIs...
2024-07-20 22:57:23,972 - INFO - Total possible UMIs generated: 65536
2024-07-20 22:57:23,972 - INFO - Loading parameters...
2024-07-20 22:57:23,972 - INFO - Sampling read depths for each gene...
2024-07-20 22:57:24,346 - INFO - Read depths sampling complete.
2024-07-20 22:57:24,346 - INFO - Allocating UMIs based on sampled read depths...
2024-07-20 22:57:24,346 - INFO - Allocating UMIs for gene 0...
2024-07-20 22:57:25,140 - INFO - Allocating UMIs for gene 100...
2024-07-20 22:57:25,919 - INFO - Allocating UMIs for gene 200...
2024-07-20 22:57:26,716 - INFO - Allocating UMIs for gene 300...
2024-07-20 22:57:27,505 - INFO - Allocating UMIs for gene 400...
2024-07-20 22:57:28,285 - INFO - Allocating UMIs for gene 500...
2024-07-20 22:57:29,086 - INFO - Allocating UMIs for gene 600...
2024-07-20 22:57:29,877 - INFO - Allocating UMIs for gene 700...
2024-07-20 22:57:30,666 - INFO - Allocating UMIs for gene 800...
2024-07-20 22:57:31,449 - INFO - Allocating UMIs for gene 900...
2024-07-20 22:57:32,253 - INFO - Allocating UMIs for gene 1000...
2024-07-20 22:57:33,025 - INFO - Allocating UMIs for gene 1100...
2024-07-20 22:57:33,820 - INFO - Allocating UMIs for gene 1200...
2024-07-20 22:57:34,609 - INFO - Allocating UMIs for gene 1300...
2024-07-20 22:57:35,413 - INFO - Allocating UMIs for gene 1400...
2024-07-20 22:57:36,198 - INFO - Allocating UMIs for gene 1500...
2024-07-20 22:57:36,975 - INFO - Allocating UMIs for gene 1600...
2024-07-20 22:57:37,770 - INFO - Allocating UMIs for gene 1700...
2024-07-20 22:57:38,558 - INFO - Allocating UMIs for gene 1800...
2024-07-20 22:57:39,341 - INFO - Allocating UMIs for gene 1900...
2024-07-20 22:57:40,133 - INFO - Allocating UMIs for gene 2000...
2024-07-20 22:57:40,928 - INFO - Allocating UMIs for gene 2100...
2024-07-20 22:57:41,707 - INFO - Allocating UMIs for gene 2200...
2024-07-20 22:57:42,511 - INFO - Allocating UMIs for gene 2300...
2024-07-20 22:57:43,299 - INFO - Allocating UMIs for gene 2400...
2024-07-20 22:57:44,101 - INFO - Allocating UMIs for gene 2500...
2024-07-20 22:57:44,895 - INFO - Allocating UMIs for gene 2600...
2024-07-20 22:57:45,680 - INFO - Allocating UMIs for gene 2700...
2024-07-20 22:57:46,465 - INFO - Allocating UMIs for gene 2800...
2024-07-20 22:57:47,257 - INFO - Allocating UMIs for gene 2900...
2024-07-20 22:57:48,292 - INFO - Allocating UMIs for gene 3000...
2024-07-20 22:57:49,077 - INFO - Allocating UMIs for gene 3100...
2024-07-20 22:57:49,881 - INFO - Allocating UMIs for gene 3200...
2024-07-20 22:57:50,683 - INFO - Allocating UMIs for gene 3300...
2024-07-20 22:57:51,544 - INFO - Allocating UMIs for gene 3400...
2024-07-20 22:57:52,398 - INFO - Allocating UMIs for gene 3500...
2024-07-20 22:57:53,200 - INFO - Allocating UMIs for gene 3600...
2024-07-20 22:57:53,988 - INFO - Allocating UMIs for gene 3700...
2024-07-20 22:57:54,783 - INFO - Allocating UMIs for gene 3800...
2024-07-20 22:57:55,577 - INFO - Allocating UMIs for gene 3900...
2024-07-20 22:57:56,373 - INFO - Allocating UMIs for gene 4000...
2024-07-20 22:57:57,168 - INFO - Allocating UMIs for gene 4100...
2024-07-20 22:57:57,934 - INFO - Allocating UMIs for gene 4200...
2024-07-20 22:57:58,813 - INFO - Allocating UMIs for gene 4300...
2024-07-20 22:57:59,706 - INFO - Allocating UMIs for gene 4400...
2024-07-20 22:58:00,503 - INFO - Allocating UMIs for gene 4500...
2024-07-20 22:58:01,281 - INFO - Allocating UMIs for gene 4600...
2024-07-20 22:58:02,075 - INFO - Allocating UMIs for gene 4700...
2024-07-20 22:58:02,869 - INFO - Allocating UMIs for gene 4800...
2024-07-20 22:58:03,656 - INFO - Allocating UMIs for gene 4900...
2024-07-20 22:58:04,462 - INFO - Allocating UMIs for gene 5000...
2024-07-20 22:58:05,258 - INFO - Allocating UMIs for gene 5100...
2024-07-20 22:58:06,043 - INFO - Allocating UMIs for gene 5200...
2024-07-20 22:58:06,821 - INFO - Allocating UMIs for gene 5300...
2024-07-20 22:58:07,622 - INFO - Allocating UMIs for gene 5400...
2024-07-20 22:58:08,390 - INFO - Allocating UMIs for gene 5500...
2024-07-20 22:58:09,188 - INFO - Allocating UMIs for gene 5600...
2024-07-20 22:58:09,993 - INFO - Allocating UMIs for gene 5700...
2024-07-20 22:58:10,863 - INFO - Allocating UMIs for gene 5800...
2024-07-20 22:58:11,697 - INFO - Allocating UMIs for gene 5900...
2024-07-20 22:58:12,483 - INFO - Allocating UMIs for gene 6000...
2024-07-20 22:58:13,263 - INFO - Allocating UMIs for gene 6100...
2024-07-20 22:58:14,040 - INFO - Allocating UMIs for gene 6200...
2024-07-20 22:58:14,836 - INFO - Allocating UMIs for gene 6300...
2024-07-20 22:58:15,627 - INFO - Allocating UMIs for gene 6400...
2024-07-20 22:58:16,412 - INFO - Allocating UMIs for gene 6500...
2024-07-20 22:58:17,207 - INFO - Allocating UMIs for gene 6600...
2024-07-20 22:58:17,984 - INFO - Allocating UMIs for gene 6700...
2024-07-20 22:58:18,784 - INFO - Allocating UMIs for gene 6800...
2024-07-20 22:58:19,572 - INFO - Allocating UMIs for gene 6900...
2024-07-20 22:58:20,358 - INFO - Allocating UMIs for gene 7000...
2024-07-20 22:58:21,152 - INFO - Allocating UMIs for gene 7100...
2024-07-20 22:58:21,915 - INFO - Allocating UMIs for gene 7200...
2024-07-20 22:58:22,714 - INFO - Allocating UMIs for gene 7300...
2024-07-20 22:58:23,498 - INFO - Allocating UMIs for gene 7400...
2024-07-20 22:58:24,300 - INFO - Allocating UMIs for gene 7500...
2024-07-20 22:58:25,096 - INFO - Allocating UMIs for gene 7600...
2024-07-20 22:58:25,902 - INFO - Allocating UMIs for gene 7700...
2024-07-20 22:58:26,686 - INFO - Allocating UMIs for gene 7800...
2024-07-20 22:58:27,491 - INFO - Allocating UMIs for gene 7900...
2024-07-20 22:58:28,282 - INFO - Allocating UMIs for gene 8000...
2024-07-20 22:58:29,079 - INFO - Allocating UMIs for gene 8100...
2024-07-20 22:58:29,884 - INFO - Allocating UMIs for gene 8200...
2024-07-20 22:58:30,674 - INFO - Allocating UMIs for gene 8300...
2024-07-20 22:58:31,473 - INFO - Allocating UMIs for gene 8400...
2024-07-20 22:58:32,274 - INFO - Allocating UMIs for gene 8500...
2024-07-20 22:58:33,059 - INFO - Allocating UMIs for gene 8600...
2024-07-20 22:58:33,847 - INFO - Allocating UMIs for gene 8700...
2024-07-20 22:58:34,636 - INFO - Allocating UMIs for gene 8800...
2024-07-20 22:58:35,439 - INFO - Allocating UMIs for gene 8900...
2024-07-20 22:58:36,242 - INFO - Allocating UMIs for gene 9000...
2024-07-20 22:58:37,017 - INFO - Allocating UMIs for gene 9100...
2024-07-20 22:58:37,817 - INFO - Allocating UMIs for gene 9200...
2024-07-20 22:58:38,618 - INFO - Allocating UMIs for gene 9300...
2024-07-20 22:58:39,421 - INFO - Allocating UMIs for gene 9400...
2024-07-20 22:58:40,216 - INFO - Allocating UMIs for gene 9500...
2024-07-20 22:58:41,003 - INFO - Allocating UMIs for gene 9600...
2024-07-20 22:58:41,780 - INFO - Allocating UMIs for gene 9700...
2024-07-20 22:58:42,550 - INFO - Allocating UMIs for gene 9800...
2024-07-20 22:58:43,322 - INFO - Allocating UMIs for gene 9900...
2024-07-20 22:58:44,109 - INFO - UMI allocation complete.
2024-07-20 22:58:44,109 - INFO - Counting overall UMI occurrences...
2024-07-20 22:58:44,122 - INFO - Counting inter-gene collisions...
2024-07-20 22:58:44,209 - INFO - Total UMIs generated: 65536
2024-07-20 22:58:44,209 - INFO - Total UMIs allocated: 60003
2024-07-20 22:58:44,209 - INFO - Number of unique UMIs assigned to genes: 39269
2024-07-20 22:58:44,209 - INFO - Inter-gene collisions: 20731
2024-07-20 22:58:44,209 - INFO - Inter-gene collision rate: 0.34550
2024-07-20 22:58:44,209 - INFO - Writing gene UMI counts to file...
2024-07-20 22:58:44,216 - INFO - Writing UMI inter-gene collisions to file...
2024-07-20 22:58:44,225 - INFO - Simulation complete.
