2024-07-20 22:50:32,874 - INFO - Simulation Script Version: 0.0.1
2024-07-20 22:50:32,876 - INFO - Simulation Parameters:
2024-07-20 22:50:32,876 - INFO - Length of UMI: 8
2024-07-20 22:50:32,876 - INFO - Number of genes: 10000
2024-07-20 22:50:32,876 - INFO - Parameters file: None
2024-07-20 22:50:32,876 - INFO - Mean (mu): 6.0
2024-07-20 22:50:32,876 - INFO - Dispersion (theta): 6.0
2024-07-20 22:50:32,876 - INFO - Use Poisson distribution: False
2024-07-20 22:50:32,877 - INFO - Gene UMI counts file: gene_10000_umi8_counts_rep1.txt
2024-07-20 22:50:32,877 - INFO - UMI collisions file: umi8_10000_collisions.txt
2024-07-20 22:50:32,877 - INFO - Seed: None
2024-07-20 22:50:32,877 - INFO - Log file: umi8_10000_rep1.log
2024-07-20 22:50:32,877 - INFO - No seed specified. Generated random seed: 2927969045
2024-07-20 22:50:32,877 - INFO - Generating all possible UMIs...
2024-07-20 22:50:32,887 - INFO - Total possible UMIs generated: 65536
2024-07-20 22:50:32,887 - INFO - Loading parameters...
2024-07-20 22:50:32,887 - INFO - Sampling read depths for each gene...
2024-07-20 22:50:33,261 - INFO - Read depths sampling complete.
2024-07-20 22:50:33,261 - INFO - Allocating UMIs based on sampled read depths...
2024-07-20 22:50:33,261 - INFO - Allocating UMIs for gene 0...
2024-07-20 22:50:34,045 - INFO - Allocating UMIs for gene 100...
2024-07-20 22:50:34,905 - INFO - Allocating UMIs for gene 200...
2024-07-20 22:50:35,745 - INFO - Allocating UMIs for gene 300...
2024-07-20 22:50:36,510 - INFO - Allocating UMIs for gene 400...
2024-07-20 22:50:37,299 - INFO - Allocating UMIs for gene 500...
2024-07-20 22:50:38,090 - INFO - Allocating UMIs for gene 600...
2024-07-20 22:50:38,879 - INFO - Allocating UMIs for gene 700...
2024-07-20 22:50:39,667 - INFO - Allocating UMIs for gene 800...
2024-07-20 22:50:40,420 - INFO - Allocating UMIs for gene 900...
2024-07-20 22:50:41,201 - INFO - Allocating UMIs for gene 1000...
2024-07-20 22:50:42,047 - INFO - Allocating UMIs for gene 1100...
2024-07-20 22:50:42,902 - INFO - Allocating UMIs for gene 1200...
2024-07-20 22:50:43,663 - INFO - Allocating UMIs for gene 1300...
2024-07-20 22:50:44,598 - INFO - Allocating UMIs for gene 1400...
2024-07-20 22:50:45,377 - INFO - Allocating UMIs for gene 1500...
2024-07-20 22:50:46,140 - INFO - Allocating UMIs for gene 1600...
2024-07-20 22:50:46,923 - INFO - Allocating UMIs for gene 1700...
2024-07-20 22:50:47,717 - INFO - Allocating UMIs for gene 1800...
2024-07-20 22:50:48,505 - INFO - Allocating UMIs for gene 1900...
2024-07-20 22:50:49,259 - INFO - Allocating UMIs for gene 2000...
2024-07-20 22:50:50,047 - INFO - Allocating UMIs for gene 2100...
2024-07-20 22:50:50,810 - INFO - Allocating UMIs for gene 2200...
2024-07-20 22:50:51,595 - INFO - Allocating UMIs for gene 2300...
2024-07-20 22:50:52,363 - INFO - Allocating UMIs for gene 2400...
2024-07-20 22:50:53,138 - INFO - Allocating UMIs for gene 2500...
2024-07-20 22:50:53,898 - INFO - Allocating UMIs for gene 2600...
2024-07-20 22:50:54,685 - INFO - Allocating UMIs for gene 2700...
2024-07-20 22:50:55,454 - INFO - Allocating UMIs for gene 2800...
2024-07-20 22:50:56,224 - INFO - Allocating UMIs for gene 2900...
2024-07-20 22:50:56,995 - INFO - Allocating UMIs for gene 3000...
2024-07-20 22:50:57,766 - INFO - Allocating UMIs for gene 3100...
2024-07-20 22:50:58,529 - INFO - Allocating UMIs for gene 3200...
2024-07-20 22:50:59,276 - INFO - Allocating UMIs for gene 3300...
2024-07-20 22:51:00,019 - INFO - Allocating UMIs for gene 3400...
2024-07-20 22:51:00,958 - INFO - Allocating UMIs for gene 3500...
2024-07-20 22:51:01,871 - INFO - Allocating UMIs for gene 3600...
2024-07-20 22:51:02,683 - INFO - Allocating UMIs for gene 3700...
2024-07-20 22:51:03,519 - INFO - Allocating UMIs for gene 3800...
2024-07-20 22:51:05,054 - INFO - Allocating UMIs for gene 3900...
2024-07-20 22:51:05,883 - INFO - Allocating UMIs for gene 4000...
2024-07-20 22:51:06,677 - INFO - Allocating UMIs for gene 4100...
2024-07-20 22:51:07,632 - INFO - Allocating UMIs for gene 4200...
2024-07-20 22:51:08,439 - INFO - Allocating UMIs for gene 4300...
2024-07-20 22:51:09,205 - INFO - Allocating UMIs for gene 4400...
2024-07-20 22:51:09,971 - INFO - Allocating UMIs for gene 4500...
2024-07-20 22:51:10,738 - INFO - Allocating UMIs for gene 4600...
2024-07-20 22:51:11,519 - INFO - Allocating UMIs for gene 4700...
2024-07-20 22:51:12,293 - INFO - Allocating UMIs for gene 4800...
2024-07-20 22:51:13,079 - INFO - Allocating UMIs for gene 4900...
2024-07-20 22:51:13,871 - INFO - Allocating UMIs for gene 5000...
2024-07-20 22:51:14,662 - INFO - Allocating UMIs for gene 5100...
2024-07-20 22:51:15,452 - INFO - Allocating UMIs for gene 5200...
2024-07-20 22:51:16,234 - INFO - Allocating UMIs for gene 5300...
2024-07-20 22:51:17,038 - INFO - Allocating UMIs for gene 5400...
2024-07-20 22:51:17,932 - INFO - Allocating UMIs for gene 5500...
2024-07-20 22:51:18,726 - INFO - Allocating UMIs for gene 5600...
2024-07-20 22:51:19,783 - INFO - Allocating UMIs for gene 5700...
2024-07-20 22:51:20,586 - INFO - Allocating UMIs for gene 5800...
2024-07-20 22:51:21,373 - INFO - Allocating UMIs for gene 5900...
2024-07-20 22:51:22,168 - INFO - Allocating UMIs for gene 6000...
2024-07-20 22:51:22,967 - INFO - Allocating UMIs for gene 6100...
2024-07-20 22:51:23,766 - INFO - Allocating UMIs for gene 6200...
2024-07-20 22:51:24,570 - INFO - Allocating UMIs for gene 6300...
2024-07-20 22:51:25,335 - INFO - Allocating UMIs for gene 6400...
2024-07-20 22:51:26,139 - INFO - Allocating UMIs for gene 6500...
2024-07-20 22:51:26,942 - INFO - Allocating UMIs for gene 6600...
2024-07-20 22:51:27,736 - INFO - Allocating UMIs for gene 6700...
2024-07-20 22:51:28,535 - INFO - Allocating UMIs for gene 6800...
2024-07-20 22:51:29,331 - INFO - Allocating UMIs for gene 6900...
2024-07-20 22:51:30,130 - INFO - Allocating UMIs for gene 7000...
2024-07-20 22:51:30,920 - INFO - Allocating UMIs for gene 7100...
2024-07-20 22:51:31,731 - INFO - Allocating UMIs for gene 7200...
2024-07-20 22:51:32,524 - INFO - Allocating UMIs for gene 7300...
2024-07-20 22:51:33,330 - INFO - Allocating UMIs for gene 7400...
2024-07-20 22:51:34,128 - INFO - Allocating UMIs for gene 7500...
2024-07-20 22:51:34,893 - INFO - Allocating UMIs for gene 7600...
2024-07-20 22:51:35,870 - INFO - Allocating UMIs for gene 7700...
2024-07-20 22:51:36,817 - INFO - Allocating UMIs for gene 7800...
2024-07-20 22:51:37,755 - INFO - Allocating UMIs for gene 7900...
2024-07-20 22:51:38,623 - INFO - Allocating UMIs for gene 8000...
2024-07-20 22:51:39,423 - INFO - Allocating UMIs for gene 8100...
2024-07-20 22:51:40,204 - INFO - Allocating UMIs for gene 8200...
2024-07-20 22:51:40,995 - INFO - Allocating UMIs for gene 8300...
2024-07-20 22:51:41,791 - INFO - Allocating UMIs for gene 8400...
2024-07-20 22:51:42,613 - INFO - Allocating UMIs for gene 8500...
2024-07-20 22:51:43,424 - INFO - Allocating UMIs for gene 8600...
2024-07-20 22:51:44,217 - INFO - Allocating UMIs for gene 8700...
2024-07-20 22:51:45,015 - INFO - Allocating UMIs for gene 8800...
2024-07-20 22:51:45,807 - INFO - Allocating UMIs for gene 8900...
2024-07-20 22:51:46,612 - INFO - Allocating UMIs for gene 9000...
2024-07-20 22:51:47,410 - INFO - Allocating UMIs for gene 9100...
2024-07-20 22:51:48,215 - INFO - Allocating UMIs for gene 9200...
2024-07-20 22:51:49,026 - INFO - Allocating UMIs for gene 9300...
2024-07-20 22:51:49,810 - INFO - Allocating UMIs for gene 9400...
2024-07-20 22:51:50,604 - INFO - Allocating UMIs for gene 9500...
2024-07-20 22:51:51,409 - INFO - Allocating UMIs for gene 9600...
2024-07-20 22:51:52,191 - INFO - Allocating UMIs for gene 9700...
2024-07-20 22:51:52,995 - INFO - Allocating UMIs for gene 9800...
2024-07-20 22:51:53,860 - INFO - Allocating UMIs for gene 9900...
2024-07-20 22:51:54,721 - INFO - UMI allocation complete.
2024-07-20 22:51:54,722 - INFO - Counting overall UMI occurrences...
2024-07-20 22:51:54,736 - INFO - Counting inter-gene collisions...
2024-07-20 22:51:54,824 - INFO - Total UMIs generated: 65536
2024-07-20 22:51:54,824 - INFO - Total UMIs allocated: 59631
2024-07-20 22:51:54,824 - INFO - Number of unique UMIs assigned to genes: 39160
2024-07-20 22:51:54,824 - INFO - Inter-gene collisions: 20468
2024-07-20 22:51:54,824 - INFO - Inter-gene collision rate: 0.34324
2024-07-20 22:51:54,824 - INFO - Writing gene UMI counts to file...
2024-07-20 22:51:54,832 - INFO - Writing UMI inter-gene collisions to file...
2024-07-20 22:51:54,841 - INFO - Simulation complete.
