2024-07-20 22:54:40,754 - INFO - Simulation Script Version: 0.0.1
2024-07-20 22:54:40,757 - INFO - Simulation Parameters:
2024-07-20 22:54:40,757 - INFO - Length of UMI: 8
2024-07-20 22:54:40,757 - INFO - Number of genes: 10000
2024-07-20 22:54:40,757 - INFO - Parameters file: None
2024-07-20 22:54:40,757 - INFO - Mean (mu): 6.0
2024-07-20 22:54:40,757 - INFO - Dispersion (theta): 6.0
2024-07-20 22:54:40,757 - INFO - Use Poisson distribution: False
2024-07-20 22:54:40,757 - INFO - Gene UMI counts file: gene_10000_umi8_counts_rep4.txt
2024-07-20 22:54:40,757 - INFO - UMI collisions file: umi8_10000_collisions_rep4.txt
2024-07-20 22:54:40,757 - INFO - Seed: None
2024-07-20 22:54:40,757 - INFO - Log file: umi8_10000_rep4.log
2024-07-20 22:54:40,757 - INFO - No seed specified. Generated random seed: 3095578263
2024-07-20 22:54:40,757 - INFO - Generating all possible UMIs...
2024-07-20 22:54:40,767 - INFO - Total possible UMIs generated: 65536
2024-07-20 22:54:40,767 - INFO - Loading parameters...
2024-07-20 22:54:40,767 - INFO - Sampling read depths for each gene...
2024-07-20 22:54:41,149 - INFO - Read depths sampling complete.
2024-07-20 22:54:41,149 - INFO - Allocating UMIs based on sampled read depths...
2024-07-20 22:54:41,149 - INFO - Allocating UMIs for gene 0...
2024-07-20 22:54:41,954 - INFO - Allocating UMIs for gene 100...
2024-07-20 22:54:42,749 - INFO - Allocating UMIs for gene 200...
2024-07-20 22:54:43,549 - INFO - Allocating UMIs for gene 300...
2024-07-20 22:54:44,351 - INFO - Allocating UMIs for gene 400...
2024-07-20 22:54:45,137 - INFO - Allocating UMIs for gene 500...
2024-07-20 22:54:45,914 - INFO - Allocating UMIs for gene 600...
2024-07-20 22:54:46,702 - INFO - Allocating UMIs for gene 700...
2024-07-20 22:54:47,495 - INFO - Allocating UMIs for gene 800...
2024-07-20 22:54:48,271 - INFO - Allocating UMIs for gene 900...
2024-07-20 22:54:49,066 - INFO - Allocating UMIs for gene 1000...
2024-07-20 22:54:49,851 - INFO - Allocating UMIs for gene 1100...
2024-07-20 22:54:50,627 - INFO - Allocating UMIs for gene 1200...
2024-07-20 22:54:51,433 - INFO - Allocating UMIs for gene 1300...
2024-07-20 22:54:52,286 - INFO - Allocating UMIs for gene 1400...
2024-07-20 22:54:53,198 - INFO - Allocating UMIs for gene 1500...
2024-07-20 22:54:53,992 - INFO - Allocating UMIs for gene 1600...
2024-07-20 22:54:54,791 - INFO - Allocating UMIs for gene 1700...
2024-07-20 22:54:55,715 - INFO - Allocating UMIs for gene 1800...
2024-07-20 22:54:56,636 - INFO - Allocating UMIs for gene 1900...
2024-07-20 22:54:57,428 - INFO - Allocating UMIs for gene 2000...
2024-07-20 22:54:58,222 - INFO - Allocating UMIs for gene 2100...
2024-07-20 22:54:59,015 - INFO - Allocating UMIs for gene 2200...
2024-07-20 22:54:59,802 - INFO - Allocating UMIs for gene 2300...
2024-07-20 22:55:00,599 - INFO - Allocating UMIs for gene 2400...
2024-07-20 22:55:01,387 - INFO - Allocating UMIs for gene 2500...
2024-07-20 22:55:02,175 - INFO - Allocating UMIs for gene 2600...
2024-07-20 22:55:02,943 - INFO - Allocating UMIs for gene 2700...
2024-07-20 22:55:03,732 - INFO - Allocating UMIs for gene 2800...
2024-07-20 22:55:04,510 - INFO - Allocating UMIs for gene 2900...
2024-07-20 22:55:05,286 - INFO - Allocating UMIs for gene 3000...
2024-07-20 22:55:06,048 - INFO - Allocating UMIs for gene 3100...
2024-07-20 22:55:06,845 - INFO - Allocating UMIs for gene 3200...
2024-07-20 22:55:07,646 - INFO - Allocating UMIs for gene 3300...
2024-07-20 22:55:08,416 - INFO - Allocating UMIs for gene 3400...
2024-07-20 22:55:09,185 - INFO - Allocating UMIs for gene 3500...
2024-07-20 22:55:09,978 - INFO - Allocating UMIs for gene 3600...
2024-07-20 22:55:10,781 - INFO - Allocating UMIs for gene 3700...
2024-07-20 22:55:11,556 - INFO - Allocating UMIs for gene 3800...
2024-07-20 22:55:12,351 - INFO - Allocating UMIs for gene 3900...
2024-07-20 22:55:13,135 - INFO - Allocating UMIs for gene 4000...
2024-07-20 22:55:13,917 - INFO - Allocating UMIs for gene 4100...
2024-07-20 22:55:14,712 - INFO - Allocating UMIs for gene 4200...
2024-07-20 22:55:15,499 - INFO - Allocating UMIs for gene 4300...
2024-07-20 22:55:16,291 - INFO - Allocating UMIs for gene 4400...
2024-07-20 22:55:17,088 - INFO - Allocating UMIs for gene 4500...
2024-07-20 22:55:17,858 - INFO - Allocating UMIs for gene 4600...
2024-07-20 22:55:18,645 - INFO - Allocating UMIs for gene 4700...
2024-07-20 22:55:19,436 - INFO - Allocating UMIs for gene 4800...
2024-07-20 22:55:20,221 - INFO - Allocating UMIs for gene 4900...
2024-07-20 22:55:21,014 - INFO - Allocating UMIs for gene 5000...
2024-07-20 22:55:21,801 - INFO - Allocating UMIs for gene 5100...
2024-07-20 22:55:22,577 - INFO - Allocating UMIs for gene 5200...
2024-07-20 22:55:23,380 - INFO - Allocating UMIs for gene 5300...
2024-07-20 22:55:24,409 - INFO - Allocating UMIs for gene 5400...
2024-07-20 22:55:25,194 - INFO - Allocating UMIs for gene 5500...
2024-07-20 22:55:26,094 - INFO - Allocating UMIs for gene 5600...
2024-07-20 22:55:26,890 - INFO - Allocating UMIs for gene 5700...
2024-07-20 22:55:27,661 - INFO - Allocating UMIs for gene 5800...
2024-07-20 22:55:28,431 - INFO - Allocating UMIs for gene 5900...
2024-07-20 22:55:29,280 - INFO - Allocating UMIs for gene 6000...
2024-07-20 22:55:30,122 - INFO - Allocating UMIs for gene 6100...
2024-07-20 22:55:30,905 - INFO - Allocating UMIs for gene 6200...
2024-07-20 22:55:31,668 - INFO - Allocating UMIs for gene 6300...
2024-07-20 22:55:32,443 - INFO - Allocating UMIs for gene 6400...
2024-07-20 22:55:33,459 - INFO - Allocating UMIs for gene 6500...
2024-07-20 22:55:34,242 - INFO - Allocating UMIs for gene 6600...
2024-07-20 22:55:35,025 - INFO - Allocating UMIs for gene 6700...
2024-07-20 22:55:35,808 - INFO - Allocating UMIs for gene 6800...
2024-07-20 22:55:36,578 - INFO - Allocating UMIs for gene 6900...
2024-07-20 22:55:37,350 - INFO - Allocating UMIs for gene 7000...
2024-07-20 22:55:38,371 - INFO - Allocating UMIs for gene 7100...
2024-07-20 22:55:39,155 - INFO - Allocating UMIs for gene 7200...
2024-07-20 22:55:39,925 - INFO - Allocating UMIs for gene 7300...
2024-07-20 22:55:40,710 - INFO - Allocating UMIs for gene 7400...
2024-07-20 22:55:41,632 - INFO - Allocating UMIs for gene 7500...
2024-07-20 22:55:42,409 - INFO - Allocating UMIs for gene 7600...
2024-07-20 22:55:43,203 - INFO - Allocating UMIs for gene 7700...
2024-07-20 22:55:43,979 - INFO - Allocating UMIs for gene 7800...
2024-07-20 22:55:44,765 - INFO - Allocating UMIs for gene 7900...
2024-07-20 22:55:45,540 - INFO - Allocating UMIs for gene 8000...
2024-07-20 22:55:46,332 - INFO - Allocating UMIs for gene 8100...
2024-07-20 22:55:47,127 - INFO - Allocating UMIs for gene 8200...
2024-07-20 22:55:47,910 - INFO - Allocating UMIs for gene 8300...
2024-07-20 22:55:48,693 - INFO - Allocating UMIs for gene 8400...
2024-07-20 22:55:49,486 - INFO - Allocating UMIs for gene 8500...
2024-07-20 22:55:50,267 - INFO - Allocating UMIs for gene 8600...
2024-07-20 22:55:51,061 - INFO - Allocating UMIs for gene 8700...
2024-07-20 22:55:51,837 - INFO - Allocating UMIs for gene 8800...
2024-07-20 22:55:52,600 - INFO - Allocating UMIs for gene 8900...
2024-07-20 22:55:53,377 - INFO - Allocating UMIs for gene 9000...
2024-07-20 22:55:54,163 - INFO - Allocating UMIs for gene 9100...
2024-07-20 22:55:54,940 - INFO - Allocating UMIs for gene 9200...
2024-07-20 22:55:55,726 - INFO - Allocating UMIs for gene 9300...
2024-07-20 22:55:56,523 - INFO - Allocating UMIs for gene 9400...
2024-07-20 22:55:57,292 - INFO - Allocating UMIs for gene 9500...
2024-07-20 22:55:58,071 - INFO - Allocating UMIs for gene 9600...
2024-07-20 22:55:58,868 - INFO - Allocating UMIs for gene 9700...
2024-07-20 22:55:59,652 - INFO - Allocating UMIs for gene 9800...
2024-07-20 22:56:00,520 - INFO - Allocating UMIs for gene 9900...
2024-07-20 22:56:01,375 - INFO - UMI allocation complete.
2024-07-20 22:56:01,375 - INFO - Counting overall UMI occurrences...
2024-07-20 22:56:01,388 - INFO - Counting inter-gene collisions...
2024-07-20 22:56:01,466 - INFO - Total UMIs generated: 65536
2024-07-20 22:56:01,466 - INFO - Total UMIs allocated: 60347
2024-07-20 22:56:01,466 - INFO - Number of unique UMIs assigned to genes: 39465
2024-07-20 22:56:01,466 - INFO - Inter-gene collisions: 20878
2024-07-20 22:56:01,466 - INFO - Inter-gene collision rate: 0.34597
2024-07-20 22:56:01,466 - INFO - Writing gene UMI counts to file...
2024-07-20 22:56:01,472 - INFO - Writing UMI inter-gene collisions to file...
2024-07-20 22:56:01,480 - INFO - Simulation complete.
