2024-07-20 22:58:45,457 - INFO - Simulation Script Version: 0.0.1
2024-07-20 22:58:45,459 - INFO - Simulation Parameters:
2024-07-20 22:58:45,459 - INFO - Length of UMI: 8
2024-07-20 22:58:45,459 - INFO - Number of genes: 10000
2024-07-20 22:58:45,459 - INFO - Parameters file: None
2024-07-20 22:58:45,459 - INFO - Mean (mu): 6.0
2024-07-20 22:58:45,459 - INFO - Dispersion (theta): 6.0
2024-07-20 22:58:45,459 - INFO - Use Poisson distribution: False
2024-07-20 22:58:45,459 - INFO - Gene UMI counts file: gene_10000_umi8_counts_rep7.txt
2024-07-20 22:58:45,459 - INFO - UMI collisions file: umi8_10000_collisions_rep7.txt
2024-07-20 22:58:45,459 - INFO - Seed: None
2024-07-20 22:58:45,459 - INFO - Log file: umi8_10000_rep7.log
2024-07-20 22:58:45,459 - INFO - No seed specified. Generated random seed: 2391131258
2024-07-20 22:58:45,459 - INFO - Generating all possible UMIs...
2024-07-20 22:58:45,469 - INFO - Total possible UMIs generated: 65536
2024-07-20 22:58:45,469 - INFO - Loading parameters...
2024-07-20 22:58:45,469 - INFO - Sampling read depths for each gene...
2024-07-20 22:58:45,849 - INFO - Read depths sampling complete.
2024-07-20 22:58:45,850 - INFO - Allocating UMIs based on sampled read depths...
2024-07-20 22:58:45,850 - INFO - Allocating UMIs for gene 0...
2024-07-20 22:58:46,626 - INFO - Allocating UMIs for gene 100...
2024-07-20 22:58:47,389 - INFO - Allocating UMIs for gene 200...
2024-07-20 22:58:48,170 - INFO - Allocating UMIs for gene 300...
2024-07-20 22:58:48,951 - INFO - Allocating UMIs for gene 400...
2024-07-20 22:58:49,748 - INFO - Allocating UMIs for gene 500...
2024-07-20 22:58:50,530 - INFO - Allocating UMIs for gene 600...
2024-07-20 22:58:51,306 - INFO - Allocating UMIs for gene 700...
2024-07-20 22:58:52,088 - INFO - Allocating UMIs for gene 800...
2024-07-20 22:58:53,096 - INFO - Allocating UMIs for gene 900...
2024-07-20 22:58:53,880 - INFO - Allocating UMIs for gene 1000...
2024-07-20 22:58:54,656 - INFO - Allocating UMIs for gene 1100...
2024-07-20 22:58:55,435 - INFO - Allocating UMIs for gene 1200...
2024-07-20 22:58:56,220 - INFO - Allocating UMIs for gene 1300...
2024-07-20 22:58:57,008 - INFO - Allocating UMIs for gene 1400...
2024-07-20 22:58:57,793 - INFO - Allocating UMIs for gene 1500...
2024-07-20 22:58:58,630 - INFO - Allocating UMIs for gene 1600...
2024-07-20 22:58:59,420 - INFO - Allocating UMIs for gene 1700...
2024-07-20 22:59:00,209 - INFO - Allocating UMIs for gene 1800...
2024-07-20 22:59:00,984 - INFO - Allocating UMIs for gene 1900...
2024-07-20 22:59:01,745 - INFO - Allocating UMIs for gene 2000...
2024-07-20 22:59:02,514 - INFO - Allocating UMIs for gene 2100...
2024-07-20 22:59:03,298 - INFO - Allocating UMIs for gene 2200...
2024-07-20 22:59:04,091 - INFO - Allocating UMIs for gene 2300...
2024-07-20 22:59:04,878 - INFO - Allocating UMIs for gene 2400...
2024-07-20 22:59:05,658 - INFO - Allocating UMIs for gene 2500...
2024-07-20 22:59:06,435 - INFO - Allocating UMIs for gene 2600...
2024-07-20 22:59:07,212 - INFO - Allocating UMIs for gene 2700...
2024-07-20 22:59:08,005 - INFO - Allocating UMIs for gene 2800...
2024-07-20 22:59:08,781 - INFO - Allocating UMIs for gene 2900...
2024-07-20 22:59:09,559 - INFO - Allocating UMIs for gene 3000...
2024-07-20 22:59:10,336 - INFO - Allocating UMIs for gene 3100...
2024-07-20 22:59:11,118 - INFO - Allocating UMIs for gene 3200...
2024-07-20 22:59:11,889 - INFO - Allocating UMIs for gene 3300...
2024-07-20 22:59:12,674 - INFO - Allocating UMIs for gene 3400...
2024-07-20 22:59:13,456 - INFO - Allocating UMIs for gene 3500...
2024-07-20 22:59:14,225 - INFO - Allocating UMIs for gene 3600...
2024-07-20 22:59:15,213 - INFO - Allocating UMIs for gene 3700...
2024-07-20 22:59:16,067 - INFO - Allocating UMIs for gene 3800...
2024-07-20 22:59:16,836 - INFO - Allocating UMIs for gene 3900...
2024-07-20 22:59:17,617 - INFO - Allocating UMIs for gene 4000...
2024-07-20 22:59:18,392 - INFO - Allocating UMIs for gene 4100...
2024-07-20 22:59:19,169 - INFO - Allocating UMIs for gene 4200...
2024-07-20 22:59:19,955 - INFO - Allocating UMIs for gene 4300...
2024-07-20 22:59:20,745 - INFO - Allocating UMIs for gene 4400...
2024-07-20 22:59:21,519 - INFO - Allocating UMIs for gene 4500...
2024-07-20 22:59:22,302 - INFO - Allocating UMIs for gene 4600...
2024-07-20 22:59:23,085 - INFO - Allocating UMIs for gene 4700...
2024-07-20 22:59:23,875 - INFO - Allocating UMIs for gene 4800...
2024-07-20 22:59:24,649 - INFO - Allocating UMIs for gene 4900...
2024-07-20 22:59:25,413 - INFO - Allocating UMIs for gene 5000...
2024-07-20 22:59:26,188 - INFO - Allocating UMIs for gene 5100...
2024-07-20 22:59:26,973 - INFO - Allocating UMIs for gene 5200...
2024-07-20 22:59:27,749 - INFO - Allocating UMIs for gene 5300...
2024-07-20 22:59:28,534 - INFO - Allocating UMIs for gene 5400...
2024-07-20 22:59:29,313 - INFO - Allocating UMIs for gene 5500...
2024-07-20 22:59:30,107 - INFO - Allocating UMIs for gene 5600...
2024-07-20 22:59:30,893 - INFO - Allocating UMIs for gene 5700...
2024-07-20 22:59:31,684 - INFO - Allocating UMIs for gene 5800...
2024-07-20 22:59:32,475 - INFO - Allocating UMIs for gene 5900...
2024-07-20 22:59:33,259 - INFO - Allocating UMIs for gene 6000...
2024-07-20 22:59:34,047 - INFO - Allocating UMIs for gene 6100...
2024-07-20 22:59:34,838 - INFO - Allocating UMIs for gene 6200...
2024-07-20 22:59:35,591 - INFO - Allocating UMIs for gene 6300...
2024-07-20 22:59:36,344 - INFO - Allocating UMIs for gene 6400...
2024-07-20 22:59:37,106 - INFO - Allocating UMIs for gene 6500...
2024-07-20 22:59:37,888 - INFO - Allocating UMIs for gene 6600...
2024-07-20 22:59:38,661 - INFO - Allocating UMIs for gene 6700...
2024-07-20 22:59:39,456 - INFO - Allocating UMIs for gene 6800...
2024-07-20 22:59:40,243 - INFO - Allocating UMIs for gene 6900...
2024-07-20 22:59:41,019 - INFO - Allocating UMIs for gene 7000...
2024-07-20 22:59:41,754 - INFO - Allocating UMIs for gene 7100...
2024-07-20 22:59:42,544 - INFO - Allocating UMIs for gene 7200...
2024-07-20 22:59:43,328 - INFO - Allocating UMIs for gene 7300...
2024-07-20 22:59:44,112 - INFO - Allocating UMIs for gene 7400...
2024-07-20 22:59:44,903 - INFO - Allocating UMIs for gene 7500...
2024-07-20 22:59:45,680 - INFO - Allocating UMIs for gene 7600...
2024-07-20 22:59:46,455 - INFO - Allocating UMIs for gene 7700...
2024-07-20 22:59:47,221 - INFO - Allocating UMIs for gene 7800...
2024-07-20 22:59:47,989 - INFO - Allocating UMIs for gene 7900...
2024-07-20 22:59:48,755 - INFO - Allocating UMIs for gene 8000...
2024-07-20 22:59:49,807 - INFO - Allocating UMIs for gene 8100...
2024-07-20 22:59:50,602 - INFO - Allocating UMIs for gene 8200...
2024-07-20 22:59:51,391 - INFO - Allocating UMIs for gene 8300...
2024-07-20 22:59:52,151 - INFO - Allocating UMIs for gene 8400...
2024-07-20 22:59:52,937 - INFO - Allocating UMIs for gene 8500...
2024-07-20 22:59:53,708 - INFO - Allocating UMIs for gene 8600...
2024-07-20 22:59:54,498 - INFO - Allocating UMIs for gene 8700...
2024-07-20 22:59:55,284 - INFO - Allocating UMIs for gene 8800...
2024-07-20 22:59:56,275 - INFO - Allocating UMIs for gene 8900...
2024-07-20 22:59:57,059 - INFO - Allocating UMIs for gene 9000...
2024-07-20 22:59:57,844 - INFO - Allocating UMIs for gene 9100...
2024-07-20 22:59:58,627 - INFO - Allocating UMIs for gene 9200...
2024-07-20 22:59:59,412 - INFO - Allocating UMIs for gene 9300...
2024-07-20 23:00:00,215 - INFO - Allocating UMIs for gene 9400...
2024-07-20 23:00:00,985 - INFO - Allocating UMIs for gene 9500...
2024-07-20 23:00:01,775 - INFO - Allocating UMIs for gene 9600...
2024-07-20 23:00:02,563 - INFO - Allocating UMIs for gene 9700...
2024-07-20 23:00:03,353 - INFO - Allocating UMIs for gene 9800...
2024-07-20 23:00:04,146 - INFO - Allocating UMIs for gene 9900...
2024-07-20 23:00:04,908 - INFO - UMI allocation complete.
2024-07-20 23:00:04,908 - INFO - Counting overall UMI occurrences...
2024-07-20 23:00:04,922 - INFO - Counting inter-gene collisions...
2024-07-20 23:00:05,021 - INFO - Total UMIs generated: 65536
2024-07-20 23:00:05,021 - INFO - Total UMIs allocated: 59923
2024-07-20 23:00:05,021 - INFO - Number of unique UMIs assigned to genes: 39347
2024-07-20 23:00:05,021 - INFO - Inter-gene collisions: 20575
2024-07-20 23:00:05,021 - INFO - Inter-gene collision rate: 0.34336
2024-07-20 23:00:05,021 - INFO - Writing gene UMI counts to file...
2024-07-20 23:00:05,028 - INFO - Writing UMI inter-gene collisions to file...
2024-07-20 23:00:05,036 - INFO - Simulation complete.
