2024-07-20 22:51:55,890 - INFO - Simulation Script Version: 0.0.1
2024-07-20 22:51:55,893 - INFO - Simulation Parameters:
2024-07-20 22:51:55,893 - INFO - Length of UMI: 8
2024-07-20 22:51:55,893 - INFO - Number of genes: 10000
2024-07-20 22:51:55,893 - INFO - Parameters file: None
2024-07-20 22:51:55,893 - INFO - Mean (mu): 6.0
2024-07-20 22:51:55,893 - INFO - Dispersion (theta): 6.0
2024-07-20 22:51:55,893 - INFO - Use Poisson distribution: False
2024-07-20 22:51:55,893 - INFO - Gene UMI counts file: gene_10000_umi8_counts_rep2.txt
2024-07-20 22:51:55,893 - INFO - UMI collisions file: umi8_10000_collisions_rep2.txt
2024-07-20 22:51:55,893 - INFO - Seed: None
2024-07-20 22:51:55,893 - INFO - Log file: umi8_10000_rep2.log
2024-07-20 22:51:55,893 - INFO - No seed specified. Generated random seed: 1669169807
2024-07-20 22:51:55,893 - INFO - Generating all possible UMIs...
2024-07-20 22:51:55,903 - INFO - Total possible UMIs generated: 65536
2024-07-20 22:51:55,903 - INFO - Loading parameters...
2024-07-20 22:51:55,903 - INFO - Sampling read depths for each gene...
2024-07-20 22:51:56,276 - INFO - Read depths sampling complete.
2024-07-20 22:51:56,276 - INFO - Allocating UMIs based on sampled read depths...
2024-07-20 22:51:56,276 - INFO - Allocating UMIs for gene 0...
2024-07-20 22:51:57,082 - INFO - Allocating UMIs for gene 100...
2024-07-20 22:51:57,898 - INFO - Allocating UMIs for gene 200...
2024-07-20 22:51:58,727 - INFO - Allocating UMIs for gene 300...
2024-07-20 22:51:59,522 - INFO - Allocating UMIs for gene 400...
2024-07-20 22:52:00,348 - INFO - Allocating UMIs for gene 500...
2024-07-20 22:52:01,149 - INFO - Allocating UMIs for gene 600...
2024-07-20 22:52:01,928 - INFO - Allocating UMIs for gene 700...
2024-07-20 22:52:02,705 - INFO - Allocating UMIs for gene 800...
2024-07-20 22:52:03,527 - INFO - Allocating UMIs for gene 900...
2024-07-20 22:52:04,328 - INFO - Allocating UMIs for gene 1000...
2024-07-20 22:52:05,105 - INFO - Allocating UMIs for gene 1100...
2024-07-20 22:52:05,898 - INFO - Allocating UMIs for gene 1200...
2024-07-20 22:52:06,701 - INFO - Allocating UMIs for gene 1300...
2024-07-20 22:52:07,501 - INFO - Allocating UMIs for gene 1400...
2024-07-20 22:52:08,528 - INFO - Allocating UMIs for gene 1500...
2024-07-20 22:52:09,332 - INFO - Allocating UMIs for gene 1600...
2024-07-20 22:52:10,293 - INFO - Allocating UMIs for gene 1700...
2024-07-20 22:52:11,086 - INFO - Allocating UMIs for gene 1800...
2024-07-20 22:52:12,191 - INFO - Allocating UMIs for gene 1900...
2024-07-20 22:52:13,066 - INFO - Allocating UMIs for gene 2000...
2024-07-20 22:52:14,076 - INFO - Allocating UMIs for gene 2100...
2024-07-20 22:52:14,884 - INFO - Allocating UMIs for gene 2200...
2024-07-20 22:52:15,690 - INFO - Allocating UMIs for gene 2300...
2024-07-20 22:52:16,484 - INFO - Allocating UMIs for gene 2400...
2024-07-20 22:52:17,282 - INFO - Allocating UMIs for gene 2500...
2024-07-20 22:52:18,092 - INFO - Allocating UMIs for gene 2600...
2024-07-20 22:52:18,882 - INFO - Allocating UMIs for gene 2700...
2024-07-20 22:52:19,682 - INFO - Allocating UMIs for gene 2800...
2024-07-20 22:52:20,482 - INFO - Allocating UMIs for gene 2900...
2024-07-20 22:52:21,287 - INFO - Allocating UMIs for gene 3000...
2024-07-20 22:52:22,093 - INFO - Allocating UMIs for gene 3100...
2024-07-20 22:52:22,893 - INFO - Allocating UMIs for gene 3200...
2024-07-20 22:52:23,673 - INFO - Allocating UMIs for gene 3300...
2024-07-20 22:52:24,465 - INFO - Allocating UMIs for gene 3400...
2024-07-20 22:52:25,230 - INFO - Allocating UMIs for gene 3500...
2024-07-20 22:52:26,023 - INFO - Allocating UMIs for gene 3600...
2024-07-20 22:52:26,811 - INFO - Allocating UMIs for gene 3700...
2024-07-20 22:52:27,601 - INFO - Allocating UMIs for gene 3800...
2024-07-20 22:52:28,398 - INFO - Allocating UMIs for gene 3900...
2024-07-20 22:52:29,351 - INFO - Allocating UMIs for gene 4000...
2024-07-20 22:52:30,207 - INFO - Allocating UMIs for gene 4100...
2024-07-20 22:52:31,022 - INFO - Allocating UMIs for gene 4200...
2024-07-20 22:52:31,825 - INFO - Allocating UMIs for gene 4300...
2024-07-20 22:52:32,635 - INFO - Allocating UMIs for gene 4400...
2024-07-20 22:52:33,446 - INFO - Allocating UMIs for gene 4500...
2024-07-20 22:52:34,253 - INFO - Allocating UMIs for gene 4600...
2024-07-20 22:52:35,036 - INFO - Allocating UMIs for gene 4700...
2024-07-20 22:52:35,813 - INFO - Allocating UMIs for gene 4800...
2024-07-20 22:52:36,582 - INFO - Allocating UMIs for gene 4900...
2024-07-20 22:52:37,364 - INFO - Allocating UMIs for gene 5000...
2024-07-20 22:52:38,159 - INFO - Allocating UMIs for gene 5100...
2024-07-20 22:52:38,961 - INFO - Allocating UMIs for gene 5200...
2024-07-20 22:52:39,780 - INFO - Allocating UMIs for gene 5300...
2024-07-20 22:52:40,591 - INFO - Allocating UMIs for gene 5400...
2024-07-20 22:52:41,393 - INFO - Allocating UMIs for gene 5500...
2024-07-20 22:52:42,168 - INFO - Allocating UMIs for gene 5600...
2024-07-20 22:52:42,964 - INFO - Allocating UMIs for gene 5700...
2024-07-20 22:52:44,022 - INFO - Allocating UMIs for gene 5800...
2024-07-20 22:52:44,916 - INFO - Allocating UMIs for gene 5900...
2024-07-20 22:52:45,792 - INFO - Allocating UMIs for gene 6000...
2024-07-20 22:52:46,647 - INFO - Allocating UMIs for gene 6100...
2024-07-20 22:52:47,499 - INFO - Allocating UMIs for gene 6200...
2024-07-20 22:52:48,299 - INFO - Allocating UMIs for gene 6300...
2024-07-20 22:52:49,101 - INFO - Allocating UMIs for gene 6400...
2024-07-20 22:52:49,910 - INFO - Allocating UMIs for gene 6500...
2024-07-20 22:52:50,714 - INFO - Allocating UMIs for gene 6600...
2024-07-20 22:52:51,506 - INFO - Allocating UMIs for gene 6700...
2024-07-20 22:52:52,283 - INFO - Allocating UMIs for gene 6800...
2024-07-20 22:52:53,077 - INFO - Allocating UMIs for gene 6900...
2024-07-20 22:52:53,863 - INFO - Allocating UMIs for gene 7000...
2024-07-20 22:52:54,644 - INFO - Allocating UMIs for gene 7100...
2024-07-20 22:52:55,431 - INFO - Allocating UMIs for gene 7200...
2024-07-20 22:52:56,232 - INFO - Allocating UMIs for gene 7300...
2024-07-20 22:52:57,034 - INFO - Allocating UMIs for gene 7400...
2024-07-20 22:52:57,834 - INFO - Allocating UMIs for gene 7500...
2024-07-20 22:52:58,643 - INFO - Allocating UMIs for gene 7600...
2024-07-20 22:52:59,591 - INFO - Allocating UMIs for gene 7700...
2024-07-20 22:53:00,538 - INFO - Allocating UMIs for gene 7800...
2024-07-20 22:53:01,326 - INFO - Allocating UMIs for gene 7900...
2024-07-20 22:53:02,103 - INFO - Allocating UMIs for gene 8000...
2024-07-20 22:53:02,865 - INFO - Allocating UMIs for gene 8100...
2024-07-20 22:53:03,773 - INFO - Allocating UMIs for gene 8200...
2024-07-20 22:53:04,607 - INFO - Allocating UMIs for gene 8300...
2024-07-20 22:53:05,383 - INFO - Allocating UMIs for gene 8400...
2024-07-20 22:53:06,181 - INFO - Allocating UMIs for gene 8500...
2024-07-20 22:53:06,980 - INFO - Allocating UMIs for gene 8600...
2024-07-20 22:53:07,775 - INFO - Allocating UMIs for gene 8700...
2024-07-20 22:53:08,562 - INFO - Allocating UMIs for gene 8800...
2024-07-20 22:53:09,358 - INFO - Allocating UMIs for gene 8900...
2024-07-20 22:53:10,141 - INFO - Allocating UMIs for gene 9000...
2024-07-20 22:53:10,924 - INFO - Allocating UMIs for gene 9100...
2024-07-20 22:53:11,729 - INFO - Allocating UMIs for gene 9200...
2024-07-20 22:53:12,511 - INFO - Allocating UMIs for gene 9300...
2024-07-20 22:53:13,320 - INFO - Allocating UMIs for gene 9400...
2024-07-20 22:53:14,100 - INFO - Allocating UMIs for gene 9500...
2024-07-20 22:53:14,889 - INFO - Allocating UMIs for gene 9600...
2024-07-20 22:53:15,667 - INFO - Allocating UMIs for gene 9700...
2024-07-20 22:53:16,543 - INFO - Allocating UMIs for gene 9800...
2024-07-20 22:53:17,404 - INFO - Allocating UMIs for gene 9900...
2024-07-20 22:53:18,183 - INFO - UMI allocation complete.
2024-07-20 22:53:18,183 - INFO - Counting overall UMI occurrences...
2024-07-20 22:53:18,196 - INFO - Counting inter-gene collisions...
2024-07-20 22:53:18,280 - INFO - Total UMIs generated: 65536
2024-07-20 22:53:18,280 - INFO - Total UMIs allocated: 59433
2024-07-20 22:53:18,280 - INFO - Number of unique UMIs assigned to genes: 39044
2024-07-20 22:53:18,280 - INFO - Inter-gene collisions: 20388
2024-07-20 22:53:18,280 - INFO - Inter-gene collision rate: 0.34304
2024-07-20 22:53:18,280 - INFO - Writing gene UMI counts to file...
2024-07-20 22:53:18,288 - INFO - Writing UMI inter-gene collisions to file...
2024-07-20 22:53:18,296 - INFO - Simulation complete.
