2024-07-20 22:56:02,546 - INFO - Simulation Script Version: 0.0.1
2024-07-20 22:56:02,548 - INFO - Simulation Parameters:
2024-07-20 22:56:02,548 - INFO - Length of UMI: 8
2024-07-20 22:56:02,548 - INFO - Number of genes: 10000
2024-07-20 22:56:02,548 - INFO - Parameters file: None
2024-07-20 22:56:02,548 - INFO - Mean (mu): 6.0
2024-07-20 22:56:02,548 - INFO - Dispersion (theta): 6.0
2024-07-20 22:56:02,549 - INFO - Use Poisson distribution: False
2024-07-20 22:56:02,549 - INFO - Gene UMI counts file: gene_10000_umi8_counts_rep5.txt
2024-07-20 22:56:02,549 - INFO - UMI collisions file: umi8_10000_collisions_rep5.txt
2024-07-20 22:56:02,549 - INFO - Seed: None
2024-07-20 22:56:02,549 - INFO - Log file: umi8_10000_rep5.log
2024-07-20 22:56:02,549 - INFO - No seed specified. Generated random seed: 1576373005
2024-07-20 22:56:02,549 - INFO - Generating all possible UMIs...
2024-07-20 22:56:02,559 - INFO - Total possible UMIs generated: 65536
2024-07-20 22:56:02,559 - INFO - Loading parameters...
2024-07-20 22:56:02,559 - INFO - Sampling read depths for each gene...
2024-07-20 22:56:02,933 - INFO - Read depths sampling complete.
2024-07-20 22:56:02,933 - INFO - Allocating UMIs based on sampled read depths...
2024-07-20 22:56:02,933 - INFO - Allocating UMIs for gene 0...
2024-07-20 22:56:03,743 - INFO - Allocating UMIs for gene 100...
2024-07-20 22:56:04,529 - INFO - Allocating UMIs for gene 200...
2024-07-20 22:56:05,316 - INFO - Allocating UMIs for gene 300...
2024-07-20 22:56:06,102 - INFO - Allocating UMIs for gene 400...
2024-07-20 22:56:06,895 - INFO - Allocating UMIs for gene 500...
2024-07-20 22:56:07,688 - INFO - Allocating UMIs for gene 600...
2024-07-20 22:56:08,458 - INFO - Allocating UMIs for gene 700...
2024-07-20 22:56:09,243 - INFO - Allocating UMIs for gene 800...
2024-07-20 22:56:10,019 - INFO - Allocating UMIs for gene 900...
2024-07-20 22:56:10,797 - INFO - Allocating UMIs for gene 1000...
2024-07-20 22:56:11,575 - INFO - Allocating UMIs for gene 1100...
2024-07-20 22:56:12,357 - INFO - Allocating UMIs for gene 1200...
2024-07-20 22:56:13,151 - INFO - Allocating UMIs for gene 1300...
2024-07-20 22:56:14,048 - INFO - Allocating UMIs for gene 1400...
2024-07-20 22:56:14,841 - INFO - Allocating UMIs for gene 1500...
2024-07-20 22:56:15,640 - INFO - Allocating UMIs for gene 1600...
2024-07-20 22:56:16,433 - INFO - Allocating UMIs for gene 1700...
2024-07-20 22:56:17,228 - INFO - Allocating UMIs for gene 1800...
2024-07-20 22:56:18,008 - INFO - Allocating UMIs for gene 1900...
2024-07-20 22:56:18,792 - INFO - Allocating UMIs for gene 2000...
2024-07-20 22:56:19,594 - INFO - Allocating UMIs for gene 2100...
2024-07-20 22:56:20,378 - INFO - Allocating UMIs for gene 2200...
2024-07-20 22:56:21,179 - INFO - Allocating UMIs for gene 2300...
2024-07-20 22:56:21,958 - INFO - Allocating UMIs for gene 2400...
2024-07-20 22:56:22,757 - INFO - Allocating UMIs for gene 2500...
2024-07-20 22:56:23,541 - INFO - Allocating UMIs for gene 2600...
2024-07-20 22:56:24,331 - INFO - Allocating UMIs for gene 2700...
2024-07-20 22:56:25,124 - INFO - Allocating UMIs for gene 2800...
2024-07-20 22:56:25,926 - INFO - Allocating UMIs for gene 2900...
2024-07-20 22:56:26,701 - INFO - Allocating UMIs for gene 3000...
2024-07-20 22:56:27,482 - INFO - Allocating UMIs for gene 3100...
2024-07-20 22:56:28,277 - INFO - Allocating UMIs for gene 3200...
2024-07-20 22:56:29,068 - INFO - Allocating UMIs for gene 3300...
2024-07-20 22:56:29,861 - INFO - Allocating UMIs for gene 3400...
2024-07-20 22:56:30,652 - INFO - Allocating UMIs for gene 3500...
2024-07-20 22:56:31,429 - INFO - Allocating UMIs for gene 3600...
2024-07-20 22:56:32,231 - INFO - Allocating UMIs for gene 3700...
2024-07-20 22:56:33,017 - INFO - Allocating UMIs for gene 3800...
2024-07-20 22:56:33,802 - INFO - Allocating UMIs for gene 3900...
2024-07-20 22:56:34,595 - INFO - Allocating UMIs for gene 4000...
2024-07-20 22:56:35,376 - INFO - Allocating UMIs for gene 4100...
2024-07-20 22:56:36,164 - INFO - Allocating UMIs for gene 4200...
2024-07-20 22:56:36,950 - INFO - Allocating UMIs for gene 4300...
2024-07-20 22:56:37,748 - INFO - Allocating UMIs for gene 4400...
2024-07-20 22:56:38,538 - INFO - Allocating UMIs for gene 4500...
2024-07-20 22:56:39,315 - INFO - Allocating UMIs for gene 4600...
2024-07-20 22:56:40,109 - INFO - Allocating UMIs for gene 4700...
2024-07-20 22:56:40,884 - INFO - Allocating UMIs for gene 4800...
2024-07-20 22:56:41,667 - INFO - Allocating UMIs for gene 4900...
2024-07-20 22:56:42,470 - INFO - Allocating UMIs for gene 5000...
2024-07-20 22:56:43,276 - INFO - Allocating UMIs for gene 5100...
2024-07-20 22:56:44,229 - INFO - Allocating UMIs for gene 5200...
2024-07-20 22:56:45,119 - INFO - Allocating UMIs for gene 5300...
2024-07-20 22:56:45,909 - INFO - Allocating UMIs for gene 5400...
2024-07-20 22:56:46,699 - INFO - Allocating UMIs for gene 5500...
2024-07-20 22:56:47,479 - INFO - Allocating UMIs for gene 5600...
2024-07-20 22:56:48,269 - INFO - Allocating UMIs for gene 5700...
2024-07-20 22:56:49,063 - INFO - Allocating UMIs for gene 5800...
2024-07-20 22:56:49,858 - INFO - Allocating UMIs for gene 5900...
2024-07-20 22:56:50,644 - INFO - Allocating UMIs for gene 6000...
2024-07-20 22:56:51,440 - INFO - Allocating UMIs for gene 6100...
2024-07-20 22:56:52,240 - INFO - Allocating UMIs for gene 6200...
2024-07-20 22:56:53,053 - INFO - Allocating UMIs for gene 6300...
2024-07-20 22:56:53,908 - INFO - Allocating UMIs for gene 6400...
2024-07-20 22:56:54,674 - INFO - Allocating UMIs for gene 6500...
2024-07-20 22:56:55,458 - INFO - Allocating UMIs for gene 6600...
2024-07-20 22:56:56,244 - INFO - Allocating UMIs for gene 6700...
2024-07-20 22:56:57,036 - INFO - Allocating UMIs for gene 6800...
2024-07-20 22:56:57,828 - INFO - Allocating UMIs for gene 6900...
2024-07-20 22:56:58,630 - INFO - Allocating UMIs for gene 7000...
2024-07-20 22:56:59,425 - INFO - Allocating UMIs for gene 7100...
2024-07-20 22:57:00,225 - INFO - Allocating UMIs for gene 7200...
2024-07-20 22:57:01,029 - INFO - Allocating UMIs for gene 7300...
2024-07-20 22:57:01,831 - INFO - Allocating UMIs for gene 7400...
2024-07-20 22:57:02,758 - INFO - Allocating UMIs for gene 7500...
2024-07-20 22:57:03,551 - INFO - Allocating UMIs for gene 7600...
2024-07-20 22:57:04,336 - INFO - Allocating UMIs for gene 7700...
2024-07-20 22:57:05,122 - INFO - Allocating UMIs for gene 7800...
2024-07-20 22:57:06,030 - INFO - Allocating UMIs for gene 7900...
2024-07-20 22:57:06,836 - INFO - Allocating UMIs for gene 8000...
2024-07-20 22:57:07,724 - INFO - Allocating UMIs for gene 8100...
2024-07-20 22:57:08,493 - INFO - Allocating UMIs for gene 8200...
2024-07-20 22:57:09,294 - INFO - Allocating UMIs for gene 8300...
2024-07-20 22:57:10,086 - INFO - Allocating UMIs for gene 8400...
2024-07-20 22:57:10,863 - INFO - Allocating UMIs for gene 8500...
2024-07-20 22:57:11,652 - INFO - Allocating UMIs for gene 8600...
2024-07-20 22:57:12,448 - INFO - Allocating UMIs for gene 8700...
2024-07-20 22:57:13,251 - INFO - Allocating UMIs for gene 8800...
2024-07-20 22:57:14,056 - INFO - Allocating UMIs for gene 8900...
2024-07-20 22:57:14,839 - INFO - Allocating UMIs for gene 9000...
2024-07-20 22:57:15,639 - INFO - Allocating UMIs for gene 9100...
2024-07-20 22:57:16,438 - INFO - Allocating UMIs for gene 9200...
2024-07-20 22:57:17,230 - INFO - Allocating UMIs for gene 9300...
2024-07-20 22:57:18,021 - INFO - Allocating UMIs for gene 9400...
2024-07-20 22:57:18,817 - INFO - Allocating UMIs for gene 9500...
2024-07-20 22:57:19,614 - INFO - Allocating UMIs for gene 9600...
2024-07-20 22:57:20,399 - INFO - Allocating UMIs for gene 9700...
2024-07-20 22:57:21,189 - INFO - Allocating UMIs for gene 9800...
2024-07-20 22:57:21,973 - INFO - Allocating UMIs for gene 9900...
2024-07-20 22:57:22,765 - INFO - UMI allocation complete.
2024-07-20 22:57:22,766 - INFO - Counting overall UMI occurrences...
2024-07-20 22:57:22,779 - INFO - Counting inter-gene collisions...
2024-07-20 22:57:22,867 - INFO - Total UMIs generated: 65536
2024-07-20 22:57:22,867 - INFO - Total UMIs allocated: 60782
2024-07-20 22:57:22,867 - INFO - Number of unique UMIs assigned to genes: 39563
2024-07-20 22:57:22,867 - INFO - Inter-gene collisions: 21216
2024-07-20 22:57:22,867 - INFO - Inter-gene collision rate: 0.34905
2024-07-20 22:57:22,867 - INFO - Writing gene UMI counts to file...
2024-07-20 22:57:22,873 - INFO - Writing UMI inter-gene collisions to file...
2024-07-20 22:57:22,883 - INFO - Simulation complete.
