2024-07-20 23:00:06,069 - INFO - Simulation Script Version: 0.0.1
2024-07-20 23:00:06,071 - INFO - Simulation Parameters:
2024-07-20 23:00:06,071 - INFO - Length of UMI: 8
2024-07-20 23:00:06,071 - INFO - Number of genes: 10000
2024-07-20 23:00:06,071 - INFO - Parameters file: None
2024-07-20 23:00:06,071 - INFO - Mean (mu): 6.0
2024-07-20 23:00:06,071 - INFO - Dispersion (theta): 6.0
2024-07-20 23:00:06,071 - INFO - Use Poisson distribution: False
2024-07-20 23:00:06,071 - INFO - Gene UMI counts file: gene_10000_umi8_counts_rep8.txt
2024-07-20 23:00:06,071 - INFO - UMI collisions file: umi8_10000_collisions_rep8.txt
2024-07-20 23:00:06,071 - INFO - Seed: None
2024-07-20 23:00:06,071 - INFO - Log file: umi8_10000_rep8.log
2024-07-20 23:00:06,071 - INFO - No seed specified. Generated random seed: 3842944933
2024-07-20 23:00:06,071 - INFO - Generating all possible UMIs...
2024-07-20 23:00:06,081 - INFO - Total possible UMIs generated: 65536
2024-07-20 23:00:06,081 - INFO - Loading parameters...
2024-07-20 23:00:06,081 - INFO - Sampling read depths for each gene...
2024-07-20 23:00:06,457 - INFO - Read depths sampling complete.
2024-07-20 23:00:06,457 - INFO - Allocating UMIs based on sampled read depths...
2024-07-20 23:00:06,457 - INFO - Allocating UMIs for gene 0...
2024-07-20 23:00:07,242 - INFO - Allocating UMIs for gene 100...
2024-07-20 23:00:08,016 - INFO - Allocating UMIs for gene 200...
2024-07-20 23:00:08,777 - INFO - Allocating UMIs for gene 300...
2024-07-20 23:00:09,553 - INFO - Allocating UMIs for gene 400...
2024-07-20 23:00:10,345 - INFO - Allocating UMIs for gene 500...
2024-07-20 23:00:11,135 - INFO - Allocating UMIs for gene 600...
2024-07-20 23:00:11,925 - INFO - Allocating UMIs for gene 700...
2024-07-20 23:00:12,707 - INFO - Allocating UMIs for gene 800...
2024-07-20 23:00:13,500 - INFO - Allocating UMIs for gene 900...
2024-07-20 23:00:14,279 - INFO - Allocating UMIs for gene 1000...
2024-07-20 23:00:15,223 - INFO - Allocating UMIs for gene 1100...
2024-07-20 23:00:16,141 - INFO - Allocating UMIs for gene 1200...
2024-07-20 23:00:16,925 - INFO - Allocating UMIs for gene 1300...
2024-07-20 23:00:17,711 - INFO - Allocating UMIs for gene 1400...
2024-07-20 23:00:18,492 - INFO - Allocating UMIs for gene 1500...
2024-07-20 23:00:19,266 - INFO - Allocating UMIs for gene 1600...
2024-07-20 23:00:20,107 - INFO - Allocating UMIs for gene 1700...
2024-07-20 23:00:20,959 - INFO - Allocating UMIs for gene 1800...
2024-07-20 23:00:21,829 - INFO - Allocating UMIs for gene 1900...
2024-07-20 23:00:22,638 - INFO - Allocating UMIs for gene 2000...
2024-07-20 23:00:23,414 - INFO - Allocating UMIs for gene 2100...
2024-07-20 23:00:24,198 - INFO - Allocating UMIs for gene 2200...
2024-07-20 23:00:24,989 - INFO - Allocating UMIs for gene 2300...
2024-07-20 23:00:25,746 - INFO - Allocating UMIs for gene 2400...
2024-07-20 23:00:26,539 - INFO - Allocating UMIs for gene 2500...
2024-07-20 23:00:27,334 - INFO - Allocating UMIs for gene 2600...
2024-07-20 23:00:28,115 - INFO - Allocating UMIs for gene 2700...
2024-07-20 23:00:28,891 - INFO - Allocating UMIs for gene 2800...
2024-07-20 23:00:29,683 - INFO - Allocating UMIs for gene 2900...
2024-07-20 23:00:30,468 - INFO - Allocating UMIs for gene 3000...
2024-07-20 23:00:31,245 - INFO - Allocating UMIs for gene 3100...
2024-07-20 23:00:32,021 - INFO - Allocating UMIs for gene 3200...
2024-07-20 23:00:32,798 - INFO - Allocating UMIs for gene 3300...
2024-07-20 23:00:33,572 - INFO - Allocating UMIs for gene 3400...
2024-07-20 23:00:34,347 - INFO - Allocating UMIs for gene 3500...
2024-07-20 23:00:35,112 - INFO - Allocating UMIs for gene 3600...
2024-07-20 23:00:35,883 - INFO - Allocating UMIs for gene 3700...
2024-07-20 23:00:36,658 - INFO - Allocating UMIs for gene 3800...
2024-07-20 23:00:37,441 - INFO - Allocating UMIs for gene 3900...
2024-07-20 23:00:38,193 - INFO - Allocating UMIs for gene 4000...
2024-07-20 23:00:38,968 - INFO - Allocating UMIs for gene 4100...
2024-07-20 23:00:39,747 - INFO - Allocating UMIs for gene 4200...
2024-07-20 23:00:40,522 - INFO - Allocating UMIs for gene 4300...
2024-07-20 23:00:41,292 - INFO - Allocating UMIs for gene 4400...
2024-07-20 23:00:42,076 - INFO - Allocating UMIs for gene 4500...
2024-07-20 23:00:42,858 - INFO - Allocating UMIs for gene 4600...
2024-07-20 23:00:43,632 - INFO - Allocating UMIs for gene 4700...
2024-07-20 23:00:44,407 - INFO - Allocating UMIs for gene 4800...
2024-07-20 23:00:45,191 - INFO - Allocating UMIs for gene 4900...
2024-07-20 23:00:45,980 - INFO - Allocating UMIs for gene 5000...
2024-07-20 23:00:46,764 - INFO - Allocating UMIs for gene 5100...
2024-07-20 23:00:47,513 - INFO - Allocating UMIs for gene 5200...
2024-07-20 23:00:48,306 - INFO - Allocating UMIs for gene 5300...
2024-07-20 23:00:49,081 - INFO - Allocating UMIs for gene 5400...
2024-07-20 23:00:49,871 - INFO - Allocating UMIs for gene 5500...
2024-07-20 23:00:50,662 - INFO - Allocating UMIs for gene 5600...
2024-07-20 23:00:51,418 - INFO - Allocating UMIs for gene 5700...
2024-07-20 23:00:52,194 - INFO - Allocating UMIs for gene 5800...
2024-07-20 23:00:52,984 - INFO - Allocating UMIs for gene 5900...
2024-07-20 23:00:53,776 - INFO - Allocating UMIs for gene 6000...
2024-07-20 23:00:54,561 - INFO - Allocating UMIs for gene 6100...
2024-07-20 23:00:55,344 - INFO - Allocating UMIs for gene 6200...
2024-07-20 23:00:56,124 - INFO - Allocating UMIs for gene 6300...
2024-07-20 23:00:56,899 - INFO - Allocating UMIs for gene 6400...
2024-07-20 23:00:57,685 - INFO - Allocating UMIs for gene 6500...
2024-07-20 23:00:58,477 - INFO - Allocating UMIs for gene 6600...
2024-07-20 23:00:59,253 - INFO - Allocating UMIs for gene 6700...
2024-07-20 23:01:00,122 - INFO - Allocating UMIs for gene 6800...
2024-07-20 23:01:00,945 - INFO - Allocating UMIs for gene 6900...
2024-07-20 23:01:01,743 - INFO - Allocating UMIs for gene 7000...
2024-07-20 23:01:02,521 - INFO - Allocating UMIs for gene 7100...
2024-07-20 23:01:03,309 - INFO - Allocating UMIs for gene 7200...
2024-07-20 23:01:04,098 - INFO - Allocating UMIs for gene 7300...
2024-07-20 23:01:04,878 - INFO - Allocating UMIs for gene 7400...
2024-07-20 23:01:05,669 - INFO - Allocating UMIs for gene 7500...
2024-07-20 23:01:06,460 - INFO - Allocating UMIs for gene 7600...
2024-07-20 23:01:07,248 - INFO - Allocating UMIs for gene 7700...
2024-07-20 23:01:08,035 - INFO - Allocating UMIs for gene 7800...
2024-07-20 23:01:08,805 - INFO - Allocating UMIs for gene 7900...
2024-07-20 23:01:09,577 - INFO - Allocating UMIs for gene 8000...
2024-07-20 23:01:10,370 - INFO - Allocating UMIs for gene 8100...
2024-07-20 23:01:11,157 - INFO - Allocating UMIs for gene 8200...
2024-07-20 23:01:11,945 - INFO - Allocating UMIs for gene 8300...
2024-07-20 23:01:12,732 - INFO - Allocating UMIs for gene 8400...
2024-07-20 23:01:13,511 - INFO - Allocating UMIs for gene 8500...
2024-07-20 23:01:14,290 - INFO - Allocating UMIs for gene 8600...
2024-07-20 23:01:15,075 - INFO - Allocating UMIs for gene 8700...
2024-07-20 23:01:15,848 - INFO - Allocating UMIs for gene 8800...
2024-07-20 23:01:16,636 - INFO - Allocating UMIs for gene 8900...
2024-07-20 23:01:17,405 - INFO - Allocating UMIs for gene 9000...
2024-07-20 23:01:18,186 - INFO - Allocating UMIs for gene 9100...
2024-07-20 23:01:18,949 - INFO - Allocating UMIs for gene 9200...
2024-07-20 23:01:19,728 - INFO - Allocating UMIs for gene 9300...
2024-07-20 23:01:20,514 - INFO - Allocating UMIs for gene 9400...
2024-07-20 23:01:21,304 - INFO - Allocating UMIs for gene 9500...
2024-07-20 23:01:22,075 - INFO - Allocating UMIs for gene 9600...
2024-07-20 23:01:22,861 - INFO - Allocating UMIs for gene 9700...
2024-07-20 23:01:23,651 - INFO - Allocating UMIs for gene 9800...
2024-07-20 23:01:24,453 - INFO - Allocating UMIs for gene 9900...
2024-07-20 23:01:25,235 - INFO - UMI allocation complete.
2024-07-20 23:01:25,235 - INFO - Counting overall UMI occurrences...
2024-07-20 23:01:25,249 - INFO - Counting inter-gene collisions...
2024-07-20 23:01:25,334 - INFO - Total UMIs generated: 65536
2024-07-20 23:01:25,335 - INFO - Total UMIs allocated: 60589
2024-07-20 23:01:25,335 - INFO - Number of unique UMIs assigned to genes: 39488
2024-07-20 23:01:25,335 - INFO - Inter-gene collisions: 21096
2024-07-20 23:01:25,335 - INFO - Inter-gene collision rate: 0.34818
2024-07-20 23:01:25,335 - INFO - Writing gene UMI counts to file...
2024-07-20 23:01:25,341 - INFO - Writing UMI inter-gene collisions to file...
2024-07-20 23:01:25,349 - INFO - Simulation complete.
