2024-07-20 22:53:19,357 - INFO - Simulation Script Version: 0.0.1
2024-07-20 22:53:19,359 - INFO - Simulation Parameters:
2024-07-20 22:53:19,359 - INFO - Length of UMI: 8
2024-07-20 22:53:19,359 - INFO - Number of genes: 10000
2024-07-20 22:53:19,360 - INFO - Parameters file: None
2024-07-20 22:53:19,360 - INFO - Mean (mu): 6.0
2024-07-20 22:53:19,360 - INFO - Dispersion (theta): 6.0
2024-07-20 22:53:19,360 - INFO - Use Poisson distribution: False
2024-07-20 22:53:19,360 - INFO - Gene UMI counts file: gene_10000_umi8_counts_rep3.txt
2024-07-20 22:53:19,360 - INFO - UMI collisions file: umi8_10000_collisions_rep3.txt
2024-07-20 22:53:19,360 - INFO - Seed: None
2024-07-20 22:53:19,360 - INFO - Log file: umi8_10000_rep3.log
2024-07-20 22:53:19,360 - INFO - No seed specified. Generated random seed: 1467030449
2024-07-20 22:53:19,360 - INFO - Generating all possible UMIs...
2024-07-20 22:53:19,370 - INFO - Total possible UMIs generated: 65536
2024-07-20 22:53:19,370 - INFO - Loading parameters...
2024-07-20 22:53:19,370 - INFO - Sampling read depths for each gene...
2024-07-20 22:53:19,750 - INFO - Read depths sampling complete.
2024-07-20 22:53:19,750 - INFO - Allocating UMIs based on sampled read depths...
2024-07-20 22:53:19,750 - INFO - Allocating UMIs for gene 0...
2024-07-20 22:53:20,543 - INFO - Allocating UMIs for gene 100...
2024-07-20 22:53:21,450 - INFO - Allocating UMIs for gene 200...
2024-07-20 22:53:22,237 - INFO - Allocating UMIs for gene 300...
2024-07-20 22:53:23,224 - INFO - Allocating UMIs for gene 400...
2024-07-20 22:53:24,000 - INFO - Allocating UMIs for gene 500...
2024-07-20 22:53:24,783 - INFO - Allocating UMIs for gene 600...
2024-07-20 22:53:25,562 - INFO - Allocating UMIs for gene 700...
2024-07-20 22:53:26,339 - INFO - Allocating UMIs for gene 800...
2024-07-20 22:53:27,117 - INFO - Allocating UMIs for gene 900...
2024-07-20 22:53:27,893 - INFO - Allocating UMIs for gene 1000...
2024-07-20 22:53:28,684 - INFO - Allocating UMIs for gene 1100...
2024-07-20 22:53:29,475 - INFO - Allocating UMIs for gene 1200...
2024-07-20 22:53:30,274 - INFO - Allocating UMIs for gene 1300...
2024-07-20 22:53:31,042 - INFO - Allocating UMIs for gene 1400...
2024-07-20 22:53:31,826 - INFO - Allocating UMIs for gene 1500...
2024-07-20 22:53:32,602 - INFO - Allocating UMIs for gene 1600...
2024-07-20 22:53:33,385 - INFO - Allocating UMIs for gene 1700...
2024-07-20 22:53:34,171 - INFO - Allocating UMIs for gene 1800...
2024-07-20 22:53:34,949 - INFO - Allocating UMIs for gene 1900...
2024-07-20 22:53:35,743 - INFO - Allocating UMIs for gene 2000...
2024-07-20 22:53:36,518 - INFO - Allocating UMIs for gene 2100...
2024-07-20 22:53:37,287 - INFO - Allocating UMIs for gene 2200...
2024-07-20 22:53:38,063 - INFO - Allocating UMIs for gene 2300...
2024-07-20 22:53:38,848 - INFO - Allocating UMIs for gene 2400...
2024-07-20 22:53:39,624 - INFO - Allocating UMIs for gene 2500...
2024-07-20 22:53:40,415 - INFO - Allocating UMIs for gene 2600...
2024-07-20 22:53:41,205 - INFO - Allocating UMIs for gene 2700...
2024-07-20 22:53:41,981 - INFO - Allocating UMIs for gene 2800...
2024-07-20 22:53:42,765 - INFO - Allocating UMIs for gene 2900...
2024-07-20 22:53:43,551 - INFO - Allocating UMIs for gene 3000...
2024-07-20 22:53:44,319 - INFO - Allocating UMIs for gene 3100...
2024-07-20 22:53:45,088 - INFO - Allocating UMIs for gene 3200...
2024-07-20 22:53:45,865 - INFO - Allocating UMIs for gene 3300...
2024-07-20 22:53:46,647 - INFO - Allocating UMIs for gene 3400...
2024-07-20 22:53:47,431 - INFO - Allocating UMIs for gene 3500...
2024-07-20 22:53:48,384 - INFO - Allocating UMIs for gene 3600...
2024-07-20 22:53:49,324 - INFO - Allocating UMIs for gene 3700...
2024-07-20 22:53:50,114 - INFO - Allocating UMIs for gene 3800...
2024-07-20 22:53:51,055 - INFO - Allocating UMIs for gene 3900...
2024-07-20 22:53:51,921 - INFO - Allocating UMIs for gene 4000...
2024-07-20 22:53:52,759 - INFO - Allocating UMIs for gene 4100...
2024-07-20 22:53:53,549 - INFO - Allocating UMIs for gene 4200...
2024-07-20 22:53:54,334 - INFO - Allocating UMIs for gene 4300...
2024-07-20 22:53:55,117 - INFO - Allocating UMIs for gene 4400...
2024-07-20 22:53:55,911 - INFO - Allocating UMIs for gene 4500...
2024-07-20 22:53:56,696 - INFO - Allocating UMIs for gene 4600...
2024-07-20 22:53:57,486 - INFO - Allocating UMIs for gene 4700...
2024-07-20 22:53:58,259 - INFO - Allocating UMIs for gene 4800...
2024-07-20 22:53:59,060 - INFO - Allocating UMIs for gene 4900...
2024-07-20 22:53:59,836 - INFO - Allocating UMIs for gene 5000...
2024-07-20 22:54:00,643 - INFO - Allocating UMIs for gene 5100...
2024-07-20 22:54:01,411 - INFO - Allocating UMIs for gene 5200...
2024-07-20 22:54:02,200 - INFO - Allocating UMIs for gene 5300...
2024-07-20 22:54:03,008 - INFO - Allocating UMIs for gene 5400...
2024-07-20 22:54:03,799 - INFO - Allocating UMIs for gene 5500...
2024-07-20 22:54:04,578 - INFO - Allocating UMIs for gene 5600...
2024-07-20 22:54:05,343 - INFO - Allocating UMIs for gene 5700...
2024-07-20 22:54:06,135 - INFO - Allocating UMIs for gene 5800...
2024-07-20 22:54:06,911 - INFO - Allocating UMIs for gene 5900...
2024-07-20 22:54:07,689 - INFO - Allocating UMIs for gene 6000...
2024-07-20 22:54:08,476 - INFO - Allocating UMIs for gene 6100...
2024-07-20 22:54:09,257 - INFO - Allocating UMIs for gene 6200...
2024-07-20 22:54:10,051 - INFO - Allocating UMIs for gene 6300...
2024-07-20 22:54:10,846 - INFO - Allocating UMIs for gene 6400...
2024-07-20 22:54:11,614 - INFO - Allocating UMIs for gene 6500...
2024-07-20 22:54:12,405 - INFO - Allocating UMIs for gene 6600...
2024-07-20 22:54:13,182 - INFO - Allocating UMIs for gene 6700...
2024-07-20 22:54:13,965 - INFO - Allocating UMIs for gene 6800...
2024-07-20 22:54:14,749 - INFO - Allocating UMIs for gene 6900...
2024-07-20 22:54:15,531 - INFO - Allocating UMIs for gene 7000...
2024-07-20 22:54:16,322 - INFO - Allocating UMIs for gene 7100...
2024-07-20 22:54:17,096 - INFO - Allocating UMIs for gene 7200...
2024-07-20 22:54:17,878 - INFO - Allocating UMIs for gene 7300...
2024-07-20 22:54:18,654 - INFO - Allocating UMIs for gene 7400...
2024-07-20 22:54:19,439 - INFO - Allocating UMIs for gene 7500...
2024-07-20 22:54:20,222 - INFO - Allocating UMIs for gene 7600...
2024-07-20 22:54:21,246 - INFO - Allocating UMIs for gene 7700...
2024-07-20 22:54:22,034 - INFO - Allocating UMIs for gene 7800...
2024-07-20 22:54:22,786 - INFO - Allocating UMIs for gene 7900...
2024-07-20 22:54:23,568 - INFO - Allocating UMIs for gene 8000...
2024-07-20 22:54:24,359 - INFO - Allocating UMIs for gene 8100...
2024-07-20 22:54:25,136 - INFO - Allocating UMIs for gene 8200...
2024-07-20 22:54:25,923 - INFO - Allocating UMIs for gene 8300...
2024-07-20 22:54:26,681 - INFO - Allocating UMIs for gene 8400...
2024-07-20 22:54:27,475 - INFO - Allocating UMIs for gene 8500...
2024-07-20 22:54:28,248 - INFO - Allocating UMIs for gene 8600...
2024-07-20 22:54:29,040 - INFO - Allocating UMIs for gene 8700...
2024-07-20 22:54:29,952 - INFO - Allocating UMIs for gene 8800...
2024-07-20 22:54:30,864 - INFO - Allocating UMIs for gene 8900...
2024-07-20 22:54:31,639 - INFO - Allocating UMIs for gene 9000...
2024-07-20 22:54:32,432 - INFO - Allocating UMIs for gene 9100...
2024-07-20 22:54:33,202 - INFO - Allocating UMIs for gene 9200...
2024-07-20 22:54:33,963 - INFO - Allocating UMIs for gene 9300...
2024-07-20 22:54:34,746 - INFO - Allocating UMIs for gene 9400...
2024-07-20 22:54:35,513 - INFO - Allocating UMIs for gene 9500...
2024-07-20 22:54:36,386 - INFO - Allocating UMIs for gene 9600...
2024-07-20 22:54:37,244 - INFO - Allocating UMIs for gene 9700...
2024-07-20 22:54:38,035 - INFO - Allocating UMIs for gene 9800...
2024-07-20 22:54:38,815 - INFO - Allocating UMIs for gene 9900...
2024-07-20 22:54:39,614 - INFO - UMI allocation complete.
2024-07-20 22:54:39,614 - INFO - Counting overall UMI occurrences...
2024-07-20 22:54:39,628 - INFO - Counting inter-gene collisions...
2024-07-20 22:54:39,715 - INFO - Total UMIs generated: 65536
2024-07-20 22:54:39,715 - INFO - Total UMIs allocated: 60370
2024-07-20 22:54:39,715 - INFO - Number of unique UMIs assigned to genes: 39430
2024-07-20 22:54:39,715 - INFO - Inter-gene collisions: 20939
2024-07-20 22:54:39,715 - INFO - Inter-gene collision rate: 0.34684
2024-07-20 22:54:39,715 - INFO - Writing gene UMI counts to file...
2024-07-20 22:54:39,721 - INFO - Writing UMI inter-gene collisions to file...
2024-07-20 22:54:39,730 - INFO - Simulation complete.
