2024-07-20 23:02:45,852 - INFO - Simulation Script Version: 0.0.1
2024-07-20 23:02:45,854 - INFO - Simulation Parameters:
2024-07-20 23:02:45,854 - INFO - Length of UMI: 8
2024-07-20 23:02:45,854 - INFO - Number of genes: 10000
2024-07-20 23:02:45,854 - INFO - Parameters file: None
2024-07-20 23:02:45,854 - INFO - Mean (mu): 6.0
2024-07-20 23:02:45,854 - INFO - Dispersion (theta): 6.0
2024-07-20 23:02:45,854 - INFO - Use Poisson distribution: False
2024-07-20 23:02:45,854 - INFO - Gene UMI counts file: gene_10000_umi8_counts_rep10.txt
2024-07-20 23:02:45,854 - INFO - UMI collisions file: umi8_10000_collisions_rep10.txt
2024-07-20 23:02:45,854 - INFO - Seed: None
2024-07-20 23:02:45,854 - INFO - Log file: umi8_10000_rep10.log
2024-07-20 23:02:45,854 - INFO - No seed specified. Generated random seed: 740840813
2024-07-20 23:02:45,854 - INFO - Generating all possible UMIs...
2024-07-20 23:02:45,864 - INFO - Total possible UMIs generated: 65536
2024-07-20 23:02:45,864 - INFO - Loading parameters...
2024-07-20 23:02:45,864 - INFO - Sampling read depths for each gene...
2024-07-20 23:02:46,238 - INFO - Read depths sampling complete.
2024-07-20 23:02:46,239 - INFO - Allocating UMIs based on sampled read depths...
2024-07-20 23:02:46,239 - INFO - Allocating UMIs for gene 0...
2024-07-20 23:02:47,011 - INFO - Allocating UMIs for gene 100...
2024-07-20 23:02:47,794 - INFO - Allocating UMIs for gene 200...
2024-07-20 23:02:48,575 - INFO - Allocating UMIs for gene 300...
2024-07-20 23:02:49,354 - INFO - Allocating UMIs for gene 400...
2024-07-20 23:02:50,126 - INFO - Allocating UMIs for gene 500...
2024-07-20 23:02:50,911 - INFO - Allocating UMIs for gene 600...
2024-07-20 23:02:51,665 - INFO - Allocating UMIs for gene 700...
2024-07-20 23:02:52,456 - INFO - Allocating UMIs for gene 800...
2024-07-20 23:02:53,252 - INFO - Allocating UMIs for gene 900...
2024-07-20 23:02:54,032 - INFO - Allocating UMIs for gene 1000...
2024-07-20 23:02:54,811 - INFO - Allocating UMIs for gene 1100...
2024-07-20 23:02:55,599 - INFO - Allocating UMIs for gene 1200...
2024-07-20 23:02:56,394 - INFO - Allocating UMIs for gene 1300...
2024-07-20 23:02:57,172 - INFO - Allocating UMIs for gene 1400...
2024-07-20 23:02:57,952 - INFO - Allocating UMIs for gene 1500...
2024-07-20 23:02:58,748 - INFO - Allocating UMIs for gene 1600...
2024-07-20 23:02:59,516 - INFO - Allocating UMIs for gene 1700...
2024-07-20 23:03:00,296 - INFO - Allocating UMIs for gene 1800...
2024-07-20 23:03:01,083 - INFO - Allocating UMIs for gene 1900...
2024-07-20 23:03:01,879 - INFO - Allocating UMIs for gene 2000...
2024-07-20 23:03:02,643 - INFO - Allocating UMIs for gene 2100...
2024-07-20 23:03:03,427 - INFO - Allocating UMIs for gene 2200...
2024-07-20 23:03:04,188 - INFO - Allocating UMIs for gene 2300...
2024-07-20 23:03:04,981 - INFO - Allocating UMIs for gene 2400...
2024-07-20 23:03:05,765 - INFO - Allocating UMIs for gene 2500...
2024-07-20 23:03:06,550 - INFO - Allocating UMIs for gene 2600...
2024-07-20 23:03:07,341 - INFO - Allocating UMIs for gene 2700...
2024-07-20 23:03:08,123 - INFO - Allocating UMIs for gene 2800...
2024-07-20 23:03:08,900 - INFO - Allocating UMIs for gene 2900...
2024-07-20 23:03:09,685 - INFO - Allocating UMIs for gene 3000...
2024-07-20 23:03:10,464 - INFO - Allocating UMIs for gene 3100...
2024-07-20 23:03:11,249 - INFO - Allocating UMIs for gene 3200...
2024-07-20 23:03:12,044 - INFO - Allocating UMIs for gene 3300...
2024-07-20 23:03:12,830 - INFO - Allocating UMIs for gene 3400...
2024-07-20 23:03:13,621 - INFO - Allocating UMIs for gene 3500...
2024-07-20 23:03:14,406 - INFO - Allocating UMIs for gene 3600...
2024-07-20 23:03:15,153 - INFO - Allocating UMIs for gene 3700...
2024-07-20 23:03:15,933 - INFO - Allocating UMIs for gene 3800...
2024-07-20 23:03:16,711 - INFO - Allocating UMIs for gene 3900...
2024-07-20 23:03:17,489 - INFO - Allocating UMIs for gene 4000...
2024-07-20 23:03:18,269 - INFO - Allocating UMIs for gene 4100...
2024-07-20 23:03:19,055 - INFO - Allocating UMIs for gene 4200...
2024-07-20 23:03:19,832 - INFO - Allocating UMIs for gene 4300...
2024-07-20 23:03:20,627 - INFO - Allocating UMIs for gene 4400...
2024-07-20 23:03:21,421 - INFO - Allocating UMIs for gene 4500...
2024-07-20 23:03:22,192 - INFO - Allocating UMIs for gene 4600...
2024-07-20 23:03:22,979 - INFO - Allocating UMIs for gene 4700...
2024-07-20 23:03:23,741 - INFO - Allocating UMIs for gene 4800...
2024-07-20 23:03:24,518 - INFO - Allocating UMIs for gene 4900...
2024-07-20 23:03:25,302 - INFO - Allocating UMIs for gene 5000...
2024-07-20 23:03:26,098 - INFO - Allocating UMIs for gene 5100...
2024-07-20 23:03:26,892 - INFO - Allocating UMIs for gene 5200...
2024-07-20 23:03:27,686 - INFO - Allocating UMIs for gene 5300...
2024-07-20 23:03:28,468 - INFO - Allocating UMIs for gene 5400...
2024-07-20 23:03:29,254 - INFO - Allocating UMIs for gene 5500...
2024-07-20 23:03:30,049 - INFO - Allocating UMIs for gene 5600...
2024-07-20 23:03:30,841 - INFO - Allocating UMIs for gene 5700...
2024-07-20 23:03:31,619 - INFO - Allocating UMIs for gene 5800...
2024-07-20 23:03:32,397 - INFO - Allocating UMIs for gene 5900...
2024-07-20 23:03:33,176 - INFO - Allocating UMIs for gene 6000...
2024-07-20 23:03:34,033 - INFO - Allocating UMIs for gene 6100...
2024-07-20 23:03:34,888 - INFO - Allocating UMIs for gene 6200...
2024-07-20 23:03:35,682 - INFO - Allocating UMIs for gene 6300...
2024-07-20 23:03:36,465 - INFO - Allocating UMIs for gene 6400...
2024-07-20 23:03:37,256 - INFO - Allocating UMIs for gene 6500...
2024-07-20 23:03:38,042 - INFO - Allocating UMIs for gene 6600...
2024-07-20 23:03:38,835 - INFO - Allocating UMIs for gene 6700...
2024-07-20 23:03:39,609 - INFO - Allocating UMIs for gene 6800...
2024-07-20 23:03:40,385 - INFO - Allocating UMIs for gene 6900...
2024-07-20 23:03:41,176 - INFO - Allocating UMIs for gene 7000...
2024-07-20 23:03:41,953 - INFO - Allocating UMIs for gene 7100...
2024-07-20 23:03:42,739 - INFO - Allocating UMIs for gene 7200...
2024-07-20 23:03:43,509 - INFO - Allocating UMIs for gene 7300...
2024-07-20 23:03:44,275 - INFO - Allocating UMIs for gene 7400...
2024-07-20 23:03:45,052 - INFO - Allocating UMIs for gene 7500...
2024-07-20 23:03:45,822 - INFO - Allocating UMIs for gene 7600...
2024-07-20 23:03:46,589 - INFO - Allocating UMIs for gene 7700...
2024-07-20 23:03:47,357 - INFO - Allocating UMIs for gene 7800...
2024-07-20 23:03:48,146 - INFO - Allocating UMIs for gene 7900...
2024-07-20 23:03:48,937 - INFO - Allocating UMIs for gene 8000...
2024-07-20 23:03:49,721 - INFO - Allocating UMIs for gene 8100...
2024-07-20 23:03:50,515 - INFO - Allocating UMIs for gene 8200...
2024-07-20 23:03:51,283 - INFO - Allocating UMIs for gene 8300...
2024-07-20 23:03:52,059 - INFO - Allocating UMIs for gene 8400...
2024-07-20 23:03:52,836 - INFO - Allocating UMIs for gene 8500...
2024-07-20 23:03:53,629 - INFO - Allocating UMIs for gene 8600...
2024-07-20 23:03:54,413 - INFO - Allocating UMIs for gene 8700...
2024-07-20 23:03:55,198 - INFO - Allocating UMIs for gene 8800...
2024-07-20 23:03:55,992 - INFO - Allocating UMIs for gene 8900...
2024-07-20 23:03:56,762 - INFO - Allocating UMIs for gene 9000...
2024-07-20 23:03:57,527 - INFO - Allocating UMIs for gene 9100...
2024-07-20 23:03:58,315 - INFO - Allocating UMIs for gene 9200...
2024-07-20 23:03:59,315 - INFO - Allocating UMIs for gene 9300...
2024-07-20 23:04:00,119 - INFO - Allocating UMIs for gene 9400...
2024-07-20 23:04:00,905 - INFO - Allocating UMIs for gene 9500...
2024-07-20 23:04:01,663 - INFO - Allocating UMIs for gene 9600...
2024-07-20 23:04:02,450 - INFO - Allocating UMIs for gene 9700...
2024-07-20 23:04:03,215 - INFO - Allocating UMIs for gene 9800...
2024-07-20 23:04:04,017 - INFO - Allocating UMIs for gene 9900...
2024-07-20 23:04:04,811 - INFO - UMI allocation complete.
2024-07-20 23:04:04,811 - INFO - Counting overall UMI occurrences...
2024-07-20 23:04:04,824 - INFO - Counting inter-gene collisions...
2024-07-20 23:04:04,901 - INFO - Total UMIs generated: 65536
2024-07-20 23:04:04,901 - INFO - Total UMIs allocated: 59861
2024-07-20 23:04:04,901 - INFO - Number of unique UMIs assigned to genes: 39100
2024-07-20 23:04:04,901 - INFO - Inter-gene collisions: 20759
2024-07-20 23:04:04,901 - INFO - Inter-gene collision rate: 0.34679
2024-07-20 23:04:04,901 - INFO - Writing gene UMI counts to file...
2024-07-20 23:04:04,908 - INFO - Writing UMI inter-gene collisions to file...
2024-07-20 23:04:04,917 - INFO - Simulation complete.
