2024-07-20 22:49:50,147 - INFO - Simulation Script Version: 0.0.1
2024-07-20 22:49:50,150 - INFO - Simulation Parameters:
2024-07-20 22:49:50,150 - INFO - Length of UMI: 6
2024-07-20 22:49:50,150 - INFO - Number of genes: 4000
2024-07-20 22:49:50,150 - INFO - Parameters file: None
2024-07-20 22:49:50,150 - INFO - Mean (mu): 6.0
2024-07-20 22:49:50,150 - INFO - Dispersion (theta): 6.0
2024-07-20 22:49:50,150 - INFO - Use Poisson distribution: False
2024-07-20 22:49:50,150 - INFO - Gene UMI counts file: gene_4000_umi6_counts_rep8.txt
2024-07-20 22:49:50,150 - INFO - UMI collisions file: umi6_4000_collisions_rep8.txt
2024-07-20 22:49:50,150 - INFO - Seed: None
2024-07-20 22:49:50,150 - INFO - Log file: umi6_4000_rep8.log
2024-07-20 22:49:50,150 - INFO - No seed specified. Generated random seed: 3478768303
2024-07-20 22:49:50,150 - INFO - Generating all possible UMIs...
2024-07-20 22:49:50,151 - INFO - Total possible UMIs generated: 4096
2024-07-20 22:49:50,151 - INFO - Loading parameters...
2024-07-20 22:49:50,151 - INFO - Sampling read depths for each gene...
2024-07-20 22:49:50,297 - INFO - Read depths sampling complete.
2024-07-20 22:49:50,298 - INFO - Allocating UMIs based on sampled read depths...
2024-07-20 22:49:50,298 - INFO - Allocating UMIs for gene 0...
2024-07-20 22:49:50,461 - INFO - Allocating UMIs for gene 100...
2024-07-20 22:49:50,511 - INFO - Allocating UMIs for gene 200...
2024-07-20 22:49:50,559 - INFO - Allocating UMIs for gene 300...
2024-07-20 22:49:50,616 - INFO - Allocating UMIs for gene 400...
2024-07-20 22:49:50,670 - INFO - Allocating UMIs for gene 500...
2024-07-20 22:49:50,745 - INFO - Allocating UMIs for gene 600...
2024-07-20 22:49:50,843 - INFO - Allocating UMIs for gene 700...
2024-07-20 22:49:50,895 - INFO - Allocating UMIs for gene 800...
2024-07-20 22:49:50,949 - INFO - Allocating UMIs for gene 900...
2024-07-20 22:49:51,002 - INFO - Allocating UMIs for gene 1000...
2024-07-20 22:49:51,055 - INFO - Allocating UMIs for gene 1100...
2024-07-20 22:49:51,106 - INFO - Allocating UMIs for gene 1200...
2024-07-20 22:49:51,165 - INFO - Allocating UMIs for gene 1300...
2024-07-20 22:49:51,253 - INFO - Allocating UMIs for gene 1400...
2024-07-20 22:49:51,315 - INFO - Allocating UMIs for gene 1500...
2024-07-20 22:49:51,368 - INFO - Allocating UMIs for gene 1600...
2024-07-20 22:49:51,418 - INFO - Allocating UMIs for gene 1700...
2024-07-20 22:49:51,469 - INFO - Allocating UMIs for gene 1800...
2024-07-20 22:49:51,520 - INFO - Allocating UMIs for gene 1900...
2024-07-20 22:49:51,567 - INFO - Allocating UMIs for gene 2000...
2024-07-20 22:49:51,615 - INFO - Allocating UMIs for gene 2100...
2024-07-20 22:49:51,663 - INFO - Allocating UMIs for gene 2200...
2024-07-20 22:49:51,712 - INFO - Allocating UMIs for gene 2300...
2024-07-20 22:49:51,761 - INFO - Allocating UMIs for gene 2400...
2024-07-20 22:49:51,808 - INFO - Allocating UMIs for gene 2500...
2024-07-20 22:49:51,856 - INFO - Allocating UMIs for gene 2600...
2024-07-20 22:49:51,905 - INFO - Allocating UMIs for gene 2700...
2024-07-20 22:49:51,952 - INFO - Allocating UMIs for gene 2800...
2024-07-20 22:49:52,000 - INFO - Allocating UMIs for gene 2900...
2024-07-20 22:49:52,053 - INFO - Allocating UMIs for gene 3000...
2024-07-20 22:49:52,103 - INFO - Allocating UMIs for gene 3100...
2024-07-20 22:49:52,151 - INFO - Allocating UMIs for gene 3200...
2024-07-20 22:49:52,200 - INFO - Allocating UMIs for gene 3300...
2024-07-20 22:49:52,249 - INFO - Allocating UMIs for gene 3400...
2024-07-20 22:49:52,296 - INFO - Allocating UMIs for gene 3500...
2024-07-20 22:49:52,344 - INFO - Allocating UMIs for gene 3600...
2024-07-20 22:49:52,393 - INFO - Allocating UMIs for gene 3700...
2024-07-20 22:49:52,442 - INFO - Allocating UMIs for gene 3800...
2024-07-20 22:49:52,490 - INFO - Allocating UMIs for gene 3900...
2024-07-20 22:49:52,539 - INFO - UMI allocation complete.
2024-07-20 22:49:52,539 - INFO - Counting overall UMI occurrences...
2024-07-20 22:49:52,544 - INFO - Counting inter-gene collisions...
2024-07-20 22:49:52,552 - INFO - Total UMIs generated: 4096
2024-07-20 22:49:52,552 - INFO - Total UMIs allocated: 24007
2024-07-20 22:49:52,552 - INFO - Number of unique UMIs assigned to genes: 4086
2024-07-20 22:49:52,552 - INFO - Inter-gene collisions: 19904
2024-07-20 22:49:52,552 - INFO - Inter-gene collision rate: 0.82909
2024-07-20 22:49:52,552 - INFO - Writing gene UMI counts to file...
2024-07-20 22:49:52,557 - INFO - Writing UMI inter-gene collisions to file...
2024-07-20 22:49:52,561 - INFO - Simulation complete.
