2024-07-20 22:49:31,655 - INFO - Simulation Script Version: 0.0.1
2024-07-20 22:49:31,657 - INFO - Simulation Parameters:
2024-07-20 22:49:31,657 - INFO - Length of UMI: 6
2024-07-20 22:49:31,657 - INFO - Number of genes: 4000
2024-07-20 22:49:31,657 - INFO - Parameters file: None
2024-07-20 22:49:31,657 - INFO - Mean (mu): 6.0
2024-07-20 22:49:31,657 - INFO - Dispersion (theta): 6.0
2024-07-20 22:49:31,657 - INFO - Use Poisson distribution: False
2024-07-20 22:49:31,657 - INFO - Gene UMI counts file: gene_4000_umi6_counts_rep3.txt
2024-07-20 22:49:31,657 - INFO - UMI collisions file: umi6_4000_collisions_rep3.txt
2024-07-20 22:49:31,657 - INFO - Seed: None
2024-07-20 22:49:31,657 - INFO - Log file: umi6_4000_rep3.log
2024-07-20 22:49:31,657 - INFO - No seed specified. Generated random seed: 984702407
2024-07-20 22:49:31,657 - INFO - Generating all possible UMIs...
2024-07-20 22:49:31,658 - INFO - Total possible UMIs generated: 4096
2024-07-20 22:49:31,658 - INFO - Loading parameters...
2024-07-20 22:49:31,658 - INFO - Sampling read depths for each gene...
2024-07-20 22:49:31,810 - INFO - Read depths sampling complete.
2024-07-20 22:49:31,810 - INFO - Allocating UMIs based on sampled read depths...
2024-07-20 22:49:31,810 - INFO - Allocating UMIs for gene 0...
2024-07-20 22:49:31,860 - INFO - Allocating UMIs for gene 100...
2024-07-20 22:49:31,909 - INFO - Allocating UMIs for gene 200...
2024-07-20 22:49:31,957 - INFO - Allocating UMIs for gene 300...
2024-07-20 22:49:32,005 - INFO - Allocating UMIs for gene 400...
2024-07-20 22:49:32,052 - INFO - Allocating UMIs for gene 500...
2024-07-20 22:49:32,100 - INFO - Allocating UMIs for gene 600...
2024-07-20 22:49:32,148 - INFO - Allocating UMIs for gene 700...
2024-07-20 22:49:32,196 - INFO - Allocating UMIs for gene 800...
2024-07-20 22:49:32,244 - INFO - Allocating UMIs for gene 900...
2024-07-20 22:49:32,291 - INFO - Allocating UMIs for gene 1000...
2024-07-20 22:49:32,339 - INFO - Allocating UMIs for gene 1100...
2024-07-20 22:49:32,387 - INFO - Allocating UMIs for gene 1200...
2024-07-20 22:49:32,436 - INFO - Allocating UMIs for gene 1300...
2024-07-20 22:49:32,484 - INFO - Allocating UMIs for gene 1400...
2024-07-20 22:49:32,531 - INFO - Allocating UMIs for gene 1500...
2024-07-20 22:49:32,577 - INFO - Allocating UMIs for gene 1600...
2024-07-20 22:49:32,623 - INFO - Allocating UMIs for gene 1700...
2024-07-20 22:49:32,670 - INFO - Allocating UMIs for gene 1800...
2024-07-20 22:49:32,715 - INFO - Allocating UMIs for gene 1900...
2024-07-20 22:49:32,769 - INFO - Allocating UMIs for gene 2000...
2024-07-20 22:49:32,934 - INFO - Allocating UMIs for gene 2100...
2024-07-20 22:49:32,982 - INFO - Allocating UMIs for gene 2200...
2024-07-20 22:49:33,028 - INFO - Allocating UMIs for gene 2300...
2024-07-20 22:49:33,075 - INFO - Allocating UMIs for gene 2400...
2024-07-20 22:49:33,130 - INFO - Allocating UMIs for gene 2500...
2024-07-20 22:49:33,187 - INFO - Allocating UMIs for gene 2600...
2024-07-20 22:49:33,272 - INFO - Allocating UMIs for gene 2700...
2024-07-20 22:49:33,348 - INFO - Allocating UMIs for gene 2800...
2024-07-20 22:49:33,394 - INFO - Allocating UMIs for gene 2900...
2024-07-20 22:49:33,452 - INFO - Allocating UMIs for gene 3000...
2024-07-20 22:49:33,550 - INFO - Allocating UMIs for gene 3100...
2024-07-20 22:49:33,595 - INFO - Allocating UMIs for gene 3200...
2024-07-20 22:49:33,643 - INFO - Allocating UMIs for gene 3300...
2024-07-20 22:49:33,688 - INFO - Allocating UMIs for gene 3400...
2024-07-20 22:49:33,747 - INFO - Allocating UMIs for gene 3500...
2024-07-20 22:49:33,848 - INFO - Allocating UMIs for gene 3600...
2024-07-20 22:49:33,894 - INFO - Allocating UMIs for gene 3700...
2024-07-20 22:49:33,941 - INFO - Allocating UMIs for gene 3800...
2024-07-20 22:49:33,986 - INFO - Allocating UMIs for gene 3900...
2024-07-20 22:49:34,032 - INFO - UMI allocation complete.
2024-07-20 22:49:34,032 - INFO - Counting overall UMI occurrences...
2024-07-20 22:49:34,038 - INFO - Counting inter-gene collisions...
2024-07-20 22:49:34,047 - INFO - Total UMIs generated: 4096
2024-07-20 22:49:34,047 - INFO - Total UMIs allocated: 24042
2024-07-20 22:49:34,047 - INFO - Number of unique UMIs assigned to genes: 4086
2024-07-20 22:49:34,047 - INFO - Inter-gene collisions: 19934
2024-07-20 22:49:34,047 - INFO - Inter-gene collision rate: 0.82913
2024-07-20 22:49:34,047 - INFO - Writing gene UMI counts to file...
2024-07-20 22:49:34,051 - INFO - Writing UMI inter-gene collisions to file...
2024-07-20 22:49:34,056 - INFO - Simulation complete.
