2024-07-20 22:49:53,709 - INFO - Simulation Script Version: 0.0.1
2024-07-20 22:49:53,711 - INFO - Simulation Parameters:
2024-07-20 22:49:53,711 - INFO - Length of UMI: 6
2024-07-20 22:49:53,711 - INFO - Number of genes: 4000
2024-07-20 22:49:53,711 - INFO - Parameters file: None
2024-07-20 22:49:53,711 - INFO - Mean (mu): 6.0
2024-07-20 22:49:53,711 - INFO - Dispersion (theta): 6.0
2024-07-20 22:49:53,712 - INFO - Use Poisson distribution: False
2024-07-20 22:49:53,712 - INFO - Gene UMI counts file: gene_4000_umi6_counts_rep9.txt
2024-07-20 22:49:53,712 - INFO - UMI collisions file: umi6_4000_collisions_rep9.txt
2024-07-20 22:49:53,712 - INFO - Seed: None
2024-07-20 22:49:53,712 - INFO - Log file: umi6_4000_rep9.log
2024-07-20 22:49:53,712 - INFO - No seed specified. Generated random seed: 2551056424
2024-07-20 22:49:53,712 - INFO - Generating all possible UMIs...
2024-07-20 22:49:53,712 - INFO - Total possible UMIs generated: 4096
2024-07-20 22:49:53,712 - INFO - Loading parameters...
2024-07-20 22:49:53,712 - INFO - Sampling read depths for each gene...
2024-07-20 22:49:53,858 - INFO - Read depths sampling complete.
2024-07-20 22:49:53,858 - INFO - Allocating UMIs based on sampled read depths...
2024-07-20 22:49:53,858 - INFO - Allocating UMIs for gene 0...
2024-07-20 22:49:53,908 - INFO - Allocating UMIs for gene 100...
2024-07-20 22:49:53,963 - INFO - Allocating UMIs for gene 200...
2024-07-20 22:49:54,128 - INFO - Allocating UMIs for gene 300...
2024-07-20 22:49:54,175 - INFO - Allocating UMIs for gene 400...
2024-07-20 22:49:54,220 - INFO - Allocating UMIs for gene 500...
2024-07-20 22:49:54,266 - INFO - Allocating UMIs for gene 600...
2024-07-20 22:49:54,312 - INFO - Allocating UMIs for gene 700...
2024-07-20 22:49:54,357 - INFO - Allocating UMIs for gene 800...
2024-07-20 22:49:54,403 - INFO - Allocating UMIs for gene 900...
2024-07-20 22:49:54,448 - INFO - Allocating UMIs for gene 1000...
2024-07-20 22:49:54,640 - INFO - Allocating UMIs for gene 1100...
2024-07-20 22:49:54,685 - INFO - Allocating UMIs for gene 1200...
2024-07-20 22:49:54,732 - INFO - Allocating UMIs for gene 1300...
2024-07-20 22:49:54,778 - INFO - Allocating UMIs for gene 1400...
2024-07-20 22:49:54,824 - INFO - Allocating UMIs for gene 1500...
2024-07-20 22:49:54,869 - INFO - Allocating UMIs for gene 1600...
2024-07-20 22:49:54,915 - INFO - Allocating UMIs for gene 1700...
2024-07-20 22:49:54,962 - INFO - Allocating UMIs for gene 1800...
2024-07-20 22:49:55,008 - INFO - Allocating UMIs for gene 1900...
2024-07-20 22:49:55,059 - INFO - Allocating UMIs for gene 2000...
2024-07-20 22:49:55,106 - INFO - Allocating UMIs for gene 2100...
2024-07-20 22:49:55,151 - INFO - Allocating UMIs for gene 2200...
2024-07-20 22:49:55,197 - INFO - Allocating UMIs for gene 2300...
2024-07-20 22:49:55,243 - INFO - Allocating UMIs for gene 2400...
2024-07-20 22:49:55,289 - INFO - Allocating UMIs for gene 2500...
2024-07-20 22:49:55,335 - INFO - Allocating UMIs for gene 2600...
2024-07-20 22:49:55,382 - INFO - Allocating UMIs for gene 2700...
2024-07-20 22:49:55,428 - INFO - Allocating UMIs for gene 2800...
2024-07-20 22:49:55,475 - INFO - Allocating UMIs for gene 2900...
2024-07-20 22:49:55,521 - INFO - Allocating UMIs for gene 3000...
2024-07-20 22:49:55,567 - INFO - Allocating UMIs for gene 3100...
2024-07-20 22:49:55,613 - INFO - Allocating UMIs for gene 3200...
2024-07-20 22:49:55,664 - INFO - Allocating UMIs for gene 3300...
2024-07-20 22:49:55,715 - INFO - Allocating UMIs for gene 3400...
2024-07-20 22:49:55,777 - INFO - Allocating UMIs for gene 3500...
2024-07-20 22:49:55,869 - INFO - Allocating UMIs for gene 3600...
2024-07-20 22:49:55,914 - INFO - Allocating UMIs for gene 3700...
2024-07-20 22:49:55,961 - INFO - Allocating UMIs for gene 3800...
2024-07-20 22:49:56,007 - INFO - Allocating UMIs for gene 3900...
2024-07-20 22:49:56,053 - INFO - UMI allocation complete.
2024-07-20 22:49:56,053 - INFO - Counting overall UMI occurrences...
2024-07-20 22:49:56,059 - INFO - Counting inter-gene collisions...
2024-07-20 22:49:56,067 - INFO - Total UMIs generated: 4096
2024-07-20 22:49:56,067 - INFO - Total UMIs allocated: 23712
2024-07-20 22:49:56,067 - INFO - Number of unique UMIs assigned to genes: 4081
2024-07-20 22:49:56,067 - INFO - Inter-gene collisions: 19609
2024-07-20 22:49:56,067 - INFO - Inter-gene collision rate: 0.82697
2024-07-20 22:49:56,067 - INFO - Writing gene UMI counts to file...
2024-07-20 22:49:56,071 - INFO - Writing UMI inter-gene collisions to file...
2024-07-20 22:49:56,074 - INFO - Simulation complete.
