2024-07-20 22:49:46,765 - INFO - Simulation Script Version: 0.0.1
2024-07-20 22:49:46,767 - INFO - Simulation Parameters:
2024-07-20 22:49:46,767 - INFO - Length of UMI: 6
2024-07-20 22:49:46,767 - INFO - Number of genes: 4000
2024-07-20 22:49:46,767 - INFO - Parameters file: None
2024-07-20 22:49:46,767 - INFO - Mean (mu): 6.0
2024-07-20 22:49:46,767 - INFO - Dispersion (theta): 6.0
2024-07-20 22:49:46,767 - INFO - Use Poisson distribution: False
2024-07-20 22:49:46,767 - INFO - Gene UMI counts file: gene_4000_umi6_counts_rep7.txt
2024-07-20 22:49:46,767 - INFO - UMI collisions file: umi6_4000_collisions_rep7.txt
2024-07-20 22:49:46,767 - INFO - Seed: None
2024-07-20 22:49:46,767 - INFO - Log file: umi6_4000_rep7.log
2024-07-20 22:49:46,767 - INFO - No seed specified. Generated random seed: 1346427916
2024-07-20 22:49:46,768 - INFO - Generating all possible UMIs...
2024-07-20 22:49:46,768 - INFO - Total possible UMIs generated: 4096
2024-07-20 22:49:46,768 - INFO - Loading parameters...
2024-07-20 22:49:46,768 - INFO - Sampling read depths for each gene...
2024-07-20 22:49:46,914 - INFO - Read depths sampling complete.
2024-07-20 22:49:46,914 - INFO - Allocating UMIs based on sampled read depths...
2024-07-20 22:49:46,914 - INFO - Allocating UMIs for gene 0...
2024-07-20 22:49:46,961 - INFO - Allocating UMIs for gene 100...
2024-07-20 22:49:47,014 - INFO - Allocating UMIs for gene 200...
2024-07-20 22:49:47,063 - INFO - Allocating UMIs for gene 300...
2024-07-20 22:49:47,113 - INFO - Allocating UMIs for gene 400...
2024-07-20 22:49:47,161 - INFO - Allocating UMIs for gene 500...
2024-07-20 22:49:47,208 - INFO - Allocating UMIs for gene 600...
2024-07-20 22:49:47,256 - INFO - Allocating UMIs for gene 700...
2024-07-20 22:49:47,304 - INFO - Allocating UMIs for gene 800...
2024-07-20 22:49:47,353 - INFO - Allocating UMIs for gene 900...
2024-07-20 22:49:47,401 - INFO - Allocating UMIs for gene 1000...
2024-07-20 22:49:47,449 - INFO - Allocating UMIs for gene 1100...
2024-07-20 22:49:47,496 - INFO - Allocating UMIs for gene 1200...
2024-07-20 22:49:47,544 - INFO - Allocating UMIs for gene 1300...
2024-07-20 22:49:47,593 - INFO - Allocating UMIs for gene 1400...
2024-07-20 22:49:47,640 - INFO - Allocating UMIs for gene 1500...
2024-07-20 22:49:47,689 - INFO - Allocating UMIs for gene 1600...
2024-07-20 22:49:47,736 - INFO - Allocating UMIs for gene 1700...
2024-07-20 22:49:47,784 - INFO - Allocating UMIs for gene 1800...
2024-07-20 22:49:47,831 - INFO - Allocating UMIs for gene 1900...
2024-07-20 22:49:47,880 - INFO - Allocating UMIs for gene 2000...
2024-07-20 22:49:47,928 - INFO - Allocating UMIs for gene 2100...
2024-07-20 22:49:47,976 - INFO - Allocating UMIs for gene 2200...
2024-07-20 22:49:48,036 - INFO - Allocating UMIs for gene 2300...
2024-07-20 22:49:48,093 - INFO - Allocating UMIs for gene 2400...
2024-07-20 22:49:48,166 - INFO - Allocating UMIs for gene 2500...
2024-07-20 22:49:48,259 - INFO - Allocating UMIs for gene 2600...
2024-07-20 22:49:48,309 - INFO - Allocating UMIs for gene 2700...
2024-07-20 22:49:48,358 - INFO - Allocating UMIs for gene 2800...
2024-07-20 22:49:48,408 - INFO - Allocating UMIs for gene 2900...
2024-07-20 22:49:48,458 - INFO - Allocating UMIs for gene 3000...
2024-07-20 22:49:48,507 - INFO - Allocating UMIs for gene 3100...
2024-07-20 22:49:48,559 - INFO - Allocating UMIs for gene 3200...
2024-07-20 22:49:48,637 - INFO - Allocating UMIs for gene 3300...
2024-07-20 22:49:48,731 - INFO - Allocating UMIs for gene 3400...
2024-07-20 22:49:48,778 - INFO - Allocating UMIs for gene 3500...
2024-07-20 22:49:48,827 - INFO - Allocating UMIs for gene 3600...
2024-07-20 22:49:48,873 - INFO - Allocating UMIs for gene 3700...
2024-07-20 22:49:48,921 - INFO - Allocating UMIs for gene 3800...
2024-07-20 22:49:48,971 - INFO - Allocating UMIs for gene 3900...
2024-07-20 22:49:49,020 - INFO - UMI allocation complete.
2024-07-20 22:49:49,020 - INFO - Counting overall UMI occurrences...
2024-07-20 22:49:49,027 - INFO - Counting inter-gene collisions...
2024-07-20 22:49:49,034 - INFO - Total UMIs generated: 4096
2024-07-20 22:49:49,034 - INFO - Total UMIs allocated: 23658
2024-07-20 22:49:49,034 - INFO - Number of unique UMIs assigned to genes: 4091
2024-07-20 22:49:49,034 - INFO - Inter-gene collisions: 19551
2024-07-20 22:49:49,034 - INFO - Inter-gene collision rate: 0.82640
2024-07-20 22:49:49,034 - INFO - Writing gene UMI counts to file...
2024-07-20 22:49:49,039 - INFO - Writing UMI inter-gene collisions to file...
2024-07-20 22:49:49,043 - INFO - Simulation complete.
