2024-07-20 22:49:27,704 - INFO - Simulation Script Version: 0.0.1
2024-07-20 22:49:27,706 - INFO - Simulation Parameters:
2024-07-20 22:49:27,706 - INFO - Length of UMI: 6
2024-07-20 22:49:27,706 - INFO - Number of genes: 4000
2024-07-20 22:49:27,706 - INFO - Parameters file: None
2024-07-20 22:49:27,706 - INFO - Mean (mu): 6.0
2024-07-20 22:49:27,706 - INFO - Dispersion (theta): 6.0
2024-07-20 22:49:27,706 - INFO - Use Poisson distribution: False
2024-07-20 22:49:27,707 - INFO - Gene UMI counts file: gene_4000_umi6_counts_rep2.txt
2024-07-20 22:49:27,707 - INFO - UMI collisions file: umi6_4000_collisions_rep2.txt
2024-07-20 22:49:27,707 - INFO - Seed: None
2024-07-20 22:49:27,707 - INFO - Log file: umi6_4000_rep2.log
2024-07-20 22:49:27,707 - INFO - No seed specified. Generated random seed: 2700457914
2024-07-20 22:49:27,707 - INFO - Generating all possible UMIs...
2024-07-20 22:49:27,708 - INFO - Total possible UMIs generated: 4096
2024-07-20 22:49:27,708 - INFO - Loading parameters...
2024-07-20 22:49:27,708 - INFO - Sampling read depths for each gene...
2024-07-20 22:49:27,939 - INFO - Read depths sampling complete.
2024-07-20 22:49:27,939 - INFO - Allocating UMIs based on sampled read depths...
2024-07-20 22:49:27,939 - INFO - Allocating UMIs for gene 0...
2024-07-20 22:49:27,995 - INFO - Allocating UMIs for gene 100...
2024-07-20 22:49:28,061 - INFO - Allocating UMIs for gene 200...
2024-07-20 22:49:28,154 - INFO - Allocating UMIs for gene 300...
2024-07-20 22:49:28,203 - INFO - Allocating UMIs for gene 400...
2024-07-20 22:49:28,252 - INFO - Allocating UMIs for gene 500...
2024-07-20 22:49:28,299 - INFO - Allocating UMIs for gene 600...
2024-07-20 22:49:28,345 - INFO - Allocating UMIs for gene 700...
2024-07-20 22:49:28,392 - INFO - Allocating UMIs for gene 800...
2024-07-20 22:49:28,439 - INFO - Allocating UMIs for gene 900...
2024-07-20 22:49:28,561 - INFO - Allocating UMIs for gene 1000...
2024-07-20 22:49:28,659 - INFO - Allocating UMIs for gene 1100...
2024-07-20 22:49:28,847 - INFO - Allocating UMIs for gene 1200...
2024-07-20 22:49:28,897 - INFO - Allocating UMIs for gene 1300...
2024-07-20 22:49:28,947 - INFO - Allocating UMIs for gene 1400...
2024-07-20 22:49:29,001 - INFO - Allocating UMIs for gene 1500...
2024-07-20 22:49:29,050 - INFO - Allocating UMIs for gene 1600...
2024-07-20 22:49:29,100 - INFO - Allocating UMIs for gene 1700...
2024-07-20 22:49:29,150 - INFO - Allocating UMIs for gene 1800...
2024-07-20 22:49:29,227 - INFO - Allocating UMIs for gene 1900...
2024-07-20 22:49:29,327 - INFO - Allocating UMIs for gene 2000...
2024-07-20 22:49:29,376 - INFO - Allocating UMIs for gene 2100...
2024-07-20 22:49:29,423 - INFO - Allocating UMIs for gene 2200...
2024-07-20 22:49:29,470 - INFO - Allocating UMIs for gene 2300...
2024-07-20 22:49:29,517 - INFO - Allocating UMIs for gene 2400...
2024-07-20 22:49:29,565 - INFO - Allocating UMIs for gene 2500...
2024-07-20 22:49:29,612 - INFO - Allocating UMIs for gene 2600...
2024-07-20 22:49:29,660 - INFO - Allocating UMIs for gene 2700...
2024-07-20 22:49:29,709 - INFO - Allocating UMIs for gene 2800...
2024-07-20 22:49:29,757 - INFO - Allocating UMIs for gene 2900...
2024-07-20 22:49:29,805 - INFO - Allocating UMIs for gene 3000...
2024-07-20 22:49:29,853 - INFO - Allocating UMIs for gene 3100...
2024-07-20 22:49:29,900 - INFO - Allocating UMIs for gene 3200...
2024-07-20 22:49:29,947 - INFO - Allocating UMIs for gene 3300...
2024-07-20 22:49:29,996 - INFO - Allocating UMIs for gene 3400...
2024-07-20 22:49:30,043 - INFO - Allocating UMIs for gene 3500...
2024-07-20 22:49:30,090 - INFO - Allocating UMIs for gene 3600...
2024-07-20 22:49:30,138 - INFO - Allocating UMIs for gene 3700...
2024-07-20 22:49:30,185 - INFO - Allocating UMIs for gene 3800...
2024-07-20 22:49:30,236 - INFO - Allocating UMIs for gene 3900...
2024-07-20 22:49:30,301 - INFO - UMI allocation complete.
2024-07-20 22:49:30,302 - INFO - Counting overall UMI occurrences...
2024-07-20 22:49:30,317 - INFO - Counting inter-gene collisions...
2024-07-20 22:49:30,342 - INFO - Total UMIs generated: 4096
2024-07-20 22:49:30,342 - INFO - Total UMIs allocated: 23842
2024-07-20 22:49:30,342 - INFO - Number of unique UMIs assigned to genes: 4083
2024-07-20 22:49:30,342 - INFO - Inter-gene collisions: 19742
2024-07-20 22:49:30,342 - INFO - Inter-gene collision rate: 0.82803
2024-07-20 22:49:30,342 - INFO - Writing gene UMI counts to file...
2024-07-20 22:49:30,352 - INFO - Writing UMI inter-gene collisions to file...
2024-07-20 22:49:30,362 - INFO - Simulation complete.
