2024-07-20 22:49:35,207 - INFO - Simulation Script Version: 0.0.1
2024-07-20 22:49:35,209 - INFO - Simulation Parameters:
2024-07-20 22:49:35,210 - INFO - Length of UMI: 6
2024-07-20 22:49:35,210 - INFO - Number of genes: 4000
2024-07-20 22:49:35,210 - INFO - Parameters file: None
2024-07-20 22:49:35,210 - INFO - Mean (mu): 6.0
2024-07-20 22:49:35,210 - INFO - Dispersion (theta): 6.0
2024-07-20 22:49:35,210 - INFO - Use Poisson distribution: False
2024-07-20 22:49:35,210 - INFO - Gene UMI counts file: gene_4000_umi6_counts_rep4.txt
2024-07-20 22:49:35,210 - INFO - UMI collisions file: umi6_4000_collisions_rep4.txt
2024-07-20 22:49:35,210 - INFO - Seed: None
2024-07-20 22:49:35,210 - INFO - Log file: umi6_4000_rep4.log
2024-07-20 22:49:35,210 - INFO - No seed specified. Generated random seed: 1659677600
2024-07-20 22:49:35,210 - INFO - Generating all possible UMIs...
2024-07-20 22:49:35,211 - INFO - Total possible UMIs generated: 4096
2024-07-20 22:49:35,211 - INFO - Loading parameters...
2024-07-20 22:49:35,211 - INFO - Sampling read depths for each gene...
2024-07-20 22:49:35,402 - INFO - Read depths sampling complete.
2024-07-20 22:49:35,402 - INFO - Allocating UMIs based on sampled read depths...
2024-07-20 22:49:35,402 - INFO - Allocating UMIs for gene 0...
2024-07-20 22:49:35,517 - INFO - Allocating UMIs for gene 100...
2024-07-20 22:49:35,577 - INFO - Allocating UMIs for gene 200...
2024-07-20 22:49:35,630 - INFO - Allocating UMIs for gene 300...
2024-07-20 22:49:35,735 - INFO - Allocating UMIs for gene 400...
2024-07-20 22:49:35,787 - INFO - Allocating UMIs for gene 500...
2024-07-20 22:49:35,843 - INFO - Allocating UMIs for gene 600...
2024-07-20 22:49:36,039 - INFO - Allocating UMIs for gene 700...
2024-07-20 22:49:36,088 - INFO - Allocating UMIs for gene 800...
2024-07-20 22:49:36,136 - INFO - Allocating UMIs for gene 900...
2024-07-20 22:49:36,185 - INFO - Allocating UMIs for gene 1000...
2024-07-20 22:49:36,265 - INFO - Allocating UMIs for gene 1100...
2024-07-20 22:49:36,396 - INFO - Allocating UMIs for gene 1200...
2024-07-20 22:49:36,445 - INFO - Allocating UMIs for gene 1300...
2024-07-20 22:49:36,502 - INFO - Allocating UMIs for gene 1400...
2024-07-20 22:49:36,627 - INFO - Allocating UMIs for gene 1500...
2024-07-20 22:49:36,724 - INFO - Allocating UMIs for gene 1600...
2024-07-20 22:49:36,773 - INFO - Allocating UMIs for gene 1700...
2024-07-20 22:49:36,824 - INFO - Allocating UMIs for gene 1800...
2024-07-20 22:49:36,880 - INFO - Allocating UMIs for gene 1900...
2024-07-20 22:49:36,930 - INFO - Allocating UMIs for gene 2000...
2024-07-20 22:49:36,979 - INFO - Allocating UMIs for gene 2100...
2024-07-20 22:49:37,027 - INFO - Allocating UMIs for gene 2200...
2024-07-20 22:49:37,077 - INFO - Allocating UMIs for gene 2300...
2024-07-20 22:49:37,126 - INFO - Allocating UMIs for gene 2400...
2024-07-20 22:49:37,179 - INFO - Allocating UMIs for gene 2500...
2024-07-20 22:49:37,238 - INFO - Allocating UMIs for gene 2600...
2024-07-20 22:49:37,337 - INFO - Allocating UMIs for gene 2700...
2024-07-20 22:49:37,386 - INFO - Allocating UMIs for gene 2800...
2024-07-20 22:49:37,434 - INFO - Allocating UMIs for gene 2900...
2024-07-20 22:49:37,483 - INFO - Allocating UMIs for gene 3000...
2024-07-20 22:49:37,532 - INFO - Allocating UMIs for gene 3100...
2024-07-20 22:49:37,582 - INFO - Allocating UMIs for gene 3200...
2024-07-20 22:49:37,632 - INFO - Allocating UMIs for gene 3300...
2024-07-20 22:49:37,686 - INFO - Allocating UMIs for gene 3400...
2024-07-20 22:49:37,758 - INFO - Allocating UMIs for gene 3500...
2024-07-20 22:49:37,853 - INFO - Allocating UMIs for gene 3600...
2024-07-20 22:49:37,902 - INFO - Allocating UMIs for gene 3700...
2024-07-20 22:49:37,954 - INFO - Allocating UMIs for gene 3800...
2024-07-20 22:49:38,007 - INFO - Allocating UMIs for gene 3900...
2024-07-20 22:49:38,062 - INFO - UMI allocation complete.
2024-07-20 22:49:38,062 - INFO - Counting overall UMI occurrences...
2024-07-20 22:49:38,069 - INFO - Counting inter-gene collisions...
2024-07-20 22:49:38,078 - INFO - Total UMIs generated: 4096
2024-07-20 22:49:38,078 - INFO - Total UMIs allocated: 24214
2024-07-20 22:49:38,078 - INFO - Number of unique UMIs assigned to genes: 4084
2024-07-20 22:49:38,078 - INFO - Inter-gene collisions: 20108
2024-07-20 22:49:38,078 - INFO - Inter-gene collision rate: 0.83043
2024-07-20 22:49:38,078 - INFO - Writing gene UMI counts to file...
2024-07-20 22:49:38,082 - INFO - Writing UMI inter-gene collisions to file...
2024-07-20 22:49:38,087 - INFO - Simulation complete.
