2024-07-20 22:49:42,741 - INFO - Simulation Script Version: 0.0.1
2024-07-20 22:49:42,743 - INFO - Simulation Parameters:
2024-07-20 22:49:42,743 - INFO - Length of UMI: 6
2024-07-20 22:49:42,743 - INFO - Number of genes: 4000
2024-07-20 22:49:42,743 - INFO - Parameters file: None
2024-07-20 22:49:42,744 - INFO - Mean (mu): 6.0
2024-07-20 22:49:42,744 - INFO - Dispersion (theta): 6.0
2024-07-20 22:49:42,744 - INFO - Use Poisson distribution: False
2024-07-20 22:49:42,744 - INFO - Gene UMI counts file: gene_4000_umi6_counts_rep6.txt
2024-07-20 22:49:42,744 - INFO - UMI collisions file: umi6_4000_collisions_rep6.txt
2024-07-20 22:49:42,744 - INFO - Seed: None
2024-07-20 22:49:42,744 - INFO - Log file: umi6_4000_rep6.log
2024-07-20 22:49:42,744 - INFO - No seed specified. Generated random seed: 2615943369
2024-07-20 22:49:42,744 - INFO - Generating all possible UMIs...
2024-07-20 22:49:42,745 - INFO - Total possible UMIs generated: 4096
2024-07-20 22:49:42,745 - INFO - Loading parameters...
2024-07-20 22:49:42,745 - INFO - Sampling read depths for each gene...
2024-07-20 22:49:43,031 - INFO - Read depths sampling complete.
2024-07-20 22:49:43,031 - INFO - Allocating UMIs based on sampled read depths...
2024-07-20 22:49:43,031 - INFO - Allocating UMIs for gene 0...
2024-07-20 22:49:43,133 - INFO - Allocating UMIs for gene 100...
2024-07-20 22:49:43,190 - INFO - Allocating UMIs for gene 200...
2024-07-20 22:49:43,263 - INFO - Allocating UMIs for gene 300...
2024-07-20 22:49:43,407 - INFO - Allocating UMIs for gene 400...
2024-07-20 22:49:43,455 - INFO - Allocating UMIs for gene 500...
2024-07-20 22:49:43,505 - INFO - Allocating UMIs for gene 600...
2024-07-20 22:49:43,685 - INFO - Allocating UMIs for gene 700...
2024-07-20 22:49:43,752 - INFO - Allocating UMIs for gene 800...
2024-07-20 22:49:43,854 - INFO - Allocating UMIs for gene 900...
2024-07-20 22:49:43,907 - INFO - Allocating UMIs for gene 1000...
2024-07-20 22:49:43,956 - INFO - Allocating UMIs for gene 1100...
2024-07-20 22:49:44,145 - INFO - Allocating UMIs for gene 1200...
2024-07-20 22:49:44,194 - INFO - Allocating UMIs for gene 1300...
2024-07-20 22:49:44,244 - INFO - Allocating UMIs for gene 1400...
2024-07-20 22:49:44,292 - INFO - Allocating UMIs for gene 1500...
2024-07-20 22:49:44,346 - INFO - Allocating UMIs for gene 1600...
2024-07-20 22:49:44,452 - INFO - Allocating UMIs for gene 1700...
2024-07-20 22:49:44,506 - INFO - Allocating UMIs for gene 1800...
2024-07-20 22:49:44,558 - INFO - Allocating UMIs for gene 1900...
2024-07-20 22:49:44,606 - INFO - Allocating UMIs for gene 2000...
2024-07-20 22:49:44,657 - INFO - Allocating UMIs for gene 2100...
2024-07-20 22:49:44,705 - INFO - Allocating UMIs for gene 2200...
2024-07-20 22:49:44,753 - INFO - Allocating UMIs for gene 2300...
2024-07-20 22:49:44,801 - INFO - Allocating UMIs for gene 2400...
2024-07-20 22:49:44,849 - INFO - Allocating UMIs for gene 2500...
2024-07-20 22:49:44,896 - INFO - Allocating UMIs for gene 2600...
2024-07-20 22:49:44,945 - INFO - Allocating UMIs for gene 2700...
2024-07-20 22:49:44,993 - INFO - Allocating UMIs for gene 2800...
2024-07-20 22:49:45,041 - INFO - Allocating UMIs for gene 2900...
2024-07-20 22:49:45,089 - INFO - Allocating UMIs for gene 3000...
2024-07-20 22:49:45,137 - INFO - Allocating UMIs for gene 3100...
2024-07-20 22:49:45,186 - INFO - Allocating UMIs for gene 3200...
2024-07-20 22:49:45,234 - INFO - Allocating UMIs for gene 3300...
2024-07-20 22:49:45,282 - INFO - Allocating UMIs for gene 3400...
2024-07-20 22:49:45,338 - INFO - Allocating UMIs for gene 3500...
2024-07-20 22:49:45,527 - INFO - Allocating UMIs for gene 3600...
2024-07-20 22:49:45,574 - INFO - Allocating UMIs for gene 3700...
2024-07-20 22:49:45,622 - INFO - Allocating UMIs for gene 3800...
2024-07-20 22:49:45,670 - INFO - Allocating UMIs for gene 3900...
2024-07-20 22:49:45,716 - INFO - UMI allocation complete.
2024-07-20 22:49:45,716 - INFO - Counting overall UMI occurrences...
2024-07-20 22:49:45,722 - INFO - Counting inter-gene collisions...
2024-07-20 22:49:45,730 - INFO - Total UMIs generated: 4096
2024-07-20 22:49:45,730 - INFO - Total UMIs allocated: 23955
2024-07-20 22:49:45,730 - INFO - Number of unique UMIs assigned to genes: 4084
2024-07-20 22:49:45,730 - INFO - Inter-gene collisions: 19853
2024-07-20 22:49:45,730 - INFO - Inter-gene collision rate: 0.82876
2024-07-20 22:49:45,730 - INFO - Writing gene UMI counts to file...
2024-07-20 22:49:45,735 - INFO - Writing UMI inter-gene collisions to file...
2024-07-20 22:49:45,739 - INFO - Simulation complete.
