2024-07-20 22:49:39,453 - INFO - Simulation Script Version: 0.0.1
2024-07-20 22:49:39,455 - INFO - Simulation Parameters:
2024-07-20 22:49:39,455 - INFO - Length of UMI: 6
2024-07-20 22:49:39,455 - INFO - Number of genes: 4000
2024-07-20 22:49:39,455 - INFO - Parameters file: None
2024-07-20 22:49:39,455 - INFO - Mean (mu): 6.0
2024-07-20 22:49:39,455 - INFO - Dispersion (theta): 6.0
2024-07-20 22:49:39,455 - INFO - Use Poisson distribution: False
2024-07-20 22:49:39,455 - INFO - Gene UMI counts file: gene_4000_umi6_counts_rep5.txt
2024-07-20 22:49:39,455 - INFO - UMI collisions file: umi6_4000_collisions_rep5.txt
2024-07-20 22:49:39,455 - INFO - Seed: None
2024-07-20 22:49:39,455 - INFO - Log file: umi6_4000_rep5.log
2024-07-20 22:49:39,455 - INFO - No seed specified. Generated random seed: 2232307461
2024-07-20 22:49:39,455 - INFO - Generating all possible UMIs...
2024-07-20 22:49:39,456 - INFO - Total possible UMIs generated: 4096
2024-07-20 22:49:39,456 - INFO - Loading parameters...
2024-07-20 22:49:39,456 - INFO - Sampling read depths for each gene...
2024-07-20 22:49:39,604 - INFO - Read depths sampling complete.
2024-07-20 22:49:39,604 - INFO - Allocating UMIs based on sampled read depths...
2024-07-20 22:49:39,604 - INFO - Allocating UMIs for gene 0...
2024-07-20 22:49:39,653 - INFO - Allocating UMIs for gene 100...
2024-07-20 22:49:39,701 - INFO - Allocating UMIs for gene 200...
2024-07-20 22:49:39,750 - INFO - Allocating UMIs for gene 300...
2024-07-20 22:49:39,798 - INFO - Allocating UMIs for gene 400...
2024-07-20 22:49:39,848 - INFO - Allocating UMIs for gene 500...
2024-07-20 22:49:39,895 - INFO - Allocating UMIs for gene 600...
2024-07-20 22:49:39,945 - INFO - Allocating UMIs for gene 700...
2024-07-20 22:49:39,994 - INFO - Allocating UMIs for gene 800...
2024-07-20 22:49:40,042 - INFO - Allocating UMIs for gene 900...
2024-07-20 22:49:40,090 - INFO - Allocating UMIs for gene 1000...
2024-07-20 22:49:40,140 - INFO - Allocating UMIs for gene 1100...
2024-07-20 22:49:40,189 - INFO - Allocating UMIs for gene 1200...
2024-07-20 22:49:40,237 - INFO - Allocating UMIs for gene 1300...
2024-07-20 22:49:40,285 - INFO - Allocating UMIs for gene 1400...
2024-07-20 22:49:40,334 - INFO - Allocating UMIs for gene 1500...
2024-07-20 22:49:40,382 - INFO - Allocating UMIs for gene 1600...
2024-07-20 22:49:40,431 - INFO - Allocating UMIs for gene 1700...
2024-07-20 22:49:40,480 - INFO - Allocating UMIs for gene 1800...
2024-07-20 22:49:40,533 - INFO - Allocating UMIs for gene 1900...
2024-07-20 22:49:40,586 - INFO - Allocating UMIs for gene 2000...
2024-07-20 22:49:40,648 - INFO - Allocating UMIs for gene 2100...
2024-07-20 22:49:40,745 - INFO - Allocating UMIs for gene 2200...
2024-07-20 22:49:40,793 - INFO - Allocating UMIs for gene 2300...
2024-07-20 22:49:40,840 - INFO - Allocating UMIs for gene 2400...
2024-07-20 22:49:40,887 - INFO - Allocating UMIs for gene 2500...
2024-07-20 22:49:40,939 - INFO - Allocating UMIs for gene 2600...
2024-07-20 22:49:40,986 - INFO - Allocating UMIs for gene 2700...
2024-07-20 22:49:41,034 - INFO - Allocating UMIs for gene 2800...
2024-07-20 22:49:41,088 - INFO - Allocating UMIs for gene 2900...
2024-07-20 22:49:41,161 - INFO - Allocating UMIs for gene 3000...
2024-07-20 22:49:41,255 - INFO - Allocating UMIs for gene 3100...
2024-07-20 22:49:41,305 - INFO - Allocating UMIs for gene 3200...
2024-07-20 22:49:41,356 - INFO - Allocating UMIs for gene 3300...
2024-07-20 22:49:41,407 - INFO - Allocating UMIs for gene 3400...
2024-07-20 22:49:41,457 - INFO - Allocating UMIs for gene 3500...
2024-07-20 22:49:41,508 - INFO - Allocating UMIs for gene 3600...
2024-07-20 22:49:41,557 - INFO - Allocating UMIs for gene 3700...
2024-07-20 22:49:41,605 - INFO - Allocating UMIs for gene 3800...
2024-07-20 22:49:41,654 - INFO - Allocating UMIs for gene 3900...
2024-07-20 22:49:41,703 - INFO - UMI allocation complete.
2024-07-20 22:49:41,703 - INFO - Counting overall UMI occurrences...
2024-07-20 22:49:41,708 - INFO - Counting inter-gene collisions...
2024-07-20 22:49:41,716 - INFO - Total UMIs generated: 4096
2024-07-20 22:49:41,716 - INFO - Total UMIs allocated: 24030
2024-07-20 22:49:41,716 - INFO - Number of unique UMIs assigned to genes: 4083
2024-07-20 22:49:41,716 - INFO - Inter-gene collisions: 19923
2024-07-20 22:49:41,716 - INFO - Inter-gene collision rate: 0.82909
2024-07-20 22:49:41,717 - INFO - Writing gene UMI counts to file...
2024-07-20 22:49:41,721 - INFO - Writing UMI inter-gene collisions to file...
2024-07-20 22:49:41,726 - INFO - Simulation complete.
