2024-07-20 22:49:23,621 - INFO - Simulation Script Version: 0.0.1
2024-07-20 22:49:23,623 - INFO - Simulation Parameters:
2024-07-20 22:49:23,623 - INFO - Length of UMI: 6
2024-07-20 22:49:23,623 - INFO - Number of genes: 4000
2024-07-20 22:49:23,623 - INFO - Parameters file: None
2024-07-20 22:49:23,623 - INFO - Mean (mu): 6.0
2024-07-20 22:49:23,623 - INFO - Dispersion (theta): 6.0
2024-07-20 22:49:23,623 - INFO - Use Poisson distribution: False
2024-07-20 22:49:23,623 - INFO - Gene UMI counts file: gene_4000_umi6_counts_rep1.txt
2024-07-20 22:49:23,623 - INFO - UMI collisions file: umi6_4000_collisions.txt
2024-07-20 22:49:23,623 - INFO - Seed: None
2024-07-20 22:49:23,623 - INFO - Log file: umi6_4000_rep1.log
2024-07-20 22:49:23,623 - INFO - No seed specified. Generated random seed: 928618723
2024-07-20 22:49:23,623 - INFO - Generating all possible UMIs...
2024-07-20 22:49:23,624 - INFO - Total possible UMIs generated: 4096
2024-07-20 22:49:23,624 - INFO - Loading parameters...
2024-07-20 22:49:23,624 - INFO - Sampling read depths for each gene...
2024-07-20 22:49:23,979 - INFO - Read depths sampling complete.
2024-07-20 22:49:23,979 - INFO - Allocating UMIs based on sampled read depths...
2024-07-20 22:49:23,979 - INFO - Allocating UMIs for gene 0...
2024-07-20 22:49:24,029 - INFO - Allocating UMIs for gene 100...
2024-07-20 22:49:24,079 - INFO - Allocating UMIs for gene 200...
2024-07-20 22:49:24,129 - INFO - Allocating UMIs for gene 300...
2024-07-20 22:49:24,180 - INFO - Allocating UMIs for gene 400...
2024-07-20 22:49:24,234 - INFO - Allocating UMIs for gene 500...
2024-07-20 22:49:24,361 - INFO - Allocating UMIs for gene 600...
2024-07-20 22:49:24,498 - INFO - Allocating UMIs for gene 700...
2024-07-20 22:49:24,547 - INFO - Allocating UMIs for gene 800...
2024-07-20 22:49:24,596 - INFO - Allocating UMIs for gene 900...
2024-07-20 22:49:24,645 - INFO - Allocating UMIs for gene 1000...
2024-07-20 22:49:24,696 - INFO - Allocating UMIs for gene 1100...
2024-07-20 22:49:24,744 - INFO - Allocating UMIs for gene 1200...
2024-07-20 22:49:24,792 - INFO - Allocating UMIs for gene 1300...
2024-07-20 22:49:24,841 - INFO - Allocating UMIs for gene 1400...
2024-07-20 22:49:24,889 - INFO - Allocating UMIs for gene 1500...
2024-07-20 22:49:24,938 - INFO - Allocating UMIs for gene 1600...
2024-07-20 22:49:24,986 - INFO - Allocating UMIs for gene 1700...
2024-07-20 22:49:25,038 - INFO - Allocating UMIs for gene 1800...
2024-07-20 22:49:25,088 - INFO - Allocating UMIs for gene 1900...
2024-07-20 22:49:25,137 - INFO - Allocating UMIs for gene 2000...
2024-07-20 22:49:25,185 - INFO - Allocating UMIs for gene 2100...
2024-07-20 22:49:25,236 - INFO - Allocating UMIs for gene 2200...
2024-07-20 22:49:25,289 - INFO - Allocating UMIs for gene 2300...
2024-07-20 22:49:25,340 - INFO - Allocating UMIs for gene 2400...
2024-07-20 22:49:25,395 - INFO - Allocating UMIs for gene 2500...
2024-07-20 22:49:25,445 - INFO - Allocating UMIs for gene 2600...
2024-07-20 22:49:25,495 - INFO - Allocating UMIs for gene 2700...
2024-07-20 22:49:25,545 - INFO - Allocating UMIs for gene 2800...
2024-07-20 22:49:25,594 - INFO - Allocating UMIs for gene 2900...
2024-07-20 22:49:25,644 - INFO - Allocating UMIs for gene 3000...
2024-07-20 22:49:25,694 - INFO - Allocating UMIs for gene 3100...
2024-07-20 22:49:25,746 - INFO - Allocating UMIs for gene 3200...
2024-07-20 22:49:25,795 - INFO - Allocating UMIs for gene 3300...
2024-07-20 22:49:25,846 - INFO - Allocating UMIs for gene 3400...
2024-07-20 22:49:25,966 - INFO - Allocating UMIs for gene 3500...
2024-07-20 22:49:26,128 - INFO - Allocating UMIs for gene 3600...
2024-07-20 22:49:26,180 - INFO - Allocating UMIs for gene 3700...
2024-07-20 22:49:26,232 - INFO - Allocating UMIs for gene 3800...
2024-07-20 22:49:26,282 - INFO - Allocating UMIs for gene 3900...
2024-07-20 22:49:26,335 - INFO - UMI allocation complete.
2024-07-20 22:49:26,335 - INFO - Counting overall UMI occurrences...
2024-07-20 22:49:26,343 - INFO - Counting inter-gene collisions...
2024-07-20 22:49:26,353 - INFO - Total UMIs generated: 4096
2024-07-20 22:49:26,353 - INFO - Total UMIs allocated: 23994
2024-07-20 22:49:26,354 - INFO - Number of unique UMIs assigned to genes: 4080
2024-07-20 22:49:26,354 - INFO - Inter-gene collisions: 19897
2024-07-20 22:49:26,354 - INFO - Inter-gene collision rate: 0.82925
2024-07-20 22:49:26,354 - INFO - Writing gene UMI counts to file...
2024-07-20 22:49:26,359 - INFO - Writing UMI inter-gene collisions to file...
2024-07-20 22:49:26,364 - INFO - Simulation complete.
