2024-07-20 22:49:57,070 - INFO - Simulation Script Version: 0.0.1
2024-07-20 22:49:57,075 - INFO - Simulation Parameters:
2024-07-20 22:49:57,075 - INFO - Length of UMI: 6
2024-07-20 22:49:57,075 - INFO - Number of genes: 4000
2024-07-20 22:49:57,075 - INFO - Parameters file: None
2024-07-20 22:49:57,075 - INFO - Mean (mu): 6.0
2024-07-20 22:49:57,075 - INFO - Dispersion (theta): 6.0
2024-07-20 22:49:57,075 - INFO - Use Poisson distribution: False
2024-07-20 22:49:57,075 - INFO - Gene UMI counts file: gene_4000_umi6_counts_rep10.txt
2024-07-20 22:49:57,075 - INFO - UMI collisions file: umi6_4000_collisions_rep10.txt
2024-07-20 22:49:57,075 - INFO - Seed: None
2024-07-20 22:49:57,075 - INFO - Log file: umi6_4000_rep10.log
2024-07-20 22:49:57,075 - INFO - No seed specified. Generated random seed: 644475996
2024-07-20 22:49:57,076 - INFO - Generating all possible UMIs...
2024-07-20 22:49:57,076 - INFO - Total possible UMIs generated: 4096
2024-07-20 22:49:57,076 - INFO - Loading parameters...
2024-07-20 22:49:57,076 - INFO - Sampling read depths for each gene...
2024-07-20 22:49:57,216 - INFO - Read depths sampling complete.
2024-07-20 22:49:57,216 - INFO - Allocating UMIs based on sampled read depths...
2024-07-20 22:49:57,216 - INFO - Allocating UMIs for gene 0...
2024-07-20 22:49:57,262 - INFO - Allocating UMIs for gene 100...
2024-07-20 22:49:57,308 - INFO - Allocating UMIs for gene 200...
2024-07-20 22:49:57,355 - INFO - Allocating UMIs for gene 300...
2024-07-20 22:49:57,402 - INFO - Allocating UMIs for gene 400...
2024-07-20 22:49:57,454 - INFO - Allocating UMIs for gene 500...
2024-07-20 22:49:57,529 - INFO - Allocating UMIs for gene 600...
2024-07-20 22:49:57,667 - INFO - Allocating UMIs for gene 700...
2024-07-20 22:49:57,714 - INFO - Allocating UMIs for gene 800...
2024-07-20 22:49:57,768 - INFO - Allocating UMIs for gene 900...
2024-07-20 22:49:57,873 - INFO - Allocating UMIs for gene 1000...
2024-07-20 22:49:57,976 - INFO - Allocating UMIs for gene 1100...
2024-07-20 22:49:58,024 - INFO - Allocating UMIs for gene 1200...
2024-07-20 22:49:58,187 - INFO - Allocating UMIs for gene 1300...
2024-07-20 22:49:58,234 - INFO - Allocating UMIs for gene 1400...
2024-07-20 22:49:58,282 - INFO - Allocating UMIs for gene 1500...
2024-07-20 22:49:58,328 - INFO - Allocating UMIs for gene 1600...
2024-07-20 22:49:58,473 - INFO - Allocating UMIs for gene 1700...
2024-07-20 22:49:58,569 - INFO - Allocating UMIs for gene 1800...
2024-07-20 22:49:58,616 - INFO - Allocating UMIs for gene 1900...
2024-07-20 22:49:58,663 - INFO - Allocating UMIs for gene 2000...
2024-07-20 22:49:58,710 - INFO - Allocating UMIs for gene 2100...
2024-07-20 22:49:58,757 - INFO - Allocating UMIs for gene 2200...
2024-07-20 22:49:58,804 - INFO - Allocating UMIs for gene 2300...
2024-07-20 22:49:58,850 - INFO - Allocating UMIs for gene 2400...
2024-07-20 22:49:58,897 - INFO - Allocating UMIs for gene 2500...
2024-07-20 22:49:58,943 - INFO - Allocating UMIs for gene 2600...
2024-07-20 22:49:58,989 - INFO - Allocating UMIs for gene 2700...
2024-07-20 22:49:59,036 - INFO - Allocating UMIs for gene 2800...
2024-07-20 22:49:59,081 - INFO - Allocating UMIs for gene 2900...
2024-07-20 22:49:59,127 - INFO - Allocating UMIs for gene 3000...
2024-07-20 22:49:59,174 - INFO - Allocating UMIs for gene 3100...
2024-07-20 22:49:59,220 - INFO - Allocating UMIs for gene 3200...
2024-07-20 22:49:59,266 - INFO - Allocating UMIs for gene 3300...
2024-07-20 22:49:59,313 - INFO - Allocating UMIs for gene 3400...
2024-07-20 22:49:59,361 - INFO - Allocating UMIs for gene 3500...
2024-07-20 22:49:59,409 - INFO - Allocating UMIs for gene 3600...
2024-07-20 22:49:59,456 - INFO - Allocating UMIs for gene 3700...
2024-07-20 22:49:59,504 - INFO - Allocating UMIs for gene 3800...
2024-07-20 22:49:59,552 - INFO - Allocating UMIs for gene 3900...
2024-07-20 22:49:59,601 - INFO - UMI allocation complete.
2024-07-20 22:49:59,601 - INFO - Counting overall UMI occurrences...
2024-07-20 22:49:59,607 - INFO - Counting inter-gene collisions...
2024-07-20 22:49:59,614 - INFO - Total UMIs generated: 4096
2024-07-20 22:49:59,614 - INFO - Total UMIs allocated: 23848
2024-07-20 22:49:59,614 - INFO - Number of unique UMIs assigned to genes: 4081
2024-07-20 22:49:59,614 - INFO - Inter-gene collisions: 19755
2024-07-20 22:49:59,614 - INFO - Inter-gene collision rate: 0.82837
2024-07-20 22:49:59,614 - INFO - Writing gene UMI counts to file...
2024-07-20 22:49:59,709 - INFO - Writing UMI inter-gene collisions to file...
2024-07-20 22:49:59,714 - INFO - Simulation complete.
