2024-07-20 22:57:03,379 - INFO - Simulation Script Version: 0.0.2
2024-07-20 22:57:03,388 - INFO - Simulation Parameters:
2024-07-20 22:57:03,388 - INFO - Length of UMI: 10
2024-07-20 22:57:03,388 - INFO - Number of genes: 10000
2024-07-20 22:57:03,388 - INFO - Parameters file: None
2024-07-20 22:57:03,388 - INFO - Mean (mu): 6.0
2024-07-20 22:57:03,388 - INFO - Dispersion (theta): 6.0
2024-07-20 22:57:03,388 - INFO - Use Poisson distribution: False
2024-07-20 22:57:03,388 - INFO - Gene UMI counts file: gene_10000_umi16_counts_rep2.txt
2024-07-20 22:57:03,388 - INFO - UMI collisions file: umi16_10000_collisions_rep2.txt
2024-07-20 22:57:03,388 - INFO - Seed: None
2024-07-20 22:57:03,388 - INFO - Log file: umi16_10000_rep2.log
2024-07-20 22:57:03,388 - INFO - UMI file: /varidata/research/projects/shen/projects/2024_Bens_swan_song/src/umi_collisions/umi_16.txt
2024-07-20 22:57:03,388 - INFO - No seed specified. Generated random seed: 845937273
2024-07-20 22:57:03,388 - INFO - Using UMIs from file: /varidata/research/projects/shen/projects/2024_Bens_swan_song/src/umi_collisions/umi_16.txt
2024-07-20 23:02:08,131 - INFO - Total UMIs loaded: 4294967296
2024-07-20 23:02:08,131 - INFO - Loading parameters...
2024-07-20 23:02:08,131 - INFO - Sampling read depths for each gene...
2024-07-20 23:02:08,477 - INFO - Read depths sampling complete.
2024-07-20 23:02:08,477 - INFO - Allocating UMIs based on sampled read depths...
2024-07-20 23:02:08,477 - INFO - Allocating UMIs for gene 0...
2024-07-20 23:02:08,529 - INFO - Allocating UMIs for gene 100...
2024-07-20 23:02:08,647 - INFO - Allocating UMIs for gene 200...
2024-07-20 23:02:08,775 - INFO - Allocating UMIs for gene 300...
2024-07-20 23:02:08,816 - INFO - Allocating UMIs for gene 400...
2024-07-20 23:02:08,894 - INFO - Allocating UMIs for gene 500...
2024-07-20 23:02:09,024 - INFO - Allocating UMIs for gene 600...
2024-07-20 23:02:09,177 - INFO - Allocating UMIs for gene 700...
2024-07-20 23:02:09,257 - INFO - Allocating UMIs for gene 800...
2024-07-20 23:02:09,417 - INFO - Allocating UMIs for gene 900...
2024-07-20 23:02:09,534 - INFO - Allocating UMIs for gene 1000...
2024-07-20 23:02:09,605 - INFO - Allocating UMIs for gene 1100...
2024-07-20 23:02:09,695 - INFO - Allocating UMIs for gene 1200...
2024-07-20 23:02:09,751 - INFO - Allocating UMIs for gene 1300...
2024-07-20 23:02:09,807 - INFO - Allocating UMIs for gene 1400...
2024-07-20 23:02:09,907 - INFO - Allocating UMIs for gene 1500...
2024-07-20 23:02:10,026 - INFO - Allocating UMIs for gene 1600...
2024-07-20 23:02:10,170 - INFO - Allocating UMIs for gene 1700...
2024-07-20 23:02:10,247 - INFO - Allocating UMIs for gene 1800...
2024-07-20 23:02:10,278 - INFO - Allocating UMIs for gene 1900...
2024-07-20 23:02:10,385 - INFO - Allocating UMIs for gene 2000...
2024-07-20 23:02:10,517 - INFO - Allocating UMIs for gene 2100...
2024-07-20 23:02:10,579 - INFO - Allocating UMIs for gene 2200...
2024-07-20 23:02:10,648 - INFO - Allocating UMIs for gene 2300...
2024-07-20 23:02:10,776 - INFO - Allocating UMIs for gene 2400...
2024-07-20 23:02:10,813 - INFO - Allocating UMIs for gene 2500...
2024-07-20 23:02:10,875 - INFO - Allocating UMIs for gene 2600...
2024-07-20 23:02:10,964 - INFO - Allocating UMIs for gene 2700...
2024-07-20 23:02:11,020 - INFO - Allocating UMIs for gene 2800...
2024-07-20 23:02:11,146 - INFO - Allocating UMIs for gene 2900...
2024-07-20 23:02:11,212 - INFO - Allocating UMIs for gene 3000...
2024-07-20 23:02:11,316 - INFO - Allocating UMIs for gene 3100...
2024-07-20 23:02:11,408 - INFO - Allocating UMIs for gene 3200...
2024-07-20 23:02:11,469 - INFO - Allocating UMIs for gene 3300...
2024-07-20 23:02:11,556 - INFO - Allocating UMIs for gene 3400...
2024-07-20 23:02:11,625 - INFO - Allocating UMIs for gene 3500...
2024-07-20 23:02:11,732 - INFO - Allocating UMIs for gene 3600...
2024-07-20 23:02:11,794 - INFO - Allocating UMIs for gene 3700...
2024-07-20 23:02:11,849 - INFO - Allocating UMIs for gene 3800...
2024-07-20 23:02:11,969 - INFO - Allocating UMIs for gene 3900...
2024-07-20 23:02:12,070 - INFO - Allocating UMIs for gene 4000...
2024-07-20 23:02:12,173 - INFO - Allocating UMIs for gene 4100...
2024-07-20 23:02:12,279 - INFO - Allocating UMIs for gene 4200...
2024-07-20 23:02:12,362 - INFO - Allocating UMIs for gene 4300...
2024-07-20 23:02:12,451 - INFO - Allocating UMIs for gene 4400...
2024-07-20 23:02:12,557 - INFO - Allocating UMIs for gene 4500...
2024-07-20 23:02:12,706 - INFO - Allocating UMIs for gene 4600...
2024-07-20 23:02:12,874 - INFO - Allocating UMIs for gene 4700...
2024-07-20 23:02:12,989 - INFO - Allocating UMIs for gene 4800...
2024-07-20 23:02:13,162 - INFO - Allocating UMIs for gene 4900...
2024-07-20 23:02:13,367 - INFO - Allocating UMIs for gene 5000...
2024-07-20 23:02:13,489 - INFO - Allocating UMIs for gene 5100...
2024-07-20 23:02:13,570 - INFO - Allocating UMIs for gene 5200...
2024-07-20 23:02:13,679 - INFO - Allocating UMIs for gene 5300...
2024-07-20 23:02:13,797 - INFO - Allocating UMIs for gene 5400...
2024-07-20 23:02:13,926 - INFO - Allocating UMIs for gene 5500...
2024-07-20 23:02:14,006 - INFO - Allocating UMIs for gene 5600...
2024-07-20 23:02:14,067 - INFO - Allocating UMIs for gene 5700...
2024-07-20 23:02:14,180 - INFO - Allocating UMIs for gene 5800...
2024-07-20 23:02:14,272 - INFO - Allocating UMIs for gene 5900...
2024-07-20 23:02:14,342 - INFO - Allocating UMIs for gene 6000...
2024-07-20 23:02:14,453 - INFO - Allocating UMIs for gene 6100...
2024-07-20 23:02:14,497 - INFO - Allocating UMIs for gene 6200...
2024-07-20 23:02:14,636 - INFO - Allocating UMIs for gene 6300...
2024-07-20 23:02:14,738 - INFO - Allocating UMIs for gene 6400...
2024-07-20 23:02:14,812 - INFO - Allocating UMIs for gene 6500...
2024-07-20 23:02:15,011 - INFO - Allocating UMIs for gene 6600...
2024-07-20 23:02:15,149 - INFO - Allocating UMIs for gene 6700...
2024-07-20 23:02:15,284 - INFO - Allocating UMIs for gene 6800...
2024-07-20 23:02:15,417 - INFO - Allocating UMIs for gene 6900...
2024-07-20 23:02:15,550 - INFO - Allocating UMIs for gene 7000...
2024-07-20 23:02:15,671 - INFO - Allocating UMIs for gene 7100...
2024-07-20 23:02:15,840 - INFO - Allocating UMIs for gene 7200...
2024-07-20 23:02:15,934 - INFO - Allocating UMIs for gene 7300...
2024-07-20 23:02:16,007 - INFO - Allocating UMIs for gene 7400...
2024-07-20 23:02:16,173 - INFO - Allocating UMIs for gene 7500...
2024-07-20 23:02:16,255 - INFO - Allocating UMIs for gene 7600...
2024-07-20 23:02:16,382 - INFO - Allocating UMIs for gene 7700...
2024-07-20 23:02:16,504 - INFO - Allocating UMIs for gene 7800...
2024-07-20 23:02:16,610 - INFO - Allocating UMIs for gene 7900...
2024-07-20 23:02:16,775 - INFO - Allocating UMIs for gene 8000...
2024-07-20 23:02:16,871 - INFO - Allocating UMIs for gene 8100...
2024-07-20 23:02:17,001 - INFO - Allocating UMIs for gene 8200...
2024-07-20 23:02:17,113 - INFO - Allocating UMIs for gene 8300...
2024-07-20 23:02:17,228 - INFO - Allocating UMIs for gene 8400...
2024-07-20 23:02:17,298 - INFO - Allocating UMIs for gene 8500...
2024-07-20 23:02:17,403 - INFO - Allocating UMIs for gene 8600...
2024-07-20 23:02:17,547 - INFO - Allocating UMIs for gene 8700...
2024-07-20 23:02:17,627 - INFO - Allocating UMIs for gene 8800...
2024-07-20 23:02:17,742 - INFO - Allocating UMIs for gene 8900...
2024-07-20 23:02:17,858 - INFO - Allocating UMIs for gene 9000...
2024-07-20 23:02:17,949 - INFO - Allocating UMIs for gene 9100...
2024-07-20 23:02:18,062 - INFO - Allocating UMIs for gene 9200...
2024-07-20 23:02:18,178 - INFO - Allocating UMIs for gene 9300...
2024-07-20 23:02:18,256 - INFO - Allocating UMIs for gene 9400...
2024-07-20 23:02:18,373 - INFO - Allocating UMIs for gene 9500...
2024-07-20 23:02:18,492 - INFO - Allocating UMIs for gene 9600...
2024-07-20 23:02:18,639 - INFO - Allocating UMIs for gene 9700...
2024-07-20 23:02:18,816 - INFO - Allocating UMIs for gene 9800...
2024-07-20 23:02:18,919 - INFO - Allocating UMIs for gene 9900...
2024-07-20 23:02:19,060 - INFO - UMI allocation complete.
2024-07-20 23:02:19,060 - INFO - Counting overall UMI occurrences...
2024-07-20 23:02:19,069 - INFO - Counting inter-gene collisions...
2024-07-20 23:02:19,143 - INFO - Total UMIs allocated: 60577
2024-07-20 23:02:19,143 - INFO - Number of unique UMIs assigned to genes: 60575
2024-07-20 23:02:19,143 - INFO - Inter-gene collisions: 2
2024-07-20 23:02:19,143 - INFO - Inter-gene collision rate: 0.00003
2024-07-20 23:02:19,143 - INFO - Writing gene UMI counts to file...
2024-07-20 23:02:19,171 - INFO - Writing UMI inter-gene collisions to file...
2024-07-20 23:02:19,175 - INFO - Simulation complete.
