2024-07-20 23:22:32,391 - INFO - Simulation Script Version: 0.0.2
2024-07-20 23:22:32,393 - INFO - Simulation Parameters:
2024-07-20 23:22:32,393 - INFO - Length of UMI: 10
2024-07-20 23:22:32,393 - INFO - Number of genes: 10000
2024-07-20 23:22:32,393 - INFO - Parameters file: None
2024-07-20 23:22:32,393 - INFO - Mean (mu): 6.0
2024-07-20 23:22:32,393 - INFO - Dispersion (theta): 6.0
2024-07-20 23:22:32,393 - INFO - Use Poisson distribution: False
2024-07-20 23:22:32,393 - INFO - Gene UMI counts file: gene_10000_umi16_counts_rep7.txt
2024-07-20 23:22:32,393 - INFO - UMI collisions file: umi16_10000_collisions_rep7.txt
2024-07-20 23:22:32,393 - INFO - Seed: None
2024-07-20 23:22:32,393 - INFO - Log file: umi16_10000_rep7.log
2024-07-20 23:22:32,393 - INFO - UMI file: /varidata/research/projects/shen/projects/2024_Bens_swan_song/src/umi_collisions/umi_16.txt
2024-07-20 23:22:32,394 - INFO - No seed specified. Generated random seed: 3197940572
2024-07-20 23:22:32,394 - INFO - Using UMIs from file: /varidata/research/projects/shen/projects/2024_Bens_swan_song/src/umi_collisions/umi_16.txt
2024-07-20 23:27:20,459 - INFO - Total UMIs loaded: 4294967296
2024-07-20 23:27:20,459 - INFO - Loading parameters...
2024-07-20 23:27:20,459 - INFO - Sampling read depths for each gene...
2024-07-20 23:27:20,805 - INFO - Read depths sampling complete.
2024-07-20 23:27:20,805 - INFO - Allocating UMIs based on sampled read depths...
2024-07-20 23:27:20,805 - INFO - Allocating UMIs for gene 0...
2024-07-20 23:27:20,835 - INFO - Allocating UMIs for gene 100...
2024-07-20 23:27:20,899 - INFO - Allocating UMIs for gene 200...
2024-07-20 23:27:20,980 - INFO - Allocating UMIs for gene 300...
2024-07-20 23:27:21,217 - INFO - Allocating UMIs for gene 400...
2024-07-20 23:27:21,268 - INFO - Allocating UMIs for gene 500...
2024-07-20 23:27:21,318 - INFO - Allocating UMIs for gene 600...
2024-07-20 23:27:21,446 - INFO - Allocating UMIs for gene 700...
2024-07-20 23:27:21,537 - INFO - Allocating UMIs for gene 800...
2024-07-20 23:27:21,687 - INFO - Allocating UMIs for gene 900...
2024-07-20 23:27:21,758 - INFO - Allocating UMIs for gene 1000...
2024-07-20 23:27:21,869 - INFO - Allocating UMIs for gene 1100...
2024-07-20 23:27:21,954 - INFO - Allocating UMIs for gene 1200...
2024-07-20 23:27:22,036 - INFO - Allocating UMIs for gene 1300...
2024-07-20 23:27:22,125 - INFO - Allocating UMIs for gene 1400...
2024-07-20 23:27:22,263 - INFO - Allocating UMIs for gene 1500...
2024-07-20 23:27:22,491 - INFO - Allocating UMIs for gene 1600...
2024-07-20 23:27:22,682 - INFO - Allocating UMIs for gene 1700...
2024-07-20 23:27:22,782 - INFO - Allocating UMIs for gene 1800...
2024-07-20 23:27:22,897 - INFO - Allocating UMIs for gene 1900...
2024-07-20 23:27:23,069 - INFO - Allocating UMIs for gene 2000...
2024-07-20 23:27:23,122 - INFO - Allocating UMIs for gene 2100...
2024-07-20 23:27:23,275 - INFO - Allocating UMIs for gene 2200...
2024-07-20 23:27:23,389 - INFO - Allocating UMIs for gene 2300...
2024-07-20 23:27:23,442 - INFO - Allocating UMIs for gene 2400...
2024-07-20 23:27:23,532 - INFO - Allocating UMIs for gene 2500...
2024-07-20 23:27:23,636 - INFO - Allocating UMIs for gene 2600...
2024-07-20 23:27:23,736 - INFO - Allocating UMIs for gene 2700...
2024-07-20 23:27:23,844 - INFO - Allocating UMIs for gene 2800...
2024-07-20 23:27:23,934 - INFO - Allocating UMIs for gene 2900...
2024-07-20 23:27:24,045 - INFO - Allocating UMIs for gene 3000...
2024-07-20 23:27:24,265 - INFO - Allocating UMIs for gene 3100...
2024-07-20 23:27:24,429 - INFO - Allocating UMIs for gene 3200...
2024-07-20 23:27:24,527 - INFO - Allocating UMIs for gene 3300...
2024-07-20 23:27:24,732 - INFO - Allocating UMIs for gene 3400...
2024-07-20 23:27:24,867 - INFO - Allocating UMIs for gene 3500...
2024-07-20 23:27:25,015 - INFO - Allocating UMIs for gene 3600...
2024-07-20 23:27:25,160 - INFO - Allocating UMIs for gene 3700...
2024-07-20 23:27:25,311 - INFO - Allocating UMIs for gene 3800...
2024-07-20 23:27:25,438 - INFO - Allocating UMIs for gene 3900...
2024-07-20 23:27:25,574 - INFO - Allocating UMIs for gene 4000...
2024-07-20 23:27:25,762 - INFO - Allocating UMIs for gene 4100...
2024-07-20 23:27:25,878 - INFO - Allocating UMIs for gene 4200...
2024-07-20 23:27:26,011 - INFO - Allocating UMIs for gene 4300...
2024-07-20 23:27:26,195 - INFO - Allocating UMIs for gene 4400...
2024-07-20 23:27:26,379 - INFO - Allocating UMIs for gene 4500...
2024-07-20 23:27:26,508 - INFO - Allocating UMIs for gene 4600...
2024-07-20 23:27:26,742 - INFO - Allocating UMIs for gene 4700...
2024-07-20 23:27:26,978 - INFO - Allocating UMIs for gene 4800...
2024-07-20 23:27:27,077 - INFO - Allocating UMIs for gene 4900...
2024-07-20 23:27:27,318 - INFO - Allocating UMIs for gene 5000...
2024-07-20 23:27:27,469 - INFO - Allocating UMIs for gene 5100...
2024-07-20 23:27:27,644 - INFO - Allocating UMIs for gene 5200...
2024-07-20 23:27:27,763 - INFO - Allocating UMIs for gene 5300...
2024-07-20 23:27:27,981 - INFO - Allocating UMIs for gene 5400...
2024-07-20 23:27:28,156 - INFO - Allocating UMIs for gene 5500...
2024-07-20 23:27:28,333 - INFO - Allocating UMIs for gene 5600...
2024-07-20 23:27:28,570 - INFO - Allocating UMIs for gene 5700...
2024-07-20 23:27:28,839 - INFO - Allocating UMIs for gene 5800...
2024-07-20 23:27:28,933 - INFO - Allocating UMIs for gene 5900...
2024-07-20 23:27:29,269 - INFO - Allocating UMIs for gene 6000...
2024-07-20 23:27:29,476 - INFO - Allocating UMIs for gene 6100...
2024-07-20 23:27:29,649 - INFO - Allocating UMIs for gene 6200...
2024-07-20 23:27:29,835 - INFO - Allocating UMIs for gene 6300...
2024-07-20 23:27:30,055 - INFO - Allocating UMIs for gene 6400...
2024-07-20 23:27:30,252 - INFO - Allocating UMIs for gene 6500...
2024-07-20 23:27:30,458 - INFO - Allocating UMIs for gene 6600...
2024-07-20 23:27:30,730 - INFO - Allocating UMIs for gene 6700...
2024-07-20 23:27:30,911 - INFO - Allocating UMIs for gene 6800...
2024-07-20 23:27:31,127 - INFO - Allocating UMIs for gene 6900...
2024-07-20 23:27:31,368 - INFO - Allocating UMIs for gene 7000...
2024-07-20 23:27:31,582 - INFO - Allocating UMIs for gene 7100...
2024-07-20 23:27:31,857 - INFO - Allocating UMIs for gene 7200...
2024-07-20 23:27:32,198 - INFO - Allocating UMIs for gene 7300...
2024-07-20 23:27:32,411 - INFO - Allocating UMIs for gene 7400...
2024-07-20 23:27:32,577 - INFO - Allocating UMIs for gene 7500...
2024-07-20 23:27:32,792 - INFO - Allocating UMIs for gene 7600...
2024-07-20 23:27:32,993 - INFO - Allocating UMIs for gene 7700...
2024-07-20 23:27:33,271 - INFO - Allocating UMIs for gene 7800...
2024-07-20 23:27:33,570 - INFO - Allocating UMIs for gene 7900...
2024-07-20 23:27:33,795 - INFO - Allocating UMIs for gene 8000...
2024-07-20 23:27:33,979 - INFO - Allocating UMIs for gene 8100...
2024-07-20 23:27:34,233 - INFO - Allocating UMIs for gene 8200...
2024-07-20 23:27:34,411 - INFO - Allocating UMIs for gene 8300...
2024-07-20 23:27:34,682 - INFO - Allocating UMIs for gene 8400...
2024-07-20 23:27:34,991 - INFO - Allocating UMIs for gene 8500...
2024-07-20 23:27:35,438 - INFO - Allocating UMIs for gene 8600...
2024-07-20 23:27:35,722 - INFO - Allocating UMIs for gene 8700...
2024-07-20 23:27:36,017 - INFO - Allocating UMIs for gene 8800...
2024-07-20 23:27:36,298 - INFO - Allocating UMIs for gene 8900...
2024-07-20 23:27:36,553 - INFO - Allocating UMIs for gene 9000...
2024-07-20 23:27:36,896 - INFO - Allocating UMIs for gene 9100...
2024-07-20 23:27:37,188 - INFO - Allocating UMIs for gene 9200...
2024-07-20 23:27:37,452 - INFO - Allocating UMIs for gene 9300...
2024-07-20 23:27:37,700 - INFO - Allocating UMIs for gene 9400...
2024-07-20 23:27:38,100 - INFO - Allocating UMIs for gene 9500...
2024-07-20 23:27:38,371 - INFO - Allocating UMIs for gene 9600...
2024-07-20 23:27:38,570 - INFO - Allocating UMIs for gene 9700...
2024-07-20 23:27:38,791 - INFO - Allocating UMIs for gene 9800...
2024-07-20 23:27:39,027 - INFO - Allocating UMIs for gene 9900...
2024-07-20 23:27:39,238 - INFO - UMI allocation complete.
2024-07-20 23:27:39,238 - INFO - Counting overall UMI occurrences...
2024-07-20 23:27:39,247 - INFO - Counting inter-gene collisions...
2024-07-20 23:27:39,321 - INFO - Total UMIs allocated: 59979
2024-07-20 23:27:39,321 - INFO - Number of unique UMIs assigned to genes: 59978
2024-07-20 23:27:39,321 - INFO - Inter-gene collisions: 1
2024-07-20 23:27:39,321 - INFO - Inter-gene collision rate: 0.00002
2024-07-20 23:27:39,321 - INFO - Writing gene UMI counts to file...
2024-07-20 23:27:39,347 - INFO - Writing UMI inter-gene collisions to file...
2024-07-20 23:27:39,351 - INFO - Simulation complete.
