2024-07-20 22:51:45,019 - INFO - Simulation Script Version: 0.0.2
2024-07-20 22:51:45,022 - INFO - Simulation Parameters:
2024-07-20 22:51:45,022 - INFO - Length of UMI: 10
2024-07-20 22:51:45,022 - INFO - Number of genes: 10000
2024-07-20 22:51:45,022 - INFO - Parameters file: None
2024-07-20 22:51:45,022 - INFO - Mean (mu): 6.0
2024-07-20 22:51:45,022 - INFO - Dispersion (theta): 6.0
2024-07-20 22:51:45,022 - INFO - Use Poisson distribution: False
2024-07-20 22:51:45,022 - INFO - Gene UMI counts file: gene_10000_umi16_counts_rep1.txt
2024-07-20 22:51:45,022 - INFO - UMI collisions file: umi16_10000_collisions.txt
2024-07-20 22:51:45,022 - INFO - Seed: None
2024-07-20 22:51:45,022 - INFO - Log file: umi16_10000_rep1.log
2024-07-20 22:51:45,022 - INFO - UMI file: /varidata/research/projects/shen/projects/2024_Bens_swan_song/src/umi_collisions/umi_16.txt
2024-07-20 22:51:45,022 - INFO - No seed specified. Generated random seed: 3003144727
2024-07-20 22:51:45,022 - INFO - Using UMIs from file: /varidata/research/projects/shen/projects/2024_Bens_swan_song/src/umi_collisions/umi_16.txt
2024-07-20 22:56:13,594 - INFO - Total UMIs loaded: 4294967296
2024-07-20 22:56:13,594 - INFO - Loading parameters...
2024-07-20 22:56:13,595 - INFO - Sampling read depths for each gene...
2024-07-20 22:56:13,939 - INFO - Read depths sampling complete.
2024-07-20 22:56:13,939 - INFO - Allocating UMIs based on sampled read depths...
2024-07-20 22:56:13,939 - INFO - Allocating UMIs for gene 0...
2024-07-20 22:56:14,096 - INFO - Allocating UMIs for gene 100...
2024-07-20 22:56:14,256 - INFO - Allocating UMIs for gene 200...
2024-07-20 22:56:14,361 - INFO - Allocating UMIs for gene 300...
2024-07-20 22:56:14,582 - INFO - Allocating UMIs for gene 400...
2024-07-20 22:56:14,822 - INFO - Allocating UMIs for gene 500...
2024-07-20 22:56:15,006 - INFO - Allocating UMIs for gene 600...
2024-07-20 22:56:15,156 - INFO - Allocating UMIs for gene 700...
2024-07-20 22:56:15,482 - INFO - Allocating UMIs for gene 800...
2024-07-20 22:56:15,733 - INFO - Allocating UMIs for gene 900...
2024-07-20 22:56:16,085 - INFO - Allocating UMIs for gene 1000...
2024-07-20 22:56:16,228 - INFO - Allocating UMIs for gene 1100...
2024-07-20 22:56:16,495 - INFO - Allocating UMIs for gene 1200...
2024-07-20 22:56:16,784 - INFO - Allocating UMIs for gene 1300...
2024-07-20 22:56:16,951 - INFO - Allocating UMIs for gene 1400...
2024-07-20 22:56:17,093 - INFO - Allocating UMIs for gene 1500...
2024-07-20 22:56:17,332 - INFO - Allocating UMIs for gene 1600...
2024-07-20 22:56:17,725 - INFO - Allocating UMIs for gene 1700...
2024-07-20 22:56:18,033 - INFO - Allocating UMIs for gene 1800...
2024-07-20 22:56:18,288 - INFO - Allocating UMIs for gene 1900...
2024-07-20 22:56:18,621 - INFO - Allocating UMIs for gene 2000...
2024-07-20 22:56:18,944 - INFO - Allocating UMIs for gene 2100...
2024-07-20 22:56:19,374 - INFO - Allocating UMIs for gene 2200...
2024-07-20 22:56:19,690 - INFO - Allocating UMIs for gene 2300...
2024-07-20 22:56:19,908 - INFO - Allocating UMIs for gene 2400...
2024-07-20 22:56:20,139 - INFO - Allocating UMIs for gene 2500...
2024-07-20 22:56:20,444 - INFO - Allocating UMIs for gene 2600...
2024-07-20 22:56:20,718 - INFO - Allocating UMIs for gene 2700...
2024-07-20 22:56:21,309 - INFO - Allocating UMIs for gene 2800...
2024-07-20 22:56:21,908 - INFO - Allocating UMIs for gene 2900...
2024-07-20 22:56:22,271 - INFO - Allocating UMIs for gene 3000...
2024-07-20 22:56:22,843 - INFO - Allocating UMIs for gene 3100...
2024-07-20 22:56:23,415 - INFO - Allocating UMIs for gene 3200...
2024-07-20 22:56:23,903 - INFO - Allocating UMIs for gene 3300...
2024-07-20 22:56:24,453 - INFO - Allocating UMIs for gene 3400...
2024-07-20 22:56:24,937 - INFO - Allocating UMIs for gene 3500...
2024-07-20 22:56:25,324 - INFO - Allocating UMIs for gene 3600...
2024-07-20 22:56:25,576 - INFO - Allocating UMIs for gene 3700...
2024-07-20 22:56:26,138 - INFO - Allocating UMIs for gene 3800...
2024-07-20 22:56:26,758 - INFO - Allocating UMIs for gene 3900...
2024-07-20 22:56:27,270 - INFO - Allocating UMIs for gene 4000...
2024-07-20 22:56:27,771 - INFO - Allocating UMIs for gene 4100...
2024-07-20 22:56:28,366 - INFO - Allocating UMIs for gene 4200...
2024-07-20 22:56:28,745 - INFO - Allocating UMIs for gene 4300...
2024-07-20 22:56:29,286 - INFO - Allocating UMIs for gene 4400...
2024-07-20 22:56:29,650 - INFO - Allocating UMIs for gene 4500...
2024-07-20 22:56:29,951 - INFO - Allocating UMIs for gene 4600...
2024-07-20 22:56:30,575 - INFO - Allocating UMIs for gene 4700...
2024-07-20 22:56:31,021 - INFO - Allocating UMIs for gene 4800...
2024-07-20 22:56:31,484 - INFO - Allocating UMIs for gene 4900...
2024-07-20 22:56:32,088 - INFO - Allocating UMIs for gene 5000...
2024-07-20 22:56:32,527 - INFO - Allocating UMIs for gene 5100...
2024-07-20 22:56:33,027 - INFO - Allocating UMIs for gene 5200...
2024-07-20 22:56:33,497 - INFO - Allocating UMIs for gene 5300...
2024-07-20 22:56:33,949 - INFO - Allocating UMIs for gene 5400...
2024-07-20 22:56:34,626 - INFO - Allocating UMIs for gene 5500...
2024-07-20 22:56:35,322 - INFO - Allocating UMIs for gene 5600...
2024-07-20 22:56:35,809 - INFO - Allocating UMIs for gene 5700...
2024-07-20 22:56:36,523 - INFO - Allocating UMIs for gene 5800...
2024-07-20 22:56:37,051 - INFO - Allocating UMIs for gene 5900...
2024-07-20 22:56:37,675 - INFO - Allocating UMIs for gene 6000...
2024-07-20 22:56:38,087 - INFO - Allocating UMIs for gene 6100...
2024-07-20 22:56:38,509 - INFO - Allocating UMIs for gene 6200...
2024-07-20 22:56:39,143 - INFO - Allocating UMIs for gene 6300...
2024-07-20 22:56:39,638 - INFO - Allocating UMIs for gene 6400...
2024-07-20 22:56:40,212 - INFO - Allocating UMIs for gene 6500...
2024-07-20 22:56:40,841 - INFO - Allocating UMIs for gene 6600...
2024-07-20 22:56:41,464 - INFO - Allocating UMIs for gene 6700...
2024-07-20 22:56:42,040 - INFO - Allocating UMIs for gene 6800...
2024-07-20 22:56:42,652 - INFO - Allocating UMIs for gene 6900...
2024-07-20 22:56:43,372 - INFO - Allocating UMIs for gene 7000...
2024-07-20 22:56:44,102 - INFO - Allocating UMIs for gene 7100...
2024-07-20 22:56:44,594 - INFO - Allocating UMIs for gene 7200...
2024-07-20 22:56:45,272 - INFO - Allocating UMIs for gene 7300...
2024-07-20 22:56:45,792 - INFO - Allocating UMIs for gene 7400...
2024-07-20 22:56:46,316 - INFO - Allocating UMIs for gene 7500...
2024-07-20 22:56:46,875 - INFO - Allocating UMIs for gene 7600...
2024-07-20 22:56:47,592 - INFO - Allocating UMIs for gene 7700...
2024-07-20 22:56:48,164 - INFO - Allocating UMIs for gene 7800...
2024-07-20 22:56:48,797 - INFO - Allocating UMIs for gene 7900...
2024-07-20 22:56:49,430 - INFO - Allocating UMIs for gene 8000...
2024-07-20 22:56:49,958 - INFO - Allocating UMIs for gene 8100...
2024-07-20 22:56:50,489 - INFO - Allocating UMIs for gene 8200...
2024-07-20 22:56:51,332 - INFO - Allocating UMIs for gene 8300...
2024-07-20 22:56:51,982 - INFO - Allocating UMIs for gene 8400...
2024-07-20 22:56:52,701 - INFO - Allocating UMIs for gene 8500...
2024-07-20 22:56:53,499 - INFO - Allocating UMIs for gene 8600...
2024-07-20 22:56:54,262 - INFO - Allocating UMIs for gene 8700...
2024-07-20 22:56:54,814 - INFO - Allocating UMIs for gene 8800...
2024-07-20 22:56:55,600 - INFO - Allocating UMIs for gene 8900...
2024-07-20 22:56:56,190 - INFO - Allocating UMIs for gene 9000...
2024-07-20 22:56:56,686 - INFO - Allocating UMIs for gene 9100...
2024-07-20 22:56:57,203 - INFO - Allocating UMIs for gene 9200...
2024-07-20 22:56:57,772 - INFO - Allocating UMIs for gene 9300...
2024-07-20 22:56:58,496 - INFO - Allocating UMIs for gene 9400...
2024-07-20 22:56:59,084 - INFO - Allocating UMIs for gene 9500...
2024-07-20 22:56:59,772 - INFO - Allocating UMIs for gene 9600...
2024-07-20 22:57:00,373 - INFO - Allocating UMIs for gene 9700...
2024-07-20 22:57:01,166 - INFO - Allocating UMIs for gene 9800...
2024-07-20 22:57:01,685 - INFO - Allocating UMIs for gene 9900...
2024-07-20 22:57:02,322 - INFO - UMI allocation complete.
2024-07-20 22:57:02,322 - INFO - Counting overall UMI occurrences...
2024-07-20 22:57:02,336 - INFO - Counting inter-gene collisions...
2024-07-20 22:57:02,430 - INFO - Total UMIs allocated: 59877
2024-07-20 22:57:02,430 - INFO - Number of unique UMIs assigned to genes: 59874
2024-07-20 22:57:02,430 - INFO - Inter-gene collisions: 3
2024-07-20 22:57:02,430 - INFO - Inter-gene collision rate: 0.00005
2024-07-20 22:57:02,430 - INFO - Writing gene UMI counts to file...
2024-07-20 22:57:02,442 - INFO - Writing UMI inter-gene collisions to file...
2024-07-20 22:57:02,445 - INFO - Simulation complete.
