2024-07-20 23:02:20,095 - INFO - Simulation Script Version: 0.0.2
2024-07-20 23:02:20,098 - INFO - Simulation Parameters:
2024-07-20 23:02:20,098 - INFO - Length of UMI: 10
2024-07-20 23:02:20,098 - INFO - Number of genes: 10000
2024-07-20 23:02:20,098 - INFO - Parameters file: None
2024-07-20 23:02:20,098 - INFO - Mean (mu): 6.0
2024-07-20 23:02:20,098 - INFO - Dispersion (theta): 6.0
2024-07-20 23:02:20,098 - INFO - Use Poisson distribution: False
2024-07-20 23:02:20,098 - INFO - Gene UMI counts file: gene_10000_umi16_counts_rep3.txt
2024-07-20 23:02:20,098 - INFO - UMI collisions file: umi16_10000_collisions_rep3.txt
2024-07-20 23:02:20,098 - INFO - Seed: None
2024-07-20 23:02:20,098 - INFO - Log file: umi16_10000_rep3.log
2024-07-20 23:02:20,098 - INFO - UMI file: /varidata/research/projects/shen/projects/2024_Bens_swan_song/src/umi_collisions/umi_16.txt
2024-07-20 23:02:20,098 - INFO - No seed specified. Generated random seed: 1323241280
2024-07-20 23:02:20,098 - INFO - Using UMIs from file: /varidata/research/projects/shen/projects/2024_Bens_swan_song/src/umi_collisions/umi_16.txt
2024-07-20 23:07:10,036 - INFO - Total UMIs loaded: 4294967296
2024-07-20 23:07:10,037 - INFO - Loading parameters...
2024-07-20 23:07:10,037 - INFO - Sampling read depths for each gene...
2024-07-20 23:07:10,386 - INFO - Read depths sampling complete.
2024-07-20 23:07:10,386 - INFO - Allocating UMIs based on sampled read depths...
2024-07-20 23:07:10,386 - INFO - Allocating UMIs for gene 0...
2024-07-20 23:07:10,408 - INFO - Allocating UMIs for gene 100...
2024-07-20 23:07:10,430 - INFO - Allocating UMIs for gene 200...
2024-07-20 23:07:10,452 - INFO - Allocating UMIs for gene 300...
2024-07-20 23:07:10,478 - INFO - Allocating UMIs for gene 400...
2024-07-20 23:07:10,501 - INFO - Allocating UMIs for gene 500...
2024-07-20 23:07:10,524 - INFO - Allocating UMIs for gene 600...
2024-07-20 23:07:10,549 - INFO - Allocating UMIs for gene 700...
2024-07-20 23:07:10,572 - INFO - Allocating UMIs for gene 800...
2024-07-20 23:07:10,593 - INFO - Allocating UMIs for gene 900...
2024-07-20 23:07:10,626 - INFO - Allocating UMIs for gene 1000...
2024-07-20 23:07:10,649 - INFO - Allocating UMIs for gene 1100...
2024-07-20 23:07:10,668 - INFO - Allocating UMIs for gene 1200...
2024-07-20 23:07:10,702 - INFO - Allocating UMIs for gene 1300...
2024-07-20 23:07:10,724 - INFO - Allocating UMIs for gene 1400...
2024-07-20 23:07:10,749 - INFO - Allocating UMIs for gene 1500...
2024-07-20 23:07:10,770 - INFO - Allocating UMIs for gene 1600...
2024-07-20 23:07:10,800 - INFO - Allocating UMIs for gene 1700...
2024-07-20 23:07:10,824 - INFO - Allocating UMIs for gene 1800...
2024-07-20 23:07:10,849 - INFO - Allocating UMIs for gene 1900...
2024-07-20 23:07:10,874 - INFO - Allocating UMIs for gene 2000...
2024-07-20 23:07:10,900 - INFO - Allocating UMIs for gene 2100...
2024-07-20 23:07:10,926 - INFO - Allocating UMIs for gene 2200...
2024-07-20 23:07:10,952 - INFO - Allocating UMIs for gene 2300...
2024-07-20 23:07:10,979 - INFO - Allocating UMIs for gene 2400...
2024-07-20 23:07:11,005 - INFO - Allocating UMIs for gene 2500...
2024-07-20 23:07:11,032 - INFO - Allocating UMIs for gene 2600...
2024-07-20 23:07:11,068 - INFO - Allocating UMIs for gene 2700...
2024-07-20 23:07:11,095 - INFO - Allocating UMIs for gene 2800...
2024-07-20 23:07:11,125 - INFO - Allocating UMIs for gene 2900...
2024-07-20 23:07:11,163 - INFO - Allocating UMIs for gene 3000...
2024-07-20 23:07:11,196 - INFO - Allocating UMIs for gene 3100...
2024-07-20 23:07:11,229 - INFO - Allocating UMIs for gene 3200...
2024-07-20 23:07:11,265 - INFO - Allocating UMIs for gene 3300...
2024-07-20 23:07:11,290 - INFO - Allocating UMIs for gene 3400...
2024-07-20 23:07:11,324 - INFO - Allocating UMIs for gene 3500...
2024-07-20 23:07:11,355 - INFO - Allocating UMIs for gene 3600...
2024-07-20 23:07:11,390 - INFO - Allocating UMIs for gene 3700...
2024-07-20 23:07:11,430 - INFO - Allocating UMIs for gene 3800...
2024-07-20 23:07:11,464 - INFO - Allocating UMIs for gene 3900...
2024-07-20 23:07:11,497 - INFO - Allocating UMIs for gene 4000...
2024-07-20 23:07:11,532 - INFO - Allocating UMIs for gene 4100...
2024-07-20 23:07:11,567 - INFO - Allocating UMIs for gene 4200...
2024-07-20 23:07:11,600 - INFO - Allocating UMIs for gene 4300...
2024-07-20 23:07:11,631 - INFO - Allocating UMIs for gene 4400...
2024-07-20 23:07:11,667 - INFO - Allocating UMIs for gene 4500...
2024-07-20 23:07:11,699 - INFO - Allocating UMIs for gene 4600...
2024-07-20 23:07:11,743 - INFO - Allocating UMIs for gene 4700...
2024-07-20 23:07:11,776 - INFO - Allocating UMIs for gene 4800...
2024-07-20 23:07:11,828 - INFO - Allocating UMIs for gene 4900...
2024-07-20 23:07:11,863 - INFO - Allocating UMIs for gene 5000...
2024-07-20 23:07:11,903 - INFO - Allocating UMIs for gene 5100...
2024-07-20 23:07:11,937 - INFO - Allocating UMIs for gene 5200...
2024-07-20 23:07:11,973 - INFO - Allocating UMIs for gene 5300...
2024-07-20 23:07:12,009 - INFO - Allocating UMIs for gene 5400...
2024-07-20 23:07:12,051 - INFO - Allocating UMIs for gene 5500...
2024-07-20 23:07:12,091 - INFO - Allocating UMIs for gene 5600...
2024-07-20 23:07:12,141 - INFO - Allocating UMIs for gene 5700...
2024-07-20 23:07:12,181 - INFO - Allocating UMIs for gene 5800...
2024-07-20 23:07:12,224 - INFO - Allocating UMIs for gene 5900...
2024-07-20 23:07:12,274 - INFO - Allocating UMIs for gene 6000...
2024-07-20 23:07:12,319 - INFO - Allocating UMIs for gene 6100...
2024-07-20 23:07:12,361 - INFO - Allocating UMIs for gene 6200...
2024-07-20 23:07:12,399 - INFO - Allocating UMIs for gene 6300...
2024-07-20 23:07:12,442 - INFO - Allocating UMIs for gene 6400...
2024-07-20 23:07:12,489 - INFO - Allocating UMIs for gene 6500...
2024-07-20 23:07:12,534 - INFO - Allocating UMIs for gene 6600...
2024-07-20 23:07:12,585 - INFO - Allocating UMIs for gene 6700...
2024-07-20 23:07:12,631 - INFO - Allocating UMIs for gene 6800...
2024-07-20 23:07:12,679 - INFO - Allocating UMIs for gene 6900...
2024-07-20 23:07:12,722 - INFO - Allocating UMIs for gene 7000...
2024-07-20 23:07:12,764 - INFO - Allocating UMIs for gene 7100...
2024-07-20 23:07:12,807 - INFO - Allocating UMIs for gene 7200...
2024-07-20 23:07:12,852 - INFO - Allocating UMIs for gene 7300...
2024-07-20 23:07:12,900 - INFO - Allocating UMIs for gene 7400...
2024-07-20 23:07:12,943 - INFO - Allocating UMIs for gene 7500...
2024-07-20 23:07:12,995 - INFO - Allocating UMIs for gene 7600...
2024-07-20 23:07:13,034 - INFO - Allocating UMIs for gene 7700...
2024-07-20 23:07:13,080 - INFO - Allocating UMIs for gene 7800...
2024-07-20 23:07:13,138 - INFO - Allocating UMIs for gene 7900...
2024-07-20 23:07:13,193 - INFO - Allocating UMIs for gene 8000...
2024-07-20 23:07:13,245 - INFO - Allocating UMIs for gene 8100...
2024-07-20 23:07:13,295 - INFO - Allocating UMIs for gene 8200...
2024-07-20 23:07:13,340 - INFO - Allocating UMIs for gene 8300...
2024-07-20 23:07:13,392 - INFO - Allocating UMIs for gene 8400...
2024-07-20 23:07:13,459 - INFO - Allocating UMIs for gene 8500...
2024-07-20 23:07:13,512 - INFO - Allocating UMIs for gene 8600...
2024-07-20 23:07:13,569 - INFO - Allocating UMIs for gene 8700...
2024-07-20 23:07:13,623 - INFO - Allocating UMIs for gene 8800...
2024-07-20 23:07:13,691 - INFO - Allocating UMIs for gene 8900...
2024-07-20 23:07:13,750 - INFO - Allocating UMIs for gene 9000...
2024-07-20 23:07:13,802 - INFO - Allocating UMIs for gene 9100...
2024-07-20 23:07:13,862 - INFO - Allocating UMIs for gene 9200...
2024-07-20 23:07:13,913 - INFO - Allocating UMIs for gene 9300...
2024-07-20 23:07:13,967 - INFO - Allocating UMIs for gene 9400...
2024-07-20 23:07:14,023 - INFO - Allocating UMIs for gene 9500...
2024-07-20 23:07:14,082 - INFO - Allocating UMIs for gene 9600...
2024-07-20 23:07:14,135 - INFO - Allocating UMIs for gene 9700...
2024-07-20 23:07:14,195 - INFO - Allocating UMIs for gene 9800...
2024-07-20 23:07:14,296 - INFO - Allocating UMIs for gene 9900...
2024-07-20 23:07:14,353 - INFO - UMI allocation complete.
2024-07-20 23:07:14,353 - INFO - Counting overall UMI occurrences...
2024-07-20 23:07:14,362 - INFO - Counting inter-gene collisions...
2024-07-20 23:07:14,437 - INFO - Total UMIs allocated: 59761
2024-07-20 23:07:14,437 - INFO - Number of unique UMIs assigned to genes: 59760
2024-07-20 23:07:14,437 - INFO - Inter-gene collisions: 1
2024-07-20 23:07:14,437 - INFO - Inter-gene collision rate: 0.00002
2024-07-20 23:07:14,437 - INFO - Writing gene UMI counts to file...
2024-07-20 23:07:14,450 - INFO - Writing UMI inter-gene collisions to file...
2024-07-20 23:07:14,453 - INFO - Simulation complete.
