2024-07-20 23:17:37,750 - INFO - Simulation Script Version: 0.0.2
2024-07-20 23:17:37,752 - INFO - Simulation Parameters:
2024-07-20 23:17:37,752 - INFO - Length of UMI: 10
2024-07-20 23:17:37,752 - INFO - Number of genes: 10000
2024-07-20 23:17:37,752 - INFO - Parameters file: None
2024-07-20 23:17:37,752 - INFO - Mean (mu): 6.0
2024-07-20 23:17:37,752 - INFO - Dispersion (theta): 6.0
2024-07-20 23:17:37,753 - INFO - Use Poisson distribution: False
2024-07-20 23:17:37,753 - INFO - Gene UMI counts file: gene_10000_umi16_counts_rep6.txt
2024-07-20 23:17:37,753 - INFO - UMI collisions file: umi16_10000_collisions_rep6.txt
2024-07-20 23:17:37,753 - INFO - Seed: None
2024-07-20 23:17:37,753 - INFO - Log file: umi16_10000_rep6.log
2024-07-20 23:17:37,753 - INFO - UMI file: /varidata/research/projects/shen/projects/2024_Bens_swan_song/src/umi_collisions/umi_16.txt
2024-07-20 23:17:37,753 - INFO - No seed specified. Generated random seed: 3710405599
2024-07-20 23:17:37,753 - INFO - Using UMIs from file: /varidata/research/projects/shen/projects/2024_Bens_swan_song/src/umi_collisions/umi_16.txt
2024-07-20 23:22:25,879 - INFO - Total UMIs loaded: 4294967296
2024-07-20 23:22:25,879 - INFO - Loading parameters...
2024-07-20 23:22:25,879 - INFO - Sampling read depths for each gene...
2024-07-20 23:22:26,229 - INFO - Read depths sampling complete.
2024-07-20 23:22:26,229 - INFO - Allocating UMIs based on sampled read depths...
2024-07-20 23:22:26,229 - INFO - Allocating UMIs for gene 0...
2024-07-20 23:22:26,249 - INFO - Allocating UMIs for gene 100...
2024-07-20 23:22:26,283 - INFO - Allocating UMIs for gene 200...
2024-07-20 23:22:26,304 - INFO - Allocating UMIs for gene 300...
2024-07-20 23:22:26,340 - INFO - Allocating UMIs for gene 400...
2024-07-20 23:22:26,373 - INFO - Allocating UMIs for gene 500...
2024-07-20 23:22:26,394 - INFO - Allocating UMIs for gene 600...
2024-07-20 23:22:26,414 - INFO - Allocating UMIs for gene 700...
2024-07-20 23:22:26,438 - INFO - Allocating UMIs for gene 800...
2024-07-20 23:22:26,461 - INFO - Allocating UMIs for gene 900...
2024-07-20 23:22:26,484 - INFO - Allocating UMIs for gene 1000...
2024-07-20 23:22:26,512 - INFO - Allocating UMIs for gene 1100...
2024-07-20 23:22:26,554 - INFO - Allocating UMIs for gene 1200...
2024-07-20 23:22:26,579 - INFO - Allocating UMIs for gene 1300...
2024-07-20 23:22:26,603 - INFO - Allocating UMIs for gene 1400...
2024-07-20 23:22:26,644 - INFO - Allocating UMIs for gene 1500...
2024-07-20 23:22:26,664 - INFO - Allocating UMIs for gene 1600...
2024-07-20 23:22:26,701 - INFO - Allocating UMIs for gene 1700...
2024-07-20 23:22:26,754 - INFO - Allocating UMIs for gene 1800...
2024-07-20 23:22:26,816 - INFO - Allocating UMIs for gene 1900...
2024-07-20 23:22:26,878 - INFO - Allocating UMIs for gene 2000...
2024-07-20 23:22:26,919 - INFO - Allocating UMIs for gene 2100...
2024-07-20 23:22:26,989 - INFO - Allocating UMIs for gene 2200...
2024-07-20 23:22:27,033 - INFO - Allocating UMIs for gene 2300...
2024-07-20 23:22:27,058 - INFO - Allocating UMIs for gene 2400...
2024-07-20 23:22:27,085 - INFO - Allocating UMIs for gene 2500...
2024-07-20 23:22:27,114 - INFO - Allocating UMIs for gene 2600...
2024-07-20 23:22:27,155 - INFO - Allocating UMIs for gene 2700...
2024-07-20 23:22:27,208 - INFO - Allocating UMIs for gene 2800...
2024-07-20 23:22:27,249 - INFO - Allocating UMIs for gene 2900...
2024-07-20 23:22:27,288 - INFO - Allocating UMIs for gene 3000...
2024-07-20 23:22:27,320 - INFO - Allocating UMIs for gene 3100...
2024-07-20 23:22:27,359 - INFO - Allocating UMIs for gene 3200...
2024-07-20 23:22:27,392 - INFO - Allocating UMIs for gene 3300...
2024-07-20 23:22:27,423 - INFO - Allocating UMIs for gene 3400...
2024-07-20 23:22:27,483 - INFO - Allocating UMIs for gene 3500...
2024-07-20 23:22:27,537 - INFO - Allocating UMIs for gene 3600...
2024-07-20 23:22:27,570 - INFO - Allocating UMIs for gene 3700...
2024-07-20 23:22:27,605 - INFO - Allocating UMIs for gene 3800...
2024-07-20 23:22:27,637 - INFO - Allocating UMIs for gene 3900...
2024-07-20 23:22:27,697 - INFO - Allocating UMIs for gene 4000...
2024-07-20 23:22:27,749 - INFO - Allocating UMIs for gene 4100...
2024-07-20 23:22:27,820 - INFO - Allocating UMIs for gene 4200...
2024-07-20 23:22:27,910 - INFO - Allocating UMIs for gene 4300...
2024-07-20 23:22:27,943 - INFO - Allocating UMIs for gene 4400...
2024-07-20 23:22:27,983 - INFO - Allocating UMIs for gene 4500...
2024-07-20 23:22:28,041 - INFO - Allocating UMIs for gene 4600...
2024-07-20 23:22:28,080 - INFO - Allocating UMIs for gene 4700...
2024-07-20 23:22:28,117 - INFO - Allocating UMIs for gene 4800...
2024-07-20 23:22:28,153 - INFO - Allocating UMIs for gene 4900...
2024-07-20 23:22:28,190 - INFO - Allocating UMIs for gene 5000...
2024-07-20 23:22:28,240 - INFO - Allocating UMIs for gene 5100...
2024-07-20 23:22:28,281 - INFO - Allocating UMIs for gene 5200...
2024-07-20 23:22:28,362 - INFO - Allocating UMIs for gene 5300...
2024-07-20 23:22:28,405 - INFO - Allocating UMIs for gene 5400...
2024-07-20 23:22:28,479 - INFO - Allocating UMIs for gene 5500...
2024-07-20 23:22:28,516 - INFO - Allocating UMIs for gene 5600...
2024-07-20 23:22:28,555 - INFO - Allocating UMIs for gene 5700...
2024-07-20 23:22:28,626 - INFO - Allocating UMIs for gene 5800...
2024-07-20 23:22:28,671 - INFO - Allocating UMIs for gene 5900...
2024-07-20 23:22:28,727 - INFO - Allocating UMIs for gene 6000...
2024-07-20 23:22:28,771 - INFO - Allocating UMIs for gene 6100...
2024-07-20 23:22:28,806 - INFO - Allocating UMIs for gene 6200...
2024-07-20 23:22:28,870 - INFO - Allocating UMIs for gene 6300...
2024-07-20 23:22:28,945 - INFO - Allocating UMIs for gene 6400...
2024-07-20 23:22:28,984 - INFO - Allocating UMIs for gene 6500...
2024-07-20 23:22:29,023 - INFO - Allocating UMIs for gene 6600...
2024-07-20 23:22:29,113 - INFO - Allocating UMIs for gene 6700...
2024-07-20 23:22:29,158 - INFO - Allocating UMIs for gene 6800...
2024-07-20 23:22:29,246 - INFO - Allocating UMIs for gene 6900...
2024-07-20 23:22:29,304 - INFO - Allocating UMIs for gene 7000...
2024-07-20 23:22:29,363 - INFO - Allocating UMIs for gene 7100...
2024-07-20 23:22:29,452 - INFO - Allocating UMIs for gene 7200...
2024-07-20 23:22:29,521 - INFO - Allocating UMIs for gene 7300...
2024-07-20 23:22:29,569 - INFO - Allocating UMIs for gene 7400...
2024-07-20 23:22:29,631 - INFO - Allocating UMIs for gene 7500...
2024-07-20 23:22:29,679 - INFO - Allocating UMIs for gene 7600...
2024-07-20 23:22:29,727 - INFO - Allocating UMIs for gene 7700...
2024-07-20 23:22:29,779 - INFO - Allocating UMIs for gene 7800...
2024-07-20 23:22:29,845 - INFO - Allocating UMIs for gene 7900...
2024-07-20 23:22:29,905 - INFO - Allocating UMIs for gene 8000...
2024-07-20 23:22:29,970 - INFO - Allocating UMIs for gene 8100...
2024-07-20 23:22:30,039 - INFO - Allocating UMIs for gene 8200...
2024-07-20 23:22:30,128 - INFO - Allocating UMIs for gene 8300...
2024-07-20 23:22:30,180 - INFO - Allocating UMIs for gene 8400...
2024-07-20 23:22:30,231 - INFO - Allocating UMIs for gene 8500...
2024-07-20 23:22:30,325 - INFO - Allocating UMIs for gene 8600...
2024-07-20 23:22:30,380 - INFO - Allocating UMIs for gene 8700...
2024-07-20 23:22:30,428 - INFO - Allocating UMIs for gene 8800...
2024-07-20 23:22:30,493 - INFO - Allocating UMIs for gene 8900...
2024-07-20 23:22:30,631 - INFO - Allocating UMIs for gene 9000...
2024-07-20 23:22:30,698 - INFO - Allocating UMIs for gene 9100...
2024-07-20 23:22:30,757 - INFO - Allocating UMIs for gene 9200...
2024-07-20 23:22:30,819 - INFO - Allocating UMIs for gene 9300...
2024-07-20 23:22:30,888 - INFO - Allocating UMIs for gene 9400...
2024-07-20 23:22:31,012 - INFO - Allocating UMIs for gene 9500...
2024-07-20 23:22:31,080 - INFO - Allocating UMIs for gene 9600...
2024-07-20 23:22:31,138 - INFO - Allocating UMIs for gene 9700...
2024-07-20 23:22:31,198 - INFO - Allocating UMIs for gene 9800...
2024-07-20 23:22:31,269 - INFO - Allocating UMIs for gene 9900...
2024-07-20 23:22:31,322 - INFO - UMI allocation complete.
2024-07-20 23:22:31,322 - INFO - Counting overall UMI occurrences...
2024-07-20 23:22:31,331 - INFO - Counting inter-gene collisions...
2024-07-20 23:22:31,404 - INFO - Total UMIs allocated: 60003
2024-07-20 23:22:31,404 - INFO - Number of unique UMIs assigned to genes: 60002
2024-07-20 23:22:31,404 - INFO - Inter-gene collisions: 1
2024-07-20 23:22:31,404 - INFO - Inter-gene collision rate: 0.00002
2024-07-20 23:22:31,404 - INFO - Writing gene UMI counts to file...
2024-07-20 23:22:31,430 - INFO - Writing UMI inter-gene collisions to file...
2024-07-20 23:22:31,434 - INFO - Simulation complete.
