2024-07-20 23:27:40,293 - INFO - Simulation Script Version: 0.0.2
2024-07-20 23:27:40,295 - INFO - Simulation Parameters:
2024-07-20 23:27:40,295 - INFO - Length of UMI: 10
2024-07-20 23:27:40,295 - INFO - Number of genes: 10000
2024-07-20 23:27:40,295 - INFO - Parameters file: None
2024-07-20 23:27:40,295 - INFO - Mean (mu): 6.0
2024-07-20 23:27:40,295 - INFO - Dispersion (theta): 6.0
2024-07-20 23:27:40,295 - INFO - Use Poisson distribution: False
2024-07-20 23:27:40,295 - INFO - Gene UMI counts file: gene_10000_umi16_counts_rep8.txt
2024-07-20 23:27:40,295 - INFO - UMI collisions file: umi16_10000_collisions_rep8.txt
2024-07-20 23:27:40,295 - INFO - Seed: None
2024-07-20 23:27:40,295 - INFO - Log file: umi16_10000_rep8.log
2024-07-20 23:27:40,295 - INFO - UMI file: /varidata/research/projects/shen/projects/2024_Bens_swan_song/src/umi_collisions/umi_16.txt
2024-07-20 23:27:40,295 - INFO - No seed specified. Generated random seed: 3054927328
2024-07-20 23:27:40,296 - INFO - Using UMIs from file: /varidata/research/projects/shen/projects/2024_Bens_swan_song/src/umi_collisions/umi_16.txt
2024-07-20 23:32:58,520 - INFO - Total UMIs loaded: 4294967296
2024-07-20 23:32:58,520 - INFO - Loading parameters...
2024-07-20 23:32:58,520 - INFO - Sampling read depths for each gene...
2024-07-20 23:32:58,864 - INFO - Read depths sampling complete.
2024-07-20 23:32:58,864 - INFO - Allocating UMIs based on sampled read depths...
2024-07-20 23:32:58,864 - INFO - Allocating UMIs for gene 0...
2024-07-20 23:32:58,957 - INFO - Allocating UMIs for gene 100...
2024-07-20 23:32:59,005 - INFO - Allocating UMIs for gene 200...
2024-07-20 23:32:59,044 - INFO - Allocating UMIs for gene 300...
2024-07-20 23:32:59,112 - INFO - Allocating UMIs for gene 400...
2024-07-20 23:32:59,226 - INFO - Allocating UMIs for gene 500...
2024-07-20 23:32:59,352 - INFO - Allocating UMIs for gene 600...
2024-07-20 23:32:59,403 - INFO - Allocating UMIs for gene 700...
2024-07-20 23:32:59,443 - INFO - Allocating UMIs for gene 800...
2024-07-20 23:32:59,497 - INFO - Allocating UMIs for gene 900...
2024-07-20 23:32:59,573 - INFO - Allocating UMIs for gene 1000...
2024-07-20 23:32:59,654 - INFO - Allocating UMIs for gene 1100...
2024-07-20 23:32:59,710 - INFO - Allocating UMIs for gene 1200...
2024-07-20 23:32:59,752 - INFO - Allocating UMIs for gene 1300...
2024-07-20 23:32:59,820 - INFO - Allocating UMIs for gene 1400...
2024-07-20 23:32:59,865 - INFO - Allocating UMIs for gene 1500...
2024-07-20 23:32:59,913 - INFO - Allocating UMIs for gene 1600...
2024-07-20 23:33:00,023 - INFO - Allocating UMIs for gene 1700...
2024-07-20 23:33:00,095 - INFO - Allocating UMIs for gene 1800...
2024-07-20 23:33:00,162 - INFO - Allocating UMIs for gene 1900...
2024-07-20 23:33:00,257 - INFO - Allocating UMIs for gene 2000...
2024-07-20 23:33:00,396 - INFO - Allocating UMIs for gene 2100...
2024-07-20 23:33:00,447 - INFO - Allocating UMIs for gene 2200...
2024-07-20 23:33:00,577 - INFO - Allocating UMIs for gene 2300...
2024-07-20 23:33:00,714 - INFO - Allocating UMIs for gene 2400...
2024-07-20 23:33:00,805 - INFO - Allocating UMIs for gene 2500...
2024-07-20 23:33:00,931 - INFO - Allocating UMIs for gene 2600...
2024-07-20 23:33:01,024 - INFO - Allocating UMIs for gene 2700...
2024-07-20 23:33:01,146 - INFO - Allocating UMIs for gene 2800...
2024-07-20 23:33:01,281 - INFO - Allocating UMIs for gene 2900...
2024-07-20 23:33:01,494 - INFO - Allocating UMIs for gene 3000...
2024-07-20 23:33:01,657 - INFO - Allocating UMIs for gene 3100...
2024-07-20 23:33:01,760 - INFO - Allocating UMIs for gene 3200...
2024-07-20 23:33:01,886 - INFO - Allocating UMIs for gene 3300...
2024-07-20 23:33:02,034 - INFO - Allocating UMIs for gene 3400...
2024-07-20 23:33:02,210 - INFO - Allocating UMIs for gene 3500...
2024-07-20 23:33:02,346 - INFO - Allocating UMIs for gene 3600...
2024-07-20 23:33:02,497 - INFO - Allocating UMIs for gene 3700...
2024-07-20 23:33:02,551 - INFO - Allocating UMIs for gene 3800...
2024-07-20 23:33:02,661 - INFO - Allocating UMIs for gene 3900...
2024-07-20 23:33:02,864 - INFO - Allocating UMIs for gene 4000...
2024-07-20 23:33:02,966 - INFO - Allocating UMIs for gene 4100...
2024-07-20 23:33:03,078 - INFO - Allocating UMIs for gene 4200...
2024-07-20 23:33:03,228 - INFO - Allocating UMIs for gene 4300...
2024-07-20 23:33:03,375 - INFO - Allocating UMIs for gene 4400...
2024-07-20 23:33:03,537 - INFO - Allocating UMIs for gene 4500...
2024-07-20 23:33:03,654 - INFO - Allocating UMIs for gene 4600...
2024-07-20 23:33:03,847 - INFO - Allocating UMIs for gene 4700...
2024-07-20 23:33:03,994 - INFO - Allocating UMIs for gene 4800...
2024-07-20 23:33:04,170 - INFO - Allocating UMIs for gene 4900...
2024-07-20 23:33:04,288 - INFO - Allocating UMIs for gene 5000...
2024-07-20 23:33:04,505 - INFO - Allocating UMIs for gene 5100...
2024-07-20 23:33:04,719 - INFO - Allocating UMIs for gene 5200...
2024-07-20 23:33:04,942 - INFO - Allocating UMIs for gene 5300...
2024-07-20 23:33:05,107 - INFO - Allocating UMIs for gene 5400...
2024-07-20 23:33:05,292 - INFO - Allocating UMIs for gene 5500...
2024-07-20 23:33:05,489 - INFO - Allocating UMIs for gene 5600...
2024-07-20 23:33:05,789 - INFO - Allocating UMIs for gene 5700...
2024-07-20 23:33:05,936 - INFO - Allocating UMIs for gene 5800...
2024-07-20 23:33:06,147 - INFO - Allocating UMIs for gene 5900...
2024-07-20 23:33:06,364 - INFO - Allocating UMIs for gene 6000...
2024-07-20 23:33:06,616 - INFO - Allocating UMIs for gene 6100...
2024-07-20 23:33:06,833 - INFO - Allocating UMIs for gene 6200...
2024-07-20 23:33:06,944 - INFO - Allocating UMIs for gene 6300...
2024-07-20 23:33:07,109 - INFO - Allocating UMIs for gene 6400...
2024-07-20 23:33:07,295 - INFO - Allocating UMIs for gene 6500...
2024-07-20 23:33:07,434 - INFO - Allocating UMIs for gene 6600...
2024-07-20 23:33:07,616 - INFO - Allocating UMIs for gene 6700...
2024-07-20 23:33:07,822 - INFO - Allocating UMIs for gene 6800...
2024-07-20 23:33:08,048 - INFO - Allocating UMIs for gene 6900...
2024-07-20 23:33:08,264 - INFO - Allocating UMIs for gene 7000...
2024-07-20 23:33:08,440 - INFO - Allocating UMIs for gene 7100...
2024-07-20 23:33:08,747 - INFO - Allocating UMIs for gene 7200...
2024-07-20 23:33:08,976 - INFO - Allocating UMIs for gene 7300...
2024-07-20 23:33:09,136 - INFO - Allocating UMIs for gene 7400...
2024-07-20 23:33:09,279 - INFO - Allocating UMIs for gene 7500...
2024-07-20 23:33:09,454 - INFO - Allocating UMIs for gene 7600...
2024-07-20 23:33:09,572 - INFO - Allocating UMIs for gene 7700...
2024-07-20 23:33:09,844 - INFO - Allocating UMIs for gene 7800...
2024-07-20 23:33:10,124 - INFO - Allocating UMIs for gene 7900...
2024-07-20 23:33:10,364 - INFO - Allocating UMIs for gene 8000...
2024-07-20 23:33:10,591 - INFO - Allocating UMIs for gene 8100...
2024-07-20 23:33:10,830 - INFO - Allocating UMIs for gene 8200...
2024-07-20 23:33:11,065 - INFO - Allocating UMIs for gene 8300...
2024-07-20 23:33:11,257 - INFO - Allocating UMIs for gene 8400...
2024-07-20 23:33:11,441 - INFO - Allocating UMIs for gene 8500...
2024-07-20 23:33:11,694 - INFO - Allocating UMIs for gene 8600...
2024-07-20 23:33:11,938 - INFO - Allocating UMIs for gene 8700...
2024-07-20 23:33:12,047 - INFO - Allocating UMIs for gene 8800...
2024-07-20 23:33:12,306 - INFO - Allocating UMIs for gene 8900...
2024-07-20 23:33:12,525 - INFO - Allocating UMIs for gene 9000...
2024-07-20 23:33:12,702 - INFO - Allocating UMIs for gene 9100...
2024-07-20 23:33:12,981 - INFO - Allocating UMIs for gene 9200...
2024-07-20 23:33:13,237 - INFO - Allocating UMIs for gene 9300...
2024-07-20 23:33:13,526 - INFO - Allocating UMIs for gene 9400...
2024-07-20 23:33:13,758 - INFO - Allocating UMIs for gene 9500...
2024-07-20 23:33:13,943 - INFO - Allocating UMIs for gene 9600...
2024-07-20 23:33:14,205 - INFO - Allocating UMIs for gene 9700...
2024-07-20 23:33:14,412 - INFO - Allocating UMIs for gene 9800...
2024-07-20 23:33:14,626 - INFO - Allocating UMIs for gene 9900...
2024-07-20 23:33:14,939 - INFO - UMI allocation complete.
2024-07-20 23:33:14,939 - INFO - Counting overall UMI occurrences...
2024-07-20 23:33:14,949 - INFO - Counting inter-gene collisions...
2024-07-20 23:33:15,024 - INFO - Total UMIs allocated: 59933
2024-07-20 23:33:15,024 - INFO - Number of unique UMIs assigned to genes: 59932
2024-07-20 23:33:15,024 - INFO - Inter-gene collisions: 1
2024-07-20 23:33:15,024 - INFO - Inter-gene collision rate: 0.00002
2024-07-20 23:33:15,024 - INFO - Writing gene UMI counts to file...
2024-07-20 23:33:15,037 - INFO - Writing UMI inter-gene collisions to file...
2024-07-20 23:33:15,039 - INFO - Simulation complete.
