2024-07-20 23:38:59,956 - INFO - Simulation Script Version: 0.0.2
2024-07-20 23:38:59,959 - INFO - Simulation Parameters:
2024-07-20 23:38:59,959 - INFO - Length of UMI: 10
2024-07-20 23:38:59,959 - INFO - Number of genes: 10000
2024-07-20 23:38:59,959 - INFO - Parameters file: None
2024-07-20 23:38:59,959 - INFO - Mean (mu): 6.0
2024-07-20 23:38:59,959 - INFO - Dispersion (theta): 6.0
2024-07-20 23:38:59,959 - INFO - Use Poisson distribution: False
2024-07-20 23:38:59,959 - INFO - Gene UMI counts file: gene_10000_umi16_counts_rep10.txt
2024-07-20 23:38:59,959 - INFO - UMI collisions file: umi16_10000_collisions_rep10.txt
2024-07-20 23:38:59,959 - INFO - Seed: None
2024-07-20 23:38:59,959 - INFO - Log file: umi16_10000_rep10.log
2024-07-20 23:38:59,959 - INFO - UMI file: /varidata/research/projects/shen/projects/2024_Bens_swan_song/src/umi_collisions/umi_16.txt
2024-07-20 23:38:59,960 - INFO - No seed specified. Generated random seed: 1492554445
2024-07-20 23:38:59,960 - INFO - Using UMIs from file: /varidata/research/projects/shen/projects/2024_Bens_swan_song/src/umi_collisions/umi_16.txt
2024-07-20 23:43:46,786 - INFO - Total UMIs loaded: 4294967296
2024-07-20 23:43:46,786 - INFO - Loading parameters...
2024-07-20 23:43:46,787 - INFO - Sampling read depths for each gene...
2024-07-20 23:43:47,132 - INFO - Read depths sampling complete.
2024-07-20 23:43:47,132 - INFO - Allocating UMIs based on sampled read depths...
2024-07-20 23:43:47,132 - INFO - Allocating UMIs for gene 0...
2024-07-20 23:43:47,197 - INFO - Allocating UMIs for gene 100...
2024-07-20 23:43:47,327 - INFO - Allocating UMIs for gene 200...
2024-07-20 23:43:47,366 - INFO - Allocating UMIs for gene 300...
2024-07-20 23:43:47,423 - INFO - Allocating UMIs for gene 400...
2024-07-20 23:43:47,464 - INFO - Allocating UMIs for gene 500...
2024-07-20 23:43:47,496 - INFO - Allocating UMIs for gene 600...
2024-07-20 23:43:47,515 - INFO - Allocating UMIs for gene 700...
2024-07-20 23:43:47,564 - INFO - Allocating UMIs for gene 800...
2024-07-20 23:43:47,595 - INFO - Allocating UMIs for gene 900...
2024-07-20 23:43:47,671 - INFO - Allocating UMIs for gene 1000...
2024-07-20 23:43:47,753 - INFO - Allocating UMIs for gene 1100...
2024-07-20 23:43:47,774 - INFO - Allocating UMIs for gene 1200...
2024-07-20 23:43:47,819 - INFO - Allocating UMIs for gene 1300...
2024-07-20 23:43:47,863 - INFO - Allocating UMIs for gene 1400...
2024-07-20 23:43:47,916 - INFO - Allocating UMIs for gene 1500...
2024-07-20 23:43:47,983 - INFO - Allocating UMIs for gene 1600...
2024-07-20 23:43:48,052 - INFO - Allocating UMIs for gene 1700...
2024-07-20 23:43:48,143 - INFO - Allocating UMIs for gene 1800...
2024-07-20 23:43:48,194 - INFO - Allocating UMIs for gene 1900...
2024-07-20 23:43:48,234 - INFO - Allocating UMIs for gene 2000...
2024-07-20 23:43:48,339 - INFO - Allocating UMIs for gene 2100...
2024-07-20 23:43:48,400 - INFO - Allocating UMIs for gene 2200...
2024-07-20 23:43:48,441 - INFO - Allocating UMIs for gene 2300...
2024-07-20 23:43:48,504 - INFO - Allocating UMIs for gene 2400...
2024-07-20 23:43:48,560 - INFO - Allocating UMIs for gene 2500...
2024-07-20 23:43:48,670 - INFO - Allocating UMIs for gene 2600...
2024-07-20 23:43:48,712 - INFO - Allocating UMIs for gene 2700...
2024-07-20 23:43:48,783 - INFO - Allocating UMIs for gene 2800...
2024-07-20 23:43:48,834 - INFO - Allocating UMIs for gene 2900...
2024-07-20 23:43:48,918 - INFO - Allocating UMIs for gene 3000...
2024-07-20 23:43:48,993 - INFO - Allocating UMIs for gene 3100...
2024-07-20 23:43:49,057 - INFO - Allocating UMIs for gene 3200...
2024-07-20 23:43:49,109 - INFO - Allocating UMIs for gene 3300...
2024-07-20 23:43:49,155 - INFO - Allocating UMIs for gene 3400...
2024-07-20 23:43:49,267 - INFO - Allocating UMIs for gene 3500...
2024-07-20 23:43:49,342 - INFO - Allocating UMIs for gene 3600...
2024-07-20 23:43:49,425 - INFO - Allocating UMIs for gene 3700...
2024-07-20 23:43:49,481 - INFO - Allocating UMIs for gene 3800...
2024-07-20 23:43:49,536 - INFO - Allocating UMIs for gene 3900...
2024-07-20 23:43:49,608 - INFO - Allocating UMIs for gene 4000...
2024-07-20 23:43:49,744 - INFO - Allocating UMIs for gene 4100...
2024-07-20 23:43:49,868 - INFO - Allocating UMIs for gene 4200...
2024-07-20 23:43:49,982 - INFO - Allocating UMIs for gene 4300...
2024-07-20 23:43:50,079 - INFO - Allocating UMIs for gene 4400...
2024-07-20 23:43:50,163 - INFO - Allocating UMIs for gene 4500...
2024-07-20 23:43:50,267 - INFO - Allocating UMIs for gene 4600...
2024-07-20 23:43:50,341 - INFO - Allocating UMIs for gene 4700...
2024-07-20 23:43:50,398 - INFO - Allocating UMIs for gene 4800...
2024-07-20 23:43:50,489 - INFO - Allocating UMIs for gene 4900...
2024-07-20 23:43:50,638 - INFO - Allocating UMIs for gene 5000...
2024-07-20 23:43:50,713 - INFO - Allocating UMIs for gene 5100...
2024-07-20 23:43:50,801 - INFO - Allocating UMIs for gene 5200...
2024-07-20 23:43:50,965 - INFO - Allocating UMIs for gene 5300...
2024-07-20 23:43:51,204 - INFO - Allocating UMIs for gene 5400...
2024-07-20 23:43:51,377 - INFO - Allocating UMIs for gene 5500...
2024-07-20 23:43:51,443 - INFO - Allocating UMIs for gene 5600...
2024-07-20 23:43:51,616 - INFO - Allocating UMIs for gene 5700...
2024-07-20 23:43:51,690 - INFO - Allocating UMIs for gene 5800...
2024-07-20 23:43:51,785 - INFO - Allocating UMIs for gene 5900...
2024-07-20 23:43:51,922 - INFO - Allocating UMIs for gene 6000...
2024-07-20 23:43:52,039 - INFO - Allocating UMIs for gene 6100...
2024-07-20 23:43:52,195 - INFO - Allocating UMIs for gene 6200...
2024-07-20 23:43:52,338 - INFO - Allocating UMIs for gene 6300...
2024-07-20 23:43:52,539 - INFO - Allocating UMIs for gene 6400...
2024-07-20 23:43:52,664 - INFO - Allocating UMIs for gene 6500...
2024-07-20 23:43:52,826 - INFO - Allocating UMIs for gene 6600...
2024-07-20 23:43:52,977 - INFO - Allocating UMIs for gene 6700...
2024-07-20 23:43:53,165 - INFO - Allocating UMIs for gene 6800...
2024-07-20 23:43:53,249 - INFO - Allocating UMIs for gene 6900...
2024-07-20 23:43:53,420 - INFO - Allocating UMIs for gene 7000...
2024-07-20 23:43:53,566 - INFO - Allocating UMIs for gene 7100...
2024-07-20 23:43:53,737 - INFO - Allocating UMIs for gene 7200...
2024-07-20 23:43:53,965 - INFO - Allocating UMIs for gene 7300...
2024-07-20 23:43:54,130 - INFO - Allocating UMIs for gene 7400...
2024-07-20 23:43:54,265 - INFO - Allocating UMIs for gene 7500...
2024-07-20 23:43:54,386 - INFO - Allocating UMIs for gene 7600...
2024-07-20 23:43:54,531 - INFO - Allocating UMIs for gene 7700...
2024-07-20 23:43:54,665 - INFO - Allocating UMIs for gene 7800...
2024-07-20 23:43:54,879 - INFO - Allocating UMIs for gene 7900...
2024-07-20 23:43:55,107 - INFO - Allocating UMIs for gene 8000...
2024-07-20 23:43:55,234 - INFO - Allocating UMIs for gene 8100...
2024-07-20 23:43:55,427 - INFO - Allocating UMIs for gene 8200...
2024-07-20 23:43:55,574 - INFO - Allocating UMIs for gene 8300...
2024-07-20 23:43:55,693 - INFO - Allocating UMIs for gene 8400...
2024-07-20 23:43:55,875 - INFO - Allocating UMIs for gene 8500...
2024-07-20 23:43:56,067 - INFO - Allocating UMIs for gene 8600...
2024-07-20 23:43:56,235 - INFO - Allocating UMIs for gene 8700...
2024-07-20 23:43:56,309 - INFO - Allocating UMIs for gene 8800...
2024-07-20 23:43:56,513 - INFO - Allocating UMIs for gene 8900...
2024-07-20 23:43:56,640 - INFO - Allocating UMIs for gene 9000...
2024-07-20 23:43:56,791 - INFO - Allocating UMIs for gene 9100...
2024-07-20 23:43:57,006 - INFO - Allocating UMIs for gene 9200...
2024-07-20 23:43:57,183 - INFO - Allocating UMIs for gene 9300...
2024-07-20 23:43:57,393 - INFO - Allocating UMIs for gene 9400...
2024-07-20 23:43:57,623 - INFO - Allocating UMIs for gene 9500...
2024-07-20 23:43:57,840 - INFO - Allocating UMIs for gene 9600...
2024-07-20 23:43:57,980 - INFO - Allocating UMIs for gene 9700...
2024-07-20 23:43:58,183 - INFO - Allocating UMIs for gene 9800...
2024-07-20 23:43:58,425 - INFO - Allocating UMIs for gene 9900...
2024-07-20 23:43:58,651 - INFO - UMI allocation complete.
2024-07-20 23:43:58,651 - INFO - Counting overall UMI occurrences...
2024-07-20 23:43:58,660 - INFO - Counting inter-gene collisions...
2024-07-20 23:43:58,750 - INFO - Total UMIs allocated: 59872
2024-07-20 23:43:58,750 - INFO - Number of unique UMIs assigned to genes: 59868
2024-07-20 23:43:58,750 - INFO - Inter-gene collisions: 4
2024-07-20 23:43:58,750 - INFO - Inter-gene collision rate: 0.00007
2024-07-20 23:43:58,750 - INFO - Writing gene UMI counts to file...
2024-07-20 23:43:58,776 - INFO - Writing UMI inter-gene collisions to file...
2024-07-20 23:43:58,781 - INFO - Simulation complete.
