2024-07-20 23:07:15,394 - INFO - Simulation Script Version: 0.0.2
2024-07-20 23:07:15,397 - INFO - Simulation Parameters:
2024-07-20 23:07:15,397 - INFO - Length of UMI: 10
2024-07-20 23:07:15,397 - INFO - Number of genes: 10000
2024-07-20 23:07:15,397 - INFO - Parameters file: None
2024-07-20 23:07:15,397 - INFO - Mean (mu): 6.0
2024-07-20 23:07:15,397 - INFO - Dispersion (theta): 6.0
2024-07-20 23:07:15,397 - INFO - Use Poisson distribution: False
2024-07-20 23:07:15,397 - INFO - Gene UMI counts file: gene_10000_umi16_counts_rep4.txt
2024-07-20 23:07:15,397 - INFO - UMI collisions file: umi16_10000_collisions_rep4.txt
2024-07-20 23:07:15,397 - INFO - Seed: None
2024-07-20 23:07:15,397 - INFO - Log file: umi16_10000_rep4.log
2024-07-20 23:07:15,397 - INFO - UMI file: /varidata/research/projects/shen/projects/2024_Bens_swan_song/src/umi_collisions/umi_16.txt
2024-07-20 23:07:15,397 - INFO - No seed specified. Generated random seed: 675909167
2024-07-20 23:07:15,397 - INFO - Using UMIs from file: /varidata/research/projects/shen/projects/2024_Bens_swan_song/src/umi_collisions/umi_16.txt
2024-07-20 23:12:18,146 - INFO - Total UMIs loaded: 4294967296
2024-07-20 23:12:18,147 - INFO - Loading parameters...
2024-07-20 23:12:18,147 - INFO - Sampling read depths for each gene...
2024-07-20 23:12:18,493 - INFO - Read depths sampling complete.
2024-07-20 23:12:18,493 - INFO - Allocating UMIs based on sampled read depths...
2024-07-20 23:12:18,493 - INFO - Allocating UMIs for gene 0...
2024-07-20 23:12:18,519 - INFO - Allocating UMIs for gene 100...
2024-07-20 23:12:18,547 - INFO - Allocating UMIs for gene 200...
2024-07-20 23:12:18,598 - INFO - Allocating UMIs for gene 300...
2024-07-20 23:12:18,626 - INFO - Allocating UMIs for gene 400...
2024-07-20 23:12:18,664 - INFO - Allocating UMIs for gene 500...
2024-07-20 23:12:18,705 - INFO - Allocating UMIs for gene 600...
2024-07-20 23:12:18,728 - INFO - Allocating UMIs for gene 700...
2024-07-20 23:12:18,756 - INFO - Allocating UMIs for gene 800...
2024-07-20 23:12:18,782 - INFO - Allocating UMIs for gene 900...
2024-07-20 23:12:18,825 - INFO - Allocating UMIs for gene 1000...
2024-07-20 23:12:18,861 - INFO - Allocating UMIs for gene 1100...
2024-07-20 23:12:18,891 - INFO - Allocating UMIs for gene 1200...
2024-07-20 23:12:18,918 - INFO - Allocating UMIs for gene 1300...
2024-07-20 23:12:18,967 - INFO - Allocating UMIs for gene 1400...
2024-07-20 23:12:18,999 - INFO - Allocating UMIs for gene 1500...
2024-07-20 23:12:19,032 - INFO - Allocating UMIs for gene 1600...
2024-07-20 23:12:19,062 - INFO - Allocating UMIs for gene 1700...
2024-07-20 23:12:19,114 - INFO - Allocating UMIs for gene 1800...
2024-07-20 23:12:19,146 - INFO - Allocating UMIs for gene 1900...
2024-07-20 23:12:19,178 - INFO - Allocating UMIs for gene 2000...
2024-07-20 23:12:19,210 - INFO - Allocating UMIs for gene 2100...
2024-07-20 23:12:19,249 - INFO - Allocating UMIs for gene 2200...
2024-07-20 23:12:19,300 - INFO - Allocating UMIs for gene 2300...
2024-07-20 23:12:19,328 - INFO - Allocating UMIs for gene 2400...
2024-07-20 23:12:19,358 - INFO - Allocating UMIs for gene 2500...
2024-07-20 23:12:19,391 - INFO - Allocating UMIs for gene 2600...
2024-07-20 23:12:19,427 - INFO - Allocating UMIs for gene 2700...
2024-07-20 23:12:19,485 - INFO - Allocating UMIs for gene 2800...
2024-07-20 23:12:19,517 - INFO - Allocating UMIs for gene 2900...
2024-07-20 23:12:19,550 - INFO - Allocating UMIs for gene 3000...
2024-07-20 23:12:19,594 - INFO - Allocating UMIs for gene 3100...
2024-07-20 23:12:19,639 - INFO - Allocating UMIs for gene 3200...
2024-07-20 23:12:19,686 - INFO - Allocating UMIs for gene 3300...
2024-07-20 23:12:19,727 - INFO - Allocating UMIs for gene 3400...
2024-07-20 23:12:19,780 - INFO - Allocating UMIs for gene 3500...
2024-07-20 23:12:19,821 - INFO - Allocating UMIs for gene 3600...
2024-07-20 23:12:19,865 - INFO - Allocating UMIs for gene 3700...
2024-07-20 23:12:19,905 - INFO - Allocating UMIs for gene 3800...
2024-07-20 23:12:19,961 - INFO - Allocating UMIs for gene 3900...
2024-07-20 23:12:20,001 - INFO - Allocating UMIs for gene 4000...
2024-07-20 23:12:20,042 - INFO - Allocating UMIs for gene 4100...
2024-07-20 23:12:20,091 - INFO - Allocating UMIs for gene 4200...
2024-07-20 23:12:20,126 - INFO - Allocating UMIs for gene 4300...
2024-07-20 23:12:20,192 - INFO - Allocating UMIs for gene 4400...
2024-07-20 23:12:20,233 - INFO - Allocating UMIs for gene 4500...
2024-07-20 23:12:20,274 - INFO - Allocating UMIs for gene 4600...
2024-07-20 23:12:20,317 - INFO - Allocating UMIs for gene 4700...
2024-07-20 23:12:20,360 - INFO - Allocating UMIs for gene 4800...
2024-07-20 23:12:20,401 - INFO - Allocating UMIs for gene 4900...
2024-07-20 23:12:20,459 - INFO - Allocating UMIs for gene 5000...
2024-07-20 23:12:20,512 - INFO - Allocating UMIs for gene 5100...
2024-07-20 23:12:20,578 - INFO - Allocating UMIs for gene 5200...
2024-07-20 23:12:20,636 - INFO - Allocating UMIs for gene 5300...
2024-07-20 23:12:20,682 - INFO - Allocating UMIs for gene 5400...
2024-07-20 23:12:20,724 - INFO - Allocating UMIs for gene 5500...
2024-07-20 23:12:20,781 - INFO - Allocating UMIs for gene 5600...
2024-07-20 23:12:20,837 - INFO - Allocating UMIs for gene 5700...
2024-07-20 23:12:20,902 - INFO - Allocating UMIs for gene 5800...
2024-07-20 23:12:20,972 - INFO - Allocating UMIs for gene 5900...
2024-07-20 23:12:21,038 - INFO - Allocating UMIs for gene 6000...
2024-07-20 23:12:21,092 - INFO - Allocating UMIs for gene 6100...
2024-07-20 23:12:21,140 - INFO - Allocating UMIs for gene 6200...
2024-07-20 23:12:21,198 - INFO - Allocating UMIs for gene 6300...
2024-07-20 23:12:21,250 - INFO - Allocating UMIs for gene 6400...
2024-07-20 23:12:21,317 - INFO - Allocating UMIs for gene 6500...
2024-07-20 23:12:21,385 - INFO - Allocating UMIs for gene 6600...
2024-07-20 23:12:21,453 - INFO - Allocating UMIs for gene 6700...
2024-07-20 23:12:21,509 - INFO - Allocating UMIs for gene 6800...
2024-07-20 23:12:21,573 - INFO - Allocating UMIs for gene 6900...
2024-07-20 23:12:21,650 - INFO - Allocating UMIs for gene 7000...
2024-07-20 23:12:21,721 - INFO - Allocating UMIs for gene 7100...
2024-07-20 23:12:21,809 - INFO - Allocating UMIs for gene 7200...
2024-07-20 23:12:21,980 - INFO - Allocating UMIs for gene 7300...
2024-07-20 23:12:22,121 - INFO - Allocating UMIs for gene 7400...
2024-07-20 23:12:22,219 - INFO - Allocating UMIs for gene 7500...
2024-07-20 23:12:22,294 - INFO - Allocating UMIs for gene 7600...
2024-07-20 23:12:22,360 - INFO - Allocating UMIs for gene 7700...
2024-07-20 23:12:22,439 - INFO - Allocating UMIs for gene 7800...
2024-07-20 23:12:22,502 - INFO - Allocating UMIs for gene 7900...
2024-07-20 23:12:22,567 - INFO - Allocating UMIs for gene 8000...
2024-07-20 23:12:22,632 - INFO - Allocating UMIs for gene 8100...
2024-07-20 23:12:22,688 - INFO - Allocating UMIs for gene 8200...
2024-07-20 23:12:22,766 - INFO - Allocating UMIs for gene 8300...
2024-07-20 23:12:22,851 - INFO - Allocating UMIs for gene 8400...
2024-07-20 23:12:22,910 - INFO - Allocating UMIs for gene 8500...
2024-07-20 23:12:22,979 - INFO - Allocating UMIs for gene 8600...
2024-07-20 23:12:23,051 - INFO - Allocating UMIs for gene 8700...
2024-07-20 23:12:23,150 - INFO - Allocating UMIs for gene 8800...
2024-07-20 23:12:23,236 - INFO - Allocating UMIs for gene 8900...
2024-07-20 23:12:23,294 - INFO - Allocating UMIs for gene 9000...
2024-07-20 23:12:23,373 - INFO - Allocating UMIs for gene 9100...
2024-07-20 23:12:23,441 - INFO - Allocating UMIs for gene 9200...
2024-07-20 23:12:23,515 - INFO - Allocating UMIs for gene 9300...
2024-07-20 23:12:23,585 - INFO - Allocating UMIs for gene 9400...
2024-07-20 23:12:23,663 - INFO - Allocating UMIs for gene 9500...
2024-07-20 23:12:23,738 - INFO - Allocating UMIs for gene 9600...
2024-07-20 23:12:23,810 - INFO - Allocating UMIs for gene 9700...
2024-07-20 23:12:23,895 - INFO - Allocating UMIs for gene 9800...
2024-07-20 23:12:23,963 - INFO - Allocating UMIs for gene 9900...
2024-07-20 23:12:24,052 - INFO - UMI allocation complete.
2024-07-20 23:12:24,052 - INFO - Counting overall UMI occurrences...
2024-07-20 23:12:24,061 - INFO - Counting inter-gene collisions...
2024-07-20 23:12:24,134 - INFO - Total UMIs allocated: 59687
2024-07-20 23:12:24,134 - INFO - Number of unique UMIs assigned to genes: 59686
2024-07-20 23:12:24,134 - INFO - Inter-gene collisions: 1
2024-07-20 23:12:24,134 - INFO - Inter-gene collision rate: 0.00002
2024-07-20 23:12:24,134 - INFO - Writing gene UMI counts to file...
2024-07-20 23:12:24,160 - INFO - Writing UMI inter-gene collisions to file...
2024-07-20 23:12:24,163 - INFO - Simulation complete.
