2024-07-20 23:12:25,089 - INFO - Simulation Script Version: 0.0.2
2024-07-20 23:12:25,092 - INFO - Simulation Parameters:
2024-07-20 23:12:25,092 - INFO - Length of UMI: 10
2024-07-20 23:12:25,092 - INFO - Number of genes: 10000
2024-07-20 23:12:25,092 - INFO - Parameters file: None
2024-07-20 23:12:25,092 - INFO - Mean (mu): 6.0
2024-07-20 23:12:25,092 - INFO - Dispersion (theta): 6.0
2024-07-20 23:12:25,092 - INFO - Use Poisson distribution: False
2024-07-20 23:12:25,092 - INFO - Gene UMI counts file: gene_10000_umi16_counts_rep5.txt
2024-07-20 23:12:25,093 - INFO - UMI collisions file: umi16_10000_collisions_rep5.txt
2024-07-20 23:12:25,093 - INFO - Seed: None
2024-07-20 23:12:25,093 - INFO - Log file: umi16_10000_rep5.log
2024-07-20 23:12:25,093 - INFO - UMI file: /varidata/research/projects/shen/projects/2024_Bens_swan_song/src/umi_collisions/umi_16.txt
2024-07-20 23:12:25,093 - INFO - No seed specified. Generated random seed: 3142593491
2024-07-20 23:12:25,093 - INFO - Using UMIs from file: /varidata/research/projects/shen/projects/2024_Bens_swan_song/src/umi_collisions/umi_16.txt
2024-07-20 23:17:32,175 - INFO - Total UMIs loaded: 4294967296
2024-07-20 23:17:32,175 - INFO - Loading parameters...
2024-07-20 23:17:32,175 - INFO - Sampling read depths for each gene...
2024-07-20 23:17:32,521 - INFO - Read depths sampling complete.
2024-07-20 23:17:32,521 - INFO - Allocating UMIs based on sampled read depths...
2024-07-20 23:17:32,521 - INFO - Allocating UMIs for gene 0...
2024-07-20 23:17:32,547 - INFO - Allocating UMIs for gene 100...
2024-07-20 23:17:32,570 - INFO - Allocating UMIs for gene 200...
2024-07-20 23:17:32,592 - INFO - Allocating UMIs for gene 300...
2024-07-20 23:17:32,613 - INFO - Allocating UMIs for gene 400...
2024-07-20 23:17:32,634 - INFO - Allocating UMIs for gene 500...
2024-07-20 23:17:32,658 - INFO - Allocating UMIs for gene 600...
2024-07-20 23:17:32,680 - INFO - Allocating UMIs for gene 700...
2024-07-20 23:17:32,717 - INFO - Allocating UMIs for gene 800...
2024-07-20 23:17:32,742 - INFO - Allocating UMIs for gene 900...
2024-07-20 23:17:32,764 - INFO - Allocating UMIs for gene 1000...
2024-07-20 23:17:32,786 - INFO - Allocating UMIs for gene 1100...
2024-07-20 23:17:32,822 - INFO - Allocating UMIs for gene 1200...
2024-07-20 23:17:32,843 - INFO - Allocating UMIs for gene 1300...
2024-07-20 23:17:32,870 - INFO - Allocating UMIs for gene 1400...
2024-07-20 23:17:32,896 - INFO - Allocating UMIs for gene 1500...
2024-07-20 23:17:32,921 - INFO - Allocating UMIs for gene 1600...
2024-07-20 23:17:32,941 - INFO - Allocating UMIs for gene 1700...
2024-07-20 23:17:32,972 - INFO - Allocating UMIs for gene 1800...
2024-07-20 23:17:33,012 - INFO - Allocating UMIs for gene 1900...
2024-07-20 23:17:33,041 - INFO - Allocating UMIs for gene 2000...
2024-07-20 23:17:33,069 - INFO - Allocating UMIs for gene 2100...
2024-07-20 23:17:33,095 - INFO - Allocating UMIs for gene 2200...
2024-07-20 23:17:33,117 - INFO - Allocating UMIs for gene 2300...
2024-07-20 23:17:33,147 - INFO - Allocating UMIs for gene 2400...
2024-07-20 23:17:33,174 - INFO - Allocating UMIs for gene 2500...
2024-07-20 23:17:33,203 - INFO - Allocating UMIs for gene 2600...
2024-07-20 23:17:33,236 - INFO - Allocating UMIs for gene 2700...
2024-07-20 23:17:33,266 - INFO - Allocating UMIs for gene 2800...
2024-07-20 23:17:33,296 - INFO - Allocating UMIs for gene 2900...
2024-07-20 23:17:33,325 - INFO - Allocating UMIs for gene 3000...
2024-07-20 23:17:33,356 - INFO - Allocating UMIs for gene 3100...
2024-07-20 23:17:33,389 - INFO - Allocating UMIs for gene 3200...
2024-07-20 23:17:33,422 - INFO - Allocating UMIs for gene 3300...
2024-07-20 23:17:33,452 - INFO - Allocating UMIs for gene 3400...
2024-07-20 23:17:33,485 - INFO - Allocating UMIs for gene 3500...
2024-07-20 23:17:33,527 - INFO - Allocating UMIs for gene 3600...
2024-07-20 23:17:33,580 - INFO - Allocating UMIs for gene 3700...
2024-07-20 23:17:33,609 - INFO - Allocating UMIs for gene 3800...
2024-07-20 23:17:33,642 - INFO - Allocating UMIs for gene 3900...
2024-07-20 23:17:33,673 - INFO - Allocating UMIs for gene 4000...
2024-07-20 23:17:33,703 - INFO - Allocating UMIs for gene 4100...
2024-07-20 23:17:33,732 - INFO - Allocating UMIs for gene 4200...
2024-07-20 23:17:33,769 - INFO - Allocating UMIs for gene 4300...
2024-07-20 23:17:33,801 - INFO - Allocating UMIs for gene 4400...
2024-07-20 23:17:33,835 - INFO - Allocating UMIs for gene 4500...
2024-07-20 23:17:33,893 - INFO - Allocating UMIs for gene 4600...
2024-07-20 23:17:33,925 - INFO - Allocating UMIs for gene 4700...
2024-07-20 23:17:33,961 - INFO - Allocating UMIs for gene 4800...
2024-07-20 23:17:34,007 - INFO - Allocating UMIs for gene 4900...
2024-07-20 23:17:34,045 - INFO - Allocating UMIs for gene 5000...
2024-07-20 23:17:34,080 - INFO - Allocating UMIs for gene 5100...
2024-07-20 23:17:34,119 - INFO - Allocating UMIs for gene 5200...
2024-07-20 23:17:34,156 - INFO - Allocating UMIs for gene 5300...
2024-07-20 23:17:34,196 - INFO - Allocating UMIs for gene 5400...
2024-07-20 23:17:34,244 - INFO - Allocating UMIs for gene 5500...
2024-07-20 23:17:34,288 - INFO - Allocating UMIs for gene 5600...
2024-07-20 23:17:34,333 - INFO - Allocating UMIs for gene 5700...
2024-07-20 23:17:34,376 - INFO - Allocating UMIs for gene 5800...
2024-07-20 23:17:34,414 - INFO - Allocating UMIs for gene 5900...
2024-07-20 23:17:34,457 - INFO - Allocating UMIs for gene 6000...
2024-07-20 23:17:34,496 - INFO - Allocating UMIs for gene 6100...
2024-07-20 23:17:34,532 - INFO - Allocating UMIs for gene 6200...
2024-07-20 23:17:34,591 - INFO - Allocating UMIs for gene 6300...
2024-07-20 23:17:34,676 - INFO - Allocating UMIs for gene 6400...
2024-07-20 23:17:34,714 - INFO - Allocating UMIs for gene 6500...
2024-07-20 23:17:34,753 - INFO - Allocating UMIs for gene 6600...
2024-07-20 23:17:34,798 - INFO - Allocating UMIs for gene 6700...
2024-07-20 23:17:34,845 - INFO - Allocating UMIs for gene 6800...
2024-07-20 23:17:34,886 - INFO - Allocating UMIs for gene 6900...
2024-07-20 23:17:34,930 - INFO - Allocating UMIs for gene 7000...
2024-07-20 23:17:34,987 - INFO - Allocating UMIs for gene 7100...
2024-07-20 23:17:35,033 - INFO - Allocating UMIs for gene 7200...
2024-07-20 23:17:35,081 - INFO - Allocating UMIs for gene 7300...
2024-07-20 23:17:35,129 - INFO - Allocating UMIs for gene 7400...
2024-07-20 23:17:35,174 - INFO - Allocating UMIs for gene 7500...
2024-07-20 23:17:35,219 - INFO - Allocating UMIs for gene 7600...
2024-07-20 23:17:35,268 - INFO - Allocating UMIs for gene 7700...
2024-07-20 23:17:35,320 - INFO - Allocating UMIs for gene 7800...
2024-07-20 23:17:35,364 - INFO - Allocating UMIs for gene 7900...
2024-07-20 23:17:35,436 - INFO - Allocating UMIs for gene 8000...
2024-07-20 23:17:35,491 - INFO - Allocating UMIs for gene 8100...
2024-07-20 23:17:35,538 - INFO - Allocating UMIs for gene 8200...
2024-07-20 23:17:35,600 - INFO - Allocating UMIs for gene 8300...
2024-07-20 23:17:35,675 - INFO - Allocating UMIs for gene 8400...
2024-07-20 23:17:35,728 - INFO - Allocating UMIs for gene 8500...
2024-07-20 23:17:35,776 - INFO - Allocating UMIs for gene 8600...
2024-07-20 23:17:35,849 - INFO - Allocating UMIs for gene 8700...
2024-07-20 23:17:35,925 - INFO - Allocating UMIs for gene 8800...
2024-07-20 23:17:35,977 - INFO - Allocating UMIs for gene 8900...
2024-07-20 23:17:36,026 - INFO - Allocating UMIs for gene 9000...
2024-07-20 23:17:36,073 - INFO - Allocating UMIs for gene 9100...
2024-07-20 23:17:36,123 - INFO - Allocating UMIs for gene 9200...
2024-07-20 23:17:36,177 - INFO - Allocating UMIs for gene 9300...
2024-07-20 23:17:36,233 - INFO - Allocating UMIs for gene 9400...
2024-07-20 23:17:36,282 - INFO - Allocating UMIs for gene 9500...
2024-07-20 23:17:36,337 - INFO - Allocating UMIs for gene 9600...
2024-07-20 23:17:36,501 - INFO - Allocating UMIs for gene 9700...
2024-07-20 23:17:36,601 - INFO - Allocating UMIs for gene 9800...
2024-07-20 23:17:36,660 - INFO - Allocating UMIs for gene 9900...
2024-07-20 23:17:36,715 - INFO - UMI allocation complete.
2024-07-20 23:17:36,715 - INFO - Counting overall UMI occurrences...
2024-07-20 23:17:36,724 - INFO - Counting inter-gene collisions...
2024-07-20 23:17:36,799 - INFO - Total UMIs allocated: 59572
2024-07-20 23:17:36,799 - INFO - Number of unique UMIs assigned to genes: 59571
2024-07-20 23:17:36,799 - INFO - Inter-gene collisions: 1
2024-07-20 23:17:36,799 - INFO - Inter-gene collision rate: 0.00002
2024-07-20 23:17:36,799 - INFO - Writing gene UMI counts to file...
2024-07-20 23:17:36,822 - INFO - Writing UMI inter-gene collisions to file...
2024-07-20 23:17:36,824 - INFO - Simulation complete.
