2024-07-20 23:33:16,006 - INFO - Simulation Script Version: 0.0.2
2024-07-20 23:33:16,008 - INFO - Simulation Parameters:
2024-07-20 23:33:16,008 - INFO - Length of UMI: 10
2024-07-20 23:33:16,008 - INFO - Number of genes: 10000
2024-07-20 23:33:16,008 - INFO - Parameters file: None
2024-07-20 23:33:16,008 - INFO - Mean (mu): 6.0
2024-07-20 23:33:16,008 - INFO - Dispersion (theta): 6.0
2024-07-20 23:33:16,008 - INFO - Use Poisson distribution: False
2024-07-20 23:33:16,008 - INFO - Gene UMI counts file: gene_10000_umi16_counts_rep9.txt
2024-07-20 23:33:16,008 - INFO - UMI collisions file: umi16_10000_collisions_rep9.txt
2024-07-20 23:33:16,008 - INFO - Seed: None
2024-07-20 23:33:16,008 - INFO - Log file: umi16_10000_rep9.log
2024-07-20 23:33:16,008 - INFO - UMI file: /varidata/research/projects/shen/projects/2024_Bens_swan_song/src/umi_collisions/umi_16.txt
2024-07-20 23:33:16,008 - INFO - No seed specified. Generated random seed: 1431298949
2024-07-20 23:33:16,008 - INFO - Using UMIs from file: /varidata/research/projects/shen/projects/2024_Bens_swan_song/src/umi_collisions/umi_16.txt
2024-07-20 23:38:25,262 - INFO - Total UMIs loaded: 4294967296
2024-07-20 23:38:25,263 - INFO - Loading parameters...
2024-07-20 23:38:25,263 - INFO - Sampling read depths for each gene...
2024-07-20 23:38:25,610 - INFO - Read depths sampling complete.
2024-07-20 23:38:25,610 - INFO - Allocating UMIs based on sampled read depths...
2024-07-20 23:38:25,610 - INFO - Allocating UMIs for gene 0...
2024-07-20 23:38:25,790 - INFO - Allocating UMIs for gene 100...
2024-07-20 23:38:25,905 - INFO - Allocating UMIs for gene 200...
2024-07-20 23:38:25,968 - INFO - Allocating UMIs for gene 300...
2024-07-20 23:38:26,247 - INFO - Allocating UMIs for gene 400...
2024-07-20 23:38:26,386 - INFO - Allocating UMIs for gene 500...
2024-07-20 23:38:26,593 - INFO - Allocating UMIs for gene 600...
2024-07-20 23:38:26,777 - INFO - Allocating UMIs for gene 700...
2024-07-20 23:38:26,897 - INFO - Allocating UMIs for gene 800...
2024-07-20 23:38:27,078 - INFO - Allocating UMIs for gene 900...
2024-07-20 23:38:27,303 - INFO - Allocating UMIs for gene 1000...
2024-07-20 23:38:27,423 - INFO - Allocating UMIs for gene 1100...
2024-07-20 23:38:27,567 - INFO - Allocating UMIs for gene 1200...
2024-07-20 23:38:27,755 - INFO - Allocating UMIs for gene 1300...
2024-07-20 23:38:27,877 - INFO - Allocating UMIs for gene 1400...
2024-07-20 23:38:28,016 - INFO - Allocating UMIs for gene 1500...
2024-07-20 23:38:28,179 - INFO - Allocating UMIs for gene 1600...
2024-07-20 23:38:28,346 - INFO - Allocating UMIs for gene 1700...
2024-07-20 23:38:28,595 - INFO - Allocating UMIs for gene 1800...
2024-07-20 23:38:28,814 - INFO - Allocating UMIs for gene 1900...
2024-07-20 23:38:28,942 - INFO - Allocating UMIs for gene 2000...
2024-07-20 23:38:29,201 - INFO - Allocating UMIs for gene 2100...
2024-07-20 23:38:29,453 - INFO - Allocating UMIs for gene 2200...
2024-07-20 23:38:29,740 - INFO - Allocating UMIs for gene 2300...
2024-07-20 23:38:29,896 - INFO - Allocating UMIs for gene 2400...
2024-07-20 23:38:30,174 - INFO - Allocating UMIs for gene 2500...
2024-07-20 23:38:30,370 - INFO - Allocating UMIs for gene 2600...
2024-07-20 23:38:30,612 - INFO - Allocating UMIs for gene 2700...
2024-07-20 23:38:30,739 - INFO - Allocating UMIs for gene 2800...
2024-07-20 23:38:30,972 - INFO - Allocating UMIs for gene 2900...
2024-07-20 23:38:31,340 - INFO - Allocating UMIs for gene 3000...
2024-07-20 23:38:31,582 - INFO - Allocating UMIs for gene 3100...
2024-07-20 23:38:31,871 - INFO - Allocating UMIs for gene 3200...
2024-07-20 23:38:32,120 - INFO - Allocating UMIs for gene 3300...
2024-07-20 23:38:32,437 - INFO - Allocating UMIs for gene 3400...
2024-07-20 23:38:32,714 - INFO - Allocating UMIs for gene 3500...
2024-07-20 23:38:33,007 - INFO - Allocating UMIs for gene 3600...
2024-07-20 23:38:33,290 - INFO - Allocating UMIs for gene 3700...
2024-07-20 23:38:33,510 - INFO - Allocating UMIs for gene 3800...
2024-07-20 23:38:33,819 - INFO - Allocating UMIs for gene 3900...
2024-07-20 23:38:34,064 - INFO - Allocating UMIs for gene 4000...
2024-07-20 23:38:34,279 - INFO - Allocating UMIs for gene 4100...
2024-07-20 23:38:34,589 - INFO - Allocating UMIs for gene 4200...
2024-07-20 23:38:34,978 - INFO - Allocating UMIs for gene 4300...
2024-07-20 23:38:35,219 - INFO - Allocating UMIs for gene 4400...
2024-07-20 23:38:35,397 - INFO - Allocating UMIs for gene 4500...
2024-07-20 23:38:35,955 - INFO - Allocating UMIs for gene 4600...
2024-07-20 23:38:36,290 - INFO - Allocating UMIs for gene 4700...
2024-07-20 23:38:36,661 - INFO - Allocating UMIs for gene 4800...
2024-07-20 23:38:36,951 - INFO - Allocating UMIs for gene 4900...
2024-07-20 23:38:37,363 - INFO - Allocating UMIs for gene 5000...
2024-07-20 23:38:37,706 - INFO - Allocating UMIs for gene 5100...
2024-07-20 23:38:37,993 - INFO - Allocating UMIs for gene 5200...
2024-07-20 23:38:38,264 - INFO - Allocating UMIs for gene 5300...
2024-07-20 23:38:38,716 - INFO - Allocating UMIs for gene 5400...
2024-07-20 23:38:39,133 - INFO - Allocating UMIs for gene 5500...
2024-07-20 23:38:39,429 - INFO - Allocating UMIs for gene 5600...
2024-07-20 23:38:39,691 - INFO - Allocating UMIs for gene 5700...
2024-07-20 23:38:39,909 - INFO - Allocating UMIs for gene 5800...
2024-07-20 23:38:40,192 - INFO - Allocating UMIs for gene 5900...
2024-07-20 23:38:40,629 - INFO - Allocating UMIs for gene 6000...
2024-07-20 23:38:41,001 - INFO - Allocating UMIs for gene 6100...
2024-07-20 23:38:41,401 - INFO - Allocating UMIs for gene 6200...
2024-07-20 23:38:41,960 - INFO - Allocating UMIs for gene 6300...
2024-07-20 23:38:42,384 - INFO - Allocating UMIs for gene 6400...
2024-07-20 23:38:42,789 - INFO - Allocating UMIs for gene 6500...
2024-07-20 23:38:43,196 - INFO - Allocating UMIs for gene 6600...
2024-07-20 23:38:43,541 - INFO - Allocating UMIs for gene 6700...
2024-07-20 23:38:43,834 - INFO - Allocating UMIs for gene 6800...
2024-07-20 23:38:44,407 - INFO - Allocating UMIs for gene 6900...
2024-07-20 23:38:44,811 - INFO - Allocating UMIs for gene 7000...
2024-07-20 23:38:45,265 - INFO - Allocating UMIs for gene 7100...
2024-07-20 23:38:45,668 - INFO - Allocating UMIs for gene 7200...
2024-07-20 23:38:46,064 - INFO - Allocating UMIs for gene 7300...
2024-07-20 23:38:46,423 - INFO - Allocating UMIs for gene 7400...
2024-07-20 23:38:46,798 - INFO - Allocating UMIs for gene 7500...
2024-07-20 23:38:47,257 - INFO - Allocating UMIs for gene 7600...
2024-07-20 23:38:47,744 - INFO - Allocating UMIs for gene 7700...
2024-07-20 23:38:48,084 - INFO - Allocating UMIs for gene 7800...
2024-07-20 23:38:48,553 - INFO - Allocating UMIs for gene 7900...
2024-07-20 23:38:48,995 - INFO - Allocating UMIs for gene 8000...
2024-07-20 23:38:49,429 - INFO - Allocating UMIs for gene 8100...
2024-07-20 23:38:49,841 - INFO - Allocating UMIs for gene 8200...
2024-07-20 23:38:50,300 - INFO - Allocating UMIs for gene 8300...
2024-07-20 23:38:50,748 - INFO - Allocating UMIs for gene 8400...
2024-07-20 23:38:51,377 - INFO - Allocating UMIs for gene 8500...
2024-07-20 23:38:51,846 - INFO - Allocating UMIs for gene 8600...
2024-07-20 23:38:52,253 - INFO - Allocating UMIs for gene 8700...
2024-07-20 23:38:52,775 - INFO - Allocating UMIs for gene 8800...
2024-07-20 23:38:53,125 - INFO - Allocating UMIs for gene 8900...
2024-07-20 23:38:53,605 - INFO - Allocating UMIs for gene 9000...
2024-07-20 23:38:54,248 - INFO - Allocating UMIs for gene 9100...
2024-07-20 23:38:54,851 - INFO - Allocating UMIs for gene 9200...
2024-07-20 23:38:55,563 - INFO - Allocating UMIs for gene 9300...
2024-07-20 23:38:56,025 - INFO - Allocating UMIs for gene 9400...
2024-07-20 23:38:56,459 - INFO - Allocating UMIs for gene 9500...
2024-07-20 23:38:57,068 - INFO - Allocating UMIs for gene 9600...
2024-07-20 23:38:57,507 - INFO - Allocating UMIs for gene 9700...
2024-07-20 23:38:58,014 - INFO - Allocating UMIs for gene 9800...
2024-07-20 23:38:58,438 - INFO - Allocating UMIs for gene 9900...
2024-07-20 23:38:58,900 - INFO - UMI allocation complete.
2024-07-20 23:38:58,900 - INFO - Counting overall UMI occurrences...
2024-07-20 23:38:58,909 - INFO - Counting inter-gene collisions...
2024-07-20 23:38:58,997 - INFO - Total UMIs allocated: 59310
2024-07-20 23:38:58,997 - INFO - Number of unique UMIs assigned to genes: 59307
2024-07-20 23:38:58,997 - INFO - Inter-gene collisions: 3
2024-07-20 23:38:58,997 - INFO - Inter-gene collision rate: 0.00005
2024-07-20 23:38:58,997 - INFO - Writing gene UMI counts to file...
2024-07-20 23:38:59,006 - INFO - Writing UMI inter-gene collisions to file...
2024-07-20 23:38:59,010 - INFO - Simulation complete.
