2024-07-23 15:38:22,666 - INFO - Simulation Script Version: 0.0.2
2024-07-23 15:38:22,666 - INFO - Simulation Parameters:
2024-07-23 15:38:22,666 - INFO - Length of UMI: 10
2024-07-23 15:38:22,666 - INFO - Number of genes: 6000
2024-07-23 15:38:22,666 - INFO - Parameters file: None
2024-07-23 15:38:22,666 - INFO - Mean (mu): 6.0
2024-07-23 15:38:22,666 - INFO - Dispersion (theta): 6.0
2024-07-23 15:38:22,666 - INFO - Use Poisson distribution: False
2024-07-23 15:38:22,666 - INFO - Gene UMI counts file: gene_6000_umi10_counts_rep10.txt
2024-07-23 15:38:22,666 - INFO - UMI collisions file: umi10_6000_collisions_rep10.txt
2024-07-23 15:38:22,666 - INFO - Seed: None
2024-07-23 15:38:22,666 - INFO - Log file: umi10_6000_rep10.log
2024-07-23 15:38:22,666 - INFO - No seed specified. Generated random seed: 3438072961
2024-07-23 15:38:22,667 - INFO - Generating all possible UMIs...
2024-07-23 15:38:22,956 - INFO - Total possible UMIs generated: 262144
2024-07-23 15:38:22,956 - INFO - Loading parameters...
2024-07-23 15:38:22,956 - INFO - Sampling read depths for each gene...
2024-07-23 15:38:23,163 - INFO - Read depths sampling complete.
2024-07-23 15:38:23,163 - INFO - Allocating UMIs based on sampled read depths...
2024-07-23 15:38:23,163 - INFO - Allocating UMIs for gene 0...
2024-07-23 15:38:27,727 - INFO - Allocating UMIs for gene 100...
2024-07-23 15:38:32,345 - INFO - Allocating UMIs for gene 200...
2024-07-23 15:38:36,834 - INFO - Allocating UMIs for gene 300...
2024-07-23 15:38:41,304 - INFO - Allocating UMIs for gene 400...
2024-07-23 15:38:45,794 - INFO - Allocating UMIs for gene 500...
2024-07-23 15:38:50,233 - INFO - Allocating UMIs for gene 600...
2024-07-23 15:38:54,740 - INFO - Allocating UMIs for gene 700...
2024-07-23 15:38:59,269 - INFO - Allocating UMIs for gene 800...
2024-07-23 15:39:03,882 - INFO - Allocating UMIs for gene 900...
2024-07-23 15:39:08,417 - INFO - Allocating UMIs for gene 1000...
2024-07-23 15:39:12,972 - INFO - Allocating UMIs for gene 1100...
2024-07-23 15:39:17,556 - INFO - Allocating UMIs for gene 1200...
2024-07-23 15:39:21,998 - INFO - Allocating UMIs for gene 1300...
2024-07-23 15:39:26,553 - INFO - Allocating UMIs for gene 1400...
2024-07-23 15:39:31,029 - INFO - Allocating UMIs for gene 1500...
2024-07-23 15:39:35,587 - INFO - Allocating UMIs for gene 1600...
2024-07-23 15:39:40,119 - INFO - Allocating UMIs for gene 1700...
2024-07-23 15:39:44,508 - INFO - Allocating UMIs for gene 1800...
2024-07-23 15:39:49,024 - INFO - Allocating UMIs for gene 1900...
2024-07-23 15:39:53,573 - INFO - Allocating UMIs for gene 2000...
2024-07-23 15:39:58,153 - INFO - Allocating UMIs for gene 2100...
2024-07-23 15:40:02,578 - INFO - Allocating UMIs for gene 2200...
2024-07-23 15:40:07,179 - INFO - Allocating UMIs for gene 2300...
2024-07-23 15:40:11,675 - INFO - Allocating UMIs for gene 2400...
2024-07-23 15:40:16,100 - INFO - Allocating UMIs for gene 2500...
2024-07-23 15:40:20,664 - INFO - Allocating UMIs for gene 2600...
2024-07-23 15:40:24,986 - INFO - Allocating UMIs for gene 2700...
2024-07-23 15:40:29,541 - INFO - Allocating UMIs for gene 2800...
2024-07-23 15:40:34,081 - INFO - Allocating UMIs for gene 2900...
2024-07-23 15:40:38,505 - INFO - Allocating UMIs for gene 3000...
2024-07-23 15:40:43,055 - INFO - Allocating UMIs for gene 3100...
2024-07-23 15:40:47,630 - INFO - Allocating UMIs for gene 3200...
2024-07-23 15:40:51,999 - INFO - Allocating UMIs for gene 3300...
2024-07-23 15:40:56,498 - INFO - Allocating UMIs for gene 3400...
2024-07-23 15:41:01,050 - INFO - Allocating UMIs for gene 3500...
2024-07-23 15:41:05,554 - INFO - Allocating UMIs for gene 3600...
2024-07-23 15:41:09,926 - INFO - Allocating UMIs for gene 3700...
2024-07-23 15:41:14,426 - INFO - Allocating UMIs for gene 3800...
2024-07-23 15:41:18,982 - INFO - Allocating UMIs for gene 3900...
2024-07-23 15:41:23,533 - INFO - Allocating UMIs for gene 4000...
2024-07-23 15:41:28,085 - INFO - Allocating UMIs for gene 4100...
2024-07-23 15:41:32,549 - INFO - Allocating UMIs for gene 4200...
2024-07-23 15:41:36,914 - INFO - Allocating UMIs for gene 4300...
2024-07-23 15:41:41,464 - INFO - Allocating UMIs for gene 4400...
2024-07-23 15:41:45,928 - INFO - Allocating UMIs for gene 4500...
2024-07-23 15:41:50,384 - INFO - Allocating UMIs for gene 4600...
2024-07-23 15:41:54,933 - INFO - Allocating UMIs for gene 4700...
2024-07-23 15:41:59,479 - INFO - Allocating UMIs for gene 4800...
2024-07-23 15:42:03,976 - INFO - Allocating UMIs for gene 4900...
2024-07-23 15:42:08,504 - INFO - Allocating UMIs for gene 5000...
2024-07-23 15:42:12,901 - INFO - Allocating UMIs for gene 5100...
2024-07-23 15:42:17,413 - INFO - Allocating UMIs for gene 5200...
2024-07-23 15:42:21,827 - INFO - Allocating UMIs for gene 5300...
2024-07-23 15:42:26,375 - INFO - Allocating UMIs for gene 5400...
2024-07-23 15:42:30,927 - INFO - Allocating UMIs for gene 5500...
2024-07-23 15:42:35,447 - INFO - Allocating UMIs for gene 5600...
2024-07-23 15:42:39,957 - INFO - Allocating UMIs for gene 5700...
2024-07-23 15:42:44,422 - INFO - Allocating UMIs for gene 5800...
2024-07-23 15:42:48,923 - INFO - Allocating UMIs for gene 5900...
2024-07-23 15:42:53,380 - INFO - UMI allocation complete.
2024-07-23 15:42:53,380 - INFO - Counting overall UMI occurrences...
2024-07-23 15:42:53,395 - INFO - Counting inter-gene collisions...
2024-07-23 15:42:53,459 - INFO - Total UMIs generated: 262144
2024-07-23 15:42:53,459 - INFO - Total UMIs allocated: 36304
2024-07-23 15:42:53,459 - INFO - Number of unique UMIs assigned to genes: 33920
2024-07-23 15:42:53,459 - INFO - Inter-gene collisions: 2383
2024-07-23 15:42:53,459 - INFO - Inter-gene collision rate: 0.06564
2024-07-23 15:42:53,459 - INFO - Writing gene UMI counts to file...
2024-07-23 15:42:53,461 - INFO - Writing UMI inter-gene collisions to file...
2024-07-23 15:42:53,462 - INFO - Simulation complete.
