2024-07-23 14:57:39,804 - INFO - Simulation Script Version: 0.0.2
2024-07-23 14:57:39,804 - INFO - Simulation Parameters:
2024-07-23 14:57:39,804 - INFO - Length of UMI: 10
2024-07-23 14:57:39,804 - INFO - Number of genes: 6000
2024-07-23 14:57:39,804 - INFO - Parameters file: None
2024-07-23 14:57:39,804 - INFO - Mean (mu): 6.0
2024-07-23 14:57:39,804 - INFO - Dispersion (theta): 6.0
2024-07-23 14:57:39,804 - INFO - Use Poisson distribution: False
2024-07-23 14:57:39,804 - INFO - Gene UMI counts file: gene_6000_umi10_counts_rep1.txt
2024-07-23 14:57:39,804 - INFO - UMI collisions file: umi10_6000_collisions.txt
2024-07-23 14:57:39,804 - INFO - Seed: None
2024-07-23 14:57:39,804 - INFO - Log file: umi10_6000_rep1.log
2024-07-23 14:57:39,804 - INFO - No seed specified. Generated random seed: 3500853173
2024-07-23 14:57:39,805 - INFO - Generating all possible UMIs...
2024-07-23 14:57:40,089 - INFO - Total possible UMIs generated: 262144
2024-07-23 14:57:40,089 - INFO - Loading parameters...
2024-07-23 14:57:40,089 - INFO - Sampling read depths for each gene...
2024-07-23 14:57:40,312 - INFO - Read depths sampling complete.
2024-07-23 14:57:40,312 - INFO - Allocating UMIs based on sampled read depths...
2024-07-23 14:57:40,312 - INFO - Allocating UMIs for gene 0...
2024-07-23 14:57:45,179 - INFO - Allocating UMIs for gene 100...
2024-07-23 14:57:50,126 - INFO - Allocating UMIs for gene 200...
2024-07-23 14:57:54,954 - INFO - Allocating UMIs for gene 300...
2024-07-23 14:58:00,046 - INFO - Allocating UMIs for gene 400...
2024-07-23 14:58:05,080 - INFO - Allocating UMIs for gene 500...
2024-07-23 14:58:10,230 - INFO - Allocating UMIs for gene 600...
2024-07-23 14:58:15,118 - INFO - Allocating UMIs for gene 700...
2024-07-23 14:58:19,959 - INFO - Allocating UMIs for gene 800...
2024-07-23 14:58:24,989 - INFO - Allocating UMIs for gene 900...
2024-07-23 14:58:29,992 - INFO - Allocating UMIs for gene 1000...
2024-07-23 14:58:35,219 - INFO - Allocating UMIs for gene 1100...
2024-07-23 14:58:40,079 - INFO - Allocating UMIs for gene 1200...
2024-07-23 14:58:44,928 - INFO - Allocating UMIs for gene 1300...
2024-07-23 14:58:49,814 - INFO - Allocating UMIs for gene 1400...
2024-07-23 14:58:54,599 - INFO - Allocating UMIs for gene 1500...
2024-07-23 14:58:59,541 - INFO - Allocating UMIs for gene 1600...
2024-07-23 14:59:04,391 - INFO - Allocating UMIs for gene 1700...
2024-07-23 14:59:09,249 - INFO - Allocating UMIs for gene 1800...
2024-07-23 14:59:13,958 - INFO - Allocating UMIs for gene 1900...
2024-07-23 14:59:18,768 - INFO - Allocating UMIs for gene 2000...
2024-07-23 14:59:23,947 - INFO - Allocating UMIs for gene 2100...
2024-07-23 14:59:28,813 - INFO - Allocating UMIs for gene 2200...
2024-07-23 14:59:33,554 - INFO - Allocating UMIs for gene 2300...
2024-07-23 14:59:38,246 - INFO - Allocating UMIs for gene 2400...
2024-07-23 14:59:42,901 - INFO - Allocating UMIs for gene 2500...
2024-07-23 14:59:47,589 - INFO - Allocating UMIs for gene 2600...
2024-07-23 14:59:52,413 - INFO - Allocating UMIs for gene 2700...
2024-07-23 14:59:57,009 - INFO - Allocating UMIs for gene 2800...
2024-07-23 15:00:01,624 - INFO - Allocating UMIs for gene 2900...
2024-07-23 15:00:06,410 - INFO - Allocating UMIs for gene 3000...
2024-07-23 15:00:11,265 - INFO - Allocating UMIs for gene 3100...
2024-07-23 15:00:15,973 - INFO - Allocating UMIs for gene 3200...
2024-07-23 15:00:20,753 - INFO - Allocating UMIs for gene 3300...
2024-07-23 15:00:25,439 - INFO - Allocating UMIs for gene 3400...
2024-07-23 15:00:30,127 - INFO - Allocating UMIs for gene 3500...
2024-07-23 15:00:34,885 - INFO - Allocating UMIs for gene 3600...
2024-07-23 15:00:39,621 - INFO - Allocating UMIs for gene 3700...
2024-07-23 15:00:44,459 - INFO - Allocating UMIs for gene 3800...
2024-07-23 15:00:49,059 - INFO - Allocating UMIs for gene 3900...
2024-07-23 15:00:53,882 - INFO - Allocating UMIs for gene 4000...
2024-07-23 15:00:58,778 - INFO - Allocating UMIs for gene 4100...
2024-07-23 15:01:03,678 - INFO - Allocating UMIs for gene 4200...
2024-07-23 15:01:08,490 - INFO - Allocating UMIs for gene 4300...
2024-07-23 15:01:13,197 - INFO - Allocating UMIs for gene 4400...
2024-07-23 15:01:17,857 - INFO - Allocating UMIs for gene 4500...
2024-07-23 15:01:22,613 - INFO - Allocating UMIs for gene 4600...
2024-07-23 15:01:27,251 - INFO - Allocating UMIs for gene 4700...
2024-07-23 15:01:32,047 - INFO - Allocating UMIs for gene 4800...
2024-07-23 15:01:36,921 - INFO - Allocating UMIs for gene 4900...
2024-07-23 15:01:41,672 - INFO - Allocating UMIs for gene 5000...
2024-07-23 15:01:46,380 - INFO - Allocating UMIs for gene 5100...
2024-07-23 15:01:51,199 - INFO - Allocating UMIs for gene 5200...
2024-07-23 15:01:55,906 - INFO - Allocating UMIs for gene 5300...
2024-07-23 15:02:00,599 - INFO - Allocating UMIs for gene 5400...
2024-07-23 15:02:05,317 - INFO - Allocating UMIs for gene 5500...
2024-07-23 15:02:09,826 - INFO - Allocating UMIs for gene 5600...
2024-07-23 15:02:14,387 - INFO - Allocating UMIs for gene 5700...
2024-07-23 15:02:19,035 - INFO - Allocating UMIs for gene 5800...
2024-07-23 15:02:23,745 - INFO - Allocating UMIs for gene 5900...
2024-07-23 15:02:28,335 - INFO - UMI allocation complete.
2024-07-23 15:02:28,335 - INFO - Counting overall UMI occurrences...
2024-07-23 15:02:28,351 - INFO - Counting inter-gene collisions...
2024-07-23 15:02:28,427 - INFO - Total UMIs generated: 262144
2024-07-23 15:02:28,427 - INFO - Total UMIs allocated: 36119
2024-07-23 15:02:28,427 - INFO - Number of unique UMIs assigned to genes: 33825
2024-07-23 15:02:28,427 - INFO - Inter-gene collisions: 2294
2024-07-23 15:02:28,427 - INFO - Inter-gene collision rate: 0.06351
2024-07-23 15:02:28,427 - INFO - Writing gene UMI counts to file...
2024-07-23 15:02:28,431 - INFO - Writing UMI inter-gene collisions to file...
2024-07-23 15:02:28,433 - INFO - Simulation complete.
