2024-07-23 15:16:38,595 - INFO - Simulation Script Version: 0.0.2
2024-07-23 15:16:38,595 - INFO - Simulation Parameters:
2024-07-23 15:16:38,595 - INFO - Length of UMI: 10
2024-07-23 15:16:38,596 - INFO - Number of genes: 6000
2024-07-23 15:16:38,596 - INFO - Parameters file: None
2024-07-23 15:16:38,596 - INFO - Mean (mu): 6.0
2024-07-23 15:16:38,596 - INFO - Dispersion (theta): 6.0
2024-07-23 15:16:38,596 - INFO - Use Poisson distribution: False
2024-07-23 15:16:38,596 - INFO - Gene UMI counts file: gene_6000_umi10_counts_rep5.txt
2024-07-23 15:16:38,596 - INFO - UMI collisions file: umi10_6000_collisions_rep5.txt
2024-07-23 15:16:38,596 - INFO - Seed: None
2024-07-23 15:16:38,596 - INFO - Log file: umi10_6000_rep5.log
2024-07-23 15:16:38,596 - INFO - No seed specified. Generated random seed: 4072412216
2024-07-23 15:16:38,596 - INFO - Generating all possible UMIs...
2024-07-23 15:16:38,885 - INFO - Total possible UMIs generated: 262144
2024-07-23 15:16:38,885 - INFO - Loading parameters...
2024-07-23 15:16:38,885 - INFO - Sampling read depths for each gene...
2024-07-23 15:16:39,093 - INFO - Read depths sampling complete.
2024-07-23 15:16:39,093 - INFO - Allocating UMIs based on sampled read depths...
2024-07-23 15:16:39,093 - INFO - Allocating UMIs for gene 0...
2024-07-23 15:16:43,381 - INFO - Allocating UMIs for gene 100...
2024-07-23 15:16:47,681 - INFO - Allocating UMIs for gene 200...
2024-07-23 15:16:52,077 - INFO - Allocating UMIs for gene 300...
2024-07-23 15:16:56,414 - INFO - Allocating UMIs for gene 400...
2024-07-23 15:17:00,640 - INFO - Allocating UMIs for gene 500...
2024-07-23 15:17:04,948 - INFO - Allocating UMIs for gene 600...
2024-07-23 15:17:09,270 - INFO - Allocating UMIs for gene 700...
2024-07-23 15:17:13,544 - INFO - Allocating UMIs for gene 800...
2024-07-23 15:17:17,881 - INFO - Allocating UMIs for gene 900...
2024-07-23 15:17:22,082 - INFO - Allocating UMIs for gene 1000...
2024-07-23 15:17:26,436 - INFO - Allocating UMIs for gene 1100...
2024-07-23 15:17:30,874 - INFO - Allocating UMIs for gene 1200...
2024-07-23 15:17:35,096 - INFO - Allocating UMIs for gene 1300...
2024-07-23 15:17:39,360 - INFO - Allocating UMIs for gene 1400...
2024-07-23 15:17:43,539 - INFO - Allocating UMIs for gene 1500...
2024-07-23 15:17:47,758 - INFO - Allocating UMIs for gene 1600...
2024-07-23 15:17:52,057 - INFO - Allocating UMIs for gene 1700...
2024-07-23 15:17:56,388 - INFO - Allocating UMIs for gene 1800...
2024-07-23 15:18:00,659 - INFO - Allocating UMIs for gene 1900...
2024-07-23 15:18:05,043 - INFO - Allocating UMIs for gene 2000...
2024-07-23 15:18:09,446 - INFO - Allocating UMIs for gene 2100...
2024-07-23 15:18:13,711 - INFO - Allocating UMIs for gene 2200...
2024-07-23 15:18:18,051 - INFO - Allocating UMIs for gene 2300...
2024-07-23 15:18:22,344 - INFO - Allocating UMIs for gene 2400...
2024-07-23 15:18:26,647 - INFO - Allocating UMIs for gene 2500...
2024-07-23 15:18:30,847 - INFO - Allocating UMIs for gene 2600...
2024-07-23 15:18:35,087 - INFO - Allocating UMIs for gene 2700...
2024-07-23 15:18:39,259 - INFO - Allocating UMIs for gene 2800...
2024-07-23 15:18:43,687 - INFO - Allocating UMIs for gene 2900...
2024-07-23 15:18:47,893 - INFO - Allocating UMIs for gene 3000...
2024-07-23 15:18:52,150 - INFO - Allocating UMIs for gene 3100...
2024-07-23 15:18:56,368 - INFO - Allocating UMIs for gene 3200...
2024-07-23 15:19:00,548 - INFO - Allocating UMIs for gene 3300...
2024-07-23 15:19:04,827 - INFO - Allocating UMIs for gene 3400...
2024-07-23 15:19:09,073 - INFO - Allocating UMIs for gene 3500...
2024-07-23 15:19:13,301 - INFO - Allocating UMIs for gene 3600...
2024-07-23 15:19:17,599 - INFO - Allocating UMIs for gene 3700...
2024-07-23 15:19:21,805 - INFO - Allocating UMIs for gene 3800...
2024-07-23 15:19:26,042 - INFO - Allocating UMIs for gene 3900...
2024-07-23 15:19:30,313 - INFO - Allocating UMIs for gene 4000...
2024-07-23 15:19:34,494 - INFO - Allocating UMIs for gene 4100...
2024-07-23 15:19:38,608 - INFO - Allocating UMIs for gene 4200...
2024-07-23 15:19:42,880 - INFO - Allocating UMIs for gene 4300...
2024-07-23 15:19:47,110 - INFO - Allocating UMIs for gene 4400...
2024-07-23 15:19:51,396 - INFO - Allocating UMIs for gene 4500...
2024-07-23 15:19:55,621 - INFO - Allocating UMIs for gene 4600...
2024-07-23 15:19:59,852 - INFO - Allocating UMIs for gene 4700...
2024-07-23 15:20:04,168 - INFO - Allocating UMIs for gene 4800...
2024-07-23 15:20:08,294 - INFO - Allocating UMIs for gene 4900...
2024-07-23 15:20:12,407 - INFO - Allocating UMIs for gene 5000...
2024-07-23 15:20:16,706 - INFO - Allocating UMIs for gene 5100...
2024-07-23 15:20:20,809 - INFO - Allocating UMIs for gene 5200...
2024-07-23 15:20:25,043 - INFO - Allocating UMIs for gene 5300...
2024-07-23 15:20:29,273 - INFO - Allocating UMIs for gene 5400...
2024-07-23 15:20:33,473 - INFO - Allocating UMIs for gene 5500...
2024-07-23 15:20:37,676 - INFO - Allocating UMIs for gene 5600...
2024-07-23 15:20:41,932 - INFO - Allocating UMIs for gene 5700...
2024-07-23 15:20:46,176 - INFO - Allocating UMIs for gene 5800...
2024-07-23 15:20:50,397 - INFO - Allocating UMIs for gene 5900...
2024-07-23 15:20:54,566 - INFO - UMI allocation complete.
2024-07-23 15:20:54,567 - INFO - Counting overall UMI occurrences...
2024-07-23 15:20:54,581 - INFO - Counting inter-gene collisions...
2024-07-23 15:20:54,641 - INFO - Total UMIs generated: 262144
2024-07-23 15:20:54,641 - INFO - Total UMIs allocated: 35894
2024-07-23 15:20:54,641 - INFO - Number of unique UMIs assigned to genes: 33568
2024-07-23 15:20:54,641 - INFO - Inter-gene collisions: 2326
2024-07-23 15:20:54,641 - INFO - Inter-gene collision rate: 0.06480
2024-07-23 15:20:54,641 - INFO - Writing gene UMI counts to file...
2024-07-23 15:20:54,643 - INFO - Writing UMI inter-gene collisions to file...
2024-07-23 15:20:54,644 - INFO - Simulation complete.
