2024-07-23 15:25:39,752 - INFO - Simulation Script Version: 0.0.2
2024-07-23 15:25:39,752 - INFO - Simulation Parameters:
2024-07-23 15:25:39,752 - INFO - Length of UMI: 10
2024-07-23 15:25:39,752 - INFO - Number of genes: 6000
2024-07-23 15:25:39,752 - INFO - Parameters file: None
2024-07-23 15:25:39,752 - INFO - Mean (mu): 6.0
2024-07-23 15:25:39,752 - INFO - Dispersion (theta): 6.0
2024-07-23 15:25:39,752 - INFO - Use Poisson distribution: False
2024-07-23 15:25:39,752 - INFO - Gene UMI counts file: gene_6000_umi10_counts_rep7.txt
2024-07-23 15:25:39,752 - INFO - UMI collisions file: umi10_6000_collisions_rep7.txt
2024-07-23 15:25:39,752 - INFO - Seed: None
2024-07-23 15:25:39,752 - INFO - Log file: umi10_6000_rep7.log
2024-07-23 15:25:39,752 - INFO - No seed specified. Generated random seed: 3559036407
2024-07-23 15:25:39,752 - INFO - Generating all possible UMIs...
2024-07-23 15:25:40,032 - INFO - Total possible UMIs generated: 262144
2024-07-23 15:25:40,032 - INFO - Loading parameters...
2024-07-23 15:25:40,032 - INFO - Sampling read depths for each gene...
2024-07-23 15:25:40,238 - INFO - Read depths sampling complete.
2024-07-23 15:25:40,239 - INFO - Allocating UMIs based on sampled read depths...
2024-07-23 15:25:40,239 - INFO - Allocating UMIs for gene 0...
2024-07-23 15:25:44,448 - INFO - Allocating UMIs for gene 100...
2024-07-23 15:25:48,712 - INFO - Allocating UMIs for gene 200...
2024-07-23 15:25:52,888 - INFO - Allocating UMIs for gene 300...
2024-07-23 15:25:57,139 - INFO - Allocating UMIs for gene 400...
2024-07-23 15:26:01,371 - INFO - Allocating UMIs for gene 500...
2024-07-23 15:26:05,644 - INFO - Allocating UMIs for gene 600...
2024-07-23 15:26:09,923 - INFO - Allocating UMIs for gene 700...
2024-07-23 15:26:14,106 - INFO - Allocating UMIs for gene 800...
2024-07-23 15:26:18,346 - INFO - Allocating UMIs for gene 900...
2024-07-23 15:26:22,392 - INFO - Allocating UMIs for gene 1000...
2024-07-23 15:26:26,588 - INFO - Allocating UMIs for gene 1100...
2024-07-23 15:26:30,777 - INFO - Allocating UMIs for gene 1200...
2024-07-23 15:26:34,957 - INFO - Allocating UMIs for gene 1300...
2024-07-23 15:26:39,137 - INFO - Allocating UMIs for gene 1400...
2024-07-23 15:26:43,399 - INFO - Allocating UMIs for gene 1500...
2024-07-23 15:26:47,545 - INFO - Allocating UMIs for gene 1600...
2024-07-23 15:26:51,642 - INFO - Allocating UMIs for gene 1700...
2024-07-23 15:26:55,733 - INFO - Allocating UMIs for gene 1800...
2024-07-23 15:26:59,981 - INFO - Allocating UMIs for gene 1900...
2024-07-23 15:27:04,154 - INFO - Allocating UMIs for gene 2000...
2024-07-23 15:27:08,289 - INFO - Allocating UMIs for gene 2100...
2024-07-23 15:27:12,513 - INFO - Allocating UMIs for gene 2200...
2024-07-23 15:27:16,756 - INFO - Allocating UMIs for gene 2300...
2024-07-23 15:27:20,810 - INFO - Allocating UMIs for gene 2400...
2024-07-23 15:27:25,045 - INFO - Allocating UMIs for gene 2500...
2024-07-23 15:27:29,257 - INFO - Allocating UMIs for gene 2600...
2024-07-23 15:27:33,471 - INFO - Allocating UMIs for gene 2700...
2024-07-23 15:27:37,695 - INFO - Allocating UMIs for gene 2800...
2024-07-23 15:27:41,969 - INFO - Allocating UMIs for gene 2900...
2024-07-23 15:27:46,160 - INFO - Allocating UMIs for gene 3000...
2024-07-23 15:27:50,266 - INFO - Allocating UMIs for gene 3100...
2024-07-23 15:27:54,529 - INFO - Allocating UMIs for gene 3200...
2024-07-23 15:27:58,798 - INFO - Allocating UMIs for gene 3300...
2024-07-23 15:28:02,990 - INFO - Allocating UMIs for gene 3400...
2024-07-23 15:28:07,166 - INFO - Allocating UMIs for gene 3500...
2024-07-23 15:28:11,383 - INFO - Allocating UMIs for gene 3600...
2024-07-23 15:28:15,571 - INFO - Allocating UMIs for gene 3700...
2024-07-23 15:28:19,698 - INFO - Allocating UMIs for gene 3800...
2024-07-23 15:28:23,946 - INFO - Allocating UMIs for gene 3900...
2024-07-23 15:28:28,192 - INFO - Allocating UMIs for gene 4000...
2024-07-23 15:28:32,366 - INFO - Allocating UMIs for gene 4100...
2024-07-23 15:28:36,640 - INFO - Allocating UMIs for gene 4200...
2024-07-23 15:28:40,946 - INFO - Allocating UMIs for gene 4300...
2024-07-23 15:28:45,068 - INFO - Allocating UMIs for gene 4400...
2024-07-23 15:28:49,302 - INFO - Allocating UMIs for gene 4500...
2024-07-23 15:28:53,444 - INFO - Allocating UMIs for gene 4600...
2024-07-23 15:28:57,756 - INFO - Allocating UMIs for gene 4700...
2024-07-23 15:29:02,030 - INFO - Allocating UMIs for gene 4800...
2024-07-23 15:29:06,207 - INFO - Allocating UMIs for gene 4900...
2024-07-23 15:29:10,514 - INFO - Allocating UMIs for gene 5000...
2024-07-23 15:29:14,750 - INFO - Allocating UMIs for gene 5100...
2024-07-23 15:29:19,024 - INFO - Allocating UMIs for gene 5200...
2024-07-23 15:29:23,245 - INFO - Allocating UMIs for gene 5300...
2024-07-23 15:29:27,338 - INFO - Allocating UMIs for gene 5400...
2024-07-23 15:29:31,579 - INFO - Allocating UMIs for gene 5500...
2024-07-23 15:29:35,883 - INFO - Allocating UMIs for gene 5600...
2024-07-23 15:29:40,181 - INFO - Allocating UMIs for gene 5700...
2024-07-23 15:29:44,416 - INFO - Allocating UMIs for gene 5800...
2024-07-23 15:29:48,663 - INFO - Allocating UMIs for gene 5900...
2024-07-23 15:29:52,748 - INFO - UMI allocation complete.
2024-07-23 15:29:52,748 - INFO - Counting overall UMI occurrences...
2024-07-23 15:29:52,763 - INFO - Counting inter-gene collisions...
2024-07-23 15:29:52,821 - INFO - Total UMIs generated: 262144
2024-07-23 15:29:52,821 - INFO - Total UMIs allocated: 35386
2024-07-23 15:29:52,821 - INFO - Number of unique UMIs assigned to genes: 33151
2024-07-23 15:29:52,821 - INFO - Inter-gene collisions: 2234
2024-07-23 15:29:52,821 - INFO - Inter-gene collision rate: 0.06313
2024-07-23 15:29:52,821 - INFO - Writing gene UMI counts to file...
2024-07-23 15:29:52,823 - INFO - Writing UMI inter-gene collisions to file...
2024-07-23 15:29:52,824 - INFO - Simulation complete.
