2024-07-23 15:11:55,962 - INFO - Simulation Script Version: 0.0.2
2024-07-23 15:11:55,962 - INFO - Simulation Parameters:
2024-07-23 15:11:55,962 - INFO - Length of UMI: 10
2024-07-23 15:11:55,962 - INFO - Number of genes: 6000
2024-07-23 15:11:55,962 - INFO - Parameters file: None
2024-07-23 15:11:55,962 - INFO - Mean (mu): 6.0
2024-07-23 15:11:55,962 - INFO - Dispersion (theta): 6.0
2024-07-23 15:11:55,962 - INFO - Use Poisson distribution: False
2024-07-23 15:11:55,962 - INFO - Gene UMI counts file: gene_6000_umi10_counts_rep4.txt
2024-07-23 15:11:55,962 - INFO - UMI collisions file: umi10_6000_collisions_rep4.txt
2024-07-23 15:11:55,962 - INFO - Seed: None
2024-07-23 15:11:55,963 - INFO - Log file: umi10_6000_rep4.log
2024-07-23 15:11:55,963 - INFO - No seed specified. Generated random seed: 1180506050
2024-07-23 15:11:55,963 - INFO - Generating all possible UMIs...
2024-07-23 15:11:56,264 - INFO - Total possible UMIs generated: 262144
2024-07-23 15:11:56,265 - INFO - Loading parameters...
2024-07-23 15:11:56,265 - INFO - Sampling read depths for each gene...
2024-07-23 15:11:56,484 - INFO - Read depths sampling complete.
2024-07-23 15:11:56,484 - INFO - Allocating UMIs based on sampled read depths...
2024-07-23 15:11:56,484 - INFO - Allocating UMIs for gene 0...
2024-07-23 15:12:01,313 - INFO - Allocating UMIs for gene 100...
2024-07-23 15:12:06,117 - INFO - Allocating UMIs for gene 200...
2024-07-23 15:12:11,005 - INFO - Allocating UMIs for gene 300...
2024-07-23 15:12:15,862 - INFO - Allocating UMIs for gene 400...
2024-07-23 15:12:20,602 - INFO - Allocating UMIs for gene 500...
2024-07-23 15:12:25,391 - INFO - Allocating UMIs for gene 600...
2024-07-23 15:12:30,235 - INFO - Allocating UMIs for gene 700...
2024-07-23 15:12:35,025 - INFO - Allocating UMIs for gene 800...
2024-07-23 15:12:39,836 - INFO - Allocating UMIs for gene 900...
2024-07-23 15:12:44,543 - INFO - Allocating UMIs for gene 1000...
2024-07-23 15:12:49,262 - INFO - Allocating UMIs for gene 1100...
2024-07-23 15:12:54,071 - INFO - Allocating UMIs for gene 1200...
2024-07-23 15:12:59,044 - INFO - Allocating UMIs for gene 1300...
2024-07-23 15:13:03,783 - INFO - Allocating UMIs for gene 1400...
2024-07-23 15:13:08,430 - INFO - Allocating UMIs for gene 1500...
2024-07-23 15:13:13,089 - INFO - Allocating UMIs for gene 1600...
2024-07-23 15:13:17,593 - INFO - Allocating UMIs for gene 1700...
2024-07-23 15:13:22,242 - INFO - Allocating UMIs for gene 1800...
2024-07-23 15:13:26,847 - INFO - Allocating UMIs for gene 1900...
2024-07-23 15:13:31,565 - INFO - Allocating UMIs for gene 2000...
2024-07-23 15:13:36,332 - INFO - Allocating UMIs for gene 2100...
2024-07-23 15:13:41,020 - INFO - Allocating UMIs for gene 2200...
2024-07-23 15:13:45,704 - INFO - Allocating UMIs for gene 2300...
2024-07-23 15:13:50,450 - INFO - Allocating UMIs for gene 2400...
2024-07-23 15:13:55,133 - INFO - Allocating UMIs for gene 2500...
2024-07-23 15:13:59,826 - INFO - Allocating UMIs for gene 2600...
2024-07-23 15:14:04,527 - INFO - Allocating UMIs for gene 2700...
2024-07-23 15:14:09,259 - INFO - Allocating UMIs for gene 2800...
2024-07-23 15:14:14,015 - INFO - Allocating UMIs for gene 2900...
2024-07-23 15:14:18,715 - INFO - Allocating UMIs for gene 3000...
2024-07-23 15:14:23,395 - INFO - Allocating UMIs for gene 3100...
2024-07-23 15:14:28,038 - INFO - Allocating UMIs for gene 3200...
2024-07-23 15:14:32,668 - INFO - Allocating UMIs for gene 3300...
2024-07-23 15:14:37,310 - INFO - Allocating UMIs for gene 3400...
2024-07-23 15:14:41,991 - INFO - Allocating UMIs for gene 3500...
2024-07-23 15:14:46,617 - INFO - Allocating UMIs for gene 3600...
2024-07-23 15:14:51,311 - INFO - Allocating UMIs for gene 3700...
2024-07-23 15:14:55,949 - INFO - Allocating UMIs for gene 3800...
2024-07-23 15:15:00,504 - INFO - Allocating UMIs for gene 3900...
2024-07-23 15:15:05,200 - INFO - Allocating UMIs for gene 4000...
2024-07-23 15:15:09,904 - INFO - Allocating UMIs for gene 4100...
2024-07-23 15:15:14,596 - INFO - Allocating UMIs for gene 4200...
2024-07-23 15:15:19,322 - INFO - Allocating UMIs for gene 4300...
2024-07-23 15:15:23,919 - INFO - Allocating UMIs for gene 4400...
2024-07-23 15:15:28,574 - INFO - Allocating UMIs for gene 4500...
2024-07-23 15:15:33,149 - INFO - Allocating UMIs for gene 4600...
2024-07-23 15:15:37,845 - INFO - Allocating UMIs for gene 4700...
2024-07-23 15:15:42,472 - INFO - Allocating UMIs for gene 4800...
2024-07-23 15:15:47,376 - INFO - Allocating UMIs for gene 4900...
2024-07-23 15:15:52,038 - INFO - Allocating UMIs for gene 5000...
2024-07-23 15:15:56,710 - INFO - Allocating UMIs for gene 5100...
2024-07-23 15:16:01,070 - INFO - Allocating UMIs for gene 5200...
2024-07-23 15:16:05,649 - INFO - Allocating UMIs for gene 5300...
2024-07-23 15:16:10,229 - INFO - Allocating UMIs for gene 5400...
2024-07-23 15:16:14,929 - INFO - Allocating UMIs for gene 5500...
2024-07-23 15:16:19,672 - INFO - Allocating UMIs for gene 5600...
2024-07-23 15:16:24,151 - INFO - Allocating UMIs for gene 5700...
2024-07-23 15:16:28,851 - INFO - Allocating UMIs for gene 5800...
2024-07-23 15:16:33,339 - INFO - Allocating UMIs for gene 5900...
2024-07-23 15:16:37,589 - INFO - UMI allocation complete.
2024-07-23 15:16:37,589 - INFO - Counting overall UMI occurrences...
2024-07-23 15:16:37,604 - INFO - Counting inter-gene collisions...
2024-07-23 15:16:37,662 - INFO - Total UMIs generated: 262144
2024-07-23 15:16:37,662 - INFO - Total UMIs allocated: 36060
2024-07-23 15:16:37,662 - INFO - Number of unique UMIs assigned to genes: 33680
2024-07-23 15:16:37,662 - INFO - Inter-gene collisions: 2380
2024-07-23 15:16:37,662 - INFO - Inter-gene collision rate: 0.06600
2024-07-23 15:16:37,662 - INFO - Writing gene UMI counts to file...
2024-07-23 15:16:37,664 - INFO - Writing UMI inter-gene collisions to file...
2024-07-23 15:16:37,665 - INFO - Simulation complete.
