2024-07-23 15:07:13,657 - INFO - Simulation Script Version: 0.0.2
2024-07-23 15:07:13,657 - INFO - Simulation Parameters:
2024-07-23 15:07:13,657 - INFO - Length of UMI: 10
2024-07-23 15:07:13,657 - INFO - Number of genes: 6000
2024-07-23 15:07:13,657 - INFO - Parameters file: None
2024-07-23 15:07:13,657 - INFO - Mean (mu): 6.0
2024-07-23 15:07:13,657 - INFO - Dispersion (theta): 6.0
2024-07-23 15:07:13,657 - INFO - Use Poisson distribution: False
2024-07-23 15:07:13,657 - INFO - Gene UMI counts file: gene_6000_umi10_counts_rep3.txt
2024-07-23 15:07:13,657 - INFO - UMI collisions file: umi10_6000_collisions_rep3.txt
2024-07-23 15:07:13,657 - INFO - Seed: None
2024-07-23 15:07:13,657 - INFO - Log file: umi10_6000_rep3.log
2024-07-23 15:07:13,658 - INFO - No seed specified. Generated random seed: 1436827361
2024-07-23 15:07:13,658 - INFO - Generating all possible UMIs...
2024-07-23 15:07:13,949 - INFO - Total possible UMIs generated: 262144
2024-07-23 15:07:13,949 - INFO - Loading parameters...
2024-07-23 15:07:13,950 - INFO - Sampling read depths for each gene...
2024-07-23 15:07:14,161 - INFO - Read depths sampling complete.
2024-07-23 15:07:14,161 - INFO - Allocating UMIs based on sampled read depths...
2024-07-23 15:07:14,161 - INFO - Allocating UMIs for gene 0...
2024-07-23 15:07:18,870 - INFO - Allocating UMIs for gene 100...
2024-07-23 15:07:23,492 - INFO - Allocating UMIs for gene 200...
2024-07-23 15:07:28,104 - INFO - Allocating UMIs for gene 300...
2024-07-23 15:07:32,787 - INFO - Allocating UMIs for gene 400...
2024-07-23 15:07:37,377 - INFO - Allocating UMIs for gene 500...
2024-07-23 15:07:42,033 - INFO - Allocating UMIs for gene 600...
2024-07-23 15:07:46,660 - INFO - Allocating UMIs for gene 700...
2024-07-23 15:07:51,232 - INFO - Allocating UMIs for gene 800...
2024-07-23 15:07:55,825 - INFO - Allocating UMIs for gene 900...
2024-07-23 15:08:00,435 - INFO - Allocating UMIs for gene 1000...
2024-07-23 15:08:05,063 - INFO - Allocating UMIs for gene 1100...
2024-07-23 15:08:09,539 - INFO - Allocating UMIs for gene 1200...
2024-07-23 15:08:14,133 - INFO - Allocating UMIs for gene 1300...
2024-07-23 15:08:18,850 - INFO - Allocating UMIs for gene 1400...
2024-07-23 15:08:23,422 - INFO - Allocating UMIs for gene 1500...
2024-07-23 15:08:28,072 - INFO - Allocating UMIs for gene 1600...
2024-07-23 15:08:32,562 - INFO - Allocating UMIs for gene 1700...
2024-07-23 15:08:37,215 - INFO - Allocating UMIs for gene 1800...
2024-07-23 15:08:41,805 - INFO - Allocating UMIs for gene 1900...
2024-07-23 15:08:46,313 - INFO - Allocating UMIs for gene 2000...
2024-07-23 15:08:50,846 - INFO - Allocating UMIs for gene 2100...
2024-07-23 15:08:55,517 - INFO - Allocating UMIs for gene 2200...
2024-07-23 15:09:00,084 - INFO - Allocating UMIs for gene 2300...
2024-07-23 15:09:04,717 - INFO - Allocating UMIs for gene 2400...
2024-07-23 15:09:09,287 - INFO - Allocating UMIs for gene 2500...
2024-07-23 15:09:13,861 - INFO - Allocating UMIs for gene 2600...
2024-07-23 15:09:18,452 - INFO - Allocating UMIs for gene 2700...
2024-07-23 15:09:23,113 - INFO - Allocating UMIs for gene 2800...
2024-07-23 15:09:27,809 - INFO - Allocating UMIs for gene 2900...
2024-07-23 15:09:32,432 - INFO - Allocating UMIs for gene 3000...
2024-07-23 15:09:37,022 - INFO - Allocating UMIs for gene 3100...
2024-07-23 15:09:41,682 - INFO - Allocating UMIs for gene 3200...
2024-07-23 15:09:46,334 - INFO - Allocating UMIs for gene 3300...
2024-07-23 15:09:50,996 - INFO - Allocating UMIs for gene 3400...
2024-07-23 15:09:55,552 - INFO - Allocating UMIs for gene 3500...
2024-07-23 15:10:00,206 - INFO - Allocating UMIs for gene 3600...
2024-07-23 15:10:04,739 - INFO - Allocating UMIs for gene 3700...
2024-07-23 15:10:09,378 - INFO - Allocating UMIs for gene 3800...
2024-07-23 15:10:14,360 - INFO - Allocating UMIs for gene 3900...
2024-07-23 15:10:19,153 - INFO - Allocating UMIs for gene 4000...
2024-07-23 15:10:23,898 - INFO - Allocating UMIs for gene 4100...
2024-07-23 15:10:28,763 - INFO - Allocating UMIs for gene 4200...
2024-07-23 15:10:33,463 - INFO - Allocating UMIs for gene 4300...
2024-07-23 15:10:38,167 - INFO - Allocating UMIs for gene 4400...
2024-07-23 15:10:42,941 - INFO - Allocating UMIs for gene 4500...
2024-07-23 15:10:47,718 - INFO - Allocating UMIs for gene 4600...
2024-07-23 15:10:52,447 - INFO - Allocating UMIs for gene 4700...
2024-07-23 15:10:57,205 - INFO - Allocating UMIs for gene 4800...
2024-07-23 15:11:02,048 - INFO - Allocating UMIs for gene 4900...
2024-07-23 15:11:06,864 - INFO - Allocating UMIs for gene 5000...
2024-07-23 15:11:11,503 - INFO - Allocating UMIs for gene 5100...
2024-07-23 15:11:16,199 - INFO - Allocating UMIs for gene 5200...
2024-07-23 15:11:20,995 - INFO - Allocating UMIs for gene 5300...
2024-07-23 15:11:25,992 - INFO - Allocating UMIs for gene 5400...
2024-07-23 15:11:30,790 - INFO - Allocating UMIs for gene 5500...
2024-07-23 15:11:35,591 - INFO - Allocating UMIs for gene 5600...
2024-07-23 15:11:40,422 - INFO - Allocating UMIs for gene 5700...
2024-07-23 15:11:45,275 - INFO - Allocating UMIs for gene 5800...
2024-07-23 15:11:50,054 - INFO - Allocating UMIs for gene 5900...
2024-07-23 15:11:54,861 - INFO - UMI allocation complete.
2024-07-23 15:11:54,861 - INFO - Counting overall UMI occurrences...
2024-07-23 15:11:54,877 - INFO - Counting inter-gene collisions...
2024-07-23 15:11:54,942 - INFO - Total UMIs generated: 262144
2024-07-23 15:11:54,942 - INFO - Total UMIs allocated: 36112
2024-07-23 15:11:54,942 - INFO - Number of unique UMIs assigned to genes: 33698
2024-07-23 15:11:54,942 - INFO - Inter-gene collisions: 2414
2024-07-23 15:11:54,942 - INFO - Inter-gene collision rate: 0.06685
2024-07-23 15:11:54,942 - INFO - Writing gene UMI counts to file...
2024-07-23 15:11:54,946 - INFO - Writing UMI inter-gene collisions to file...
2024-07-23 15:11:54,947 - INFO - Simulation complete.
