2024-07-23 15:20:55,608 - INFO - Simulation Script Version: 0.0.2
2024-07-23 15:20:55,608 - INFO - Simulation Parameters:
2024-07-23 15:20:55,608 - INFO - Length of UMI: 10
2024-07-23 15:20:55,608 - INFO - Number of genes: 6000
2024-07-23 15:20:55,608 - INFO - Parameters file: None
2024-07-23 15:20:55,608 - INFO - Mean (mu): 6.0
2024-07-23 15:20:55,608 - INFO - Dispersion (theta): 6.0
2024-07-23 15:20:55,608 - INFO - Use Poisson distribution: False
2024-07-23 15:20:55,608 - INFO - Gene UMI counts file: gene_6000_umi10_counts_rep6.txt
2024-07-23 15:20:55,608 - INFO - UMI collisions file: umi10_6000_collisions_rep6.txt
2024-07-23 15:20:55,608 - INFO - Seed: None
2024-07-23 15:20:55,608 - INFO - Log file: umi10_6000_rep6.log
2024-07-23 15:20:55,608 - INFO - No seed specified. Generated random seed: 495499153
2024-07-23 15:20:55,608 - INFO - Generating all possible UMIs...
2024-07-23 15:20:55,908 - INFO - Total possible UMIs generated: 262144
2024-07-23 15:20:55,909 - INFO - Loading parameters...
2024-07-23 15:20:55,909 - INFO - Sampling read depths for each gene...
2024-07-23 15:20:56,127 - INFO - Read depths sampling complete.
2024-07-23 15:20:56,127 - INFO - Allocating UMIs based on sampled read depths...
2024-07-23 15:20:56,127 - INFO - Allocating UMIs for gene 0...
2024-07-23 15:21:00,870 - INFO - Allocating UMIs for gene 100...
2024-07-23 15:21:05,534 - INFO - Allocating UMIs for gene 200...
2024-07-23 15:21:10,192 - INFO - Allocating UMIs for gene 300...
2024-07-23 15:21:14,891 - INFO - Allocating UMIs for gene 400...
2024-07-23 15:21:19,683 - INFO - Allocating UMIs for gene 500...
2024-07-23 15:21:24,412 - INFO - Allocating UMIs for gene 600...
2024-07-23 15:21:29,056 - INFO - Allocating UMIs for gene 700...
2024-07-23 15:21:33,783 - INFO - Allocating UMIs for gene 800...
2024-07-23 15:21:38,534 - INFO - Allocating UMIs for gene 900...
2024-07-23 15:21:43,311 - INFO - Allocating UMIs for gene 1000...
2024-07-23 15:21:48,183 - INFO - Allocating UMIs for gene 1100...
2024-07-23 15:21:52,882 - INFO - Allocating UMIs for gene 1200...
2024-07-23 15:21:57,621 - INFO - Allocating UMIs for gene 1300...
2024-07-23 15:22:02,394 - INFO - Allocating UMIs for gene 1400...
2024-07-23 15:22:07,104 - INFO - Allocating UMIs for gene 1500...
2024-07-23 15:22:11,822 - INFO - Allocating UMIs for gene 1600...
2024-07-23 15:22:16,570 - INFO - Allocating UMIs for gene 1700...
2024-07-23 15:22:21,139 - INFO - Allocating UMIs for gene 1800...
2024-07-23 15:22:25,810 - INFO - Allocating UMIs for gene 1900...
2024-07-23 15:22:30,417 - INFO - Allocating UMIs for gene 2000...
2024-07-23 15:22:35,194 - INFO - Allocating UMIs for gene 2100...
2024-07-23 15:22:39,988 - INFO - Allocating UMIs for gene 2200...
2024-07-23 15:22:44,743 - INFO - Allocating UMIs for gene 2300...
2024-07-23 15:22:49,419 - INFO - Allocating UMIs for gene 2400...
2024-07-23 15:22:53,987 - INFO - Allocating UMIs for gene 2500...
2024-07-23 15:22:58,643 - INFO - Allocating UMIs for gene 2600...
2024-07-23 15:23:03,340 - INFO - Allocating UMIs for gene 2700...
2024-07-23 15:23:08,139 - INFO - Allocating UMIs for gene 2800...
2024-07-23 15:23:12,924 - INFO - Allocating UMIs for gene 2900...
2024-07-23 15:23:17,637 - INFO - Allocating UMIs for gene 3000...
2024-07-23 15:23:22,354 - INFO - Allocating UMIs for gene 3100...
2024-07-23 15:23:27,019 - INFO - Allocating UMIs for gene 3200...
2024-07-23 15:23:31,785 - INFO - Allocating UMIs for gene 3300...
2024-07-23 15:23:36,449 - INFO - Allocating UMIs for gene 3400...
2024-07-23 15:23:41,206 - INFO - Allocating UMIs for gene 3500...
2024-07-23 15:23:45,863 - INFO - Allocating UMIs for gene 3600...
2024-07-23 15:23:50,603 - INFO - Allocating UMIs for gene 3700...
2024-07-23 15:23:55,305 - INFO - Allocating UMIs for gene 3800...
2024-07-23 15:23:59,966 - INFO - Allocating UMIs for gene 3900...
2024-07-23 15:24:04,604 - INFO - Allocating UMIs for gene 4000...
2024-07-23 15:24:09,324 - INFO - Allocating UMIs for gene 4100...
2024-07-23 15:24:14,041 - INFO - Allocating UMIs for gene 4200...
2024-07-23 15:24:18,709 - INFO - Allocating UMIs for gene 4300...
2024-07-23 15:24:23,477 - INFO - Allocating UMIs for gene 4400...
2024-07-23 15:24:28,141 - INFO - Allocating UMIs for gene 4500...
2024-07-23 15:24:32,889 - INFO - Allocating UMIs for gene 4600...
2024-07-23 15:24:37,591 - INFO - Allocating UMIs for gene 4700...
2024-07-23 15:24:42,330 - INFO - Allocating UMIs for gene 4800...
2024-07-23 15:24:47,082 - INFO - Allocating UMIs for gene 4900...
2024-07-23 15:24:51,831 - INFO - Allocating UMIs for gene 5000...
2024-07-23 15:24:56,650 - INFO - Allocating UMIs for gene 5100...
2024-07-23 15:25:01,318 - INFO - Allocating UMIs for gene 5200...
2024-07-23 15:25:05,932 - INFO - Allocating UMIs for gene 5300...
2024-07-23 15:25:10,547 - INFO - Allocating UMIs for gene 5400...
2024-07-23 15:25:15,264 - INFO - Allocating UMIs for gene 5500...
2024-07-23 15:25:19,890 - INFO - Allocating UMIs for gene 5600...
2024-07-23 15:25:24,649 - INFO - Allocating UMIs for gene 5700...
2024-07-23 15:25:29,307 - INFO - Allocating UMIs for gene 5800...
2024-07-23 15:25:34,053 - INFO - Allocating UMIs for gene 5900...
2024-07-23 15:25:38,689 - INFO - UMI allocation complete.
2024-07-23 15:25:38,689 - INFO - Counting overall UMI occurrences...
2024-07-23 15:25:38,706 - INFO - Counting inter-gene collisions...
2024-07-23 15:25:38,786 - INFO - Total UMIs generated: 262144
2024-07-23 15:25:38,786 - INFO - Total UMIs allocated: 36207
2024-07-23 15:25:38,786 - INFO - Number of unique UMIs assigned to genes: 33827
2024-07-23 15:25:38,786 - INFO - Inter-gene collisions: 2379
2024-07-23 15:25:38,786 - INFO - Inter-gene collision rate: 0.06571
2024-07-23 15:25:38,786 - INFO - Writing gene UMI counts to file...
2024-07-23 15:25:38,788 - INFO - Writing UMI inter-gene collisions to file...
2024-07-23 15:25:38,790 - INFO - Simulation complete.
