2024-07-23 15:02:29,577 - INFO - Simulation Script Version: 0.0.2
2024-07-23 15:02:29,578 - INFO - Simulation Parameters:
2024-07-23 15:02:29,578 - INFO - Length of UMI: 10
2024-07-23 15:02:29,578 - INFO - Number of genes: 6000
2024-07-23 15:02:29,578 - INFO - Parameters file: None
2024-07-23 15:02:29,578 - INFO - Mean (mu): 6.0
2024-07-23 15:02:29,578 - INFO - Dispersion (theta): 6.0
2024-07-23 15:02:29,578 - INFO - Use Poisson distribution: False
2024-07-23 15:02:29,578 - INFO - Gene UMI counts file: gene_6000_umi10_counts_rep2.txt
2024-07-23 15:02:29,578 - INFO - UMI collisions file: umi10_6000_collisions_rep2.txt
2024-07-23 15:02:29,578 - INFO - Seed: None
2024-07-23 15:02:29,578 - INFO - Log file: umi10_6000_rep2.log
2024-07-23 15:02:29,578 - INFO - No seed specified. Generated random seed: 4230100003
2024-07-23 15:02:29,578 - INFO - Generating all possible UMIs...
2024-07-23 15:02:30,009 - INFO - Total possible UMIs generated: 262144
2024-07-23 15:02:30,010 - INFO - Loading parameters...
2024-07-23 15:02:30,010 - INFO - Sampling read depths for each gene...
2024-07-23 15:02:30,228 - INFO - Read depths sampling complete.
2024-07-23 15:02:30,228 - INFO - Allocating UMIs based on sampled read depths...
2024-07-23 15:02:30,228 - INFO - Allocating UMIs for gene 0...
2024-07-23 15:02:34,931 - INFO - Allocating UMIs for gene 100...
2024-07-23 15:02:39,760 - INFO - Allocating UMIs for gene 200...
2024-07-23 15:02:44,475 - INFO - Allocating UMIs for gene 300...
2024-07-23 15:02:49,238 - INFO - Allocating UMIs for gene 400...
2024-07-23 15:02:53,902 - INFO - Allocating UMIs for gene 500...
2024-07-23 15:02:58,609 - INFO - Allocating UMIs for gene 600...
2024-07-23 15:03:03,310 - INFO - Allocating UMIs for gene 700...
2024-07-23 15:03:08,087 - INFO - Allocating UMIs for gene 800...
2024-07-23 15:03:12,800 - INFO - Allocating UMIs for gene 900...
2024-07-23 15:03:17,557 - INFO - Allocating UMIs for gene 1000...
2024-07-23 15:03:22,139 - INFO - Allocating UMIs for gene 1100...
2024-07-23 15:03:26,895 - INFO - Allocating UMIs for gene 1200...
2024-07-23 15:03:31,728 - INFO - Allocating UMIs for gene 1300...
2024-07-23 15:03:36,453 - INFO - Allocating UMIs for gene 1400...
2024-07-23 15:03:41,185 - INFO - Allocating UMIs for gene 1500...
2024-07-23 15:03:45,891 - INFO - Allocating UMIs for gene 1600...
2024-07-23 15:03:50,613 - INFO - Allocating UMIs for gene 1700...
2024-07-23 15:03:55,389 - INFO - Allocating UMIs for gene 1800...
2024-07-23 15:04:00,353 - INFO - Allocating UMIs for gene 1900...
2024-07-23 15:04:05,282 - INFO - Allocating UMIs for gene 2000...
2024-07-23 15:04:10,174 - INFO - Allocating UMIs for gene 2100...
2024-07-23 15:04:14,816 - INFO - Allocating UMIs for gene 2200...
2024-07-23 15:04:19,650 - INFO - Allocating UMIs for gene 2300...
2024-07-23 15:04:24,179 - INFO - Allocating UMIs for gene 2400...
2024-07-23 15:04:28,908 - INFO - Allocating UMIs for gene 2500...
2024-07-23 15:04:33,495 - INFO - Allocating UMIs for gene 2600...
2024-07-23 15:04:38,129 - INFO - Allocating UMIs for gene 2700...
2024-07-23 15:04:42,882 - INFO - Allocating UMIs for gene 2800...
2024-07-23 15:04:47,471 - INFO - Allocating UMIs for gene 2900...
2024-07-23 15:04:52,194 - INFO - Allocating UMIs for gene 3000...
2024-07-23 15:04:56,884 - INFO - Allocating UMIs for gene 3100...
2024-07-23 15:05:01,610 - INFO - Allocating UMIs for gene 3200...
2024-07-23 15:05:06,497 - INFO - Allocating UMIs for gene 3300...
2024-07-23 15:05:11,129 - INFO - Allocating UMIs for gene 3400...
2024-07-23 15:05:15,851 - INFO - Allocating UMIs for gene 3500...
2024-07-23 15:05:20,588 - INFO - Allocating UMIs for gene 3600...
2024-07-23 15:05:25,591 - INFO - Allocating UMIs for gene 3700...
2024-07-23 15:05:30,311 - INFO - Allocating UMIs for gene 3800...
2024-07-23 15:05:34,983 - INFO - Allocating UMIs for gene 3900...
2024-07-23 15:05:39,599 - INFO - Allocating UMIs for gene 4000...
2024-07-23 15:05:44,316 - INFO - Allocating UMIs for gene 4100...
2024-07-23 15:05:48,948 - INFO - Allocating UMIs for gene 4200...
2024-07-23 15:05:53,621 - INFO - Allocating UMIs for gene 4300...
2024-07-23 15:05:58,277 - INFO - Allocating UMIs for gene 4400...
2024-07-23 15:06:02,902 - INFO - Allocating UMIs for gene 4500...
2024-07-23 15:06:07,559 - INFO - Allocating UMIs for gene 4600...
2024-07-23 15:06:12,192 - INFO - Allocating UMIs for gene 4700...
2024-07-23 15:06:16,860 - INFO - Allocating UMIs for gene 4800...
2024-07-23 15:06:21,332 - INFO - Allocating UMIs for gene 4900...
2024-07-23 15:06:25,993 - INFO - Allocating UMIs for gene 5000...
2024-07-23 15:06:30,643 - INFO - Allocating UMIs for gene 5100...
2024-07-23 15:06:35,200 - INFO - Allocating UMIs for gene 5200...
2024-07-23 15:06:39,798 - INFO - Allocating UMIs for gene 5300...
2024-07-23 15:06:44,494 - INFO - Allocating UMIs for gene 5400...
2024-07-23 15:06:49,289 - INFO - Allocating UMIs for gene 5500...
2024-07-23 15:06:53,988 - INFO - Allocating UMIs for gene 5600...
2024-07-23 15:06:58,553 - INFO - Allocating UMIs for gene 5700...
2024-07-23 15:07:03,117 - INFO - Allocating UMIs for gene 5800...
2024-07-23 15:07:07,725 - INFO - Allocating UMIs for gene 5900...
2024-07-23 15:07:12,506 - INFO - UMI allocation complete.
2024-07-23 15:07:12,506 - INFO - Counting overall UMI occurrences...
2024-07-23 15:07:12,523 - INFO - Counting inter-gene collisions...
2024-07-23 15:07:12,607 - INFO - Total UMIs generated: 262144
2024-07-23 15:07:12,607 - INFO - Total UMIs allocated: 35567
2024-07-23 15:07:12,608 - INFO - Number of unique UMIs assigned to genes: 33249
2024-07-23 15:07:12,608 - INFO - Inter-gene collisions: 2316
2024-07-23 15:07:12,608 - INFO - Inter-gene collision rate: 0.06512
2024-07-23 15:07:12,608 - INFO - Writing gene UMI counts to file...
2024-07-23 15:07:12,612 - INFO - Writing UMI inter-gene collisions to file...
2024-07-23 15:07:12,613 - INFO - Simulation complete.
