2024-07-23 15:29:53,766 - INFO - Simulation Script Version: 0.0.2
2024-07-23 15:29:53,766 - INFO - Simulation Parameters:
2024-07-23 15:29:53,766 - INFO - Length of UMI: 10
2024-07-23 15:29:53,766 - INFO - Number of genes: 6000
2024-07-23 15:29:53,766 - INFO - Parameters file: None
2024-07-23 15:29:53,766 - INFO - Mean (mu): 6.0
2024-07-23 15:29:53,766 - INFO - Dispersion (theta): 6.0
2024-07-23 15:29:53,767 - INFO - Use Poisson distribution: False
2024-07-23 15:29:53,767 - INFO - Gene UMI counts file: gene_6000_umi10_counts_rep8.txt
2024-07-23 15:29:53,767 - INFO - UMI collisions file: umi10_6000_collisions_rep8.txt
2024-07-23 15:29:53,767 - INFO - Seed: None
2024-07-23 15:29:53,767 - INFO - Log file: umi10_6000_rep8.log
2024-07-23 15:29:53,767 - INFO - No seed specified. Generated random seed: 51174593
2024-07-23 15:29:53,767 - INFO - Generating all possible UMIs...
2024-07-23 15:29:54,046 - INFO - Total possible UMIs generated: 262144
2024-07-23 15:29:54,047 - INFO - Loading parameters...
2024-07-23 15:29:54,047 - INFO - Sampling read depths for each gene...
2024-07-23 15:29:54,256 - INFO - Read depths sampling complete.
2024-07-23 15:29:54,256 - INFO - Allocating UMIs based on sampled read depths...
2024-07-23 15:29:54,256 - INFO - Allocating UMIs for gene 0...
2024-07-23 15:29:58,499 - INFO - Allocating UMIs for gene 100...
2024-07-23 15:30:02,889 - INFO - Allocating UMIs for gene 200...
2024-07-23 15:30:07,229 - INFO - Allocating UMIs for gene 300...
2024-07-23 15:30:11,419 - INFO - Allocating UMIs for gene 400...
2024-07-23 15:30:15,771 - INFO - Allocating UMIs for gene 500...
2024-07-23 15:30:20,004 - INFO - Allocating UMIs for gene 600...
2024-07-23 15:30:24,225 - INFO - Allocating UMIs for gene 700...
2024-07-23 15:30:28,402 - INFO - Allocating UMIs for gene 800...
2024-07-23 15:30:32,577 - INFO - Allocating UMIs for gene 900...
2024-07-23 15:30:36,777 - INFO - Allocating UMIs for gene 1000...
2024-07-23 15:30:41,033 - INFO - Allocating UMIs for gene 1100...
2024-07-23 15:30:45,221 - INFO - Allocating UMIs for gene 1200...
2024-07-23 15:30:49,283 - INFO - Allocating UMIs for gene 1300...
2024-07-23 15:30:53,496 - INFO - Allocating UMIs for gene 1400...
2024-07-23 15:30:57,706 - INFO - Allocating UMIs for gene 1500...
2024-07-23 15:31:01,927 - INFO - Allocating UMIs for gene 1600...
2024-07-23 15:31:06,152 - INFO - Allocating UMIs for gene 1700...
2024-07-23 15:31:10,299 - INFO - Allocating UMIs for gene 1800...
2024-07-23 15:31:14,525 - INFO - Allocating UMIs for gene 1900...
2024-07-23 15:31:18,793 - INFO - Allocating UMIs for gene 2000...
2024-07-23 15:31:23,084 - INFO - Allocating UMIs for gene 2100...
2024-07-23 15:31:27,338 - INFO - Allocating UMIs for gene 2200...
2024-07-23 15:31:31,592 - INFO - Allocating UMIs for gene 2300...
2024-07-23 15:31:35,810 - INFO - Allocating UMIs for gene 2400...
2024-07-23 15:31:40,041 - INFO - Allocating UMIs for gene 2500...
2024-07-23 15:31:44,253 - INFO - Allocating UMIs for gene 2600...
2024-07-23 15:31:48,243 - INFO - Allocating UMIs for gene 2700...
2024-07-23 15:31:52,438 - INFO - Allocating UMIs for gene 2800...
2024-07-23 15:31:56,649 - INFO - Allocating UMIs for gene 2900...
2024-07-23 15:32:00,825 - INFO - Allocating UMIs for gene 3000...
2024-07-23 15:32:05,060 - INFO - Allocating UMIs for gene 3100...
2024-07-23 15:32:09,258 - INFO - Allocating UMIs for gene 3200...
2024-07-23 15:32:13,494 - INFO - Allocating UMIs for gene 3300...
2024-07-23 15:32:17,726 - INFO - Allocating UMIs for gene 3400...
2024-07-23 15:32:21,962 - INFO - Allocating UMIs for gene 3500...
2024-07-23 15:32:26,208 - INFO - Allocating UMIs for gene 3600...
2024-07-23 15:32:30,338 - INFO - Allocating UMIs for gene 3700...
2024-07-23 15:32:34,439 - INFO - Allocating UMIs for gene 3800...
2024-07-23 15:32:38,542 - INFO - Allocating UMIs for gene 3900...
2024-07-23 15:32:42,738 - INFO - Allocating UMIs for gene 4000...
2024-07-23 15:32:46,913 - INFO - Allocating UMIs for gene 4100...
2024-07-23 15:32:51,080 - INFO - Allocating UMIs for gene 4200...
2024-07-23 15:32:55,237 - INFO - Allocating UMIs for gene 4300...
2024-07-23 15:32:59,354 - INFO - Allocating UMIs for gene 4400...
2024-07-23 15:33:03,505 - INFO - Allocating UMIs for gene 4500...
2024-07-23 15:33:07,652 - INFO - Allocating UMIs for gene 4600...
2024-07-23 15:33:11,800 - INFO - Allocating UMIs for gene 4700...
2024-07-23 15:33:15,927 - INFO - Allocating UMIs for gene 4800...
2024-07-23 15:33:20,120 - INFO - Allocating UMIs for gene 4900...
2024-07-23 15:33:24,317 - INFO - Allocating UMIs for gene 5000...
2024-07-23 15:33:28,515 - INFO - Allocating UMIs for gene 5100...
2024-07-23 15:33:32,502 - INFO - Allocating UMIs for gene 5200...
2024-07-23 15:33:36,752 - INFO - Allocating UMIs for gene 5300...
2024-07-23 15:33:40,999 - INFO - Allocating UMIs for gene 5400...
2024-07-23 15:33:45,170 - INFO - Allocating UMIs for gene 5500...
2024-07-23 15:33:49,289 - INFO - Allocating UMIs for gene 5600...
2024-07-23 15:33:53,491 - INFO - Allocating UMIs for gene 5700...
2024-07-23 15:33:57,745 - INFO - Allocating UMIs for gene 5800...
2024-07-23 15:34:01,963 - INFO - Allocating UMIs for gene 5900...
2024-07-23 15:34:06,096 - INFO - UMI allocation complete.
2024-07-23 15:34:06,096 - INFO - Counting overall UMI occurrences...
2024-07-23 15:34:06,111 - INFO - Counting inter-gene collisions...
2024-07-23 15:34:06,168 - INFO - Total UMIs generated: 262144
2024-07-23 15:34:06,168 - INFO - Total UMIs allocated: 35379
2024-07-23 15:34:06,168 - INFO - Number of unique UMIs assigned to genes: 33048
2024-07-23 15:34:06,168 - INFO - Inter-gene collisions: 2331
2024-07-23 15:34:06,169 - INFO - Inter-gene collision rate: 0.06589
2024-07-23 15:34:06,169 - INFO - Writing gene UMI counts to file...
2024-07-23 15:34:06,171 - INFO - Writing UMI inter-gene collisions to file...
2024-07-23 15:34:06,172 - INFO - Simulation complete.
