2024-07-23 15:34:07,097 - INFO - Simulation Script Version: 0.0.2
2024-07-23 15:34:07,098 - INFO - Simulation Parameters:
2024-07-23 15:34:07,098 - INFO - Length of UMI: 10
2024-07-23 15:34:07,098 - INFO - Number of genes: 6000
2024-07-23 15:34:07,098 - INFO - Parameters file: None
2024-07-23 15:34:07,098 - INFO - Mean (mu): 6.0
2024-07-23 15:34:07,098 - INFO - Dispersion (theta): 6.0
2024-07-23 15:34:07,098 - INFO - Use Poisson distribution: False
2024-07-23 15:34:07,098 - INFO - Gene UMI counts file: gene_6000_umi10_counts_rep9.txt
2024-07-23 15:34:07,098 - INFO - UMI collisions file: umi10_6000_collisions_rep9.txt
2024-07-23 15:34:07,098 - INFO - Seed: None
2024-07-23 15:34:07,098 - INFO - Log file: umi10_6000_rep9.log
2024-07-23 15:34:07,098 - INFO - No seed specified. Generated random seed: 1403097144
2024-07-23 15:34:07,098 - INFO - Generating all possible UMIs...
2024-07-23 15:34:07,384 - INFO - Total possible UMIs generated: 262144
2024-07-23 15:34:07,384 - INFO - Loading parameters...
2024-07-23 15:34:07,384 - INFO - Sampling read depths for each gene...
2024-07-23 15:34:07,595 - INFO - Read depths sampling complete.
2024-07-23 15:34:07,595 - INFO - Allocating UMIs based on sampled read depths...
2024-07-23 15:34:07,595 - INFO - Allocating UMIs for gene 0...
2024-07-23 15:34:11,897 - INFO - Allocating UMIs for gene 100...
2024-07-23 15:34:16,376 - INFO - Allocating UMIs for gene 200...
2024-07-23 15:34:20,665 - INFO - Allocating UMIs for gene 300...
2024-07-23 15:34:24,882 - INFO - Allocating UMIs for gene 400...
2024-07-23 15:34:29,007 - INFO - Allocating UMIs for gene 500...
2024-07-23 15:34:33,272 - INFO - Allocating UMIs for gene 600...
2024-07-23 15:34:37,509 - INFO - Allocating UMIs for gene 700...
2024-07-23 15:34:41,766 - INFO - Allocating UMIs for gene 800...
2024-07-23 15:34:46,015 - INFO - Allocating UMIs for gene 900...
2024-07-23 15:34:50,195 - INFO - Allocating UMIs for gene 1000...
2024-07-23 15:34:54,440 - INFO - Allocating UMIs for gene 1100...
2024-07-23 15:34:58,583 - INFO - Allocating UMIs for gene 1200...
2024-07-23 15:35:02,820 - INFO - Allocating UMIs for gene 1300...
2024-07-23 15:35:07,035 - INFO - Allocating UMIs for gene 1400...
2024-07-23 15:35:11,218 - INFO - Allocating UMIs for gene 1500...
2024-07-23 15:35:15,419 - INFO - Allocating UMIs for gene 1600...
2024-07-23 15:35:19,557 - INFO - Allocating UMIs for gene 1700...
2024-07-23 15:35:23,790 - INFO - Allocating UMIs for gene 1800...
2024-07-23 15:35:27,973 - INFO - Allocating UMIs for gene 1900...
2024-07-23 15:35:32,192 - INFO - Allocating UMIs for gene 2000...
2024-07-23 15:35:36,432 - INFO - Allocating UMIs for gene 2100...
2024-07-23 15:35:40,594 - INFO - Allocating UMIs for gene 2200...
2024-07-23 15:35:44,878 - INFO - Allocating UMIs for gene 2300...
2024-07-23 15:35:49,032 - INFO - Allocating UMIs for gene 2400...
2024-07-23 15:35:53,318 - INFO - Allocating UMIs for gene 2500...
2024-07-23 15:35:57,531 - INFO - Allocating UMIs for gene 2600...
2024-07-23 15:36:01,677 - INFO - Allocating UMIs for gene 2700...
2024-07-23 15:36:05,925 - INFO - Allocating UMIs for gene 2800...
2024-07-23 15:36:10,181 - INFO - Allocating UMIs for gene 2900...
2024-07-23 15:36:14,365 - INFO - Allocating UMIs for gene 3000...
2024-07-23 15:36:18,636 - INFO - Allocating UMIs for gene 3100...
2024-07-23 15:36:22,838 - INFO - Allocating UMIs for gene 3200...
2024-07-23 15:36:27,120 - INFO - Allocating UMIs for gene 3300...
2024-07-23 15:36:31,432 - INFO - Allocating UMIs for gene 3400...
2024-07-23 15:36:35,680 - INFO - Allocating UMIs for gene 3500...
2024-07-23 15:36:39,868 - INFO - Allocating UMIs for gene 3600...
2024-07-23 15:36:44,138 - INFO - Allocating UMIs for gene 3700...
2024-07-23 15:36:48,280 - INFO - Allocating UMIs for gene 3800...
2024-07-23 15:36:52,540 - INFO - Allocating UMIs for gene 3900...
2024-07-23 15:36:56,768 - INFO - Allocating UMIs for gene 4000...
2024-07-23 15:37:01,015 - INFO - Allocating UMIs for gene 4100...
2024-07-23 15:37:05,170 - INFO - Allocating UMIs for gene 4200...
2024-07-23 15:37:09,478 - INFO - Allocating UMIs for gene 4300...
2024-07-23 15:37:13,638 - INFO - Allocating UMIs for gene 4400...
2024-07-23 15:37:17,887 - INFO - Allocating UMIs for gene 4500...
2024-07-23 15:37:22,075 - INFO - Allocating UMIs for gene 4600...
2024-07-23 15:37:26,335 - INFO - Allocating UMIs for gene 4700...
2024-07-23 15:37:30,605 - INFO - Allocating UMIs for gene 4800...
2024-07-23 15:37:34,858 - INFO - Allocating UMIs for gene 4900...
2024-07-23 15:37:39,019 - INFO - Allocating UMIs for gene 5000...
2024-07-23 15:37:43,362 - INFO - Allocating UMIs for gene 5100...
2024-07-23 15:37:47,611 - INFO - Allocating UMIs for gene 5200...
2024-07-23 15:37:51,978 - INFO - Allocating UMIs for gene 5300...
2024-07-23 15:37:56,193 - INFO - Allocating UMIs for gene 5400...
2024-07-23 15:38:00,484 - INFO - Allocating UMIs for gene 5500...
2024-07-23 15:38:04,761 - INFO - Allocating UMIs for gene 5600...
2024-07-23 15:38:08,962 - INFO - Allocating UMIs for gene 5700...
2024-07-23 15:38:13,181 - INFO - Allocating UMIs for gene 5800...
2024-07-23 15:38:17,458 - INFO - Allocating UMIs for gene 5900...
2024-07-23 15:38:21,645 - INFO - UMI allocation complete.
2024-07-23 15:38:21,646 - INFO - Counting overall UMI occurrences...
2024-07-23 15:38:21,660 - INFO - Counting inter-gene collisions...
2024-07-23 15:38:21,719 - INFO - Total UMIs generated: 262144
2024-07-23 15:38:21,719 - INFO - Total UMIs allocated: 36144
2024-07-23 15:38:21,719 - INFO - Number of unique UMIs assigned to genes: 33769
2024-07-23 15:38:21,719 - INFO - Inter-gene collisions: 2375
2024-07-23 15:38:21,719 - INFO - Inter-gene collision rate: 0.06571
2024-07-23 15:38:21,719 - INFO - Writing gene UMI counts to file...
2024-07-23 15:38:21,721 - INFO - Writing UMI inter-gene collisions to file...
2024-07-23 15:38:21,722 - INFO - Simulation complete.
