2024-07-20 22:57:02,759 - INFO - Simulation Script Version: 0.0.1
2024-07-20 22:57:02,761 - INFO - Simulation Parameters:
2024-07-20 22:57:02,761 - INFO - Length of UMI: 8
2024-07-20 22:57:02,761 - INFO - Number of genes: 6000
2024-07-20 22:57:02,762 - INFO - Parameters file: None
2024-07-20 22:57:02,762 - INFO - Mean (mu): 6.0
2024-07-20 22:57:02,762 - INFO - Dispersion (theta): 6.0
2024-07-20 22:57:02,762 - INFO - Use Poisson distribution: False
2024-07-20 22:57:02,762 - INFO - Gene UMI counts file: gene_6000_umi8_counts_rep9.txt
2024-07-20 22:57:02,762 - INFO - UMI collisions file: umi8_6000_collisions_rep9.txt
2024-07-20 22:57:02,762 - INFO - Seed: None
2024-07-20 22:57:02,762 - INFO - Log file: umi8_6000_rep9.log
2024-07-20 22:57:02,762 - INFO - No seed specified. Generated random seed: 715038503
2024-07-20 22:57:02,762 - INFO - Generating all possible UMIs...
2024-07-20 22:57:02,772 - INFO - Total possible UMIs generated: 65536
2024-07-20 22:57:02,772 - INFO - Loading parameters...
2024-07-20 22:57:02,772 - INFO - Sampling read depths for each gene...
2024-07-20 22:57:02,998 - INFO - Read depths sampling complete.
2024-07-20 22:57:02,998 - INFO - Allocating UMIs based on sampled read depths...
2024-07-20 22:57:02,998 - INFO - Allocating UMIs for gene 0...
2024-07-20 22:57:03,784 - INFO - Allocating UMIs for gene 100...
2024-07-20 22:57:04,567 - INFO - Allocating UMIs for gene 200...
2024-07-20 22:57:05,478 - INFO - Allocating UMIs for gene 300...
2024-07-20 22:57:06,387 - INFO - Allocating UMIs for gene 400...
2024-07-20 22:57:07,236 - INFO - Allocating UMIs for gene 500...
2024-07-20 22:57:08,089 - INFO - Allocating UMIs for gene 600...
2024-07-20 22:57:08,882 - INFO - Allocating UMIs for gene 700...
2024-07-20 22:57:09,676 - INFO - Allocating UMIs for gene 800...
2024-07-20 22:57:10,464 - INFO - Allocating UMIs for gene 900...
2024-07-20 22:57:11,263 - INFO - Allocating UMIs for gene 1000...
2024-07-20 22:57:12,051 - INFO - Allocating UMIs for gene 1100...
2024-07-20 22:57:12,829 - INFO - Allocating UMIs for gene 1200...
2024-07-20 22:57:13,590 - INFO - Allocating UMIs for gene 1300...
2024-07-20 22:57:14,361 - INFO - Allocating UMIs for gene 1400...
2024-07-20 22:57:15,126 - INFO - Allocating UMIs for gene 1500...
2024-07-20 22:57:15,905 - INFO - Allocating UMIs for gene 1600...
2024-07-20 22:57:16,700 - INFO - Allocating UMIs for gene 1700...
2024-07-20 22:57:17,491 - INFO - Allocating UMIs for gene 1800...
2024-07-20 22:57:18,277 - INFO - Allocating UMIs for gene 1900...
2024-07-20 22:57:19,036 - INFO - Allocating UMIs for gene 2000...
2024-07-20 22:57:19,824 - INFO - Allocating UMIs for gene 2100...
2024-07-20 22:57:20,612 - INFO - Allocating UMIs for gene 2200...
2024-07-20 22:57:21,406 - INFO - Allocating UMIs for gene 2300...
2024-07-20 22:57:22,203 - INFO - Allocating UMIs for gene 2400...
2024-07-20 22:57:23,004 - INFO - Allocating UMIs for gene 2500...
2024-07-20 22:57:23,935 - INFO - Allocating UMIs for gene 2600...
2024-07-20 22:57:24,706 - INFO - Allocating UMIs for gene 2700...
2024-07-20 22:57:25,494 - INFO - Allocating UMIs for gene 2800...
2024-07-20 22:57:26,265 - INFO - Allocating UMIs for gene 2900...
2024-07-20 22:57:27,037 - INFO - Allocating UMIs for gene 3000...
2024-07-20 22:57:27,833 - INFO - Allocating UMIs for gene 3100...
2024-07-20 22:57:28,617 - INFO - Allocating UMIs for gene 3200...
2024-07-20 22:57:29,419 - INFO - Allocating UMIs for gene 3300...
2024-07-20 22:57:30,214 - INFO - Allocating UMIs for gene 3400...
2024-07-20 22:57:30,985 - INFO - Allocating UMIs for gene 3500...
2024-07-20 22:57:31,780 - INFO - Allocating UMIs for gene 3600...
2024-07-20 22:57:32,566 - INFO - Allocating UMIs for gene 3700...
2024-07-20 22:57:33,353 - INFO - Allocating UMIs for gene 3800...
2024-07-20 22:57:34,143 - INFO - Allocating UMIs for gene 3900...
2024-07-20 22:57:34,932 - INFO - Allocating UMIs for gene 4000...
2024-07-20 22:57:35,704 - INFO - Allocating UMIs for gene 4100...
2024-07-20 22:57:36,493 - INFO - Allocating UMIs for gene 4200...
2024-07-20 22:57:37,273 - INFO - Allocating UMIs for gene 4300...
2024-07-20 22:57:38,060 - INFO - Allocating UMIs for gene 4400...
2024-07-20 22:57:38,849 - INFO - Allocating UMIs for gene 4500...
2024-07-20 22:57:39,639 - INFO - Allocating UMIs for gene 4600...
2024-07-20 22:57:40,410 - INFO - Allocating UMIs for gene 4700...
2024-07-20 22:57:41,197 - INFO - Allocating UMIs for gene 4800...
2024-07-20 22:57:41,978 - INFO - Allocating UMIs for gene 4900...
2024-07-20 22:57:42,756 - INFO - Allocating UMIs for gene 5000...
2024-07-20 22:57:43,543 - INFO - Allocating UMIs for gene 5100...
2024-07-20 22:57:44,345 - INFO - Allocating UMIs for gene 5200...
2024-07-20 22:57:45,134 - INFO - Allocating UMIs for gene 5300...
2024-07-20 22:57:45,915 - INFO - Allocating UMIs for gene 5400...
2024-07-20 22:57:46,694 - INFO - Allocating UMIs for gene 5500...
2024-07-20 22:57:47,546 - INFO - Allocating UMIs for gene 5600...
2024-07-20 22:57:48,467 - INFO - Allocating UMIs for gene 5700...
2024-07-20 22:57:49,250 - INFO - Allocating UMIs for gene 5800...
2024-07-20 22:57:50,039 - INFO - Allocating UMIs for gene 5900...
2024-07-20 22:57:50,825 - INFO - UMI allocation complete.
2024-07-20 22:57:50,825 - INFO - Counting overall UMI occurrences...
2024-07-20 22:57:50,836 - INFO - Counting inter-gene collisions...
2024-07-20 22:57:50,905 - INFO - Total UMIs generated: 65536
2024-07-20 22:57:50,905 - INFO - Total UMIs allocated: 36150
2024-07-20 22:57:50,905 - INFO - Number of unique UMIs assigned to genes: 27775
2024-07-20 22:57:50,905 - INFO - Inter-gene collisions: 8373
2024-07-20 22:57:50,905 - INFO - Inter-gene collision rate: 0.23162
2024-07-20 22:57:50,905 - INFO - Writing gene UMI counts to file...
2024-07-20 22:57:50,910 - INFO - Writing UMI inter-gene collisions to file...
2024-07-20 22:57:50,916 - INFO - Simulation complete.
