2024-07-20 22:54:36,954 - INFO - Simulation Script Version: 0.0.1
2024-07-20 22:54:36,956 - INFO - Simulation Parameters:
2024-07-20 22:54:36,956 - INFO - Length of UMI: 8
2024-07-20 22:54:36,956 - INFO - Number of genes: 6000
2024-07-20 22:54:36,956 - INFO - Parameters file: None
2024-07-20 22:54:36,956 - INFO - Mean (mu): 6.0
2024-07-20 22:54:36,956 - INFO - Dispersion (theta): 6.0
2024-07-20 22:54:36,956 - INFO - Use Poisson distribution: False
2024-07-20 22:54:36,956 - INFO - Gene UMI counts file: gene_6000_umi8_counts_rep6.txt
2024-07-20 22:54:36,956 - INFO - UMI collisions file: umi8_6000_collisions_rep6.txt
2024-07-20 22:54:36,956 - INFO - Seed: None
2024-07-20 22:54:36,957 - INFO - Log file: umi8_6000_rep6.log
2024-07-20 22:54:36,957 - INFO - No seed specified. Generated random seed: 73627199
2024-07-20 22:54:36,957 - INFO - Generating all possible UMIs...
2024-07-20 22:54:36,967 - INFO - Total possible UMIs generated: 65536
2024-07-20 22:54:36,967 - INFO - Loading parameters...
2024-07-20 22:54:36,967 - INFO - Sampling read depths for each gene...
2024-07-20 22:54:37,193 - INFO - Read depths sampling complete.
2024-07-20 22:54:37,193 - INFO - Allocating UMIs based on sampled read depths...
2024-07-20 22:54:37,193 - INFO - Allocating UMIs for gene 0...
2024-07-20 22:54:37,968 - INFO - Allocating UMIs for gene 100...
2024-07-20 22:54:38,735 - INFO - Allocating UMIs for gene 200...
2024-07-20 22:54:39,528 - INFO - Allocating UMIs for gene 300...
2024-07-20 22:54:40,550 - INFO - Allocating UMIs for gene 400...
2024-07-20 22:54:41,338 - INFO - Allocating UMIs for gene 500...
2024-07-20 22:54:42,125 - INFO - Allocating UMIs for gene 600...
2024-07-20 22:54:42,913 - INFO - Allocating UMIs for gene 700...
2024-07-20 22:54:43,699 - INFO - Allocating UMIs for gene 800...
2024-07-20 22:54:44,493 - INFO - Allocating UMIs for gene 900...
2024-07-20 22:54:45,265 - INFO - Allocating UMIs for gene 1000...
2024-07-20 22:54:46,045 - INFO - Allocating UMIs for gene 1100...
2024-07-20 22:54:46,839 - INFO - Allocating UMIs for gene 1200...
2024-07-20 22:54:47,623 - INFO - Allocating UMIs for gene 1300...
2024-07-20 22:54:48,420 - INFO - Allocating UMIs for gene 1400...
2024-07-20 22:54:49,215 - INFO - Allocating UMIs for gene 1500...
2024-07-20 22:54:50,008 - INFO - Allocating UMIs for gene 1600...
2024-07-20 22:54:50,775 - INFO - Allocating UMIs for gene 1700...
2024-07-20 22:54:51,563 - INFO - Allocating UMIs for gene 1800...
2024-07-20 22:54:52,468 - INFO - Allocating UMIs for gene 1900...
2024-07-20 22:54:53,358 - INFO - Allocating UMIs for gene 2000...
2024-07-20 22:54:54,143 - INFO - Allocating UMIs for gene 2100...
2024-07-20 22:54:54,905 - INFO - Allocating UMIs for gene 2200...
2024-07-20 22:54:55,750 - INFO - Allocating UMIs for gene 2300...
2024-07-20 22:54:56,602 - INFO - Allocating UMIs for gene 2400...
2024-07-20 22:54:57,392 - INFO - Allocating UMIs for gene 2500...
2024-07-20 22:54:58,179 - INFO - Allocating UMIs for gene 2600...
2024-07-20 22:54:58,977 - INFO - Allocating UMIs for gene 2700...
2024-07-20 22:54:59,740 - INFO - Allocating UMIs for gene 2800...
2024-07-20 22:55:00,535 - INFO - Allocating UMIs for gene 2900...
2024-07-20 22:55:01,315 - INFO - Allocating UMIs for gene 3000...
2024-07-20 22:55:02,084 - INFO - Allocating UMIs for gene 3100...
2024-07-20 22:55:02,883 - INFO - Allocating UMIs for gene 3200...
2024-07-20 22:55:03,666 - INFO - Allocating UMIs for gene 3300...
2024-07-20 22:55:04,436 - INFO - Allocating UMIs for gene 3400...
2024-07-20 22:55:05,214 - INFO - Allocating UMIs for gene 3500...
2024-07-20 22:55:06,001 - INFO - Allocating UMIs for gene 3600...
2024-07-20 22:55:06,789 - INFO - Allocating UMIs for gene 3700...
2024-07-20 22:55:07,567 - INFO - Allocating UMIs for gene 3800...
2024-07-20 22:55:08,362 - INFO - Allocating UMIs for gene 3900...
2024-07-20 22:55:09,150 - INFO - Allocating UMIs for gene 4000...
2024-07-20 22:55:09,931 - INFO - Allocating UMIs for gene 4100...
2024-07-20 22:55:10,727 - INFO - Allocating UMIs for gene 4200...
2024-07-20 22:55:11,527 - INFO - Allocating UMIs for gene 4300...
2024-07-20 22:55:12,315 - INFO - Allocating UMIs for gene 4400...
2024-07-20 22:55:13,093 - INFO - Allocating UMIs for gene 4500...
2024-07-20 22:55:13,871 - INFO - Allocating UMIs for gene 4600...
2024-07-20 22:55:14,657 - INFO - Allocating UMIs for gene 4700...
2024-07-20 22:55:15,450 - INFO - Allocating UMIs for gene 4800...
2024-07-20 22:55:16,229 - INFO - Allocating UMIs for gene 4900...
2024-07-20 22:55:17,019 - INFO - Allocating UMIs for gene 5000...
2024-07-20 22:55:17,815 - INFO - Allocating UMIs for gene 5100...
2024-07-20 22:55:18,586 - INFO - Allocating UMIs for gene 5200...
2024-07-20 22:55:19,363 - INFO - Allocating UMIs for gene 5300...
2024-07-20 22:55:20,141 - INFO - Allocating UMIs for gene 5400...
2024-07-20 22:55:20,920 - INFO - Allocating UMIs for gene 5500...
2024-07-20 22:55:21,709 - INFO - Allocating UMIs for gene 5600...
2024-07-20 22:55:22,505 - INFO - Allocating UMIs for gene 5700...
2024-07-20 22:55:23,285 - INFO - Allocating UMIs for gene 5800...
2024-07-20 22:55:24,291 - INFO - Allocating UMIs for gene 5900...
2024-07-20 22:55:25,078 - INFO - UMI allocation complete.
2024-07-20 22:55:25,078 - INFO - Counting overall UMI occurrences...
2024-07-20 22:55:25,088 - INFO - Counting inter-gene collisions...
2024-07-20 22:55:25,158 - INFO - Total UMIs generated: 65536
2024-07-20 22:55:25,158 - INFO - Total UMIs allocated: 36258
2024-07-20 22:55:25,158 - INFO - Number of unique UMIs assigned to genes: 27816
2024-07-20 22:55:25,158 - INFO - Inter-gene collisions: 8442
2024-07-20 22:55:25,158 - INFO - Inter-gene collision rate: 0.23283
2024-07-20 22:55:25,158 - INFO - Writing gene UMI counts to file...
2024-07-20 22:55:25,163 - INFO - Writing UMI inter-gene collisions to file...
2024-07-20 22:55:25,168 - INFO - Simulation complete.
