2024-07-20 22:56:14,062 - INFO - Simulation Script Version: 0.0.1
2024-07-20 22:56:14,065 - INFO - Simulation Parameters:
2024-07-20 22:56:14,065 - INFO - Length of UMI: 8
2024-07-20 22:56:14,065 - INFO - Number of genes: 6000
2024-07-20 22:56:14,065 - INFO - Parameters file: None
2024-07-20 22:56:14,065 - INFO - Mean (mu): 6.0
2024-07-20 22:56:14,065 - INFO - Dispersion (theta): 6.0
2024-07-20 22:56:14,065 - INFO - Use Poisson distribution: False
2024-07-20 22:56:14,065 - INFO - Gene UMI counts file: gene_6000_umi8_counts_rep8.txt
2024-07-20 22:56:14,065 - INFO - UMI collisions file: umi8_6000_collisions_rep8.txt
2024-07-20 22:56:14,065 - INFO - Seed: None
2024-07-20 22:56:14,065 - INFO - Log file: umi8_6000_rep8.log
2024-07-20 22:56:14,065 - INFO - No seed specified. Generated random seed: 582446683
2024-07-20 22:56:14,065 - INFO - Generating all possible UMIs...
2024-07-20 22:56:14,075 - INFO - Total possible UMIs generated: 65536
2024-07-20 22:56:14,075 - INFO - Loading parameters...
2024-07-20 22:56:14,076 - INFO - Sampling read depths for each gene...
2024-07-20 22:56:14,301 - INFO - Read depths sampling complete.
2024-07-20 22:56:14,301 - INFO - Allocating UMIs based on sampled read depths...
2024-07-20 22:56:14,301 - INFO - Allocating UMIs for gene 0...
2024-07-20 22:56:15,082 - INFO - Allocating UMIs for gene 100...
2024-07-20 22:56:15,856 - INFO - Allocating UMIs for gene 200...
2024-07-20 22:56:16,646 - INFO - Allocating UMIs for gene 300...
2024-07-20 22:56:17,444 - INFO - Allocating UMIs for gene 400...
2024-07-20 22:56:18,229 - INFO - Allocating UMIs for gene 500...
2024-07-20 22:56:19,015 - INFO - Allocating UMIs for gene 600...
2024-07-20 22:56:19,811 - INFO - Allocating UMIs for gene 700...
2024-07-20 22:56:20,597 - INFO - Allocating UMIs for gene 800...
2024-07-20 22:56:21,385 - INFO - Allocating UMIs for gene 900...
2024-07-20 22:56:22,174 - INFO - Allocating UMIs for gene 1000...
2024-07-20 22:56:22,954 - INFO - Allocating UMIs for gene 1100...
2024-07-20 22:56:23,740 - INFO - Allocating UMIs for gene 1200...
2024-07-20 22:56:24,527 - INFO - Allocating UMIs for gene 1300...
2024-07-20 22:56:25,296 - INFO - Allocating UMIs for gene 1400...
2024-07-20 22:56:26,060 - INFO - Allocating UMIs for gene 1500...
2024-07-20 22:56:26,849 - INFO - Allocating UMIs for gene 1600...
2024-07-20 22:56:27,645 - INFO - Allocating UMIs for gene 1700...
2024-07-20 22:56:28,433 - INFO - Allocating UMIs for gene 1800...
2024-07-20 22:56:29,201 - INFO - Allocating UMIs for gene 1900...
2024-07-20 22:56:29,988 - INFO - Allocating UMIs for gene 2000...
2024-07-20 22:56:30,782 - INFO - Allocating UMIs for gene 2100...
2024-07-20 22:56:31,551 - INFO - Allocating UMIs for gene 2200...
2024-07-20 22:56:32,329 - INFO - Allocating UMIs for gene 2300...
2024-07-20 22:56:33,110 - INFO - Allocating UMIs for gene 2400...
2024-07-20 22:56:33,900 - INFO - Allocating UMIs for gene 2500...
2024-07-20 22:56:34,679 - INFO - Allocating UMIs for gene 2600...
2024-07-20 22:56:35,474 - INFO - Allocating UMIs for gene 2700...
2024-07-20 22:56:36,230 - INFO - Allocating UMIs for gene 2800...
2024-07-20 22:56:37,015 - INFO - Allocating UMIs for gene 2900...
2024-07-20 22:56:37,806 - INFO - Allocating UMIs for gene 3000...
2024-07-20 22:56:38,584 - INFO - Allocating UMIs for gene 3100...
2024-07-20 22:56:39,360 - INFO - Allocating UMIs for gene 3200...
2024-07-20 22:56:40,148 - INFO - Allocating UMIs for gene 3300...
2024-07-20 22:56:40,927 - INFO - Allocating UMIs for gene 3400...
2024-07-20 22:56:41,721 - INFO - Allocating UMIs for gene 3500...
2024-07-20 22:56:42,485 - INFO - Allocating UMIs for gene 3600...
2024-07-20 22:56:43,275 - INFO - Allocating UMIs for gene 3700...
2024-07-20 22:56:44,136 - INFO - Allocating UMIs for gene 3800...
2024-07-20 22:56:45,044 - INFO - Allocating UMIs for gene 3900...
2024-07-20 22:56:45,840 - INFO - Allocating UMIs for gene 4000...
2024-07-20 22:56:46,627 - INFO - Allocating UMIs for gene 4100...
2024-07-20 22:56:47,425 - INFO - Allocating UMIs for gene 4200...
2024-07-20 22:56:48,226 - INFO - Allocating UMIs for gene 4300...
2024-07-20 22:56:49,014 - INFO - Allocating UMIs for gene 4400...
2024-07-20 22:56:49,809 - INFO - Allocating UMIs for gene 4500...
2024-07-20 22:56:50,565 - INFO - Allocating UMIs for gene 4600...
2024-07-20 22:56:51,345 - INFO - Allocating UMIs for gene 4700...
2024-07-20 22:56:52,123 - INFO - Allocating UMIs for gene 4800...
2024-07-20 22:56:52,928 - INFO - Allocating UMIs for gene 4900...
2024-07-20 22:56:53,779 - INFO - Allocating UMIs for gene 5000...
2024-07-20 22:56:54,560 - INFO - Allocating UMIs for gene 5100...
2024-07-20 22:56:55,351 - INFO - Allocating UMIs for gene 5200...
2024-07-20 22:56:56,116 - INFO - Allocating UMIs for gene 5300...
2024-07-20 22:56:56,872 - INFO - Allocating UMIs for gene 5400...
2024-07-20 22:56:57,666 - INFO - Allocating UMIs for gene 5500...
2024-07-20 22:56:58,446 - INFO - Allocating UMIs for gene 5600...
2024-07-20 22:56:59,249 - INFO - Allocating UMIs for gene 5700...
2024-07-20 22:57:00,032 - INFO - Allocating UMIs for gene 5800...
2024-07-20 22:57:00,803 - INFO - Allocating UMIs for gene 5900...
2024-07-20 22:57:01,588 - INFO - UMI allocation complete.
2024-07-20 22:57:01,589 - INFO - Counting overall UMI occurrences...
2024-07-20 22:57:01,599 - INFO - Counting inter-gene collisions...
2024-07-20 22:57:01,666 - INFO - Total UMIs generated: 65536
2024-07-20 22:57:01,666 - INFO - Total UMIs allocated: 35827
2024-07-20 22:57:01,666 - INFO - Number of unique UMIs assigned to genes: 27556
2024-07-20 22:57:01,666 - INFO - Inter-gene collisions: 8269
2024-07-20 22:57:01,666 - INFO - Inter-gene collision rate: 0.23080
2024-07-20 22:57:01,666 - INFO - Writing gene UMI counts to file...
2024-07-20 22:57:01,672 - INFO - Writing UMI inter-gene collisions to file...
2024-07-20 22:57:01,677 - INFO - Simulation complete.
