2024-07-20 22:51:17,889 - INFO - Simulation Script Version: 0.0.1
2024-07-20 22:51:17,891 - INFO - Simulation Parameters:
2024-07-20 22:51:17,891 - INFO - Length of UMI: 8
2024-07-20 22:51:17,891 - INFO - Number of genes: 6000
2024-07-20 22:51:17,891 - INFO - Parameters file: None
2024-07-20 22:51:17,891 - INFO - Mean (mu): 6.0
2024-07-20 22:51:17,891 - INFO - Dispersion (theta): 6.0
2024-07-20 22:51:17,891 - INFO - Use Poisson distribution: False
2024-07-20 22:51:17,891 - INFO - Gene UMI counts file: gene_6000_umi8_counts_rep2.txt
2024-07-20 22:51:17,891 - INFO - UMI collisions file: umi8_6000_collisions_rep2.txt
2024-07-20 22:51:17,891 - INFO - Seed: None
2024-07-20 22:51:17,891 - INFO - Log file: umi8_6000_rep2.log
2024-07-20 22:51:17,891 - INFO - No seed specified. Generated random seed: 3845207328
2024-07-20 22:51:17,891 - INFO - Generating all possible UMIs...
2024-07-20 22:51:17,902 - INFO - Total possible UMIs generated: 65536
2024-07-20 22:51:17,902 - INFO - Loading parameters...
2024-07-20 22:51:17,902 - INFO - Sampling read depths for each gene...
2024-07-20 22:51:18,134 - INFO - Read depths sampling complete.
2024-07-20 22:51:18,134 - INFO - Allocating UMIs based on sampled read depths...
2024-07-20 22:51:18,134 - INFO - Allocating UMIs for gene 0...
2024-07-20 22:51:19,078 - INFO - Allocating UMIs for gene 100...
2024-07-20 22:51:19,990 - INFO - Allocating UMIs for gene 200...
2024-07-20 22:51:20,791 - INFO - Allocating UMIs for gene 300...
2024-07-20 22:51:21,579 - INFO - Allocating UMIs for gene 400...
2024-07-20 22:51:22,380 - INFO - Allocating UMIs for gene 500...
2024-07-20 22:51:23,170 - INFO - Allocating UMIs for gene 600...
2024-07-20 22:51:23,978 - INFO - Allocating UMIs for gene 700...
2024-07-20 22:51:24,776 - INFO - Allocating UMIs for gene 800...
2024-07-20 22:51:25,557 - INFO - Allocating UMIs for gene 900...
2024-07-20 22:51:26,344 - INFO - Allocating UMIs for gene 1000...
2024-07-20 22:51:27,109 - INFO - Allocating UMIs for gene 1100...
2024-07-20 22:51:27,914 - INFO - Allocating UMIs for gene 1200...
2024-07-20 22:51:28,729 - INFO - Allocating UMIs for gene 1300...
2024-07-20 22:51:29,517 - INFO - Allocating UMIs for gene 1400...
2024-07-20 22:51:30,287 - INFO - Allocating UMIs for gene 1500...
2024-07-20 22:51:31,090 - INFO - Allocating UMIs for gene 1600...
2024-07-20 22:51:31,872 - INFO - Allocating UMIs for gene 1700...
2024-07-20 22:51:32,670 - INFO - Allocating UMIs for gene 1800...
2024-07-20 22:51:33,469 - INFO - Allocating UMIs for gene 1900...
2024-07-20 22:51:34,273 - INFO - Allocating UMIs for gene 2000...
2024-07-20 22:51:35,070 - INFO - Allocating UMIs for gene 2100...
2024-07-20 22:51:36,245 - INFO - Allocating UMIs for gene 2200...
2024-07-20 22:51:37,141 - INFO - Allocating UMIs for gene 2300...
2024-07-20 22:51:38,230 - INFO - Allocating UMIs for gene 2400...
2024-07-20 22:51:39,048 - INFO - Allocating UMIs for gene 2500...
2024-07-20 22:51:39,854 - INFO - Allocating UMIs for gene 2600...
2024-07-20 22:51:40,647 - INFO - Allocating UMIs for gene 2700...
2024-07-20 22:51:41,446 - INFO - Allocating UMIs for gene 2800...
2024-07-20 22:51:42,266 - INFO - Allocating UMIs for gene 2900...
2024-07-20 22:51:43,075 - INFO - Allocating UMIs for gene 3000...
2024-07-20 22:51:43,868 - INFO - Allocating UMIs for gene 3100...
2024-07-20 22:51:44,660 - INFO - Allocating UMIs for gene 3200...
2024-07-20 22:51:45,466 - INFO - Allocating UMIs for gene 3300...
2024-07-20 22:51:46,266 - INFO - Allocating UMIs for gene 3400...
2024-07-20 22:51:47,056 - INFO - Allocating UMIs for gene 3500...
2024-07-20 22:51:47,854 - INFO - Allocating UMIs for gene 3600...
2024-07-20 22:51:48,665 - INFO - Allocating UMIs for gene 3700...
2024-07-20 22:51:49,463 - INFO - Allocating UMIs for gene 3800...
2024-07-20 22:51:50,259 - INFO - Allocating UMIs for gene 3900...
2024-07-20 22:51:51,039 - INFO - Allocating UMIs for gene 4000...
2024-07-20 22:51:51,838 - INFO - Allocating UMIs for gene 4100...
2024-07-20 22:51:52,622 - INFO - Allocating UMIs for gene 4200...
2024-07-20 22:51:53,428 - INFO - Allocating UMIs for gene 4300...
2024-07-20 22:51:54,389 - INFO - Allocating UMIs for gene 4400...
2024-07-20 22:51:55,256 - INFO - Allocating UMIs for gene 4500...
2024-07-20 22:51:56,146 - INFO - Allocating UMIs for gene 4600...
2024-07-20 22:51:56,923 - INFO - Allocating UMIs for gene 4700...
2024-07-20 22:51:57,709 - INFO - Allocating UMIs for gene 4800...
2024-07-20 22:51:58,499 - INFO - Allocating UMIs for gene 4900...
2024-07-20 22:51:59,326 - INFO - Allocating UMIs for gene 5000...
2024-07-20 22:52:00,104 - INFO - Allocating UMIs for gene 5100...
2024-07-20 22:52:00,909 - INFO - Allocating UMIs for gene 5200...
2024-07-20 22:52:01,706 - INFO - Allocating UMIs for gene 5300...
2024-07-20 22:52:02,499 - INFO - Allocating UMIs for gene 5400...
2024-07-20 22:52:03,326 - INFO - Allocating UMIs for gene 5500...
2024-07-20 22:52:04,143 - INFO - Allocating UMIs for gene 5600...
2024-07-20 22:52:04,943 - INFO - Allocating UMIs for gene 5700...
2024-07-20 22:52:05,736 - INFO - Allocating UMIs for gene 5800...
2024-07-20 22:52:06,536 - INFO - Allocating UMIs for gene 5900...
2024-07-20 22:52:07,337 - INFO - UMI allocation complete.
2024-07-20 22:52:07,337 - INFO - Counting overall UMI occurrences...
2024-07-20 22:52:07,348 - INFO - Counting inter-gene collisions...
2024-07-20 22:52:07,418 - INFO - Total UMIs generated: 65536
2024-07-20 22:52:07,418 - INFO - Total UMIs allocated: 35541
2024-07-20 22:52:07,418 - INFO - Number of unique UMIs assigned to genes: 27366
2024-07-20 22:52:07,418 - INFO - Inter-gene collisions: 8174
2024-07-20 22:52:07,418 - INFO - Inter-gene collision rate: 0.22999
2024-07-20 22:52:07,418 - INFO - Writing gene UMI counts to file...
2024-07-20 22:52:07,423 - INFO - Writing UMI inter-gene collisions to file...
2024-07-20 22:52:07,428 - INFO - Simulation complete.
