2024-07-20 22:53:49,056 - INFO - Simulation Script Version: 0.0.1
2024-07-20 22:53:49,059 - INFO - Simulation Parameters:
2024-07-20 22:53:49,059 - INFO - Length of UMI: 8
2024-07-20 22:53:49,059 - INFO - Number of genes: 6000
2024-07-20 22:53:49,059 - INFO - Parameters file: None
2024-07-20 22:53:49,059 - INFO - Mean (mu): 6.0
2024-07-20 22:53:49,059 - INFO - Dispersion (theta): 6.0
2024-07-20 22:53:49,059 - INFO - Use Poisson distribution: False
2024-07-20 22:53:49,059 - INFO - Gene UMI counts file: gene_6000_umi8_counts_rep5.txt
2024-07-20 22:53:49,059 - INFO - UMI collisions file: umi8_6000_collisions_rep5.txt
2024-07-20 22:53:49,059 - INFO - Seed: None
2024-07-20 22:53:49,059 - INFO - Log file: umi8_6000_rep5.log
2024-07-20 22:53:49,059 - INFO - No seed specified. Generated random seed: 972027374
2024-07-20 22:53:49,059 - INFO - Generating all possible UMIs...
2024-07-20 22:53:49,069 - INFO - Total possible UMIs generated: 65536
2024-07-20 22:53:49,069 - INFO - Loading parameters...
2024-07-20 22:53:49,069 - INFO - Sampling read depths for each gene...
2024-07-20 22:53:49,291 - INFO - Read depths sampling complete.
2024-07-20 22:53:49,292 - INFO - Allocating UMIs based on sampled read depths...
2024-07-20 22:53:49,292 - INFO - Allocating UMIs for gene 0...
2024-07-20 22:53:50,054 - INFO - Allocating UMIs for gene 100...
2024-07-20 22:53:51,096 - INFO - Allocating UMIs for gene 200...
2024-07-20 22:53:52,132 - INFO - Allocating UMIs for gene 300...
2024-07-20 22:53:52,871 - INFO - Allocating UMIs for gene 400...
2024-07-20 22:53:53,632 - INFO - Allocating UMIs for gene 500...
2024-07-20 22:53:54,399 - INFO - Allocating UMIs for gene 600...
2024-07-20 22:53:55,154 - INFO - Allocating UMIs for gene 700...
2024-07-20 22:53:55,914 - INFO - Allocating UMIs for gene 800...
2024-07-20 22:53:56,650 - INFO - Allocating UMIs for gene 900...
2024-07-20 22:53:57,396 - INFO - Allocating UMIs for gene 1000...
2024-07-20 22:53:58,157 - INFO - Allocating UMIs for gene 1100...
2024-07-20 22:53:58,901 - INFO - Allocating UMIs for gene 1200...
2024-07-20 22:53:59,652 - INFO - Allocating UMIs for gene 1300...
2024-07-20 22:54:00,430 - INFO - Allocating UMIs for gene 1400...
2024-07-20 22:54:01,190 - INFO - Allocating UMIs for gene 1500...
2024-07-20 22:54:01,930 - INFO - Allocating UMIs for gene 1600...
2024-07-20 22:54:02,691 - INFO - Allocating UMIs for gene 1700...
2024-07-20 22:54:03,451 - INFO - Allocating UMIs for gene 1800...
2024-07-20 22:54:04,212 - INFO - Allocating UMIs for gene 1900...
2024-07-20 22:54:04,941 - INFO - Allocating UMIs for gene 2000...
2024-07-20 22:54:05,702 - INFO - Allocating UMIs for gene 2100...
2024-07-20 22:54:06,462 - INFO - Allocating UMIs for gene 2200...
2024-07-20 22:54:07,214 - INFO - Allocating UMIs for gene 2300...
2024-07-20 22:54:07,958 - INFO - Allocating UMIs for gene 2400...
2024-07-20 22:54:08,707 - INFO - Allocating UMIs for gene 2500...
2024-07-20 22:54:09,465 - INFO - Allocating UMIs for gene 2600...
2024-07-20 22:54:10,228 - INFO - Allocating UMIs for gene 2700...
2024-07-20 22:54:10,996 - INFO - Allocating UMIs for gene 2800...
2024-07-20 22:54:11,749 - INFO - Allocating UMIs for gene 2900...
2024-07-20 22:54:12,508 - INFO - Allocating UMIs for gene 3000...
2024-07-20 22:54:13,229 - INFO - Allocating UMIs for gene 3100...
2024-07-20 22:54:13,988 - INFO - Allocating UMIs for gene 3200...
2024-07-20 22:54:14,758 - INFO - Allocating UMIs for gene 3300...
2024-07-20 22:54:15,517 - INFO - Allocating UMIs for gene 3400...
2024-07-20 22:54:16,260 - INFO - Allocating UMIs for gene 3500...
2024-07-20 22:54:17,026 - INFO - Allocating UMIs for gene 3600...
2024-07-20 22:54:17,795 - INFO - Allocating UMIs for gene 3700...
2024-07-20 22:54:18,554 - INFO - Allocating UMIs for gene 3800...
2024-07-20 22:54:19,321 - INFO - Allocating UMIs for gene 3900...
2024-07-20 22:54:20,083 - INFO - Allocating UMIs for gene 4000...
2024-07-20 22:54:20,960 - INFO - Allocating UMIs for gene 4100...
2024-07-20 22:54:21,742 - INFO - Allocating UMIs for gene 4200...
2024-07-20 22:54:22,514 - INFO - Allocating UMIs for gene 4300...
2024-07-20 22:54:23,304 - INFO - Allocating UMIs for gene 4400...
2024-07-20 22:54:24,090 - INFO - Allocating UMIs for gene 4500...
2024-07-20 22:54:24,877 - INFO - Allocating UMIs for gene 4600...
2024-07-20 22:54:25,629 - INFO - Allocating UMIs for gene 4700...
2024-07-20 22:54:26,387 - INFO - Allocating UMIs for gene 4800...
2024-07-20 22:54:27,136 - INFO - Allocating UMIs for gene 4900...
2024-07-20 22:54:27,901 - INFO - Allocating UMIs for gene 5000...
2024-07-20 22:54:28,667 - INFO - Allocating UMIs for gene 5100...
2024-07-20 22:54:29,426 - INFO - Allocating UMIs for gene 5200...
2024-07-20 22:54:30,321 - INFO - Allocating UMIs for gene 5300...
2024-07-20 22:54:31,101 - INFO - Allocating UMIs for gene 5400...
2024-07-20 22:54:31,887 - INFO - Allocating UMIs for gene 5500...
2024-07-20 22:54:32,681 - INFO - Allocating UMIs for gene 5600...
2024-07-20 22:54:33,475 - INFO - Allocating UMIs for gene 5700...
2024-07-20 22:54:34,265 - INFO - Allocating UMIs for gene 5800...
2024-07-20 22:54:35,050 - INFO - Allocating UMIs for gene 5900...
2024-07-20 22:54:35,795 - INFO - UMI allocation complete.
2024-07-20 22:54:35,795 - INFO - Counting overall UMI occurrences...
2024-07-20 22:54:35,805 - INFO - Counting inter-gene collisions...
2024-07-20 22:54:35,886 - INFO - Total UMIs generated: 65536
2024-07-20 22:54:35,886 - INFO - Total UMIs allocated: 35522
2024-07-20 22:54:35,886 - INFO - Number of unique UMIs assigned to genes: 27389
2024-07-20 22:54:35,886 - INFO - Inter-gene collisions: 8133
2024-07-20 22:54:35,886 - INFO - Inter-gene collision rate: 0.22896
2024-07-20 22:54:35,886 - INFO - Writing gene UMI counts to file...
2024-07-20 22:54:35,891 - INFO - Writing UMI inter-gene collisions to file...
2024-07-20 22:54:35,896 - INFO - Simulation complete.
