2024-07-20 22:52:08,494 - INFO - Simulation Script Version: 0.0.1
2024-07-20 22:52:08,497 - INFO - Simulation Parameters:
2024-07-20 22:52:08,497 - INFO - Length of UMI: 8
2024-07-20 22:52:08,497 - INFO - Number of genes: 6000
2024-07-20 22:52:08,497 - INFO - Parameters file: None
2024-07-20 22:52:08,497 - INFO - Mean (mu): 6.0
2024-07-20 22:52:08,497 - INFO - Dispersion (theta): 6.0
2024-07-20 22:52:08,497 - INFO - Use Poisson distribution: False
2024-07-20 22:52:08,497 - INFO - Gene UMI counts file: gene_6000_umi8_counts_rep3.txt
2024-07-20 22:52:08,497 - INFO - UMI collisions file: umi8_6000_collisions_rep3.txt
2024-07-20 22:52:08,497 - INFO - Seed: None
2024-07-20 22:52:08,497 - INFO - Log file: umi8_6000_rep3.log
2024-07-20 22:52:08,497 - INFO - No seed specified. Generated random seed: 847790670
2024-07-20 22:52:08,497 - INFO - Generating all possible UMIs...
2024-07-20 22:52:08,508 - INFO - Total possible UMIs generated: 65536
2024-07-20 22:52:08,508 - INFO - Loading parameters...
2024-07-20 22:52:08,508 - INFO - Sampling read depths for each gene...
2024-07-20 22:52:08,743 - INFO - Read depths sampling complete.
2024-07-20 22:52:08,744 - INFO - Allocating UMIs based on sampled read depths...
2024-07-20 22:52:08,744 - INFO - Allocating UMIs for gene 0...
2024-07-20 22:52:09,697 - INFO - Allocating UMIs for gene 100...
2024-07-20 22:52:10,629 - INFO - Allocating UMIs for gene 200...
2024-07-20 22:52:11,495 - INFO - Allocating UMIs for gene 300...
2024-07-20 22:52:12,576 - INFO - Allocating UMIs for gene 400...
2024-07-20 22:52:13,589 - INFO - Allocating UMIs for gene 500...
2024-07-20 22:52:14,542 - INFO - Allocating UMIs for gene 600...
2024-07-20 22:52:15,350 - INFO - Allocating UMIs for gene 700...
2024-07-20 22:52:16,140 - INFO - Allocating UMIs for gene 800...
2024-07-20 22:52:16,957 - INFO - Allocating UMIs for gene 900...
2024-07-20 22:52:17,753 - INFO - Allocating UMIs for gene 1000...
2024-07-20 22:52:18,578 - INFO - Allocating UMIs for gene 1100...
2024-07-20 22:52:19,402 - INFO - Allocating UMIs for gene 1200...
2024-07-20 22:52:20,218 - INFO - Allocating UMIs for gene 1300...
2024-07-20 22:52:21,024 - INFO - Allocating UMIs for gene 1400...
2024-07-20 22:52:21,841 - INFO - Allocating UMIs for gene 1500...
2024-07-20 22:52:22,646 - INFO - Allocating UMIs for gene 1600...
2024-07-20 22:52:23,469 - INFO - Allocating UMIs for gene 1700...
2024-07-20 22:52:24,262 - INFO - Allocating UMIs for gene 1800...
2024-07-20 22:52:25,077 - INFO - Allocating UMIs for gene 1900...
2024-07-20 22:52:25,888 - INFO - Allocating UMIs for gene 2000...
2024-07-20 22:52:26,681 - INFO - Allocating UMIs for gene 2100...
2024-07-20 22:52:27,491 - INFO - Allocating UMIs for gene 2200...
2024-07-20 22:52:28,296 - INFO - Allocating UMIs for gene 2300...
2024-07-20 22:52:29,243 - INFO - Allocating UMIs for gene 2400...
2024-07-20 22:52:30,163 - INFO - Allocating UMIs for gene 2500...
2024-07-20 22:52:30,961 - INFO - Allocating UMIs for gene 2600...
2024-07-20 22:52:31,761 - INFO - Allocating UMIs for gene 2700...
2024-07-20 22:52:32,569 - INFO - Allocating UMIs for gene 2800...
2024-07-20 22:52:33,370 - INFO - Allocating UMIs for gene 2900...
2024-07-20 22:52:34,164 - INFO - Allocating UMIs for gene 3000...
2024-07-20 22:52:34,937 - INFO - Allocating UMIs for gene 3100...
2024-07-20 22:52:35,756 - INFO - Allocating UMIs for gene 3200...
2024-07-20 22:52:36,565 - INFO - Allocating UMIs for gene 3300...
2024-07-20 22:52:37,386 - INFO - Allocating UMIs for gene 3400...
2024-07-20 22:52:38,191 - INFO - Allocating UMIs for gene 3500...
2024-07-20 22:52:38,997 - INFO - Allocating UMIs for gene 3600...
2024-07-20 22:52:39,811 - INFO - Allocating UMIs for gene 3700...
2024-07-20 22:52:40,598 - INFO - Allocating UMIs for gene 3800...
2024-07-20 22:52:41,420 - INFO - Allocating UMIs for gene 3900...
2024-07-20 22:52:42,251 - INFO - Allocating UMIs for gene 4000...
2024-07-20 22:52:43,061 - INFO - Allocating UMIs for gene 4100...
2024-07-20 22:52:44,131 - INFO - Allocating UMIs for gene 4200...
2024-07-20 22:52:45,117 - INFO - Allocating UMIs for gene 4300...
2024-07-20 22:52:45,972 - INFO - Allocating UMIs for gene 4400...
2024-07-20 22:52:46,995 - INFO - Allocating UMIs for gene 4500...
2024-07-20 22:52:47,794 - INFO - Allocating UMIs for gene 4600...
2024-07-20 22:52:48,603 - INFO - Allocating UMIs for gene 4700...
2024-07-20 22:52:49,413 - INFO - Allocating UMIs for gene 4800...
2024-07-20 22:52:50,218 - INFO - Allocating UMIs for gene 4900...
2024-07-20 22:52:51,008 - INFO - Allocating UMIs for gene 5000...
2024-07-20 22:52:51,804 - INFO - Allocating UMIs for gene 5100...
2024-07-20 22:52:52,607 - INFO - Allocating UMIs for gene 5200...
2024-07-20 22:52:53,416 - INFO - Allocating UMIs for gene 5300...
2024-07-20 22:52:54,219 - INFO - Allocating UMIs for gene 5400...
2024-07-20 22:52:55,030 - INFO - Allocating UMIs for gene 5500...
2024-07-20 22:52:55,846 - INFO - Allocating UMIs for gene 5600...
2024-07-20 22:52:56,646 - INFO - Allocating UMIs for gene 5700...
2024-07-20 22:52:57,461 - INFO - Allocating UMIs for gene 5800...
2024-07-20 22:52:58,267 - INFO - Allocating UMIs for gene 5900...
2024-07-20 22:52:59,079 - INFO - UMI allocation complete.
2024-07-20 22:52:59,079 - INFO - Counting overall UMI occurrences...
2024-07-20 22:52:59,090 - INFO - Counting inter-gene collisions...
2024-07-20 22:52:59,160 - INFO - Total UMIs generated: 65536
2024-07-20 22:52:59,160 - INFO - Total UMIs allocated: 36150
2024-07-20 22:52:59,160 - INFO - Number of unique UMIs assigned to genes: 27821
2024-07-20 22:52:59,160 - INFO - Inter-gene collisions: 8325
2024-07-20 22:52:59,160 - INFO - Inter-gene collision rate: 0.23029
2024-07-20 22:52:59,160 - INFO - Writing gene UMI counts to file...
2024-07-20 22:52:59,165 - INFO - Writing UMI inter-gene collisions to file...
2024-07-20 22:52:59,170 - INFO - Simulation complete.
