2024-07-20 22:55:26,197 - INFO - Simulation Script Version: 0.0.1
2024-07-20 22:55:26,200 - INFO - Simulation Parameters:
2024-07-20 22:55:26,200 - INFO - Length of UMI: 8
2024-07-20 22:55:26,200 - INFO - Number of genes: 6000
2024-07-20 22:55:26,200 - INFO - Parameters file: None
2024-07-20 22:55:26,200 - INFO - Mean (mu): 6.0
2024-07-20 22:55:26,200 - INFO - Dispersion (theta): 6.0
2024-07-20 22:55:26,200 - INFO - Use Poisson distribution: False
2024-07-20 22:55:26,200 - INFO - Gene UMI counts file: gene_6000_umi8_counts_rep7.txt
2024-07-20 22:55:26,200 - INFO - UMI collisions file: umi8_6000_collisions_rep7.txt
2024-07-20 22:55:26,200 - INFO - Seed: None
2024-07-20 22:55:26,200 - INFO - Log file: umi8_6000_rep7.log
2024-07-20 22:55:26,200 - INFO - No seed specified. Generated random seed: 3284343043
2024-07-20 22:55:26,200 - INFO - Generating all possible UMIs...
2024-07-20 22:55:26,210 - INFO - Total possible UMIs generated: 65536
2024-07-20 22:55:26,210 - INFO - Loading parameters...
2024-07-20 22:55:26,210 - INFO - Sampling read depths for each gene...
2024-07-20 22:55:26,439 - INFO - Read depths sampling complete.
2024-07-20 22:55:26,439 - INFO - Allocating UMIs based on sampled read depths...
2024-07-20 22:55:26,439 - INFO - Allocating UMIs for gene 0...
2024-07-20 22:55:27,247 - INFO - Allocating UMIs for gene 100...
2024-07-20 22:55:28,047 - INFO - Allocating UMIs for gene 200...
2024-07-20 22:55:28,853 - INFO - Allocating UMIs for gene 300...
2024-07-20 22:55:29,857 - INFO - Allocating UMIs for gene 400...
2024-07-20 22:55:30,599 - INFO - Allocating UMIs for gene 500...
2024-07-20 22:55:31,348 - INFO - Allocating UMIs for gene 600...
2024-07-20 22:55:32,100 - INFO - Allocating UMIs for gene 700...
2024-07-20 22:55:32,926 - INFO - Allocating UMIs for gene 800...
2024-07-20 22:55:33,763 - INFO - Allocating UMIs for gene 900...
2024-07-20 22:55:34,499 - INFO - Allocating UMIs for gene 1000...
2024-07-20 22:55:35,236 - INFO - Allocating UMIs for gene 1100...
2024-07-20 22:55:35,983 - INFO - Allocating UMIs for gene 1200...
2024-07-20 22:55:36,736 - INFO - Allocating UMIs for gene 1300...
2024-07-20 22:55:37,579 - INFO - Allocating UMIs for gene 1400...
2024-07-20 22:55:38,447 - INFO - Allocating UMIs for gene 1500...
2024-07-20 22:55:39,205 - INFO - Allocating UMIs for gene 1600...
2024-07-20 22:55:39,937 - INFO - Allocating UMIs for gene 1700...
2024-07-20 22:55:40,674 - INFO - Allocating UMIs for gene 1800...
2024-07-20 22:55:41,689 - INFO - Allocating UMIs for gene 1900...
2024-07-20 22:55:42,446 - INFO - Allocating UMIs for gene 2000...
2024-07-20 22:55:43,182 - INFO - Allocating UMIs for gene 2100...
2024-07-20 22:55:43,924 - INFO - Allocating UMIs for gene 2200...
2024-07-20 22:55:44,683 - INFO - Allocating UMIs for gene 2300...
2024-07-20 22:55:45,441 - INFO - Allocating UMIs for gene 2400...
2024-07-20 22:55:46,168 - INFO - Allocating UMIs for gene 2500...
2024-07-20 22:55:46,926 - INFO - Allocating UMIs for gene 2600...
2024-07-20 22:55:47,661 - INFO - Allocating UMIs for gene 2700...
2024-07-20 22:55:48,423 - INFO - Allocating UMIs for gene 2800...
2024-07-20 22:55:49,171 - INFO - Allocating UMIs for gene 2900...
2024-07-20 22:55:49,929 - INFO - Allocating UMIs for gene 3000...
2024-07-20 22:55:50,686 - INFO - Allocating UMIs for gene 3100...
2024-07-20 22:55:51,428 - INFO - Allocating UMIs for gene 3200...
2024-07-20 22:55:52,192 - INFO - Allocating UMIs for gene 3300...
2024-07-20 22:55:52,941 - INFO - Allocating UMIs for gene 3400...
2024-07-20 22:55:53,706 - INFO - Allocating UMIs for gene 3500...
2024-07-20 22:55:54,456 - INFO - Allocating UMIs for gene 3600...
2024-07-20 22:55:55,220 - INFO - Allocating UMIs for gene 3700...
2024-07-20 22:55:55,989 - INFO - Allocating UMIs for gene 3800...
2024-07-20 22:55:56,744 - INFO - Allocating UMIs for gene 3900...
2024-07-20 22:55:57,504 - INFO - Allocating UMIs for gene 4000...
2024-07-20 22:55:58,255 - INFO - Allocating UMIs for gene 4100...
2024-07-20 22:55:58,999 - INFO - Allocating UMIs for gene 4200...
2024-07-20 22:55:59,740 - INFO - Allocating UMIs for gene 4300...
2024-07-20 22:56:00,601 - INFO - Allocating UMIs for gene 4400...
2024-07-20 22:56:01,473 - INFO - Allocating UMIs for gene 4500...
2024-07-20 22:56:02,488 - INFO - Allocating UMIs for gene 4600...
2024-07-20 22:56:03,226 - INFO - Allocating UMIs for gene 4700...
2024-07-20 22:56:03,968 - INFO - Allocating UMIs for gene 4800...
2024-07-20 22:56:04,719 - INFO - Allocating UMIs for gene 4900...
2024-07-20 22:56:05,465 - INFO - Allocating UMIs for gene 5000...
2024-07-20 22:56:06,214 - INFO - Allocating UMIs for gene 5100...
2024-07-20 22:56:06,958 - INFO - Allocating UMIs for gene 5200...
2024-07-20 22:56:07,710 - INFO - Allocating UMIs for gene 5300...
2024-07-20 22:56:08,448 - INFO - Allocating UMIs for gene 5400...
2024-07-20 22:56:09,198 - INFO - Allocating UMIs for gene 5500...
2024-07-20 22:56:09,958 - INFO - Allocating UMIs for gene 5600...
2024-07-20 22:56:10,686 - INFO - Allocating UMIs for gene 5700...
2024-07-20 22:56:11,437 - INFO - Allocating UMIs for gene 5800...
2024-07-20 22:56:12,180 - INFO - Allocating UMIs for gene 5900...
2024-07-20 22:56:12,930 - INFO - UMI allocation complete.
2024-07-20 22:56:12,930 - INFO - Counting overall UMI occurrences...
2024-07-20 22:56:12,941 - INFO - Counting inter-gene collisions...
2024-07-20 22:56:13,021 - INFO - Total UMIs generated: 65536
2024-07-20 22:56:13,021 - INFO - Total UMIs allocated: 35771
2024-07-20 22:56:13,021 - INFO - Number of unique UMIs assigned to genes: 27606
2024-07-20 22:56:13,021 - INFO - Inter-gene collisions: 8160
2024-07-20 22:56:13,021 - INFO - Inter-gene collision rate: 0.22812
2024-07-20 22:56:13,021 - INFO - Writing gene UMI counts to file...
2024-07-20 22:56:13,026 - INFO - Writing UMI inter-gene collisions to file...
2024-07-20 22:56:13,031 - INFO - Simulation complete.
