2024-07-20 22:50:29,666 - INFO - Simulation Script Version: 0.0.1
2024-07-20 22:50:29,668 - INFO - Simulation Parameters:
2024-07-20 22:50:29,668 - INFO - Length of UMI: 8
2024-07-20 22:50:29,668 - INFO - Number of genes: 6000
2024-07-20 22:50:29,668 - INFO - Parameters file: None
2024-07-20 22:50:29,668 - INFO - Mean (mu): 6.0
2024-07-20 22:50:29,668 - INFO - Dispersion (theta): 6.0
2024-07-20 22:50:29,668 - INFO - Use Poisson distribution: False
2024-07-20 22:50:29,669 - INFO - Gene UMI counts file: gene_6000_umi8_counts_rep1.txt
2024-07-20 22:50:29,669 - INFO - UMI collisions file: umi8_6000_collisions.txt
2024-07-20 22:50:29,669 - INFO - Seed: None
2024-07-20 22:50:29,669 - INFO - Log file: umi8_6000_rep1.log
2024-07-20 22:50:29,669 - INFO - No seed specified. Generated random seed: 1113932077
2024-07-20 22:50:29,669 - INFO - Generating all possible UMIs...
2024-07-20 22:50:29,678 - INFO - Total possible UMIs generated: 65536
2024-07-20 22:50:29,678 - INFO - Loading parameters...
2024-07-20 22:50:29,678 - INFO - Sampling read depths for each gene...
2024-07-20 22:50:29,899 - INFO - Read depths sampling complete.
2024-07-20 22:50:29,899 - INFO - Allocating UMIs based on sampled read depths...
2024-07-20 22:50:29,899 - INFO - Allocating UMIs for gene 0...
2024-07-20 22:50:30,758 - INFO - Allocating UMIs for gene 100...
2024-07-20 22:50:31,583 - INFO - Allocating UMIs for gene 200...
2024-07-20 22:50:32,805 - INFO - Allocating UMIs for gene 300...
2024-07-20 22:50:33,548 - INFO - Allocating UMIs for gene 400...
2024-07-20 22:50:34,300 - INFO - Allocating UMIs for gene 500...
2024-07-20 22:50:35,281 - INFO - Allocating UMIs for gene 600...
2024-07-20 22:50:36,035 - INFO - Allocating UMIs for gene 700...
2024-07-20 22:50:36,783 - INFO - Allocating UMIs for gene 800...
2024-07-20 22:50:37,533 - INFO - Allocating UMIs for gene 900...
2024-07-20 22:50:38,293 - INFO - Allocating UMIs for gene 1000...
2024-07-20 22:50:39,059 - INFO - Allocating UMIs for gene 1100...
2024-07-20 22:50:39,801 - INFO - Allocating UMIs for gene 1200...
2024-07-20 22:50:40,544 - INFO - Allocating UMIs for gene 1300...
2024-07-20 22:50:41,281 - INFO - Allocating UMIs for gene 1400...
2024-07-20 22:50:42,162 - INFO - Allocating UMIs for gene 1500...
2024-07-20 22:50:43,030 - INFO - Allocating UMIs for gene 1600...
2024-07-20 22:50:43,752 - INFO - Allocating UMIs for gene 1700...
2024-07-20 22:50:44,745 - INFO - Allocating UMIs for gene 1800...
2024-07-20 22:50:45,454 - INFO - Allocating UMIs for gene 1900...
2024-07-20 22:50:46,174 - INFO - Allocating UMIs for gene 2000...
2024-07-20 22:50:46,889 - INFO - Allocating UMIs for gene 2100...
2024-07-20 22:50:47,613 - INFO - Allocating UMIs for gene 2200...
2024-07-20 22:50:48,330 - INFO - Allocating UMIs for gene 2300...
2024-07-20 22:50:49,024 - INFO - Allocating UMIs for gene 2400...
2024-07-20 22:50:49,750 - INFO - Allocating UMIs for gene 2500...
2024-07-20 22:50:50,473 - INFO - Allocating UMIs for gene 2600...
2024-07-20 22:50:51,198 - INFO - Allocating UMIs for gene 2700...
2024-07-20 22:50:51,916 - INFO - Allocating UMIs for gene 2800...
2024-07-20 22:50:52,606 - INFO - Allocating UMIs for gene 2900...
2024-07-20 22:50:53,317 - INFO - Allocating UMIs for gene 3000...
2024-07-20 22:50:54,028 - INFO - Allocating UMIs for gene 3100...
2024-07-20 22:50:54,751 - INFO - Allocating UMIs for gene 3200...
2024-07-20 22:50:55,469 - INFO - Allocating UMIs for gene 3300...
2024-07-20 22:50:56,176 - INFO - Allocating UMIs for gene 3400...
2024-07-20 22:50:56,878 - INFO - Allocating UMIs for gene 3500...
2024-07-20 22:50:57,606 - INFO - Allocating UMIs for gene 3600...
2024-07-20 22:50:58,332 - INFO - Allocating UMIs for gene 3700...
2024-07-20 22:50:59,052 - INFO - Allocating UMIs for gene 3800...
2024-07-20 22:50:59,779 - INFO - Allocating UMIs for gene 3900...
2024-07-20 22:51:00,624 - INFO - Allocating UMIs for gene 4000...
2024-07-20 22:51:01,719 - INFO - Allocating UMIs for gene 4100...
2024-07-20 22:51:02,434 - INFO - Allocating UMIs for gene 4200...
2024-07-20 22:51:03,194 - INFO - Allocating UMIs for gene 4300...
2024-07-20 22:51:04,186 - INFO - Allocating UMIs for gene 4400...
2024-07-20 22:51:05,254 - INFO - Allocating UMIs for gene 4500...
2024-07-20 22:51:06,001 - INFO - Allocating UMIs for gene 4600...
2024-07-20 22:51:06,777 - INFO - Allocating UMIs for gene 4700...
2024-07-20 22:51:07,729 - INFO - Allocating UMIs for gene 4800...
2024-07-20 22:51:08,483 - INFO - Allocating UMIs for gene 4900...
2024-07-20 22:51:09,239 - INFO - Allocating UMIs for gene 5000...
2024-07-20 22:51:09,998 - INFO - Allocating UMIs for gene 5100...
2024-07-20 22:51:10,741 - INFO - Allocating UMIs for gene 5200...
2024-07-20 22:51:11,477 - INFO - Allocating UMIs for gene 5300...
2024-07-20 22:51:12,235 - INFO - Allocating UMIs for gene 5400...
2024-07-20 22:51:12,990 - INFO - Allocating UMIs for gene 5500...
2024-07-20 22:51:13,742 - INFO - Allocating UMIs for gene 5600...
2024-07-20 22:51:14,491 - INFO - Allocating UMIs for gene 5700...
2024-07-20 22:51:15,250 - INFO - Allocating UMIs for gene 5800...
2024-07-20 22:51:15,998 - INFO - Allocating UMIs for gene 5900...
2024-07-20 22:51:16,770 - INFO - UMI allocation complete.
2024-07-20 22:51:16,770 - INFO - Counting overall UMI occurrences...
2024-07-20 22:51:16,781 - INFO - Counting inter-gene collisions...
2024-07-20 22:51:16,844 - INFO - Total UMIs generated: 65536
2024-07-20 22:51:16,845 - INFO - Total UMIs allocated: 35865
2024-07-20 22:51:16,845 - INFO - Number of unique UMIs assigned to genes: 27635
2024-07-20 22:51:16,845 - INFO - Inter-gene collisions: 8227
2024-07-20 22:51:16,845 - INFO - Inter-gene collision rate: 0.22939
2024-07-20 22:51:16,845 - INFO - Writing gene UMI counts to file...
2024-07-20 22:51:16,850 - INFO - Writing UMI inter-gene collisions to file...
2024-07-20 22:51:16,855 - INFO - Simulation complete.
