2024-07-20 22:53:00,256 - INFO - Simulation Script Version: 0.0.1
2024-07-20 22:53:00,259 - INFO - Simulation Parameters:
2024-07-20 22:53:00,259 - INFO - Length of UMI: 8
2024-07-20 22:53:00,259 - INFO - Number of genes: 6000
2024-07-20 22:53:00,259 - INFO - Parameters file: None
2024-07-20 22:53:00,259 - INFO - Mean (mu): 6.0
2024-07-20 22:53:00,259 - INFO - Dispersion (theta): 6.0
2024-07-20 22:53:00,259 - INFO - Use Poisson distribution: False
2024-07-20 22:53:00,259 - INFO - Gene UMI counts file: gene_6000_umi8_counts_rep4.txt
2024-07-20 22:53:00,259 - INFO - UMI collisions file: umi8_6000_collisions_rep4.txt
2024-07-20 22:53:00,259 - INFO - Seed: None
2024-07-20 22:53:00,259 - INFO - Log file: umi8_6000_rep4.log
2024-07-20 22:53:00,259 - INFO - No seed specified. Generated random seed: 2530697280
2024-07-20 22:53:00,259 - INFO - Generating all possible UMIs...
2024-07-20 22:53:00,269 - INFO - Total possible UMIs generated: 65536
2024-07-20 22:53:00,269 - INFO - Loading parameters...
2024-07-20 22:53:00,269 - INFO - Sampling read depths for each gene...
2024-07-20 22:53:00,495 - INFO - Read depths sampling complete.
2024-07-20 22:53:00,496 - INFO - Allocating UMIs based on sampled read depths...
2024-07-20 22:53:00,496 - INFO - Allocating UMIs for gene 0...
2024-07-20 22:53:01,278 - INFO - Allocating UMIs for gene 100...
2024-07-20 22:53:02,055 - INFO - Allocating UMIs for gene 200...
2024-07-20 22:53:02,830 - INFO - Allocating UMIs for gene 300...
2024-07-20 22:53:03,679 - INFO - Allocating UMIs for gene 400...
2024-07-20 22:53:04,606 - INFO - Allocating UMIs for gene 500...
2024-07-20 22:53:05,367 - INFO - Allocating UMIs for gene 600...
2024-07-20 22:53:06,135 - INFO - Allocating UMIs for gene 700...
2024-07-20 22:53:06,917 - INFO - Allocating UMIs for gene 800...
2024-07-20 22:53:07,701 - INFO - Allocating UMIs for gene 900...
2024-07-20 22:53:08,479 - INFO - Allocating UMIs for gene 1000...
2024-07-20 22:53:09,256 - INFO - Allocating UMIs for gene 1100...
2024-07-20 22:53:10,027 - INFO - Allocating UMIs for gene 1200...
2024-07-20 22:53:10,816 - INFO - Allocating UMIs for gene 1300...
2024-07-20 22:53:11,596 - INFO - Allocating UMIs for gene 1400...
2024-07-20 22:53:12,376 - INFO - Allocating UMIs for gene 1500...
2024-07-20 22:53:13,171 - INFO - Allocating UMIs for gene 1600...
2024-07-20 22:53:13,970 - INFO - Allocating UMIs for gene 1700...
2024-07-20 22:53:14,764 - INFO - Allocating UMIs for gene 1800...
2024-07-20 22:53:15,548 - INFO - Allocating UMIs for gene 1900...
2024-07-20 22:53:16,389 - INFO - Allocating UMIs for gene 2000...
2024-07-20 22:53:17,249 - INFO - Allocating UMIs for gene 2100...
2024-07-20 22:53:18,024 - INFO - Allocating UMIs for gene 2200...
2024-07-20 22:53:18,933 - INFO - Allocating UMIs for gene 2300...
2024-07-20 22:53:19,842 - INFO - Allocating UMIs for gene 2400...
2024-07-20 22:53:20,593 - INFO - Allocating UMIs for gene 2500...
2024-07-20 22:53:21,563 - INFO - Allocating UMIs for gene 2600...
2024-07-20 22:53:22,326 - INFO - Allocating UMIs for gene 2700...
2024-07-20 22:53:23,265 - INFO - Allocating UMIs for gene 2800...
2024-07-20 22:53:24,047 - INFO - Allocating UMIs for gene 2900...
2024-07-20 22:53:24,817 - INFO - Allocating UMIs for gene 3000...
2024-07-20 22:53:25,597 - INFO - Allocating UMIs for gene 3100...
2024-07-20 22:53:26,352 - INFO - Allocating UMIs for gene 3200...
2024-07-20 22:53:27,107 - INFO - Allocating UMIs for gene 3300...
2024-07-20 22:53:27,832 - INFO - Allocating UMIs for gene 3400...
2024-07-20 22:53:28,571 - INFO - Allocating UMIs for gene 3500...
2024-07-20 22:53:29,317 - INFO - Allocating UMIs for gene 3600...
2024-07-20 22:53:30,073 - INFO - Allocating UMIs for gene 3700...
2024-07-20 22:53:30,820 - INFO - Allocating UMIs for gene 3800...
2024-07-20 22:53:31,575 - INFO - Allocating UMIs for gene 3900...
2024-07-20 22:53:32,332 - INFO - Allocating UMIs for gene 4000...
2024-07-20 22:53:33,082 - INFO - Allocating UMIs for gene 4100...
2024-07-20 22:53:33,835 - INFO - Allocating UMIs for gene 4200...
2024-07-20 22:53:34,597 - INFO - Allocating UMIs for gene 4300...
2024-07-20 22:53:35,359 - INFO - Allocating UMIs for gene 4400...
2024-07-20 22:53:36,148 - INFO - Allocating UMIs for gene 4500...
2024-07-20 22:53:36,934 - INFO - Allocating UMIs for gene 4600...
2024-07-20 22:53:37,731 - INFO - Allocating UMIs for gene 4700...
2024-07-20 22:53:38,519 - INFO - Allocating UMIs for gene 4800...
2024-07-20 22:53:39,280 - INFO - Allocating UMIs for gene 4900...
2024-07-20 22:53:40,058 - INFO - Allocating UMIs for gene 5000...
2024-07-20 22:53:40,852 - INFO - Allocating UMIs for gene 5100...
2024-07-20 22:53:41,625 - INFO - Allocating UMIs for gene 5200...
2024-07-20 22:53:42,413 - INFO - Allocating UMIs for gene 5300...
2024-07-20 22:53:43,207 - INFO - Allocating UMIs for gene 5400...
2024-07-20 22:53:43,990 - INFO - Allocating UMIs for gene 5500...
2024-07-20 22:53:44,768 - INFO - Allocating UMIs for gene 5600...
2024-07-20 22:53:45,531 - INFO - Allocating UMIs for gene 5700...
2024-07-20 22:53:46,289 - INFO - Allocating UMIs for gene 5800...
2024-07-20 22:53:47,036 - INFO - Allocating UMIs for gene 5900...
2024-07-20 22:53:47,791 - INFO - UMI allocation complete.
2024-07-20 22:53:47,791 - INFO - Counting overall UMI occurrences...
2024-07-20 22:53:47,801 - INFO - Counting inter-gene collisions...
2024-07-20 22:53:47,867 - INFO - Total UMIs generated: 65536
2024-07-20 22:53:47,867 - INFO - Total UMIs allocated: 35963
2024-07-20 22:53:47,867 - INFO - Number of unique UMIs assigned to genes: 27570
2024-07-20 22:53:47,867 - INFO - Inter-gene collisions: 8391
2024-07-20 22:53:47,867 - INFO - Inter-gene collision rate: 0.23332
2024-07-20 22:53:47,867 - INFO - Writing gene UMI counts to file...
2024-07-20 22:53:47,872 - INFO - Writing UMI inter-gene collisions to file...
2024-07-20 22:53:47,877 - INFO - Simulation complete.
