2024-07-20 22:57:51,959 - INFO - Simulation Script Version: 0.0.1
2024-07-20 22:57:51,961 - INFO - Simulation Parameters:
2024-07-20 22:57:51,961 - INFO - Length of UMI: 8
2024-07-20 22:57:51,961 - INFO - Number of genes: 6000
2024-07-20 22:57:51,961 - INFO - Parameters file: None
2024-07-20 22:57:51,961 - INFO - Mean (mu): 6.0
2024-07-20 22:57:51,961 - INFO - Dispersion (theta): 6.0
2024-07-20 22:57:51,961 - INFO - Use Poisson distribution: False
2024-07-20 22:57:51,961 - INFO - Gene UMI counts file: gene_6000_umi8_counts_rep10.txt
2024-07-20 22:57:51,961 - INFO - UMI collisions file: umi8_6000_collisions_rep10.txt
2024-07-20 22:57:51,961 - INFO - Seed: None
2024-07-20 22:57:51,961 - INFO - Log file: umi8_6000_rep10.log
2024-07-20 22:57:51,961 - INFO - No seed specified. Generated random seed: 1316274033
2024-07-20 22:57:51,961 - INFO - Generating all possible UMIs...
2024-07-20 22:57:51,972 - INFO - Total possible UMIs generated: 65536
2024-07-20 22:57:51,972 - INFO - Loading parameters...
2024-07-20 22:57:51,972 - INFO - Sampling read depths for each gene...
2024-07-20 22:57:52,196 - INFO - Read depths sampling complete.
2024-07-20 22:57:52,197 - INFO - Allocating UMIs based on sampled read depths...
2024-07-20 22:57:52,197 - INFO - Allocating UMIs for gene 0...
2024-07-20 22:57:52,992 - INFO - Allocating UMIs for gene 100...
2024-07-20 22:57:53,789 - INFO - Allocating UMIs for gene 200...
2024-07-20 22:57:54,590 - INFO - Allocating UMIs for gene 300...
2024-07-20 22:57:55,379 - INFO - Allocating UMIs for gene 400...
2024-07-20 22:57:56,177 - INFO - Allocating UMIs for gene 500...
2024-07-20 22:57:56,973 - INFO - Allocating UMIs for gene 600...
2024-07-20 22:57:57,766 - INFO - Allocating UMIs for gene 700...
2024-07-20 22:57:58,571 - INFO - Allocating UMIs for gene 800...
2024-07-20 22:57:59,484 - INFO - Allocating UMIs for gene 900...
2024-07-20 22:58:00,291 - INFO - Allocating UMIs for gene 1000...
2024-07-20 22:58:01,070 - INFO - Allocating UMIs for gene 1100...
2024-07-20 22:58:01,822 - INFO - Allocating UMIs for gene 1200...
2024-07-20 22:58:02,615 - INFO - Allocating UMIs for gene 1300...
2024-07-20 22:58:03,413 - INFO - Allocating UMIs for gene 1400...
2024-07-20 22:58:04,222 - INFO - Allocating UMIs for gene 1500...
2024-07-20 22:58:05,007 - INFO - Allocating UMIs for gene 1600...
2024-07-20 22:58:05,799 - INFO - Allocating UMIs for gene 1700...
2024-07-20 22:58:06,587 - INFO - Allocating UMIs for gene 1800...
2024-07-20 22:58:07,376 - INFO - Allocating UMIs for gene 1900...
2024-07-20 22:58:08,163 - INFO - Allocating UMIs for gene 2000...
2024-07-20 22:58:08,958 - INFO - Allocating UMIs for gene 2100...
2024-07-20 22:58:09,750 - INFO - Allocating UMIs for gene 2200...
2024-07-20 22:58:10,606 - INFO - Allocating UMIs for gene 2300...
2024-07-20 22:58:11,442 - INFO - Allocating UMIs for gene 2400...
2024-07-20 22:58:12,229 - INFO - Allocating UMIs for gene 2500...
2024-07-20 22:58:13,021 - INFO - Allocating UMIs for gene 2600...
2024-07-20 22:58:13,804 - INFO - Allocating UMIs for gene 2700...
2024-07-20 22:58:14,601 - INFO - Allocating UMIs for gene 2800...
2024-07-20 22:58:15,403 - INFO - Allocating UMIs for gene 2900...
2024-07-20 22:58:16,189 - INFO - Allocating UMIs for gene 3000...
2024-07-20 22:58:16,991 - INFO - Allocating UMIs for gene 3100...
2024-07-20 22:58:17,787 - INFO - Allocating UMIs for gene 3200...
2024-07-20 22:58:18,576 - INFO - Allocating UMIs for gene 3300...
2024-07-20 22:58:19,356 - INFO - Allocating UMIs for gene 3400...
2024-07-20 22:58:20,156 - INFO - Allocating UMIs for gene 3500...
2024-07-20 22:58:20,942 - INFO - Allocating UMIs for gene 3600...
2024-07-20 22:58:21,734 - INFO - Allocating UMIs for gene 3700...
2024-07-20 22:58:22,509 - INFO - Allocating UMIs for gene 3800...
2024-07-20 22:58:23,295 - INFO - Allocating UMIs for gene 3900...
2024-07-20 22:58:24,066 - INFO - Allocating UMIs for gene 4000...
2024-07-20 22:58:24,839 - INFO - Allocating UMIs for gene 4100...
2024-07-20 22:58:25,624 - INFO - Allocating UMIs for gene 4200...
2024-07-20 22:58:26,417 - INFO - Allocating UMIs for gene 4300...
2024-07-20 22:58:27,220 - INFO - Allocating UMIs for gene 4400...
2024-07-20 22:58:28,012 - INFO - Allocating UMIs for gene 4500...
2024-07-20 22:58:28,805 - INFO - Allocating UMIs for gene 4600...
2024-07-20 22:58:29,615 - INFO - Allocating UMIs for gene 4700...
2024-07-20 22:58:30,413 - INFO - Allocating UMIs for gene 4800...
2024-07-20 22:58:31,205 - INFO - Allocating UMIs for gene 4900...
2024-07-20 22:58:31,996 - INFO - Allocating UMIs for gene 5000...
2024-07-20 22:58:32,768 - INFO - Allocating UMIs for gene 5100...
2024-07-20 22:58:33,553 - INFO - Allocating UMIs for gene 5200...
2024-07-20 22:58:34,339 - INFO - Allocating UMIs for gene 5300...
2024-07-20 22:58:35,128 - INFO - Allocating UMIs for gene 5400...
2024-07-20 22:58:35,928 - INFO - Allocating UMIs for gene 5500...
2024-07-20 22:58:36,720 - INFO - Allocating UMIs for gene 5600...
2024-07-20 22:58:37,499 - INFO - Allocating UMIs for gene 5700...
2024-07-20 22:58:38,301 - INFO - Allocating UMIs for gene 5800...
2024-07-20 22:58:39,088 - INFO - Allocating UMIs for gene 5900...
2024-07-20 22:58:39,884 - INFO - UMI allocation complete.
2024-07-20 22:58:39,884 - INFO - Counting overall UMI occurrences...
2024-07-20 22:58:39,894 - INFO - Counting inter-gene collisions...
2024-07-20 22:58:39,960 - INFO - Total UMIs generated: 65536
2024-07-20 22:58:39,960 - INFO - Total UMIs allocated: 35929
2024-07-20 22:58:39,960 - INFO - Number of unique UMIs assigned to genes: 27783
2024-07-20 22:58:39,961 - INFO - Inter-gene collisions: 8144
2024-07-20 22:58:39,961 - INFO - Inter-gene collision rate: 0.22667
2024-07-20 22:58:39,961 - INFO - Writing gene UMI counts to file...
2024-07-20 22:58:39,965 - INFO - Writing UMI inter-gene collisions to file...
2024-07-20 22:58:39,970 - INFO - Simulation complete.
