2024-07-20 22:49:26,843 - INFO - Simulation Script Version: 0.0.1
2024-07-20 22:49:26,843 - INFO - Simulation Parameters:
2024-07-20 22:49:26,843 - INFO - Length of UMI: 6
2024-07-20 22:49:26,843 - INFO - Number of genes: 500
2024-07-20 22:49:26,843 - INFO - Parameters file: None
2024-07-20 22:49:26,843 - INFO - Mean (mu): 6.0
2024-07-20 22:49:26,843 - INFO - Dispersion (theta): 6.0
2024-07-20 22:49:26,843 - INFO - Use Poisson distribution: False
2024-07-20 22:49:26,843 - INFO - Gene UMI counts file: gene_500_umi6_counts_rep4.txt
2024-07-20 22:49:26,843 - INFO - UMI collisions file: umi6_500_collisions_rep4.txt
2024-07-20 22:49:26,843 - INFO - Seed: None
2024-07-20 22:49:26,843 - INFO - Log file: umi6_500_rep4.log
2024-07-20 22:49:26,843 - INFO - No seed specified. Generated random seed: 2563927027
2024-07-20 22:49:26,843 - INFO - Generating all possible UMIs...
2024-07-20 22:49:26,844 - INFO - Total possible UMIs generated: 4096
2024-07-20 22:49:26,844 - INFO - Loading parameters...
2024-07-20 22:49:26,844 - INFO - Sampling read depths for each gene...
2024-07-20 22:49:26,873 - INFO - Read depths sampling complete.
2024-07-20 22:49:26,873 - INFO - Allocating UMIs based on sampled read depths...
2024-07-20 22:49:26,873 - INFO - Allocating UMIs for gene 0...
2024-07-20 22:49:26,973 - INFO - Allocating UMIs for gene 100...
2024-07-20 22:49:27,022 - INFO - Allocating UMIs for gene 200...
2024-07-20 22:49:27,070 - INFO - Allocating UMIs for gene 300...
2024-07-20 22:49:27,117 - INFO - Allocating UMIs for gene 400...
2024-07-20 22:49:27,165 - INFO - UMI allocation complete.
2024-07-20 22:49:27,165 - INFO - Counting overall UMI occurrences...
2024-07-20 22:49:27,166 - INFO - Counting inter-gene collisions...
2024-07-20 22:49:27,167 - INFO - Total UMIs generated: 4096
2024-07-20 22:49:27,167 - INFO - Total UMIs allocated: 3083
2024-07-20 22:49:27,167 - INFO - Number of unique UMIs assigned to genes: 2151
2024-07-20 22:49:27,167 - INFO - Inter-gene collisions: 928
2024-07-20 22:49:27,167 - INFO - Inter-gene collision rate: 0.30101
2024-07-20 22:49:27,167 - INFO - Writing gene UMI counts to file...
2024-07-20 22:49:27,170 - INFO - Writing UMI inter-gene collisions to file...
2024-07-20 22:49:27,172 - INFO - Simulation complete.
