2024-07-20 22:49:21,888 - INFO - Simulation Script Version: 0.0.1
2024-07-20 22:49:21,889 - INFO - Simulation Parameters:
2024-07-20 22:49:21,889 - INFO - Length of UMI: 6
2024-07-20 22:49:21,889 - INFO - Number of genes: 500
2024-07-20 22:49:21,889 - INFO - Parameters file: None
2024-07-20 22:49:21,889 - INFO - Mean (mu): 6.0
2024-07-20 22:49:21,889 - INFO - Dispersion (theta): 6.0
2024-07-20 22:49:21,889 - INFO - Use Poisson distribution: False
2024-07-20 22:49:21,889 - INFO - Gene UMI counts file: gene_500_umi6_counts_rep1.txt
2024-07-20 22:49:21,889 - INFO - UMI collisions file: umi6_500_collisions.txt
2024-07-20 22:49:21,889 - INFO - Seed: None
2024-07-20 22:49:21,889 - INFO - Log file: umi6_500_rep1.log
2024-07-20 22:49:21,889 - INFO - No seed specified. Generated random seed: 811851938
2024-07-20 22:49:21,889 - INFO - Generating all possible UMIs...
2024-07-20 22:49:21,890 - INFO - Total possible UMIs generated: 4096
2024-07-20 22:49:21,890 - INFO - Loading parameters...
2024-07-20 22:49:21,890 - INFO - Sampling read depths for each gene...
2024-07-20 22:49:21,909 - INFO - Read depths sampling complete.
2024-07-20 22:49:21,909 - INFO - Allocating UMIs based on sampled read depths...
2024-07-20 22:49:21,909 - INFO - Allocating UMIs for gene 0...
2024-07-20 22:49:21,960 - INFO - Allocating UMIs for gene 100...
2024-07-20 22:49:22,010 - INFO - Allocating UMIs for gene 200...
2024-07-20 22:49:22,072 - INFO - Allocating UMIs for gene 300...
2024-07-20 22:49:22,266 - INFO - Allocating UMIs for gene 400...
2024-07-20 22:49:22,313 - INFO - UMI allocation complete.
2024-07-20 22:49:22,313 - INFO - Counting overall UMI occurrences...
2024-07-20 22:49:22,314 - INFO - Counting inter-gene collisions...
2024-07-20 22:49:22,315 - INFO - Total UMIs generated: 4096
2024-07-20 22:49:22,315 - INFO - Total UMIs allocated: 2852
2024-07-20 22:49:22,315 - INFO - Number of unique UMIs assigned to genes: 2072
2024-07-20 22:49:22,315 - INFO - Inter-gene collisions: 777
2024-07-20 22:49:22,315 - INFO - Inter-gene collision rate: 0.27244
2024-07-20 22:49:22,315 - INFO - Writing gene UMI counts to file...
2024-07-20 22:49:22,321 - INFO - Writing UMI inter-gene collisions to file...
2024-07-20 22:49:22,323 - INFO - Simulation complete.
