2024-07-20 22:49:35,827 - INFO - Simulation Script Version: 0.0.1
2024-07-20 22:49:35,827 - INFO - Simulation Parameters:
2024-07-20 22:49:35,827 - INFO - Length of UMI: 6
2024-07-20 22:49:35,827 - INFO - Number of genes: 500
2024-07-20 22:49:35,828 - INFO - Parameters file: None
2024-07-20 22:49:35,828 - INFO - Mean (mu): 6.0
2024-07-20 22:49:35,828 - INFO - Dispersion (theta): 6.0
2024-07-20 22:49:35,828 - INFO - Use Poisson distribution: False
2024-07-20 22:49:35,828 - INFO - Gene UMI counts file: gene_500_umi6_counts_rep10.txt
2024-07-20 22:49:35,828 - INFO - UMI collisions file: umi6_500_collisions_rep10.txt
2024-07-20 22:49:35,828 - INFO - Seed: None
2024-07-20 22:49:35,828 - INFO - Log file: umi6_500_rep10.log
2024-07-20 22:49:35,828 - INFO - No seed specified. Generated random seed: 554086926
2024-07-20 22:49:35,828 - INFO - Generating all possible UMIs...
2024-07-20 22:49:35,828 - INFO - Total possible UMIs generated: 4096
2024-07-20 22:49:35,828 - INFO - Loading parameters...
2024-07-20 22:49:35,828 - INFO - Sampling read depths for each gene...
2024-07-20 22:49:35,848 - INFO - Read depths sampling complete.
2024-07-20 22:49:35,848 - INFO - Allocating UMIs based on sampled read depths...
2024-07-20 22:49:35,849 - INFO - Allocating UMIs for gene 0...
2024-07-20 22:49:35,898 - INFO - Allocating UMIs for gene 100...
2024-07-20 22:49:35,951 - INFO - Allocating UMIs for gene 200...
2024-07-20 22:49:36,008 - INFO - Allocating UMIs for gene 300...
2024-07-20 22:49:36,071 - INFO - Allocating UMIs for gene 400...
2024-07-20 22:49:36,164 - INFO - UMI allocation complete.
2024-07-20 22:49:36,164 - INFO - Counting overall UMI occurrences...
2024-07-20 22:49:36,164 - INFO - Counting inter-gene collisions...
2024-07-20 22:49:36,165 - INFO - Total UMIs generated: 4096
2024-07-20 22:49:36,165 - INFO - Total UMIs allocated: 2953
2024-07-20 22:49:36,165 - INFO - Number of unique UMIs assigned to genes: 2116
2024-07-20 22:49:36,165 - INFO - Inter-gene collisions: 834
2024-07-20 22:49:36,165 - INFO - Inter-gene collision rate: 0.28242
2024-07-20 22:49:36,165 - INFO - Writing gene UMI counts to file...
2024-07-20 22:49:36,169 - INFO - Writing UMI inter-gene collisions to file...
2024-07-20 22:49:36,172 - INFO - Simulation complete.
