2024-07-20 22:49:30,002 - INFO - Simulation Script Version: 0.0.1
2024-07-20 22:49:30,002 - INFO - Simulation Parameters:
2024-07-20 22:49:30,002 - INFO - Length of UMI: 6
2024-07-20 22:49:30,002 - INFO - Number of genes: 500
2024-07-20 22:49:30,002 - INFO - Parameters file: None
2024-07-20 22:49:30,003 - INFO - Mean (mu): 6.0
2024-07-20 22:49:30,003 - INFO - Dispersion (theta): 6.0
2024-07-20 22:49:30,003 - INFO - Use Poisson distribution: False
2024-07-20 22:49:30,003 - INFO - Gene UMI counts file: gene_500_umi6_counts_rep6.txt
2024-07-20 22:49:30,003 - INFO - UMI collisions file: umi6_500_collisions_rep6.txt
2024-07-20 22:49:30,003 - INFO - Seed: None
2024-07-20 22:49:30,003 - INFO - Log file: umi6_500_rep6.log
2024-07-20 22:49:30,003 - INFO - No seed specified. Generated random seed: 2166221578
2024-07-20 22:49:30,003 - INFO - Generating all possible UMIs...
2024-07-20 22:49:30,003 - INFO - Total possible UMIs generated: 4096
2024-07-20 22:49:30,003 - INFO - Loading parameters...
2024-07-20 22:49:30,004 - INFO - Sampling read depths for each gene...
2024-07-20 22:49:30,023 - INFO - Read depths sampling complete.
2024-07-20 22:49:30,023 - INFO - Allocating UMIs based on sampled read depths...
2024-07-20 22:49:30,023 - INFO - Allocating UMIs for gene 0...
2024-07-20 22:49:30,073 - INFO - Allocating UMIs for gene 100...
2024-07-20 22:49:30,131 - INFO - Allocating UMIs for gene 200...
2024-07-20 22:49:30,295 - INFO - Allocating UMIs for gene 300...
2024-07-20 22:49:30,345 - INFO - Allocating UMIs for gene 400...
2024-07-20 22:49:30,395 - INFO - UMI allocation complete.
2024-07-20 22:49:30,395 - INFO - Counting overall UMI occurrences...
2024-07-20 22:49:30,395 - INFO - Counting inter-gene collisions...
2024-07-20 22:49:30,397 - INFO - Total UMIs generated: 4096
2024-07-20 22:49:30,397 - INFO - Total UMIs allocated: 3004
2024-07-20 22:49:30,397 - INFO - Number of unique UMIs assigned to genes: 2132
2024-07-20 22:49:30,397 - INFO - Inter-gene collisions: 868
2024-07-20 22:49:30,397 - INFO - Inter-gene collision rate: 0.28895
2024-07-20 22:49:30,397 - INFO - Writing gene UMI counts to file...
2024-07-20 22:49:30,400 - INFO - Writing UMI inter-gene collisions to file...
2024-07-20 22:49:30,402 - INFO - Simulation complete.
