2024-07-20 22:49:25,269 - INFO - Simulation Script Version: 0.0.1
2024-07-20 22:49:25,269 - INFO - Simulation Parameters:
2024-07-20 22:49:25,269 - INFO - Length of UMI: 6
2024-07-20 22:49:25,269 - INFO - Number of genes: 500
2024-07-20 22:49:25,269 - INFO - Parameters file: None
2024-07-20 22:49:25,270 - INFO - Mean (mu): 6.0
2024-07-20 22:49:25,270 - INFO - Dispersion (theta): 6.0
2024-07-20 22:49:25,270 - INFO - Use Poisson distribution: False
2024-07-20 22:49:25,270 - INFO - Gene UMI counts file: gene_500_umi6_counts_rep3.txt
2024-07-20 22:49:25,270 - INFO - UMI collisions file: umi6_500_collisions_rep3.txt
2024-07-20 22:49:25,270 - INFO - Seed: None
2024-07-20 22:49:25,270 - INFO - Log file: umi6_500_rep3.log
2024-07-20 22:49:25,270 - INFO - No seed specified. Generated random seed: 1305974705
2024-07-20 22:49:25,270 - INFO - Generating all possible UMIs...
2024-07-20 22:49:25,270 - INFO - Total possible UMIs generated: 4096
2024-07-20 22:49:25,270 - INFO - Loading parameters...
2024-07-20 22:49:25,270 - INFO - Sampling read depths for each gene...
2024-07-20 22:49:25,291 - INFO - Read depths sampling complete.
2024-07-20 22:49:25,291 - INFO - Allocating UMIs based on sampled read depths...
2024-07-20 22:49:25,291 - INFO - Allocating UMIs for gene 0...
2024-07-20 22:49:25,348 - INFO - Allocating UMIs for gene 100...
2024-07-20 22:49:25,409 - INFO - Allocating UMIs for gene 200...
2024-07-20 22:49:25,475 - INFO - Allocating UMIs for gene 300...
2024-07-20 22:49:25,551 - INFO - Allocating UMIs for gene 400...
2024-07-20 22:49:25,648 - INFO - UMI allocation complete.
2024-07-20 22:49:25,648 - INFO - Counting overall UMI occurrences...
2024-07-20 22:49:25,649 - INFO - Counting inter-gene collisions...
2024-07-20 22:49:25,650 - INFO - Total UMIs generated: 4096
2024-07-20 22:49:25,650 - INFO - Total UMIs allocated: 2842
2024-07-20 22:49:25,650 - INFO - Number of unique UMIs assigned to genes: 2035
2024-07-20 22:49:25,650 - INFO - Inter-gene collisions: 805
2024-07-20 22:49:25,650 - INFO - Inter-gene collision rate: 0.28325
2024-07-20 22:49:25,650 - INFO - Writing gene UMI counts to file...
2024-07-20 22:49:25,653 - INFO - Writing UMI inter-gene collisions to file...
2024-07-20 22:49:25,656 - INFO - Simulation complete.
