2024-07-20 22:49:34,477 - INFO - Simulation Script Version: 0.0.1
2024-07-20 22:49:34,477 - INFO - Simulation Parameters:
2024-07-20 22:49:34,477 - INFO - Length of UMI: 6
2024-07-20 22:49:34,478 - INFO - Number of genes: 500
2024-07-20 22:49:34,478 - INFO - Parameters file: None
2024-07-20 22:49:34,478 - INFO - Mean (mu): 6.0
2024-07-20 22:49:34,478 - INFO - Dispersion (theta): 6.0
2024-07-20 22:49:34,478 - INFO - Use Poisson distribution: False
2024-07-20 22:49:34,478 - INFO - Gene UMI counts file: gene_500_umi6_counts_rep9.txt
2024-07-20 22:49:34,478 - INFO - UMI collisions file: umi6_500_collisions_rep9.txt
2024-07-20 22:49:34,478 - INFO - Seed: None
2024-07-20 22:49:34,478 - INFO - Log file: umi6_500_rep9.log
2024-07-20 22:49:34,478 - INFO - No seed specified. Generated random seed: 200686280
2024-07-20 22:49:34,478 - INFO - Generating all possible UMIs...
2024-07-20 22:49:34,478 - INFO - Total possible UMIs generated: 4096
2024-07-20 22:49:34,478 - INFO - Loading parameters...
2024-07-20 22:49:34,478 - INFO - Sampling read depths for each gene...
2024-07-20 22:49:34,498 - INFO - Read depths sampling complete.
2024-07-20 22:49:34,498 - INFO - Allocating UMIs based on sampled read depths...
2024-07-20 22:49:34,498 - INFO - Allocating UMIs for gene 0...
2024-07-20 22:49:34,549 - INFO - Allocating UMIs for gene 100...
2024-07-20 22:49:34,601 - INFO - Allocating UMIs for gene 200...
2024-07-20 22:49:34,653 - INFO - Allocating UMIs for gene 300...
2024-07-20 22:49:34,702 - INFO - Allocating UMIs for gene 400...
2024-07-20 22:49:34,749 - INFO - UMI allocation complete.
2024-07-20 22:49:34,749 - INFO - Counting overall UMI occurrences...
2024-07-20 22:49:34,750 - INFO - Counting inter-gene collisions...
2024-07-20 22:49:34,751 - INFO - Total UMIs generated: 4096
2024-07-20 22:49:34,751 - INFO - Total UMIs allocated: 3078
2024-07-20 22:49:34,751 - INFO - Number of unique UMIs assigned to genes: 2127
2024-07-20 22:49:34,751 - INFO - Inter-gene collisions: 948
2024-07-20 22:49:34,751 - INFO - Inter-gene collision rate: 0.30799
2024-07-20 22:49:34,751 - INFO - Writing gene UMI counts to file...
2024-07-20 22:49:34,754 - INFO - Writing UMI inter-gene collisions to file...
2024-07-20 22:49:34,757 - INFO - Simulation complete.
