2024-07-20 22:49:28,423 - INFO - Simulation Script Version: 0.0.1
2024-07-20 22:49:28,423 - INFO - Simulation Parameters:
2024-07-20 22:49:28,423 - INFO - Length of UMI: 6
2024-07-20 22:49:28,423 - INFO - Number of genes: 500
2024-07-20 22:49:28,423 - INFO - Parameters file: None
2024-07-20 22:49:28,423 - INFO - Mean (mu): 6.0
2024-07-20 22:49:28,423 - INFO - Dispersion (theta): 6.0
2024-07-20 22:49:28,423 - INFO - Use Poisson distribution: False
2024-07-20 22:49:28,423 - INFO - Gene UMI counts file: gene_500_umi6_counts_rep5.txt
2024-07-20 22:49:28,423 - INFO - UMI collisions file: umi6_500_collisions_rep5.txt
2024-07-20 22:49:28,423 - INFO - Seed: None
2024-07-20 22:49:28,423 - INFO - Log file: umi6_500_rep5.log
2024-07-20 22:49:28,423 - INFO - No seed specified. Generated random seed: 52733456
2024-07-20 22:49:28,423 - INFO - Generating all possible UMIs...
2024-07-20 22:49:28,424 - INFO - Total possible UMIs generated: 4096
2024-07-20 22:49:28,424 - INFO - Loading parameters...
2024-07-20 22:49:28,424 - INFO - Sampling read depths for each gene...
2024-07-20 22:49:28,442 - INFO - Read depths sampling complete.
2024-07-20 22:49:28,442 - INFO - Allocating UMIs based on sampled read depths...
2024-07-20 22:49:28,442 - INFO - Allocating UMIs for gene 0...
2024-07-20 22:49:28,489 - INFO - Allocating UMIs for gene 100...
2024-07-20 22:49:28,538 - INFO - Allocating UMIs for gene 200...
2024-07-20 22:49:28,585 - INFO - Allocating UMIs for gene 300...
2024-07-20 22:49:28,639 - INFO - Allocating UMIs for gene 400...
2024-07-20 22:49:28,696 - INFO - UMI allocation complete.
2024-07-20 22:49:28,696 - INFO - Counting overall UMI occurrences...
2024-07-20 22:49:28,697 - INFO - Counting inter-gene collisions...
2024-07-20 22:49:28,698 - INFO - Total UMIs generated: 4096
2024-07-20 22:49:28,698 - INFO - Total UMIs allocated: 3108
2024-07-20 22:49:28,698 - INFO - Number of unique UMIs assigned to genes: 2188
2024-07-20 22:49:28,698 - INFO - Inter-gene collisions: 919
2024-07-20 22:49:28,698 - INFO - Inter-gene collision rate: 0.29569
2024-07-20 22:49:28,698 - INFO - Writing gene UMI counts to file...
2024-07-20 22:49:28,701 - INFO - Writing UMI inter-gene collisions to file...
2024-07-20 22:49:28,704 - INFO - Simulation complete.
