2024-07-20 22:49:23,591 - INFO - Simulation Script Version: 0.0.1
2024-07-20 22:49:23,592 - INFO - Simulation Parameters:
2024-07-20 22:49:23,592 - INFO - Length of UMI: 6
2024-07-20 22:49:23,592 - INFO - Number of genes: 500
2024-07-20 22:49:23,592 - INFO - Parameters file: None
2024-07-20 22:49:23,592 - INFO - Mean (mu): 6.0
2024-07-20 22:49:23,592 - INFO - Dispersion (theta): 6.0
2024-07-20 22:49:23,592 - INFO - Use Poisson distribution: False
2024-07-20 22:49:23,592 - INFO - Gene UMI counts file: gene_500_umi6_counts_rep2.txt
2024-07-20 22:49:23,592 - INFO - UMI collisions file: umi6_500_collisions_rep2.txt
2024-07-20 22:49:23,592 - INFO - Seed: None
2024-07-20 22:49:23,593 - INFO - Log file: umi6_500_rep2.log
2024-07-20 22:49:23,593 - INFO - No seed specified. Generated random seed: 2053699864
2024-07-20 22:49:23,593 - INFO - Generating all possible UMIs...
2024-07-20 22:49:23,595 - INFO - Total possible UMIs generated: 4096
2024-07-20 22:49:23,596 - INFO - Loading parameters...
2024-07-20 22:49:23,596 - INFO - Sampling read depths for each gene...
2024-07-20 22:49:23,659 - INFO - Read depths sampling complete.
2024-07-20 22:49:23,659 - INFO - Allocating UMIs based on sampled read depths...
2024-07-20 22:49:23,659 - INFO - Allocating UMIs for gene 0...
2024-07-20 22:49:23,709 - INFO - Allocating UMIs for gene 100...
2024-07-20 22:49:23,757 - INFO - Allocating UMIs for gene 200...
2024-07-20 22:49:23,805 - INFO - Allocating UMIs for gene 300...
2024-07-20 22:49:23,855 - INFO - Allocating UMIs for gene 400...
2024-07-20 22:49:23,902 - INFO - UMI allocation complete.
2024-07-20 22:49:23,902 - INFO - Counting overall UMI occurrences...
2024-07-20 22:49:23,903 - INFO - Counting inter-gene collisions...
2024-07-20 22:49:23,904 - INFO - Total UMIs generated: 4096
2024-07-20 22:49:23,904 - INFO - Total UMIs allocated: 2978
2024-07-20 22:49:23,904 - INFO - Number of unique UMIs assigned to genes: 2109
2024-07-20 22:49:23,904 - INFO - Inter-gene collisions: 866
2024-07-20 22:49:23,904 - INFO - Inter-gene collision rate: 0.29080
2024-07-20 22:49:23,904 - INFO - Writing gene UMI counts to file...
2024-07-20 22:49:23,907 - INFO - Writing UMI inter-gene collisions to file...
2024-07-20 22:49:23,910 - INFO - Simulation complete.
