2024-07-20 22:49:31,699 - INFO - Simulation Script Version: 0.0.1
2024-07-20 22:49:31,699 - INFO - Simulation Parameters:
2024-07-20 22:49:31,700 - INFO - Length of UMI: 6
2024-07-20 22:49:31,700 - INFO - Number of genes: 500
2024-07-20 22:49:31,700 - INFO - Parameters file: None
2024-07-20 22:49:31,700 - INFO - Mean (mu): 6.0
2024-07-20 22:49:31,700 - INFO - Dispersion (theta): 6.0
2024-07-20 22:49:31,700 - INFO - Use Poisson distribution: False
2024-07-20 22:49:31,700 - INFO - Gene UMI counts file: gene_500_umi6_counts_rep7.txt
2024-07-20 22:49:31,700 - INFO - UMI collisions file: umi6_500_collisions_rep7.txt
2024-07-20 22:49:31,700 - INFO - Seed: None
2024-07-20 22:49:31,700 - INFO - Log file: umi6_500_rep7.log
2024-07-20 22:49:31,700 - INFO - No seed specified. Generated random seed: 1318688331
2024-07-20 22:49:31,700 - INFO - Generating all possible UMIs...
2024-07-20 22:49:31,700 - INFO - Total possible UMIs generated: 4096
2024-07-20 22:49:31,700 - INFO - Loading parameters...
2024-07-20 22:49:31,700 - INFO - Sampling read depths for each gene...
2024-07-20 22:49:31,719 - INFO - Read depths sampling complete.
2024-07-20 22:49:31,719 - INFO - Allocating UMIs based on sampled read depths...
2024-07-20 22:49:31,719 - INFO - Allocating UMIs for gene 0...
2024-07-20 22:49:31,765 - INFO - Allocating UMIs for gene 100...
2024-07-20 22:49:31,812 - INFO - Allocating UMIs for gene 200...
2024-07-20 22:49:31,859 - INFO - Allocating UMIs for gene 300...
2024-07-20 22:49:31,905 - INFO - Allocating UMIs for gene 400...
2024-07-20 22:49:31,950 - INFO - UMI allocation complete.
2024-07-20 22:49:31,950 - INFO - Counting overall UMI occurrences...
2024-07-20 22:49:31,950 - INFO - Counting inter-gene collisions...
2024-07-20 22:49:31,951 - INFO - Total UMIs generated: 4096
2024-07-20 22:49:31,951 - INFO - Total UMIs allocated: 2970
2024-07-20 22:49:31,951 - INFO - Number of unique UMIs assigned to genes: 2095
2024-07-20 22:49:31,951 - INFO - Inter-gene collisions: 875
2024-07-20 22:49:31,951 - INFO - Inter-gene collision rate: 0.29461
2024-07-20 22:49:31,951 - INFO - Writing gene UMI counts to file...
2024-07-20 22:49:31,954 - INFO - Writing UMI inter-gene collisions to file...
2024-07-20 22:49:31,957 - INFO - Simulation complete.
