2024-07-20 22:49:32,997 - INFO - Simulation Script Version: 0.0.1
2024-07-20 22:49:32,997 - INFO - Simulation Parameters:
2024-07-20 22:49:32,997 - INFO - Length of UMI: 6
2024-07-20 22:49:32,997 - INFO - Number of genes: 500
2024-07-20 22:49:32,997 - INFO - Parameters file: None
2024-07-20 22:49:32,997 - INFO - Mean (mu): 6.0
2024-07-20 22:49:32,997 - INFO - Dispersion (theta): 6.0
2024-07-20 22:49:32,997 - INFO - Use Poisson distribution: False
2024-07-20 22:49:32,997 - INFO - Gene UMI counts file: gene_500_umi6_counts_rep8.txt
2024-07-20 22:49:32,997 - INFO - UMI collisions file: umi6_500_collisions_rep8.txt
2024-07-20 22:49:32,997 - INFO - Seed: None
2024-07-20 22:49:32,997 - INFO - Log file: umi6_500_rep8.log
2024-07-20 22:49:32,997 - INFO - No seed specified. Generated random seed: 740145363
2024-07-20 22:49:32,997 - INFO - Generating all possible UMIs...
2024-07-20 22:49:32,998 - INFO - Total possible UMIs generated: 4096
2024-07-20 22:49:32,998 - INFO - Loading parameters...
2024-07-20 22:49:32,998 - INFO - Sampling read depths for each gene...
2024-07-20 22:49:33,016 - INFO - Read depths sampling complete.
2024-07-20 22:49:33,016 - INFO - Allocating UMIs based on sampled read depths...
2024-07-20 22:49:33,016 - INFO - Allocating UMIs for gene 0...
2024-07-20 22:49:33,064 - INFO - Allocating UMIs for gene 100...
2024-07-20 22:49:33,158 - INFO - Allocating UMIs for gene 200...
2024-07-20 22:49:33,283 - INFO - Allocating UMIs for gene 300...
2024-07-20 22:49:33,331 - INFO - Allocating UMIs for gene 400...
2024-07-20 22:49:33,377 - INFO - UMI allocation complete.
2024-07-20 22:49:33,377 - INFO - Counting overall UMI occurrences...
2024-07-20 22:49:33,378 - INFO - Counting inter-gene collisions...
2024-07-20 22:49:33,379 - INFO - Total UMIs generated: 4096
2024-07-20 22:49:33,379 - INFO - Total UMIs allocated: 3110
2024-07-20 22:49:33,379 - INFO - Number of unique UMIs assigned to genes: 2178
2024-07-20 22:49:33,379 - INFO - Inter-gene collisions: 931
2024-07-20 22:49:33,379 - INFO - Inter-gene collision rate: 0.29936
2024-07-20 22:49:33,379 - INFO - Writing gene UMI counts to file...
2024-07-20 22:49:33,382 - INFO - Writing UMI inter-gene collisions to file...
2024-07-20 22:49:33,385 - INFO - Simulation complete.
