2024-07-23 14:57:39,804 - INFO - Simulation Script Version: 0.0.2
2024-07-23 14:57:39,804 - INFO - Simulation Parameters:
2024-07-23 14:57:39,804 - INFO - Length of UMI: 10
2024-07-23 14:57:39,804 - INFO - Number of genes: 4000
2024-07-23 14:57:39,804 - INFO - Parameters file: None
2024-07-23 14:57:39,804 - INFO - Mean (mu): 6.0
2024-07-23 14:57:39,804 - INFO - Dispersion (theta): 6.0
2024-07-23 14:57:39,804 - INFO - Use Poisson distribution: False
2024-07-23 14:57:39,804 - INFO - Gene UMI counts file: gene_4000_umi10_counts_rep1.txt
2024-07-23 14:57:39,804 - INFO - UMI collisions file: umi10_4000_collisions.txt
2024-07-23 14:57:39,804 - INFO - Seed: None
2024-07-23 14:57:39,804 - INFO - Log file: umi10_4000_rep1.log
2024-07-23 14:57:39,804 - INFO - No seed specified. Generated random seed: 2423085009
2024-07-23 14:57:39,805 - INFO - Generating all possible UMIs...
2024-07-23 14:57:40,090 - INFO - Total possible UMIs generated: 262144
2024-07-23 14:57:40,090 - INFO - Loading parameters...
2024-07-23 14:57:40,090 - INFO - Sampling read depths for each gene...
2024-07-23 14:57:40,239 - INFO - Read depths sampling complete.
2024-07-23 14:57:40,239 - INFO - Allocating UMIs based on sampled read depths...
2024-07-23 14:57:40,239 - INFO - Allocating UMIs for gene 0...
2024-07-23 14:57:45,347 - INFO - Allocating UMIs for gene 100...
2024-07-23 14:57:50,268 - INFO - Allocating UMIs for gene 200...
2024-07-23 14:57:55,279 - INFO - Allocating UMIs for gene 300...
2024-07-23 14:58:00,265 - INFO - Allocating UMIs for gene 400...
2024-07-23 14:58:05,230 - INFO - Allocating UMIs for gene 500...
2024-07-23 14:58:10,372 - INFO - Allocating UMIs for gene 600...
2024-07-23 14:58:15,197 - INFO - Allocating UMIs for gene 700...
2024-07-23 14:58:19,733 - INFO - Allocating UMIs for gene 800...
2024-07-23 14:58:24,523 - INFO - Allocating UMIs for gene 900...
2024-07-23 14:58:29,434 - INFO - Allocating UMIs for gene 1000...
2024-07-23 14:58:34,387 - INFO - Allocating UMIs for gene 1100...
2024-07-23 14:58:38,951 - INFO - Allocating UMIs for gene 1200...
2024-07-23 14:58:43,388 - INFO - Allocating UMIs for gene 1300...
2024-07-23 14:58:47,875 - INFO - Allocating UMIs for gene 1400...
2024-07-23 14:58:52,335 - INFO - Allocating UMIs for gene 1500...
2024-07-23 14:58:56,800 - INFO - Allocating UMIs for gene 1600...
2024-07-23 14:59:01,494 - INFO - Allocating UMIs for gene 1700...
2024-07-23 14:59:05,873 - INFO - Allocating UMIs for gene 1800...
2024-07-23 14:59:10,232 - INFO - Allocating UMIs for gene 1900...
2024-07-23 14:59:14,612 - INFO - Allocating UMIs for gene 2000...
2024-07-23 14:59:18,986 - INFO - Allocating UMIs for gene 2100...
2024-07-23 14:59:24,036 - INFO - Allocating UMIs for gene 2200...
2024-07-23 14:59:29,024 - INFO - Allocating UMIs for gene 2300...
2024-07-23 14:59:33,630 - INFO - Allocating UMIs for gene 2400...
2024-07-23 14:59:38,336 - INFO - Allocating UMIs for gene 2500...
2024-07-23 14:59:43,049 - INFO - Allocating UMIs for gene 2600...
2024-07-23 14:59:47,753 - INFO - Allocating UMIs for gene 2700...
2024-07-23 14:59:52,631 - INFO - Allocating UMIs for gene 2800...
2024-07-23 14:59:57,340 - INFO - Allocating UMIs for gene 2900...
2024-07-23 15:00:01,788 - INFO - Allocating UMIs for gene 3000...
2024-07-23 15:00:06,414 - INFO - Allocating UMIs for gene 3100...
2024-07-23 15:00:10,924 - INFO - Allocating UMIs for gene 3200...
2024-07-23 15:00:15,730 - INFO - Allocating UMIs for gene 3300...
2024-07-23 15:00:20,619 - INFO - Allocating UMIs for gene 3400...
2024-07-23 15:00:25,326 - INFO - Allocating UMIs for gene 3500...
2024-07-23 15:00:30,007 - INFO - Allocating UMIs for gene 3600...
2024-07-23 15:00:34,792 - INFO - Allocating UMIs for gene 3700...
2024-07-23 15:00:39,538 - INFO - Allocating UMIs for gene 3800...
2024-07-23 15:00:44,591 - INFO - Allocating UMIs for gene 3900...
2024-07-23 15:00:49,337 - INFO - UMI allocation complete.
2024-07-23 15:00:49,337 - INFO - Counting overall UMI occurrences...
2024-07-23 15:00:49,345 - INFO - Counting inter-gene collisions...
2024-07-23 15:00:49,367 - INFO - Total UMIs generated: 262144
2024-07-23 15:00:49,367 - INFO - Total UMIs allocated: 24162
2024-07-23 15:00:49,367 - INFO - Number of unique UMIs assigned to genes: 23062
2024-07-23 15:00:49,367 - INFO - Inter-gene collisions: 1100
2024-07-23 15:00:49,367 - INFO - Inter-gene collision rate: 0.04553
2024-07-23 15:00:49,367 - INFO - Writing gene UMI counts to file...
2024-07-23 15:00:49,372 - INFO - Writing UMI inter-gene collisions to file...
2024-07-23 15:00:49,373 - INFO - Simulation complete.
