2024-07-23 15:18:42,190 - INFO - Simulation Script Version: 0.0.2
2024-07-23 15:18:42,190 - INFO - Simulation Parameters:
2024-07-23 15:18:42,190 - INFO - Length of UMI: 10
2024-07-23 15:18:42,190 - INFO - Number of genes: 4000
2024-07-23 15:18:42,190 - INFO - Parameters file: None
2024-07-23 15:18:42,190 - INFO - Mean (mu): 6.0
2024-07-23 15:18:42,190 - INFO - Dispersion (theta): 6.0
2024-07-23 15:18:42,190 - INFO - Use Poisson distribution: False
2024-07-23 15:18:42,190 - INFO - Gene UMI counts file: gene_4000_umi10_counts_rep8.txt
2024-07-23 15:18:42,190 - INFO - UMI collisions file: umi10_4000_collisions_rep8.txt
2024-07-23 15:18:42,190 - INFO - Seed: None
2024-07-23 15:18:42,190 - INFO - Log file: umi10_4000_rep8.log
2024-07-23 15:18:42,190 - INFO - No seed specified. Generated random seed: 219678739
2024-07-23 15:18:42,190 - INFO - Generating all possible UMIs...
2024-07-23 15:18:42,476 - INFO - Total possible UMIs generated: 262144
2024-07-23 15:18:42,476 - INFO - Loading parameters...
2024-07-23 15:18:42,476 - INFO - Sampling read depths for each gene...
2024-07-23 15:18:42,615 - INFO - Read depths sampling complete.
2024-07-23 15:18:42,616 - INFO - Allocating UMIs based on sampled read depths...
2024-07-23 15:18:42,616 - INFO - Allocating UMIs for gene 0...
2024-07-23 15:18:47,173 - INFO - Allocating UMIs for gene 100...
2024-07-23 15:18:51,729 - INFO - Allocating UMIs for gene 200...
2024-07-23 15:18:56,233 - INFO - Allocating UMIs for gene 300...
2024-07-23 15:19:00,770 - INFO - Allocating UMIs for gene 400...
2024-07-23 15:19:05,229 - INFO - Allocating UMIs for gene 500...
2024-07-23 15:19:09,736 - INFO - Allocating UMIs for gene 600...
2024-07-23 15:19:14,221 - INFO - Allocating UMIs for gene 700...
2024-07-23 15:19:18,774 - INFO - Allocating UMIs for gene 800...
2024-07-23 15:19:23,289 - INFO - Allocating UMIs for gene 900...
2024-07-23 15:19:27,837 - INFO - Allocating UMIs for gene 1000...
2024-07-23 15:19:32,272 - INFO - Allocating UMIs for gene 1100...
2024-07-23 15:19:36,753 - INFO - Allocating UMIs for gene 1200...
2024-07-23 15:19:41,184 - INFO - Allocating UMIs for gene 1300...
2024-07-23 15:19:45,733 - INFO - Allocating UMIs for gene 1400...
2024-07-23 15:19:50,210 - INFO - Allocating UMIs for gene 1500...
2024-07-23 15:19:54,687 - INFO - Allocating UMIs for gene 1600...
2024-07-23 15:19:59,079 - INFO - Allocating UMIs for gene 1700...
2024-07-23 15:20:03,658 - INFO - Allocating UMIs for gene 1800...
2024-07-23 15:20:08,098 - INFO - Allocating UMIs for gene 1900...
2024-07-23 15:20:12,569 - INFO - Allocating UMIs for gene 2000...
2024-07-23 15:20:17,008 - INFO - Allocating UMIs for gene 2100...
2024-07-23 15:20:21,480 - INFO - Allocating UMIs for gene 2200...
2024-07-23 15:20:26,034 - INFO - Allocating UMIs for gene 2300...
2024-07-23 15:20:30,463 - INFO - Allocating UMIs for gene 2400...
2024-07-23 15:20:34,939 - INFO - Allocating UMIs for gene 2500...
2024-07-23 15:20:39,415 - INFO - Allocating UMIs for gene 2600...
2024-07-23 15:20:43,800 - INFO - Allocating UMIs for gene 2700...
2024-07-23 15:20:48,287 - INFO - Allocating UMIs for gene 2800...
2024-07-23 15:20:52,765 - INFO - Allocating UMIs for gene 2900...
2024-07-23 15:20:57,655 - INFO - Allocating UMIs for gene 3000...
2024-07-23 15:21:02,394 - INFO - Allocating UMIs for gene 3100...
2024-07-23 15:21:07,041 - INFO - Allocating UMIs for gene 3200...
2024-07-23 15:21:11,779 - INFO - Allocating UMIs for gene 3300...
2024-07-23 15:21:16,376 - INFO - Allocating UMIs for gene 3400...
2024-07-23 15:21:20,963 - INFO - Allocating UMIs for gene 3500...
2024-07-23 15:21:25,692 - INFO - Allocating UMIs for gene 3600...
2024-07-23 15:21:30,423 - INFO - Allocating UMIs for gene 3700...
2024-07-23 15:21:35,129 - INFO - Allocating UMIs for gene 3800...
2024-07-23 15:21:39,811 - INFO - Allocating UMIs for gene 3900...
2024-07-23 15:21:44,495 - INFO - UMI allocation complete.
2024-07-23 15:21:44,495 - INFO - Counting overall UMI occurrences...
2024-07-23 15:21:44,501 - INFO - Counting inter-gene collisions...
2024-07-23 15:21:44,522 - INFO - Total UMIs generated: 262144
2024-07-23 15:21:44,522 - INFO - Total UMIs allocated: 24392
2024-07-23 15:21:44,522 - INFO - Number of unique UMIs assigned to genes: 23257
2024-07-23 15:21:44,522 - INFO - Inter-gene collisions: 1134
2024-07-23 15:21:44,522 - INFO - Inter-gene collision rate: 0.04649
2024-07-23 15:21:44,522 - INFO - Writing gene UMI counts to file...
2024-07-23 15:21:44,523 - INFO - Writing UMI inter-gene collisions to file...
2024-07-23 15:21:44,524 - INFO - Simulation complete.
