2024-07-23 15:10:12,149 - INFO - Simulation Script Version: 0.0.2
2024-07-23 15:10:12,149 - INFO - Simulation Parameters:
2024-07-23 15:10:12,149 - INFO - Length of UMI: 10
2024-07-23 15:10:12,149 - INFO - Number of genes: 4000
2024-07-23 15:10:12,149 - INFO - Parameters file: None
2024-07-23 15:10:12,149 - INFO - Mean (mu): 6.0
2024-07-23 15:10:12,149 - INFO - Dispersion (theta): 6.0
2024-07-23 15:10:12,149 - INFO - Use Poisson distribution: False
2024-07-23 15:10:12,149 - INFO - Gene UMI counts file: gene_4000_umi10_counts_rep5.txt
2024-07-23 15:10:12,149 - INFO - UMI collisions file: umi10_4000_collisions_rep5.txt
2024-07-23 15:10:12,149 - INFO - Seed: None
2024-07-23 15:10:12,150 - INFO - Log file: umi10_4000_rep5.log
2024-07-23 15:10:12,150 - INFO - No seed specified. Generated random seed: 66879288
2024-07-23 15:10:12,150 - INFO - Generating all possible UMIs...
2024-07-23 15:10:12,546 - INFO - Total possible UMIs generated: 262144
2024-07-23 15:10:12,546 - INFO - Loading parameters...
2024-07-23 15:10:12,546 - INFO - Sampling read depths for each gene...
2024-07-23 15:10:12,683 - INFO - Read depths sampling complete.
2024-07-23 15:10:12,683 - INFO - Allocating UMIs based on sampled read depths...
2024-07-23 15:10:12,683 - INFO - Allocating UMIs for gene 0...
2024-07-23 15:10:16,895 - INFO - Allocating UMIs for gene 100...
2024-07-23 15:10:21,082 - INFO - Allocating UMIs for gene 200...
2024-07-23 15:10:25,232 - INFO - Allocating UMIs for gene 300...
2024-07-23 15:10:29,428 - INFO - Allocating UMIs for gene 400...
2024-07-23 15:10:33,525 - INFO - Allocating UMIs for gene 500...
2024-07-23 15:10:37,704 - INFO - Allocating UMIs for gene 600...
2024-07-23 15:10:41,817 - INFO - Allocating UMIs for gene 700...
2024-07-23 15:10:46,021 - INFO - Allocating UMIs for gene 800...
2024-07-23 15:10:49,988 - INFO - Allocating UMIs for gene 900...
2024-07-23 15:10:54,060 - INFO - Allocating UMIs for gene 1000...
2024-07-23 15:10:58,198 - INFO - Allocating UMIs for gene 1100...
2024-07-23 15:11:02,333 - INFO - Allocating UMIs for gene 1200...
2024-07-23 15:11:06,403 - INFO - Allocating UMIs for gene 1300...
2024-07-23 15:11:10,520 - INFO - Allocating UMIs for gene 1400...
2024-07-23 15:11:14,662 - INFO - Allocating UMIs for gene 1500...
2024-07-23 15:11:18,832 - INFO - Allocating UMIs for gene 1600...
2024-07-23 15:11:23,001 - INFO - Allocating UMIs for gene 1700...
2024-07-23 15:11:27,292 - INFO - Allocating UMIs for gene 1800...
2024-07-23 15:11:31,325 - INFO - Allocating UMIs for gene 1900...
2024-07-23 15:11:35,474 - INFO - Allocating UMIs for gene 2000...
2024-07-23 15:11:39,588 - INFO - Allocating UMIs for gene 2100...
2024-07-23 15:11:43,672 - INFO - Allocating UMIs for gene 2200...
2024-07-23 15:11:47,805 - INFO - Allocating UMIs for gene 2300...
2024-07-23 15:11:51,989 - INFO - Allocating UMIs for gene 2400...
2024-07-23 15:11:56,304 - INFO - Allocating UMIs for gene 2500...
2024-07-23 15:12:00,467 - INFO - Allocating UMIs for gene 2600...
2024-07-23 15:12:04,595 - INFO - Allocating UMIs for gene 2700...
2024-07-23 15:12:08,773 - INFO - Allocating UMIs for gene 2800...
2024-07-23 15:12:12,957 - INFO - Allocating UMIs for gene 2900...
2024-07-23 15:12:17,094 - INFO - Allocating UMIs for gene 3000...
2024-07-23 15:12:21,196 - INFO - Allocating UMIs for gene 3100...
2024-07-23 15:12:25,238 - INFO - Allocating UMIs for gene 3200...
2024-07-23 15:12:29,264 - INFO - Allocating UMIs for gene 3300...
2024-07-23 15:12:33,383 - INFO - Allocating UMIs for gene 3400...
2024-07-23 15:12:37,553 - INFO - Allocating UMIs for gene 3500...
2024-07-23 15:12:41,588 - INFO - Allocating UMIs for gene 3600...
2024-07-23 15:12:45,723 - INFO - Allocating UMIs for gene 3700...
2024-07-23 15:12:49,850 - INFO - Allocating UMIs for gene 3800...
2024-07-23 15:12:53,906 - INFO - Allocating UMIs for gene 3900...
2024-07-23 15:12:58,025 - INFO - UMI allocation complete.
2024-07-23 15:12:58,026 - INFO - Counting overall UMI occurrences...
2024-07-23 15:12:58,032 - INFO - Counting inter-gene collisions...
2024-07-23 15:12:58,050 - INFO - Total UMIs generated: 262144
2024-07-23 15:12:58,050 - INFO - Total UMIs allocated: 23856
2024-07-23 15:12:58,050 - INFO - Number of unique UMIs assigned to genes: 22828
2024-07-23 15:12:58,050 - INFO - Inter-gene collisions: 1028
2024-07-23 15:12:58,050 - INFO - Inter-gene collision rate: 0.04309
2024-07-23 15:12:58,050 - INFO - Writing gene UMI counts to file...
2024-07-23 15:12:58,054 - INFO - Writing UMI inter-gene collisions to file...
2024-07-23 15:12:58,054 - INFO - Simulation complete.
