2024-07-23 15:00:50,462 - INFO - Simulation Script Version: 0.0.2
2024-07-23 15:00:50,462 - INFO - Simulation Parameters:
2024-07-23 15:00:50,462 - INFO - Length of UMI: 10
2024-07-23 15:00:50,462 - INFO - Number of genes: 4000
2024-07-23 15:00:50,462 - INFO - Parameters file: None
2024-07-23 15:00:50,462 - INFO - Mean (mu): 6.0
2024-07-23 15:00:50,462 - INFO - Dispersion (theta): 6.0
2024-07-23 15:00:50,462 - INFO - Use Poisson distribution: False
2024-07-23 15:00:50,462 - INFO - Gene UMI counts file: gene_4000_umi10_counts_rep2.txt
2024-07-23 15:00:50,462 - INFO - UMI collisions file: umi10_4000_collisions_rep2.txt
2024-07-23 15:00:50,462 - INFO - Seed: None
2024-07-23 15:00:50,462 - INFO - Log file: umi10_4000_rep2.log
2024-07-23 15:00:50,462 - INFO - No seed specified. Generated random seed: 2896277736
2024-07-23 15:00:50,462 - INFO - Generating all possible UMIs...
2024-07-23 15:00:50,767 - INFO - Total possible UMIs generated: 262144
2024-07-23 15:00:50,767 - INFO - Loading parameters...
2024-07-23 15:00:50,767 - INFO - Sampling read depths for each gene...
2024-07-23 15:00:50,914 - INFO - Read depths sampling complete.
2024-07-23 15:00:50,914 - INFO - Allocating UMIs based on sampled read depths...
2024-07-23 15:00:50,914 - INFO - Allocating UMIs for gene 0...
2024-07-23 15:00:55,676 - INFO - Allocating UMIs for gene 100...
2024-07-23 15:01:00,887 - INFO - Allocating UMIs for gene 200...
2024-07-23 15:01:05,799 - INFO - Allocating UMIs for gene 300...
2024-07-23 15:01:10,786 - INFO - Allocating UMIs for gene 400...
2024-07-23 15:01:15,642 - INFO - Allocating UMIs for gene 500...
2024-07-23 15:01:20,278 - INFO - Allocating UMIs for gene 600...
2024-07-23 15:01:24,957 - INFO - Allocating UMIs for gene 700...
2024-07-23 15:01:29,807 - INFO - Allocating UMIs for gene 800...
2024-07-23 15:01:34,630 - INFO - Allocating UMIs for gene 900...
2024-07-23 15:01:39,294 - INFO - Allocating UMIs for gene 1000...
2024-07-23 15:01:44,132 - INFO - Allocating UMIs for gene 1100...
2024-07-23 15:01:48,919 - INFO - Allocating UMIs for gene 1200...
2024-07-23 15:01:53,836 - INFO - Allocating UMIs for gene 1300...
2024-07-23 15:01:58,624 - INFO - Allocating UMIs for gene 1400...
2024-07-23 15:02:03,338 - INFO - Allocating UMIs for gene 1500...
2024-07-23 15:02:08,022 - INFO - Allocating UMIs for gene 1600...
2024-07-23 15:02:12,770 - INFO - Allocating UMIs for gene 1700...
2024-07-23 15:02:17,468 - INFO - Allocating UMIs for gene 1800...
2024-07-23 15:02:22,126 - INFO - Allocating UMIs for gene 1900...
2024-07-23 15:02:26,860 - INFO - Allocating UMIs for gene 2000...
2024-07-23 15:02:32,060 - INFO - Allocating UMIs for gene 2100...
2024-07-23 15:02:36,796 - INFO - Allocating UMIs for gene 2200...
2024-07-23 15:02:41,745 - INFO - Allocating UMIs for gene 2300...
2024-07-23 15:02:46,485 - INFO - Allocating UMIs for gene 2400...
2024-07-23 15:02:51,233 - INFO - Allocating UMIs for gene 2500...
2024-07-23 15:02:55,866 - INFO - Allocating UMIs for gene 2600...
2024-07-23 15:03:00,473 - INFO - Allocating UMIs for gene 2700...
2024-07-23 15:03:05,188 - INFO - Allocating UMIs for gene 2800...
2024-07-23 15:03:09,931 - INFO - Allocating UMIs for gene 2900...
2024-07-23 15:03:14,632 - INFO - Allocating UMIs for gene 3000...
2024-07-23 15:03:19,330 - INFO - Allocating UMIs for gene 3100...
2024-07-23 15:03:23,972 - INFO - Allocating UMIs for gene 3200...
2024-07-23 15:03:28,799 - INFO - Allocating UMIs for gene 3300...
2024-07-23 15:03:33,541 - INFO - Allocating UMIs for gene 3400...
2024-07-23 15:03:38,091 - INFO - Allocating UMIs for gene 3500...
2024-07-23 15:03:42,802 - INFO - Allocating UMIs for gene 3600...
2024-07-23 15:03:47,445 - INFO - Allocating UMIs for gene 3700...
2024-07-23 15:03:52,090 - INFO - Allocating UMIs for gene 3800...
2024-07-23 15:03:57,026 - INFO - Allocating UMIs for gene 3900...
2024-07-23 15:04:01,782 - INFO - UMI allocation complete.
2024-07-23 15:04:01,782 - INFO - Counting overall UMI occurrences...
2024-07-23 15:04:01,790 - INFO - Counting inter-gene collisions...
2024-07-23 15:04:01,810 - INFO - Total UMIs generated: 262144
2024-07-23 15:04:01,810 - INFO - Total UMIs allocated: 23841
2024-07-23 15:04:01,810 - INFO - Number of unique UMIs assigned to genes: 22785
2024-07-23 15:04:01,810 - INFO - Inter-gene collisions: 1054
2024-07-23 15:04:01,810 - INFO - Inter-gene collision rate: 0.04421
2024-07-23 15:04:01,810 - INFO - Writing gene UMI counts to file...
2024-07-23 15:04:01,814 - INFO - Writing UMI inter-gene collisions to file...
2024-07-23 15:04:01,814 - INFO - Simulation complete.
