2024-07-23 15:21:45,557 - INFO - Simulation Script Version: 0.0.2
2024-07-23 15:21:45,557 - INFO - Simulation Parameters:
2024-07-23 15:21:45,557 - INFO - Length of UMI: 10
2024-07-23 15:21:45,557 - INFO - Number of genes: 4000
2024-07-23 15:21:45,557 - INFO - Parameters file: None
2024-07-23 15:21:45,557 - INFO - Mean (mu): 6.0
2024-07-23 15:21:45,557 - INFO - Dispersion (theta): 6.0
2024-07-23 15:21:45,557 - INFO - Use Poisson distribution: False
2024-07-23 15:21:45,557 - INFO - Gene UMI counts file: gene_4000_umi10_counts_rep9.txt
2024-07-23 15:21:45,558 - INFO - UMI collisions file: umi10_4000_collisions_rep9.txt
2024-07-23 15:21:45,558 - INFO - Seed: None
2024-07-23 15:21:45,558 - INFO - Log file: umi10_4000_rep9.log
2024-07-23 15:21:45,558 - INFO - No seed specified. Generated random seed: 2825064701
2024-07-23 15:21:45,558 - INFO - Generating all possible UMIs...
2024-07-23 15:21:45,860 - INFO - Total possible UMIs generated: 262144
2024-07-23 15:21:45,860 - INFO - Loading parameters...
2024-07-23 15:21:45,860 - INFO - Sampling read depths for each gene...
2024-07-23 15:21:46,005 - INFO - Read depths sampling complete.
2024-07-23 15:21:46,005 - INFO - Allocating UMIs based on sampled read depths...
2024-07-23 15:21:46,005 - INFO - Allocating UMIs for gene 0...
2024-07-23 15:21:50,824 - INFO - Allocating UMIs for gene 100...
2024-07-23 15:21:55,616 - INFO - Allocating UMIs for gene 200...
2024-07-23 15:22:00,324 - INFO - Allocating UMIs for gene 300...
2024-07-23 15:22:04,962 - INFO - Allocating UMIs for gene 400...
2024-07-23 15:22:09,741 - INFO - Allocating UMIs for gene 500...
2024-07-23 15:22:14,283 - INFO - Allocating UMIs for gene 600...
2024-07-23 15:22:18,903 - INFO - Allocating UMIs for gene 700...
2024-07-23 15:22:23,686 - INFO - Allocating UMIs for gene 800...
2024-07-23 15:22:28,332 - INFO - Allocating UMIs for gene 900...
2024-07-23 15:22:32,966 - INFO - Allocating UMIs for gene 1000...
2024-07-23 15:22:37,668 - INFO - Allocating UMIs for gene 1100...
2024-07-23 15:22:42,413 - INFO - Allocating UMIs for gene 1200...
2024-07-23 15:22:47,006 - INFO - Allocating UMIs for gene 1300...
2024-07-23 15:22:51,611 - INFO - Allocating UMIs for gene 1400...
2024-07-23 15:22:56,270 - INFO - Allocating UMIs for gene 1500...
2024-07-23 15:23:01,014 - INFO - Allocating UMIs for gene 1600...
2024-07-23 15:23:05,748 - INFO - Allocating UMIs for gene 1700...
2024-07-23 15:23:10,398 - INFO - Allocating UMIs for gene 1800...
2024-07-23 15:23:15,062 - INFO - Allocating UMIs for gene 1900...
2024-07-23 15:23:19,767 - INFO - Allocating UMIs for gene 2000...
2024-07-23 15:23:24,504 - INFO - Allocating UMIs for gene 2100...
2024-07-23 15:23:29,185 - INFO - Allocating UMIs for gene 2200...
2024-07-23 15:23:33,834 - INFO - Allocating UMIs for gene 2300...
2024-07-23 15:23:38,447 - INFO - Allocating UMIs for gene 2400...
2024-07-23 15:23:43,157 - INFO - Allocating UMIs for gene 2500...
2024-07-23 15:23:47,856 - INFO - Allocating UMIs for gene 2600...
2024-07-23 15:23:52,500 - INFO - Allocating UMIs for gene 2700...
2024-07-23 15:23:57,184 - INFO - Allocating UMIs for gene 2800...
2024-07-23 15:24:01,962 - INFO - Allocating UMIs for gene 2900...
2024-07-23 15:24:06,627 - INFO - Allocating UMIs for gene 3000...
2024-07-23 15:24:11,237 - INFO - Allocating UMIs for gene 3100...
2024-07-23 15:24:15,940 - INFO - Allocating UMIs for gene 3200...
2024-07-23 15:24:20,555 - INFO - Allocating UMIs for gene 3300...
2024-07-23 15:24:25,206 - INFO - Allocating UMIs for gene 3400...
2024-07-23 15:24:29,852 - INFO - Allocating UMIs for gene 3500...
2024-07-23 15:24:34,597 - INFO - Allocating UMIs for gene 3600...
2024-07-23 15:24:39,281 - INFO - Allocating UMIs for gene 3700...
2024-07-23 15:24:43,842 - INFO - Allocating UMIs for gene 3800...
2024-07-23 15:24:48,552 - INFO - Allocating UMIs for gene 3900...
2024-07-23 15:24:53,253 - INFO - UMI allocation complete.
2024-07-23 15:24:53,253 - INFO - Counting overall UMI occurrences...
2024-07-23 15:24:53,259 - INFO - Counting inter-gene collisions...
2024-07-23 15:24:53,280 - INFO - Total UMIs generated: 262144
2024-07-23 15:24:53,305 - INFO - Total UMIs allocated: 23620
2024-07-23 15:24:53,305 - INFO - Number of unique UMIs assigned to genes: 22591
2024-07-23 15:24:53,305 - INFO - Inter-gene collisions: 1029
2024-07-23 15:24:53,306 - INFO - Inter-gene collision rate: 0.04356
2024-07-23 15:24:53,306 - INFO - Writing gene UMI counts to file...
2024-07-23 15:24:53,307 - INFO - Writing UMI inter-gene collisions to file...
2024-07-23 15:24:53,308 - INFO - Simulation complete.
