2024-07-23 15:24:54,346 - INFO - Simulation Script Version: 0.0.2
2024-07-23 15:24:54,346 - INFO - Simulation Parameters:
2024-07-23 15:24:54,346 - INFO - Length of UMI: 10
2024-07-23 15:24:54,346 - INFO - Number of genes: 4000
2024-07-23 15:24:54,346 - INFO - Parameters file: None
2024-07-23 15:24:54,346 - INFO - Mean (mu): 6.0
2024-07-23 15:24:54,346 - INFO - Dispersion (theta): 6.0
2024-07-23 15:24:54,346 - INFO - Use Poisson distribution: False
2024-07-23 15:24:54,346 - INFO - Gene UMI counts file: gene_4000_umi10_counts_rep10.txt
2024-07-23 15:24:54,346 - INFO - UMI collisions file: umi10_4000_collisions_rep10.txt
2024-07-23 15:24:54,346 - INFO - Seed: None
2024-07-23 15:24:54,346 - INFO - Log file: umi10_4000_rep10.log
2024-07-23 15:24:54,346 - INFO - No seed specified. Generated random seed: 3679056755
2024-07-23 15:24:54,346 - INFO - Generating all possible UMIs...
2024-07-23 15:24:54,646 - INFO - Total possible UMIs generated: 262144
2024-07-23 15:24:54,646 - INFO - Loading parameters...
2024-07-23 15:24:54,646 - INFO - Sampling read depths for each gene...
2024-07-23 15:24:54,792 - INFO - Read depths sampling complete.
2024-07-23 15:24:54,792 - INFO - Allocating UMIs based on sampled read depths...
2024-07-23 15:24:54,792 - INFO - Allocating UMIs for gene 0...
2024-07-23 15:24:59,526 - INFO - Allocating UMIs for gene 100...
2024-07-23 15:25:04,328 - INFO - Allocating UMIs for gene 200...
2024-07-23 15:25:09,030 - INFO - Allocating UMIs for gene 300...
2024-07-23 15:25:13,622 - INFO - Allocating UMIs for gene 400...
2024-07-23 15:25:18,284 - INFO - Allocating UMIs for gene 500...
2024-07-23 15:25:22,989 - INFO - Allocating UMIs for gene 600...
2024-07-23 15:25:27,670 - INFO - Allocating UMIs for gene 700...
2024-07-23 15:25:32,327 - INFO - Allocating UMIs for gene 800...
2024-07-23 15:25:37,049 - INFO - Allocating UMIs for gene 900...
2024-07-23 15:25:41,855 - INFO - Allocating UMIs for gene 1000...
2024-07-23 15:25:46,339 - INFO - Allocating UMIs for gene 1100...
2024-07-23 15:25:50,862 - INFO - Allocating UMIs for gene 1200...
2024-07-23 15:25:55,414 - INFO - Allocating UMIs for gene 1300...
2024-07-23 15:25:59,938 - INFO - Allocating UMIs for gene 1400...
2024-07-23 15:26:04,355 - INFO - Allocating UMIs for gene 1500...
2024-07-23 15:26:08,713 - INFO - Allocating UMIs for gene 1600...
2024-07-23 15:26:13,042 - INFO - Allocating UMIs for gene 1700...
2024-07-23 15:26:17,440 - INFO - Allocating UMIs for gene 1800...
2024-07-23 15:26:21,861 - INFO - Allocating UMIs for gene 1900...
2024-07-23 15:26:26,247 - INFO - Allocating UMIs for gene 2000...
2024-07-23 15:26:30,681 - INFO - Allocating UMIs for gene 2100...
2024-07-23 15:26:35,184 - INFO - Allocating UMIs for gene 2200...
2024-07-23 15:26:39,668 - INFO - Allocating UMIs for gene 2300...
2024-07-23 15:26:44,095 - INFO - Allocating UMIs for gene 2400...
2024-07-23 15:26:48,626 - INFO - Allocating UMIs for gene 2500...
2024-07-23 15:26:53,143 - INFO - Allocating UMIs for gene 2600...
2024-07-23 15:26:57,619 - INFO - Allocating UMIs for gene 2700...
2024-07-23 15:27:02,092 - INFO - Allocating UMIs for gene 2800...
2024-07-23 15:27:06,604 - INFO - Allocating UMIs for gene 2900...
2024-07-23 15:27:11,091 - INFO - Allocating UMIs for gene 3000...
2024-07-23 15:27:15,626 - INFO - Allocating UMIs for gene 3100...
2024-07-23 15:27:20,094 - INFO - Allocating UMIs for gene 3200...
2024-07-23 15:27:24,519 - INFO - Allocating UMIs for gene 3300...
2024-07-23 15:27:28,950 - INFO - Allocating UMIs for gene 3400...
2024-07-23 15:27:33,287 - INFO - Allocating UMIs for gene 3500...
2024-07-23 15:27:37,769 - INFO - Allocating UMIs for gene 3600...
2024-07-23 15:27:42,288 - INFO - Allocating UMIs for gene 3700...
2024-07-23 15:27:46,751 - INFO - Allocating UMIs for gene 3800...
2024-07-23 15:27:51,137 - INFO - Allocating UMIs for gene 3900...
2024-07-23 15:27:55,572 - INFO - UMI allocation complete.
2024-07-23 15:27:55,572 - INFO - Counting overall UMI occurrences...
2024-07-23 15:27:55,578 - INFO - Counting inter-gene collisions...
2024-07-23 15:27:55,598 - INFO - Total UMIs generated: 262144
2024-07-23 15:27:55,598 - INFO - Total UMIs allocated: 23891
2024-07-23 15:27:55,598 - INFO - Number of unique UMIs assigned to genes: 22822
2024-07-23 15:27:55,598 - INFO - Inter-gene collisions: 1069
2024-07-23 15:27:55,598 - INFO - Inter-gene collision rate: 0.04474
2024-07-23 15:27:55,598 - INFO - Writing gene UMI counts to file...
2024-07-23 15:27:55,599 - INFO - Writing UMI inter-gene collisions to file...
2024-07-23 15:27:55,600 - INFO - Simulation complete.
