2024-07-23 15:12:58,991 - INFO - Simulation Script Version: 0.0.2
2024-07-23 15:12:58,991 - INFO - Simulation Parameters:
2024-07-23 15:12:58,991 - INFO - Length of UMI: 10
2024-07-23 15:12:58,991 - INFO - Number of genes: 4000
2024-07-23 15:12:58,991 - INFO - Parameters file: None
2024-07-23 15:12:58,991 - INFO - Mean (mu): 6.0
2024-07-23 15:12:58,991 - INFO - Dispersion (theta): 6.0
2024-07-23 15:12:58,991 - INFO - Use Poisson distribution: False
2024-07-23 15:12:58,991 - INFO - Gene UMI counts file: gene_4000_umi10_counts_rep6.txt
2024-07-23 15:12:58,991 - INFO - UMI collisions file: umi10_4000_collisions_rep6.txt
2024-07-23 15:12:58,991 - INFO - Seed: None
2024-07-23 15:12:58,991 - INFO - Log file: umi10_4000_rep6.log
2024-07-23 15:12:58,991 - INFO - No seed specified. Generated random seed: 2207858213
2024-07-23 15:12:58,992 - INFO - Generating all possible UMIs...
2024-07-23 15:12:59,265 - INFO - Total possible UMIs generated: 262144
2024-07-23 15:12:59,265 - INFO - Loading parameters...
2024-07-23 15:12:59,265 - INFO - Sampling read depths for each gene...
2024-07-23 15:12:59,402 - INFO - Read depths sampling complete.
2024-07-23 15:12:59,402 - INFO - Allocating UMIs based on sampled read depths...
2024-07-23 15:12:59,402 - INFO - Allocating UMIs for gene 0...
2024-07-23 15:13:03,617 - INFO - Allocating UMIs for gene 100...
2024-07-23 15:13:07,832 - INFO - Allocating UMIs for gene 200...
2024-07-23 15:13:11,910 - INFO - Allocating UMIs for gene 300...
2024-07-23 15:13:16,050 - INFO - Allocating UMIs for gene 400...
2024-07-23 15:13:20,066 - INFO - Allocating UMIs for gene 500...
2024-07-23 15:13:24,113 - INFO - Allocating UMIs for gene 600...
2024-07-23 15:13:28,222 - INFO - Allocating UMIs for gene 700...
2024-07-23 15:13:32,327 - INFO - Allocating UMIs for gene 800...
2024-07-23 15:13:36,381 - INFO - Allocating UMIs for gene 900...
2024-07-23 15:13:40,466 - INFO - Allocating UMIs for gene 1000...
2024-07-23 15:13:44,647 - INFO - Allocating UMIs for gene 1100...
2024-07-23 15:13:48,746 - INFO - Allocating UMIs for gene 1200...
2024-07-23 15:13:52,862 - INFO - Allocating UMIs for gene 1300...
2024-07-23 15:13:56,945 - INFO - Allocating UMIs for gene 1400...
2024-07-23 15:14:01,154 - INFO - Allocating UMIs for gene 1500...
2024-07-23 15:14:05,231 - INFO - Allocating UMIs for gene 1600...
2024-07-23 15:14:09,343 - INFO - Allocating UMIs for gene 1700...
2024-07-23 15:14:13,380 - INFO - Allocating UMIs for gene 1800...
2024-07-23 15:14:17,564 - INFO - Allocating UMIs for gene 1900...
2024-07-23 15:14:21,609 - INFO - Allocating UMIs for gene 2000...
2024-07-23 15:14:25,672 - INFO - Allocating UMIs for gene 2100...
2024-07-23 15:14:29,639 - INFO - Allocating UMIs for gene 2200...
2024-07-23 15:14:33,765 - INFO - Allocating UMIs for gene 2300...
2024-07-23 15:14:37,903 - INFO - Allocating UMIs for gene 2400...
2024-07-23 15:14:42,055 - INFO - Allocating UMIs for gene 2500...
2024-07-23 15:14:46,201 - INFO - Allocating UMIs for gene 2600...
2024-07-23 15:14:50,160 - INFO - Allocating UMIs for gene 2700...
2024-07-23 15:14:54,321 - INFO - Allocating UMIs for gene 2800...
2024-07-23 15:14:58,352 - INFO - Allocating UMIs for gene 2900...
2024-07-23 15:15:02,434 - INFO - Allocating UMIs for gene 3000...
2024-07-23 15:15:06,470 - INFO - Allocating UMIs for gene 3100...
2024-07-23 15:15:10,572 - INFO - Allocating UMIs for gene 3200...
2024-07-23 15:15:14,623 - INFO - Allocating UMIs for gene 3300...
2024-07-23 15:15:18,757 - INFO - Allocating UMIs for gene 3400...
2024-07-23 15:15:22,778 - INFO - Allocating UMIs for gene 3500...
2024-07-23 15:15:26,876 - INFO - Allocating UMIs for gene 3600...
2024-07-23 15:15:30,900 - INFO - Allocating UMIs for gene 3700...
2024-07-23 15:15:35,016 - INFO - Allocating UMIs for gene 3800...
2024-07-23 15:15:39,197 - INFO - Allocating UMIs for gene 3900...
2024-07-23 15:15:43,296 - INFO - UMI allocation complete.
2024-07-23 15:15:43,296 - INFO - Counting overall UMI occurrences...
2024-07-23 15:15:43,302 - INFO - Counting inter-gene collisions...
2024-07-23 15:15:43,320 - INFO - Total UMIs generated: 262144
2024-07-23 15:15:43,320 - INFO - Total UMIs allocated: 23826
2024-07-23 15:15:43,320 - INFO - Number of unique UMIs assigned to genes: 22772
2024-07-23 15:15:43,320 - INFO - Inter-gene collisions: 1053
2024-07-23 15:15:43,320 - INFO - Inter-gene collision rate: 0.04420
2024-07-23 15:15:43,320 - INFO - Writing gene UMI counts to file...
2024-07-23 15:15:43,322 - INFO - Writing UMI inter-gene collisions to file...
2024-07-23 15:15:43,323 - INFO - Simulation complete.
