2024-07-23 15:04:02,867 - INFO - Simulation Script Version: 0.0.2
2024-07-23 15:04:02,867 - INFO - Simulation Parameters:
2024-07-23 15:04:02,867 - INFO - Length of UMI: 10
2024-07-23 15:04:02,867 - INFO - Number of genes: 4000
2024-07-23 15:04:02,867 - INFO - Parameters file: None
2024-07-23 15:04:02,867 - INFO - Mean (mu): 6.0
2024-07-23 15:04:02,867 - INFO - Dispersion (theta): 6.0
2024-07-23 15:04:02,867 - INFO - Use Poisson distribution: False
2024-07-23 15:04:02,867 - INFO - Gene UMI counts file: gene_4000_umi10_counts_rep3.txt
2024-07-23 15:04:02,867 - INFO - UMI collisions file: umi10_4000_collisions_rep3.txt
2024-07-23 15:04:02,867 - INFO - Seed: None
2024-07-23 15:04:02,867 - INFO - Log file: umi10_4000_rep3.log
2024-07-23 15:04:02,867 - INFO - No seed specified. Generated random seed: 1843932583
2024-07-23 15:04:02,868 - INFO - Generating all possible UMIs...
2024-07-23 15:04:03,175 - INFO - Total possible UMIs generated: 262144
2024-07-23 15:04:03,175 - INFO - Loading parameters...
2024-07-23 15:04:03,175 - INFO - Sampling read depths for each gene...
2024-07-23 15:04:03,321 - INFO - Read depths sampling complete.
2024-07-23 15:04:03,321 - INFO - Allocating UMIs based on sampled read depths...
2024-07-23 15:04:03,321 - INFO - Allocating UMIs for gene 0...
2024-07-23 15:04:08,092 - INFO - Allocating UMIs for gene 100...
2024-07-23 15:04:12,889 - INFO - Allocating UMIs for gene 200...
2024-07-23 15:04:17,682 - INFO - Allocating UMIs for gene 300...
2024-07-23 15:04:22,433 - INFO - Allocating UMIs for gene 400...
2024-07-23 15:04:26,970 - INFO - Allocating UMIs for gene 500...
2024-07-23 15:04:31,587 - INFO - Allocating UMIs for gene 600...
2024-07-23 15:04:36,313 - INFO - Allocating UMIs for gene 700...
2024-07-23 15:04:40,968 - INFO - Allocating UMIs for gene 800...
2024-07-23 15:04:45,753 - INFO - Allocating UMIs for gene 900...
2024-07-23 15:04:50,312 - INFO - Allocating UMIs for gene 1000...
2024-07-23 15:04:54,996 - INFO - Allocating UMIs for gene 1100...
2024-07-23 15:04:59,712 - INFO - Allocating UMIs for gene 1200...
2024-07-23 15:05:04,469 - INFO - Allocating UMIs for gene 1300...
2024-07-23 15:05:09,371 - INFO - Allocating UMIs for gene 1400...
2024-07-23 15:05:14,131 - INFO - Allocating UMIs for gene 1500...
2024-07-23 15:05:18,705 - INFO - Allocating UMIs for gene 1600...
2024-07-23 15:05:23,632 - INFO - Allocating UMIs for gene 1700...
2024-07-23 15:05:28,358 - INFO - Allocating UMIs for gene 1800...
2024-07-23 15:05:32,977 - INFO - Allocating UMIs for gene 1900...
2024-07-23 15:05:37,650 - INFO - Allocating UMIs for gene 2000...
2024-07-23 15:05:42,219 - INFO - Allocating UMIs for gene 2100...
2024-07-23 15:05:46,903 - INFO - Allocating UMIs for gene 2200...
2024-07-23 15:05:51,525 - INFO - Allocating UMIs for gene 2300...
2024-07-23 15:05:56,211 - INFO - Allocating UMIs for gene 2400...
2024-07-23 15:06:00,924 - INFO - Allocating UMIs for gene 2500...
2024-07-23 15:06:05,491 - INFO - Allocating UMIs for gene 2600...
2024-07-23 15:06:10,143 - INFO - Allocating UMIs for gene 2700...
2024-07-23 15:06:14,740 - INFO - Allocating UMIs for gene 2800...
2024-07-23 15:06:19,311 - INFO - Allocating UMIs for gene 2900...
2024-07-23 15:06:23,780 - INFO - Allocating UMIs for gene 3000...
2024-07-23 15:06:28,483 - INFO - Allocating UMIs for gene 3100...
2024-07-23 15:06:33,085 - INFO - Allocating UMIs for gene 3200...
2024-07-23 15:06:37,688 - INFO - Allocating UMIs for gene 3300...
2024-07-23 15:06:42,380 - INFO - Allocating UMIs for gene 3400...
2024-07-23 15:06:47,029 - INFO - Allocating UMIs for gene 3500...
2024-07-23 15:06:51,786 - INFO - Allocating UMIs for gene 3600...
2024-07-23 15:06:56,479 - INFO - Allocating UMIs for gene 3700...
2024-07-23 15:07:01,145 - INFO - Allocating UMIs for gene 3800...
2024-07-23 15:07:05,704 - INFO - Allocating UMIs for gene 3900...
2024-07-23 15:07:10,309 - INFO - UMI allocation complete.
2024-07-23 15:07:10,309 - INFO - Counting overall UMI occurrences...
2024-07-23 15:07:10,316 - INFO - Counting inter-gene collisions...
2024-07-23 15:07:10,336 - INFO - Total UMIs generated: 262144
2024-07-23 15:07:10,336 - INFO - Total UMIs allocated: 23659
2024-07-23 15:07:10,336 - INFO - Number of unique UMIs assigned to genes: 22611
2024-07-23 15:07:10,336 - INFO - Inter-gene collisions: 1048
2024-07-23 15:07:10,336 - INFO - Inter-gene collision rate: 0.04430
2024-07-23 15:07:10,336 - INFO - Writing gene UMI counts to file...
2024-07-23 15:07:10,340 - INFO - Writing UMI inter-gene collisions to file...
2024-07-23 15:07:10,340 - INFO - Simulation complete.
