2024-07-23 15:07:11,361 - INFO - Simulation Script Version: 0.0.2
2024-07-23 15:07:11,361 - INFO - Simulation Parameters:
2024-07-23 15:07:11,361 - INFO - Length of UMI: 10
2024-07-23 15:07:11,361 - INFO - Number of genes: 4000
2024-07-23 15:07:11,361 - INFO - Parameters file: None
2024-07-23 15:07:11,361 - INFO - Mean (mu): 6.0
2024-07-23 15:07:11,361 - INFO - Dispersion (theta): 6.0
2024-07-23 15:07:11,361 - INFO - Use Poisson distribution: False
2024-07-23 15:07:11,361 - INFO - Gene UMI counts file: gene_4000_umi10_counts_rep4.txt
2024-07-23 15:07:11,361 - INFO - UMI collisions file: umi10_4000_collisions_rep4.txt
2024-07-23 15:07:11,361 - INFO - Seed: None
2024-07-23 15:07:11,361 - INFO - Log file: umi10_4000_rep4.log
2024-07-23 15:07:11,361 - INFO - No seed specified. Generated random seed: 825189914
2024-07-23 15:07:11,362 - INFO - Generating all possible UMIs...
2024-07-23 15:07:11,666 - INFO - Total possible UMIs generated: 262144
2024-07-23 15:07:11,666 - INFO - Loading parameters...
2024-07-23 15:07:11,666 - INFO - Sampling read depths for each gene...
2024-07-23 15:07:11,811 - INFO - Read depths sampling complete.
2024-07-23 15:07:11,811 - INFO - Allocating UMIs based on sampled read depths...
2024-07-23 15:07:11,811 - INFO - Allocating UMIs for gene 0...
2024-07-23 15:07:16,688 - INFO - Allocating UMIs for gene 100...
2024-07-23 15:07:21,191 - INFO - Allocating UMIs for gene 200...
2024-07-23 15:07:25,661 - INFO - Allocating UMIs for gene 300...
2024-07-23 15:07:30,161 - INFO - Allocating UMIs for gene 400...
2024-07-23 15:07:34,602 - INFO - Allocating UMIs for gene 500...
2024-07-23 15:07:39,161 - INFO - Allocating UMIs for gene 600...
2024-07-23 15:07:43,651 - INFO - Allocating UMIs for gene 700...
2024-07-23 15:07:48,116 - INFO - Allocating UMIs for gene 800...
2024-07-23 15:07:52,508 - INFO - Allocating UMIs for gene 900...
2024-07-23 15:07:57,022 - INFO - Allocating UMIs for gene 1000...
2024-07-23 15:08:01,536 - INFO - Allocating UMIs for gene 1100...
2024-07-23 15:08:06,028 - INFO - Allocating UMIs for gene 1200...
2024-07-23 15:08:10,494 - INFO - Allocating UMIs for gene 1300...
2024-07-23 15:08:14,807 - INFO - Allocating UMIs for gene 1400...
2024-07-23 15:08:19,543 - INFO - Allocating UMIs for gene 1500...
2024-07-23 15:08:23,990 - INFO - Allocating UMIs for gene 1600...
2024-07-23 15:08:28,461 - INFO - Allocating UMIs for gene 1700...
2024-07-23 15:08:32,993 - INFO - Allocating UMIs for gene 1800...
2024-07-23 15:08:37,475 - INFO - Allocating UMIs for gene 1900...
2024-07-23 15:08:41,994 - INFO - Allocating UMIs for gene 2000...
2024-07-23 15:08:46,447 - INFO - Allocating UMIs for gene 2100...
2024-07-23 15:08:50,942 - INFO - Allocating UMIs for gene 2200...
2024-07-23 15:08:55,414 - INFO - Allocating UMIs for gene 2300...
2024-07-23 15:08:59,848 - INFO - Allocating UMIs for gene 2400...
2024-07-23 15:09:04,326 - INFO - Allocating UMIs for gene 2500...
2024-07-23 15:09:08,716 - INFO - Allocating UMIs for gene 2600...
2024-07-23 15:09:13,231 - INFO - Allocating UMIs for gene 2700...
2024-07-23 15:09:17,668 - INFO - Allocating UMIs for gene 2800...
2024-07-23 15:09:22,129 - INFO - Allocating UMIs for gene 2900...
2024-07-23 15:09:26,516 - INFO - Allocating UMIs for gene 3000...
2024-07-23 15:09:30,958 - INFO - Allocating UMIs for gene 3100...
2024-07-23 15:09:35,252 - INFO - Allocating UMIs for gene 3200...
2024-07-23 15:09:39,690 - INFO - Allocating UMIs for gene 3300...
2024-07-23 15:09:44,077 - INFO - Allocating UMIs for gene 3400...
2024-07-23 15:09:48,467 - INFO - Allocating UMIs for gene 3500...
2024-07-23 15:09:53,135 - INFO - Allocating UMIs for gene 3600...
2024-07-23 15:09:57,567 - INFO - Allocating UMIs for gene 3700...
2024-07-23 15:10:02,130 - INFO - Allocating UMIs for gene 3800...
2024-07-23 15:10:06,621 - INFO - Allocating UMIs for gene 3900...
2024-07-23 15:10:11,008 - INFO - UMI allocation complete.
2024-07-23 15:10:11,008 - INFO - Counting overall UMI occurrences...
2024-07-23 15:10:11,015 - INFO - Counting inter-gene collisions...
2024-07-23 15:10:11,034 - INFO - Total UMIs generated: 262144
2024-07-23 15:10:11,035 - INFO - Total UMIs allocated: 23684
2024-07-23 15:10:11,035 - INFO - Number of unique UMIs assigned to genes: 22652
2024-07-23 15:10:11,035 - INFO - Inter-gene collisions: 1031
2024-07-23 15:10:11,035 - INFO - Inter-gene collision rate: 0.04353
2024-07-23 15:10:11,035 - INFO - Writing gene UMI counts to file...
2024-07-23 15:10:11,036 - INFO - Writing UMI inter-gene collisions to file...
2024-07-23 15:10:11,037 - INFO - Simulation complete.
