2024-07-23 15:15:44,278 - INFO - Simulation Script Version: 0.0.2
2024-07-23 15:15:44,279 - INFO - Simulation Parameters:
2024-07-23 15:15:44,279 - INFO - Length of UMI: 10
2024-07-23 15:15:44,279 - INFO - Number of genes: 4000
2024-07-23 15:15:44,279 - INFO - Parameters file: None
2024-07-23 15:15:44,279 - INFO - Mean (mu): 6.0
2024-07-23 15:15:44,279 - INFO - Dispersion (theta): 6.0
2024-07-23 15:15:44,279 - INFO - Use Poisson distribution: False
2024-07-23 15:15:44,279 - INFO - Gene UMI counts file: gene_4000_umi10_counts_rep7.txt
2024-07-23 15:15:44,279 - INFO - UMI collisions file: umi10_4000_collisions_rep7.txt
2024-07-23 15:15:44,279 - INFO - Seed: None
2024-07-23 15:15:44,279 - INFO - Log file: umi10_4000_rep7.log
2024-07-23 15:15:44,279 - INFO - No seed specified. Generated random seed: 3452980542
2024-07-23 15:15:44,279 - INFO - Generating all possible UMIs...
2024-07-23 15:15:44,567 - INFO - Total possible UMIs generated: 262144
2024-07-23 15:15:44,567 - INFO - Loading parameters...
2024-07-23 15:15:44,567 - INFO - Sampling read depths for each gene...
2024-07-23 15:15:44,706 - INFO - Read depths sampling complete.
2024-07-23 15:15:44,706 - INFO - Allocating UMIs based on sampled read depths...
2024-07-23 15:15:44,706 - INFO - Allocating UMIs for gene 0...
2024-07-23 15:15:48,897 - INFO - Allocating UMIs for gene 100...
2024-07-23 15:15:53,089 - INFO - Allocating UMIs for gene 200...
2024-07-23 15:15:57,352 - INFO - Allocating UMIs for gene 300...
2024-07-23 15:16:01,594 - INFO - Allocating UMIs for gene 400...
2024-07-23 15:16:05,796 - INFO - Allocating UMIs for gene 500...
2024-07-23 15:16:09,972 - INFO - Allocating UMIs for gene 600...
2024-07-23 15:16:14,182 - INFO - Allocating UMIs for gene 700...
2024-07-23 15:16:18,264 - INFO - Allocating UMIs for gene 800...
2024-07-23 15:16:22,484 - INFO - Allocating UMIs for gene 900...
2024-07-23 15:16:26,626 - INFO - Allocating UMIs for gene 1000...
2024-07-23 15:16:31,127 - INFO - Allocating UMIs for gene 1100...
2024-07-23 15:16:35,611 - INFO - Allocating UMIs for gene 1200...
2024-07-23 15:16:40,321 - INFO - Allocating UMIs for gene 1300...
2024-07-23 15:16:44,774 - INFO - Allocating UMIs for gene 1400...
2024-07-23 15:16:49,311 - INFO - Allocating UMIs for gene 1500...
2024-07-23 15:16:53,805 - INFO - Allocating UMIs for gene 1600...
2024-07-23 15:16:58,338 - INFO - Allocating UMIs for gene 1700...
2024-07-23 15:17:02,847 - INFO - Allocating UMIs for gene 1800...
2024-07-23 15:17:07,236 - INFO - Allocating UMIs for gene 1900...
2024-07-23 15:17:11,762 - INFO - Allocating UMIs for gene 2000...
2024-07-23 15:17:16,211 - INFO - Allocating UMIs for gene 2100...
2024-07-23 15:17:20,697 - INFO - Allocating UMIs for gene 2200...
2024-07-23 15:17:25,186 - INFO - Allocating UMIs for gene 2300...
2024-07-23 15:17:29,659 - INFO - Allocating UMIs for gene 2400...
2024-07-23 15:17:34,095 - INFO - Allocating UMIs for gene 2500...
2024-07-23 15:17:38,534 - INFO - Allocating UMIs for gene 2600...
2024-07-23 15:17:43,061 - INFO - Allocating UMIs for gene 2700...
2024-07-23 15:17:47,454 - INFO - Allocating UMIs for gene 2800...
2024-07-23 15:17:51,844 - INFO - Allocating UMIs for gene 2900...
2024-07-23 15:17:56,241 - INFO - Allocating UMIs for gene 3000...
2024-07-23 15:18:00,831 - INFO - Allocating UMIs for gene 3100...
2024-07-23 15:18:05,285 - INFO - Allocating UMIs for gene 3200...
2024-07-23 15:18:09,691 - INFO - Allocating UMIs for gene 3300...
2024-07-23 15:18:14,182 - INFO - Allocating UMIs for gene 3400...
2024-07-23 15:18:18,676 - INFO - Allocating UMIs for gene 3500...
2024-07-23 15:18:23,201 - INFO - Allocating UMIs for gene 3600...
2024-07-23 15:18:27,644 - INFO - Allocating UMIs for gene 3700...
2024-07-23 15:18:32,174 - INFO - Allocating UMIs for gene 3800...
2024-07-23 15:18:36,645 - INFO - Allocating UMIs for gene 3900...
2024-07-23 15:18:41,174 - INFO - UMI allocation complete.
2024-07-23 15:18:41,174 - INFO - Counting overall UMI occurrences...
2024-07-23 15:18:41,180 - INFO - Counting inter-gene collisions...
2024-07-23 15:18:41,199 - INFO - Total UMIs generated: 262144
2024-07-23 15:18:41,200 - INFO - Total UMIs allocated: 24143
2024-07-23 15:18:41,200 - INFO - Number of unique UMIs assigned to genes: 23091
2024-07-23 15:18:41,200 - INFO - Inter-gene collisions: 1051
2024-07-23 15:18:41,200 - INFO - Inter-gene collision rate: 0.04353
2024-07-23 15:18:41,200 - INFO - Writing gene UMI counts to file...
2024-07-23 15:18:41,201 - INFO - Writing UMI inter-gene collisions to file...
2024-07-23 15:18:41,202 - INFO - Simulation complete.
