2024-07-21 00:01:32,151 - INFO - Simulation Script Version: 0.0.2
2024-07-21 00:01:32,153 - INFO - Simulation Parameters:
2024-07-21 00:01:32,153 - INFO - Length of UMI: 10
2024-07-21 00:01:32,153 - INFO - Number of genes: 4000
2024-07-21 00:01:32,153 - INFO - Parameters file: None
2024-07-21 00:01:32,153 - INFO - Mean (mu): 6.0
2024-07-21 00:01:32,153 - INFO - Dispersion (theta): 6.0
2024-07-21 00:01:32,153 - INFO - Use Poisson distribution: False
2024-07-21 00:01:32,153 - INFO - Gene UMI counts file: gene_4000_umi16_counts_rep8.txt
2024-07-21 00:01:32,153 - INFO - UMI collisions file: umi16_4000_collisions_rep8.txt
2024-07-21 00:01:32,153 - INFO - Seed: None
2024-07-21 00:01:32,153 - INFO - Log file: umi16_4000_rep8.log
2024-07-21 00:01:32,153 - INFO - UMI file: /varidata/research/projects/shen/projects/2024_Bens_swan_song/src/umi_collisions/umi_16.txt
2024-07-21 00:01:32,153 - INFO - No seed specified. Generated random seed: 3212211743
2024-07-21 00:01:32,153 - INFO - Using UMIs from file: /varidata/research/projects/shen/projects/2024_Bens_swan_song/src/umi_collisions/umi_16.txt
2024-07-21 00:10:37,309 - INFO - Total UMIs loaded: 4294967296
2024-07-21 00:10:37,309 - INFO - Loading parameters...
2024-07-21 00:10:37,309 - INFO - Sampling read depths for each gene...
2024-07-21 00:10:37,460 - INFO - Read depths sampling complete.
2024-07-21 00:10:37,460 - INFO - Allocating UMIs based on sampled read depths...
2024-07-21 00:10:37,460 - INFO - Allocating UMIs for gene 0...
2024-07-21 00:10:37,628 - INFO - Allocating UMIs for gene 100...
2024-07-21 00:10:37,809 - INFO - Allocating UMIs for gene 200...
2024-07-21 00:10:37,957 - INFO - Allocating UMIs for gene 300...
2024-07-21 00:10:38,131 - INFO - Allocating UMIs for gene 400...
2024-07-21 00:10:38,282 - INFO - Allocating UMIs for gene 500...
2024-07-21 00:10:38,491 - INFO - Allocating UMIs for gene 600...
2024-07-21 00:10:38,658 - INFO - Allocating UMIs for gene 700...
2024-07-21 00:10:38,779 - INFO - Allocating UMIs for gene 800...
2024-07-21 00:10:38,938 - INFO - Allocating UMIs for gene 900...
2024-07-21 00:10:39,234 - INFO - Allocating UMIs for gene 1000...
2024-07-21 00:10:39,461 - INFO - Allocating UMIs for gene 1100...
2024-07-21 00:10:39,717 - INFO - Allocating UMIs for gene 1200...
2024-07-21 00:10:40,001 - INFO - Allocating UMIs for gene 1300...
2024-07-21 00:10:40,180 - INFO - Allocating UMIs for gene 1400...
2024-07-21 00:10:40,366 - INFO - Allocating UMIs for gene 1500...
2024-07-21 00:10:40,572 - INFO - Allocating UMIs for gene 1600...
2024-07-21 00:10:40,774 - INFO - Allocating UMIs for gene 1700...
2024-07-21 00:10:41,010 - INFO - Allocating UMIs for gene 1800...
2024-07-21 00:10:41,249 - INFO - Allocating UMIs for gene 1900...
2024-07-21 00:10:41,488 - INFO - Allocating UMIs for gene 2000...
2024-07-21 00:10:41,672 - INFO - Allocating UMIs for gene 2100...
2024-07-21 00:10:41,971 - INFO - Allocating UMIs for gene 2200...
2024-07-21 00:10:42,192 - INFO - Allocating UMIs for gene 2300...
2024-07-21 00:10:42,348 - INFO - Allocating UMIs for gene 2400...
2024-07-21 00:10:42,528 - INFO - Allocating UMIs for gene 2500...
2024-07-21 00:10:42,743 - INFO - Allocating UMIs for gene 2600...
2024-07-21 00:10:43,036 - INFO - Allocating UMIs for gene 2700...
2024-07-21 00:10:43,324 - INFO - Allocating UMIs for gene 2800...
2024-07-21 00:10:43,565 - INFO - Allocating UMIs for gene 2900...
2024-07-21 00:10:43,780 - INFO - Allocating UMIs for gene 3000...
2024-07-21 00:10:44,107 - INFO - Allocating UMIs for gene 3100...
2024-07-21 00:10:44,298 - INFO - Allocating UMIs for gene 3200...
2024-07-21 00:10:44,660 - INFO - Allocating UMIs for gene 3300...
2024-07-21 00:10:44,875 - INFO - Allocating UMIs for gene 3400...
2024-07-21 00:10:45,147 - INFO - Allocating UMIs for gene 3500...
2024-07-21 00:10:45,373 - INFO - Allocating UMIs for gene 3600...
2024-07-21 00:10:45,724 - INFO - Allocating UMIs for gene 3700...
2024-07-21 00:10:45,978 - INFO - Allocating UMIs for gene 3800...
2024-07-21 00:10:46,178 - INFO - Allocating UMIs for gene 3900...
2024-07-21 00:10:46,601 - INFO - UMI allocation complete.
2024-07-21 00:10:46,601 - INFO - Counting overall UMI occurrences...
2024-07-21 00:10:46,605 - INFO - Counting inter-gene collisions...
2024-07-21 00:10:46,621 - INFO - Total UMIs allocated: 23944
2024-07-21 00:10:46,621 - INFO - Number of unique UMIs assigned to genes: 23944
2024-07-21 00:10:46,621 - INFO - Inter-gene collisions: 0
2024-07-21 00:10:46,621 - INFO - Inter-gene collision rate: 0.00000
2024-07-21 00:10:46,621 - INFO - Writing gene UMI counts to file...
2024-07-21 00:10:46,644 - INFO - Writing UMI inter-gene collisions to file...
2024-07-21 00:10:46,648 - INFO - Simulation complete.
