2024-07-20 23:17:42,697 - INFO - Simulation Script Version: 0.0.2
2024-07-20 23:17:42,700 - INFO - Simulation Parameters:
2024-07-20 23:17:42,700 - INFO - Length of UMI: 10
2024-07-20 23:17:42,700 - INFO - Number of genes: 4000
2024-07-20 23:17:42,700 - INFO - Parameters file: None
2024-07-20 23:17:42,700 - INFO - Mean (mu): 6.0
2024-07-20 23:17:42,700 - INFO - Dispersion (theta): 6.0
2024-07-20 23:17:42,700 - INFO - Use Poisson distribution: False
2024-07-20 23:17:42,700 - INFO - Gene UMI counts file: gene_4000_umi16_counts_rep4.txt
2024-07-20 23:17:42,700 - INFO - UMI collisions file: umi16_4000_collisions_rep4.txt
2024-07-20 23:17:42,700 - INFO - Seed: None
2024-07-20 23:17:42,700 - INFO - Log file: umi16_4000_rep4.log
2024-07-20 23:17:42,700 - INFO - UMI file: /varidata/research/projects/shen/projects/2024_Bens_swan_song/src/umi_collisions/umi_16.txt
2024-07-20 23:17:42,700 - INFO - No seed specified. Generated random seed: 1739522264
2024-07-20 23:17:42,700 - INFO - Using UMIs from file: /varidata/research/projects/shen/projects/2024_Bens_swan_song/src/umi_collisions/umi_16.txt
2024-07-20 23:28:59,200 - INFO - Total UMIs loaded: 4294967296
2024-07-20 23:28:59,201 - INFO - Loading parameters...
2024-07-20 23:28:59,201 - INFO - Sampling read depths for each gene...
2024-07-20 23:28:59,349 - INFO - Read depths sampling complete.
2024-07-20 23:28:59,349 - INFO - Allocating UMIs based on sampled read depths...
2024-07-20 23:28:59,349 - INFO - Allocating UMIs for gene 0...
2024-07-20 23:28:59,392 - INFO - Allocating UMIs for gene 100...
2024-07-20 23:28:59,432 - INFO - Allocating UMIs for gene 200...
2024-07-20 23:28:59,526 - INFO - Allocating UMIs for gene 300...
2024-07-20 23:28:59,561 - INFO - Allocating UMIs for gene 400...
2024-07-20 23:28:59,636 - INFO - Allocating UMIs for gene 500...
2024-07-20 23:28:59,692 - INFO - Allocating UMIs for gene 600...
2024-07-20 23:28:59,732 - INFO - Allocating UMIs for gene 700...
2024-07-20 23:28:59,789 - INFO - Allocating UMIs for gene 800...
2024-07-20 23:28:59,845 - INFO - Allocating UMIs for gene 900...
2024-07-20 23:28:59,909 - INFO - Allocating UMIs for gene 1000...
2024-07-20 23:28:59,997 - INFO - Allocating UMIs for gene 1100...
2024-07-20 23:29:00,036 - INFO - Allocating UMIs for gene 1200...
2024-07-20 23:29:00,081 - INFO - Allocating UMIs for gene 1300...
2024-07-20 23:29:00,124 - INFO - Allocating UMIs for gene 1400...
2024-07-20 23:29:00,194 - INFO - Allocating UMIs for gene 1500...
2024-07-20 23:29:00,276 - INFO - Allocating UMIs for gene 1600...
2024-07-20 23:29:00,323 - INFO - Allocating UMIs for gene 1700...
2024-07-20 23:29:00,382 - INFO - Allocating UMIs for gene 1800...
2024-07-20 23:29:00,491 - INFO - Allocating UMIs for gene 1900...
2024-07-20 23:29:00,546 - INFO - Allocating UMIs for gene 2000...
2024-07-20 23:29:00,592 - INFO - Allocating UMIs for gene 2100...
2024-07-20 23:29:00,659 - INFO - Allocating UMIs for gene 2200...
2024-07-20 23:29:00,754 - INFO - Allocating UMIs for gene 2300...
2024-07-20 23:29:00,816 - INFO - Allocating UMIs for gene 2400...
2024-07-20 23:29:00,878 - INFO - Allocating UMIs for gene 2500...
2024-07-20 23:29:00,936 - INFO - Allocating UMIs for gene 2600...
2024-07-20 23:29:00,991 - INFO - Allocating UMIs for gene 2700...
2024-07-20 23:29:01,068 - INFO - Allocating UMIs for gene 2800...
2024-07-20 23:29:01,148 - INFO - Allocating UMIs for gene 2900...
2024-07-20 23:29:01,200 - INFO - Allocating UMIs for gene 3000...
2024-07-20 23:29:01,251 - INFO - Allocating UMIs for gene 3100...
2024-07-20 23:29:01,312 - INFO - Allocating UMIs for gene 3200...
2024-07-20 23:29:01,382 - INFO - Allocating UMIs for gene 3300...
2024-07-20 23:29:01,448 - INFO - Allocating UMIs for gene 3400...
2024-07-20 23:29:01,507 - INFO - Allocating UMIs for gene 3500...
2024-07-20 23:29:01,565 - INFO - Allocating UMIs for gene 3600...
2024-07-20 23:29:01,627 - INFO - Allocating UMIs for gene 3700...
2024-07-20 23:29:01,717 - INFO - Allocating UMIs for gene 3800...
2024-07-20 23:29:01,777 - INFO - Allocating UMIs for gene 3900...
2024-07-20 23:29:01,860 - INFO - UMI allocation complete.
2024-07-20 23:29:01,860 - INFO - Counting overall UMI occurrences...
2024-07-20 23:29:01,865 - INFO - Counting inter-gene collisions...
2024-07-20 23:29:01,893 - INFO - Total UMIs allocated: 23699
2024-07-20 23:29:01,893 - INFO - Number of unique UMIs assigned to genes: 23698
2024-07-20 23:29:01,893 - INFO - Inter-gene collisions: 1
2024-07-20 23:29:01,893 - INFO - Inter-gene collision rate: 0.00004
2024-07-20 23:29:01,893 - INFO - Writing gene UMI counts to file...
2024-07-20 23:29:01,909 - INFO - Writing UMI inter-gene collisions to file...
2024-07-20 23:29:01,933 - INFO - Simulation complete.
