2024-07-20 23:29:03,139 - INFO - Simulation Script Version: 0.0.2
2024-07-20 23:29:03,141 - INFO - Simulation Parameters:
2024-07-20 23:29:03,141 - INFO - Length of UMI: 10
2024-07-20 23:29:03,141 - INFO - Number of genes: 4000
2024-07-20 23:29:03,141 - INFO - Parameters file: None
2024-07-20 23:29:03,141 - INFO - Mean (mu): 6.0
2024-07-20 23:29:03,141 - INFO - Dispersion (theta): 6.0
2024-07-20 23:29:03,141 - INFO - Use Poisson distribution: False
2024-07-20 23:29:03,141 - INFO - Gene UMI counts file: gene_4000_umi16_counts_rep5.txt
2024-07-20 23:29:03,141 - INFO - UMI collisions file: umi16_4000_collisions_rep5.txt
2024-07-20 23:29:03,141 - INFO - Seed: None
2024-07-20 23:29:03,141 - INFO - Log file: umi16_4000_rep5.log
2024-07-20 23:29:03,141 - INFO - UMI file: /varidata/research/projects/shen/projects/2024_Bens_swan_song/src/umi_collisions/umi_16.txt
2024-07-20 23:29:03,141 - INFO - No seed specified. Generated random seed: 2776672842
2024-07-20 23:29:03,142 - INFO - Using UMIs from file: /varidata/research/projects/shen/projects/2024_Bens_swan_song/src/umi_collisions/umi_16.txt
2024-07-20 23:39:44,474 - INFO - Total UMIs loaded: 4294967296
2024-07-20 23:39:44,475 - INFO - Loading parameters...
2024-07-20 23:39:44,475 - INFO - Sampling read depths for each gene...
2024-07-20 23:39:44,631 - INFO - Read depths sampling complete.
2024-07-20 23:39:44,631 - INFO - Allocating UMIs based on sampled read depths...
2024-07-20 23:39:44,631 - INFO - Allocating UMIs for gene 0...
2024-07-20 23:39:44,901 - INFO - Allocating UMIs for gene 100...
2024-07-20 23:39:45,215 - INFO - Allocating UMIs for gene 200...
2024-07-20 23:39:45,562 - INFO - Allocating UMIs for gene 300...
2024-07-20 23:39:45,863 - INFO - Allocating UMIs for gene 400...
2024-07-20 23:39:46,134 - INFO - Allocating UMIs for gene 500...
2024-07-20 23:39:46,366 - INFO - Allocating UMIs for gene 600...
2024-07-20 23:39:46,673 - INFO - Allocating UMIs for gene 700...
2024-07-20 23:39:46,851 - INFO - Allocating UMIs for gene 800...
2024-07-20 23:39:47,123 - INFO - Allocating UMIs for gene 900...
2024-07-20 23:39:47,381 - INFO - Allocating UMIs for gene 1000...
2024-07-20 23:39:47,731 - INFO - Allocating UMIs for gene 1100...
2024-07-20 23:39:48,104 - INFO - Allocating UMIs for gene 1200...
2024-07-20 23:39:48,314 - INFO - Allocating UMIs for gene 1300...
2024-07-20 23:39:48,646 - INFO - Allocating UMIs for gene 1400...
2024-07-20 23:39:48,939 - INFO - Allocating UMIs for gene 1500...
2024-07-20 23:39:49,282 - INFO - Allocating UMIs for gene 1600...
2024-07-20 23:39:49,585 - INFO - Allocating UMIs for gene 1700...
2024-07-20 23:39:49,883 - INFO - Allocating UMIs for gene 1800...
2024-07-20 23:39:50,206 - INFO - Allocating UMIs for gene 1900...
2024-07-20 23:39:50,433 - INFO - Allocating UMIs for gene 2000...
2024-07-20 23:39:50,644 - INFO - Allocating UMIs for gene 2100...
2024-07-20 23:39:50,992 - INFO - Allocating UMIs for gene 2200...
2024-07-20 23:39:51,373 - INFO - Allocating UMIs for gene 2300...
2024-07-20 23:39:51,653 - INFO - Allocating UMIs for gene 2400...
2024-07-20 23:39:52,083 - INFO - Allocating UMIs for gene 2500...
2024-07-20 23:39:52,291 - INFO - Allocating UMIs for gene 2600...
2024-07-20 23:39:52,569 - INFO - Allocating UMIs for gene 2700...
2024-07-20 23:39:52,873 - INFO - Allocating UMIs for gene 2800...
2024-07-20 23:39:53,007 - INFO - Allocating UMIs for gene 2900...
2024-07-20 23:39:53,288 - INFO - Allocating UMIs for gene 3000...
2024-07-20 23:39:53,569 - INFO - Allocating UMIs for gene 3100...
2024-07-20 23:39:53,832 - INFO - Allocating UMIs for gene 3200...
2024-07-20 23:39:54,177 - INFO - Allocating UMIs for gene 3300...
2024-07-20 23:39:54,390 - INFO - Allocating UMIs for gene 3400...
2024-07-20 23:39:54,703 - INFO - Allocating UMIs for gene 3500...
2024-07-20 23:39:55,054 - INFO - Allocating UMIs for gene 3600...
2024-07-20 23:39:55,392 - INFO - Allocating UMIs for gene 3700...
2024-07-20 23:39:55,795 - INFO - Allocating UMIs for gene 3800...
2024-07-20 23:39:56,053 - INFO - Allocating UMIs for gene 3900...
2024-07-20 23:39:56,357 - INFO - UMI allocation complete.
2024-07-20 23:39:56,357 - INFO - Counting overall UMI occurrences...
2024-07-20 23:39:56,361 - INFO - Counting inter-gene collisions...
2024-07-20 23:39:56,376 - INFO - Total UMIs allocated: 24197
2024-07-20 23:39:56,377 - INFO - Number of unique UMIs assigned to genes: 24197
2024-07-20 23:39:56,377 - INFO - Inter-gene collisions: 0
2024-07-20 23:39:56,377 - INFO - Inter-gene collision rate: 0.00000
2024-07-20 23:39:56,377 - INFO - Writing gene UMI counts to file...
2024-07-20 23:39:56,397 - INFO - Writing UMI inter-gene collisions to file...
2024-07-20 23:39:56,404 - INFO - Simulation complete.
