2024-07-20 22:51:41,061 - INFO - Simulation Script Version: 0.0.2
2024-07-20 22:51:41,064 - INFO - Simulation Parameters:
2024-07-20 22:51:41,064 - INFO - Length of UMI: 10
2024-07-20 22:51:41,064 - INFO - Number of genes: 4000
2024-07-20 22:51:41,064 - INFO - Parameters file: None
2024-07-20 22:51:41,064 - INFO - Mean (mu): 6.0
2024-07-20 22:51:41,064 - INFO - Dispersion (theta): 6.0
2024-07-20 22:51:41,064 - INFO - Use Poisson distribution: False
2024-07-20 22:51:41,064 - INFO - Gene UMI counts file: gene_4000_umi16_counts_rep1.txt
2024-07-20 22:51:41,064 - INFO - UMI collisions file: umi16_4000_collisions.txt
2024-07-20 22:51:41,064 - INFO - Seed: None
2024-07-20 22:51:41,064 - INFO - Log file: umi16_4000_rep1.log
2024-07-20 22:51:41,064 - INFO - UMI file: /varidata/research/projects/shen/projects/2024_Bens_swan_song/src/umi_collisions/umi_16.txt
2024-07-20 22:51:41,064 - INFO - No seed specified. Generated random seed: 305827842
2024-07-20 22:51:41,064 - INFO - Using UMIs from file: /varidata/research/projects/shen/projects/2024_Bens_swan_song/src/umi_collisions/umi_16.txt
2024-07-20 22:56:59,250 - INFO - Total UMIs loaded: 4294967296
2024-07-20 22:56:59,251 - INFO - Loading parameters...
2024-07-20 22:56:59,251 - INFO - Sampling read depths for each gene...
2024-07-20 22:56:59,421 - INFO - Read depths sampling complete.
2024-07-20 22:56:59,422 - INFO - Allocating UMIs based on sampled read depths...
2024-07-20 22:56:59,422 - INFO - Allocating UMIs for gene 0...
2024-07-20 22:56:59,785 - INFO - Allocating UMIs for gene 100...
2024-07-20 22:57:00,201 - INFO - Allocating UMIs for gene 200...
2024-07-20 22:57:00,475 - INFO - Allocating UMIs for gene 300...
2024-07-20 22:57:00,872 - INFO - Allocating UMIs for gene 400...
2024-07-20 22:57:01,201 - INFO - Allocating UMIs for gene 500...
2024-07-20 22:57:01,647 - INFO - Allocating UMIs for gene 600...
2024-07-20 22:57:02,069 - INFO - Allocating UMIs for gene 700...
2024-07-20 22:57:02,527 - INFO - Allocating UMIs for gene 800...
2024-07-20 22:57:03,050 - INFO - Allocating UMIs for gene 900...
2024-07-20 22:57:03,659 - INFO - Allocating UMIs for gene 1000...
2024-07-20 22:57:04,262 - INFO - Allocating UMIs for gene 1100...
2024-07-20 22:57:04,791 - INFO - Allocating UMIs for gene 1200...
2024-07-20 22:57:05,361 - INFO - Allocating UMIs for gene 1300...
2024-07-20 22:57:05,724 - INFO - Allocating UMIs for gene 1400...
2024-07-20 22:57:06,282 - INFO - Allocating UMIs for gene 1500...
2024-07-20 22:57:06,733 - INFO - Allocating UMIs for gene 1600...
2024-07-20 22:57:07,143 - INFO - Allocating UMIs for gene 1700...
2024-07-20 22:57:07,642 - INFO - Allocating UMIs for gene 1800...
2024-07-20 22:57:08,219 - INFO - Allocating UMIs for gene 1900...
2024-07-20 22:57:08,803 - INFO - Allocating UMIs for gene 2000...
2024-07-20 22:57:09,310 - INFO - Allocating UMIs for gene 2100...
2024-07-20 22:57:09,899 - INFO - Allocating UMIs for gene 2200...
2024-07-20 22:57:10,569 - INFO - Allocating UMIs for gene 2300...
2024-07-20 22:57:11,099 - INFO - Allocating UMIs for gene 2400...
2024-07-20 22:57:11,759 - INFO - Allocating UMIs for gene 2500...
2024-07-20 22:57:12,332 - INFO - Allocating UMIs for gene 2600...
2024-07-20 22:57:12,907 - INFO - Allocating UMIs for gene 2700...
2024-07-20 22:57:13,682 - INFO - Allocating UMIs for gene 2800...
2024-07-20 22:57:14,156 - INFO - Allocating UMIs for gene 2900...
2024-07-20 22:57:14,642 - INFO - Allocating UMIs for gene 3000...
2024-07-20 22:57:15,294 - INFO - Allocating UMIs for gene 3100...
2024-07-20 22:57:16,082 - INFO - Allocating UMIs for gene 3200...
2024-07-20 22:57:16,833 - INFO - Allocating UMIs for gene 3300...
2024-07-20 22:57:17,635 - INFO - Allocating UMIs for gene 3400...
2024-07-20 22:57:18,113 - INFO - Allocating UMIs for gene 3500...
2024-07-20 22:57:18,717 - INFO - Allocating UMIs for gene 3600...
2024-07-20 22:57:19,477 - INFO - Allocating UMIs for gene 3700...
2024-07-20 22:57:20,250 - INFO - Allocating UMIs for gene 3800...
2024-07-20 22:57:20,896 - INFO - Allocating UMIs for gene 3900...
2024-07-20 22:57:21,646 - INFO - UMI allocation complete.
2024-07-20 22:57:21,646 - INFO - Counting overall UMI occurrences...
2024-07-20 22:57:21,649 - INFO - Counting inter-gene collisions...
2024-07-20 22:57:21,665 - INFO - Total UMIs allocated: 24349
2024-07-20 22:57:21,665 - INFO - Number of unique UMIs assigned to genes: 24349
2024-07-20 22:57:21,665 - INFO - Inter-gene collisions: 0
2024-07-20 22:57:21,665 - INFO - Inter-gene collision rate: 0.00000
2024-07-20 22:57:21,665 - INFO - Writing gene UMI counts to file...
2024-07-20 22:57:21,672 - INFO - Writing UMI inter-gene collisions to file...
2024-07-20 22:57:21,675 - INFO - Simulation complete.
