2024-07-20 23:07:13,916 - INFO - Simulation Script Version: 0.0.2
2024-07-20 23:07:13,918 - INFO - Simulation Parameters:
2024-07-20 23:07:13,918 - INFO - Length of UMI: 10
2024-07-20 23:07:13,918 - INFO - Number of genes: 4000
2024-07-20 23:07:13,918 - INFO - Parameters file: None
2024-07-20 23:07:13,918 - INFO - Mean (mu): 6.0
2024-07-20 23:07:13,918 - INFO - Dispersion (theta): 6.0
2024-07-20 23:07:13,918 - INFO - Use Poisson distribution: False
2024-07-20 23:07:13,918 - INFO - Gene UMI counts file: gene_4000_umi16_counts_rep3.txt
2024-07-20 23:07:13,918 - INFO - UMI collisions file: umi16_4000_collisions_rep3.txt
2024-07-20 23:07:13,918 - INFO - Seed: None
2024-07-20 23:07:13,918 - INFO - Log file: umi16_4000_rep3.log
2024-07-20 23:07:13,918 - INFO - UMI file: /varidata/research/projects/shen/projects/2024_Bens_swan_song/src/umi_collisions/umi_16.txt
2024-07-20 23:07:13,918 - INFO - No seed specified. Generated random seed: 3081200002
2024-07-20 23:07:13,918 - INFO - Using UMIs from file: /varidata/research/projects/shen/projects/2024_Bens_swan_song/src/umi_collisions/umi_16.txt
2024-07-20 23:17:40,118 - INFO - Total UMIs loaded: 4294967296
2024-07-20 23:17:40,118 - INFO - Loading parameters...
2024-07-20 23:17:40,118 - INFO - Sampling read depths for each gene...
2024-07-20 23:17:40,272 - INFO - Read depths sampling complete.
2024-07-20 23:17:40,272 - INFO - Allocating UMIs based on sampled read depths...
2024-07-20 23:17:40,272 - INFO - Allocating UMIs for gene 0...
2024-07-20 23:17:40,298 - INFO - Allocating UMIs for gene 100...
2024-07-20 23:17:40,323 - INFO - Allocating UMIs for gene 200...
2024-07-20 23:17:40,348 - INFO - Allocating UMIs for gene 300...
2024-07-20 23:17:40,373 - INFO - Allocating UMIs for gene 400...
2024-07-20 23:17:40,399 - INFO - Allocating UMIs for gene 500...
2024-07-20 23:17:40,426 - INFO - Allocating UMIs for gene 600...
2024-07-20 23:17:40,450 - INFO - Allocating UMIs for gene 700...
2024-07-20 23:17:40,475 - INFO - Allocating UMIs for gene 800...
2024-07-20 23:17:40,502 - INFO - Allocating UMIs for gene 900...
2024-07-20 23:17:40,528 - INFO - Allocating UMIs for gene 1000...
2024-07-20 23:17:40,553 - INFO - Allocating UMIs for gene 1100...
2024-07-20 23:17:40,582 - INFO - Allocating UMIs for gene 1200...
2024-07-20 23:17:40,610 - INFO - Allocating UMIs for gene 1300...
2024-07-20 23:17:40,638 - INFO - Allocating UMIs for gene 1400...
2024-07-20 23:17:40,669 - INFO - Allocating UMIs for gene 1500...
2024-07-20 23:17:40,703 - INFO - Allocating UMIs for gene 1600...
2024-07-20 23:17:40,736 - INFO - Allocating UMIs for gene 1700...
2024-07-20 23:17:40,763 - INFO - Allocating UMIs for gene 1800...
2024-07-20 23:17:40,795 - INFO - Allocating UMIs for gene 1900...
2024-07-20 23:17:40,828 - INFO - Allocating UMIs for gene 2000...
2024-07-20 23:17:40,863 - INFO - Allocating UMIs for gene 2100...
2024-07-20 23:17:40,894 - INFO - Allocating UMIs for gene 2200...
2024-07-20 23:17:40,924 - INFO - Allocating UMIs for gene 2300...
2024-07-20 23:17:40,959 - INFO - Allocating UMIs for gene 2400...
2024-07-20 23:17:40,995 - INFO - Allocating UMIs for gene 2500...
2024-07-20 23:17:41,027 - INFO - Allocating UMIs for gene 2600...
2024-07-20 23:17:41,060 - INFO - Allocating UMIs for gene 2700...
2024-07-20 23:17:41,096 - INFO - Allocating UMIs for gene 2800...
2024-07-20 23:17:41,133 - INFO - Allocating UMIs for gene 2900...
2024-07-20 23:17:41,164 - INFO - Allocating UMIs for gene 3000...
2024-07-20 23:17:41,199 - INFO - Allocating UMIs for gene 3100...
2024-07-20 23:17:41,233 - INFO - Allocating UMIs for gene 3200...
2024-07-20 23:17:41,273 - INFO - Allocating UMIs for gene 3300...
2024-07-20 23:17:41,308 - INFO - Allocating UMIs for gene 3400...
2024-07-20 23:17:41,345 - INFO - Allocating UMIs for gene 3500...
2024-07-20 23:17:41,384 - INFO - Allocating UMIs for gene 3600...
2024-07-20 23:17:41,425 - INFO - Allocating UMIs for gene 3700...
2024-07-20 23:17:41,467 - INFO - Allocating UMIs for gene 3800...
2024-07-20 23:17:41,512 - INFO - Allocating UMIs for gene 3900...
2024-07-20 23:17:41,552 - INFO - UMI allocation complete.
2024-07-20 23:17:41,552 - INFO - Counting overall UMI occurrences...
2024-07-20 23:17:41,555 - INFO - Counting inter-gene collisions...
2024-07-20 23:17:41,571 - INFO - Total UMIs allocated: 24189
2024-07-20 23:17:41,571 - INFO - Number of unique UMIs assigned to genes: 24189
2024-07-20 23:17:41,571 - INFO - Inter-gene collisions: 0
2024-07-20 23:17:41,571 - INFO - Inter-gene collision rate: 0.00000
2024-07-20 23:17:41,571 - INFO - Writing gene UMI counts to file...
2024-07-20 23:17:41,593 - INFO - Writing UMI inter-gene collisions to file...
2024-07-20 23:17:41,596 - INFO - Simulation complete.
