2024-07-21 00:19:39,042 - INFO - Simulation Script Version: 0.0.2
2024-07-21 00:19:39,045 - INFO - Simulation Parameters:
2024-07-21 00:19:39,045 - INFO - Length of UMI: 10
2024-07-21 00:19:39,045 - INFO - Number of genes: 4000
2024-07-21 00:19:39,045 - INFO - Parameters file: None
2024-07-21 00:19:39,045 - INFO - Mean (mu): 6.0
2024-07-21 00:19:39,045 - INFO - Dispersion (theta): 6.0
2024-07-21 00:19:39,045 - INFO - Use Poisson distribution: False
2024-07-21 00:19:39,045 - INFO - Gene UMI counts file: gene_4000_umi16_counts_rep10.txt
2024-07-21 00:19:39,045 - INFO - UMI collisions file: umi16_4000_collisions_rep10.txt
2024-07-21 00:19:39,045 - INFO - Seed: None
2024-07-21 00:19:39,045 - INFO - Log file: umi16_4000_rep10.log
2024-07-21 00:19:39,045 - INFO - UMI file: /varidata/research/projects/shen/projects/2024_Bens_swan_song/src/umi_collisions/umi_16.txt
2024-07-21 00:19:39,045 - INFO - No seed specified. Generated random seed: 1993992402
2024-07-21 00:19:39,045 - INFO - Using UMIs from file: /varidata/research/projects/shen/projects/2024_Bens_swan_song/src/umi_collisions/umi_16.txt
2024-07-21 00:27:20,663 - INFO - Total UMIs loaded: 4294967296
2024-07-21 00:27:20,663 - INFO - Loading parameters...
2024-07-21 00:27:20,663 - INFO - Sampling read depths for each gene...
2024-07-21 00:27:20,811 - INFO - Read depths sampling complete.
2024-07-21 00:27:20,811 - INFO - Allocating UMIs based on sampled read depths...
2024-07-21 00:27:20,811 - INFO - Allocating UMIs for gene 0...
2024-07-21 00:27:21,099 - INFO - Allocating UMIs for gene 100...
2024-07-21 00:27:21,513 - INFO - Allocating UMIs for gene 200...
2024-07-21 00:27:21,778 - INFO - Allocating UMIs for gene 300...
2024-07-21 00:27:22,161 - INFO - Allocating UMIs for gene 400...
2024-07-21 00:27:22,586 - INFO - Allocating UMIs for gene 500...
2024-07-21 00:27:23,029 - INFO - Allocating UMIs for gene 600...
2024-07-21 00:27:23,437 - INFO - Allocating UMIs for gene 700...
2024-07-21 00:27:23,840 - INFO - Allocating UMIs for gene 800...
2024-07-21 00:27:24,147 - INFO - Allocating UMIs for gene 900...
2024-07-21 00:27:24,776 - INFO - Allocating UMIs for gene 1000...
2024-07-21 00:27:25,225 - INFO - Allocating UMIs for gene 1100...
2024-07-21 00:27:25,451 - INFO - Allocating UMIs for gene 1200...
2024-07-21 00:27:25,807 - INFO - Allocating UMIs for gene 1300...
2024-07-21 00:27:26,289 - INFO - Allocating UMIs for gene 1400...
2024-07-21 00:27:26,567 - INFO - Allocating UMIs for gene 1500...
2024-07-21 00:27:27,013 - INFO - Allocating UMIs for gene 1600...
2024-07-21 00:27:27,450 - INFO - Allocating UMIs for gene 1700...
2024-07-21 00:27:27,858 - INFO - Allocating UMIs for gene 1800...
2024-07-21 00:27:28,343 - INFO - Allocating UMIs for gene 1900...
2024-07-21 00:27:28,794 - INFO - Allocating UMIs for gene 2000...
2024-07-21 00:27:29,134 - INFO - Allocating UMIs for gene 2100...
2024-07-21 00:27:29,506 - INFO - Allocating UMIs for gene 2200...
2024-07-21 00:27:29,939 - INFO - Allocating UMIs for gene 2300...
2024-07-21 00:27:30,368 - INFO - Allocating UMIs for gene 2400...
2024-07-21 00:27:30,864 - INFO - Allocating UMIs for gene 2500...
2024-07-21 00:27:31,344 - INFO - Allocating UMIs for gene 2600...
2024-07-21 00:27:31,867 - INFO - Allocating UMIs for gene 2700...
2024-07-21 00:27:32,382 - INFO - Allocating UMIs for gene 2800...
2024-07-21 00:27:32,916 - INFO - Allocating UMIs for gene 2900...
2024-07-21 00:27:33,304 - INFO - Allocating UMIs for gene 3000...
2024-07-21 00:27:33,770 - INFO - Allocating UMIs for gene 3100...
2024-07-21 00:27:34,246 - INFO - Allocating UMIs for gene 3200...
2024-07-21 00:27:34,758 - INFO - Allocating UMIs for gene 3300...
2024-07-21 00:27:35,241 - INFO - Allocating UMIs for gene 3400...
2024-07-21 00:27:35,894 - INFO - Allocating UMIs for gene 3500...
2024-07-21 00:27:36,379 - INFO - Allocating UMIs for gene 3600...
2024-07-21 00:27:36,796 - INFO - Allocating UMIs for gene 3700...
2024-07-21 00:27:37,370 - INFO - Allocating UMIs for gene 3800...
2024-07-21 00:27:38,026 - INFO - Allocating UMIs for gene 3900...
2024-07-21 00:27:38,642 - INFO - UMI allocation complete.
2024-07-21 00:27:38,642 - INFO - Counting overall UMI occurrences...
2024-07-21 00:27:38,646 - INFO - Counting inter-gene collisions...
2024-07-21 00:27:38,661 - INFO - Total UMIs allocated: 24294
2024-07-21 00:27:38,661 - INFO - Number of unique UMIs assigned to genes: 24294
2024-07-21 00:27:38,661 - INFO - Inter-gene collisions: 0
2024-07-21 00:27:38,661 - INFO - Inter-gene collision rate: 0.00000
2024-07-21 00:27:38,661 - INFO - Writing gene UMI counts to file...
2024-07-21 00:27:38,677 - INFO - Writing UMI inter-gene collisions to file...
2024-07-21 00:27:38,690 - INFO - Simulation complete.
