2024-07-21 00:10:47,850 - INFO - Simulation Script Version: 0.0.2
2024-07-21 00:10:47,853 - INFO - Simulation Parameters:
2024-07-21 00:10:47,853 - INFO - Length of UMI: 10
2024-07-21 00:10:47,853 - INFO - Number of genes: 4000
2024-07-21 00:10:47,853 - INFO - Parameters file: None
2024-07-21 00:10:47,853 - INFO - Mean (mu): 6.0
2024-07-21 00:10:47,853 - INFO - Dispersion (theta): 6.0
2024-07-21 00:10:47,853 - INFO - Use Poisson distribution: False
2024-07-21 00:10:47,853 - INFO - Gene UMI counts file: gene_4000_umi16_counts_rep9.txt
2024-07-21 00:10:47,853 - INFO - UMI collisions file: umi16_4000_collisions_rep9.txt
2024-07-21 00:10:47,853 - INFO - Seed: None
2024-07-21 00:10:47,853 - INFO - Log file: umi16_4000_rep9.log
2024-07-21 00:10:47,853 - INFO - UMI file: /varidata/research/projects/shen/projects/2024_Bens_swan_song/src/umi_collisions/umi_16.txt
2024-07-21 00:10:47,853 - INFO - No seed specified. Generated random seed: 829410716
2024-07-21 00:10:47,853 - INFO - Using UMIs from file: /varidata/research/projects/shen/projects/2024_Bens_swan_song/src/umi_collisions/umi_16.txt
2024-07-21 00:19:05,118 - INFO - Total UMIs loaded: 4294967296
2024-07-21 00:19:05,118 - INFO - Loading parameters...
2024-07-21 00:19:05,119 - INFO - Sampling read depths for each gene...
2024-07-21 00:19:05,271 - INFO - Read depths sampling complete.
2024-07-21 00:19:05,271 - INFO - Allocating UMIs based on sampled read depths...
2024-07-21 00:19:05,271 - INFO - Allocating UMIs for gene 0...
2024-07-21 00:19:06,065 - INFO - Allocating UMIs for gene 100...
2024-07-21 00:19:06,689 - INFO - Allocating UMIs for gene 200...
2024-07-21 00:19:07,418 - INFO - Allocating UMIs for gene 300...
2024-07-21 00:19:08,108 - INFO - Allocating UMIs for gene 400...
2024-07-21 00:19:08,880 - INFO - Allocating UMIs for gene 500...
2024-07-21 00:19:10,025 - INFO - Allocating UMIs for gene 600...
2024-07-21 00:19:10,908 - INFO - Allocating UMIs for gene 700...
2024-07-21 00:19:11,683 - INFO - Allocating UMIs for gene 800...
2024-07-21 00:19:12,494 - INFO - Allocating UMIs for gene 900...
2024-07-21 00:19:13,224 - INFO - Allocating UMIs for gene 1000...
2024-07-21 00:19:14,135 - INFO - Allocating UMIs for gene 1100...
2024-07-21 00:19:15,155 - INFO - Allocating UMIs for gene 1200...
2024-07-21 00:19:15,951 - INFO - Allocating UMIs for gene 1300...
2024-07-21 00:19:16,814 - INFO - Allocating UMIs for gene 1400...
2024-07-21 00:19:17,760 - INFO - Allocating UMIs for gene 1500...
2024-07-21 00:19:18,557 - INFO - Allocating UMIs for gene 1600...
2024-07-21 00:19:19,319 - INFO - Allocating UMIs for gene 1700...
2024-07-21 00:19:20,089 - INFO - Allocating UMIs for gene 1800...
2024-07-21 00:19:20,742 - INFO - Allocating UMIs for gene 1900...
2024-07-21 00:19:21,507 - INFO - Allocating UMIs for gene 2000...
2024-07-21 00:19:22,515 - INFO - Allocating UMIs for gene 2100...
2024-07-21 00:19:23,332 - INFO - Allocating UMIs for gene 2200...
2024-07-21 00:19:24,037 - INFO - Allocating UMIs for gene 2300...
2024-07-21 00:19:24,542 - INFO - Allocating UMIs for gene 2400...
2024-07-21 00:19:25,359 - INFO - Allocating UMIs for gene 2500...
2024-07-21 00:19:26,100 - INFO - Allocating UMIs for gene 2600...
2024-07-21 00:19:26,902 - INFO - Allocating UMIs for gene 2700...
2024-07-21 00:19:27,772 - INFO - Allocating UMIs for gene 2800...
2024-07-21 00:19:28,444 - INFO - Allocating UMIs for gene 2900...
2024-07-21 00:19:29,208 - INFO - Allocating UMIs for gene 3000...
2024-07-21 00:19:29,967 - INFO - Allocating UMIs for gene 3100...
2024-07-21 00:19:31,179 - INFO - Allocating UMIs for gene 3200...
2024-07-21 00:19:31,977 - INFO - Allocating UMIs for gene 3300...
2024-07-21 00:19:32,826 - INFO - Allocating UMIs for gene 3400...
2024-07-21 00:19:33,910 - INFO - Allocating UMIs for gene 3500...
2024-07-21 00:19:34,654 - INFO - Allocating UMIs for gene 3600...
2024-07-21 00:19:35,626 - INFO - Allocating UMIs for gene 3700...
2024-07-21 00:19:36,412 - INFO - Allocating UMIs for gene 3800...
2024-07-21 00:19:36,965 - INFO - Allocating UMIs for gene 3900...
2024-07-21 00:19:37,772 - INFO - UMI allocation complete.
2024-07-21 00:19:37,772 - INFO - Counting overall UMI occurrences...
2024-07-21 00:19:37,777 - INFO - Counting inter-gene collisions...
2024-07-21 00:19:37,793 - INFO - Total UMIs allocated: 24172
2024-07-21 00:19:37,793 - INFO - Number of unique UMIs assigned to genes: 24172
2024-07-21 00:19:37,793 - INFO - Inter-gene collisions: 0
2024-07-21 00:19:37,793 - INFO - Inter-gene collision rate: 0.00000
2024-07-21 00:19:37,793 - INFO - Writing gene UMI counts to file...
2024-07-21 00:19:37,869 - INFO - Writing UMI inter-gene collisions to file...
2024-07-21 00:19:37,873 - INFO - Simulation complete.
