2024-07-20 23:39:57,623 - INFO - Simulation Script Version: 0.0.2
2024-07-20 23:39:57,626 - INFO - Simulation Parameters:
2024-07-20 23:39:57,626 - INFO - Length of UMI: 10
2024-07-20 23:39:57,626 - INFO - Number of genes: 4000
2024-07-20 23:39:57,626 - INFO - Parameters file: None
2024-07-20 23:39:57,626 - INFO - Mean (mu): 6.0
2024-07-20 23:39:57,626 - INFO - Dispersion (theta): 6.0
2024-07-20 23:39:57,626 - INFO - Use Poisson distribution: False
2024-07-20 23:39:57,626 - INFO - Gene UMI counts file: gene_4000_umi16_counts_rep6.txt
2024-07-20 23:39:57,626 - INFO - UMI collisions file: umi16_4000_collisions_rep6.txt
2024-07-20 23:39:57,626 - INFO - Seed: None
2024-07-20 23:39:57,626 - INFO - Log file: umi16_4000_rep6.log
2024-07-20 23:39:57,626 - INFO - UMI file: /varidata/research/projects/shen/projects/2024_Bens_swan_song/src/umi_collisions/umi_16.txt
2024-07-20 23:39:57,626 - INFO - No seed specified. Generated random seed: 4202781741
2024-07-20 23:39:57,626 - INFO - Using UMIs from file: /varidata/research/projects/shen/projects/2024_Bens_swan_song/src/umi_collisions/umi_16.txt
2024-07-20 23:50:34,232 - INFO - Total UMIs loaded: 4294967296
2024-07-20 23:50:34,232 - INFO - Loading parameters...
2024-07-20 23:50:34,233 - INFO - Sampling read depths for each gene...
2024-07-20 23:50:34,386 - INFO - Read depths sampling complete.
2024-07-20 23:50:34,386 - INFO - Allocating UMIs based on sampled read depths...
2024-07-20 23:50:34,386 - INFO - Allocating UMIs for gene 0...
2024-07-20 23:50:34,916 - INFO - Allocating UMIs for gene 100...
2024-07-20 23:50:35,551 - INFO - Allocating UMIs for gene 200...
2024-07-20 23:50:36,162 - INFO - Allocating UMIs for gene 300...
2024-07-20 23:50:36,811 - INFO - Allocating UMIs for gene 400...
2024-07-20 23:50:37,444 - INFO - Allocating UMIs for gene 500...
2024-07-20 23:50:37,828 - INFO - Allocating UMIs for gene 600...
2024-07-20 23:50:38,424 - INFO - Allocating UMIs for gene 700...
2024-07-20 23:50:39,124 - INFO - Allocating UMIs for gene 800...
2024-07-20 23:50:39,966 - INFO - Allocating UMIs for gene 900...
2024-07-20 23:50:40,907 - INFO - Allocating UMIs for gene 1000...
2024-07-20 23:50:41,593 - INFO - Allocating UMIs for gene 1100...
2024-07-20 23:50:42,457 - INFO - Allocating UMIs for gene 1200...
2024-07-20 23:50:43,160 - INFO - Allocating UMIs for gene 1300...
2024-07-20 23:50:43,852 - INFO - Allocating UMIs for gene 1400...
2024-07-20 23:50:44,373 - INFO - Allocating UMIs for gene 1500...
2024-07-20 23:50:45,294 - INFO - Allocating UMIs for gene 1600...
2024-07-20 23:50:46,271 - INFO - Allocating UMIs for gene 1700...
2024-07-20 23:50:47,160 - INFO - Allocating UMIs for gene 1800...
2024-07-20 23:50:47,814 - INFO - Allocating UMIs for gene 1900...
2024-07-20 23:50:48,566 - INFO - Allocating UMIs for gene 2000...
2024-07-20 23:50:49,615 - INFO - Allocating UMIs for gene 2100...
2024-07-20 23:50:50,473 - INFO - Allocating UMIs for gene 2200...
2024-07-20 23:50:51,289 - INFO - Allocating UMIs for gene 2300...
2024-07-20 23:50:52,177 - INFO - Allocating UMIs for gene 2400...
2024-07-20 23:50:53,124 - INFO - Allocating UMIs for gene 2500...
2024-07-20 23:50:53,713 - INFO - Allocating UMIs for gene 2600...
2024-07-20 23:50:54,616 - INFO - Allocating UMIs for gene 2700...
2024-07-20 23:50:55,720 - INFO - Allocating UMIs for gene 2800...
2024-07-20 23:50:56,777 - INFO - Allocating UMIs for gene 2900...
2024-07-20 23:50:57,502 - INFO - Allocating UMIs for gene 3000...
2024-07-20 23:50:58,295 - INFO - Allocating UMIs for gene 3100...
2024-07-20 23:50:59,120 - INFO - Allocating UMIs for gene 3200...
2024-07-20 23:51:00,230 - INFO - Allocating UMIs for gene 3300...
2024-07-20 23:51:01,157 - INFO - Allocating UMIs for gene 3400...
2024-07-20 23:51:02,212 - INFO - Allocating UMIs for gene 3500...
2024-07-20 23:51:03,044 - INFO - Allocating UMIs for gene 3600...
2024-07-20 23:51:04,077 - INFO - Allocating UMIs for gene 3700...
2024-07-20 23:51:04,962 - INFO - Allocating UMIs for gene 3800...
2024-07-20 23:51:05,823 - INFO - Allocating UMIs for gene 3900...
2024-07-20 23:51:07,094 - INFO - UMI allocation complete.
2024-07-20 23:51:07,094 - INFO - Counting overall UMI occurrences...
2024-07-20 23:51:07,098 - INFO - Counting inter-gene collisions...
2024-07-20 23:51:07,114 - INFO - Total UMIs allocated: 23914
2024-07-20 23:51:07,114 - INFO - Number of unique UMIs assigned to genes: 23914
2024-07-20 23:51:07,114 - INFO - Inter-gene collisions: 0
2024-07-20 23:51:07,114 - INFO - Inter-gene collision rate: 0.00000
2024-07-20 23:51:07,114 - INFO - Writing gene UMI counts to file...
2024-07-20 23:51:07,140 - INFO - Writing UMI inter-gene collisions to file...
2024-07-20 23:51:07,165 - INFO - Simulation complete.
