2024-07-20 22:57:22,822 - INFO - Simulation Script Version: 0.0.2
2024-07-20 22:57:22,824 - INFO - Simulation Parameters:
2024-07-20 22:57:22,824 - INFO - Length of UMI: 10
2024-07-20 22:57:22,824 - INFO - Number of genes: 4000
2024-07-20 22:57:22,824 - INFO - Parameters file: None
2024-07-20 22:57:22,824 - INFO - Mean (mu): 6.0
2024-07-20 22:57:22,824 - INFO - Dispersion (theta): 6.0
2024-07-20 22:57:22,824 - INFO - Use Poisson distribution: False
2024-07-20 22:57:22,825 - INFO - Gene UMI counts file: gene_4000_umi16_counts_rep2.txt
2024-07-20 22:57:22,825 - INFO - UMI collisions file: umi16_4000_collisions_rep2.txt
2024-07-20 22:57:22,825 - INFO - Seed: None
2024-07-20 22:57:22,825 - INFO - Log file: umi16_4000_rep2.log
2024-07-20 22:57:22,825 - INFO - UMI file: /varidata/research/projects/shen/projects/2024_Bens_swan_song/src/umi_collisions/umi_16.txt
2024-07-20 22:57:22,825 - INFO - No seed specified. Generated random seed: 508667699
2024-07-20 22:57:22,825 - INFO - Using UMIs from file: /varidata/research/projects/shen/projects/2024_Bens_swan_song/src/umi_collisions/umi_16.txt
2024-07-20 23:07:10,826 - INFO - Total UMIs loaded: 4294967296
2024-07-20 23:07:10,826 - INFO - Loading parameters...
2024-07-20 23:07:10,826 - INFO - Sampling read depths for each gene...
2024-07-20 23:07:10,976 - INFO - Read depths sampling complete.
2024-07-20 23:07:10,976 - INFO - Allocating UMIs based on sampled read depths...
2024-07-20 23:07:10,976 - INFO - Allocating UMIs for gene 0...
2024-07-20 23:07:11,016 - INFO - Allocating UMIs for gene 100...
2024-07-20 23:07:11,053 - INFO - Allocating UMIs for gene 200...
2024-07-20 23:07:11,092 - INFO - Allocating UMIs for gene 300...
2024-07-20 23:07:11,121 - INFO - Allocating UMIs for gene 400...
2024-07-20 23:07:11,163 - INFO - Allocating UMIs for gene 500...
2024-07-20 23:07:11,200 - INFO - Allocating UMIs for gene 600...
2024-07-20 23:07:11,242 - INFO - Allocating UMIs for gene 700...
2024-07-20 23:07:11,280 - INFO - Allocating UMIs for gene 800...
2024-07-20 23:07:11,325 - INFO - Allocating UMIs for gene 900...
2024-07-20 23:07:11,369 - INFO - Allocating UMIs for gene 1000...
2024-07-20 23:07:11,410 - INFO - Allocating UMIs for gene 1100...
2024-07-20 23:07:11,455 - INFO - Allocating UMIs for gene 1200...
2024-07-20 23:07:11,495 - INFO - Allocating UMIs for gene 1300...
2024-07-20 23:07:11,534 - INFO - Allocating UMIs for gene 1400...
2024-07-20 23:07:11,582 - INFO - Allocating UMIs for gene 1500...
2024-07-20 23:07:11,628 - INFO - Allocating UMIs for gene 1600...
2024-07-20 23:07:11,668 - INFO - Allocating UMIs for gene 1700...
2024-07-20 23:07:11,713 - INFO - Allocating UMIs for gene 1800...
2024-07-20 23:07:11,752 - INFO - Allocating UMIs for gene 1900...
2024-07-20 23:07:11,801 - INFO - Allocating UMIs for gene 2000...
2024-07-20 23:07:11,841 - INFO - Allocating UMIs for gene 2100...
2024-07-20 23:07:11,889 - INFO - Allocating UMIs for gene 2200...
2024-07-20 23:07:11,926 - INFO - Allocating UMIs for gene 2300...
2024-07-20 23:07:11,966 - INFO - Allocating UMIs for gene 2400...
2024-07-20 23:07:12,011 - INFO - Allocating UMIs for gene 2500...
2024-07-20 23:07:12,064 - INFO - Allocating UMIs for gene 2600...
2024-07-20 23:07:12,107 - INFO - Allocating UMIs for gene 2700...
2024-07-20 23:07:12,157 - INFO - Allocating UMIs for gene 2800...
2024-07-20 23:07:12,209 - INFO - Allocating UMIs for gene 2900...
2024-07-20 23:07:12,258 - INFO - Allocating UMIs for gene 3000...
2024-07-20 23:07:12,311 - INFO - Allocating UMIs for gene 3100...
2024-07-20 23:07:12,362 - INFO - Allocating UMIs for gene 3200...
2024-07-20 23:07:12,410 - INFO - Allocating UMIs for gene 3300...
2024-07-20 23:07:12,450 - INFO - Allocating UMIs for gene 3400...
2024-07-20 23:07:12,506 - INFO - Allocating UMIs for gene 3500...
2024-07-20 23:07:12,558 - INFO - Allocating UMIs for gene 3600...
2024-07-20 23:07:12,612 - INFO - Allocating UMIs for gene 3700...
2024-07-20 23:07:12,657 - INFO - Allocating UMIs for gene 3800...
2024-07-20 23:07:12,710 - INFO - Allocating UMIs for gene 3900...
2024-07-20 23:07:12,781 - INFO - UMI allocation complete.
2024-07-20 23:07:12,781 - INFO - Counting overall UMI occurrences...
2024-07-20 23:07:12,785 - INFO - Counting inter-gene collisions...
2024-07-20 23:07:12,801 - INFO - Total UMIs allocated: 23882
2024-07-20 23:07:12,801 - INFO - Number of unique UMIs assigned to genes: 23882
2024-07-20 23:07:12,801 - INFO - Inter-gene collisions: 0
2024-07-20 23:07:12,801 - INFO - Inter-gene collision rate: 0.00000
2024-07-20 23:07:12,801 - INFO - Writing gene UMI counts to file...
2024-07-20 23:07:12,833 - INFO - Writing UMI inter-gene collisions to file...
2024-07-20 23:07:12,837 - INFO - Simulation complete.
