2024-07-20 23:51:08,440 - INFO - Simulation Script Version: 0.0.2
2024-07-20 23:51:08,444 - INFO - Simulation Parameters:
2024-07-20 23:51:08,444 - INFO - Length of UMI: 10
2024-07-20 23:51:08,444 - INFO - Number of genes: 4000
2024-07-20 23:51:08,444 - INFO - Parameters file: None
2024-07-20 23:51:08,444 - INFO - Mean (mu): 6.0
2024-07-20 23:51:08,444 - INFO - Dispersion (theta): 6.0
2024-07-20 23:51:08,444 - INFO - Use Poisson distribution: False
2024-07-20 23:51:08,444 - INFO - Gene UMI counts file: gene_4000_umi16_counts_rep7.txt
2024-07-20 23:51:08,444 - INFO - UMI collisions file: umi16_4000_collisions_rep7.txt
2024-07-20 23:51:08,444 - INFO - Seed: None
2024-07-20 23:51:08,445 - INFO - Log file: umi16_4000_rep7.log
2024-07-20 23:51:08,445 - INFO - UMI file: /varidata/research/projects/shen/projects/2024_Bens_swan_song/src/umi_collisions/umi_16.txt
2024-07-20 23:51:08,445 - INFO - No seed specified. Generated random seed: 950302736
2024-07-20 23:51:08,445 - INFO - Using UMIs from file: /varidata/research/projects/shen/projects/2024_Bens_swan_song/src/umi_collisions/umi_16.txt
2024-07-21 00:00:59,116 - INFO - Total UMIs loaded: 4294967296
2024-07-21 00:00:59,116 - INFO - Loading parameters...
2024-07-21 00:00:59,116 - INFO - Sampling read depths for each gene...
2024-07-21 00:00:59,270 - INFO - Read depths sampling complete.
2024-07-21 00:00:59,271 - INFO - Allocating UMIs based on sampled read depths...
2024-07-21 00:00:59,271 - INFO - Allocating UMIs for gene 0...
2024-07-21 00:00:59,775 - INFO - Allocating UMIs for gene 100...
2024-07-21 00:01:00,365 - INFO - Allocating UMIs for gene 200...
2024-07-21 00:01:01,066 - INFO - Allocating UMIs for gene 300...
2024-07-21 00:01:01,693 - INFO - Allocating UMIs for gene 400...
2024-07-21 00:01:02,222 - INFO - Allocating UMIs for gene 500...
2024-07-21 00:01:02,808 - INFO - Allocating UMIs for gene 600...
2024-07-21 00:01:03,373 - INFO - Allocating UMIs for gene 700...
2024-07-21 00:01:03,967 - INFO - Allocating UMIs for gene 800...
2024-07-21 00:01:04,603 - INFO - Allocating UMIs for gene 900...
2024-07-21 00:01:05,192 - INFO - Allocating UMIs for gene 1000...
2024-07-21 00:01:05,967 - INFO - Allocating UMIs for gene 1100...
2024-07-21 00:01:06,570 - INFO - Allocating UMIs for gene 1200...
2024-07-21 00:01:07,295 - INFO - Allocating UMIs for gene 1300...
2024-07-21 00:01:07,987 - INFO - Allocating UMIs for gene 1400...
2024-07-21 00:01:08,991 - INFO - Allocating UMIs for gene 1500...
2024-07-21 00:01:10,028 - INFO - Allocating UMIs for gene 1600...
2024-07-21 00:01:10,663 - INFO - Allocating UMIs for gene 1700...
2024-07-21 00:01:11,695 - INFO - Allocating UMIs for gene 1800...
2024-07-21 00:01:12,479 - INFO - Allocating UMIs for gene 1900...
2024-07-21 00:01:13,278 - INFO - Allocating UMIs for gene 2000...
2024-07-21 00:01:14,435 - INFO - Allocating UMIs for gene 2100...
2024-07-21 00:01:15,086 - INFO - Allocating UMIs for gene 2200...
2024-07-21 00:01:15,955 - INFO - Allocating UMIs for gene 2300...
2024-07-21 00:01:16,709 - INFO - Allocating UMIs for gene 2400...
2024-07-21 00:01:17,471 - INFO - Allocating UMIs for gene 2500...
2024-07-21 00:01:18,421 - INFO - Allocating UMIs for gene 2600...
2024-07-21 00:01:19,163 - INFO - Allocating UMIs for gene 2700...
2024-07-21 00:01:20,253 - INFO - Allocating UMIs for gene 2800...
2024-07-21 00:01:21,119 - INFO - Allocating UMIs for gene 2900...
2024-07-21 00:01:21,795 - INFO - Allocating UMIs for gene 3000...
2024-07-21 00:01:22,498 - INFO - Allocating UMIs for gene 3100...
2024-07-21 00:01:23,449 - INFO - Allocating UMIs for gene 3200...
2024-07-21 00:01:24,365 - INFO - Allocating UMIs for gene 3300...
2024-07-21 00:01:25,266 - INFO - Allocating UMIs for gene 3400...
2024-07-21 00:01:26,053 - INFO - Allocating UMIs for gene 3500...
2024-07-21 00:01:26,935 - INFO - Allocating UMIs for gene 3600...
2024-07-21 00:01:28,238 - INFO - Allocating UMIs for gene 3700...
2024-07-21 00:01:29,009 - INFO - Allocating UMIs for gene 3800...
2024-07-21 00:01:29,991 - INFO - Allocating UMIs for gene 3900...
2024-07-21 00:01:30,997 - INFO - UMI allocation complete.
2024-07-21 00:01:30,997 - INFO - Counting overall UMI occurrences...
2024-07-21 00:01:31,000 - INFO - Counting inter-gene collisions...
2024-07-21 00:01:31,016 - INFO - Total UMIs allocated: 24122
2024-07-21 00:01:31,016 - INFO - Number of unique UMIs assigned to genes: 24122
2024-07-21 00:01:31,016 - INFO - Inter-gene collisions: 0
2024-07-21 00:01:31,016 - INFO - Inter-gene collision rate: 0.00000
2024-07-21 00:01:31,016 - INFO - Writing gene UMI counts to file...
2024-07-21 00:01:31,038 - INFO - Writing UMI inter-gene collisions to file...
2024-07-21 00:01:31,041 - INFO - Simulation complete.
