2024-07-20 22:52:47,178 - INFO - Simulation Script Version: 0.0.1
2024-07-20 22:52:47,178 - INFO - Simulation Parameters:
2024-07-20 22:52:47,178 - INFO - Length of UMI: 8
2024-07-20 22:52:47,178 - INFO - Number of genes: 2000
2024-07-20 22:52:47,178 - INFO - Parameters file: None
2024-07-20 22:52:47,178 - INFO - Mean (mu): 6.0
2024-07-20 22:52:47,178 - INFO - Dispersion (theta): 6.0
2024-07-20 22:52:47,178 - INFO - Use Poisson distribution: False
2024-07-20 22:52:47,178 - INFO - Gene UMI counts file: gene_2000_umi8_counts_rep9.txt
2024-07-20 22:52:47,178 - INFO - UMI collisions file: umi8_2000_collisions_rep9.txt
2024-07-20 22:52:47,178 - INFO - Seed: None
2024-07-20 22:52:47,178 - INFO - Log file: umi8_2000_rep9.log
2024-07-20 22:52:47,178 - INFO - No seed specified. Generated random seed: 2061935654
2024-07-20 22:52:47,178 - INFO - Generating all possible UMIs...
2024-07-20 22:52:47,189 - INFO - Total possible UMIs generated: 65536
2024-07-20 22:52:47,189 - INFO - Loading parameters...
2024-07-20 22:52:47,189 - INFO - Sampling read depths for each gene...
2024-07-20 22:52:47,269 - INFO - Read depths sampling complete.
2024-07-20 22:52:47,269 - INFO - Allocating UMIs based on sampled read depths...
2024-07-20 22:52:47,269 - INFO - Allocating UMIs for gene 0...
2024-07-20 22:52:48,055 - INFO - Allocating UMIs for gene 100...
2024-07-20 22:52:48,855 - INFO - Allocating UMIs for gene 200...
2024-07-20 22:52:49,640 - INFO - Allocating UMIs for gene 300...
2024-07-20 22:52:50,430 - INFO - Allocating UMIs for gene 400...
2024-07-20 22:52:51,204 - INFO - Allocating UMIs for gene 500...
2024-07-20 22:52:51,978 - INFO - Allocating UMIs for gene 600...
2024-07-20 22:52:52,761 - INFO - Allocating UMIs for gene 700...
2024-07-20 22:52:53,536 - INFO - Allocating UMIs for gene 800...
2024-07-20 22:52:54,325 - INFO - Allocating UMIs for gene 900...
2024-07-20 22:52:55,100 - INFO - Allocating UMIs for gene 1000...
2024-07-20 22:52:55,892 - INFO - Allocating UMIs for gene 1100...
2024-07-20 22:52:56,675 - INFO - Allocating UMIs for gene 1200...
2024-07-20 22:52:57,464 - INFO - Allocating UMIs for gene 1300...
2024-07-20 22:52:58,267 - INFO - Allocating UMIs for gene 1400...
2024-07-20 22:52:59,042 - INFO - Allocating UMIs for gene 1500...
2024-07-20 22:53:00,085 - INFO - Allocating UMIs for gene 1600...
2024-07-20 22:53:00,856 - INFO - Allocating UMIs for gene 1700...
2024-07-20 22:53:01,632 - INFO - Allocating UMIs for gene 1800...
2024-07-20 22:53:02,418 - INFO - Allocating UMIs for gene 1900...
2024-07-20 22:53:03,192 - INFO - UMI allocation complete.
2024-07-20 22:53:03,192 - INFO - Counting overall UMI occurrences...
2024-07-20 22:53:03,195 - INFO - Counting inter-gene collisions...
2024-07-20 22:53:03,203 - INFO - Total UMIs generated: 65536
2024-07-20 22:53:03,203 - INFO - Total UMIs allocated: 12221
2024-07-20 22:53:03,203 - INFO - Number of unique UMIs assigned to genes: 11149
2024-07-20 22:53:03,204 - INFO - Inter-gene collisions: 1072
2024-07-20 22:53:03,204 - INFO - Inter-gene collision rate: 0.08772
2024-07-20 22:53:03,204 - INFO - Writing gene UMI counts to file...
2024-07-20 22:53:03,207 - INFO - Writing UMI inter-gene collisions to file...
2024-07-20 22:53:03,210 - INFO - Simulation complete.
