2024-07-20 22:50:26,603 - INFO - Simulation Script Version: 0.0.1
2024-07-20 22:50:26,603 - INFO - Simulation Parameters:
2024-07-20 22:50:26,603 - INFO - Length of UMI: 8
2024-07-20 22:50:26,603 - INFO - Number of genes: 2000
2024-07-20 22:50:26,603 - INFO - Parameters file: None
2024-07-20 22:50:26,603 - INFO - Mean (mu): 6.0
2024-07-20 22:50:26,603 - INFO - Dispersion (theta): 6.0
2024-07-20 22:50:26,603 - INFO - Use Poisson distribution: False
2024-07-20 22:50:26,603 - INFO - Gene UMI counts file: gene_2000_umi8_counts_rep1.txt
2024-07-20 22:50:26,603 - INFO - UMI collisions file: umi8_2000_collisions.txt
2024-07-20 22:50:26,603 - INFO - Seed: None
2024-07-20 22:50:26,603 - INFO - Log file: umi8_2000_rep1.log
2024-07-20 22:50:26,603 - INFO - No seed specified. Generated random seed: 3250372326
2024-07-20 22:50:26,603 - INFO - Generating all possible UMIs...
2024-07-20 22:50:26,613 - INFO - Total possible UMIs generated: 65536
2024-07-20 22:50:26,613 - INFO - Loading parameters...
2024-07-20 22:50:26,613 - INFO - Sampling read depths for each gene...
2024-07-20 22:50:26,690 - INFO - Read depths sampling complete.
2024-07-20 22:50:26,690 - INFO - Allocating UMIs based on sampled read depths...
2024-07-20 22:50:26,690 - INFO - Allocating UMIs for gene 0...
2024-07-20 22:50:27,479 - INFO - Allocating UMIs for gene 100...
2024-07-20 22:50:28,323 - INFO - Allocating UMIs for gene 200...
2024-07-20 22:50:29,557 - INFO - Allocating UMIs for gene 300...
2024-07-20 22:50:30,320 - INFO - Allocating UMIs for gene 400...
2024-07-20 22:50:31,092 - INFO - Allocating UMIs for gene 500...
2024-07-20 22:50:32,220 - INFO - Allocating UMIs for gene 600...
2024-07-20 22:50:33,159 - INFO - Allocating UMIs for gene 700...
2024-07-20 22:50:33,929 - INFO - Allocating UMIs for gene 800...
2024-07-20 22:50:34,785 - INFO - Allocating UMIs for gene 900...
2024-07-20 22:50:35,630 - INFO - Allocating UMIs for gene 1000...
2024-07-20 22:50:36,414 - INFO - Allocating UMIs for gene 1100...
2024-07-20 22:50:37,181 - INFO - Allocating UMIs for gene 1200...
2024-07-20 22:50:37,948 - INFO - Allocating UMIs for gene 1300...
2024-07-20 22:50:38,737 - INFO - Allocating UMIs for gene 1400...
2024-07-20 22:50:39,504 - INFO - Allocating UMIs for gene 1500...
2024-07-20 22:50:40,288 - INFO - Allocating UMIs for gene 1600...
2024-07-20 22:50:41,068 - INFO - Allocating UMIs for gene 1700...
2024-07-20 22:50:41,929 - INFO - Allocating UMIs for gene 1800...
2024-07-20 22:50:42,794 - INFO - Allocating UMIs for gene 1900...
2024-07-20 22:50:43,574 - INFO - UMI allocation complete.
2024-07-20 22:50:43,574 - INFO - Counting overall UMI occurrences...
2024-07-20 22:50:43,577 - INFO - Counting inter-gene collisions...
2024-07-20 22:50:43,585 - INFO - Total UMIs generated: 65536
2024-07-20 22:50:43,585 - INFO - Total UMIs allocated: 12316
2024-07-20 22:50:43,585 - INFO - Number of unique UMIs assigned to genes: 11276
2024-07-20 22:50:43,585 - INFO - Inter-gene collisions: 1040
2024-07-20 22:50:43,585 - INFO - Inter-gene collision rate: 0.08444
2024-07-20 22:50:43,585 - INFO - Writing gene UMI counts to file...
2024-07-20 22:50:43,589 - INFO - Writing UMI inter-gene collisions to file...
2024-07-20 22:50:43,591 - INFO - Simulation complete.
