2024-07-20 22:51:01,344 - INFO - Simulation Script Version: 0.0.1
2024-07-20 22:51:01,344 - INFO - Simulation Parameters:
2024-07-20 22:51:01,344 - INFO - Length of UMI: 8
2024-07-20 22:51:01,344 - INFO - Number of genes: 2000
2024-07-20 22:51:01,344 - INFO - Parameters file: None
2024-07-20 22:51:01,345 - INFO - Mean (mu): 6.0
2024-07-20 22:51:01,345 - INFO - Dispersion (theta): 6.0
2024-07-20 22:51:01,345 - INFO - Use Poisson distribution: False
2024-07-20 22:51:01,345 - INFO - Gene UMI counts file: gene_2000_umi8_counts_rep3.txt
2024-07-20 22:51:01,345 - INFO - UMI collisions file: umi8_2000_collisions_rep3.txt
2024-07-20 22:51:01,345 - INFO - Seed: None
2024-07-20 22:51:01,345 - INFO - Log file: umi8_2000_rep3.log
2024-07-20 22:51:01,345 - INFO - No seed specified. Generated random seed: 3948545775
2024-07-20 22:51:01,345 - INFO - Generating all possible UMIs...
2024-07-20 22:51:01,372 - INFO - Total possible UMIs generated: 65536
2024-07-20 22:51:01,372 - INFO - Loading parameters...
2024-07-20 22:51:01,373 - INFO - Sampling read depths for each gene...
2024-07-20 22:51:01,539 - INFO - Read depths sampling complete.
2024-07-20 22:51:01,539 - INFO - Allocating UMIs based on sampled read depths...
2024-07-20 22:51:01,539 - INFO - Allocating UMIs for gene 0...
2024-07-20 22:51:02,274 - INFO - Allocating UMIs for gene 100...
2024-07-20 22:51:03,141 - INFO - Allocating UMIs for gene 200...
2024-07-20 22:51:04,294 - INFO - Allocating UMIs for gene 300...
2024-07-20 22:51:05,457 - INFO - Allocating UMIs for gene 400...
2024-07-20 22:51:06,283 - INFO - Allocating UMIs for gene 500...
2024-07-20 22:51:07,148 - INFO - Allocating UMIs for gene 600...
2024-07-20 22:51:08,023 - INFO - Allocating UMIs for gene 700...
2024-07-20 22:51:08,817 - INFO - Allocating UMIs for gene 800...
2024-07-20 22:51:09,613 - INFO - Allocating UMIs for gene 900...
2024-07-20 22:51:10,402 - INFO - Allocating UMIs for gene 1000...
2024-07-20 22:51:11,188 - INFO - Allocating UMIs for gene 1100...
2024-07-20 22:51:11,986 - INFO - Allocating UMIs for gene 1200...
2024-07-20 22:51:12,768 - INFO - Allocating UMIs for gene 1300...
2024-07-20 22:51:13,607 - INFO - Allocating UMIs for gene 1400...
2024-07-20 22:51:14,395 - INFO - Allocating UMIs for gene 1500...
2024-07-20 22:51:15,180 - INFO - Allocating UMIs for gene 1600...
2024-07-20 22:51:15,954 - INFO - Allocating UMIs for gene 1700...
2024-07-20 22:51:16,736 - INFO - Allocating UMIs for gene 1800...
2024-07-20 22:51:17,694 - INFO - Allocating UMIs for gene 1900...
2024-07-20 22:51:18,558 - INFO - UMI allocation complete.
2024-07-20 22:51:18,558 - INFO - Counting overall UMI occurrences...
2024-07-20 22:51:18,561 - INFO - Counting inter-gene collisions...
2024-07-20 22:51:18,569 - INFO - Total UMIs generated: 65536
2024-07-20 22:51:18,569 - INFO - Total UMIs allocated: 12173
2024-07-20 22:51:18,569 - INFO - Number of unique UMIs assigned to genes: 11094
2024-07-20 22:51:18,569 - INFO - Inter-gene collisions: 1079
2024-07-20 22:51:18,569 - INFO - Inter-gene collision rate: 0.08864
2024-07-20 22:51:18,569 - INFO - Writing gene UMI counts to file...
2024-07-20 22:51:18,573 - INFO - Writing UMI inter-gene collisions to file...
2024-07-20 22:51:18,576 - INFO - Simulation complete.
