2024-07-20 22:51:19,656 - INFO - Simulation Script Version: 0.0.1
2024-07-20 22:51:19,657 - INFO - Simulation Parameters:
2024-07-20 22:51:19,657 - INFO - Length of UMI: 8
2024-07-20 22:51:19,657 - INFO - Number of genes: 2000
2024-07-20 22:51:19,657 - INFO - Parameters file: None
2024-07-20 22:51:19,657 - INFO - Mean (mu): 6.0
2024-07-20 22:51:19,657 - INFO - Dispersion (theta): 6.0
2024-07-20 22:51:19,657 - INFO - Use Poisson distribution: False
2024-07-20 22:51:19,657 - INFO - Gene UMI counts file: gene_2000_umi8_counts_rep4.txt
2024-07-20 22:51:19,657 - INFO - UMI collisions file: umi8_2000_collisions_rep4.txt
2024-07-20 22:51:19,657 - INFO - Seed: None
2024-07-20 22:51:19,657 - INFO - Log file: umi8_2000_rep4.log
2024-07-20 22:51:19,657 - INFO - No seed specified. Generated random seed: 2462230330
2024-07-20 22:51:19,657 - INFO - Generating all possible UMIs...
2024-07-20 22:51:19,667 - INFO - Total possible UMIs generated: 65536
2024-07-20 22:51:19,668 - INFO - Loading parameters...
2024-07-20 22:51:19,668 - INFO - Sampling read depths for each gene...
2024-07-20 22:51:19,747 - INFO - Read depths sampling complete.
2024-07-20 22:51:19,748 - INFO - Allocating UMIs based on sampled read depths...
2024-07-20 22:51:19,748 - INFO - Allocating UMIs for gene 0...
2024-07-20 22:51:20,546 - INFO - Allocating UMIs for gene 100...
2024-07-20 22:51:21,350 - INFO - Allocating UMIs for gene 200...
2024-07-20 22:51:22,122 - INFO - Allocating UMIs for gene 300...
2024-07-20 22:51:22,924 - INFO - Allocating UMIs for gene 400...
2024-07-20 22:51:23,724 - INFO - Allocating UMIs for gene 500...
2024-07-20 22:51:24,515 - INFO - Allocating UMIs for gene 600...
2024-07-20 22:51:25,311 - INFO - Allocating UMIs for gene 700...
2024-07-20 22:51:26,118 - INFO - Allocating UMIs for gene 800...
2024-07-20 22:51:26,915 - INFO - Allocating UMIs for gene 900...
2024-07-20 22:51:27,715 - INFO - Allocating UMIs for gene 1000...
2024-07-20 22:51:28,503 - INFO - Allocating UMIs for gene 1100...
2024-07-20 22:51:29,303 - INFO - Allocating UMIs for gene 1200...
2024-07-20 22:51:30,093 - INFO - Allocating UMIs for gene 1300...
2024-07-20 22:51:30,893 - INFO - Allocating UMIs for gene 1400...
2024-07-20 22:51:31,682 - INFO - Allocating UMIs for gene 1500...
2024-07-20 22:51:32,476 - INFO - Allocating UMIs for gene 1600...
2024-07-20 22:51:33,281 - INFO - Allocating UMIs for gene 1700...
2024-07-20 22:51:34,087 - INFO - Allocating UMIs for gene 1800...
2024-07-20 22:51:34,883 - INFO - Allocating UMIs for gene 1900...
2024-07-20 22:51:35,884 - INFO - UMI allocation complete.
2024-07-20 22:51:35,884 - INFO - Counting overall UMI occurrences...
2024-07-20 22:51:35,887 - INFO - Counting inter-gene collisions...
2024-07-20 22:51:35,895 - INFO - Total UMIs generated: 65536
2024-07-20 22:51:35,895 - INFO - Total UMIs allocated: 12041
2024-07-20 22:51:35,895 - INFO - Number of unique UMIs assigned to genes: 11060
2024-07-20 22:51:35,895 - INFO - Inter-gene collisions: 980
2024-07-20 22:51:35,895 - INFO - Inter-gene collision rate: 0.08139
2024-07-20 22:51:35,895 - INFO - Writing gene UMI counts to file...
2024-07-20 22:51:35,898 - INFO - Writing UMI inter-gene collisions to file...
2024-07-20 22:51:35,901 - INFO - Simulation complete.
