2024-07-20 22:53:04,262 - INFO - Simulation Script Version: 0.0.1
2024-07-20 22:53:04,262 - INFO - Simulation Parameters:
2024-07-20 22:53:04,262 - INFO - Length of UMI: 8
2024-07-20 22:53:04,262 - INFO - Number of genes: 2000
2024-07-20 22:53:04,262 - INFO - Parameters file: None
2024-07-20 22:53:04,262 - INFO - Mean (mu): 6.0
2024-07-20 22:53:04,262 - INFO - Dispersion (theta): 6.0
2024-07-20 22:53:04,262 - INFO - Use Poisson distribution: False
2024-07-20 22:53:04,262 - INFO - Gene UMI counts file: gene_2000_umi8_counts_rep10.txt
2024-07-20 22:53:04,263 - INFO - UMI collisions file: umi8_2000_collisions_rep10.txt
2024-07-20 22:53:04,263 - INFO - Seed: None
2024-07-20 22:53:04,263 - INFO - Log file: umi8_2000_rep10.log
2024-07-20 22:53:04,263 - INFO - No seed specified. Generated random seed: 277327337
2024-07-20 22:53:04,263 - INFO - Generating all possible UMIs...
2024-07-20 22:53:04,273 - INFO - Total possible UMIs generated: 65536
2024-07-20 22:53:04,273 - INFO - Loading parameters...
2024-07-20 22:53:04,274 - INFO - Sampling read depths for each gene...
2024-07-20 22:53:04,356 - INFO - Read depths sampling complete.
2024-07-20 22:53:04,357 - INFO - Allocating UMIs based on sampled read depths...
2024-07-20 22:53:04,357 - INFO - Allocating UMIs for gene 0...
2024-07-20 22:53:05,182 - INFO - Allocating UMIs for gene 100...
2024-07-20 22:53:05,981 - INFO - Allocating UMIs for gene 200...
2024-07-20 22:53:06,800 - INFO - Allocating UMIs for gene 300...
2024-07-20 22:53:07,600 - INFO - Allocating UMIs for gene 400...
2024-07-20 22:53:08,397 - INFO - Allocating UMIs for gene 500...
2024-07-20 22:53:09,213 - INFO - Allocating UMIs for gene 600...
2024-07-20 22:53:10,022 - INFO - Allocating UMIs for gene 700...
2024-07-20 22:53:10,820 - INFO - Allocating UMIs for gene 800...
2024-07-20 22:53:11,626 - INFO - Allocating UMIs for gene 900...
2024-07-20 22:53:12,414 - INFO - Allocating UMIs for gene 1000...
2024-07-20 22:53:13,206 - INFO - Allocating UMIs for gene 1100...
2024-07-20 22:53:14,017 - INFO - Allocating UMIs for gene 1200...
2024-07-20 22:53:14,827 - INFO - Allocating UMIs for gene 1300...
2024-07-20 22:53:15,635 - INFO - Allocating UMIs for gene 1400...
2024-07-20 22:53:16,702 - INFO - Allocating UMIs for gene 1500...
2024-07-20 22:53:17,515 - INFO - Allocating UMIs for gene 1600...
2024-07-20 22:53:18,329 - INFO - Allocating UMIs for gene 1700...
2024-07-20 22:53:19,348 - INFO - Allocating UMIs for gene 1800...
2024-07-20 22:53:20,163 - INFO - Allocating UMIs for gene 1900...
2024-07-20 22:53:21,105 - INFO - UMI allocation complete.
2024-07-20 22:53:21,105 - INFO - Counting overall UMI occurrences...
2024-07-20 22:53:21,108 - INFO - Counting inter-gene collisions...
2024-07-20 22:53:21,115 - INFO - Total UMIs generated: 65536
2024-07-20 22:53:21,115 - INFO - Total UMIs allocated: 11992
2024-07-20 22:53:21,115 - INFO - Number of unique UMIs assigned to genes: 10909
2024-07-20 22:53:21,115 - INFO - Inter-gene collisions: 1081
2024-07-20 22:53:21,115 - INFO - Inter-gene collision rate: 0.09014
2024-07-20 22:53:21,115 - INFO - Writing gene UMI counts to file...
2024-07-20 22:53:21,119 - INFO - Writing UMI inter-gene collisions to file...
2024-07-20 22:53:21,122 - INFO - Simulation complete.
