2024-07-20 22:51:36,960 - INFO - Simulation Script Version: 0.0.1
2024-07-20 22:51:36,960 - INFO - Simulation Parameters:
2024-07-20 22:51:36,960 - INFO - Length of UMI: 8
2024-07-20 22:51:36,960 - INFO - Number of genes: 2000
2024-07-20 22:51:36,960 - INFO - Parameters file: None
2024-07-20 22:51:36,960 - INFO - Mean (mu): 6.0
2024-07-20 22:51:36,960 - INFO - Dispersion (theta): 6.0
2024-07-20 22:51:36,960 - INFO - Use Poisson distribution: False
2024-07-20 22:51:36,960 - INFO - Gene UMI counts file: gene_2000_umi8_counts_rep5.txt
2024-07-20 22:51:36,960 - INFO - UMI collisions file: umi8_2000_collisions_rep5.txt
2024-07-20 22:51:36,960 - INFO - Seed: None
2024-07-20 22:51:36,960 - INFO - Log file: umi8_2000_rep5.log
2024-07-20 22:51:36,960 - INFO - No seed specified. Generated random seed: 966298236
2024-07-20 22:51:36,960 - INFO - Generating all possible UMIs...
2024-07-20 22:51:36,971 - INFO - Total possible UMIs generated: 65536
2024-07-20 22:51:36,971 - INFO - Loading parameters...
2024-07-20 22:51:36,971 - INFO - Sampling read depths for each gene...
2024-07-20 22:51:37,051 - INFO - Read depths sampling complete.
2024-07-20 22:51:37,051 - INFO - Allocating UMIs based on sampled read depths...
2024-07-20 22:51:37,051 - INFO - Allocating UMIs for gene 0...
2024-07-20 22:51:38,061 - INFO - Allocating UMIs for gene 100...
2024-07-20 22:51:38,876 - INFO - Allocating UMIs for gene 200...
2024-07-20 22:51:39,684 - INFO - Allocating UMIs for gene 300...
2024-07-20 22:51:40,478 - INFO - Allocating UMIs for gene 400...
2024-07-20 22:51:41,285 - INFO - Allocating UMIs for gene 500...
2024-07-20 22:51:42,094 - INFO - Allocating UMIs for gene 600...
2024-07-20 22:51:42,897 - INFO - Allocating UMIs for gene 700...
2024-07-20 22:51:43,700 - INFO - Allocating UMIs for gene 800...
2024-07-20 22:51:44,492 - INFO - Allocating UMIs for gene 900...
2024-07-20 22:51:45,285 - INFO - Allocating UMIs for gene 1000...
2024-07-20 22:51:46,085 - INFO - Allocating UMIs for gene 1100...
2024-07-20 22:51:46,891 - INFO - Allocating UMIs for gene 1200...
2024-07-20 22:51:47,691 - INFO - Allocating UMIs for gene 1300...
2024-07-20 22:51:48,478 - INFO - Allocating UMIs for gene 1400...
2024-07-20 22:51:49,246 - INFO - Allocating UMIs for gene 1500...
2024-07-20 22:51:50,051 - INFO - Allocating UMIs for gene 1600...
2024-07-20 22:51:50,837 - INFO - Allocating UMIs for gene 1700...
2024-07-20 22:51:51,649 - INFO - Allocating UMIs for gene 1800...
2024-07-20 22:51:52,437 - INFO - Allocating UMIs for gene 1900...
2024-07-20 22:51:53,229 - INFO - UMI allocation complete.
2024-07-20 22:51:53,229 - INFO - Counting overall UMI occurrences...
2024-07-20 22:51:53,231 - INFO - Counting inter-gene collisions...
2024-07-20 22:51:53,238 - INFO - Total UMIs generated: 65536
2024-07-20 22:51:53,239 - INFO - Total UMIs allocated: 11658
2024-07-20 22:51:53,239 - INFO - Number of unique UMIs assigned to genes: 10716
2024-07-20 22:51:53,239 - INFO - Inter-gene collisions: 942
2024-07-20 22:51:53,239 - INFO - Inter-gene collision rate: 0.08080
2024-07-20 22:51:53,239 - INFO - Writing gene UMI counts to file...
2024-07-20 22:51:53,242 - INFO - Writing UMI inter-gene collisions to file...
2024-07-20 22:51:53,245 - INFO - Simulation complete.
