2024-07-20 22:52:12,177 - INFO - Simulation Script Version: 0.0.1
2024-07-20 22:52:12,177 - INFO - Simulation Parameters:
2024-07-20 22:52:12,177 - INFO - Length of UMI: 8
2024-07-20 22:52:12,177 - INFO - Number of genes: 2000
2024-07-20 22:52:12,177 - INFO - Parameters file: None
2024-07-20 22:52:12,177 - INFO - Mean (mu): 6.0
2024-07-20 22:52:12,177 - INFO - Dispersion (theta): 6.0
2024-07-20 22:52:12,177 - INFO - Use Poisson distribution: False
2024-07-20 22:52:12,177 - INFO - Gene UMI counts file: gene_2000_umi8_counts_rep7.txt
2024-07-20 22:52:12,177 - INFO - UMI collisions file: umi8_2000_collisions_rep7.txt
2024-07-20 22:52:12,177 - INFO - Seed: None
2024-07-20 22:52:12,177 - INFO - Log file: umi8_2000_rep7.log
2024-07-20 22:52:12,177 - INFO - No seed specified. Generated random seed: 3825930019
2024-07-20 22:52:12,178 - INFO - Generating all possible UMIs...
2024-07-20 22:52:12,188 - INFO - Total possible UMIs generated: 65536
2024-07-20 22:52:12,188 - INFO - Loading parameters...
2024-07-20 22:52:12,188 - INFO - Sampling read depths for each gene...
2024-07-20 22:52:12,269 - INFO - Read depths sampling complete.
2024-07-20 22:52:12,269 - INFO - Allocating UMIs based on sampled read depths...
2024-07-20 22:52:12,269 - INFO - Allocating UMIs for gene 0...
2024-07-20 22:52:13,182 - INFO - Allocating UMIs for gene 100...
2024-07-20 22:52:14,218 - INFO - Allocating UMIs for gene 200...
2024-07-20 22:52:15,021 - INFO - Allocating UMIs for gene 300...
2024-07-20 22:52:15,819 - INFO - Allocating UMIs for gene 400...
2024-07-20 22:52:16,602 - INFO - Allocating UMIs for gene 500...
2024-07-20 22:52:17,397 - INFO - Allocating UMIs for gene 600...
2024-07-20 22:52:18,193 - INFO - Allocating UMIs for gene 700...
2024-07-20 22:52:18,994 - INFO - Allocating UMIs for gene 800...
2024-07-20 22:52:19,796 - INFO - Allocating UMIs for gene 900...
2024-07-20 22:52:20,592 - INFO - Allocating UMIs for gene 1000...
2024-07-20 22:52:21,395 - INFO - Allocating UMIs for gene 1100...
2024-07-20 22:52:22,200 - INFO - Allocating UMIs for gene 1200...
2024-07-20 22:52:22,995 - INFO - Allocating UMIs for gene 1300...
2024-07-20 22:52:23,790 - INFO - Allocating UMIs for gene 1400...
2024-07-20 22:52:24,596 - INFO - Allocating UMIs for gene 1500...
2024-07-20 22:52:25,404 - INFO - Allocating UMIs for gene 1600...
2024-07-20 22:52:26,180 - INFO - Allocating UMIs for gene 1700...
2024-07-20 22:52:26,965 - INFO - Allocating UMIs for gene 1800...
2024-07-20 22:52:27,758 - INFO - Allocating UMIs for gene 1900...
2024-07-20 22:52:28,570 - INFO - UMI allocation complete.
2024-07-20 22:52:28,570 - INFO - Counting overall UMI occurrences...
2024-07-20 22:52:28,573 - INFO - Counting inter-gene collisions...
2024-07-20 22:52:28,582 - INFO - Total UMIs generated: 65536
2024-07-20 22:52:28,582 - INFO - Total UMIs allocated: 12257
2024-07-20 22:52:28,582 - INFO - Number of unique UMIs assigned to genes: 11200
2024-07-20 22:52:28,582 - INFO - Inter-gene collisions: 1056
2024-07-20 22:52:28,582 - INFO - Inter-gene collision rate: 0.08615
2024-07-20 22:52:28,582 - INFO - Writing gene UMI counts to file...
2024-07-20 22:52:28,586 - INFO - Writing UMI inter-gene collisions to file...
2024-07-20 22:52:28,589 - INFO - Simulation complete.
