2024-07-20 22:52:29,677 - INFO - Simulation Script Version: 0.0.1
2024-07-20 22:52:29,677 - INFO - Simulation Parameters:
2024-07-20 22:52:29,677 - INFO - Length of UMI: 8
2024-07-20 22:52:29,677 - INFO - Number of genes: 2000
2024-07-20 22:52:29,677 - INFO - Parameters file: None
2024-07-20 22:52:29,677 - INFO - Mean (mu): 6.0
2024-07-20 22:52:29,677 - INFO - Dispersion (theta): 6.0
2024-07-20 22:52:29,677 - INFO - Use Poisson distribution: False
2024-07-20 22:52:29,677 - INFO - Gene UMI counts file: gene_2000_umi8_counts_rep8.txt
2024-07-20 22:52:29,677 - INFO - UMI collisions file: umi8_2000_collisions_rep8.txt
2024-07-20 22:52:29,677 - INFO - Seed: None
2024-07-20 22:52:29,677 - INFO - Log file: umi8_2000_rep8.log
2024-07-20 22:52:29,677 - INFO - No seed specified. Generated random seed: 3867706773
2024-07-20 22:52:29,678 - INFO - Generating all possible UMIs...
2024-07-20 22:52:29,689 - INFO - Total possible UMIs generated: 65536
2024-07-20 22:52:29,689 - INFO - Loading parameters...
2024-07-20 22:52:29,689 - INFO - Sampling read depths for each gene...
2024-07-20 22:52:29,769 - INFO - Read depths sampling complete.
2024-07-20 22:52:29,770 - INFO - Allocating UMIs based on sampled read depths...
2024-07-20 22:52:29,770 - INFO - Allocating UMIs for gene 0...
2024-07-20 22:52:30,575 - INFO - Allocating UMIs for gene 100...
2024-07-20 22:52:31,376 - INFO - Allocating UMIs for gene 200...
2024-07-20 22:52:32,162 - INFO - Allocating UMIs for gene 300...
2024-07-20 22:52:32,963 - INFO - Allocating UMIs for gene 400...
2024-07-20 22:52:33,775 - INFO - Allocating UMIs for gene 500...
2024-07-20 22:52:34,579 - INFO - Allocating UMIs for gene 600...
2024-07-20 22:52:35,385 - INFO - Allocating UMIs for gene 700...
2024-07-20 22:52:36,171 - INFO - Allocating UMIs for gene 800...
2024-07-20 22:52:36,967 - INFO - Allocating UMIs for gene 900...
2024-07-20 22:52:37,753 - INFO - Allocating UMIs for gene 1000...
2024-07-20 22:52:38,561 - INFO - Allocating UMIs for gene 1100...
2024-07-20 22:52:39,363 - INFO - Allocating UMIs for gene 1200...
2024-07-20 22:52:40,147 - INFO - Allocating UMIs for gene 1300...
2024-07-20 22:52:40,928 - INFO - Allocating UMIs for gene 1400...
2024-07-20 22:52:41,701 - INFO - Allocating UMIs for gene 1500...
2024-07-20 22:52:42,497 - INFO - Allocating UMIs for gene 1600...
2024-07-20 22:52:43,394 - INFO - Allocating UMIs for gene 1700...
2024-07-20 22:52:44,306 - INFO - Allocating UMIs for gene 1800...
2024-07-20 22:52:45,326 - INFO - Allocating UMIs for gene 1900...
2024-07-20 22:52:46,107 - INFO - UMI allocation complete.
2024-07-20 22:52:46,107 - INFO - Counting overall UMI occurrences...
2024-07-20 22:52:46,110 - INFO - Counting inter-gene collisions...
2024-07-20 22:52:46,117 - INFO - Total UMIs generated: 65536
2024-07-20 22:52:46,118 - INFO - Total UMIs allocated: 11958
2024-07-20 22:52:46,118 - INFO - Number of unique UMIs assigned to genes: 10928
2024-07-20 22:52:46,118 - INFO - Inter-gene collisions: 1029
2024-07-20 22:52:46,118 - INFO - Inter-gene collision rate: 0.08605
2024-07-20 22:52:46,118 - INFO - Writing gene UMI counts to file...
2024-07-20 22:52:46,121 - INFO - Writing UMI inter-gene collisions to file...
2024-07-20 22:52:46,124 - INFO - Simulation complete.
