2024-07-20 22:51:54,301 - INFO - Simulation Script Version: 0.0.1
2024-07-20 22:51:54,301 - INFO - Simulation Parameters:
2024-07-20 22:51:54,301 - INFO - Length of UMI: 8
2024-07-20 22:51:54,301 - INFO - Number of genes: 2000
2024-07-20 22:51:54,301 - INFO - Parameters file: None
2024-07-20 22:51:54,301 - INFO - Mean (mu): 6.0
2024-07-20 22:51:54,301 - INFO - Dispersion (theta): 6.0
2024-07-20 22:51:54,301 - INFO - Use Poisson distribution: False
2024-07-20 22:51:54,301 - INFO - Gene UMI counts file: gene_2000_umi8_counts_rep6.txt
2024-07-20 22:51:54,301 - INFO - UMI collisions file: umi8_2000_collisions_rep6.txt
2024-07-20 22:51:54,301 - INFO - Seed: None
2024-07-20 22:51:54,301 - INFO - Log file: umi8_2000_rep6.log
2024-07-20 22:51:54,302 - INFO - No seed specified. Generated random seed: 1462269932
2024-07-20 22:51:54,302 - INFO - Generating all possible UMIs...
2024-07-20 22:51:54,312 - INFO - Total possible UMIs generated: 65536
2024-07-20 22:51:54,312 - INFO - Loading parameters...
2024-07-20 22:51:54,312 - INFO - Sampling read depths for each gene...
2024-07-20 22:51:54,394 - INFO - Read depths sampling complete.
2024-07-20 22:51:54,394 - INFO - Allocating UMIs based on sampled read depths...
2024-07-20 22:51:54,394 - INFO - Allocating UMIs for gene 0...
2024-07-20 22:51:55,319 - INFO - Allocating UMIs for gene 100...
2024-07-20 22:51:56,177 - INFO - Allocating UMIs for gene 200...
2024-07-20 22:51:56,977 - INFO - Allocating UMIs for gene 300...
2024-07-20 22:51:57,780 - INFO - Allocating UMIs for gene 400...
2024-07-20 22:51:58,601 - INFO - Allocating UMIs for gene 500...
2024-07-20 22:51:59,385 - INFO - Allocating UMIs for gene 600...
2024-07-20 22:52:00,200 - INFO - Allocating UMIs for gene 700...
2024-07-20 22:52:01,006 - INFO - Allocating UMIs for gene 800...
2024-07-20 22:52:01,804 - INFO - Allocating UMIs for gene 900...
2024-07-20 22:52:02,613 - INFO - Allocating UMIs for gene 1000...
2024-07-20 22:52:03,444 - INFO - Allocating UMIs for gene 1100...
2024-07-20 22:52:04,255 - INFO - Allocating UMIs for gene 1200...
2024-07-20 22:52:05,056 - INFO - Allocating UMIs for gene 1300...
2024-07-20 22:52:05,840 - INFO - Allocating UMIs for gene 1400...
2024-07-20 22:52:06,644 - INFO - Allocating UMIs for gene 1500...
2024-07-20 22:52:07,428 - INFO - Allocating UMIs for gene 1600...
2024-07-20 22:52:08,350 - INFO - Allocating UMIs for gene 1700...
2024-07-20 22:52:09,161 - INFO - Allocating UMIs for gene 1800...
2024-07-20 22:52:10,201 - INFO - Allocating UMIs for gene 1900...
2024-07-20 22:52:11,001 - INFO - UMI allocation complete.
2024-07-20 22:52:11,001 - INFO - Counting overall UMI occurrences...
2024-07-20 22:52:11,004 - INFO - Counting inter-gene collisions...
2024-07-20 22:52:11,011 - INFO - Total UMIs generated: 65536
2024-07-20 22:52:11,011 - INFO - Total UMIs allocated: 11987
2024-07-20 22:52:11,011 - INFO - Number of unique UMIs assigned to genes: 10898
2024-07-20 22:52:11,011 - INFO - Inter-gene collisions: 1088
2024-07-20 22:52:11,011 - INFO - Inter-gene collision rate: 0.09076
2024-07-20 22:52:11,011 - INFO - Writing gene UMI counts to file...
2024-07-20 22:52:11,015 - INFO - Writing UMI inter-gene collisions to file...
2024-07-20 22:52:11,018 - INFO - Simulation complete.
