2024-07-20 22:50:44,649 - INFO - Simulation Script Version: 0.0.1
2024-07-20 22:50:44,649 - INFO - Simulation Parameters:
2024-07-20 22:50:44,649 - INFO - Length of UMI: 8
2024-07-20 22:50:44,649 - INFO - Number of genes: 2000
2024-07-20 22:50:44,649 - INFO - Parameters file: None
2024-07-20 22:50:44,649 - INFO - Mean (mu): 6.0
2024-07-20 22:50:44,649 - INFO - Dispersion (theta): 6.0
2024-07-20 22:50:44,649 - INFO - Use Poisson distribution: False
2024-07-20 22:50:44,649 - INFO - Gene UMI counts file: gene_2000_umi8_counts_rep2.txt
2024-07-20 22:50:44,649 - INFO - UMI collisions file: umi8_2000_collisions_rep2.txt
2024-07-20 22:50:44,649 - INFO - Seed: None
2024-07-20 22:50:44,649 - INFO - Log file: umi8_2000_rep2.log
2024-07-20 22:50:44,649 - INFO - No seed specified. Generated random seed: 2171403064
2024-07-20 22:50:44,649 - INFO - Generating all possible UMIs...
2024-07-20 22:50:44,660 - INFO - Total possible UMIs generated: 65536
2024-07-20 22:50:44,660 - INFO - Loading parameters...
2024-07-20 22:50:44,660 - INFO - Sampling read depths for each gene...
2024-07-20 22:50:44,741 - INFO - Read depths sampling complete.
2024-07-20 22:50:44,741 - INFO - Allocating UMIs based on sampled read depths...
2024-07-20 22:50:44,741 - INFO - Allocating UMIs for gene 0...
2024-07-20 22:50:45,514 - INFO - Allocating UMIs for gene 100...
2024-07-20 22:50:46,288 - INFO - Allocating UMIs for gene 200...
2024-07-20 22:50:47,061 - INFO - Allocating UMIs for gene 300...
2024-07-20 22:50:47,859 - INFO - Allocating UMIs for gene 400...
2024-07-20 22:50:48,624 - INFO - Allocating UMIs for gene 500...
2024-07-20 22:50:49,405 - INFO - Allocating UMIs for gene 600...
2024-07-20 22:50:50,197 - INFO - Allocating UMIs for gene 700...
2024-07-20 22:50:50,983 - INFO - Allocating UMIs for gene 800...
2024-07-20 22:50:51,754 - INFO - Allocating UMIs for gene 900...
2024-07-20 22:50:52,517 - INFO - Allocating UMIs for gene 1000...
2024-07-20 22:50:53,291 - INFO - Allocating UMIs for gene 1100...
2024-07-20 22:50:54,045 - INFO - Allocating UMIs for gene 1200...
2024-07-20 22:50:54,824 - INFO - Allocating UMIs for gene 1300...
2024-07-20 22:50:55,606 - INFO - Allocating UMIs for gene 1400...
2024-07-20 22:50:56,359 - INFO - Allocating UMIs for gene 1500...
2024-07-20 22:50:57,146 - INFO - Allocating UMIs for gene 1600...
2024-07-20 22:50:57,904 - INFO - Allocating UMIs for gene 1700...
2024-07-20 22:50:58,655 - INFO - Allocating UMIs for gene 1800...
2024-07-20 22:50:59,419 - INFO - Allocating UMIs for gene 1900...
2024-07-20 22:51:00,187 - INFO - UMI allocation complete.
2024-07-20 22:51:00,187 - INFO - Counting overall UMI occurrences...
2024-07-20 22:51:00,190 - INFO - Counting inter-gene collisions...
2024-07-20 22:51:00,197 - INFO - Total UMIs generated: 65536
2024-07-20 22:51:00,197 - INFO - Total UMIs allocated: 11796
2024-07-20 22:51:00,197 - INFO - Number of unique UMIs assigned to genes: 10785
2024-07-20 22:51:00,197 - INFO - Inter-gene collisions: 1009
2024-07-20 22:51:00,197 - INFO - Inter-gene collision rate: 0.08554
2024-07-20 22:51:00,197 - INFO - Writing gene UMI counts to file...
2024-07-20 22:51:00,200 - INFO - Writing UMI inter-gene collisions to file...
2024-07-20 22:51:00,203 - INFO - Simulation complete.
