2024-07-23 15:04:06,499 - INFO - Simulation Script Version: 0.0.2
2024-07-23 15:04:06,500 - INFO - Simulation Parameters:
2024-07-23 15:04:06,500 - INFO - Length of UMI: 10
2024-07-23 15:04:06,500 - INFO - Number of genes: 8000
2024-07-23 15:04:06,500 - INFO - Parameters file: None
2024-07-23 15:04:06,500 - INFO - Mean (mu): 6.0
2024-07-23 15:04:06,500 - INFO - Dispersion (theta): 6.0
2024-07-23 15:04:06,500 - INFO - Use Poisson distribution: False
2024-07-23 15:04:06,500 - INFO - Gene UMI counts file: gene_8000_umi10_counts_rep2.txt
2024-07-23 15:04:06,500 - INFO - UMI collisions file: umi10_8000_collisions_rep2.txt
2024-07-23 15:04:06,500 - INFO - Seed: None
2024-07-23 15:04:06,500 - INFO - Log file: umi10_8000_rep2.log
2024-07-23 15:04:06,500 - INFO - No seed specified. Generated random seed: 734835029
2024-07-23 15:04:06,500 - INFO - Generating all possible UMIs...
2024-07-23 15:04:06,806 - INFO - Total possible UMIs generated: 262144
2024-07-23 15:04:06,806 - INFO - Loading parameters...
2024-07-23 15:04:06,806 - INFO - Sampling read depths for each gene...
2024-07-23 15:04:07,100 - INFO - Read depths sampling complete.
2024-07-23 15:04:07,100 - INFO - Allocating UMIs based on sampled read depths...
2024-07-23 15:04:07,100 - INFO - Allocating UMIs for gene 0...
2024-07-23 15:04:11,859 - INFO - Allocating UMIs for gene 100...
2024-07-23 15:04:16,664 - INFO - Allocating UMIs for gene 200...
2024-07-23 15:04:21,327 - INFO - Allocating UMIs for gene 300...
2024-07-23 15:04:26,019 - INFO - Allocating UMIs for gene 400...
2024-07-23 15:04:30,790 - INFO - Allocating UMIs for gene 500...
2024-07-23 15:04:35,585 - INFO - Allocating UMIs for gene 600...
2024-07-23 15:04:40,253 - INFO - Allocating UMIs for gene 700...
2024-07-23 15:04:44,952 - INFO - Allocating UMIs for gene 800...
2024-07-23 15:04:49,524 - INFO - Allocating UMIs for gene 900...
2024-07-23 15:04:54,173 - INFO - Allocating UMIs for gene 1000...
2024-07-23 15:04:58,894 - INFO - Allocating UMIs for gene 1100...
2024-07-23 15:05:03,609 - INFO - Allocating UMIs for gene 1200...
2024-07-23 15:05:08,367 - INFO - Allocating UMIs for gene 1300...
2024-07-23 15:05:13,083 - INFO - Allocating UMIs for gene 1400...
2024-07-23 15:05:17,753 - INFO - Allocating UMIs for gene 1500...
2024-07-23 15:05:22,355 - INFO - Allocating UMIs for gene 1600...
2024-07-23 15:05:27,266 - INFO - Allocating UMIs for gene 1700...
2024-07-23 15:05:31,881 - INFO - Allocating UMIs for gene 1800...
2024-07-23 15:05:36,555 - INFO - Allocating UMIs for gene 1900...
2024-07-23 15:05:41,170 - INFO - Allocating UMIs for gene 2000...
2024-07-23 15:05:45,896 - INFO - Allocating UMIs for gene 2100...
2024-07-23 15:05:50,529 - INFO - Allocating UMIs for gene 2200...
2024-07-23 15:05:55,224 - INFO - Allocating UMIs for gene 2300...
2024-07-23 15:05:59,876 - INFO - Allocating UMIs for gene 2400...
2024-07-23 15:06:04,551 - INFO - Allocating UMIs for gene 2500...
2024-07-23 15:06:09,250 - INFO - Allocating UMIs for gene 2600...
2024-07-23 15:06:13,912 - INFO - Allocating UMIs for gene 2700...
2024-07-23 15:06:18,464 - INFO - Allocating UMIs for gene 2800...
2024-07-23 15:06:23,122 - INFO - Allocating UMIs for gene 2900...
2024-07-23 15:06:27,779 - INFO - Allocating UMIs for gene 3000...
2024-07-23 15:06:32,476 - INFO - Allocating UMIs for gene 3100...
2024-07-23 15:06:37,125 - INFO - Allocating UMIs for gene 3200...
2024-07-23 15:06:41,722 - INFO - Allocating UMIs for gene 3300...
2024-07-23 15:06:46,324 - INFO - Allocating UMIs for gene 3400...
2024-07-23 15:06:51,030 - INFO - Allocating UMIs for gene 3500...
2024-07-23 15:06:55,679 - INFO - Allocating UMIs for gene 3600...
2024-07-23 15:07:00,350 - INFO - Allocating UMIs for gene 3700...
2024-07-23 15:07:04,950 - INFO - Allocating UMIs for gene 3800...
2024-07-23 15:07:09,602 - INFO - Allocating UMIs for gene 3900...
2024-07-23 15:07:14,526 - INFO - Allocating UMIs for gene 4000...
2024-07-23 15:07:18,810 - INFO - Allocating UMIs for gene 4100...
2024-07-23 15:07:23,188 - INFO - Allocating UMIs for gene 4200...
2024-07-23 15:07:27,614 - INFO - Allocating UMIs for gene 4300...
2024-07-23 15:07:31,955 - INFO - Allocating UMIs for gene 4400...
2024-07-23 15:07:36,339 - INFO - Allocating UMIs for gene 4500...
2024-07-23 15:07:40,629 - INFO - Allocating UMIs for gene 4600...
2024-07-23 15:07:45,058 - INFO - Allocating UMIs for gene 4700...
2024-07-23 15:07:49,513 - INFO - Allocating UMIs for gene 4800...
2024-07-23 15:07:53,798 - INFO - Allocating UMIs for gene 4900...
2024-07-23 15:07:58,270 - INFO - Allocating UMIs for gene 5000...
2024-07-23 15:08:02,721 - INFO - Allocating UMIs for gene 5100...
2024-07-23 15:08:07,117 - INFO - Allocating UMIs for gene 5200...
2024-07-23 15:08:11,539 - INFO - Allocating UMIs for gene 5300...
2024-07-23 15:08:16,016 - INFO - Allocating UMIs for gene 5400...
2024-07-23 15:08:20,619 - INFO - Allocating UMIs for gene 5500...
2024-07-23 15:08:25,071 - INFO - Allocating UMIs for gene 5600...
2024-07-23 15:08:29,330 - INFO - Allocating UMIs for gene 5700...
2024-07-23 15:08:33,724 - INFO - Allocating UMIs for gene 5800...
2024-07-23 15:08:38,213 - INFO - Allocating UMIs for gene 5900...
2024-07-23 15:08:42,563 - INFO - Allocating UMIs for gene 6000...
2024-07-23 15:08:46,954 - INFO - Allocating UMIs for gene 6100...
2024-07-23 15:08:51,367 - INFO - Allocating UMIs for gene 6200...
2024-07-23 15:08:55,855 - INFO - Allocating UMIs for gene 6300...
2024-07-23 15:09:00,250 - INFO - Allocating UMIs for gene 6400...
2024-07-23 15:09:04,734 - INFO - Allocating UMIs for gene 6500...
2024-07-23 15:09:09,129 - INFO - Allocating UMIs for gene 6600...
2024-07-23 15:09:13,617 - INFO - Allocating UMIs for gene 6700...
2024-07-23 15:09:18,103 - INFO - Allocating UMIs for gene 6800...
2024-07-23 15:09:22,589 - INFO - Allocating UMIs for gene 6900...
2024-07-23 15:09:27,036 - INFO - Allocating UMIs for gene 7000...
2024-07-23 15:09:31,478 - INFO - Allocating UMIs for gene 7100...
2024-07-23 15:09:35,923 - INFO - Allocating UMIs for gene 7200...
2024-07-23 15:09:40,363 - INFO - Allocating UMIs for gene 7300...
2024-07-23 15:09:44,760 - INFO - Allocating UMIs for gene 7400...
2024-07-23 15:09:49,223 - INFO - Allocating UMIs for gene 7500...
2024-07-23 15:09:53,895 - INFO - Allocating UMIs for gene 7600...
2024-07-23 15:09:58,253 - INFO - Allocating UMIs for gene 7700...
2024-07-23 15:10:02,626 - INFO - Allocating UMIs for gene 7800...
2024-07-23 15:10:07,004 - INFO - Allocating UMIs for gene 7900...
2024-07-23 15:10:11,510 - INFO - UMI allocation complete.
2024-07-23 15:10:11,510 - INFO - Counting overall UMI occurrences...
2024-07-23 15:10:11,520 - INFO - Counting inter-gene collisions...
2024-07-23 15:10:11,592 - INFO - Total UMIs generated: 262144
2024-07-23 15:10:11,592 - INFO - Total UMIs allocated: 48071
2024-07-23 15:10:11,592 - INFO - Number of unique UMIs assigned to genes: 44111
2024-07-23 15:10:11,592 - INFO - Inter-gene collisions: 3960
2024-07-23 15:10:11,592 - INFO - Inter-gene collision rate: 0.08238
2024-07-23 15:10:11,592 - INFO - Writing gene UMI counts to file...
2024-07-23 15:10:11,596 - INFO - Writing UMI inter-gene collisions to file...
2024-07-23 15:10:11,598 - INFO - Simulation complete.
