2024-07-23 15:10:12,696 - INFO - Simulation Script Version: 0.0.2
2024-07-23 15:10:12,696 - INFO - Simulation Parameters:
2024-07-23 15:10:12,697 - INFO - Length of UMI: 10
2024-07-23 15:10:12,697 - INFO - Number of genes: 8000
2024-07-23 15:10:12,697 - INFO - Parameters file: None
2024-07-23 15:10:12,697 - INFO - Mean (mu): 6.0
2024-07-23 15:10:12,697 - INFO - Dispersion (theta): 6.0
2024-07-23 15:10:12,697 - INFO - Use Poisson distribution: False
2024-07-23 15:10:12,697 - INFO - Gene UMI counts file: gene_8000_umi10_counts_rep3.txt
2024-07-23 15:10:12,697 - INFO - UMI collisions file: umi10_8000_collisions_rep3.txt
2024-07-23 15:10:12,697 - INFO - Seed: None
2024-07-23 15:10:12,697 - INFO - Log file: umi10_8000_rep3.log
2024-07-23 15:10:12,697 - INFO - No seed specified. Generated random seed: 614104679
2024-07-23 15:10:12,697 - INFO - Generating all possible UMIs...
2024-07-23 15:10:12,990 - INFO - Total possible UMIs generated: 262144
2024-07-23 15:10:12,990 - INFO - Loading parameters...
2024-07-23 15:10:12,990 - INFO - Sampling read depths for each gene...
2024-07-23 15:10:13,281 - INFO - Read depths sampling complete.
2024-07-23 15:10:13,281 - INFO - Allocating UMIs based on sampled read depths...
2024-07-23 15:10:13,281 - INFO - Allocating UMIs for gene 0...
2024-07-23 15:10:18,010 - INFO - Allocating UMIs for gene 100...
2024-07-23 15:10:22,766 - INFO - Allocating UMIs for gene 200...
2024-07-23 15:10:27,518 - INFO - Allocating UMIs for gene 300...
2024-07-23 15:10:32,254 - INFO - Allocating UMIs for gene 400...
2024-07-23 15:10:36,954 - INFO - Allocating UMIs for gene 500...
2024-07-23 15:10:41,753 - INFO - Allocating UMIs for gene 600...
2024-07-23 15:10:46,376 - INFO - Allocating UMIs for gene 700...
2024-07-23 15:10:51,139 - INFO - Allocating UMIs for gene 800...
2024-07-23 15:10:55,738 - INFO - Allocating UMIs for gene 900...
2024-07-23 15:11:00,445 - INFO - Allocating UMIs for gene 1000...
2024-07-23 15:11:05,220 - INFO - Allocating UMIs for gene 1100...
2024-07-23 15:11:09,743 - INFO - Allocating UMIs for gene 1200...
2024-07-23 15:11:14,494 - INFO - Allocating UMIs for gene 1300...
2024-07-23 15:11:19,132 - INFO - Allocating UMIs for gene 1400...
2024-07-23 15:11:23,772 - INFO - Allocating UMIs for gene 1500...
2024-07-23 15:11:28,731 - INFO - Allocating UMIs for gene 1600...
2024-07-23 15:11:33,527 - INFO - Allocating UMIs for gene 1700...
2024-07-23 15:11:38,226 - INFO - Allocating UMIs for gene 1800...
2024-07-23 15:11:43,041 - INFO - Allocating UMIs for gene 1900...
2024-07-23 15:11:47,838 - INFO - Allocating UMIs for gene 2000...
2024-07-23 15:11:52,461 - INFO - Allocating UMIs for gene 2100...
2024-07-23 15:11:57,390 - INFO - Allocating UMIs for gene 2200...
2024-07-23 15:12:02,037 - INFO - Allocating UMIs for gene 2300...
2024-07-23 15:12:06,745 - INFO - Allocating UMIs for gene 2400...
2024-07-23 15:12:11,574 - INFO - Allocating UMIs for gene 2500...
2024-07-23 15:12:16,323 - INFO - Allocating UMIs for gene 2600...
2024-07-23 15:12:21,101 - INFO - Allocating UMIs for gene 2700...
2024-07-23 15:12:25,853 - INFO - Allocating UMIs for gene 2800...
2024-07-23 15:12:30,655 - INFO - Allocating UMIs for gene 2900...
2024-07-23 15:12:35,410 - INFO - Allocating UMIs for gene 3000...
2024-07-23 15:12:40,030 - INFO - Allocating UMIs for gene 3100...
2024-07-23 15:12:44,670 - INFO - Allocating UMIs for gene 3200...
2024-07-23 15:12:49,300 - INFO - Allocating UMIs for gene 3300...
2024-07-23 15:12:54,018 - INFO - Allocating UMIs for gene 3400...
2024-07-23 15:12:58,917 - INFO - Allocating UMIs for gene 3500...
2024-07-23 15:13:03,712 - INFO - Allocating UMIs for gene 3600...
2024-07-23 15:13:08,431 - INFO - Allocating UMIs for gene 3700...
2024-07-23 15:13:13,088 - INFO - Allocating UMIs for gene 3800...
2024-07-23 15:13:17,809 - INFO - Allocating UMIs for gene 3900...
2024-07-23 15:13:22,472 - INFO - Allocating UMIs for gene 4000...
2024-07-23 15:13:27,130 - INFO - Allocating UMIs for gene 4100...
2024-07-23 15:13:31,701 - INFO - Allocating UMIs for gene 4200...
2024-07-23 15:13:36,316 - INFO - Allocating UMIs for gene 4300...
2024-07-23 15:13:40,877 - INFO - Allocating UMIs for gene 4400...
2024-07-23 15:13:45,483 - INFO - Allocating UMIs for gene 4500...
2024-07-23 15:13:50,151 - INFO - Allocating UMIs for gene 4600...
2024-07-23 15:13:54,803 - INFO - Allocating UMIs for gene 4700...
2024-07-23 15:13:59,542 - INFO - Allocating UMIs for gene 4800...
2024-07-23 15:14:04,178 - INFO - Allocating UMIs for gene 4900...
2024-07-23 15:14:08,787 - INFO - Allocating UMIs for gene 5000...
2024-07-23 15:14:13,496 - INFO - Allocating UMIs for gene 5100...
2024-07-23 15:14:18,201 - INFO - Allocating UMIs for gene 5200...
2024-07-23 15:14:22,725 - INFO - Allocating UMIs for gene 5300...
2024-07-23 15:14:27,239 - INFO - Allocating UMIs for gene 5400...
2024-07-23 15:14:31,864 - INFO - Allocating UMIs for gene 5500...
2024-07-23 15:14:36,520 - INFO - Allocating UMIs for gene 5600...
2024-07-23 15:14:41,234 - INFO - Allocating UMIs for gene 5700...
2024-07-23 15:14:45,838 - INFO - Allocating UMIs for gene 5800...
2024-07-23 15:14:50,501 - INFO - Allocating UMIs for gene 5900...
2024-07-23 15:14:55,109 - INFO - Allocating UMIs for gene 6000...
2024-07-23 15:14:59,672 - INFO - Allocating UMIs for gene 6100...
2024-07-23 15:15:04,395 - INFO - Allocating UMIs for gene 6200...
2024-07-23 15:15:09,014 - INFO - Allocating UMIs for gene 6300...
2024-07-23 15:15:13,715 - INFO - Allocating UMIs for gene 6400...
2024-07-23 15:15:18,419 - INFO - Allocating UMIs for gene 6500...
2024-07-23 15:15:22,996 - INFO - Allocating UMIs for gene 6600...
2024-07-23 15:15:27,589 - INFO - Allocating UMIs for gene 6700...
2024-07-23 15:15:32,206 - INFO - Allocating UMIs for gene 6800...
2024-07-23 15:15:36,815 - INFO - Allocating UMIs for gene 6900...
2024-07-23 15:15:41,503 - INFO - Allocating UMIs for gene 7000...
2024-07-23 15:15:46,304 - INFO - Allocating UMIs for gene 7100...
2024-07-23 15:15:50,954 - INFO - Allocating UMIs for gene 7200...
2024-07-23 15:15:55,644 - INFO - Allocating UMIs for gene 7300...
2024-07-23 15:16:00,323 - INFO - Allocating UMIs for gene 7400...
2024-07-23 15:16:04,849 - INFO - Allocating UMIs for gene 7500...
2024-07-23 15:16:09,457 - INFO - Allocating UMIs for gene 7600...
2024-07-23 15:16:14,123 - INFO - Allocating UMIs for gene 7700...
2024-07-23 15:16:18,831 - INFO - Allocating UMIs for gene 7800...
2024-07-23 15:16:23,439 - INFO - Allocating UMIs for gene 7900...
2024-07-23 15:16:28,137 - INFO - UMI allocation complete.
2024-07-23 15:16:28,137 - INFO - Counting overall UMI occurrences...
2024-07-23 15:16:28,146 - INFO - Counting inter-gene collisions...
2024-07-23 15:16:28,218 - INFO - Total UMIs generated: 262144
2024-07-23 15:16:28,218 - INFO - Total UMIs allocated: 47989
2024-07-23 15:16:28,218 - INFO - Number of unique UMIs assigned to genes: 43799
2024-07-23 15:16:28,218 - INFO - Inter-gene collisions: 4190
2024-07-23 15:16:28,218 - INFO - Inter-gene collision rate: 0.08731
2024-07-23 15:16:28,218 - INFO - Writing gene UMI counts to file...
2024-07-23 15:16:28,222 - INFO - Writing UMI inter-gene collisions to file...
2024-07-23 15:16:28,224 - INFO - Simulation complete.
