2024-07-23 15:45:40,448 - INFO - Simulation Script Version: 0.0.2
2024-07-23 15:45:40,448 - INFO - Simulation Parameters:
2024-07-23 15:45:40,448 - INFO - Length of UMI: 10
2024-07-23 15:45:40,448 - INFO - Number of genes: 8000
2024-07-23 15:45:40,448 - INFO - Parameters file: None
2024-07-23 15:45:40,448 - INFO - Mean (mu): 6.0
2024-07-23 15:45:40,448 - INFO - Dispersion (theta): 6.0
2024-07-23 15:45:40,448 - INFO - Use Poisson distribution: False
2024-07-23 15:45:40,448 - INFO - Gene UMI counts file: gene_8000_umi10_counts_rep9.txt
2024-07-23 15:45:40,448 - INFO - UMI collisions file: umi10_8000_collisions_rep9.txt
2024-07-23 15:45:40,448 - INFO - Seed: None
2024-07-23 15:45:40,448 - INFO - Log file: umi10_8000_rep9.log
2024-07-23 15:45:40,448 - INFO - No seed specified. Generated random seed: 3573766992
2024-07-23 15:45:40,448 - INFO - Generating all possible UMIs...
2024-07-23 15:45:40,736 - INFO - Total possible UMIs generated: 262144
2024-07-23 15:45:40,737 - INFO - Loading parameters...
2024-07-23 15:45:40,737 - INFO - Sampling read depths for each gene...
2024-07-23 15:45:41,009 - INFO - Read depths sampling complete.
2024-07-23 15:45:41,009 - INFO - Allocating UMIs based on sampled read depths...
2024-07-23 15:45:41,010 - INFO - Allocating UMIs for gene 0...
2024-07-23 15:45:45,191 - INFO - Allocating UMIs for gene 100...
2024-07-23 15:45:49,392 - INFO - Allocating UMIs for gene 200...
2024-07-23 15:45:53,514 - INFO - Allocating UMIs for gene 300...
2024-07-23 15:45:57,708 - INFO - Allocating UMIs for gene 400...
2024-07-23 15:46:01,872 - INFO - Allocating UMIs for gene 500...
2024-07-23 15:46:05,992 - INFO - Allocating UMIs for gene 600...
2024-07-23 15:46:10,124 - INFO - Allocating UMIs for gene 700...
2024-07-23 15:46:14,300 - INFO - Allocating UMIs for gene 800...
2024-07-23 15:46:18,455 - INFO - Allocating UMIs for gene 900...
2024-07-23 15:46:22,617 - INFO - Allocating UMIs for gene 1000...
2024-07-23 15:46:26,760 - INFO - Allocating UMIs for gene 1100...
2024-07-23 15:46:30,928 - INFO - Allocating UMIs for gene 1200...
2024-07-23 15:46:35,112 - INFO - Allocating UMIs for gene 1300...
2024-07-23 15:46:39,288 - INFO - Allocating UMIs for gene 1400...
2024-07-23 15:46:43,408 - INFO - Allocating UMIs for gene 1500...
2024-07-23 15:46:47,548 - INFO - Allocating UMIs for gene 1600...
2024-07-23 15:46:51,684 - INFO - Allocating UMIs for gene 1700...
2024-07-23 15:46:55,843 - INFO - Allocating UMIs for gene 1800...
2024-07-23 15:46:59,891 - INFO - Allocating UMIs for gene 1900...
2024-07-23 15:47:03,980 - INFO - Allocating UMIs for gene 2000...
2024-07-23 15:47:08,128 - INFO - Allocating UMIs for gene 2100...
2024-07-23 15:47:12,301 - INFO - Allocating UMIs for gene 2200...
2024-07-23 15:47:16,430 - INFO - Allocating UMIs for gene 2300...
2024-07-23 15:47:20,574 - INFO - Allocating UMIs for gene 2400...
2024-07-23 15:47:24,643 - INFO - Allocating UMIs for gene 2500...
2024-07-23 15:47:28,776 - INFO - Allocating UMIs for gene 2600...
2024-07-23 15:47:32,867 - INFO - Allocating UMIs for gene 2700...
2024-07-23 15:47:37,054 - INFO - Allocating UMIs for gene 2800...
2024-07-23 15:47:41,157 - INFO - Allocating UMIs for gene 2900...
2024-07-23 15:47:45,145 - INFO - Allocating UMIs for gene 3000...
2024-07-23 15:47:49,266 - INFO - Allocating UMIs for gene 3100...
2024-07-23 15:47:53,330 - INFO - Allocating UMIs for gene 3200...
2024-07-23 15:47:57,418 - INFO - Allocating UMIs for gene 3300...
2024-07-23 15:48:01,606 - INFO - Allocating UMIs for gene 3400...
2024-07-23 15:48:05,812 - INFO - Allocating UMIs for gene 3500...
2024-07-23 15:48:09,885 - INFO - Allocating UMIs for gene 3600...
2024-07-23 15:48:14,010 - INFO - Allocating UMIs for gene 3700...
2024-07-23 15:48:18,238 - INFO - Allocating UMIs for gene 3800...
2024-07-23 15:48:22,410 - INFO - Allocating UMIs for gene 3900...
2024-07-23 15:48:26,577 - INFO - Allocating UMIs for gene 4000...
2024-07-23 15:48:30,640 - INFO - Allocating UMIs for gene 4100...
2024-07-23 15:48:34,788 - INFO - Allocating UMIs for gene 4200...
2024-07-23 15:48:39,010 - INFO - Allocating UMIs for gene 4300...
2024-07-23 15:48:43,135 - INFO - Allocating UMIs for gene 4400...
2024-07-23 15:48:47,315 - INFO - Allocating UMIs for gene 4500...
2024-07-23 15:48:51,373 - INFO - Allocating UMIs for gene 4600...
2024-07-23 15:48:55,532 - INFO - Allocating UMIs for gene 4700...
2024-07-23 15:48:59,733 - INFO - Allocating UMIs for gene 4800...
2024-07-23 15:49:03,915 - INFO - Allocating UMIs for gene 4900...
2024-07-23 15:49:08,074 - INFO - Allocating UMIs for gene 5000...
2024-07-23 15:49:12,253 - INFO - Allocating UMIs for gene 5100...
2024-07-23 15:49:16,315 - INFO - Allocating UMIs for gene 5200...
2024-07-23 15:49:20,502 - INFO - Allocating UMIs for gene 5300...
2024-07-23 15:49:24,620 - INFO - Allocating UMIs for gene 5400...
2024-07-23 15:49:28,800 - INFO - Allocating UMIs for gene 5500...
2024-07-23 15:49:32,815 - INFO - Allocating UMIs for gene 5600...
2024-07-23 15:49:36,993 - INFO - Allocating UMIs for gene 5700...
2024-07-23 15:49:41,135 - INFO - Allocating UMIs for gene 5800...
2024-07-23 15:49:45,296 - INFO - Allocating UMIs for gene 5900...
2024-07-23 15:49:49,503 - INFO - Allocating UMIs for gene 6000...
2024-07-23 15:49:53,573 - INFO - Allocating UMIs for gene 6100...
2024-07-23 15:49:57,737 - INFO - Allocating UMIs for gene 6200...
2024-07-23 15:50:01,923 - INFO - Allocating UMIs for gene 6300...
2024-07-23 15:50:06,158 - INFO - Allocating UMIs for gene 6400...
2024-07-23 15:50:10,269 - INFO - Allocating UMIs for gene 6500...
2024-07-23 15:50:14,399 - INFO - Allocating UMIs for gene 6600...
2024-07-23 15:50:18,585 - INFO - Allocating UMIs for gene 6700...
2024-07-23 15:50:22,671 - INFO - Allocating UMIs for gene 6800...
2024-07-23 15:50:26,830 - INFO - Allocating UMIs for gene 6900...
2024-07-23 15:50:31,023 - INFO - Allocating UMIs for gene 7000...
2024-07-23 15:50:35,224 - INFO - Allocating UMIs for gene 7100...
2024-07-23 15:50:39,388 - INFO - Allocating UMIs for gene 7200...
2024-07-23 15:50:43,466 - INFO - Allocating UMIs for gene 7300...
2024-07-23 15:50:47,625 - INFO - Allocating UMIs for gene 7400...
2024-07-23 15:50:51,807 - INFO - Allocating UMIs for gene 7500...
2024-07-23 15:50:55,971 - INFO - Allocating UMIs for gene 7600...
2024-07-23 15:51:00,123 - INFO - Allocating UMIs for gene 7700...
2024-07-23 15:51:04,208 - INFO - Allocating UMIs for gene 7800...
2024-07-23 15:51:08,272 - INFO - Allocating UMIs for gene 7900...
2024-07-23 15:51:12,410 - INFO - UMI allocation complete.
2024-07-23 15:51:12,410 - INFO - Counting overall UMI occurrences...
2024-07-23 15:51:12,419 - INFO - Counting inter-gene collisions...
2024-07-23 15:51:12,486 - INFO - Total UMIs generated: 262144
2024-07-23 15:51:12,486 - INFO - Total UMIs allocated: 47962
2024-07-23 15:51:12,486 - INFO - Number of unique UMIs assigned to genes: 43770
2024-07-23 15:51:12,486 - INFO - Inter-gene collisions: 4189
2024-07-23 15:51:12,486 - INFO - Inter-gene collision rate: 0.08734
2024-07-23 15:51:12,486 - INFO - Writing gene UMI counts to file...
2024-07-23 15:51:12,489 - INFO - Writing UMI inter-gene collisions to file...
2024-07-23 15:51:12,490 - INFO - Simulation complete.
