2024-07-23 15:28:39,687 - INFO - Simulation Script Version: 0.0.2
2024-07-23 15:28:39,687 - INFO - Simulation Parameters:
2024-07-23 15:28:39,687 - INFO - Length of UMI: 10
2024-07-23 15:28:39,687 - INFO - Number of genes: 8000
2024-07-23 15:28:39,687 - INFO - Parameters file: None
2024-07-23 15:28:39,687 - INFO - Mean (mu): 6.0
2024-07-23 15:28:39,687 - INFO - Dispersion (theta): 6.0
2024-07-23 15:28:39,687 - INFO - Use Poisson distribution: False
2024-07-23 15:28:39,687 - INFO - Gene UMI counts file: gene_8000_umi10_counts_rep6.txt
2024-07-23 15:28:39,687 - INFO - UMI collisions file: umi10_8000_collisions_rep6.txt
2024-07-23 15:28:39,687 - INFO - Seed: None
2024-07-23 15:28:39,687 - INFO - Log file: umi10_8000_rep6.log
2024-07-23 15:28:39,687 - INFO - No seed specified. Generated random seed: 1674443149
2024-07-23 15:28:39,687 - INFO - Generating all possible UMIs...
2024-07-23 15:28:39,972 - INFO - Total possible UMIs generated: 262144
2024-07-23 15:28:39,972 - INFO - Loading parameters...
2024-07-23 15:28:39,972 - INFO - Sampling read depths for each gene...
2024-07-23 15:28:40,246 - INFO - Read depths sampling complete.
2024-07-23 15:28:40,246 - INFO - Allocating UMIs based on sampled read depths...
2024-07-23 15:28:40,246 - INFO - Allocating UMIs for gene 0...
2024-07-23 15:28:44,437 - INFO - Allocating UMIs for gene 100...
2024-07-23 15:28:48,643 - INFO - Allocating UMIs for gene 200...
2024-07-23 15:28:52,778 - INFO - Allocating UMIs for gene 300...
2024-07-23 15:28:56,965 - INFO - Allocating UMIs for gene 400...
2024-07-23 15:29:01,095 - INFO - Allocating UMIs for gene 500...
2024-07-23 15:29:05,300 - INFO - Allocating UMIs for gene 600...
2024-07-23 15:29:09,505 - INFO - Allocating UMIs for gene 700...
2024-07-23 15:29:13,651 - INFO - Allocating UMIs for gene 800...
2024-07-23 15:29:17,889 - INFO - Allocating UMIs for gene 900...
2024-07-23 15:29:22,020 - INFO - Allocating UMIs for gene 1000...
2024-07-23 15:29:26,201 - INFO - Allocating UMIs for gene 1100...
2024-07-23 15:29:30,438 - INFO - Allocating UMIs for gene 1200...
2024-07-23 15:29:34,627 - INFO - Allocating UMIs for gene 1300...
2024-07-23 15:29:38,871 - INFO - Allocating UMIs for gene 1400...
2024-07-23 15:29:42,960 - INFO - Allocating UMIs for gene 1500...
2024-07-23 15:29:47,172 - INFO - Allocating UMIs for gene 1600...
2024-07-23 15:29:51,173 - INFO - Allocating UMIs for gene 1700...
2024-07-23 15:29:55,516 - INFO - Allocating UMIs for gene 1800...
2024-07-23 15:29:59,719 - INFO - Allocating UMIs for gene 1900...
2024-07-23 15:30:03,941 - INFO - Allocating UMIs for gene 2000...
2024-07-23 15:30:08,090 - INFO - Allocating UMIs for gene 2100...
2024-07-23 15:30:12,274 - INFO - Allocating UMIs for gene 2200...
2024-07-23 15:30:16,555 - INFO - Allocating UMIs for gene 2300...
2024-07-23 15:30:20,813 - INFO - Allocating UMIs for gene 2400...
2024-07-23 15:30:25,046 - INFO - Allocating UMIs for gene 2500...
2024-07-23 15:30:29,306 - INFO - Allocating UMIs for gene 2600...
2024-07-23 15:30:33,419 - INFO - Allocating UMIs for gene 2700...
2024-07-23 15:30:37,652 - INFO - Allocating UMIs for gene 2800...
2024-07-23 15:30:41,840 - INFO - Allocating UMIs for gene 2900...
2024-07-23 15:30:46,053 - INFO - Allocating UMIs for gene 3000...
2024-07-23 15:30:50,244 - INFO - Allocating UMIs for gene 3100...
2024-07-23 15:30:54,431 - INFO - Allocating UMIs for gene 3200...
2024-07-23 15:30:58,702 - INFO - Allocating UMIs for gene 3300...
2024-07-23 15:31:02,810 - INFO - Allocating UMIs for gene 3400...
2024-07-23 15:31:06,937 - INFO - Allocating UMIs for gene 3500...
2024-07-23 15:31:11,072 - INFO - Allocating UMIs for gene 3600...
2024-07-23 15:31:15,248 - INFO - Allocating UMIs for gene 3700...
2024-07-23 15:31:19,451 - INFO - Allocating UMIs for gene 3800...
2024-07-23 15:31:23,625 - INFO - Allocating UMIs for gene 3900...
2024-07-23 15:31:27,857 - INFO - Allocating UMIs for gene 4000...
2024-07-23 15:31:32,037 - INFO - Allocating UMIs for gene 4100...
2024-07-23 15:31:36,312 - INFO - Allocating UMIs for gene 4200...
2024-07-23 15:31:40,514 - INFO - Allocating UMIs for gene 4300...
2024-07-23 15:31:44,746 - INFO - Allocating UMIs for gene 4400...
2024-07-23 15:31:48,969 - INFO - Allocating UMIs for gene 4500...
2024-07-23 15:31:52,989 - INFO - Allocating UMIs for gene 4600...
2024-07-23 15:31:57,216 - INFO - Allocating UMIs for gene 4700...
2024-07-23 15:32:01,329 - INFO - Allocating UMIs for gene 4800...
2024-07-23 15:32:05,438 - INFO - Allocating UMIs for gene 4900...
2024-07-23 15:32:09,694 - INFO - Allocating UMIs for gene 5000...
2024-07-23 15:32:13,879 - INFO - Allocating UMIs for gene 5100...
2024-07-23 15:32:17,989 - INFO - Allocating UMIs for gene 5200...
2024-07-23 15:32:22,230 - INFO - Allocating UMIs for gene 5300...
2024-07-23 15:32:26,383 - INFO - Allocating UMIs for gene 5400...
2024-07-23 15:32:30,451 - INFO - Allocating UMIs for gene 5500...
2024-07-23 15:32:34,646 - INFO - Allocating UMIs for gene 5600...
2024-07-23 15:32:38,789 - INFO - Allocating UMIs for gene 5700...
2024-07-23 15:32:42,890 - INFO - Allocating UMIs for gene 5800...
2024-07-23 15:32:47,153 - INFO - Allocating UMIs for gene 5900...
2024-07-23 15:32:51,345 - INFO - Allocating UMIs for gene 6000...
2024-07-23 15:32:55,542 - INFO - Allocating UMIs for gene 6100...
2024-07-23 15:32:59,733 - INFO - Allocating UMIs for gene 6200...
2024-07-23 15:33:03,902 - INFO - Allocating UMIs for gene 6300...
2024-07-23 15:33:08,125 - INFO - Allocating UMIs for gene 6400...
2024-07-23 15:33:12,302 - INFO - Allocating UMIs for gene 6500...
2024-07-23 15:33:16,532 - INFO - Allocating UMIs for gene 6600...
2024-07-23 15:33:20,728 - INFO - Allocating UMIs for gene 6700...
2024-07-23 15:33:24,940 - INFO - Allocating UMIs for gene 6800...
2024-07-23 15:33:29,168 - INFO - Allocating UMIs for gene 6900...
2024-07-23 15:33:33,317 - INFO - Allocating UMIs for gene 7000...
2024-07-23 15:33:37,461 - INFO - Allocating UMIs for gene 7100...
2024-07-23 15:33:41,607 - INFO - Allocating UMIs for gene 7200...
2024-07-23 15:33:45,813 - INFO - Allocating UMIs for gene 7300...
2024-07-23 15:33:49,936 - INFO - Allocating UMIs for gene 7400...
2024-07-23 15:33:54,110 - INFO - Allocating UMIs for gene 7500...
2024-07-23 15:33:58,340 - INFO - Allocating UMIs for gene 7600...
2024-07-23 15:34:02,537 - INFO - Allocating UMIs for gene 7700...
2024-07-23 15:34:06,717 - INFO - Allocating UMIs for gene 7800...
2024-07-23 15:34:10,917 - INFO - Allocating UMIs for gene 7900...
2024-07-23 15:34:15,092 - INFO - UMI allocation complete.
2024-07-23 15:34:15,092 - INFO - Counting overall UMI occurrences...
2024-07-23 15:34:15,101 - INFO - Counting inter-gene collisions...
2024-07-23 15:34:15,168 - INFO - Total UMIs generated: 262144
2024-07-23 15:34:15,168 - INFO - Total UMIs allocated: 47979
2024-07-23 15:34:15,168 - INFO - Number of unique UMIs assigned to genes: 43852
2024-07-23 15:34:15,168 - INFO - Inter-gene collisions: 4127
2024-07-23 15:34:15,168 - INFO - Inter-gene collision rate: 0.08602
2024-07-23 15:34:15,168 - INFO - Writing gene UMI counts to file...
2024-07-23 15:34:15,171 - INFO - Writing UMI inter-gene collisions to file...
2024-07-23 15:34:15,172 - INFO - Simulation complete.
