2024-07-23 15:34:16,092 - INFO - Simulation Script Version: 0.0.2
2024-07-23 15:34:16,092 - INFO - Simulation Parameters:
2024-07-23 15:34:16,092 - INFO - Length of UMI: 10
2024-07-23 15:34:16,092 - INFO - Number of genes: 8000
2024-07-23 15:34:16,092 - INFO - Parameters file: None
2024-07-23 15:34:16,092 - INFO - Mean (mu): 6.0
2024-07-23 15:34:16,092 - INFO - Dispersion (theta): 6.0
2024-07-23 15:34:16,092 - INFO - Use Poisson distribution: False
2024-07-23 15:34:16,092 - INFO - Gene UMI counts file: gene_8000_umi10_counts_rep7.txt
2024-07-23 15:34:16,092 - INFO - UMI collisions file: umi10_8000_collisions_rep7.txt
2024-07-23 15:34:16,093 - INFO - Seed: None
2024-07-23 15:34:16,093 - INFO - Log file: umi10_8000_rep7.log
2024-07-23 15:34:16,093 - INFO - No seed specified. Generated random seed: 3215979198
2024-07-23 15:34:16,093 - INFO - Generating all possible UMIs...
2024-07-23 15:34:16,368 - INFO - Total possible UMIs generated: 262144
2024-07-23 15:34:16,368 - INFO - Loading parameters...
2024-07-23 15:34:16,368 - INFO - Sampling read depths for each gene...
2024-07-23 15:34:16,641 - INFO - Read depths sampling complete.
2024-07-23 15:34:16,641 - INFO - Allocating UMIs based on sampled read depths...
2024-07-23 15:34:16,641 - INFO - Allocating UMIs for gene 0...
2024-07-23 15:34:20,781 - INFO - Allocating UMIs for gene 100...
2024-07-23 15:34:24,934 - INFO - Allocating UMIs for gene 200...
2024-07-23 15:34:28,984 - INFO - Allocating UMIs for gene 300...
2024-07-23 15:34:33,050 - INFO - Allocating UMIs for gene 400...
2024-07-23 15:34:37,172 - INFO - Allocating UMIs for gene 500...
2024-07-23 15:34:41,330 - INFO - Allocating UMIs for gene 600...
2024-07-23 15:34:45,493 - INFO - Allocating UMIs for gene 700...
2024-07-23 15:34:49,574 - INFO - Allocating UMIs for gene 800...
2024-07-23 15:34:53,672 - INFO - Allocating UMIs for gene 900...
2024-07-23 15:34:57,853 - INFO - Allocating UMIs for gene 1000...
2024-07-23 15:35:02,053 - INFO - Allocating UMIs for gene 1100...
2024-07-23 15:35:06,250 - INFO - Allocating UMIs for gene 1200...
2024-07-23 15:35:10,402 - INFO - Allocating UMIs for gene 1300...
2024-07-23 15:35:14,472 - INFO - Allocating UMIs for gene 1400...
2024-07-23 15:35:18,631 - INFO - Allocating UMIs for gene 1500...
2024-07-23 15:35:22,757 - INFO - Allocating UMIs for gene 1600...
2024-07-23 15:35:26,849 - INFO - Allocating UMIs for gene 1700...
2024-07-23 15:35:30,968 - INFO - Allocating UMIs for gene 1800...
2024-07-23 15:35:35,112 - INFO - Allocating UMIs for gene 1900...
2024-07-23 15:35:39,287 - INFO - Allocating UMIs for gene 2000...
2024-07-23 15:35:43,377 - INFO - Allocating UMIs for gene 2100...
2024-07-23 15:35:47,617 - INFO - Allocating UMIs for gene 2200...
2024-07-23 15:35:51,674 - INFO - Allocating UMIs for gene 2300...
2024-07-23 15:35:55,712 - INFO - Allocating UMIs for gene 2400...
2024-07-23 15:35:59,946 - INFO - Allocating UMIs for gene 2500...
2024-07-23 15:36:04,093 - INFO - Allocating UMIs for gene 2600...
2024-07-23 15:36:08,290 - INFO - Allocating UMIs for gene 2700...
2024-07-23 15:36:12,438 - INFO - Allocating UMIs for gene 2800...
2024-07-23 15:36:16,639 - INFO - Allocating UMIs for gene 2900...
2024-07-23 15:36:20,792 - INFO - Allocating UMIs for gene 3000...
2024-07-23 15:36:24,983 - INFO - Allocating UMIs for gene 3100...
2024-07-23 15:36:29,216 - INFO - Allocating UMIs for gene 3200...
2024-07-23 15:36:33,286 - INFO - Allocating UMIs for gene 3300...
2024-07-23 15:36:37,463 - INFO - Allocating UMIs for gene 3400...
2024-07-23 15:36:41,562 - INFO - Allocating UMIs for gene 3500...
2024-07-23 15:36:45,680 - INFO - Allocating UMIs for gene 3600...
2024-07-23 15:36:49,834 - INFO - Allocating UMIs for gene 3700...
2024-07-23 15:36:53,915 - INFO - Allocating UMIs for gene 3800...
2024-07-23 15:36:58,101 - INFO - Allocating UMIs for gene 3900...
2024-07-23 15:37:02,268 - INFO - Allocating UMIs for gene 4000...
2024-07-23 15:37:06,441 - INFO - Allocating UMIs for gene 4100...
2024-07-23 15:37:10,665 - INFO - Allocating UMIs for gene 4200...
2024-07-23 15:37:14,869 - INFO - Allocating UMIs for gene 4300...
2024-07-23 15:37:19,048 - INFO - Allocating UMIs for gene 4400...
2024-07-23 15:37:23,102 - INFO - Allocating UMIs for gene 4500...
2024-07-23 15:37:27,287 - INFO - Allocating UMIs for gene 4600...
2024-07-23 15:37:31,361 - INFO - Allocating UMIs for gene 4700...
2024-07-23 15:37:35,493 - INFO - Allocating UMIs for gene 4800...
2024-07-23 15:37:39,720 - INFO - Allocating UMIs for gene 4900...
2024-07-23 15:37:43,924 - INFO - Allocating UMIs for gene 5000...
2024-07-23 15:37:48,126 - INFO - Allocating UMIs for gene 5100...
2024-07-23 15:37:52,404 - INFO - Allocating UMIs for gene 5200...
2024-07-23 15:37:56,598 - INFO - Allocating UMIs for gene 5300...
2024-07-23 15:38:00,742 - INFO - Allocating UMIs for gene 5400...
2024-07-23 15:38:04,997 - INFO - Allocating UMIs for gene 5500...
2024-07-23 15:38:09,194 - INFO - Allocating UMIs for gene 5600...
2024-07-23 15:38:13,407 - INFO - Allocating UMIs for gene 5700...
2024-07-23 15:38:17,697 - INFO - Allocating UMIs for gene 5800...
2024-07-23 15:38:21,876 - INFO - Allocating UMIs for gene 5900...
2024-07-23 15:38:26,339 - INFO - Allocating UMIs for gene 6000...
2024-07-23 15:38:30,777 - INFO - Allocating UMIs for gene 6100...
2024-07-23 15:38:35,223 - INFO - Allocating UMIs for gene 6200...
2024-07-23 15:38:39,671 - INFO - Allocating UMIs for gene 6300...
2024-07-23 15:38:44,091 - INFO - Allocating UMIs for gene 6400...
2024-07-23 15:38:48,416 - INFO - Allocating UMIs for gene 6500...
2024-07-23 15:38:52,722 - INFO - Allocating UMIs for gene 6600...
2024-07-23 15:38:57,168 - INFO - Allocating UMIs for gene 6700...
2024-07-23 15:39:01,657 - INFO - Allocating UMIs for gene 6800...
2024-07-23 15:39:06,077 - INFO - Allocating UMIs for gene 6900...
2024-07-23 15:39:10,536 - INFO - Allocating UMIs for gene 7000...
2024-07-23 15:39:14,958 - INFO - Allocating UMIs for gene 7100...
2024-07-23 15:39:19,353 - INFO - Allocating UMIs for gene 7200...
2024-07-23 15:39:23,837 - INFO - Allocating UMIs for gene 7300...
2024-07-23 15:39:28,333 - INFO - Allocating UMIs for gene 7400...
2024-07-23 15:39:32,736 - INFO - Allocating UMIs for gene 7500...
2024-07-23 15:39:37,232 - INFO - Allocating UMIs for gene 7600...
2024-07-23 15:39:41,676 - INFO - Allocating UMIs for gene 7700...
2024-07-23 15:39:46,102 - INFO - Allocating UMIs for gene 7800...
2024-07-23 15:39:50,464 - INFO - Allocating UMIs for gene 7900...
2024-07-23 15:39:54,913 - INFO - UMI allocation complete.
2024-07-23 15:39:54,913 - INFO - Counting overall UMI occurrences...
2024-07-23 15:39:54,922 - INFO - Counting inter-gene collisions...
2024-07-23 15:39:54,994 - INFO - Total UMIs generated: 262144
2024-07-23 15:39:54,994 - INFO - Total UMIs allocated: 48348
2024-07-23 15:39:54,994 - INFO - Number of unique UMIs assigned to genes: 44119
2024-07-23 15:39:54,994 - INFO - Inter-gene collisions: 4227
2024-07-23 15:39:54,994 - INFO - Inter-gene collision rate: 0.08743
2024-07-23 15:39:54,994 - INFO - Writing gene UMI counts to file...
2024-07-23 15:39:54,996 - INFO - Writing UMI inter-gene collisions to file...
2024-07-23 15:39:54,998 - INFO - Simulation complete.
