2024-07-23 15:16:29,197 - INFO - Simulation Script Version: 0.0.2
2024-07-23 15:16:29,197 - INFO - Simulation Parameters:
2024-07-23 15:16:29,197 - INFO - Length of UMI: 10
2024-07-23 15:16:29,198 - INFO - Number of genes: 8000
2024-07-23 15:16:29,198 - INFO - Parameters file: None
2024-07-23 15:16:29,198 - INFO - Mean (mu): 6.0
2024-07-23 15:16:29,198 - INFO - Dispersion (theta): 6.0
2024-07-23 15:16:29,198 - INFO - Use Poisson distribution: False
2024-07-23 15:16:29,198 - INFO - Gene UMI counts file: gene_8000_umi10_counts_rep4.txt
2024-07-23 15:16:29,198 - INFO - UMI collisions file: umi10_8000_collisions_rep4.txt
2024-07-23 15:16:29,198 - INFO - Seed: None
2024-07-23 15:16:29,198 - INFO - Log file: umi10_8000_rep4.log
2024-07-23 15:16:29,198 - INFO - No seed specified. Generated random seed: 3516861341
2024-07-23 15:16:29,198 - INFO - Generating all possible UMIs...
2024-07-23 15:16:29,487 - INFO - Total possible UMIs generated: 262144
2024-07-23 15:16:29,488 - INFO - Loading parameters...
2024-07-23 15:16:29,488 - INFO - Sampling read depths for each gene...
2024-07-23 15:16:29,765 - INFO - Read depths sampling complete.
2024-07-23 15:16:29,765 - INFO - Allocating UMIs based on sampled read depths...
2024-07-23 15:16:29,765 - INFO - Allocating UMIs for gene 0...
2024-07-23 15:16:34,339 - INFO - Allocating UMIs for gene 100...
2024-07-23 15:16:38,964 - INFO - Allocating UMIs for gene 200...
2024-07-23 15:16:43,484 - INFO - Allocating UMIs for gene 300...
2024-07-23 15:16:48,038 - INFO - Allocating UMIs for gene 400...
2024-07-23 15:16:52,562 - INFO - Allocating UMIs for gene 500...
2024-07-23 15:16:57,039 - INFO - Allocating UMIs for gene 600...
2024-07-23 15:17:01,588 - INFO - Allocating UMIs for gene 700...
2024-07-23 15:17:06,013 - INFO - Allocating UMIs for gene 800...
2024-07-23 15:17:10,455 - INFO - Allocating UMIs for gene 900...
2024-07-23 15:17:14,996 - INFO - Allocating UMIs for gene 1000...
2024-07-23 15:17:19,512 - INFO - Allocating UMIs for gene 1100...
2024-07-23 15:17:23,912 - INFO - Allocating UMIs for gene 1200...
2024-07-23 15:17:28,453 - INFO - Allocating UMIs for gene 1300...
2024-07-23 15:17:33,041 - INFO - Allocating UMIs for gene 1400...
2024-07-23 15:17:37,492 - INFO - Allocating UMIs for gene 1500...
2024-07-23 15:17:41,879 - INFO - Allocating UMIs for gene 1600...
2024-07-23 15:17:46,381 - INFO - Allocating UMIs for gene 1700...
2024-07-23 15:17:50,895 - INFO - Allocating UMIs for gene 1800...
2024-07-23 15:17:55,427 - INFO - Allocating UMIs for gene 1900...
2024-07-23 15:17:59,977 - INFO - Allocating UMIs for gene 2000...
2024-07-23 15:18:04,415 - INFO - Allocating UMIs for gene 2100...
2024-07-23 15:18:08,917 - INFO - Allocating UMIs for gene 2200...
2024-07-23 15:18:13,306 - INFO - Allocating UMIs for gene 2300...
2024-07-23 15:18:17,803 - INFO - Allocating UMIs for gene 2400...
2024-07-23 15:18:22,284 - INFO - Allocating UMIs for gene 2500...
2024-07-23 15:18:26,726 - INFO - Allocating UMIs for gene 2600...
2024-07-23 15:18:31,215 - INFO - Allocating UMIs for gene 2700...
2024-07-23 15:18:35,705 - INFO - Allocating UMIs for gene 2800...
2024-07-23 15:18:40,203 - INFO - Allocating UMIs for gene 2900...
2024-07-23 15:18:44,816 - INFO - Allocating UMIs for gene 3000...
2024-07-23 15:18:49,311 - INFO - Allocating UMIs for gene 3100...
2024-07-23 15:18:53,801 - INFO - Allocating UMIs for gene 3200...
2024-07-23 15:18:58,300 - INFO - Allocating UMIs for gene 3300...
2024-07-23 15:19:02,814 - INFO - Allocating UMIs for gene 3400...
2024-07-23 15:19:07,354 - INFO - Allocating UMIs for gene 3500...
2024-07-23 15:19:11,803 - INFO - Allocating UMIs for gene 3600...
2024-07-23 15:19:16,219 - INFO - Allocating UMIs for gene 3700...
2024-07-23 15:19:20,603 - INFO - Allocating UMIs for gene 3800...
2024-07-23 15:19:25,146 - INFO - Allocating UMIs for gene 3900...
2024-07-23 15:19:29,682 - INFO - Allocating UMIs for gene 4000...
2024-07-23 15:19:34,175 - INFO - Allocating UMIs for gene 4100...
2024-07-23 15:19:38,652 - INFO - Allocating UMIs for gene 4200...
2024-07-23 15:19:43,057 - INFO - Allocating UMIs for gene 4300...
2024-07-23 15:19:47,498 - INFO - Allocating UMIs for gene 4400...
2024-07-23 15:19:51,885 - INFO - Allocating UMIs for gene 4500...
2024-07-23 15:19:56,425 - INFO - Allocating UMIs for gene 4600...
2024-07-23 15:20:00,862 - INFO - Allocating UMIs for gene 4700...
2024-07-23 15:20:05,338 - INFO - Allocating UMIs for gene 4800...
2024-07-23 15:20:09,851 - INFO - Allocating UMIs for gene 4900...
2024-07-23 15:20:14,334 - INFO - Allocating UMIs for gene 5000...
2024-07-23 15:20:18,848 - INFO - Allocating UMIs for gene 5100...
2024-07-23 15:20:23,332 - INFO - Allocating UMIs for gene 5200...
2024-07-23 15:20:27,796 - INFO - Allocating UMIs for gene 5300...
2024-07-23 15:20:32,283 - INFO - Allocating UMIs for gene 5400...
2024-07-23 15:20:36,795 - INFO - Allocating UMIs for gene 5500...
2024-07-23 15:20:41,263 - INFO - Allocating UMIs for gene 5600...
2024-07-23 15:20:45,708 - INFO - Allocating UMIs for gene 5700...
2024-07-23 15:20:50,209 - INFO - Allocating UMIs for gene 5800...
2024-07-23 15:20:54,663 - INFO - Allocating UMIs for gene 5900...
2024-07-23 15:20:59,561 - INFO - Allocating UMIs for gene 6000...
2024-07-23 15:21:04,308 - INFO - Allocating UMIs for gene 6100...
2024-07-23 15:21:08,910 - INFO - Allocating UMIs for gene 6200...
2024-07-23 15:21:13,597 - INFO - Allocating UMIs for gene 6300...
2024-07-23 15:21:18,307 - INFO - Allocating UMIs for gene 6400...
2024-07-23 15:21:23,043 - INFO - Allocating UMIs for gene 6500...
2024-07-23 15:21:27,775 - INFO - Allocating UMIs for gene 6600...
2024-07-23 15:21:32,361 - INFO - Allocating UMIs for gene 6700...
2024-07-23 15:21:37,063 - INFO - Allocating UMIs for gene 6800...
2024-07-23 15:21:41,658 - INFO - Allocating UMIs for gene 6900...
2024-07-23 15:21:46,468 - INFO - Allocating UMIs for gene 7000...
2024-07-23 15:21:51,126 - INFO - Allocating UMIs for gene 7100...
2024-07-23 15:21:55,782 - INFO - Allocating UMIs for gene 7200...
2024-07-23 15:22:00,445 - INFO - Allocating UMIs for gene 7300...
2024-07-23 15:22:05,104 - INFO - Allocating UMIs for gene 7400...
2024-07-23 15:22:09,767 - INFO - Allocating UMIs for gene 7500...
2024-07-23 15:22:14,451 - INFO - Allocating UMIs for gene 7600...
2024-07-23 15:22:19,064 - INFO - Allocating UMIs for gene 7700...
2024-07-23 15:22:23,776 - INFO - Allocating UMIs for gene 7800...
2024-07-23 15:22:28,473 - INFO - Allocating UMIs for gene 7900...
2024-07-23 15:22:33,168 - INFO - UMI allocation complete.
2024-07-23 15:22:33,168 - INFO - Counting overall UMI occurrences...
2024-07-23 15:22:33,178 - INFO - Counting inter-gene collisions...
2024-07-23 15:22:33,253 - INFO - Total UMIs generated: 262144
2024-07-23 15:22:33,253 - INFO - Total UMIs allocated: 47901
2024-07-23 15:22:33,253 - INFO - Number of unique UMIs assigned to genes: 43783
2024-07-23 15:22:33,253 - INFO - Inter-gene collisions: 4117
2024-07-23 15:22:33,253 - INFO - Inter-gene collision rate: 0.08595
2024-07-23 15:22:33,253 - INFO - Writing gene UMI counts to file...
2024-07-23 15:22:33,256 - INFO - Writing UMI inter-gene collisions to file...
2024-07-23 15:22:33,258 - INFO - Simulation complete.
