2024-07-23 15:22:34,251 - INFO - Simulation Script Version: 0.0.2
2024-07-23 15:22:34,251 - INFO - Simulation Parameters:
2024-07-23 15:22:34,251 - INFO - Length of UMI: 10
2024-07-23 15:22:34,251 - INFO - Number of genes: 8000
2024-07-23 15:22:34,251 - INFO - Parameters file: None
2024-07-23 15:22:34,251 - INFO - Mean (mu): 6.0
2024-07-23 15:22:34,251 - INFO - Dispersion (theta): 6.0
2024-07-23 15:22:34,251 - INFO - Use Poisson distribution: False
2024-07-23 15:22:34,251 - INFO - Gene UMI counts file: gene_8000_umi10_counts_rep5.txt
2024-07-23 15:22:34,251 - INFO - UMI collisions file: umi10_8000_collisions_rep5.txt
2024-07-23 15:22:34,251 - INFO - Seed: None
2024-07-23 15:22:34,251 - INFO - Log file: umi10_8000_rep5.log
2024-07-23 15:22:34,251 - INFO - No seed specified. Generated random seed: 1858246648
2024-07-23 15:22:34,251 - INFO - Generating all possible UMIs...
2024-07-23 15:22:34,555 - INFO - Total possible UMIs generated: 262144
2024-07-23 15:22:34,555 - INFO - Loading parameters...
2024-07-23 15:22:34,555 - INFO - Sampling read depths for each gene...
2024-07-23 15:22:34,844 - INFO - Read depths sampling complete.
2024-07-23 15:22:34,844 - INFO - Allocating UMIs based on sampled read depths...
2024-07-23 15:22:34,844 - INFO - Allocating UMIs for gene 0...
2024-07-23 15:22:39,583 - INFO - Allocating UMIs for gene 100...
2024-07-23 15:22:44,291 - INFO - Allocating UMIs for gene 200...
2024-07-23 15:22:48,907 - INFO - Allocating UMIs for gene 300...
2024-07-23 15:22:53,639 - INFO - Allocating UMIs for gene 400...
2024-07-23 15:22:58,358 - INFO - Allocating UMIs for gene 500...
2024-07-23 15:23:03,037 - INFO - Allocating UMIs for gene 600...
2024-07-23 15:23:07,775 - INFO - Allocating UMIs for gene 700...
2024-07-23 15:23:12,461 - INFO - Allocating UMIs for gene 800...
2024-07-23 15:23:17,205 - INFO - Allocating UMIs for gene 900...
2024-07-23 15:23:21,978 - INFO - Allocating UMIs for gene 1000...
2024-07-23 15:23:26,638 - INFO - Allocating UMIs for gene 1100...
2024-07-23 15:23:31,401 - INFO - Allocating UMIs for gene 1200...
2024-07-23 15:23:36,129 - INFO - Allocating UMIs for gene 1300...
2024-07-23 15:23:40,705 - INFO - Allocating UMIs for gene 1400...
2024-07-23 15:23:45,289 - INFO - Allocating UMIs for gene 1500...
2024-07-23 15:23:49,844 - INFO - Allocating UMIs for gene 1600...
2024-07-23 15:23:54,527 - INFO - Allocating UMIs for gene 1700...
2024-07-23 15:23:59,045 - INFO - Allocating UMIs for gene 1800...
2024-07-23 15:24:03,818 - INFO - Allocating UMIs for gene 1900...
2024-07-23 15:24:08,561 - INFO - Allocating UMIs for gene 2000...
2024-07-23 15:24:13,322 - INFO - Allocating UMIs for gene 2100...
2024-07-23 15:24:18,007 - INFO - Allocating UMIs for gene 2200...
2024-07-23 15:24:22,713 - INFO - Allocating UMIs for gene 2300...
2024-07-23 15:24:27,380 - INFO - Allocating UMIs for gene 2400...
2024-07-23 15:24:32,126 - INFO - Allocating UMIs for gene 2500...
2024-07-23 15:24:36,775 - INFO - Allocating UMIs for gene 2600...
2024-07-23 15:24:41,379 - INFO - Allocating UMIs for gene 2700...
2024-07-23 15:24:46,036 - INFO - Allocating UMIs for gene 2800...
2024-07-23 15:24:50,777 - INFO - Allocating UMIs for gene 2900...
2024-07-23 15:24:55,544 - INFO - Allocating UMIs for gene 3000...
2024-07-23 15:25:00,236 - INFO - Allocating UMIs for gene 3100...
2024-07-23 15:25:04,949 - INFO - Allocating UMIs for gene 3200...
2024-07-23 15:25:09,503 - INFO - Allocating UMIs for gene 3300...
2024-07-23 15:25:14,192 - INFO - Allocating UMIs for gene 3400...
2024-07-23 15:25:18,897 - INFO - Allocating UMIs for gene 3500...
2024-07-23 15:25:23,590 - INFO - Allocating UMIs for gene 3600...
2024-07-23 15:25:28,360 - INFO - Allocating UMIs for gene 3700...
2024-07-23 15:25:33,004 - INFO - Allocating UMIs for gene 3800...
2024-07-23 15:25:37,757 - INFO - Allocating UMIs for gene 3900...
2024-07-23 15:25:42,570 - INFO - Allocating UMIs for gene 4000...
2024-07-23 15:25:47,111 - INFO - Allocating UMIs for gene 4100...
2024-07-23 15:25:51,524 - INFO - Allocating UMIs for gene 4200...
2024-07-23 15:25:55,931 - INFO - Allocating UMIs for gene 4300...
2024-07-23 15:26:00,408 - INFO - Allocating UMIs for gene 4400...
2024-07-23 15:26:04,924 - INFO - Allocating UMIs for gene 4500...
2024-07-23 15:26:09,294 - INFO - Allocating UMIs for gene 4600...
2024-07-23 15:26:13,836 - INFO - Allocating UMIs for gene 4700...
2024-07-23 15:26:18,369 - INFO - Allocating UMIs for gene 4800...
2024-07-23 15:26:22,855 - INFO - Allocating UMIs for gene 4900...
2024-07-23 15:26:27,336 - INFO - Allocating UMIs for gene 5000...
2024-07-23 15:26:31,840 - INFO - Allocating UMIs for gene 5100...
2024-07-23 15:26:36,341 - INFO - Allocating UMIs for gene 5200...
2024-07-23 15:26:40,886 - INFO - Allocating UMIs for gene 5300...
2024-07-23 15:26:45,280 - INFO - Allocating UMIs for gene 5400...
2024-07-23 15:26:49,789 - INFO - Allocating UMIs for gene 5500...
2024-07-23 15:26:54,245 - INFO - Allocating UMIs for gene 5600...
2024-07-23 15:26:58,703 - INFO - Allocating UMIs for gene 5700...
2024-07-23 15:27:03,197 - INFO - Allocating UMIs for gene 5800...
2024-07-23 15:27:07,585 - INFO - Allocating UMIs for gene 5900...
2024-07-23 15:27:12,082 - INFO - Allocating UMIs for gene 6000...
2024-07-23 15:27:16,439 - INFO - Allocating UMIs for gene 6100...
2024-07-23 15:27:20,952 - INFO - Allocating UMIs for gene 6200...
2024-07-23 15:27:25,473 - INFO - Allocating UMIs for gene 6300...
2024-07-23 15:27:29,971 - INFO - Allocating UMIs for gene 6400...
2024-07-23 15:27:34,465 - INFO - Allocating UMIs for gene 6500...
2024-07-23 15:27:38,949 - INFO - Allocating UMIs for gene 6600...
2024-07-23 15:27:43,403 - INFO - Allocating UMIs for gene 6700...
2024-07-23 15:27:47,723 - INFO - Allocating UMIs for gene 6800...
2024-07-23 15:27:52,130 - INFO - Allocating UMIs for gene 6900...
2024-07-23 15:27:56,610 - INFO - Allocating UMIs for gene 7000...
2024-07-23 15:28:00,861 - INFO - Allocating UMIs for gene 7100...
2024-07-23 15:28:05,079 - INFO - Allocating UMIs for gene 7200...
2024-07-23 15:28:09,302 - INFO - Allocating UMIs for gene 7300...
2024-07-23 15:28:13,527 - INFO - Allocating UMIs for gene 7400...
2024-07-23 15:28:17,798 - INFO - Allocating UMIs for gene 7500...
2024-07-23 15:28:21,899 - INFO - Allocating UMIs for gene 7600...
2024-07-23 15:28:26,088 - INFO - Allocating UMIs for gene 7700...
2024-07-23 15:28:30,244 - INFO - Allocating UMIs for gene 7800...
2024-07-23 15:28:34,471 - INFO - Allocating UMIs for gene 7900...
2024-07-23 15:28:38,658 - INFO - UMI allocation complete.
2024-07-23 15:28:38,659 - INFO - Counting overall UMI occurrences...
2024-07-23 15:28:38,668 - INFO - Counting inter-gene collisions...
2024-07-23 15:28:38,734 - INFO - Total UMIs generated: 262144
2024-07-23 15:28:38,734 - INFO - Total UMIs allocated: 47890
2024-07-23 15:28:38,734 - INFO - Number of unique UMIs assigned to genes: 43868
2024-07-23 15:28:38,734 - INFO - Inter-gene collisions: 4022
2024-07-23 15:28:38,734 - INFO - Inter-gene collision rate: 0.08398
2024-07-23 15:28:38,734 - INFO - Writing gene UMI counts to file...
2024-07-23 15:28:38,737 - INFO - Writing UMI inter-gene collisions to file...
2024-07-23 15:28:38,739 - INFO - Simulation complete.
