2024-07-23 15:39:55,959 - INFO - Simulation Script Version: 0.0.2
2024-07-23 15:39:55,959 - INFO - Simulation Parameters:
2024-07-23 15:39:55,960 - INFO - Length of UMI: 10
2024-07-23 15:39:55,960 - INFO - Number of genes: 8000
2024-07-23 15:39:55,960 - INFO - Parameters file: None
2024-07-23 15:39:55,960 - INFO - Mean (mu): 6.0
2024-07-23 15:39:55,960 - INFO - Dispersion (theta): 6.0
2024-07-23 15:39:55,960 - INFO - Use Poisson distribution: False
2024-07-23 15:39:55,960 - INFO - Gene UMI counts file: gene_8000_umi10_counts_rep8.txt
2024-07-23 15:39:55,960 - INFO - UMI collisions file: umi10_8000_collisions_rep8.txt
2024-07-23 15:39:55,960 - INFO - Seed: None
2024-07-23 15:39:55,960 - INFO - Log file: umi10_8000_rep8.log
2024-07-23 15:39:55,960 - INFO - No seed specified. Generated random seed: 4005480800
2024-07-23 15:39:55,960 - INFO - Generating all possible UMIs...
2024-07-23 15:39:56,249 - INFO - Total possible UMIs generated: 262144
2024-07-23 15:39:56,249 - INFO - Loading parameters...
2024-07-23 15:39:56,249 - INFO - Sampling read depths for each gene...
2024-07-23 15:39:56,523 - INFO - Read depths sampling complete.
2024-07-23 15:39:56,524 - INFO - Allocating UMIs based on sampled read depths...
2024-07-23 15:39:56,524 - INFO - Allocating UMIs for gene 0...
2024-07-23 15:40:01,047 - INFO - Allocating UMIs for gene 100...
2024-07-23 15:40:05,547 - INFO - Allocating UMIs for gene 200...
2024-07-23 15:40:10,048 - INFO - Allocating UMIs for gene 300...
2024-07-23 15:40:14,578 - INFO - Allocating UMIs for gene 400...
2024-07-23 15:40:18,920 - INFO - Allocating UMIs for gene 500...
2024-07-23 15:40:23,411 - INFO - Allocating UMIs for gene 600...
2024-07-23 15:40:27,909 - INFO - Allocating UMIs for gene 700...
2024-07-23 15:40:32,338 - INFO - Allocating UMIs for gene 800...
2024-07-23 15:40:36,746 - INFO - Allocating UMIs for gene 900...
2024-07-23 15:40:41,228 - INFO - Allocating UMIs for gene 1000...
2024-07-23 15:40:45,585 - INFO - Allocating UMIs for gene 1100...
2024-07-23 15:40:50,130 - INFO - Allocating UMIs for gene 1200...
2024-07-23 15:40:54,609 - INFO - Allocating UMIs for gene 1300...
2024-07-23 15:40:59,050 - INFO - Allocating UMIs for gene 1400...
2024-07-23 15:41:03,520 - INFO - Allocating UMIs for gene 1500...
2024-07-23 15:41:07,933 - INFO - Allocating UMIs for gene 1600...
2024-07-23 15:41:12,301 - INFO - Allocating UMIs for gene 1700...
2024-07-23 15:41:16,766 - INFO - Allocating UMIs for gene 1800...
2024-07-23 15:41:21,218 - INFO - Allocating UMIs for gene 1900...
2024-07-23 15:41:25,674 - INFO - Allocating UMIs for gene 2000...
2024-07-23 15:41:30,090 - INFO - Allocating UMIs for gene 2100...
2024-07-23 15:41:34,506 - INFO - Allocating UMIs for gene 2200...
2024-07-23 15:41:38,991 - INFO - Allocating UMIs for gene 2300...
2024-07-23 15:41:43,403 - INFO - Allocating UMIs for gene 2400...
2024-07-23 15:41:47,777 - INFO - Allocating UMIs for gene 2500...
2024-07-23 15:41:52,228 - INFO - Allocating UMIs for gene 2600...
2024-07-23 15:41:56,638 - INFO - Allocating UMIs for gene 2700...
2024-07-23 15:42:01,078 - INFO - Allocating UMIs for gene 2800...
2024-07-23 15:42:05,564 - INFO - Allocating UMIs for gene 2900...
2024-07-23 15:42:10,098 - INFO - Allocating UMIs for gene 3000...
2024-07-23 15:42:14,555 - INFO - Allocating UMIs for gene 3100...
2024-07-23 15:42:18,925 - INFO - Allocating UMIs for gene 3200...
2024-07-23 15:42:23,327 - INFO - Allocating UMIs for gene 3300...
2024-07-23 15:42:27,740 - INFO - Allocating UMIs for gene 3400...
2024-07-23 15:42:32,193 - INFO - Allocating UMIs for gene 3500...
2024-07-23 15:42:36,601 - INFO - Allocating UMIs for gene 3600...
2024-07-23 15:42:41,102 - INFO - Allocating UMIs for gene 3700...
2024-07-23 15:42:45,565 - INFO - Allocating UMIs for gene 3800...
2024-07-23 15:42:50,060 - INFO - Allocating UMIs for gene 3900...
2024-07-23 15:42:54,454 - INFO - Allocating UMIs for gene 4000...
2024-07-23 15:42:58,608 - INFO - Allocating UMIs for gene 4100...
2024-07-23 15:43:02,689 - INFO - Allocating UMIs for gene 4200...
2024-07-23 15:43:06,873 - INFO - Allocating UMIs for gene 4300...
2024-07-23 15:43:11,023 - INFO - Allocating UMIs for gene 4400...
2024-07-23 15:43:15,054 - INFO - Allocating UMIs for gene 4500...
2024-07-23 15:43:19,186 - INFO - Allocating UMIs for gene 4600...
2024-07-23 15:43:23,312 - INFO - Allocating UMIs for gene 4700...
2024-07-23 15:43:27,450 - INFO - Allocating UMIs for gene 4800...
2024-07-23 15:43:31,427 - INFO - Allocating UMIs for gene 4900...
2024-07-23 15:43:35,497 - INFO - Allocating UMIs for gene 5000...
2024-07-23 15:43:39,726 - INFO - Allocating UMIs for gene 5100...
2024-07-23 15:43:43,895 - INFO - Allocating UMIs for gene 5200...
2024-07-23 15:43:48,036 - INFO - Allocating UMIs for gene 5300...
2024-07-23 15:43:52,087 - INFO - Allocating UMIs for gene 5400...
2024-07-23 15:43:56,058 - INFO - Allocating UMIs for gene 5500...
2024-07-23 15:44:00,193 - INFO - Allocating UMIs for gene 5600...
2024-07-23 15:44:04,309 - INFO - Allocating UMIs for gene 5700...
2024-07-23 15:44:08,549 - INFO - Allocating UMIs for gene 5800...
2024-07-23 15:44:12,725 - INFO - Allocating UMIs for gene 5900...
2024-07-23 15:44:16,900 - INFO - Allocating UMIs for gene 6000...
2024-07-23 15:44:20,957 - INFO - Allocating UMIs for gene 6100...
2024-07-23 15:44:25,008 - INFO - Allocating UMIs for gene 6200...
2024-07-23 15:44:29,164 - INFO - Allocating UMIs for gene 6300...
2024-07-23 15:44:33,291 - INFO - Allocating UMIs for gene 6400...
2024-07-23 15:44:37,516 - INFO - Allocating UMIs for gene 6500...
2024-07-23 15:44:41,639 - INFO - Allocating UMIs for gene 6600...
2024-07-23 15:44:45,813 - INFO - Allocating UMIs for gene 6700...
2024-07-23 15:44:49,887 - INFO - Allocating UMIs for gene 6800...
2024-07-23 15:44:53,895 - INFO - Allocating UMIs for gene 6900...
2024-07-23 15:44:58,048 - INFO - Allocating UMIs for gene 7000...
2024-07-23 15:45:02,237 - INFO - Allocating UMIs for gene 7100...
2024-07-23 15:45:06,479 - INFO - Allocating UMIs for gene 7200...
2024-07-23 15:45:10,591 - INFO - Allocating UMIs for gene 7300...
2024-07-23 15:45:14,649 - INFO - Allocating UMIs for gene 7400...
2024-07-23 15:45:18,787 - INFO - Allocating UMIs for gene 7500...
2024-07-23 15:45:22,835 - INFO - Allocating UMIs for gene 7600...
2024-07-23 15:45:26,971 - INFO - Allocating UMIs for gene 7700...
2024-07-23 15:45:31,123 - INFO - Allocating UMIs for gene 7800...
2024-07-23 15:45:35,277 - INFO - Allocating UMIs for gene 7900...
2024-07-23 15:45:39,424 - INFO - UMI allocation complete.
2024-07-23 15:45:39,425 - INFO - Counting overall UMI occurrences...
2024-07-23 15:45:39,434 - INFO - Counting inter-gene collisions...
2024-07-23 15:45:39,500 - INFO - Total UMIs generated: 262144
2024-07-23 15:45:39,500 - INFO - Total UMIs allocated: 47824
2024-07-23 15:45:39,500 - INFO - Number of unique UMIs assigned to genes: 43655
2024-07-23 15:45:39,500 - INFO - Inter-gene collisions: 4169
2024-07-23 15:45:39,500 - INFO - Inter-gene collision rate: 0.08717
2024-07-23 15:45:39,500 - INFO - Writing gene UMI counts to file...
2024-07-23 15:45:39,503 - INFO - Writing UMI inter-gene collisions to file...
2024-07-23 15:45:39,504 - INFO - Simulation complete.
