2024-07-23 14:57:39,804 - INFO - Simulation Script Version: 0.0.2
2024-07-23 14:57:39,804 - INFO - Simulation Parameters:
2024-07-23 14:57:39,804 - INFO - Length of UMI: 10
2024-07-23 14:57:39,804 - INFO - Number of genes: 8000
2024-07-23 14:57:39,804 - INFO - Parameters file: None
2024-07-23 14:57:39,804 - INFO - Mean (mu): 6.0
2024-07-23 14:57:39,804 - INFO - Dispersion (theta): 6.0
2024-07-23 14:57:39,804 - INFO - Use Poisson distribution: False
2024-07-23 14:57:39,804 - INFO - Gene UMI counts file: gene_8000_umi10_counts_rep1.txt
2024-07-23 14:57:39,804 - INFO - UMI collisions file: umi10_8000_collisions.txt
2024-07-23 14:57:39,804 - INFO - Seed: None
2024-07-23 14:57:39,805 - INFO - Log file: umi10_8000_rep1.log
2024-07-23 14:57:39,805 - INFO - No seed specified. Generated random seed: 2157181809
2024-07-23 14:57:39,805 - INFO - Generating all possible UMIs...
2024-07-23 14:57:40,092 - INFO - Total possible UMIs generated: 262144
2024-07-23 14:57:40,092 - INFO - Loading parameters...
2024-07-23 14:57:40,092 - INFO - Sampling read depths for each gene...
2024-07-23 14:57:40,462 - INFO - Read depths sampling complete.
2024-07-23 14:57:40,463 - INFO - Allocating UMIs based on sampled read depths...
2024-07-23 14:57:40,463 - INFO - Allocating UMIs for gene 0...
2024-07-23 14:57:45,620 - INFO - Allocating UMIs for gene 100...
2024-07-23 14:57:50,478 - INFO - Allocating UMIs for gene 200...
2024-07-23 14:57:55,408 - INFO - Allocating UMIs for gene 300...
2024-07-23 14:58:00,495 - INFO - Allocating UMIs for gene 400...
2024-07-23 14:58:05,461 - INFO - Allocating UMIs for gene 500...
2024-07-23 14:58:10,724 - INFO - Allocating UMIs for gene 600...
2024-07-23 14:58:15,639 - INFO - Allocating UMIs for gene 700...
2024-07-23 14:58:20,559 - INFO - Allocating UMIs for gene 800...
2024-07-23 14:58:25,636 - INFO - Allocating UMIs for gene 900...
2024-07-23 14:58:30,611 - INFO - Allocating UMIs for gene 1000...
2024-07-23 14:58:35,773 - INFO - Allocating UMIs for gene 1100...
2024-07-23 14:58:40,672 - INFO - Allocating UMIs for gene 1200...
2024-07-23 14:58:45,389 - INFO - Allocating UMIs for gene 1300...
2024-07-23 14:58:50,316 - INFO - Allocating UMIs for gene 1400...
2024-07-23 14:58:55,239 - INFO - Allocating UMIs for gene 1500...
2024-07-23 14:59:00,259 - INFO - Allocating UMIs for gene 1600...
2024-07-23 14:59:05,109 - INFO - Allocating UMIs for gene 1700...
2024-07-23 14:59:09,996 - INFO - Allocating UMIs for gene 1800...
2024-07-23 14:59:14,793 - INFO - Allocating UMIs for gene 1900...
2024-07-23 14:59:19,746 - INFO - Allocating UMIs for gene 2000...
2024-07-23 14:59:24,787 - INFO - Allocating UMIs for gene 2100...
2024-07-23 14:59:29,587 - INFO - Allocating UMIs for gene 2200...
2024-07-23 14:59:34,391 - INFO - Allocating UMIs for gene 2300...
2024-07-23 14:59:39,163 - INFO - Allocating UMIs for gene 2400...
2024-07-23 14:59:43,941 - INFO - Allocating UMIs for gene 2500...
2024-07-23 14:59:48,765 - INFO - Allocating UMIs for gene 2600...
2024-07-23 14:59:53,717 - INFO - Allocating UMIs for gene 2700...
2024-07-23 14:59:58,444 - INFO - Allocating UMIs for gene 2800...
2024-07-23 15:00:03,178 - INFO - Allocating UMIs for gene 2900...
2024-07-23 15:00:07,950 - INFO - Allocating UMIs for gene 3000...
2024-07-23 15:00:12,778 - INFO - Allocating UMIs for gene 3100...
2024-07-23 15:00:17,566 - INFO - Allocating UMIs for gene 3200...
2024-07-23 15:00:22,286 - INFO - Allocating UMIs for gene 3300...
2024-07-23 15:00:27,013 - INFO - Allocating UMIs for gene 3400...
2024-07-23 15:00:31,759 - INFO - Allocating UMIs for gene 3500...
2024-07-23 15:00:36,516 - INFO - Allocating UMIs for gene 3600...
2024-07-23 15:00:41,233 - INFO - Allocating UMIs for gene 3700...
2024-07-23 15:00:46,160 - INFO - Allocating UMIs for gene 3800...
2024-07-23 15:00:51,011 - INFO - Allocating UMIs for gene 3900...
2024-07-23 15:00:55,754 - INFO - Allocating UMIs for gene 4000...
2024-07-23 15:01:00,874 - INFO - Allocating UMIs for gene 4100...
2024-07-23 15:01:05,650 - INFO - Allocating UMIs for gene 4200...
2024-07-23 15:01:10,512 - INFO - Allocating UMIs for gene 4300...
2024-07-23 15:01:15,174 - INFO - Allocating UMIs for gene 4400...
2024-07-23 15:01:19,924 - INFO - Allocating UMIs for gene 4500...
2024-07-23 15:01:24,700 - INFO - Allocating UMIs for gene 4600...
2024-07-23 15:01:29,412 - INFO - Allocating UMIs for gene 4700...
2024-07-23 15:01:34,135 - INFO - Allocating UMIs for gene 4800...
2024-07-23 15:01:38,844 - INFO - Allocating UMIs for gene 4900...
2024-07-23 15:01:43,546 - INFO - Allocating UMIs for gene 5000...
2024-07-23 15:01:48,300 - INFO - Allocating UMIs for gene 5100...
2024-07-23 15:01:53,156 - INFO - Allocating UMIs for gene 5200...
2024-07-23 15:01:57,855 - INFO - Allocating UMIs for gene 5300...
2024-07-23 15:02:02,529 - INFO - Allocating UMIs for gene 5400...
2024-07-23 15:02:07,246 - INFO - Allocating UMIs for gene 5500...
2024-07-23 15:02:11,946 - INFO - Allocating UMIs for gene 5600...
2024-07-23 15:02:16,603 - INFO - Allocating UMIs for gene 5700...
2024-07-23 15:02:21,314 - INFO - Allocating UMIs for gene 5800...
2024-07-23 15:02:25,945 - INFO - Allocating UMIs for gene 5900...
2024-07-23 15:02:31,072 - INFO - Allocating UMIs for gene 6000...
2024-07-23 15:02:35,728 - INFO - Allocating UMIs for gene 6100...
2024-07-23 15:02:40,536 - INFO - Allocating UMIs for gene 6200...
2024-07-23 15:02:45,152 - INFO - Allocating UMIs for gene 6300...
2024-07-23 15:02:49,807 - INFO - Allocating UMIs for gene 6400...
2024-07-23 15:02:54,464 - INFO - Allocating UMIs for gene 6500...
2024-07-23 15:02:59,128 - INFO - Allocating UMIs for gene 6600...
2024-07-23 15:03:03,744 - INFO - Allocating UMIs for gene 6700...
2024-07-23 15:03:08,508 - INFO - Allocating UMIs for gene 6800...
2024-07-23 15:03:13,214 - INFO - Allocating UMIs for gene 6900...
2024-07-23 15:03:17,985 - INFO - Allocating UMIs for gene 7000...
2024-07-23 15:03:22,695 - INFO - Allocating UMIs for gene 7100...
2024-07-23 15:03:27,541 - INFO - Allocating UMIs for gene 7200...
2024-07-23 15:03:32,198 - INFO - Allocating UMIs for gene 7300...
2024-07-23 15:03:36,911 - INFO - Allocating UMIs for gene 7400...
2024-07-23 15:03:41,515 - INFO - Allocating UMIs for gene 7500...
2024-07-23 15:03:46,180 - INFO - Allocating UMIs for gene 7600...
2024-07-23 15:03:50,891 - INFO - Allocating UMIs for gene 7700...
2024-07-23 15:03:55,641 - INFO - Allocating UMIs for gene 7800...
2024-07-23 15:04:00,542 - INFO - Allocating UMIs for gene 7900...
2024-07-23 15:04:05,386 - INFO - UMI allocation complete.
2024-07-23 15:04:05,387 - INFO - Counting overall UMI occurrences...
2024-07-23 15:04:05,397 - INFO - Counting inter-gene collisions...
2024-07-23 15:04:05,486 - INFO - Total UMIs generated: 262144
2024-07-23 15:04:05,486 - INFO - Total UMIs allocated: 48043
2024-07-23 15:04:05,486 - INFO - Number of unique UMIs assigned to genes: 43957
2024-07-23 15:04:05,486 - INFO - Inter-gene collisions: 4084
2024-07-23 15:04:05,486 - INFO - Inter-gene collision rate: 0.08501
2024-07-23 15:04:05,486 - INFO - Writing gene UMI counts to file...
2024-07-23 15:04:05,491 - INFO - Writing UMI inter-gene collisions to file...
2024-07-23 15:04:05,493 - INFO - Simulation complete.
