2024-07-23 15:51:13,437 - INFO - Simulation Script Version: 0.0.2
2024-07-23 15:51:13,437 - INFO - Simulation Parameters:
2024-07-23 15:51:13,438 - INFO - Length of UMI: 10
2024-07-23 15:51:13,438 - INFO - Number of genes: 8000
2024-07-23 15:51:13,438 - INFO - Parameters file: None
2024-07-23 15:51:13,438 - INFO - Mean (mu): 6.0
2024-07-23 15:51:13,438 - INFO - Dispersion (theta): 6.0
2024-07-23 15:51:13,438 - INFO - Use Poisson distribution: False
2024-07-23 15:51:13,438 - INFO - Gene UMI counts file: gene_8000_umi10_counts_rep10.txt
2024-07-23 15:51:13,438 - INFO - UMI collisions file: umi10_8000_collisions_rep10.txt
2024-07-23 15:51:13,438 - INFO - Seed: None
2024-07-23 15:51:13,438 - INFO - Log file: umi10_8000_rep10.log
2024-07-23 15:51:13,438 - INFO - No seed specified. Generated random seed: 1880135017
2024-07-23 15:51:13,438 - INFO - Generating all possible UMIs...
2024-07-23 15:51:13,726 - INFO - Total possible UMIs generated: 262144
2024-07-23 15:51:13,727 - INFO - Loading parameters...
2024-07-23 15:51:13,727 - INFO - Sampling read depths for each gene...
2024-07-23 15:51:14,001 - INFO - Read depths sampling complete.
2024-07-23 15:51:14,002 - INFO - Allocating UMIs based on sampled read depths...
2024-07-23 15:51:14,002 - INFO - Allocating UMIs for gene 0...
2024-07-23 15:51:18,294 - INFO - Allocating UMIs for gene 100...
2024-07-23 15:51:22,461 - INFO - Allocating UMIs for gene 200...
2024-07-23 15:51:26,728 - INFO - Allocating UMIs for gene 300...
2024-07-23 15:51:30,759 - INFO - Allocating UMIs for gene 400...
2024-07-23 15:51:34,895 - INFO - Allocating UMIs for gene 500...
2024-07-23 15:51:39,140 - INFO - Allocating UMIs for gene 600...
2024-07-23 15:51:43,270 - INFO - Allocating UMIs for gene 700...
2024-07-23 15:51:47,437 - INFO - Allocating UMIs for gene 800...
2024-07-23 15:51:51,541 - INFO - Allocating UMIs for gene 900...
2024-07-23 15:51:55,666 - INFO - Allocating UMIs for gene 1000...
2024-07-23 15:51:59,801 - INFO - Allocating UMIs for gene 1100...
2024-07-23 15:52:03,989 - INFO - Allocating UMIs for gene 1200...
2024-07-23 15:52:08,191 - INFO - Allocating UMIs for gene 1300...
2024-07-23 15:52:12,286 - INFO - Allocating UMIs for gene 1400...
2024-07-23 15:52:16,325 - INFO - Allocating UMIs for gene 1500...
2024-07-23 15:52:20,524 - INFO - Allocating UMIs for gene 1600...
2024-07-23 15:52:24,620 - INFO - Allocating UMIs for gene 1700...
2024-07-23 15:52:28,737 - INFO - Allocating UMIs for gene 1800...
2024-07-23 15:52:32,721 - INFO - Allocating UMIs for gene 1900...
2024-07-23 15:52:36,863 - INFO - Allocating UMIs for gene 2000...
2024-07-23 15:52:40,978 - INFO - Allocating UMIs for gene 2100...
2024-07-23 15:52:45,141 - INFO - Allocating UMIs for gene 2200...
2024-07-23 15:52:49,356 - INFO - Allocating UMIs for gene 2300...
2024-07-23 15:52:53,427 - INFO - Allocating UMIs for gene 2400...
2024-07-23 15:52:57,440 - INFO - Allocating UMIs for gene 2500...
2024-07-23 15:53:01,548 - INFO - Allocating UMIs for gene 2600...
2024-07-23 15:53:05,719 - INFO - Allocating UMIs for gene 2700...
2024-07-23 15:53:09,900 - INFO - Allocating UMIs for gene 2800...
2024-07-23 15:53:14,057 - INFO - Allocating UMIs for gene 2900...
2024-07-23 15:53:18,301 - INFO - Allocating UMIs for gene 3000...
2024-07-23 15:53:22,449 - INFO - Allocating UMIs for gene 3100...
2024-07-23 15:53:26,649 - INFO - Allocating UMIs for gene 3200...
2024-07-23 15:53:30,804 - INFO - Allocating UMIs for gene 3300...
2024-07-23 15:53:34,879 - INFO - Allocating UMIs for gene 3400...
2024-07-23 15:53:39,017 - INFO - Allocating UMIs for gene 3500...
2024-07-23 15:53:43,117 - INFO - Allocating UMIs for gene 3600...
2024-07-23 15:53:47,319 - INFO - Allocating UMIs for gene 3700...
2024-07-23 15:53:51,514 - INFO - Allocating UMIs for gene 3800...
2024-07-23 15:53:55,723 - INFO - Allocating UMIs for gene 3900...
2024-07-23 15:53:59,848 - INFO - Allocating UMIs for gene 4000...
2024-07-23 15:54:04,102 - INFO - Allocating UMIs for gene 4100...
2024-07-23 15:54:08,152 - INFO - Allocating UMIs for gene 4200...
2024-07-23 15:54:12,226 - INFO - Allocating UMIs for gene 4300...
2024-07-23 15:54:16,325 - INFO - Allocating UMIs for gene 4400...
2024-07-23 15:54:20,435 - INFO - Allocating UMIs for gene 4500...
2024-07-23 15:54:24,617 - INFO - Allocating UMIs for gene 4600...
2024-07-23 15:54:28,758 - INFO - Allocating UMIs for gene 4700...
2024-07-23 15:54:32,817 - INFO - Allocating UMIs for gene 4800...
2024-07-23 15:54:37,041 - INFO - Allocating UMIs for gene 4900...
2024-07-23 15:54:41,149 - INFO - Allocating UMIs for gene 5000...
2024-07-23 15:54:45,347 - INFO - Allocating UMIs for gene 5100...
2024-07-23 15:54:49,552 - INFO - Allocating UMIs for gene 5200...
2024-07-23 15:54:53,640 - INFO - Allocating UMIs for gene 5300...
2024-07-23 15:54:57,847 - INFO - Allocating UMIs for gene 5400...
2024-07-23 15:55:02,039 - INFO - Allocating UMIs for gene 5500...
2024-07-23 15:55:06,257 - INFO - Allocating UMIs for gene 5600...
2024-07-23 15:55:10,340 - INFO - Allocating UMIs for gene 5700...
2024-07-23 15:55:14,447 - INFO - Allocating UMIs for gene 5800...
2024-07-23 15:55:18,597 - INFO - Allocating UMIs for gene 5900...
2024-07-23 15:55:22,781 - INFO - Allocating UMIs for gene 6000...
2024-07-23 15:55:26,906 - INFO - Allocating UMIs for gene 6100...
2024-07-23 15:55:31,039 - INFO - Allocating UMIs for gene 6200...
2024-07-23 15:55:35,239 - INFO - Allocating UMIs for gene 6300...
2024-07-23 15:55:39,339 - INFO - Allocating UMIs for gene 6400...
2024-07-23 15:55:43,436 - INFO - Allocating UMIs for gene 6500...
2024-07-23 15:55:47,542 - INFO - Allocating UMIs for gene 6600...
2024-07-23 15:55:51,520 - INFO - Allocating UMIs for gene 6700...
2024-07-23 15:55:55,709 - INFO - Allocating UMIs for gene 6800...
2024-07-23 15:55:59,841 - INFO - Allocating UMIs for gene 6900...
2024-07-23 15:56:04,084 - INFO - Allocating UMIs for gene 7000...
2024-07-23 15:56:08,253 - INFO - Allocating UMIs for gene 7100...
2024-07-23 15:56:12,361 - INFO - Allocating UMIs for gene 7200...
2024-07-23 15:56:16,454 - INFO - Allocating UMIs for gene 7300...
2024-07-23 15:56:20,564 - INFO - Allocating UMIs for gene 7400...
2024-07-23 15:56:24,706 - INFO - Allocating UMIs for gene 7500...
2024-07-23 15:56:28,850 - INFO - Allocating UMIs for gene 7600...
2024-07-23 15:56:33,034 - INFO - Allocating UMIs for gene 7700...
2024-07-23 15:56:37,093 - INFO - Allocating UMIs for gene 7800...
2024-07-23 15:56:41,247 - INFO - Allocating UMIs for gene 7900...
2024-07-23 15:56:45,298 - INFO - UMI allocation complete.
2024-07-23 15:56:45,298 - INFO - Counting overall UMI occurrences...
2024-07-23 15:56:45,308 - INFO - Counting inter-gene collisions...
2024-07-23 15:56:45,375 - INFO - Total UMIs generated: 262144
2024-07-23 15:56:45,375 - INFO - Total UMIs allocated: 48078
2024-07-23 15:56:45,375 - INFO - Number of unique UMIs assigned to genes: 43782
2024-07-23 15:56:45,375 - INFO - Inter-gene collisions: 4295
2024-07-23 15:56:45,375 - INFO - Inter-gene collision rate: 0.08933
2024-07-23 15:56:45,375 - INFO - Writing gene UMI counts to file...
2024-07-23 15:56:45,377 - INFO - Writing UMI inter-gene collisions to file...
2024-07-23 15:56:45,379 - INFO - Simulation complete.
