2024-07-23 14:57:36,739 - INFO - Simulation Script Version: 0.0.2
2024-07-23 14:57:36,739 - INFO - Simulation Parameters:
2024-07-23 14:57:36,740 - INFO - Length of UMI: 10
2024-07-23 14:57:36,740 - INFO - Number of genes: 10000
2024-07-23 14:57:36,740 - INFO - Parameters file: None
2024-07-23 14:57:36,740 - INFO - Mean (mu): 6.0
2024-07-23 14:57:36,740 - INFO - Dispersion (theta): 6.0
2024-07-23 14:57:36,740 - INFO - Use Poisson distribution: False
2024-07-23 14:57:36,740 - INFO - Gene UMI counts file: gene_10000_umi10_counts_rep1.txt
2024-07-23 14:57:36,740 - INFO - UMI collisions file: umi10_10000_collisions.txt
2024-07-23 14:57:36,740 - INFO - Seed: None
2024-07-23 14:57:36,740 - INFO - Log file: umi10_10000_rep1.log
2024-07-23 14:57:36,740 - INFO - No seed specified. Generated random seed: 2433519792
2024-07-23 14:57:36,740 - INFO - Generating all possible UMIs...
2024-07-23 14:57:36,997 - INFO - Total possible UMIs generated: 262144
2024-07-23 14:57:36,998 - INFO - Loading parameters...
2024-07-23 14:57:36,998 - INFO - Sampling read depths for each gene...
2024-07-23 14:57:37,340 - INFO - Read depths sampling complete.
2024-07-23 14:57:37,340 - INFO - Allocating UMIs based on sampled read depths...
2024-07-23 14:57:37,340 - INFO - Allocating UMIs for gene 0...
2024-07-23 14:57:41,486 - INFO - Allocating UMIs for gene 100...
2024-07-23 14:57:45,491 - INFO - Allocating UMIs for gene 200...
2024-07-23 14:57:49,579 - INFO - Allocating UMIs for gene 300...
2024-07-23 14:57:53,709 - INFO - Allocating UMIs for gene 400...
2024-07-23 14:57:57,867 - INFO - Allocating UMIs for gene 500...
2024-07-23 14:58:02,008 - INFO - Allocating UMIs for gene 600...
2024-07-23 14:58:06,134 - INFO - Allocating UMIs for gene 700...
2024-07-23 14:58:10,217 - INFO - Allocating UMIs for gene 800...
2024-07-23 14:58:14,282 - INFO - Allocating UMIs for gene 900...
2024-07-23 14:58:18,310 - INFO - Allocating UMIs for gene 1000...
2024-07-23 14:58:22,428 - INFO - Allocating UMIs for gene 1100...
2024-07-23 14:58:26,450 - INFO - Allocating UMIs for gene 1200...
2024-07-23 14:58:30,564 - INFO - Allocating UMIs for gene 1300...
2024-07-23 14:58:34,655 - INFO - Allocating UMIs for gene 1400...
2024-07-23 14:58:38,728 - INFO - Allocating UMIs for gene 1500...
2024-07-23 14:58:42,757 - INFO - Allocating UMIs for gene 1600...
2024-07-23 14:58:46,853 - INFO - Allocating UMIs for gene 1700...
2024-07-23 14:58:50,968 - INFO - Allocating UMIs for gene 1800...
2024-07-23 14:58:55,005 - INFO - Allocating UMIs for gene 1900...
2024-07-23 14:58:59,022 - INFO - Allocating UMIs for gene 2000...
2024-07-23 14:59:03,084 - INFO - Allocating UMIs for gene 2100...
2024-07-23 14:59:06,974 - INFO - Allocating UMIs for gene 2200...
2024-07-23 14:59:11,006 - INFO - Allocating UMIs for gene 2300...
2024-07-23 14:59:15,029 - INFO - Allocating UMIs for gene 2400...
2024-07-23 14:59:19,103 - INFO - Allocating UMIs for gene 2500...
2024-07-23 14:59:23,171 - INFO - Allocating UMIs for gene 2600...
2024-07-23 14:59:27,292 - INFO - Allocating UMIs for gene 2700...
2024-07-23 14:59:31,390 - INFO - Allocating UMIs for gene 2800...
2024-07-23 14:59:35,450 - INFO - Allocating UMIs for gene 2900...
2024-07-23 14:59:39,557 - INFO - Allocating UMIs for gene 3000...
2024-07-23 14:59:43,716 - INFO - Allocating UMIs for gene 3100...
2024-07-23 14:59:47,789 - INFO - Allocating UMIs for gene 3200...
2024-07-23 14:59:51,762 - INFO - Allocating UMIs for gene 3300...
2024-07-23 14:59:55,879 - INFO - Allocating UMIs for gene 3400...
2024-07-23 14:59:59,900 - INFO - Allocating UMIs for gene 3500...
2024-07-23 15:00:03,888 - INFO - Allocating UMIs for gene 3600...
2024-07-23 15:00:08,032 - INFO - Allocating UMIs for gene 3700...
2024-07-23 15:00:12,182 - INFO - Allocating UMIs for gene 3800...
2024-07-23 15:00:16,242 - INFO - Allocating UMIs for gene 3900...
2024-07-23 15:00:20,311 - INFO - Allocating UMIs for gene 4000...
2024-07-23 15:00:24,374 - INFO - Allocating UMIs for gene 4100...
2024-07-23 15:00:28,451 - INFO - Allocating UMIs for gene 4200...
2024-07-23 15:00:32,478 - INFO - Allocating UMIs for gene 4300...
2024-07-23 15:00:36,640 - INFO - Allocating UMIs for gene 4400...
2024-07-23 15:00:40,710 - INFO - Allocating UMIs for gene 4500...
2024-07-23 15:00:44,853 - INFO - Allocating UMIs for gene 4600...
2024-07-23 15:00:48,956 - INFO - Allocating UMIs for gene 4700...
2024-07-23 15:00:53,069 - INFO - Allocating UMIs for gene 4800...
2024-07-23 15:00:57,218 - INFO - Allocating UMIs for gene 4900...
2024-07-23 15:01:01,155 - INFO - Allocating UMIs for gene 5000...
2024-07-23 15:01:05,224 - INFO - Allocating UMIs for gene 5100...
2024-07-23 15:01:09,339 - INFO - Allocating UMIs for gene 5200...
2024-07-23 15:01:13,459 - INFO - Allocating UMIs for gene 5300...
2024-07-23 15:01:17,498 - INFO - Allocating UMIs for gene 5400...
2024-07-23 15:01:21,640 - INFO - Allocating UMIs for gene 5500...
2024-07-23 15:01:25,656 - INFO - Allocating UMIs for gene 5600...
2024-07-23 15:01:29,715 - INFO - Allocating UMIs for gene 5700...
2024-07-23 15:01:33,870 - INFO - Allocating UMIs for gene 5800...
2024-07-23 15:01:37,971 - INFO - Allocating UMIs for gene 5900...
2024-07-23 15:01:42,082 - INFO - Allocating UMIs for gene 6000...
2024-07-23 15:01:46,148 - INFO - Allocating UMIs for gene 6100...
2024-07-23 15:01:50,125 - INFO - Allocating UMIs for gene 6200...
2024-07-23 15:01:54,207 - INFO - Allocating UMIs for gene 6300...
2024-07-23 15:01:58,358 - INFO - Allocating UMIs for gene 6400...
2024-07-23 15:02:02,435 - INFO - Allocating UMIs for gene 6500...
2024-07-23 15:02:06,594 - INFO - Allocating UMIs for gene 6600...
2024-07-23 15:02:10,641 - INFO - Allocating UMIs for gene 6700...
2024-07-23 15:02:14,793 - INFO - Allocating UMIs for gene 6800...
2024-07-23 15:02:18,912 - INFO - Allocating UMIs for gene 6900...
2024-07-23 15:02:22,969 - INFO - Allocating UMIs for gene 7000...
2024-07-23 15:02:27,114 - INFO - Allocating UMIs for gene 7100...
2024-07-23 15:02:31,259 - INFO - Allocating UMIs for gene 7200...
2024-07-23 15:02:35,423 - INFO - Allocating UMIs for gene 7300...
2024-07-23 15:02:39,547 - INFO - Allocating UMIs for gene 7400...
2024-07-23 15:02:43,658 - INFO - Allocating UMIs for gene 7500...
2024-07-23 15:02:47,672 - INFO - Allocating UMIs for gene 7600...
2024-07-23 15:02:51,770 - INFO - Allocating UMIs for gene 7700...
2024-07-23 15:02:55,872 - INFO - Allocating UMIs for gene 7800...
2024-07-23 15:03:00,024 - INFO - Allocating UMIs for gene 7900...
2024-07-23 15:03:04,173 - INFO - Allocating UMIs for gene 8000...
2024-07-23 15:03:08,314 - INFO - Allocating UMIs for gene 8100...
2024-07-23 15:03:12,420 - INFO - Allocating UMIs for gene 8200...
2024-07-23 15:03:16,520 - INFO - Allocating UMIs for gene 8300...
2024-07-23 15:03:20,657 - INFO - Allocating UMIs for gene 8400...
2024-07-23 15:03:24,690 - INFO - Allocating UMIs for gene 8500...
2024-07-23 15:03:28,831 - INFO - Allocating UMIs for gene 8600...
2024-07-23 15:03:32,974 - INFO - Allocating UMIs for gene 8700...
2024-07-23 15:03:37,115 - INFO - Allocating UMIs for gene 8800...
2024-07-23 15:03:41,100 - INFO - Allocating UMIs for gene 8900...
2024-07-23 15:03:45,124 - INFO - Allocating UMIs for gene 9000...
2024-07-23 15:03:49,158 - INFO - Allocating UMIs for gene 9100...
2024-07-23 15:03:53,218 - INFO - Allocating UMIs for gene 9200...
2024-07-23 15:03:57,317 - INFO - Allocating UMIs for gene 9300...
2024-07-23 15:04:01,447 - INFO - Allocating UMIs for gene 9400...
2024-07-23 15:04:05,571 - INFO - Allocating UMIs for gene 9500...
2024-07-23 15:04:09,732 - INFO - Allocating UMIs for gene 9600...
2024-07-23 15:04:13,884 - INFO - Allocating UMIs for gene 9700...
2024-07-23 15:04:17,914 - INFO - Allocating UMIs for gene 9800...
2024-07-23 15:04:22,010 - INFO - Allocating UMIs for gene 9900...
2024-07-23 15:04:26,033 - INFO - UMI allocation complete.
2024-07-23 15:04:26,033 - INFO - Counting overall UMI occurrences...
2024-07-23 15:04:26,044 - INFO - Counting inter-gene collisions...
2024-07-23 15:04:26,123 - INFO - Total UMIs generated: 262144
2024-07-23 15:04:26,123 - INFO - Total UMIs allocated: 60354
2024-07-23 15:04:26,123 - INFO - Number of unique UMIs assigned to genes: 53881
2024-07-23 15:04:26,123 - INFO - Inter-gene collisions: 6471
2024-07-23 15:04:26,123 - INFO - Inter-gene collision rate: 0.10722
2024-07-23 15:04:26,123 - INFO - Writing gene UMI counts to file...
2024-07-23 15:04:26,130 - INFO - Writing UMI inter-gene collisions to file...
2024-07-23 15:04:26,133 - INFO - Simulation complete.
