2024-07-23 15:24:47,291 - INFO - Simulation Script Version: 0.0.2
2024-07-23 15:24:47,291 - INFO - Simulation Parameters:
2024-07-23 15:24:47,291 - INFO - Length of UMI: 10
2024-07-23 15:24:47,291 - INFO - Number of genes: 10000
2024-07-23 15:24:47,291 - INFO - Parameters file: None
2024-07-23 15:24:47,291 - INFO - Mean (mu): 6.0
2024-07-23 15:24:47,291 - INFO - Dispersion (theta): 6.0
2024-07-23 15:24:47,291 - INFO - Use Poisson distribution: False
2024-07-23 15:24:47,291 - INFO - Gene UMI counts file: gene_10000_umi10_counts_rep5.txt
2024-07-23 15:24:47,291 - INFO - UMI collisions file: umi10_10000_collisions_rep5.txt
2024-07-23 15:24:47,291 - INFO - Seed: None
2024-07-23 15:24:47,291 - INFO - Log file: umi10_10000_rep5.log
2024-07-23 15:24:47,292 - INFO - No seed specified. Generated random seed: 502016586
2024-07-23 15:24:47,292 - INFO - Generating all possible UMIs...
2024-07-23 15:24:47,547 - INFO - Total possible UMIs generated: 262144
2024-07-23 15:24:47,548 - INFO - Loading parameters...
2024-07-23 15:24:47,548 - INFO - Sampling read depths for each gene...
2024-07-23 15:24:47,893 - INFO - Read depths sampling complete.
2024-07-23 15:24:47,894 - INFO - Allocating UMIs based on sampled read depths...
2024-07-23 15:24:47,894 - INFO - Allocating UMIs for gene 0...
2024-07-23 15:24:52,061 - INFO - Allocating UMIs for gene 100...
2024-07-23 15:24:56,236 - INFO - Allocating UMIs for gene 200...
2024-07-23 15:25:00,373 - INFO - Allocating UMIs for gene 300...
2024-07-23 15:25:04,434 - INFO - Allocating UMIs for gene 400...
2024-07-23 15:25:08,363 - INFO - Allocating UMIs for gene 500...
2024-07-23 15:25:12,530 - INFO - Allocating UMIs for gene 600...
2024-07-23 15:25:16,699 - INFO - Allocating UMIs for gene 700...
2024-07-23 15:25:20,765 - INFO - Allocating UMIs for gene 800...
2024-07-23 15:25:24,906 - INFO - Allocating UMIs for gene 900...
2024-07-23 15:25:29,058 - INFO - Allocating UMIs for gene 1000...
2024-07-23 15:25:33,102 - INFO - Allocating UMIs for gene 1100...
2024-07-23 15:25:37,174 - INFO - Allocating UMIs for gene 1200...
2024-07-23 15:25:41,295 - INFO - Allocating UMIs for gene 1300...
2024-07-23 15:25:45,414 - INFO - Allocating UMIs for gene 1400...
2024-07-23 15:25:49,500 - INFO - Allocating UMIs for gene 1500...
2024-07-23 15:25:53,529 - INFO - Allocating UMIs for gene 1600...
2024-07-23 15:25:57,686 - INFO - Allocating UMIs for gene 1700...
2024-07-23 15:26:01,690 - INFO - Allocating UMIs for gene 1800...
2024-07-23 15:26:05,839 - INFO - Allocating UMIs for gene 1900...
2024-07-23 15:26:09,960 - INFO - Allocating UMIs for gene 2000...
2024-07-23 15:26:13,999 - INFO - Allocating UMIs for gene 2100...
2024-07-23 15:26:18,072 - INFO - Allocating UMIs for gene 2200...
2024-07-23 15:26:22,149 - INFO - Allocating UMIs for gene 2300...
2024-07-23 15:26:26,275 - INFO - Allocating UMIs for gene 2400...
2024-07-23 15:26:30,367 - INFO - Allocating UMIs for gene 2500...
2024-07-23 15:26:34,516 - INFO - Allocating UMIs for gene 2600...
2024-07-23 15:26:38,626 - INFO - Allocating UMIs for gene 2700...
2024-07-23 15:26:42,789 - INFO - Allocating UMIs for gene 2800...
2024-07-23 15:26:46,825 - INFO - Allocating UMIs for gene 2900...
2024-07-23 15:26:50,998 - INFO - Allocating UMIs for gene 3000...
2024-07-23 15:26:55,088 - INFO - Allocating UMIs for gene 3100...
2024-07-23 15:26:59,185 - INFO - Allocating UMIs for gene 3200...
2024-07-23 15:27:03,214 - INFO - Allocating UMIs for gene 3300...
2024-07-23 15:27:07,323 - INFO - Allocating UMIs for gene 3400...
2024-07-23 15:27:11,393 - INFO - Allocating UMIs for gene 3500...
2024-07-23 15:27:15,466 - INFO - Allocating UMIs for gene 3600...
2024-07-23 15:27:19,491 - INFO - Allocating UMIs for gene 3700...
2024-07-23 15:27:23,520 - INFO - Allocating UMIs for gene 3800...
2024-07-23 15:27:27,591 - INFO - Allocating UMIs for gene 3900...
2024-07-23 15:27:31,747 - INFO - Allocating UMIs for gene 4000...
2024-07-23 15:27:35,833 - INFO - Allocating UMIs for gene 4100...
2024-07-23 15:27:39,933 - INFO - Allocating UMIs for gene 4200...
2024-07-23 15:27:44,050 - INFO - Allocating UMIs for gene 4300...
2024-07-23 15:27:48,174 - INFO - Allocating UMIs for gene 4400...
2024-07-23 15:27:52,298 - INFO - Allocating UMIs for gene 4500...
2024-07-23 15:27:56,453 - INFO - Allocating UMIs for gene 4600...
2024-07-23 15:28:00,624 - INFO - Allocating UMIs for gene 4700...
2024-07-23 15:28:04,786 - INFO - Allocating UMIs for gene 4800...
2024-07-23 15:28:08,862 - INFO - Allocating UMIs for gene 4900...
2024-07-23 15:28:13,029 - INFO - Allocating UMIs for gene 5000...
2024-07-23 15:28:17,144 - INFO - Allocating UMIs for gene 5100...
2024-07-23 15:28:21,302 - INFO - Allocating UMIs for gene 5200...
2024-07-23 15:28:25,453 - INFO - Allocating UMIs for gene 5300...
2024-07-23 15:28:29,625 - INFO - Allocating UMIs for gene 5400...
2024-07-23 15:28:33,658 - INFO - Allocating UMIs for gene 5500...
2024-07-23 15:28:37,769 - INFO - Allocating UMIs for gene 5600...
2024-07-23 15:28:41,884 - INFO - Allocating UMIs for gene 5700...
2024-07-23 15:28:46,042 - INFO - Allocating UMIs for gene 5800...
2024-07-23 15:28:50,151 - INFO - Allocating UMIs for gene 5900...
2024-07-23 15:28:54,260 - INFO - Allocating UMIs for gene 6000...
2024-07-23 15:28:58,374 - INFO - Allocating UMIs for gene 6100...
2024-07-23 15:29:02,443 - INFO - Allocating UMIs for gene 6200...
2024-07-23 15:29:06,594 - INFO - Allocating UMIs for gene 6300...
2024-07-23 15:29:10,577 - INFO - Allocating UMIs for gene 6400...
2024-07-23 15:29:14,690 - INFO - Allocating UMIs for gene 6500...
2024-07-23 15:29:18,717 - INFO - Allocating UMIs for gene 6600...
2024-07-23 15:29:22,868 - INFO - Allocating UMIs for gene 6700...
2024-07-23 15:29:26,939 - INFO - Allocating UMIs for gene 6800...
2024-07-23 15:29:31,122 - INFO - Allocating UMIs for gene 6900...
2024-07-23 15:29:35,147 - INFO - Allocating UMIs for gene 7000...
2024-07-23 15:29:39,258 - INFO - Allocating UMIs for gene 7100...
2024-07-23 15:29:43,344 - INFO - Allocating UMIs for gene 7200...
2024-07-23 15:29:47,418 - INFO - Allocating UMIs for gene 7300...
2024-07-23 15:29:51,535 - INFO - Allocating UMIs for gene 7400...
2024-07-23 15:29:55,605 - INFO - Allocating UMIs for gene 7500...
2024-07-23 15:29:59,719 - INFO - Allocating UMIs for gene 7600...
2024-07-23 15:30:03,826 - INFO - Allocating UMIs for gene 7700...
2024-07-23 15:30:07,952 - INFO - Allocating UMIs for gene 7800...
2024-07-23 15:30:11,943 - INFO - Allocating UMIs for gene 7900...
2024-07-23 15:30:16,079 - INFO - Allocating UMIs for gene 8000...
2024-07-23 15:30:20,263 - INFO - Allocating UMIs for gene 8100...
2024-07-23 15:30:24,382 - INFO - Allocating UMIs for gene 8200...
2024-07-23 15:30:28,413 - INFO - Allocating UMIs for gene 8300...
2024-07-23 15:30:32,545 - INFO - Allocating UMIs for gene 8400...
2024-07-23 15:30:36,655 - INFO - Allocating UMIs for gene 8500...
2024-07-23 15:30:40,803 - INFO - Allocating UMIs for gene 8600...
2024-07-23 15:30:44,936 - INFO - Allocating UMIs for gene 8700...
2024-07-23 15:30:49,056 - INFO - Allocating UMIs for gene 8800...
2024-07-23 15:30:53,165 - INFO - Allocating UMIs for gene 8900...
2024-07-23 15:30:57,226 - INFO - Allocating UMIs for gene 9000...
2024-07-23 15:31:01,308 - INFO - Allocating UMIs for gene 9100...
2024-07-23 15:31:05,382 - INFO - Allocating UMIs for gene 9200...
2024-07-23 15:31:09,551 - INFO - Allocating UMIs for gene 9300...
2024-07-23 15:31:13,547 - INFO - Allocating UMIs for gene 9400...
2024-07-23 15:31:17,613 - INFO - Allocating UMIs for gene 9500...
2024-07-23 15:31:21,562 - INFO - Allocating UMIs for gene 9600...
2024-07-23 15:31:25,598 - INFO - Allocating UMIs for gene 9700...
2024-07-23 15:31:29,714 - INFO - Allocating UMIs for gene 9800...
2024-07-23 15:31:33,883 - INFO - Allocating UMIs for gene 9900...
2024-07-23 15:31:37,987 - INFO - UMI allocation complete.
2024-07-23 15:31:37,987 - INFO - Counting overall UMI occurrences...
2024-07-23 15:31:37,998 - INFO - Counting inter-gene collisions...
2024-07-23 15:31:38,077 - INFO - Total UMIs generated: 262144
2024-07-23 15:31:38,077 - INFO - Total UMIs allocated: 59524
2024-07-23 15:31:38,077 - INFO - Number of unique UMIs assigned to genes: 53273
2024-07-23 15:31:38,077 - INFO - Inter-gene collisions: 6251
2024-07-23 15:31:38,077 - INFO - Inter-gene collision rate: 0.10502
2024-07-23 15:31:38,077 - INFO - Writing gene UMI counts to file...
2024-07-23 15:31:38,081 - INFO - Writing UMI inter-gene collisions to file...
2024-07-23 15:31:38,083 - INFO - Simulation complete.
