2024-07-23 15:52:14,310 - INFO - Simulation Script Version: 0.0.2
2024-07-23 15:52:14,310 - INFO - Simulation Parameters:
2024-07-23 15:52:14,310 - INFO - Length of UMI: 10
2024-07-23 15:52:14,310 - INFO - Number of genes: 10000
2024-07-23 15:52:14,310 - INFO - Parameters file: None
2024-07-23 15:52:14,310 - INFO - Mean (mu): 6.0
2024-07-23 15:52:14,310 - INFO - Dispersion (theta): 6.0
2024-07-23 15:52:14,311 - INFO - Use Poisson distribution: False
2024-07-23 15:52:14,311 - INFO - Gene UMI counts file: gene_10000_umi10_counts_rep9.txt
2024-07-23 15:52:14,311 - INFO - UMI collisions file: umi10_10000_collisions_rep9.txt
2024-07-23 15:52:14,311 - INFO - Seed: None
2024-07-23 15:52:14,311 - INFO - Log file: umi10_10000_rep9.log
2024-07-23 15:52:14,311 - INFO - No seed specified. Generated random seed: 1997996376
2024-07-23 15:52:14,311 - INFO - Generating all possible UMIs...
2024-07-23 15:52:14,569 - INFO - Total possible UMIs generated: 262144
2024-07-23 15:52:14,569 - INFO - Loading parameters...
2024-07-23 15:52:14,569 - INFO - Sampling read depths for each gene...
2024-07-23 15:52:14,915 - INFO - Read depths sampling complete.
2024-07-23 15:52:14,915 - INFO - Allocating UMIs based on sampled read depths...
2024-07-23 15:52:14,915 - INFO - Allocating UMIs for gene 0...
2024-07-23 15:52:19,073 - INFO - Allocating UMIs for gene 100...
2024-07-23 15:52:23,262 - INFO - Allocating UMIs for gene 200...
2024-07-23 15:52:27,339 - INFO - Allocating UMIs for gene 300...
2024-07-23 15:52:31,417 - INFO - Allocating UMIs for gene 400...
2024-07-23 15:52:35,445 - INFO - Allocating UMIs for gene 500...
2024-07-23 15:52:39,587 - INFO - Allocating UMIs for gene 600...
2024-07-23 15:52:43,628 - INFO - Allocating UMIs for gene 700...
2024-07-23 15:52:47,766 - INFO - Allocating UMIs for gene 800...
2024-07-23 15:52:51,890 - INFO - Allocating UMIs for gene 900...
2024-07-23 15:52:55,984 - INFO - Allocating UMIs for gene 1000...
2024-07-23 15:53:00,103 - INFO - Allocating UMIs for gene 1100...
2024-07-23 15:53:04,247 - INFO - Allocating UMIs for gene 1200...
2024-07-23 15:53:08,394 - INFO - Allocating UMIs for gene 1300...
2024-07-23 15:53:12,455 - INFO - Allocating UMIs for gene 1400...
2024-07-23 15:53:16,615 - INFO - Allocating UMIs for gene 1500...
2024-07-23 15:53:20,666 - INFO - Allocating UMIs for gene 1600...
2024-07-23 15:53:24,759 - INFO - Allocating UMIs for gene 1700...
2024-07-23 15:53:28,773 - INFO - Allocating UMIs for gene 1800...
2024-07-23 15:53:32,931 - INFO - Allocating UMIs for gene 1900...
2024-07-23 15:53:37,029 - INFO - Allocating UMIs for gene 2000...
2024-07-23 15:53:41,185 - INFO - Allocating UMIs for gene 2100...
2024-07-23 15:53:45,324 - INFO - Allocating UMIs for gene 2200...
2024-07-23 15:53:49,383 - INFO - Allocating UMIs for gene 2300...
2024-07-23 15:53:53,483 - INFO - Allocating UMIs for gene 2400...
2024-07-23 15:53:57,590 - INFO - Allocating UMIs for gene 2500...
2024-07-23 15:54:01,664 - INFO - Allocating UMIs for gene 2600...
2024-07-23 15:54:05,736 - INFO - Allocating UMIs for gene 2700...
2024-07-23 15:54:09,882 - INFO - Allocating UMIs for gene 2800...
2024-07-23 15:54:14,028 - INFO - Allocating UMIs for gene 2900...
2024-07-23 15:54:18,123 - INFO - Allocating UMIs for gene 3000...
2024-07-23 15:54:22,225 - INFO - Allocating UMIs for gene 3100...
2024-07-23 15:54:26,349 - INFO - Allocating UMIs for gene 3200...
2024-07-23 15:54:30,407 - INFO - Allocating UMIs for gene 3300...
2024-07-23 15:54:34,468 - INFO - Allocating UMIs for gene 3400...
2024-07-23 15:54:38,520 - INFO - Allocating UMIs for gene 3500...
2024-07-23 15:54:42,624 - INFO - Allocating UMIs for gene 3600...
2024-07-23 15:54:46,684 - INFO - Allocating UMIs for gene 3700...
2024-07-23 15:54:50,776 - INFO - Allocating UMIs for gene 3800...
2024-07-23 15:54:55,030 - INFO - Allocating UMIs for gene 3900...
2024-07-23 15:54:59,083 - INFO - Allocating UMIs for gene 4000...
2024-07-23 15:55:03,206 - INFO - Allocating UMIs for gene 4100...
2024-07-23 15:55:07,387 - INFO - Allocating UMIs for gene 4200...
2024-07-23 15:55:11,535 - INFO - Allocating UMIs for gene 4300...
2024-07-23 15:55:15,597 - INFO - Allocating UMIs for gene 4400...
2024-07-23 15:55:19,692 - INFO - Allocating UMIs for gene 4500...
2024-07-23 15:55:23,827 - INFO - Allocating UMIs for gene 4600...
2024-07-23 15:55:27,918 - INFO - Allocating UMIs for gene 4700...
2024-07-23 15:55:32,011 - INFO - Allocating UMIs for gene 4800...
2024-07-23 15:55:36,023 - INFO - Allocating UMIs for gene 4900...
2024-07-23 15:55:40,166 - INFO - Allocating UMIs for gene 5000...
2024-07-23 15:55:44,230 - INFO - Allocating UMIs for gene 5100...
2024-07-23 15:55:48,364 - INFO - Allocating UMIs for gene 5200...
2024-07-23 15:55:52,377 - INFO - Allocating UMIs for gene 5300...
2024-07-23 15:55:56,392 - INFO - Allocating UMIs for gene 5400...
2024-07-23 15:56:00,445 - INFO - Allocating UMIs for gene 5500...
2024-07-23 15:56:04,551 - INFO - Allocating UMIs for gene 5600...
2024-07-23 15:56:08,478 - INFO - Allocating UMIs for gene 5700...
2024-07-23 15:56:12,578 - INFO - Allocating UMIs for gene 5800...
2024-07-23 15:56:16,552 - INFO - Allocating UMIs for gene 5900...
2024-07-23 15:56:20,643 - INFO - Allocating UMIs for gene 6000...
2024-07-23 15:56:24,742 - INFO - Allocating UMIs for gene 6100...
2024-07-23 15:56:28,876 - INFO - Allocating UMIs for gene 6200...
2024-07-23 15:56:32,969 - INFO - Allocating UMIs for gene 6300...
2024-07-23 15:56:37,114 - INFO - Allocating UMIs for gene 6400...
2024-07-23 15:56:41,225 - INFO - Allocating UMIs for gene 6500...
2024-07-23 15:56:45,319 - INFO - Allocating UMIs for gene 6600...
2024-07-23 15:56:49,373 - INFO - Allocating UMIs for gene 6700...
2024-07-23 15:56:53,515 - INFO - Allocating UMIs for gene 6800...
2024-07-23 15:56:57,675 - INFO - Allocating UMIs for gene 6900...
2024-07-23 15:57:01,774 - INFO - Allocating UMIs for gene 7000...
2024-07-23 15:57:05,876 - INFO - Allocating UMIs for gene 7100...
2024-07-23 15:57:10,015 - INFO - Allocating UMIs for gene 7200...
2024-07-23 15:57:14,116 - INFO - Allocating UMIs for gene 7300...
2024-07-23 15:57:18,128 - INFO - Allocating UMIs for gene 7400...
2024-07-23 15:57:22,057 - INFO - Allocating UMIs for gene 7500...
2024-07-23 15:57:26,195 - INFO - Allocating UMIs for gene 7600...
2024-07-23 15:57:30,209 - INFO - Allocating UMIs for gene 7700...
2024-07-23 15:57:34,180 - INFO - Allocating UMIs for gene 7800...
2024-07-23 15:57:38,272 - INFO - Allocating UMIs for gene 7900...
2024-07-23 15:57:42,436 - INFO - Allocating UMIs for gene 8000...
2024-07-23 15:57:46,539 - INFO - Allocating UMIs for gene 8100...
2024-07-23 15:57:50,434 - INFO - Allocating UMIs for gene 8200...
2024-07-23 15:57:54,550 - INFO - Allocating UMIs for gene 8300...
2024-07-23 15:57:58,635 - INFO - Allocating UMIs for gene 8400...
2024-07-23 15:58:02,760 - INFO - Allocating UMIs for gene 8500...
2024-07-23 15:58:06,888 - INFO - Allocating UMIs for gene 8600...
2024-07-23 15:58:10,957 - INFO - Allocating UMIs for gene 8700...
2024-07-23 15:58:14,934 - INFO - Allocating UMIs for gene 8800...
2024-07-23 15:58:19,073 - INFO - Allocating UMIs for gene 8900...
2024-07-23 15:58:23,187 - INFO - Allocating UMIs for gene 9000...
2024-07-23 15:58:27,292 - INFO - Allocating UMIs for gene 9100...
2024-07-23 15:58:31,431 - INFO - Allocating UMIs for gene 9200...
2024-07-23 15:58:35,573 - INFO - Allocating UMIs for gene 9300...
2024-07-23 15:58:39,724 - INFO - Allocating UMIs for gene 9400...
2024-07-23 15:58:43,869 - INFO - Allocating UMIs for gene 9500...
2024-07-23 15:58:47,934 - INFO - Allocating UMIs for gene 9600...
2024-07-23 15:58:51,967 - INFO - Allocating UMIs for gene 9700...
2024-07-23 15:58:56,024 - INFO - Allocating UMIs for gene 9800...
2024-07-23 15:59:00,154 - INFO - Allocating UMIs for gene 9900...
2024-07-23 15:59:04,261 - INFO - UMI allocation complete.
2024-07-23 15:59:04,261 - INFO - Counting overall UMI occurrences...
2024-07-23 15:59:04,272 - INFO - Counting inter-gene collisions...
2024-07-23 15:59:04,351 - INFO - Total UMIs generated: 262144
2024-07-23 15:59:04,351 - INFO - Total UMIs allocated: 59702
2024-07-23 15:59:04,351 - INFO - Number of unique UMIs assigned to genes: 53383
2024-07-23 15:59:04,351 - INFO - Inter-gene collisions: 6318
2024-07-23 15:59:04,351 - INFO - Inter-gene collision rate: 0.10583
2024-07-23 15:59:04,351 - INFO - Writing gene UMI counts to file...
2024-07-23 15:59:04,355 - INFO - Writing UMI inter-gene collisions to file...
2024-07-23 15:59:04,358 - INFO - Simulation complete.
