2024-07-23 15:04:27,104 - INFO - Simulation Script Version: 0.0.2
2024-07-23 15:04:27,104 - INFO - Simulation Parameters:
2024-07-23 15:04:27,104 - INFO - Length of UMI: 10
2024-07-23 15:04:27,104 - INFO - Number of genes: 10000
2024-07-23 15:04:27,104 - INFO - Parameters file: None
2024-07-23 15:04:27,104 - INFO - Mean (mu): 6.0
2024-07-23 15:04:27,104 - INFO - Dispersion (theta): 6.0
2024-07-23 15:04:27,104 - INFO - Use Poisson distribution: False
2024-07-23 15:04:27,104 - INFO - Gene UMI counts file: gene_10000_umi10_counts_rep2.txt
2024-07-23 15:04:27,104 - INFO - UMI collisions file: umi10_10000_collisions_rep2.txt
2024-07-23 15:04:27,104 - INFO - Seed: None
2024-07-23 15:04:27,104 - INFO - Log file: umi10_10000_rep2.log
2024-07-23 15:04:27,104 - INFO - No seed specified. Generated random seed: 531927139
2024-07-23 15:04:27,104 - INFO - Generating all possible UMIs...
2024-07-23 15:04:27,364 - INFO - Total possible UMIs generated: 262144
2024-07-23 15:04:27,364 - INFO - Loading parameters...
2024-07-23 15:04:27,364 - INFO - Sampling read depths for each gene...
2024-07-23 15:04:27,712 - INFO - Read depths sampling complete.
2024-07-23 15:04:27,712 - INFO - Allocating UMIs based on sampled read depths...
2024-07-23 15:04:27,712 - INFO - Allocating UMIs for gene 0...
2024-07-23 15:04:31,750 - INFO - Allocating UMIs for gene 100...
2024-07-23 15:04:35,679 - INFO - Allocating UMIs for gene 200...
2024-07-23 15:04:39,615 - INFO - Allocating UMIs for gene 300...
2024-07-23 15:04:43,558 - INFO - Allocating UMIs for gene 400...
2024-07-23 15:04:47,524 - INFO - Allocating UMIs for gene 500...
2024-07-23 15:04:51,512 - INFO - Allocating UMIs for gene 600...
2024-07-23 15:04:55,438 - INFO - Allocating UMIs for gene 700...
2024-07-23 15:04:59,389 - INFO - Allocating UMIs for gene 800...
2024-07-23 15:05:03,364 - INFO - Allocating UMIs for gene 900...
2024-07-23 15:05:07,397 - INFO - Allocating UMIs for gene 1000...
2024-07-23 15:05:11,426 - INFO - Allocating UMIs for gene 1100...
2024-07-23 15:05:15,360 - INFO - Allocating UMIs for gene 1200...
2024-07-23 15:05:19,312 - INFO - Allocating UMIs for gene 1300...
2024-07-23 15:05:23,308 - INFO - Allocating UMIs for gene 1400...
2024-07-23 15:05:27,235 - INFO - Allocating UMIs for gene 1500...
2024-07-23 15:05:31,225 - INFO - Allocating UMIs for gene 1600...
2024-07-23 15:05:35,175 - INFO - Allocating UMIs for gene 1700...
2024-07-23 15:05:39,164 - INFO - Allocating UMIs for gene 1800...
2024-07-23 15:05:43,102 - INFO - Allocating UMIs for gene 1900...
2024-07-23 15:05:47,152 - INFO - Allocating UMIs for gene 2000...
2024-07-23 15:05:51,280 - INFO - Allocating UMIs for gene 2100...
2024-07-23 15:05:55,230 - INFO - Allocating UMIs for gene 2200...
2024-07-23 15:05:59,241 - INFO - Allocating UMIs for gene 2300...
2024-07-23 15:06:03,253 - INFO - Allocating UMIs for gene 2400...
2024-07-23 15:06:07,247 - INFO - Allocating UMIs for gene 2500...
2024-07-23 15:06:11,267 - INFO - Allocating UMIs for gene 2600...
2024-07-23 15:06:15,311 - INFO - Allocating UMIs for gene 2700...
2024-07-23 15:06:19,286 - INFO - Allocating UMIs for gene 2800...
2024-07-23 15:06:23,282 - INFO - Allocating UMIs for gene 2900...
2024-07-23 15:06:27,280 - INFO - Allocating UMIs for gene 3000...
2024-07-23 15:06:31,246 - INFO - Allocating UMIs for gene 3100...
2024-07-23 15:06:35,207 - INFO - Allocating UMIs for gene 3200...
2024-07-23 15:06:39,271 - INFO - Allocating UMIs for gene 3300...
2024-07-23 15:06:43,294 - INFO - Allocating UMIs for gene 3400...
2024-07-23 15:06:47,242 - INFO - Allocating UMIs for gene 3500...
2024-07-23 15:06:51,289 - INFO - Allocating UMIs for gene 3600...
2024-07-23 15:06:55,278 - INFO - Allocating UMIs for gene 3700...
2024-07-23 15:06:59,144 - INFO - Allocating UMIs for gene 3800...
2024-07-23 15:07:03,134 - INFO - Allocating UMIs for gene 3900...
2024-07-23 15:07:07,169 - INFO - Allocating UMIs for gene 4000...
2024-07-23 15:07:11,164 - INFO - Allocating UMIs for gene 4100...
2024-07-23 15:07:15,203 - INFO - Allocating UMIs for gene 4200...
2024-07-23 15:07:19,128 - INFO - Allocating UMIs for gene 4300...
2024-07-23 15:07:23,036 - INFO - Allocating UMIs for gene 4400...
2024-07-23 15:07:27,026 - INFO - Allocating UMIs for gene 4500...
2024-07-23 15:07:31,058 - INFO - Allocating UMIs for gene 4600...
2024-07-23 15:07:35,009 - INFO - Allocating UMIs for gene 4700...
2024-07-23 15:07:38,993 - INFO - Allocating UMIs for gene 4800...
2024-07-23 15:07:42,989 - INFO - Allocating UMIs for gene 4900...
2024-07-23 15:07:46,986 - INFO - Allocating UMIs for gene 5000...
2024-07-23 15:07:50,991 - INFO - Allocating UMIs for gene 5100...
2024-07-23 15:07:54,979 - INFO - Allocating UMIs for gene 5200...
2024-07-23 15:07:58,966 - INFO - Allocating UMIs for gene 5300...
2024-07-23 15:08:02,970 - INFO - Allocating UMIs for gene 5400...
2024-07-23 15:08:06,969 - INFO - Allocating UMIs for gene 5500...
2024-07-23 15:08:10,870 - INFO - Allocating UMIs for gene 5600...
2024-07-23 15:08:14,838 - INFO - Allocating UMIs for gene 5700...
2024-07-23 15:08:18,872 - INFO - Allocating UMIs for gene 5800...
2024-07-23 15:08:22,899 - INFO - Allocating UMIs for gene 5900...
2024-07-23 15:08:26,936 - INFO - Allocating UMIs for gene 6000...
2024-07-23 15:08:30,896 - INFO - Allocating UMIs for gene 6100...
2024-07-23 15:08:34,857 - INFO - Allocating UMIs for gene 6200...
2024-07-23 15:08:38,803 - INFO - Allocating UMIs for gene 6300...
2024-07-23 15:08:42,815 - INFO - Allocating UMIs for gene 6400...
2024-07-23 15:08:46,708 - INFO - Allocating UMIs for gene 6500...
2024-07-23 15:08:50,754 - INFO - Allocating UMIs for gene 6600...
2024-07-23 15:08:54,792 - INFO - Allocating UMIs for gene 6700...
2024-07-23 15:08:58,842 - INFO - Allocating UMIs for gene 6800...
2024-07-23 15:09:02,942 - INFO - Allocating UMIs for gene 6900...
2024-07-23 15:09:07,044 - INFO - Allocating UMIs for gene 7000...
2024-07-23 15:09:11,061 - INFO - Allocating UMIs for gene 7100...
2024-07-23 15:09:15,098 - INFO - Allocating UMIs for gene 7200...
2024-07-23 15:09:19,064 - INFO - Allocating UMIs for gene 7300...
2024-07-23 15:09:23,099 - INFO - Allocating UMIs for gene 7400...
2024-07-23 15:09:27,053 - INFO - Allocating UMIs for gene 7500...
2024-07-23 15:09:31,007 - INFO - Allocating UMIs for gene 7600...
2024-07-23 15:09:35,003 - INFO - Allocating UMIs for gene 7700...
2024-07-23 15:09:39,000 - INFO - Allocating UMIs for gene 7800...
2024-07-23 15:09:43,012 - INFO - Allocating UMIs for gene 7900...
2024-07-23 15:09:46,932 - INFO - Allocating UMIs for gene 8000...
2024-07-23 15:09:50,881 - INFO - Allocating UMIs for gene 8100...
2024-07-23 15:09:54,801 - INFO - Allocating UMIs for gene 8200...
2024-07-23 15:09:58,808 - INFO - Allocating UMIs for gene 8300...
2024-07-23 15:10:02,840 - INFO - Allocating UMIs for gene 8400...
2024-07-23 15:10:06,870 - INFO - Allocating UMIs for gene 8500...
2024-07-23 15:10:10,854 - INFO - Allocating UMIs for gene 8600...
2024-07-23 15:10:14,901 - INFO - Allocating UMIs for gene 8700...
2024-07-23 15:10:18,935 - INFO - Allocating UMIs for gene 8800...
2024-07-23 15:10:22,894 - INFO - Allocating UMIs for gene 8900...
2024-07-23 15:10:26,770 - INFO - Allocating UMIs for gene 9000...
2024-07-23 15:10:30,813 - INFO - Allocating UMIs for gene 9100...
2024-07-23 15:10:34,768 - INFO - Allocating UMIs for gene 9200...
2024-07-23 15:10:38,803 - INFO - Allocating UMIs for gene 9300...
2024-07-23 15:10:42,848 - INFO - Allocating UMIs for gene 9400...
2024-07-23 15:10:46,891 - INFO - Allocating UMIs for gene 9500...
2024-07-23 15:10:50,928 - INFO - Allocating UMIs for gene 9600...
2024-07-23 15:10:54,968 - INFO - Allocating UMIs for gene 9700...
2024-07-23 15:10:58,962 - INFO - Allocating UMIs for gene 9800...
2024-07-23 15:11:02,960 - INFO - Allocating UMIs for gene 9900...
2024-07-23 15:11:06,996 - INFO - UMI allocation complete.
2024-07-23 15:11:06,996 - INFO - Counting overall UMI occurrences...
2024-07-23 15:11:07,009 - INFO - Counting inter-gene collisions...
2024-07-23 15:11:07,103 - INFO - Total UMIs generated: 262144
2024-07-23 15:11:07,103 - INFO - Total UMIs allocated: 60339
2024-07-23 15:11:07,103 - INFO - Number of unique UMIs assigned to genes: 53844
2024-07-23 15:11:07,103 - INFO - Inter-gene collisions: 6494
2024-07-23 15:11:07,103 - INFO - Inter-gene collision rate: 0.10763
2024-07-23 15:11:07,103 - INFO - Writing gene UMI counts to file...
2024-07-23 15:11:07,109 - INFO - Writing UMI inter-gene collisions to file...
2024-07-23 15:11:07,112 - INFO - Simulation complete.
