2024-07-23 15:38:31,251 - INFO - Simulation Script Version: 0.0.2
2024-07-23 15:38:31,251 - INFO - Simulation Parameters:
2024-07-23 15:38:31,251 - INFO - Length of UMI: 10
2024-07-23 15:38:31,251 - INFO - Number of genes: 10000
2024-07-23 15:38:31,251 - INFO - Parameters file: None
2024-07-23 15:38:31,251 - INFO - Mean (mu): 6.0
2024-07-23 15:38:31,251 - INFO - Dispersion (theta): 6.0
2024-07-23 15:38:31,251 - INFO - Use Poisson distribution: False
2024-07-23 15:38:31,251 - INFO - Gene UMI counts file: gene_10000_umi10_counts_rep7.txt
2024-07-23 15:38:31,251 - INFO - UMI collisions file: umi10_10000_collisions_rep7.txt
2024-07-23 15:38:31,251 - INFO - Seed: None
2024-07-23 15:38:31,251 - INFO - Log file: umi10_10000_rep7.log
2024-07-23 15:38:31,251 - INFO - No seed specified. Generated random seed: 823802677
2024-07-23 15:38:31,251 - INFO - Generating all possible UMIs...
2024-07-23 15:38:31,511 - INFO - Total possible UMIs generated: 262144
2024-07-23 15:38:31,511 - INFO - Loading parameters...
2024-07-23 15:38:31,512 - INFO - Sampling read depths for each gene...
2024-07-23 15:38:31,858 - INFO - Read depths sampling complete.
2024-07-23 15:38:31,858 - INFO - Allocating UMIs based on sampled read depths...
2024-07-23 15:38:31,858 - INFO - Allocating UMIs for gene 0...
2024-07-23 15:38:36,075 - INFO - Allocating UMIs for gene 100...
2024-07-23 15:38:40,211 - INFO - Allocating UMIs for gene 200...
2024-07-23 15:38:44,369 - INFO - Allocating UMIs for gene 300...
2024-07-23 15:38:48,544 - INFO - Allocating UMIs for gene 400...
2024-07-23 15:38:52,560 - INFO - Allocating UMIs for gene 500...
2024-07-23 15:38:56,738 - INFO - Allocating UMIs for gene 600...
2024-07-23 15:39:00,782 - INFO - Allocating UMIs for gene 700...
2024-07-23 15:39:04,961 - INFO - Allocating UMIs for gene 800...
2024-07-23 15:39:09,042 - INFO - Allocating UMIs for gene 900...
2024-07-23 15:39:13,164 - INFO - Allocating UMIs for gene 1000...
2024-07-23 15:39:17,436 - INFO - Allocating UMIs for gene 1100...
2024-07-23 15:39:21,508 - INFO - Allocating UMIs for gene 1200...
2024-07-23 15:39:25,678 - INFO - Allocating UMIs for gene 1300...
2024-07-23 15:39:29,859 - INFO - Allocating UMIs for gene 1400...
2024-07-23 15:39:33,986 - INFO - Allocating UMIs for gene 1500...
2024-07-23 15:39:38,103 - INFO - Allocating UMIs for gene 1600...
2024-07-23 15:39:42,066 - INFO - Allocating UMIs for gene 1700...
2024-07-23 15:39:46,063 - INFO - Allocating UMIs for gene 1800...
2024-07-23 15:39:50,154 - INFO - Allocating UMIs for gene 1900...
2024-07-23 15:39:54,282 - INFO - Allocating UMIs for gene 2000...
2024-07-23 15:39:58,311 - INFO - Allocating UMIs for gene 2100...
2024-07-23 15:40:02,416 - INFO - Allocating UMIs for gene 2200...
2024-07-23 15:40:06,598 - INFO - Allocating UMIs for gene 2300...
2024-07-23 15:40:10,742 - INFO - Allocating UMIs for gene 2400...
2024-07-23 15:40:14,865 - INFO - Allocating UMIs for gene 2500...
2024-07-23 15:40:19,034 - INFO - Allocating UMIs for gene 2600...
2024-07-23 15:40:23,148 - INFO - Allocating UMIs for gene 2700...
2024-07-23 15:40:27,315 - INFO - Allocating UMIs for gene 2800...
2024-07-23 15:40:31,310 - INFO - Allocating UMIs for gene 2900...
2024-07-23 15:40:35,425 - INFO - Allocating UMIs for gene 3000...
2024-07-23 15:40:39,504 - INFO - Allocating UMIs for gene 3100...
2024-07-23 15:40:43,523 - INFO - Allocating UMIs for gene 3200...
2024-07-23 15:40:47,609 - INFO - Allocating UMIs for gene 3300...
2024-07-23 15:40:51,685 - INFO - Allocating UMIs for gene 3400...
2024-07-23 15:40:55,762 - INFO - Allocating UMIs for gene 3500...
2024-07-23 15:40:59,804 - INFO - Allocating UMIs for gene 3600...
2024-07-23 15:41:03,791 - INFO - Allocating UMIs for gene 3700...
2024-07-23 15:41:07,833 - INFO - Allocating UMIs for gene 3800...
2024-07-23 15:41:11,952 - INFO - Allocating UMIs for gene 3900...
2024-07-23 15:41:16,122 - INFO - Allocating UMIs for gene 4000...
2024-07-23 15:41:20,073 - INFO - Allocating UMIs for gene 4100...
2024-07-23 15:41:24,218 - INFO - Allocating UMIs for gene 4200...
2024-07-23 15:41:28,299 - INFO - Allocating UMIs for gene 4300...
2024-07-23 15:41:32,333 - INFO - Allocating UMIs for gene 4400...
2024-07-23 15:41:36,502 - INFO - Allocating UMIs for gene 4500...
2024-07-23 15:41:40,619 - INFO - Allocating UMIs for gene 4600...
2024-07-23 15:41:44,631 - INFO - Allocating UMIs for gene 4700...
2024-07-23 15:41:48,664 - INFO - Allocating UMIs for gene 4800...
2024-07-23 15:41:52,780 - INFO - Allocating UMIs for gene 4900...
2024-07-23 15:41:56,945 - INFO - Allocating UMIs for gene 5000...
2024-07-23 15:42:01,076 - INFO - Allocating UMIs for gene 5100...
2024-07-23 15:42:05,181 - INFO - Allocating UMIs for gene 5200...
2024-07-23 15:42:09,291 - INFO - Allocating UMIs for gene 5300...
2024-07-23 15:42:13,438 - INFO - Allocating UMIs for gene 5400...
2024-07-23 15:42:17,602 - INFO - Allocating UMIs for gene 5500...
2024-07-23 15:42:21,643 - INFO - Allocating UMIs for gene 5600...
2024-07-23 15:42:25,757 - INFO - Allocating UMIs for gene 5700...
2024-07-23 15:42:29,798 - INFO - Allocating UMIs for gene 5800...
2024-07-23 15:42:33,874 - INFO - Allocating UMIs for gene 5900...
2024-07-23 15:42:37,879 - INFO - Allocating UMIs for gene 6000...
2024-07-23 15:42:42,060 - INFO - Allocating UMIs for gene 6100...
2024-07-23 15:42:46,179 - INFO - Allocating UMIs for gene 6200...
2024-07-23 15:42:50,264 - INFO - Allocating UMIs for gene 6300...
2024-07-23 15:42:54,418 - INFO - Allocating UMIs for gene 6400...
2024-07-23 15:42:58,502 - INFO - Allocating UMIs for gene 6500...
2024-07-23 15:43:02,573 - INFO - Allocating UMIs for gene 6600...
2024-07-23 15:43:06,598 - INFO - Allocating UMIs for gene 6700...
2024-07-23 15:43:10,760 - INFO - Allocating UMIs for gene 6800...
2024-07-23 15:43:14,906 - INFO - Allocating UMIs for gene 6900...
2024-07-23 15:43:18,988 - INFO - Allocating UMIs for gene 7000...
2024-07-23 15:43:23,100 - INFO - Allocating UMIs for gene 7100...
2024-07-23 15:43:27,225 - INFO - Allocating UMIs for gene 7200...
2024-07-23 15:43:31,217 - INFO - Allocating UMIs for gene 7300...
2024-07-23 15:43:35,338 - INFO - Allocating UMIs for gene 7400...
2024-07-23 15:43:39,419 - INFO - Allocating UMIs for gene 7500...
2024-07-23 15:43:43,582 - INFO - Allocating UMIs for gene 7600...
2024-07-23 15:43:47,708 - INFO - Allocating UMIs for gene 7700...
2024-07-23 15:43:51,822 - INFO - Allocating UMIs for gene 7800...
2024-07-23 15:43:55,901 - INFO - Allocating UMIs for gene 7900...
2024-07-23 15:44:00,014 - INFO - Allocating UMIs for gene 8000...
2024-07-23 15:44:04,171 - INFO - Allocating UMIs for gene 8100...
2024-07-23 15:44:08,293 - INFO - Allocating UMIs for gene 8200...
2024-07-23 15:44:12,479 - INFO - Allocating UMIs for gene 8300...
2024-07-23 15:44:16,555 - INFO - Allocating UMIs for gene 8400...
2024-07-23 15:44:20,636 - INFO - Allocating UMIs for gene 8500...
2024-07-23 15:44:24,757 - INFO - Allocating UMIs for gene 8600...
2024-07-23 15:44:28,915 - INFO - Allocating UMIs for gene 8700...
2024-07-23 15:44:33,043 - INFO - Allocating UMIs for gene 8800...
2024-07-23 15:44:37,111 - INFO - Allocating UMIs for gene 8900...
2024-07-23 15:44:41,297 - INFO - Allocating UMIs for gene 9000...
2024-07-23 15:44:45,461 - INFO - Allocating UMIs for gene 9100...
2024-07-23 15:44:49,579 - INFO - Allocating UMIs for gene 9200...
2024-07-23 15:44:53,706 - INFO - Allocating UMIs for gene 9300...
2024-07-23 15:44:57,781 - INFO - Allocating UMIs for gene 9400...
2024-07-23 15:45:01,909 - INFO - Allocating UMIs for gene 9500...
2024-07-23 15:45:06,034 - INFO - Allocating UMIs for gene 9600...
2024-07-23 15:45:10,114 - INFO - Allocating UMIs for gene 9700...
2024-07-23 15:45:14,295 - INFO - Allocating UMIs for gene 9800...
2024-07-23 15:45:18,407 - INFO - Allocating UMIs for gene 9900...
2024-07-23 15:45:22,532 - INFO - UMI allocation complete.
2024-07-23 15:45:22,533 - INFO - Counting overall UMI occurrences...
2024-07-23 15:45:22,544 - INFO - Counting inter-gene collisions...
2024-07-23 15:45:22,622 - INFO - Total UMIs generated: 262144
2024-07-23 15:45:22,623 - INFO - Total UMIs allocated: 60442
2024-07-23 15:45:22,623 - INFO - Number of unique UMIs assigned to genes: 54052
2024-07-23 15:45:22,623 - INFO - Inter-gene collisions: 6390
2024-07-23 15:45:22,623 - INFO - Inter-gene collision rate: 0.10572
2024-07-23 15:45:22,623 - INFO - Writing gene UMI counts to file...
2024-07-23 15:45:22,628 - INFO - Writing UMI inter-gene collisions to file...
2024-07-23 15:45:22,630 - INFO - Simulation complete.
