2024-07-23 15:11:08,059 - INFO - Simulation Script Version: 0.0.2
2024-07-23 15:11:08,059 - INFO - Simulation Parameters:
2024-07-23 15:11:08,059 - INFO - Length of UMI: 10
2024-07-23 15:11:08,059 - INFO - Number of genes: 10000
2024-07-23 15:11:08,059 - INFO - Parameters file: None
2024-07-23 15:11:08,059 - INFO - Mean (mu): 6.0
2024-07-23 15:11:08,059 - INFO - Dispersion (theta): 6.0
2024-07-23 15:11:08,059 - INFO - Use Poisson distribution: False
2024-07-23 15:11:08,059 - INFO - Gene UMI counts file: gene_10000_umi10_counts_rep3.txt
2024-07-23 15:11:08,059 - INFO - UMI collisions file: umi10_10000_collisions_rep3.txt
2024-07-23 15:11:08,059 - INFO - Seed: None
2024-07-23 15:11:08,059 - INFO - Log file: umi10_10000_rep3.log
2024-07-23 15:11:08,059 - INFO - No seed specified. Generated random seed: 1033052232
2024-07-23 15:11:08,059 - INFO - Generating all possible UMIs...
2024-07-23 15:11:08,319 - INFO - Total possible UMIs generated: 262144
2024-07-23 15:11:08,319 - INFO - Loading parameters...
2024-07-23 15:11:08,319 - INFO - Sampling read depths for each gene...
2024-07-23 15:11:08,663 - INFO - Read depths sampling complete.
2024-07-23 15:11:08,663 - INFO - Allocating UMIs based on sampled read depths...
2024-07-23 15:11:08,663 - INFO - Allocating UMIs for gene 0...
2024-07-23 15:11:12,831 - INFO - Allocating UMIs for gene 100...
2024-07-23 15:11:16,966 - INFO - Allocating UMIs for gene 200...
2024-07-23 15:11:21,101 - INFO - Allocating UMIs for gene 300...
2024-07-23 15:11:25,158 - INFO - Allocating UMIs for gene 400...
2024-07-23 15:11:29,161 - INFO - Allocating UMIs for gene 500...
2024-07-23 15:11:33,196 - INFO - Allocating UMIs for gene 600...
2024-07-23 15:11:37,247 - INFO - Allocating UMIs for gene 700...
2024-07-23 15:11:41,335 - INFO - Allocating UMIs for gene 800...
2024-07-23 15:11:45,334 - INFO - Allocating UMIs for gene 900...
2024-07-23 15:11:49,411 - INFO - Allocating UMIs for gene 1000...
2024-07-23 15:11:53,466 - INFO - Allocating UMIs for gene 1100...
2024-07-23 15:11:57,496 - INFO - Allocating UMIs for gene 1200...
2024-07-23 15:12:01,552 - INFO - Allocating UMIs for gene 1300...
2024-07-23 15:12:05,649 - INFO - Allocating UMIs for gene 1400...
2024-07-23 15:12:09,575 - INFO - Allocating UMIs for gene 1500...
2024-07-23 15:12:13,614 - INFO - Allocating UMIs for gene 1600...
2024-07-23 15:12:17,607 - INFO - Allocating UMIs for gene 1700...
2024-07-23 15:12:21,642 - INFO - Allocating UMIs for gene 1800...
2024-07-23 15:12:25,768 - INFO - Allocating UMIs for gene 1900...
2024-07-23 15:12:29,882 - INFO - Allocating UMIs for gene 2000...
2024-07-23 15:12:33,956 - INFO - Allocating UMIs for gene 2100...
2024-07-23 15:12:37,990 - INFO - Allocating UMIs for gene 2200...
2024-07-23 15:12:42,114 - INFO - Allocating UMIs for gene 2300...
2024-07-23 15:12:46,146 - INFO - Allocating UMIs for gene 2400...
2024-07-23 15:12:50,188 - INFO - Allocating UMIs for gene 2500...
2024-07-23 15:12:54,264 - INFO - Allocating UMIs for gene 2600...
2024-07-23 15:12:58,386 - INFO - Allocating UMIs for gene 2700...
2024-07-23 15:13:02,421 - INFO - Allocating UMIs for gene 2800...
2024-07-23 15:13:06,534 - INFO - Allocating UMIs for gene 2900...
2024-07-23 15:13:10,611 - INFO - Allocating UMIs for gene 3000...
2024-07-23 15:13:14,683 - INFO - Allocating UMIs for gene 3100...
2024-07-23 15:13:18,798 - INFO - Allocating UMIs for gene 3200...
2024-07-23 15:13:22,640 - INFO - Allocating UMIs for gene 3300...
2024-07-23 15:13:26,670 - INFO - Allocating UMIs for gene 3400...
2024-07-23 15:13:30,782 - INFO - Allocating UMIs for gene 3500...
2024-07-23 15:13:34,816 - INFO - Allocating UMIs for gene 3600...
2024-07-23 15:13:38,851 - INFO - Allocating UMIs for gene 3700...
2024-07-23 15:13:42,889 - INFO - Allocating UMIs for gene 3800...
2024-07-23 15:13:46,875 - INFO - Allocating UMIs for gene 3900...
2024-07-23 15:13:51,069 - INFO - Allocating UMIs for gene 4000...
2024-07-23 15:13:55,071 - INFO - Allocating UMIs for gene 4100...
2024-07-23 15:13:59,184 - INFO - Allocating UMIs for gene 4200...
2024-07-23 15:14:03,275 - INFO - Allocating UMIs for gene 4300...
2024-07-23 15:14:07,423 - INFO - Allocating UMIs for gene 4400...
2024-07-23 15:14:11,472 - INFO - Allocating UMIs for gene 4500...
2024-07-23 15:14:15,607 - INFO - Allocating UMIs for gene 4600...
2024-07-23 15:14:19,665 - INFO - Allocating UMIs for gene 4700...
2024-07-23 15:14:23,767 - INFO - Allocating UMIs for gene 4800...
2024-07-23 15:14:27,819 - INFO - Allocating UMIs for gene 4900...
2024-07-23 15:14:31,838 - INFO - Allocating UMIs for gene 5000...
2024-07-23 15:14:35,981 - INFO - Allocating UMIs for gene 5100...
2024-07-23 15:14:40,082 - INFO - Allocating UMIs for gene 5200...
2024-07-23 15:14:44,232 - INFO - Allocating UMIs for gene 5300...
2024-07-23 15:14:48,324 - INFO - Allocating UMIs for gene 5400...
2024-07-23 15:14:52,436 - INFO - Allocating UMIs for gene 5500...
2024-07-23 15:14:56,360 - INFO - Allocating UMIs for gene 5600...
2024-07-23 15:15:00,486 - INFO - Allocating UMIs for gene 5700...
2024-07-23 15:15:04,640 - INFO - Allocating UMIs for gene 5800...
2024-07-23 15:15:08,696 - INFO - Allocating UMIs for gene 5900...
2024-07-23 15:15:12,743 - INFO - Allocating UMIs for gene 6000...
2024-07-23 15:15:16,879 - INFO - Allocating UMIs for gene 6100...
2024-07-23 15:15:20,937 - INFO - Allocating UMIs for gene 6200...
2024-07-23 15:15:25,038 - INFO - Allocating UMIs for gene 6300...
2024-07-23 15:15:29,131 - INFO - Allocating UMIs for gene 6400...
2024-07-23 15:15:33,227 - INFO - Allocating UMIs for gene 6500...
2024-07-23 15:15:37,333 - INFO - Allocating UMIs for gene 6600...
2024-07-23 15:15:41,426 - INFO - Allocating UMIs for gene 6700...
2024-07-23 15:15:45,476 - INFO - Allocating UMIs for gene 6800...
2024-07-23 15:15:49,528 - INFO - Allocating UMIs for gene 6900...
2024-07-23 15:15:53,634 - INFO - Allocating UMIs for gene 7000...
2024-07-23 15:15:57,679 - INFO - Allocating UMIs for gene 7100...
2024-07-23 15:16:01,747 - INFO - Allocating UMIs for gene 7200...
2024-07-23 15:16:05,830 - INFO - Allocating UMIs for gene 7300...
2024-07-23 15:16:09,919 - INFO - Allocating UMIs for gene 7400...
2024-07-23 15:16:13,978 - INFO - Allocating UMIs for gene 7500...
2024-07-23 15:16:18,108 - INFO - Allocating UMIs for gene 7600...
2024-07-23 15:16:22,126 - INFO - Allocating UMIs for gene 7700...
2024-07-23 15:16:26,233 - INFO - Allocating UMIs for gene 7800...
2024-07-23 15:16:30,281 - INFO - Allocating UMIs for gene 7900...
2024-07-23 15:16:34,373 - INFO - Allocating UMIs for gene 8000...
2024-07-23 15:16:38,383 - INFO - Allocating UMIs for gene 8100...
2024-07-23 15:16:42,378 - INFO - Allocating UMIs for gene 8200...
2024-07-23 15:16:46,475 - INFO - Allocating UMIs for gene 8300...
2024-07-23 15:16:50,629 - INFO - Allocating UMIs for gene 8400...
2024-07-23 15:16:54,739 - INFO - Allocating UMIs for gene 8500...
2024-07-23 15:16:58,872 - INFO - Allocating UMIs for gene 8600...
2024-07-23 15:17:02,932 - INFO - Allocating UMIs for gene 8700...
2024-07-23 15:17:07,024 - INFO - Allocating UMIs for gene 8800...
2024-07-23 15:17:10,996 - INFO - Allocating UMIs for gene 8900...
2024-07-23 15:17:15,007 - INFO - Allocating UMIs for gene 9000...
2024-07-23 15:17:19,140 - INFO - Allocating UMIs for gene 9100...
2024-07-23 15:17:23,275 - INFO - Allocating UMIs for gene 9200...
2024-07-23 15:17:27,277 - INFO - Allocating UMIs for gene 9300...
2024-07-23 15:17:31,370 - INFO - Allocating UMIs for gene 9400...
2024-07-23 15:17:35,472 - INFO - Allocating UMIs for gene 9500...
2024-07-23 15:17:39,446 - INFO - Allocating UMIs for gene 9600...
2024-07-23 15:17:43,479 - INFO - Allocating UMIs for gene 9700...
2024-07-23 15:17:47,533 - INFO - Allocating UMIs for gene 9800...
2024-07-23 15:17:51,688 - INFO - Allocating UMIs for gene 9900...
2024-07-23 15:17:55,820 - INFO - UMI allocation complete.
2024-07-23 15:17:55,821 - INFO - Counting overall UMI occurrences...
2024-07-23 15:17:55,832 - INFO - Counting inter-gene collisions...
2024-07-23 15:17:55,910 - INFO - Total UMIs generated: 262144
2024-07-23 15:17:55,910 - INFO - Total UMIs allocated: 59988
2024-07-23 15:17:55,910 - INFO - Number of unique UMIs assigned to genes: 53603
2024-07-23 15:17:55,910 - INFO - Inter-gene collisions: 6385
2024-07-23 15:17:55,910 - INFO - Inter-gene collision rate: 0.10644
2024-07-23 15:17:55,910 - INFO - Writing gene UMI counts to file...
2024-07-23 15:17:55,913 - INFO - Writing UMI inter-gene collisions to file...
2024-07-23 15:17:55,916 - INFO - Simulation complete.
