2024-07-23 15:17:56,858 - INFO - Simulation Script Version: 0.0.2
2024-07-23 15:17:56,858 - INFO - Simulation Parameters:
2024-07-23 15:17:56,858 - INFO - Length of UMI: 10
2024-07-23 15:17:56,858 - INFO - Number of genes: 10000
2024-07-23 15:17:56,858 - INFO - Parameters file: None
2024-07-23 15:17:56,858 - INFO - Mean (mu): 6.0
2024-07-23 15:17:56,858 - INFO - Dispersion (theta): 6.0
2024-07-23 15:17:56,858 - INFO - Use Poisson distribution: False
2024-07-23 15:17:56,859 - INFO - Gene UMI counts file: gene_10000_umi10_counts_rep4.txt
2024-07-23 15:17:56,859 - INFO - UMI collisions file: umi10_10000_collisions_rep4.txt
2024-07-23 15:17:56,859 - INFO - Seed: None
2024-07-23 15:17:56,859 - INFO - Log file: umi10_10000_rep4.log
2024-07-23 15:17:56,859 - INFO - No seed specified. Generated random seed: 845533217
2024-07-23 15:17:56,859 - INFO - Generating all possible UMIs...
2024-07-23 15:17:57,121 - INFO - Total possible UMIs generated: 262144
2024-07-23 15:17:57,121 - INFO - Loading parameters...
2024-07-23 15:17:57,121 - INFO - Sampling read depths for each gene...
2024-07-23 15:17:57,467 - INFO - Read depths sampling complete.
2024-07-23 15:17:57,467 - INFO - Allocating UMIs based on sampled read depths...
2024-07-23 15:17:57,467 - INFO - Allocating UMIs for gene 0...
2024-07-23 15:18:01,640 - INFO - Allocating UMIs for gene 100...
2024-07-23 15:18:05,687 - INFO - Allocating UMIs for gene 200...
2024-07-23 15:18:09,779 - INFO - Allocating UMIs for gene 300...
2024-07-23 15:18:13,833 - INFO - Allocating UMIs for gene 400...
2024-07-23 15:18:17,905 - INFO - Allocating UMIs for gene 500...
2024-07-23 15:18:22,015 - INFO - Allocating UMIs for gene 600...
2024-07-23 15:18:26,091 - INFO - Allocating UMIs for gene 700...
2024-07-23 15:18:30,192 - INFO - Allocating UMIs for gene 800...
2024-07-23 15:18:34,261 - INFO - Allocating UMIs for gene 900...
2024-07-23 15:18:38,397 - INFO - Allocating UMIs for gene 1000...
2024-07-23 15:18:42,459 - INFO - Allocating UMIs for gene 1100...
2024-07-23 15:18:46,528 - INFO - Allocating UMIs for gene 1200...
2024-07-23 15:18:50,621 - INFO - Allocating UMIs for gene 1300...
2024-07-23 15:18:54,679 - INFO - Allocating UMIs for gene 1400...
2024-07-23 15:18:58,790 - INFO - Allocating UMIs for gene 1500...
2024-07-23 15:19:02,800 - INFO - Allocating UMIs for gene 1600...
2024-07-23 15:19:06,948 - INFO - Allocating UMIs for gene 1700...
2024-07-23 15:19:11,098 - INFO - Allocating UMIs for gene 1800...
2024-07-23 15:19:15,086 - INFO - Allocating UMIs for gene 1900...
2024-07-23 15:19:19,205 - INFO - Allocating UMIs for gene 2000...
2024-07-23 15:19:23,351 - INFO - Allocating UMIs for gene 2100...
2024-07-23 15:19:27,412 - INFO - Allocating UMIs for gene 2200...
2024-07-23 15:19:31,547 - INFO - Allocating UMIs for gene 2300...
2024-07-23 15:19:35,649 - INFO - Allocating UMIs for gene 2400...
2024-07-23 15:19:39,774 - INFO - Allocating UMIs for gene 2500...
2024-07-23 15:19:43,804 - INFO - Allocating UMIs for gene 2600...
2024-07-23 15:19:47,903 - INFO - Allocating UMIs for gene 2700...
2024-07-23 15:19:52,045 - INFO - Allocating UMIs for gene 2800...
2024-07-23 15:19:56,075 - INFO - Allocating UMIs for gene 2900...
2024-07-23 15:20:00,187 - INFO - Allocating UMIs for gene 3000...
2024-07-23 15:20:04,308 - INFO - Allocating UMIs for gene 3100...
2024-07-23 15:20:08,330 - INFO - Allocating UMIs for gene 3200...
2024-07-23 15:20:12,447 - INFO - Allocating UMIs for gene 3300...
2024-07-23 15:20:16,500 - INFO - Allocating UMIs for gene 3400...
2024-07-23 15:20:20,603 - INFO - Allocating UMIs for gene 3500...
2024-07-23 15:20:24,695 - INFO - Allocating UMIs for gene 3600...
2024-07-23 15:20:28,785 - INFO - Allocating UMIs for gene 3700...
2024-07-23 15:20:32,888 - INFO - Allocating UMIs for gene 3800...
2024-07-23 15:20:36,986 - INFO - Allocating UMIs for gene 3900...
2024-07-23 15:20:41,137 - INFO - Allocating UMIs for gene 4000...
2024-07-23 15:20:45,235 - INFO - Allocating UMIs for gene 4100...
2024-07-23 15:20:49,333 - INFO - Allocating UMIs for gene 4200...
2024-07-23 15:20:53,443 - INFO - Allocating UMIs for gene 4300...
2024-07-23 15:20:57,489 - INFO - Allocating UMIs for gene 4400...
2024-07-23 15:21:01,597 - INFO - Allocating UMIs for gene 4500...
2024-07-23 15:21:05,752 - INFO - Allocating UMIs for gene 4600...
2024-07-23 15:21:09,891 - INFO - Allocating UMIs for gene 4700...
2024-07-23 15:21:13,990 - INFO - Allocating UMIs for gene 4800...
2024-07-23 15:21:18,039 - INFO - Allocating UMIs for gene 4900...
2024-07-23 15:21:22,148 - INFO - Allocating UMIs for gene 5000...
2024-07-23 15:21:26,250 - INFO - Allocating UMIs for gene 5100...
2024-07-23 15:21:30,385 - INFO - Allocating UMIs for gene 5200...
2024-07-23 15:21:34,478 - INFO - Allocating UMIs for gene 5300...
2024-07-23 15:21:38,503 - INFO - Allocating UMIs for gene 5400...
2024-07-23 15:21:42,631 - INFO - Allocating UMIs for gene 5500...
2024-07-23 15:21:46,687 - INFO - Allocating UMIs for gene 5600...
2024-07-23 15:21:50,784 - INFO - Allocating UMIs for gene 5700...
2024-07-23 15:21:54,921 - INFO - Allocating UMIs for gene 5800...
2024-07-23 15:21:59,053 - INFO - Allocating UMIs for gene 5900...
2024-07-23 15:22:03,184 - INFO - Allocating UMIs for gene 6000...
2024-07-23 15:22:07,300 - INFO - Allocating UMIs for gene 6100...
2024-07-23 15:22:11,327 - INFO - Allocating UMIs for gene 6200...
2024-07-23 15:22:15,432 - INFO - Allocating UMIs for gene 6300...
2024-07-23 15:22:19,537 - INFO - Allocating UMIs for gene 6400...
2024-07-23 15:22:23,637 - INFO - Allocating UMIs for gene 6500...
2024-07-23 15:22:27,784 - INFO - Allocating UMIs for gene 6600...
2024-07-23 15:22:31,891 - INFO - Allocating UMIs for gene 6700...
2024-07-23 15:22:36,031 - INFO - Allocating UMIs for gene 6800...
2024-07-23 15:22:40,088 - INFO - Allocating UMIs for gene 6900...
2024-07-23 15:22:44,129 - INFO - Allocating UMIs for gene 7000...
2024-07-23 15:22:48,227 - INFO - Allocating UMIs for gene 7100...
2024-07-23 15:22:52,324 - INFO - Allocating UMIs for gene 7200...
2024-07-23 15:22:56,390 - INFO - Allocating UMIs for gene 7300...
2024-07-23 15:23:00,484 - INFO - Allocating UMIs for gene 7400...
2024-07-23 15:23:04,540 - INFO - Allocating UMIs for gene 7500...
2024-07-23 15:23:08,677 - INFO - Allocating UMIs for gene 7600...
2024-07-23 15:23:12,744 - INFO - Allocating UMIs for gene 7700...
2024-07-23 15:23:16,800 - INFO - Allocating UMIs for gene 7800...
2024-07-23 15:23:20,863 - INFO - Allocating UMIs for gene 7900...
2024-07-23 15:23:24,884 - INFO - Allocating UMIs for gene 8000...
2024-07-23 15:23:28,936 - INFO - Allocating UMIs for gene 8100...
2024-07-23 15:23:32,961 - INFO - Allocating UMIs for gene 8200...
2024-07-23 15:23:37,028 - INFO - Allocating UMIs for gene 8300...
2024-07-23 15:23:41,136 - INFO - Allocating UMIs for gene 8400...
2024-07-23 15:23:45,295 - INFO - Allocating UMIs for gene 8500...
2024-07-23 15:23:49,310 - INFO - Allocating UMIs for gene 8600...
2024-07-23 15:23:53,451 - INFO - Allocating UMIs for gene 8700...
2024-07-23 15:23:57,507 - INFO - Allocating UMIs for gene 8800...
2024-07-23 15:24:01,545 - INFO - Allocating UMIs for gene 8900...
2024-07-23 15:24:05,572 - INFO - Allocating UMIs for gene 9000...
2024-07-23 15:24:09,468 - INFO - Allocating UMIs for gene 9100...
2024-07-23 15:24:13,526 - INFO - Allocating UMIs for gene 9200...
2024-07-23 15:24:17,662 - INFO - Allocating UMIs for gene 9300...
2024-07-23 15:24:21,762 - INFO - Allocating UMIs for gene 9400...
2024-07-23 15:24:25,900 - INFO - Allocating UMIs for gene 9500...
2024-07-23 15:24:29,968 - INFO - Allocating UMIs for gene 9600...
2024-07-23 15:24:34,066 - INFO - Allocating UMIs for gene 9700...
2024-07-23 15:24:38,089 - INFO - Allocating UMIs for gene 9800...
2024-07-23 15:24:42,249 - INFO - Allocating UMIs for gene 9900...
2024-07-23 15:24:46,263 - INFO - UMI allocation complete.
2024-07-23 15:24:46,263 - INFO - Counting overall UMI occurrences...
2024-07-23 15:24:46,274 - INFO - Counting inter-gene collisions...
2024-07-23 15:24:46,351 - INFO - Total UMIs generated: 262144
2024-07-23 15:24:46,352 - INFO - Total UMIs allocated: 59997
2024-07-23 15:24:46,352 - INFO - Number of unique UMIs assigned to genes: 53567
2024-07-23 15:24:46,352 - INFO - Inter-gene collisions: 6428
2024-07-23 15:24:46,352 - INFO - Inter-gene collision rate: 0.10714
2024-07-23 15:24:46,352 - INFO - Writing gene UMI counts to file...
2024-07-23 15:24:46,355 - INFO - Writing UMI inter-gene collisions to file...
2024-07-23 15:24:46,358 - INFO - Simulation complete.
