2024-07-23 15:45:23,582 - INFO - Simulation Script Version: 0.0.2
2024-07-23 15:45:23,582 - INFO - Simulation Parameters:
2024-07-23 15:45:23,582 - INFO - Length of UMI: 10
2024-07-23 15:45:23,583 - INFO - Number of genes: 10000
2024-07-23 15:45:23,583 - INFO - Parameters file: None
2024-07-23 15:45:23,583 - INFO - Mean (mu): 6.0
2024-07-23 15:45:23,583 - INFO - Dispersion (theta): 6.0
2024-07-23 15:45:23,583 - INFO - Use Poisson distribution: False
2024-07-23 15:45:23,583 - INFO - Gene UMI counts file: gene_10000_umi10_counts_rep8.txt
2024-07-23 15:45:23,583 - INFO - UMI collisions file: umi10_10000_collisions_rep8.txt
2024-07-23 15:45:23,583 - INFO - Seed: None
2024-07-23 15:45:23,583 - INFO - Log file: umi10_10000_rep8.log
2024-07-23 15:45:23,583 - INFO - No seed specified. Generated random seed: 2439494254
2024-07-23 15:45:23,583 - INFO - Generating all possible UMIs...
2024-07-23 15:45:23,843 - INFO - Total possible UMIs generated: 262144
2024-07-23 15:45:23,843 - INFO - Loading parameters...
2024-07-23 15:45:23,843 - INFO - Sampling read depths for each gene...
2024-07-23 15:45:24,188 - INFO - Read depths sampling complete.
2024-07-23 15:45:24,188 - INFO - Allocating UMIs based on sampled read depths...
2024-07-23 15:45:24,188 - INFO - Allocating UMIs for gene 0...
2024-07-23 15:45:28,364 - INFO - Allocating UMIs for gene 100...
2024-07-23 15:45:32,536 - INFO - Allocating UMIs for gene 200...
2024-07-23 15:45:36,592 - INFO - Allocating UMIs for gene 300...
2024-07-23 15:45:40,764 - INFO - Allocating UMIs for gene 400...
2024-07-23 15:45:44,857 - INFO - Allocating UMIs for gene 500...
2024-07-23 15:45:49,021 - INFO - Allocating UMIs for gene 600...
2024-07-23 15:45:52,984 - INFO - Allocating UMIs for gene 700...
2024-07-23 15:45:57,063 - INFO - Allocating UMIs for gene 800...
2024-07-23 15:46:01,173 - INFO - Allocating UMIs for gene 900...
2024-07-23 15:46:05,291 - INFO - Allocating UMIs for gene 1000...
2024-07-23 15:46:09,375 - INFO - Allocating UMIs for gene 1100...
2024-07-23 15:46:13,390 - INFO - Allocating UMIs for gene 1200...
2024-07-23 15:46:17,513 - INFO - Allocating UMIs for gene 1300...
2024-07-23 15:46:21,500 - INFO - Allocating UMIs for gene 1400...
2024-07-23 15:46:25,672 - INFO - Allocating UMIs for gene 1500...
2024-07-23 15:46:29,726 - INFO - Allocating UMIs for gene 1600...
2024-07-23 15:46:33,715 - INFO - Allocating UMIs for gene 1700...
2024-07-23 15:46:37,886 - INFO - Allocating UMIs for gene 1800...
2024-07-23 15:46:42,042 - INFO - Allocating UMIs for gene 1900...
2024-07-23 15:46:46,125 - INFO - Allocating UMIs for gene 2000...
2024-07-23 15:46:50,143 - INFO - Allocating UMIs for gene 2100...
2024-07-23 15:46:54,257 - INFO - Allocating UMIs for gene 2200...
2024-07-23 15:46:58,282 - INFO - Allocating UMIs for gene 2300...
2024-07-23 15:47:02,368 - INFO - Allocating UMIs for gene 2400...
2024-07-23 15:47:06,455 - INFO - Allocating UMIs for gene 2500...
2024-07-23 15:47:10,592 - INFO - Allocating UMIs for gene 2600...
2024-07-23 15:47:14,545 - INFO - Allocating UMIs for gene 2700...
2024-07-23 15:47:18,696 - INFO - Allocating UMIs for gene 2800...
2024-07-23 15:47:22,804 - INFO - Allocating UMIs for gene 2900...
2024-07-23 15:47:26,870 - INFO - Allocating UMIs for gene 3000...
2024-07-23 15:47:30,928 - INFO - Allocating UMIs for gene 3100...
2024-07-23 15:47:35,009 - INFO - Allocating UMIs for gene 3200...
2024-07-23 15:47:39,137 - INFO - Allocating UMIs for gene 3300...
2024-07-23 15:47:43,093 - INFO - Allocating UMIs for gene 3400...
2024-07-23 15:47:47,254 - INFO - Allocating UMIs for gene 3500...
2024-07-23 15:47:51,367 - INFO - Allocating UMIs for gene 3600...
2024-07-23 15:47:55,427 - INFO - Allocating UMIs for gene 3700...
2024-07-23 15:47:59,541 - INFO - Allocating UMIs for gene 3800...
2024-07-23 15:48:03,595 - INFO - Allocating UMIs for gene 3900...
2024-07-23 15:48:07,669 - INFO - Allocating UMIs for gene 4000...
2024-07-23 15:48:11,843 - INFO - Allocating UMIs for gene 4100...
2024-07-23 15:48:16,016 - INFO - Allocating UMIs for gene 4200...
2024-07-23 15:48:20,125 - INFO - Allocating UMIs for gene 4300...
2024-07-23 15:48:24,228 - INFO - Allocating UMIs for gene 4400...
2024-07-23 15:48:28,293 - INFO - Allocating UMIs for gene 4500...
2024-07-23 15:48:32,358 - INFO - Allocating UMIs for gene 4600...
2024-07-23 15:48:36,509 - INFO - Allocating UMIs for gene 4700...
2024-07-23 15:48:40,605 - INFO - Allocating UMIs for gene 4800...
2024-07-23 15:48:44,730 - INFO - Allocating UMIs for gene 4900...
2024-07-23 15:48:48,748 - INFO - Allocating UMIs for gene 5000...
2024-07-23 15:48:52,766 - INFO - Allocating UMIs for gene 5100...
2024-07-23 15:48:56,790 - INFO - Allocating UMIs for gene 5200...
2024-07-23 15:49:00,890 - INFO - Allocating UMIs for gene 5300...
2024-07-23 15:49:05,002 - INFO - Allocating UMIs for gene 5400...
2024-07-23 15:49:09,086 - INFO - Allocating UMIs for gene 5500...
2024-07-23 15:49:13,129 - INFO - Allocating UMIs for gene 5600...
2024-07-23 15:49:17,237 - INFO - Allocating UMIs for gene 5700...
2024-07-23 15:49:21,299 - INFO - Allocating UMIs for gene 5800...
2024-07-23 15:49:25,366 - INFO - Allocating UMIs for gene 5900...
2024-07-23 15:49:29,345 - INFO - Allocating UMIs for gene 6000...
2024-07-23 15:49:33,495 - INFO - Allocating UMIs for gene 6100...
2024-07-23 15:49:37,440 - INFO - Allocating UMIs for gene 6200...
2024-07-23 15:49:41,463 - INFO - Allocating UMIs for gene 6300...
2024-07-23 15:49:45,539 - INFO - Allocating UMIs for gene 6400...
2024-07-23 15:49:49,687 - INFO - Allocating UMIs for gene 6500...
2024-07-23 15:49:53,796 - INFO - Allocating UMIs for gene 6600...
2024-07-23 15:49:57,947 - INFO - Allocating UMIs for gene 6700...
2024-07-23 15:50:02,030 - INFO - Allocating UMIs for gene 6800...
2024-07-23 15:50:06,168 - INFO - Allocating UMIs for gene 6900...
2024-07-23 15:50:10,294 - INFO - Allocating UMIs for gene 7000...
2024-07-23 15:50:14,370 - INFO - Allocating UMIs for gene 7100...
2024-07-23 15:50:18,477 - INFO - Allocating UMIs for gene 7200...
2024-07-23 15:50:22,537 - INFO - Allocating UMIs for gene 7300...
2024-07-23 15:50:26,643 - INFO - Allocating UMIs for gene 7400...
2024-07-23 15:50:30,708 - INFO - Allocating UMIs for gene 7500...
2024-07-23 15:50:34,812 - INFO - Allocating UMIs for gene 7600...
2024-07-23 15:50:38,884 - INFO - Allocating UMIs for gene 7700...
2024-07-23 15:50:42,920 - INFO - Allocating UMIs for gene 7800...
2024-07-23 15:50:47,033 - INFO - Allocating UMIs for gene 7900...
2024-07-23 15:50:51,128 - INFO - Allocating UMIs for gene 8000...
2024-07-23 15:50:55,113 - INFO - Allocating UMIs for gene 8100...
2024-07-23 15:50:59,224 - INFO - Allocating UMIs for gene 8200...
2024-07-23 15:51:03,293 - INFO - Allocating UMIs for gene 8300...
2024-07-23 15:51:07,423 - INFO - Allocating UMIs for gene 8400...
2024-07-23 15:51:11,531 - INFO - Allocating UMIs for gene 8500...
2024-07-23 15:51:15,635 - INFO - Allocating UMIs for gene 8600...
2024-07-23 15:51:19,788 - INFO - Allocating UMIs for gene 8700...
2024-07-23 15:51:23,899 - INFO - Allocating UMIs for gene 8800...
2024-07-23 15:51:28,047 - INFO - Allocating UMIs for gene 8900...
2024-07-23 15:51:32,150 - INFO - Allocating UMIs for gene 9000...
2024-07-23 15:51:36,310 - INFO - Allocating UMIs for gene 9100...
2024-07-23 15:51:40,336 - INFO - Allocating UMIs for gene 9200...
2024-07-23 15:51:44,402 - INFO - Allocating UMIs for gene 9300...
2024-07-23 15:51:48,513 - INFO - Allocating UMIs for gene 9400...
2024-07-23 15:51:52,657 - INFO - Allocating UMIs for gene 9500...
2024-07-23 15:51:56,812 - INFO - Allocating UMIs for gene 9600...
2024-07-23 15:52:00,938 - INFO - Allocating UMIs for gene 9700...
2024-07-23 15:52:05,104 - INFO - Allocating UMIs for gene 9800...
2024-07-23 15:52:09,197 - INFO - Allocating UMIs for gene 9900...
2024-07-23 15:52:13,279 - INFO - UMI allocation complete.
2024-07-23 15:52:13,279 - INFO - Counting overall UMI occurrences...
2024-07-23 15:52:13,290 - INFO - Counting inter-gene collisions...
2024-07-23 15:52:13,367 - INFO - Total UMIs generated: 262144
2024-07-23 15:52:13,367 - INFO - Total UMIs allocated: 59353
2024-07-23 15:52:13,367 - INFO - Number of unique UMIs assigned to genes: 53013
2024-07-23 15:52:13,367 - INFO - Inter-gene collisions: 6338
2024-07-23 15:52:13,367 - INFO - Inter-gene collision rate: 0.10678
2024-07-23 15:52:13,367 - INFO - Writing gene UMI counts to file...
2024-07-23 15:52:13,370 - INFO - Writing UMI inter-gene collisions to file...
2024-07-23 15:52:13,373 - INFO - Simulation complete.
