2024-07-23 15:59:05,293 - INFO - Simulation Script Version: 0.0.2
2024-07-23 15:59:05,293 - INFO - Simulation Parameters:
2024-07-23 15:59:05,293 - INFO - Length of UMI: 10
2024-07-23 15:59:05,293 - INFO - Number of genes: 10000
2024-07-23 15:59:05,293 - INFO - Parameters file: None
2024-07-23 15:59:05,293 - INFO - Mean (mu): 6.0
2024-07-23 15:59:05,293 - INFO - Dispersion (theta): 6.0
2024-07-23 15:59:05,293 - INFO - Use Poisson distribution: False
2024-07-23 15:59:05,293 - INFO - Gene UMI counts file: gene_10000_umi10_counts_rep10.txt
2024-07-23 15:59:05,293 - INFO - UMI collisions file: umi10_10000_collisions_rep10.txt
2024-07-23 15:59:05,293 - INFO - Seed: None
2024-07-23 15:59:05,293 - INFO - Log file: umi10_10000_rep10.log
2024-07-23 15:59:05,294 - INFO - No seed specified. Generated random seed: 1731361831
2024-07-23 15:59:05,294 - INFO - Generating all possible UMIs...
2024-07-23 15:59:05,551 - INFO - Total possible UMIs generated: 262144
2024-07-23 15:59:05,551 - INFO - Loading parameters...
2024-07-23 15:59:05,551 - INFO - Sampling read depths for each gene...
2024-07-23 15:59:05,899 - INFO - Read depths sampling complete.
2024-07-23 15:59:05,899 - INFO - Allocating UMIs based on sampled read depths...
2024-07-23 15:59:05,899 - INFO - Allocating UMIs for gene 0...
2024-07-23 15:59:10,079 - INFO - Allocating UMIs for gene 100...
2024-07-23 15:59:14,267 - INFO - Allocating UMIs for gene 200...
2024-07-23 15:59:18,452 - INFO - Allocating UMIs for gene 300...
2024-07-23 15:59:22,557 - INFO - Allocating UMIs for gene 400...
2024-07-23 15:59:26,702 - INFO - Allocating UMIs for gene 500...
2024-07-23 15:59:30,751 - INFO - Allocating UMIs for gene 600...
2024-07-23 15:59:34,894 - INFO - Allocating UMIs for gene 700...
2024-07-23 15:59:39,020 - INFO - Allocating UMIs for gene 800...
2024-07-23 15:59:43,057 - INFO - Allocating UMIs for gene 900...
2024-07-23 15:59:47,094 - INFO - Allocating UMIs for gene 1000...
2024-07-23 15:59:51,240 - INFO - Allocating UMIs for gene 1100...
2024-07-23 15:59:55,325 - INFO - Allocating UMIs for gene 1200...
2024-07-23 15:59:59,438 - INFO - Allocating UMIs for gene 1300...
2024-07-23 16:00:03,612 - INFO - Allocating UMIs for gene 1400...
2024-07-23 16:00:07,712 - INFO - Allocating UMIs for gene 1500...
2024-07-23 16:00:11,804 - INFO - Allocating UMIs for gene 1600...
2024-07-23 16:00:15,799 - INFO - Allocating UMIs for gene 1700...
2024-07-23 16:00:19,884 - INFO - Allocating UMIs for gene 1800...
2024-07-23 16:00:24,064 - INFO - Allocating UMIs for gene 1900...
2024-07-23 16:00:28,132 - INFO - Allocating UMIs for gene 2000...
2024-07-23 16:00:32,257 - INFO - Allocating UMIs for gene 2100...
2024-07-23 16:00:36,420 - INFO - Allocating UMIs for gene 2200...
2024-07-23 16:00:40,535 - INFO - Allocating UMIs for gene 2300...
2024-07-23 16:00:44,708 - INFO - Allocating UMIs for gene 2400...
2024-07-23 16:00:48,849 - INFO - Allocating UMIs for gene 2500...
2024-07-23 16:00:52,926 - INFO - Allocating UMIs for gene 2600...
2024-07-23 16:00:57,016 - INFO - Allocating UMIs for gene 2700...
2024-07-23 16:01:01,188 - INFO - Allocating UMIs for gene 2800...
2024-07-23 16:01:05,278 - INFO - Allocating UMIs for gene 2900...
2024-07-23 16:01:09,359 - INFO - Allocating UMIs for gene 3000...
2024-07-23 16:01:13,497 - INFO - Allocating UMIs for gene 3100...
2024-07-23 16:01:17,641 - INFO - Allocating UMIs for gene 3200...
2024-07-23 16:01:21,672 - INFO - Allocating UMIs for gene 3300...
2024-07-23 16:01:25,845 - INFO - Allocating UMIs for gene 3400...
2024-07-23 16:01:29,959 - INFO - Allocating UMIs for gene 3500...
2024-07-23 16:01:34,087 - INFO - Allocating UMIs for gene 3600...
2024-07-23 16:01:38,133 - INFO - Allocating UMIs for gene 3700...
2024-07-23 16:01:42,213 - INFO - Allocating UMIs for gene 3800...
2024-07-23 16:01:46,343 - INFO - Allocating UMIs for gene 3900...
2024-07-23 16:01:50,413 - INFO - Allocating UMIs for gene 4000...
2024-07-23 16:01:54,545 - INFO - Allocating UMIs for gene 4100...
2024-07-23 16:01:58,560 - INFO - Allocating UMIs for gene 4200...
2024-07-23 16:02:02,738 - INFO - Allocating UMIs for gene 4300...
2024-07-23 16:02:06,914 - INFO - Allocating UMIs for gene 4400...
2024-07-23 16:02:10,952 - INFO - Allocating UMIs for gene 4500...
2024-07-23 16:02:15,075 - INFO - Allocating UMIs for gene 4600...
2024-07-23 16:02:19,112 - INFO - Allocating UMIs for gene 4700...
2024-07-23 16:02:23,279 - INFO - Allocating UMIs for gene 4800...
2024-07-23 16:02:27,392 - INFO - Allocating UMIs for gene 4900...
2024-07-23 16:02:31,434 - INFO - Allocating UMIs for gene 5000...
2024-07-23 16:02:35,588 - INFO - Allocating UMIs for gene 5100...
2024-07-23 16:02:39,740 - INFO - Allocating UMIs for gene 5200...
2024-07-23 16:02:43,884 - INFO - Allocating UMIs for gene 5300...
2024-07-23 16:02:47,982 - INFO - Allocating UMIs for gene 5400...
2024-07-23 16:02:52,107 - INFO - Allocating UMIs for gene 5500...
2024-07-23 16:02:56,192 - INFO - Allocating UMIs for gene 5600...
2024-07-23 16:03:00,360 - INFO - Allocating UMIs for gene 5700...
2024-07-23 16:03:04,425 - INFO - Allocating UMIs for gene 5800...
2024-07-23 16:03:08,407 - INFO - Allocating UMIs for gene 5900...
2024-07-23 16:03:12,498 - INFO - Allocating UMIs for gene 6000...
2024-07-23 16:03:16,578 - INFO - Allocating UMIs for gene 6100...
2024-07-23 16:03:20,573 - INFO - Allocating UMIs for gene 6200...
2024-07-23 16:03:24,744 - INFO - Allocating UMIs for gene 6300...
2024-07-23 16:03:28,909 - INFO - Allocating UMIs for gene 6400...
2024-07-23 16:03:32,903 - INFO - Allocating UMIs for gene 6500...
2024-07-23 16:03:36,893 - INFO - Allocating UMIs for gene 6600...
2024-07-23 16:03:40,847 - INFO - Allocating UMIs for gene 6700...
2024-07-23 16:03:44,942 - INFO - Allocating UMIs for gene 6800...
2024-07-23 16:03:49,088 - INFO - Allocating UMIs for gene 6900...
2024-07-23 16:03:53,226 - INFO - Allocating UMIs for gene 7000...
2024-07-23 16:03:57,341 - INFO - Allocating UMIs for gene 7100...
2024-07-23 16:04:01,361 - INFO - Allocating UMIs for gene 7200...
2024-07-23 16:04:05,416 - INFO - Allocating UMIs for gene 7300...
2024-07-23 16:04:09,572 - INFO - Allocating UMIs for gene 7400...
2024-07-23 16:04:13,707 - INFO - Allocating UMIs for gene 7500...
2024-07-23 16:04:17,879 - INFO - Allocating UMIs for gene 7600...
2024-07-23 16:04:21,954 - INFO - Allocating UMIs for gene 7700...
2024-07-23 16:04:25,992 - INFO - Allocating UMIs for gene 7800...
2024-07-23 16:04:30,036 - INFO - Allocating UMIs for gene 7900...
2024-07-23 16:04:34,195 - INFO - Allocating UMIs for gene 8000...
2024-07-23 16:04:38,325 - INFO - Allocating UMIs for gene 8100...
2024-07-23 16:04:42,365 - INFO - Allocating UMIs for gene 8200...
2024-07-23 16:04:46,499 - INFO - Allocating UMIs for gene 8300...
2024-07-23 16:04:50,603 - INFO - Allocating UMIs for gene 8400...
2024-07-23 16:04:54,737 - INFO - Allocating UMIs for gene 8500...
2024-07-23 16:04:58,766 - INFO - Allocating UMIs for gene 8600...
2024-07-23 16:05:02,734 - INFO - Allocating UMIs for gene 8700...
2024-07-23 16:05:06,864 - INFO - Allocating UMIs for gene 8800...
2024-07-23 16:05:10,998 - INFO - Allocating UMIs for gene 8900...
2024-07-23 16:05:15,075 - INFO - Allocating UMIs for gene 9000...
2024-07-23 16:05:19,190 - INFO - Allocating UMIs for gene 9100...
2024-07-23 16:05:23,363 - INFO - Allocating UMIs for gene 9200...
2024-07-23 16:05:27,479 - INFO - Allocating UMIs for gene 9300...
2024-07-23 16:05:31,563 - INFO - Allocating UMIs for gene 9400...
2024-07-23 16:05:35,607 - INFO - Allocating UMIs for gene 9500...
2024-07-23 16:05:39,765 - INFO - Allocating UMIs for gene 9600...
2024-07-23 16:05:43,825 - INFO - Allocating UMIs for gene 9700...
2024-07-23 16:05:47,924 - INFO - Allocating UMIs for gene 9800...
2024-07-23 16:05:52,049 - INFO - Allocating UMIs for gene 9900...
2024-07-23 16:05:56,167 - INFO - UMI allocation complete.
2024-07-23 16:05:56,167 - INFO - Counting overall UMI occurrences...
2024-07-23 16:05:56,178 - INFO - Counting inter-gene collisions...
2024-07-23 16:05:56,255 - INFO - Total UMIs generated: 262144
2024-07-23 16:05:56,256 - INFO - Total UMIs allocated: 59385
2024-07-23 16:05:56,256 - INFO - Number of unique UMIs assigned to genes: 53119
2024-07-23 16:05:56,256 - INFO - Inter-gene collisions: 6266
2024-07-23 16:05:56,256 - INFO - Inter-gene collision rate: 0.10551
2024-07-23 16:05:56,256 - INFO - Writing gene UMI counts to file...
2024-07-23 16:05:56,260 - INFO - Writing UMI inter-gene collisions to file...
2024-07-23 16:05:56,263 - INFO - Simulation complete.
