2024-07-23 15:31:38,996 - INFO - Simulation Script Version: 0.0.2
2024-07-23 15:31:38,996 - INFO - Simulation Parameters:
2024-07-23 15:31:38,996 - INFO - Length of UMI: 10
2024-07-23 15:31:38,996 - INFO - Number of genes: 10000
2024-07-23 15:31:38,997 - INFO - Parameters file: None
2024-07-23 15:31:38,997 - INFO - Mean (mu): 6.0
2024-07-23 15:31:38,997 - INFO - Dispersion (theta): 6.0
2024-07-23 15:31:38,997 - INFO - Use Poisson distribution: False
2024-07-23 15:31:38,997 - INFO - Gene UMI counts file: gene_10000_umi10_counts_rep6.txt
2024-07-23 15:31:38,997 - INFO - UMI collisions file: umi10_10000_collisions_rep6.txt
2024-07-23 15:31:38,997 - INFO - Seed: None
2024-07-23 15:31:38,997 - INFO - Log file: umi10_10000_rep6.log
2024-07-23 15:31:38,997 - INFO - No seed specified. Generated random seed: 2867344742
2024-07-23 15:31:38,997 - INFO - Generating all possible UMIs...
2024-07-23 15:31:39,256 - INFO - Total possible UMIs generated: 262144
2024-07-23 15:31:39,256 - INFO - Loading parameters...
2024-07-23 15:31:39,256 - INFO - Sampling read depths for each gene...
2024-07-23 15:31:39,602 - INFO - Read depths sampling complete.
2024-07-23 15:31:39,603 - INFO - Allocating UMIs based on sampled read depths...
2024-07-23 15:31:39,603 - INFO - Allocating UMIs for gene 0...
2024-07-23 15:31:43,769 - INFO - Allocating UMIs for gene 100...
2024-07-23 15:31:47,930 - INFO - Allocating UMIs for gene 200...
2024-07-23 15:31:52,113 - INFO - Allocating UMIs for gene 300...
2024-07-23 15:31:56,171 - INFO - Allocating UMIs for gene 400...
2024-07-23 15:32:00,202 - INFO - Allocating UMIs for gene 500...
2024-07-23 15:32:04,289 - INFO - Allocating UMIs for gene 600...
2024-07-23 15:32:08,340 - INFO - Allocating UMIs for gene 700...
2024-07-23 15:32:12,511 - INFO - Allocating UMIs for gene 800...
2024-07-23 15:32:16,528 - INFO - Allocating UMIs for gene 900...
2024-07-23 15:32:20,593 - INFO - Allocating UMIs for gene 1000...
2024-07-23 15:32:24,688 - INFO - Allocating UMIs for gene 1100...
2024-07-23 15:32:28,847 - INFO - Allocating UMIs for gene 1200...
2024-07-23 15:32:32,934 - INFO - Allocating UMIs for gene 1300...
2024-07-23 15:32:37,057 - INFO - Allocating UMIs for gene 1400...
2024-07-23 15:32:41,155 - INFO - Allocating UMIs for gene 1500...
2024-07-23 15:32:45,245 - INFO - Allocating UMIs for gene 1600...
2024-07-23 15:32:49,409 - INFO - Allocating UMIs for gene 1700...
2024-07-23 15:32:53,565 - INFO - Allocating UMIs for gene 1800...
2024-07-23 15:32:57,738 - INFO - Allocating UMIs for gene 1900...
2024-07-23 15:33:01,805 - INFO - Allocating UMIs for gene 2000...
2024-07-23 15:33:05,888 - INFO - Allocating UMIs for gene 2100...
2024-07-23 15:33:09,976 - INFO - Allocating UMIs for gene 2200...
2024-07-23 15:33:14,140 - INFO - Allocating UMIs for gene 2300...
2024-07-23 15:33:18,264 - INFO - Allocating UMIs for gene 2400...
2024-07-23 15:33:22,363 - INFO - Allocating UMIs for gene 2500...
2024-07-23 15:33:26,514 - INFO - Allocating UMIs for gene 2600...
2024-07-23 15:33:30,596 - INFO - Allocating UMIs for gene 2700...
2024-07-23 15:33:34,714 - INFO - Allocating UMIs for gene 2800...
2024-07-23 15:33:38,877 - INFO - Allocating UMIs for gene 2900...
2024-07-23 15:33:42,912 - INFO - Allocating UMIs for gene 3000...
2024-07-23 15:33:47,077 - INFO - Allocating UMIs for gene 3100...
2024-07-23 15:33:51,133 - INFO - Allocating UMIs for gene 3200...
2024-07-23 15:33:55,081 - INFO - Allocating UMIs for gene 3300...
2024-07-23 15:33:59,188 - INFO - Allocating UMIs for gene 3400...
2024-07-23 15:34:03,324 - INFO - Allocating UMIs for gene 3500...
2024-07-23 15:34:07,451 - INFO - Allocating UMIs for gene 3600...
2024-07-23 15:34:11,526 - INFO - Allocating UMIs for gene 3700...
2024-07-23 15:34:15,691 - INFO - Allocating UMIs for gene 3800...
2024-07-23 15:34:19,809 - INFO - Allocating UMIs for gene 3900...
2024-07-23 15:34:23,930 - INFO - Allocating UMIs for gene 4000...
2024-07-23 15:34:27,929 - INFO - Allocating UMIs for gene 4100...
2024-07-23 15:34:32,066 - INFO - Allocating UMIs for gene 4200...
2024-07-23 15:34:36,110 - INFO - Allocating UMIs for gene 4300...
2024-07-23 15:34:40,140 - INFO - Allocating UMIs for gene 4400...
2024-07-23 15:34:44,181 - INFO - Allocating UMIs for gene 4500...
2024-07-23 15:34:48,335 - INFO - Allocating UMIs for gene 4600...
2024-07-23 15:34:52,407 - INFO - Allocating UMIs for gene 4700...
2024-07-23 15:34:56,536 - INFO - Allocating UMIs for gene 4800...
2024-07-23 15:35:00,526 - INFO - Allocating UMIs for gene 4900...
2024-07-23 15:35:04,689 - INFO - Allocating UMIs for gene 5000...
2024-07-23 15:35:08,819 - INFO - Allocating UMIs for gene 5100...
2024-07-23 15:35:12,845 - INFO - Allocating UMIs for gene 5200...
2024-07-23 15:35:16,927 - INFO - Allocating UMIs for gene 5300...
2024-07-23 15:35:21,063 - INFO - Allocating UMIs for gene 5400...
2024-07-23 15:35:24,977 - INFO - Allocating UMIs for gene 5500...
2024-07-23 15:35:29,062 - INFO - Allocating UMIs for gene 5600...
2024-07-23 15:35:33,145 - INFO - Allocating UMIs for gene 5700...
2024-07-23 15:35:37,297 - INFO - Allocating UMIs for gene 5800...
2024-07-23 15:35:41,433 - INFO - Allocating UMIs for gene 5900...
2024-07-23 15:35:45,550 - INFO - Allocating UMIs for gene 6000...
2024-07-23 15:35:49,681 - INFO - Allocating UMIs for gene 6100...
2024-07-23 15:35:53,840 - INFO - Allocating UMIs for gene 6200...
2024-07-23 15:35:57,837 - INFO - Allocating UMIs for gene 6300...
2024-07-23 15:36:02,027 - INFO - Allocating UMIs for gene 6400...
2024-07-23 15:36:06,069 - INFO - Allocating UMIs for gene 6500...
2024-07-23 15:36:10,196 - INFO - Allocating UMIs for gene 6600...
2024-07-23 15:36:14,314 - INFO - Allocating UMIs for gene 6700...
2024-07-23 15:36:18,441 - INFO - Allocating UMIs for gene 6800...
2024-07-23 15:36:22,577 - INFO - Allocating UMIs for gene 6900...
2024-07-23 15:36:26,698 - INFO - Allocating UMIs for gene 7000...
2024-07-23 15:36:30,692 - INFO - Allocating UMIs for gene 7100...
2024-07-23 15:36:34,811 - INFO - Allocating UMIs for gene 7200...
2024-07-23 15:36:38,972 - INFO - Allocating UMIs for gene 7300...
2024-07-23 15:36:43,128 - INFO - Allocating UMIs for gene 7400...
2024-07-23 15:36:47,210 - INFO - Allocating UMIs for gene 7500...
2024-07-23 15:36:51,367 - INFO - Allocating UMIs for gene 7600...
2024-07-23 15:36:55,530 - INFO - Allocating UMIs for gene 7700...
2024-07-23 15:36:59,688 - INFO - Allocating UMIs for gene 7800...
2024-07-23 15:37:03,721 - INFO - Allocating UMIs for gene 7900...
2024-07-23 15:37:07,793 - INFO - Allocating UMIs for gene 8000...
2024-07-23 15:37:11,927 - INFO - Allocating UMIs for gene 8100...
2024-07-23 15:37:16,010 - INFO - Allocating UMIs for gene 8200...
2024-07-23 15:37:20,132 - INFO - Allocating UMIs for gene 8300...
2024-07-23 15:37:24,265 - INFO - Allocating UMIs for gene 8400...
2024-07-23 15:37:28,389 - INFO - Allocating UMIs for gene 8500...
2024-07-23 15:37:32,502 - INFO - Allocating UMIs for gene 8600...
2024-07-23 15:37:36,674 - INFO - Allocating UMIs for gene 8700...
2024-07-23 15:37:40,703 - INFO - Allocating UMIs for gene 8800...
2024-07-23 15:37:44,813 - INFO - Allocating UMIs for gene 8900...
2024-07-23 15:37:48,983 - INFO - Allocating UMIs for gene 9000...
2024-07-23 15:37:53,092 - INFO - Allocating UMIs for gene 9100...
2024-07-23 15:37:57,175 - INFO - Allocating UMIs for gene 9200...
2024-07-23 15:38:01,310 - INFO - Allocating UMIs for gene 9300...
2024-07-23 15:38:05,310 - INFO - Allocating UMIs for gene 9400...
2024-07-23 15:38:09,481 - INFO - Allocating UMIs for gene 9500...
2024-07-23 15:38:13,657 - INFO - Allocating UMIs for gene 9600...
2024-07-23 15:38:17,815 - INFO - Allocating UMIs for gene 9700...
2024-07-23 15:38:21,876 - INFO - Allocating UMIs for gene 9800...
2024-07-23 15:38:26,043 - INFO - Allocating UMIs for gene 9900...
2024-07-23 15:38:30,216 - INFO - UMI allocation complete.
2024-07-23 15:38:30,217 - INFO - Counting overall UMI occurrences...
2024-07-23 15:38:30,228 - INFO - Counting inter-gene collisions...
2024-07-23 15:38:30,306 - INFO - Total UMIs generated: 262144
2024-07-23 15:38:30,306 - INFO - Total UMIs allocated: 60289
2024-07-23 15:38:30,306 - INFO - Number of unique UMIs assigned to genes: 53795
2024-07-23 15:38:30,306 - INFO - Inter-gene collisions: 6494
2024-07-23 15:38:30,306 - INFO - Inter-gene collision rate: 0.10771
2024-07-23 15:38:30,306 - INFO - Writing gene UMI counts to file...
2024-07-23 15:38:30,309 - INFO - Writing UMI inter-gene collisions to file...
2024-07-23 15:38:30,312 - INFO - Simulation complete.
