2024-07-20 22:52:44,049 - INFO - Simulation Script Version: 0.0.1
2024-07-20 22:52:44,051 - INFO - Simulation Parameters:
2024-07-20 22:52:44,051 - INFO - Length of UMI: 8
2024-07-20 22:52:44,051 - INFO - Number of genes: 4000
2024-07-20 22:52:44,051 - INFO - Parameters file: None
2024-07-20 22:52:44,051 - INFO - Mean (mu): 6.0
2024-07-20 22:52:44,051 - INFO - Dispersion (theta): 6.0
2024-07-20 22:52:44,051 - INFO - Use Poisson distribution: False
2024-07-20 22:52:44,051 - INFO - Gene UMI counts file: gene_4000_umi8_counts_rep5.txt
2024-07-20 22:52:44,051 - INFO - UMI collisions file: umi8_4000_collisions_rep5.txt
2024-07-20 22:52:44,051 - INFO - Seed: None
2024-07-20 22:52:44,051 - INFO - Log file: umi8_4000_rep5.log
2024-07-20 22:52:44,051 - INFO - No seed specified. Generated random seed: 1483838587
2024-07-20 22:52:44,051 - INFO - Generating all possible UMIs...
2024-07-20 22:52:44,061 - INFO - Total possible UMIs generated: 65536
2024-07-20 22:52:44,061 - INFO - Loading parameters...
2024-07-20 22:52:44,061 - INFO - Sampling read depths for each gene...
2024-07-20 22:52:44,208 - INFO - Read depths sampling complete.
2024-07-20 22:52:44,208 - INFO - Allocating UMIs based on sampled read depths...
2024-07-20 22:52:44,208 - INFO - Allocating UMIs for gene 0...
2024-07-20 22:52:45,254 - INFO - Allocating UMIs for gene 100...
2024-07-20 22:52:45,995 - INFO - Allocating UMIs for gene 200...
2024-07-20 22:52:46,998 - INFO - Allocating UMIs for gene 300...
2024-07-20 22:52:47,759 - INFO - Allocating UMIs for gene 400...
2024-07-20 22:52:48,517 - INFO - Allocating UMIs for gene 500...
2024-07-20 22:52:49,274 - INFO - Allocating UMIs for gene 600...
2024-07-20 22:52:50,037 - INFO - Allocating UMIs for gene 700...
2024-07-20 22:52:50,787 - INFO - Allocating UMIs for gene 800...
2024-07-20 22:52:51,545 - INFO - Allocating UMIs for gene 900...
2024-07-20 22:52:52,298 - INFO - Allocating UMIs for gene 1000...
2024-07-20 22:52:53,056 - INFO - Allocating UMIs for gene 1100...
2024-07-20 22:52:53,808 - INFO - Allocating UMIs for gene 1200...
2024-07-20 22:52:54,551 - INFO - Allocating UMIs for gene 1300...
2024-07-20 22:52:55,312 - INFO - Allocating UMIs for gene 1400...
2024-07-20 22:52:56,056 - INFO - Allocating UMIs for gene 1500...
2024-07-20 22:52:56,815 - INFO - Allocating UMIs for gene 1600...
2024-07-20 22:52:57,565 - INFO - Allocating UMIs for gene 1700...
2024-07-20 22:52:58,317 - INFO - Allocating UMIs for gene 1800...
2024-07-20 22:52:59,065 - INFO - Allocating UMIs for gene 1900...
2024-07-20 22:53:00,070 - INFO - Allocating UMIs for gene 2000...
2024-07-20 22:53:00,846 - INFO - Allocating UMIs for gene 2100...
2024-07-20 22:53:01,617 - INFO - Allocating UMIs for gene 2200...
2024-07-20 22:53:02,386 - INFO - Allocating UMIs for gene 2300...
2024-07-20 22:53:03,157 - INFO - Allocating UMIs for gene 2400...
2024-07-20 22:53:04,199 - INFO - Allocating UMIs for gene 2500...
2024-07-20 22:53:04,985 - INFO - Allocating UMIs for gene 2600...
2024-07-20 22:53:05,747 - INFO - Allocating UMIs for gene 2700...
2024-07-20 22:53:06,533 - INFO - Allocating UMIs for gene 2800...
2024-07-20 22:53:07,304 - INFO - Allocating UMIs for gene 2900...
2024-07-20 22:53:08,059 - INFO - Allocating UMIs for gene 3000...
2024-07-20 22:53:08,821 - INFO - Allocating UMIs for gene 3100...
2024-07-20 22:53:09,591 - INFO - Allocating UMIs for gene 3200...
2024-07-20 22:53:10,367 - INFO - Allocating UMIs for gene 3300...
2024-07-20 22:53:11,128 - INFO - Allocating UMIs for gene 3400...
2024-07-20 22:53:11,898 - INFO - Allocating UMIs for gene 3500...
2024-07-20 22:53:12,684 - INFO - Allocating UMIs for gene 3600...
2024-07-20 22:53:13,438 - INFO - Allocating UMIs for gene 3700...
2024-07-20 22:53:14,215 - INFO - Allocating UMIs for gene 3800...
2024-07-20 22:53:15,001 - INFO - Allocating UMIs for gene 3900...
2024-07-20 22:53:15,787 - INFO - UMI allocation complete.
2024-07-20 22:53:15,788 - INFO - Counting overall UMI occurrences...
2024-07-20 22:53:15,795 - INFO - Counting inter-gene collisions...
2024-07-20 22:53:15,810 - INFO - Total UMIs generated: 65536
2024-07-20 22:53:15,810 - INFO - Total UMIs allocated: 23929
2024-07-20 22:53:15,810 - INFO - Number of unique UMIs assigned to genes: 19932
2024-07-20 22:53:15,810 - INFO - Inter-gene collisions: 3994
2024-07-20 22:53:15,810 - INFO - Inter-gene collision rate: 0.16691
2024-07-20 22:53:15,810 - INFO - Writing gene UMI counts to file...
2024-07-20 22:53:15,814 - INFO - Writing UMI inter-gene collisions to file...
2024-07-20 22:53:15,818 - INFO - Simulation complete.
