2024-07-20 22:52:10,271 - INFO - Simulation Script Version: 0.0.1
2024-07-20 22:52:10,274 - INFO - Simulation Parameters:
2024-07-20 22:52:10,274 - INFO - Length of UMI: 8
2024-07-20 22:52:10,274 - INFO - Number of genes: 4000
2024-07-20 22:52:10,274 - INFO - Parameters file: None
2024-07-20 22:52:10,274 - INFO - Mean (mu): 6.0
2024-07-20 22:52:10,274 - INFO - Dispersion (theta): 6.0
2024-07-20 22:52:10,274 - INFO - Use Poisson distribution: False
2024-07-20 22:52:10,274 - INFO - Gene UMI counts file: gene_4000_umi8_counts_rep4.txt
2024-07-20 22:52:10,274 - INFO - UMI collisions file: umi8_4000_collisions_rep4.txt
2024-07-20 22:52:10,274 - INFO - Seed: None
2024-07-20 22:52:10,274 - INFO - Log file: umi8_4000_rep4.log
2024-07-20 22:52:10,274 - INFO - No seed specified. Generated random seed: 290089285
2024-07-20 22:52:10,274 - INFO - Generating all possible UMIs...
2024-07-20 22:52:10,284 - INFO - Total possible UMIs generated: 65536
2024-07-20 22:52:10,284 - INFO - Loading parameters...
2024-07-20 22:52:10,284 - INFO - Sampling read depths for each gene...
2024-07-20 22:52:10,435 - INFO - Read depths sampling complete.
2024-07-20 22:52:10,435 - INFO - Allocating UMIs based on sampled read depths...
2024-07-20 22:52:10,435 - INFO - Allocating UMIs for gene 0...
2024-07-20 22:52:11,349 - INFO - Allocating UMIs for gene 100...
2024-07-20 22:52:12,332 - INFO - Allocating UMIs for gene 200...
2024-07-20 22:52:13,198 - INFO - Allocating UMIs for gene 300...
2024-07-20 22:52:14,244 - INFO - Allocating UMIs for gene 400...
2024-07-20 22:52:15,027 - INFO - Allocating UMIs for gene 500...
2024-07-20 22:52:15,829 - INFO - Allocating UMIs for gene 600...
2024-07-20 22:52:16,623 - INFO - Allocating UMIs for gene 700...
2024-07-20 22:52:17,427 - INFO - Allocating UMIs for gene 800...
2024-07-20 22:52:18,199 - INFO - Allocating UMIs for gene 900...
2024-07-20 22:52:18,990 - INFO - Allocating UMIs for gene 1000...
2024-07-20 22:52:19,771 - INFO - Allocating UMIs for gene 1100...
2024-07-20 22:52:20,544 - INFO - Allocating UMIs for gene 1200...
2024-07-20 22:52:21,351 - INFO - Allocating UMIs for gene 1300...
2024-07-20 22:52:22,138 - INFO - Allocating UMIs for gene 1400...
2024-07-20 22:52:22,933 - INFO - Allocating UMIs for gene 1500...
2024-07-20 22:52:23,721 - INFO - Allocating UMIs for gene 1600...
2024-07-20 22:52:24,503 - INFO - Allocating UMIs for gene 1700...
2024-07-20 22:52:25,310 - INFO - Allocating UMIs for gene 1800...
2024-07-20 22:52:26,093 - INFO - Allocating UMIs for gene 1900...
2024-07-20 22:52:26,901 - INFO - Allocating UMIs for gene 2000...
2024-07-20 22:52:27,694 - INFO - Allocating UMIs for gene 2100...
2024-07-20 22:52:28,487 - INFO - Allocating UMIs for gene 2200...
2024-07-20 22:52:29,427 - INFO - Allocating UMIs for gene 2300...
2024-07-20 22:52:30,216 - INFO - Allocating UMIs for gene 2400...
2024-07-20 22:52:31,007 - INFO - Allocating UMIs for gene 2500...
2024-07-20 22:52:31,799 - INFO - Allocating UMIs for gene 2600...
2024-07-20 22:52:32,608 - INFO - Allocating UMIs for gene 2700...
2024-07-20 22:52:33,394 - INFO - Allocating UMIs for gene 2800...
2024-07-20 22:52:34,200 - INFO - Allocating UMIs for gene 2900...
2024-07-20 22:52:35,000 - INFO - Allocating UMIs for gene 3000...
2024-07-20 22:52:35,796 - INFO - Allocating UMIs for gene 3100...
2024-07-20 22:52:36,606 - INFO - Allocating UMIs for gene 3200...
2024-07-20 22:52:37,410 - INFO - Allocating UMIs for gene 3300...
2024-07-20 22:52:38,207 - INFO - Allocating UMIs for gene 3400...
2024-07-20 22:52:38,996 - INFO - Allocating UMIs for gene 3500...
2024-07-20 22:52:39,814 - INFO - Allocating UMIs for gene 3600...
2024-07-20 22:52:40,613 - INFO - Allocating UMIs for gene 3700...
2024-07-20 22:52:41,417 - INFO - Allocating UMIs for gene 3800...
2024-07-20 22:52:42,199 - INFO - Allocating UMIs for gene 3900...
2024-07-20 22:52:42,979 - INFO - UMI allocation complete.
2024-07-20 22:52:42,979 - INFO - Counting overall UMI occurrences...
2024-07-20 22:52:42,985 - INFO - Counting inter-gene collisions...
2024-07-20 22:52:43,000 - INFO - Total UMIs generated: 65536
2024-07-20 22:52:43,000 - INFO - Total UMIs allocated: 24212
2024-07-20 22:52:43,000 - INFO - Number of unique UMIs assigned to genes: 20236
2024-07-20 22:52:43,000 - INFO - Inter-gene collisions: 3975
2024-07-20 22:52:43,000 - INFO - Inter-gene collision rate: 0.16417
2024-07-20 22:52:43,000 - INFO - Writing gene UMI counts to file...
2024-07-20 22:52:43,004 - INFO - Writing UMI inter-gene collisions to file...
2024-07-20 22:52:43,008 - INFO - Simulation complete.
