2024-07-20 22:54:21,145 - INFO - Simulation Script Version: 0.0.1
2024-07-20 22:54:21,148 - INFO - Simulation Parameters:
2024-07-20 22:54:21,148 - INFO - Length of UMI: 8
2024-07-20 22:54:21,148 - INFO - Number of genes: 4000
2024-07-20 22:54:21,148 - INFO - Parameters file: None
2024-07-20 22:54:21,148 - INFO - Mean (mu): 6.0
2024-07-20 22:54:21,148 - INFO - Dispersion (theta): 6.0
2024-07-20 22:54:21,148 - INFO - Use Poisson distribution: False
2024-07-20 22:54:21,148 - INFO - Gene UMI counts file: gene_4000_umi8_counts_rep8.txt
2024-07-20 22:54:21,148 - INFO - UMI collisions file: umi8_4000_collisions_rep8.txt
2024-07-20 22:54:21,148 - INFO - Seed: None
2024-07-20 22:54:21,148 - INFO - Log file: umi8_4000_rep8.log
2024-07-20 22:54:21,148 - INFO - No seed specified. Generated random seed: 2968423440
2024-07-20 22:54:21,148 - INFO - Generating all possible UMIs...
2024-07-20 22:54:21,158 - INFO - Total possible UMIs generated: 65536
2024-07-20 22:54:21,158 - INFO - Loading parameters...
2024-07-20 22:54:21,158 - INFO - Sampling read depths for each gene...
2024-07-20 22:54:21,305 - INFO - Read depths sampling complete.
2024-07-20 22:54:21,305 - INFO - Allocating UMIs based on sampled read depths...
2024-07-20 22:54:21,305 - INFO - Allocating UMIs for gene 0...
2024-07-20 22:54:22,065 - INFO - Allocating UMIs for gene 100...
2024-07-20 22:54:22,830 - INFO - Allocating UMIs for gene 200...
2024-07-20 22:54:23,587 - INFO - Allocating UMIs for gene 300...
2024-07-20 22:54:24,337 - INFO - Allocating UMIs for gene 400...
2024-07-20 22:54:25,091 - INFO - Allocating UMIs for gene 500...
2024-07-20 22:54:25,841 - INFO - Allocating UMIs for gene 600...
2024-07-20 22:54:26,576 - INFO - Allocating UMIs for gene 700...
2024-07-20 22:54:27,335 - INFO - Allocating UMIs for gene 800...
2024-07-20 22:54:28,093 - INFO - Allocating UMIs for gene 900...
2024-07-20 22:54:28,825 - INFO - Allocating UMIs for gene 1000...
2024-07-20 22:54:29,594 - INFO - Allocating UMIs for gene 1100...
2024-07-20 22:54:30,469 - INFO - Allocating UMIs for gene 1200...
2024-07-20 22:54:31,212 - INFO - Allocating UMIs for gene 1300...
2024-07-20 22:54:31,968 - INFO - Allocating UMIs for gene 1400...
2024-07-20 22:54:32,721 - INFO - Allocating UMIs for gene 1500...
2024-07-20 22:54:33,482 - INFO - Allocating UMIs for gene 1600...
2024-07-20 22:54:34,244 - INFO - Allocating UMIs for gene 1700...
2024-07-20 22:54:34,996 - INFO - Allocating UMIs for gene 1800...
2024-07-20 22:54:35,760 - INFO - Allocating UMIs for gene 1900...
2024-07-20 22:54:36,790 - INFO - Allocating UMIs for gene 2000...
2024-07-20 22:54:37,526 - INFO - Allocating UMIs for gene 2100...
2024-07-20 22:54:38,269 - INFO - Allocating UMIs for gene 2200...
2024-07-20 22:54:39,019 - INFO - Allocating UMIs for gene 2300...
2024-07-20 22:54:39,776 - INFO - Allocating UMIs for gene 2400...
2024-07-20 22:54:40,764 - INFO - Allocating UMIs for gene 2500...
2024-07-20 22:54:41,499 - INFO - Allocating UMIs for gene 2600...
2024-07-20 22:54:42,252 - INFO - Allocating UMIs for gene 2700...
2024-07-20 22:54:43,004 - INFO - Allocating UMIs for gene 2800...
2024-07-20 22:54:43,755 - INFO - Allocating UMIs for gene 2900...
2024-07-20 22:54:44,505 - INFO - Allocating UMIs for gene 3000...
2024-07-20 22:54:45,239 - INFO - Allocating UMIs for gene 3100...
2024-07-20 22:54:45,967 - INFO - Allocating UMIs for gene 3200...
2024-07-20 22:54:46,711 - INFO - Allocating UMIs for gene 3300...
2024-07-20 22:54:47,450 - INFO - Allocating UMIs for gene 3400...
2024-07-20 22:54:48,187 - INFO - Allocating UMIs for gene 3500...
2024-07-20 22:54:48,931 - INFO - Allocating UMIs for gene 3600...
2024-07-20 22:54:49,681 - INFO - Allocating UMIs for gene 3700...
2024-07-20 22:54:50,417 - INFO - Allocating UMIs for gene 3800...
2024-07-20 22:54:51,177 - INFO - Allocating UMIs for gene 3900...
2024-07-20 22:54:51,922 - INFO - UMI allocation complete.
2024-07-20 22:54:51,922 - INFO - Counting overall UMI occurrences...
2024-07-20 22:54:51,930 - INFO - Counting inter-gene collisions...
2024-07-20 22:54:51,943 - INFO - Total UMIs generated: 65536
2024-07-20 22:54:51,943 - INFO - Total UMIs allocated: 24330
2024-07-20 22:54:51,943 - INFO - Number of unique UMIs assigned to genes: 20347
2024-07-20 22:54:51,943 - INFO - Inter-gene collisions: 3983
2024-07-20 22:54:51,944 - INFO - Inter-gene collision rate: 0.16371
2024-07-20 22:54:51,944 - INFO - Writing gene UMI counts to file...
2024-07-20 22:54:51,948 - INFO - Writing UMI inter-gene collisions to file...
2024-07-20 22:54:51,951 - INFO - Simulation complete.
