2024-07-20 22:51:01,650 - INFO - Simulation Script Version: 0.0.1
2024-07-20 22:51:01,652 - INFO - Simulation Parameters:
2024-07-20 22:51:01,652 - INFO - Length of UMI: 8
2024-07-20 22:51:01,652 - INFO - Number of genes: 4000
2024-07-20 22:51:01,652 - INFO - Parameters file: None
2024-07-20 22:51:01,652 - INFO - Mean (mu): 6.0
2024-07-20 22:51:01,652 - INFO - Dispersion (theta): 6.0
2024-07-20 22:51:01,652 - INFO - Use Poisson distribution: False
2024-07-20 22:51:01,653 - INFO - Gene UMI counts file: gene_4000_umi8_counts_rep2.txt
2024-07-20 22:51:01,653 - INFO - UMI collisions file: umi8_4000_collisions_rep2.txt
2024-07-20 22:51:01,653 - INFO - Seed: None
2024-07-20 22:51:01,653 - INFO - Log file: umi8_4000_rep2.log
2024-07-20 22:51:01,653 - INFO - No seed specified. Generated random seed: 3056974957
2024-07-20 22:51:01,653 - INFO - Generating all possible UMIs...
2024-07-20 22:51:01,663 - INFO - Total possible UMIs generated: 65536
2024-07-20 22:51:01,663 - INFO - Loading parameters...
2024-07-20 22:51:01,663 - INFO - Sampling read depths for each gene...
2024-07-20 22:51:01,812 - INFO - Read depths sampling complete.
2024-07-20 22:51:01,813 - INFO - Allocating UMIs based on sampled read depths...
2024-07-20 22:51:01,813 - INFO - Allocating UMIs for gene 0...
2024-07-20 22:51:02,634 - INFO - Allocating UMIs for gene 100...
2024-07-20 22:51:03,488 - INFO - Allocating UMIs for gene 200...
2024-07-20 22:51:05,022 - INFO - Allocating UMIs for gene 300...
2024-07-20 22:51:05,833 - INFO - Allocating UMIs for gene 400...
2024-07-20 22:51:06,649 - INFO - Allocating UMIs for gene 500...
2024-07-20 22:51:07,593 - INFO - Allocating UMIs for gene 600...
2024-07-20 22:51:08,387 - INFO - Allocating UMIs for gene 700...
2024-07-20 22:51:09,179 - INFO - Allocating UMIs for gene 800...
2024-07-20 22:51:09,962 - INFO - Allocating UMIs for gene 900...
2024-07-20 22:51:10,754 - INFO - Allocating UMIs for gene 1000...
2024-07-20 22:51:11,557 - INFO - Allocating UMIs for gene 1100...
2024-07-20 22:51:12,349 - INFO - Allocating UMIs for gene 1200...
2024-07-20 22:51:13,152 - INFO - Allocating UMIs for gene 1300...
2024-07-20 22:51:13,926 - INFO - Allocating UMIs for gene 1400...
2024-07-20 22:51:14,708 - INFO - Allocating UMIs for gene 1500...
2024-07-20 22:51:15,495 - INFO - Allocating UMIs for gene 1600...
2024-07-20 22:51:16,269 - INFO - Allocating UMIs for gene 1700...
2024-07-20 22:51:17,194 - INFO - Allocating UMIs for gene 1800...
2024-07-20 22:51:18,104 - INFO - Allocating UMIs for gene 1900...
2024-07-20 22:51:18,969 - INFO - Allocating UMIs for gene 2000...
2024-07-20 22:51:19,885 - INFO - Allocating UMIs for gene 2100...
2024-07-20 22:51:20,669 - INFO - Allocating UMIs for gene 2200...
2024-07-20 22:51:21,474 - INFO - Allocating UMIs for gene 2300...
2024-07-20 22:51:22,262 - INFO - Allocating UMIs for gene 2400...
2024-07-20 22:51:23,043 - INFO - Allocating UMIs for gene 2500...
2024-07-20 22:51:23,845 - INFO - Allocating UMIs for gene 2600...
2024-07-20 22:51:24,619 - INFO - Allocating UMIs for gene 2700...
2024-07-20 22:51:25,409 - INFO - Allocating UMIs for gene 2800...
2024-07-20 22:51:26,198 - INFO - Allocating UMIs for gene 2900...
2024-07-20 22:51:27,007 - INFO - Allocating UMIs for gene 3000...
2024-07-20 22:51:27,808 - INFO - Allocating UMIs for gene 3100...
2024-07-20 22:51:28,610 - INFO - Allocating UMIs for gene 3200...
2024-07-20 22:51:29,398 - INFO - Allocating UMIs for gene 3300...
2024-07-20 22:51:30,198 - INFO - Allocating UMIs for gene 3400...
2024-07-20 22:51:30,980 - INFO - Allocating UMIs for gene 3500...
2024-07-20 22:51:31,770 - INFO - Allocating UMIs for gene 3600...
2024-07-20 22:51:32,561 - INFO - Allocating UMIs for gene 3700...
2024-07-20 22:51:33,372 - INFO - Allocating UMIs for gene 3800...
2024-07-20 22:51:34,161 - INFO - Allocating UMIs for gene 3900...
2024-07-20 22:51:34,952 - INFO - UMI allocation complete.
2024-07-20 22:51:34,952 - INFO - Counting overall UMI occurrences...
2024-07-20 22:51:34,960 - INFO - Counting inter-gene collisions...
2024-07-20 22:51:34,975 - INFO - Total UMIs generated: 65536
2024-07-20 22:51:34,975 - INFO - Total UMIs allocated: 23945
2024-07-20 22:51:34,975 - INFO - Number of unique UMIs assigned to genes: 20049
2024-07-20 22:51:34,975 - INFO - Inter-gene collisions: 3895
2024-07-20 22:51:34,975 - INFO - Inter-gene collision rate: 0.16266
2024-07-20 22:51:34,975 - INFO - Writing gene UMI counts to file...
2024-07-20 22:51:34,979 - INFO - Writing UMI inter-gene collisions to file...
2024-07-20 22:51:34,983 - INFO - Simulation complete.
