2024-07-20 22:54:52,944 - INFO - Simulation Script Version: 0.0.1
2024-07-20 22:54:52,947 - INFO - Simulation Parameters:
2024-07-20 22:54:52,947 - INFO - Length of UMI: 8
2024-07-20 22:54:52,947 - INFO - Number of genes: 4000
2024-07-20 22:54:52,947 - INFO - Parameters file: None
2024-07-20 22:54:52,947 - INFO - Mean (mu): 6.0
2024-07-20 22:54:52,947 - INFO - Dispersion (theta): 6.0
2024-07-20 22:54:52,947 - INFO - Use Poisson distribution: False
2024-07-20 22:54:52,947 - INFO - Gene UMI counts file: gene_4000_umi8_counts_rep9.txt
2024-07-20 22:54:52,947 - INFO - UMI collisions file: umi8_4000_collisions_rep9.txt
2024-07-20 22:54:52,947 - INFO - Seed: None
2024-07-20 22:54:52,947 - INFO - Log file: umi8_4000_rep9.log
2024-07-20 22:54:52,947 - INFO - No seed specified. Generated random seed: 3807818024
2024-07-20 22:54:52,947 - INFO - Generating all possible UMIs...
2024-07-20 22:54:52,957 - INFO - Total possible UMIs generated: 65536
2024-07-20 22:54:52,957 - INFO - Loading parameters...
2024-07-20 22:54:52,957 - INFO - Sampling read depths for each gene...
2024-07-20 22:54:53,103 - INFO - Read depths sampling complete.
2024-07-20 22:54:53,103 - INFO - Allocating UMIs based on sampled read depths...
2024-07-20 22:54:53,103 - INFO - Allocating UMIs for gene 0...
2024-07-20 22:54:53,849 - INFO - Allocating UMIs for gene 100...
2024-07-20 22:54:54,609 - INFO - Allocating UMIs for gene 200...
2024-07-20 22:54:55,491 - INFO - Allocating UMIs for gene 300...
2024-07-20 22:54:56,368 - INFO - Allocating UMIs for gene 400...
2024-07-20 22:54:57,103 - INFO - Allocating UMIs for gene 500...
2024-07-20 22:54:57,847 - INFO - Allocating UMIs for gene 600...
2024-07-20 22:54:58,599 - INFO - Allocating UMIs for gene 700...
2024-07-20 22:54:59,349 - INFO - Allocating UMIs for gene 800...
2024-07-20 22:55:00,101 - INFO - Allocating UMIs for gene 900...
2024-07-20 22:55:00,852 - INFO - Allocating UMIs for gene 1000...
2024-07-20 22:55:01,611 - INFO - Allocating UMIs for gene 1100...
2024-07-20 22:55:02,365 - INFO - Allocating UMIs for gene 1200...
2024-07-20 22:55:03,119 - INFO - Allocating UMIs for gene 1300...
2024-07-20 22:55:03,856 - INFO - Allocating UMIs for gene 1400...
2024-07-20 22:55:04,609 - INFO - Allocating UMIs for gene 1500...
2024-07-20 22:55:05,348 - INFO - Allocating UMIs for gene 1600...
2024-07-20 22:55:06,093 - INFO - Allocating UMIs for gene 1700...
2024-07-20 22:55:06,845 - INFO - Allocating UMIs for gene 1800...
2024-07-20 22:55:07,588 - INFO - Allocating UMIs for gene 1900...
2024-07-20 22:55:08,348 - INFO - Allocating UMIs for gene 2000...
2024-07-20 22:55:09,107 - INFO - Allocating UMIs for gene 2100...
2024-07-20 22:55:09,865 - INFO - Allocating UMIs for gene 2200...
2024-07-20 22:55:10,616 - INFO - Allocating UMIs for gene 2300...
2024-07-20 22:55:11,371 - INFO - Allocating UMIs for gene 2400...
2024-07-20 22:55:12,123 - INFO - Allocating UMIs for gene 2500...
2024-07-20 22:55:12,868 - INFO - Allocating UMIs for gene 2600...
2024-07-20 22:55:13,620 - INFO - Allocating UMIs for gene 2700...
2024-07-20 22:55:14,358 - INFO - Allocating UMIs for gene 2800...
2024-07-20 22:55:15,118 - INFO - Allocating UMIs for gene 2900...
2024-07-20 22:55:15,860 - INFO - Allocating UMIs for gene 3000...
2024-07-20 22:55:16,612 - INFO - Allocating UMIs for gene 3100...
2024-07-20 22:55:17,350 - INFO - Allocating UMIs for gene 3200...
2024-07-20 22:55:18,094 - INFO - Allocating UMIs for gene 3300...
2024-07-20 22:55:18,853 - INFO - Allocating UMIs for gene 3400...
2024-07-20 22:55:19,611 - INFO - Allocating UMIs for gene 3500...
2024-07-20 22:55:20,355 - INFO - Allocating UMIs for gene 3600...
2024-07-20 22:55:21,098 - INFO - Allocating UMIs for gene 3700...
2024-07-20 22:55:21,843 - INFO - Allocating UMIs for gene 3800...
2024-07-20 22:55:22,587 - INFO - Allocating UMIs for gene 3900...
2024-07-20 22:55:23,339 - INFO - UMI allocation complete.
2024-07-20 22:55:23,339 - INFO - Counting overall UMI occurrences...
2024-07-20 22:55:23,346 - INFO - Counting inter-gene collisions...
2024-07-20 22:55:23,360 - INFO - Total UMIs generated: 65536
2024-07-20 22:55:23,360 - INFO - Total UMIs allocated: 23835
2024-07-20 22:55:23,360 - INFO - Number of unique UMIs assigned to genes: 20008
2024-07-20 22:55:23,360 - INFO - Inter-gene collisions: 3825
2024-07-20 22:55:23,360 - INFO - Inter-gene collision rate: 0.16048
2024-07-20 22:55:23,360 - INFO - Writing gene UMI counts to file...
2024-07-20 22:55:23,364 - INFO - Writing UMI inter-gene collisions to file...
2024-07-20 22:55:23,368 - INFO - Simulation complete.
