2024-07-20 22:53:16,856 - INFO - Simulation Script Version: 0.0.1
2024-07-20 22:53:16,858 - INFO - Simulation Parameters:
2024-07-20 22:53:16,858 - INFO - Length of UMI: 8
2024-07-20 22:53:16,858 - INFO - Number of genes: 4000
2024-07-20 22:53:16,858 - INFO - Parameters file: None
2024-07-20 22:53:16,858 - INFO - Mean (mu): 6.0
2024-07-20 22:53:16,858 - INFO - Dispersion (theta): 6.0
2024-07-20 22:53:16,859 - INFO - Use Poisson distribution: False
2024-07-20 22:53:16,859 - INFO - Gene UMI counts file: gene_4000_umi8_counts_rep6.txt
2024-07-20 22:53:16,859 - INFO - UMI collisions file: umi8_4000_collisions_rep6.txt
2024-07-20 22:53:16,859 - INFO - Seed: None
2024-07-20 22:53:16,859 - INFO - Log file: umi8_4000_rep6.log
2024-07-20 22:53:16,859 - INFO - No seed specified. Generated random seed: 1281940550
2024-07-20 22:53:16,859 - INFO - Generating all possible UMIs...
2024-07-20 22:53:16,869 - INFO - Total possible UMIs generated: 65536
2024-07-20 22:53:16,869 - INFO - Loading parameters...
2024-07-20 22:53:16,869 - INFO - Sampling read depths for each gene...
2024-07-20 22:53:17,019 - INFO - Read depths sampling complete.
2024-07-20 22:53:17,020 - INFO - Allocating UMIs based on sampled read depths...
2024-07-20 22:53:17,020 - INFO - Allocating UMIs for gene 0...
2024-07-20 22:53:17,790 - INFO - Allocating UMIs for gene 100...
2024-07-20 22:53:18,713 - INFO - Allocating UMIs for gene 200...
2024-07-20 22:53:19,617 - INFO - Allocating UMIs for gene 300...
2024-07-20 22:53:20,387 - INFO - Allocating UMIs for gene 400...
2024-07-20 22:53:21,395 - INFO - Allocating UMIs for gene 500...
2024-07-20 22:53:22,163 - INFO - Allocating UMIs for gene 600...
2024-07-20 22:53:23,101 - INFO - Allocating UMIs for gene 700...
2024-07-20 22:53:23,852 - INFO - Allocating UMIs for gene 800...
2024-07-20 22:53:24,610 - INFO - Allocating UMIs for gene 900...
2024-07-20 22:53:25,364 - INFO - Allocating UMIs for gene 1000...
2024-07-20 22:53:26,127 - INFO - Allocating UMIs for gene 1100...
2024-07-20 22:53:26,881 - INFO - Allocating UMIs for gene 1200...
2024-07-20 22:53:27,619 - INFO - Allocating UMIs for gene 1300...
2024-07-20 22:53:28,375 - INFO - Allocating UMIs for gene 1400...
2024-07-20 22:53:29,123 - INFO - Allocating UMIs for gene 1500...
2024-07-20 22:53:29,864 - INFO - Allocating UMIs for gene 1600...
2024-07-20 22:53:30,588 - INFO - Allocating UMIs for gene 1700...
2024-07-20 22:53:31,342 - INFO - Allocating UMIs for gene 1800...
2024-07-20 22:53:32,090 - INFO - Allocating UMIs for gene 1900...
2024-07-20 22:53:32,844 - INFO - Allocating UMIs for gene 2000...
2024-07-20 22:53:33,605 - INFO - Allocating UMIs for gene 2100...
2024-07-20 22:53:34,365 - INFO - Allocating UMIs for gene 2200...
2024-07-20 22:53:35,103 - INFO - Allocating UMIs for gene 2300...
2024-07-20 22:53:35,849 - INFO - Allocating UMIs for gene 2400...
2024-07-20 22:53:36,605 - INFO - Allocating UMIs for gene 2500...
2024-07-20 22:53:37,349 - INFO - Allocating UMIs for gene 2600...
2024-07-20 22:53:38,076 - INFO - Allocating UMIs for gene 2700...
2024-07-20 22:53:38,823 - INFO - Allocating UMIs for gene 2800...
2024-07-20 22:53:39,577 - INFO - Allocating UMIs for gene 2900...
2024-07-20 22:53:40,316 - INFO - Allocating UMIs for gene 3000...
2024-07-20 22:53:41,061 - INFO - Allocating UMIs for gene 3100...
2024-07-20 22:53:41,817 - INFO - Allocating UMIs for gene 3200...
2024-07-20 22:53:42,562 - INFO - Allocating UMIs for gene 3300...
2024-07-20 22:53:43,318 - INFO - Allocating UMIs for gene 3400...
2024-07-20 22:53:44,055 - INFO - Allocating UMIs for gene 3500...
2024-07-20 22:53:44,809 - INFO - Allocating UMIs for gene 3600...
2024-07-20 22:53:45,563 - INFO - Allocating UMIs for gene 3700...
2024-07-20 22:53:46,327 - INFO - Allocating UMIs for gene 3800...
2024-07-20 22:53:47,089 - INFO - Allocating UMIs for gene 3900...
2024-07-20 22:53:47,845 - INFO - UMI allocation complete.
2024-07-20 22:53:47,845 - INFO - Counting overall UMI occurrences...
2024-07-20 22:53:47,851 - INFO - Counting inter-gene collisions...
2024-07-20 22:53:47,865 - INFO - Total UMIs generated: 65536
2024-07-20 22:53:47,865 - INFO - Total UMIs allocated: 23837
2024-07-20 22:53:47,865 - INFO - Number of unique UMIs assigned to genes: 19988
2024-07-20 22:53:47,865 - INFO - Inter-gene collisions: 3848
2024-07-20 22:53:47,865 - INFO - Inter-gene collision rate: 0.16143
2024-07-20 22:53:47,865 - INFO - Writing gene UMI counts to file...
2024-07-20 22:53:47,870 - INFO - Writing UMI inter-gene collisions to file...
2024-07-20 22:53:47,873 - INFO - Simulation complete.
