2024-07-20 22:53:49,028 - INFO - Simulation Script Version: 0.0.1
2024-07-20 22:53:49,031 - INFO - Simulation Parameters:
2024-07-20 22:53:49,031 - INFO - Length of UMI: 8
2024-07-20 22:53:49,032 - INFO - Number of genes: 4000
2024-07-20 22:53:49,032 - INFO - Parameters file: None
2024-07-20 22:53:49,032 - INFO - Mean (mu): 6.0
2024-07-20 22:53:49,032 - INFO - Dispersion (theta): 6.0
2024-07-20 22:53:49,032 - INFO - Use Poisson distribution: False
2024-07-20 22:53:49,032 - INFO - Gene UMI counts file: gene_4000_umi8_counts_rep7.txt
2024-07-20 22:53:49,032 - INFO - UMI collisions file: umi8_4000_collisions_rep7.txt
2024-07-20 22:53:49,032 - INFO - Seed: None
2024-07-20 22:53:49,032 - INFO - Log file: umi8_4000_rep7.log
2024-07-20 22:53:49,032 - INFO - No seed specified. Generated random seed: 2857431547
2024-07-20 22:53:49,032 - INFO - Generating all possible UMIs...
2024-07-20 22:53:49,042 - INFO - Total possible UMIs generated: 65536
2024-07-20 22:53:49,042 - INFO - Loading parameters...
2024-07-20 22:53:49,042 - INFO - Sampling read depths for each gene...
2024-07-20 22:53:49,193 - INFO - Read depths sampling complete.
2024-07-20 22:53:49,193 - INFO - Allocating UMIs based on sampled read depths...
2024-07-20 22:53:49,193 - INFO - Allocating UMIs for gene 0...
2024-07-20 22:53:49,963 - INFO - Allocating UMIs for gene 100...
2024-07-20 22:53:50,997 - INFO - Allocating UMIs for gene 200...
2024-07-20 22:53:51,898 - INFO - Allocating UMIs for gene 300...
2024-07-20 22:53:52,802 - INFO - Allocating UMIs for gene 400...
2024-07-20 22:53:53,554 - INFO - Allocating UMIs for gene 500...
2024-07-20 22:53:54,300 - INFO - Allocating UMIs for gene 600...
2024-07-20 22:53:55,070 - INFO - Allocating UMIs for gene 700...
2024-07-20 22:53:55,823 - INFO - Allocating UMIs for gene 800...
2024-07-20 22:53:56,589 - INFO - Allocating UMIs for gene 900...
2024-07-20 22:53:57,342 - INFO - Allocating UMIs for gene 1000...
2024-07-20 22:53:58,112 - INFO - Allocating UMIs for gene 1100...
2024-07-20 22:53:58,856 - INFO - Allocating UMIs for gene 1200...
2024-07-20 22:53:59,622 - INFO - Allocating UMIs for gene 1300...
2024-07-20 22:54:00,407 - INFO - Allocating UMIs for gene 1400...
2024-07-20 22:54:01,152 - INFO - Allocating UMIs for gene 1500...
2024-07-20 22:54:01,907 - INFO - Allocating UMIs for gene 1600...
2024-07-20 22:54:02,668 - INFO - Allocating UMIs for gene 1700...
2024-07-20 22:54:03,436 - INFO - Allocating UMIs for gene 1800...
2024-07-20 22:54:04,197 - INFO - Allocating UMIs for gene 1900...
2024-07-20 22:54:04,964 - INFO - Allocating UMIs for gene 2000...
2024-07-20 22:54:05,718 - INFO - Allocating UMIs for gene 2100...
2024-07-20 22:54:06,470 - INFO - Allocating UMIs for gene 2200...
2024-07-20 22:54:07,213 - INFO - Allocating UMIs for gene 2300...
2024-07-20 22:54:07,973 - INFO - Allocating UMIs for gene 2400...
2024-07-20 22:54:08,731 - INFO - Allocating UMIs for gene 2500...
2024-07-20 22:54:09,482 - INFO - Allocating UMIs for gene 2600...
2024-07-20 22:54:10,252 - INFO - Allocating UMIs for gene 2700...
2024-07-20 22:54:11,013 - INFO - Allocating UMIs for gene 2800...
2024-07-20 22:54:11,765 - INFO - Allocating UMIs for gene 2900...
2024-07-20 22:54:12,515 - INFO - Allocating UMIs for gene 3000...
2024-07-20 22:54:13,283 - INFO - Allocating UMIs for gene 3100...
2024-07-20 22:54:14,035 - INFO - Allocating UMIs for gene 3200...
2024-07-20 22:54:14,796 - INFO - Allocating UMIs for gene 3300...
2024-07-20 22:54:15,549 - INFO - Allocating UMIs for gene 3400...
2024-07-20 22:54:16,300 - INFO - Allocating UMIs for gene 3500...
2024-07-20 22:54:17,057 - INFO - Allocating UMIs for gene 3600...
2024-07-20 22:54:17,825 - INFO - Allocating UMIs for gene 3700...
2024-07-20 22:54:18,584 - INFO - Allocating UMIs for gene 3800...
2024-07-20 22:54:19,336 - INFO - Allocating UMIs for gene 3900...
2024-07-20 22:54:20,098 - INFO - UMI allocation complete.
2024-07-20 22:54:20,098 - INFO - Counting overall UMI occurrences...
2024-07-20 22:54:20,106 - INFO - Counting inter-gene collisions...
2024-07-20 22:54:20,119 - INFO - Total UMIs generated: 65536
2024-07-20 22:54:20,119 - INFO - Total UMIs allocated: 24185
2024-07-20 22:54:20,119 - INFO - Number of unique UMIs assigned to genes: 20239
2024-07-20 22:54:20,119 - INFO - Inter-gene collisions: 3945
2024-07-20 22:54:20,119 - INFO - Inter-gene collision rate: 0.16312
2024-07-20 22:54:20,119 - INFO - Writing gene UMI counts to file...
2024-07-20 22:54:20,123 - INFO - Writing UMI inter-gene collisions to file...
2024-07-20 22:54:20,127 - INFO - Simulation complete.
