2024-07-20 22:50:29,701 - INFO - Simulation Script Version: 0.0.1
2024-07-20 22:50:29,703 - INFO - Simulation Parameters:
2024-07-20 22:50:29,703 - INFO - Length of UMI: 8
2024-07-20 22:50:29,703 - INFO - Number of genes: 4000
2024-07-20 22:50:29,703 - INFO - Parameters file: None
2024-07-20 22:50:29,703 - INFO - Mean (mu): 6.0
2024-07-20 22:50:29,703 - INFO - Dispersion (theta): 6.0
2024-07-20 22:50:29,703 - INFO - Use Poisson distribution: False
2024-07-20 22:50:29,703 - INFO - Gene UMI counts file: gene_4000_umi8_counts_rep1.txt
2024-07-20 22:50:29,703 - INFO - UMI collisions file: umi8_4000_collisions.txt
2024-07-20 22:50:29,703 - INFO - Seed: None
2024-07-20 22:50:29,703 - INFO - Log file: umi8_4000_rep1.log
2024-07-20 22:50:29,703 - INFO - No seed specified. Generated random seed: 1178234965
2024-07-20 22:50:29,703 - INFO - Generating all possible UMIs...
2024-07-20 22:50:29,713 - INFO - Total possible UMIs generated: 65536
2024-07-20 22:50:29,713 - INFO - Loading parameters...
2024-07-20 22:50:29,714 - INFO - Sampling read depths for each gene...
2024-07-20 22:50:29,860 - INFO - Read depths sampling complete.
2024-07-20 22:50:29,860 - INFO - Allocating UMIs based on sampled read depths...
2024-07-20 22:50:29,860 - INFO - Allocating UMIs for gene 0...
2024-07-20 22:50:30,653 - INFO - Allocating UMIs for gene 100...
2024-07-20 22:50:31,509 - INFO - Allocating UMIs for gene 200...
2024-07-20 22:50:32,679 - INFO - Allocating UMIs for gene 300...
2024-07-20 22:50:33,430 - INFO - Allocating UMIs for gene 400...
2024-07-20 22:50:34,186 - INFO - Allocating UMIs for gene 500...
2024-07-20 22:50:35,159 - INFO - Allocating UMIs for gene 600...
2024-07-20 22:50:35,882 - INFO - Allocating UMIs for gene 700...
2024-07-20 22:50:36,631 - INFO - Allocating UMIs for gene 800...
2024-07-20 22:50:37,372 - INFO - Allocating UMIs for gene 900...
2024-07-20 22:50:38,118 - INFO - Allocating UMIs for gene 1000...
2024-07-20 22:50:38,837 - INFO - Allocating UMIs for gene 1100...
2024-07-20 22:50:39,586 - INFO - Allocating UMIs for gene 1200...
2024-07-20 22:50:40,334 - INFO - Allocating UMIs for gene 1300...
2024-07-20 22:50:41,092 - INFO - Allocating UMIs for gene 1400...
2024-07-20 22:50:41,972 - INFO - Allocating UMIs for gene 1500...
2024-07-20 22:50:42,843 - INFO - Allocating UMIs for gene 1600...
2024-07-20 22:50:43,564 - INFO - Allocating UMIs for gene 1700...
2024-07-20 22:50:44,568 - INFO - Allocating UMIs for gene 1800...
2024-07-20 22:50:45,280 - INFO - Allocating UMIs for gene 1900...
2024-07-20 22:50:45,999 - INFO - Allocating UMIs for gene 2000...
2024-07-20 22:50:46,709 - INFO - Allocating UMIs for gene 2100...
2024-07-20 22:50:47,426 - INFO - Allocating UMIs for gene 2200...
2024-07-20 22:50:48,137 - INFO - Allocating UMIs for gene 2300...
2024-07-20 22:50:48,861 - INFO - Allocating UMIs for gene 2400...
2024-07-20 22:50:49,577 - INFO - Allocating UMIs for gene 2500...
2024-07-20 22:50:50,305 - INFO - Allocating UMIs for gene 2600...
2024-07-20 22:50:51,022 - INFO - Allocating UMIs for gene 2700...
2024-07-20 22:50:51,748 - INFO - Allocating UMIs for gene 2800...
2024-07-20 22:50:52,461 - INFO - Allocating UMIs for gene 2900...
2024-07-20 22:50:53,185 - INFO - Allocating UMIs for gene 3000...
2024-07-20 22:50:53,898 - INFO - Allocating UMIs for gene 3100...
2024-07-20 22:50:54,622 - INFO - Allocating UMIs for gene 3200...
2024-07-20 22:50:55,346 - INFO - Allocating UMIs for gene 3300...
2024-07-20 22:50:56,061 - INFO - Allocating UMIs for gene 3400...
2024-07-20 22:50:56,786 - INFO - Allocating UMIs for gene 3500...
2024-07-20 22:50:57,504 - INFO - Allocating UMIs for gene 3600...
2024-07-20 22:50:58,220 - INFO - Allocating UMIs for gene 3700...
2024-07-20 22:50:58,940 - INFO - Allocating UMIs for gene 3800...
2024-07-20 22:50:59,667 - INFO - Allocating UMIs for gene 3900...
2024-07-20 22:51:00,433 - INFO - UMI allocation complete.
2024-07-20 22:51:00,433 - INFO - Counting overall UMI occurrences...
2024-07-20 22:51:00,452 - INFO - Counting inter-gene collisions...
2024-07-20 22:51:00,525 - INFO - Total UMIs generated: 65536
2024-07-20 22:51:00,525 - INFO - Total UMIs allocated: 24142
2024-07-20 22:51:00,525 - INFO - Number of unique UMIs assigned to genes: 20230
2024-07-20 22:51:00,526 - INFO - Inter-gene collisions: 3911
2024-07-20 22:51:00,526 - INFO - Inter-gene collision rate: 0.16200
2024-07-20 22:51:00,526 - INFO - Writing gene UMI counts to file...
2024-07-20 22:51:00,530 - INFO - Writing UMI inter-gene collisions to file...
2024-07-20 22:51:00,533 - INFO - Simulation complete.
