2024-07-20 22:55:24,364 - INFO - Simulation Script Version: 0.0.1
2024-07-20 22:55:24,367 - INFO - Simulation Parameters:
2024-07-20 22:55:24,367 - INFO - Length of UMI: 8
2024-07-20 22:55:24,367 - INFO - Number of genes: 4000
2024-07-20 22:55:24,367 - INFO - Parameters file: None
2024-07-20 22:55:24,367 - INFO - Mean (mu): 6.0
2024-07-20 22:55:24,367 - INFO - Dispersion (theta): 6.0
2024-07-20 22:55:24,367 - INFO - Use Poisson distribution: False
2024-07-20 22:55:24,367 - INFO - Gene UMI counts file: gene_4000_umi8_counts_rep10.txt
2024-07-20 22:55:24,367 - INFO - UMI collisions file: umi8_4000_collisions_rep10.txt
2024-07-20 22:55:24,367 - INFO - Seed: None
2024-07-20 22:55:24,367 - INFO - Log file: umi8_4000_rep10.log
2024-07-20 22:55:24,367 - INFO - No seed specified. Generated random seed: 3314191396
2024-07-20 22:55:24,367 - INFO - Generating all possible UMIs...
2024-07-20 22:55:24,376 - INFO - Total possible UMIs generated: 65536
2024-07-20 22:55:24,377 - INFO - Loading parameters...
2024-07-20 22:55:24,377 - INFO - Sampling read depths for each gene...
2024-07-20 22:55:24,522 - INFO - Read depths sampling complete.
2024-07-20 22:55:24,522 - INFO - Allocating UMIs based on sampled read depths...
2024-07-20 22:55:24,522 - INFO - Allocating UMIs for gene 0...
2024-07-20 22:55:25,276 - INFO - Allocating UMIs for gene 100...
2024-07-20 22:55:26,285 - INFO - Allocating UMIs for gene 200...
2024-07-20 22:55:27,048 - INFO - Allocating UMIs for gene 300...
2024-07-20 22:55:27,800 - INFO - Allocating UMIs for gene 400...
2024-07-20 22:55:28,569 - INFO - Allocating UMIs for gene 500...
2024-07-20 22:55:29,574 - INFO - Allocating UMIs for gene 600...
2024-07-20 22:55:30,351 - INFO - Allocating UMIs for gene 700...
2024-07-20 22:55:31,109 - INFO - Allocating UMIs for gene 800...
2024-07-20 22:55:31,880 - INFO - Allocating UMIs for gene 900...
2024-07-20 22:55:32,653 - INFO - Allocating UMIs for gene 1000...
2024-07-20 22:55:33,579 - INFO - Allocating UMIs for gene 1100...
2024-07-20 22:55:34,370 - INFO - Allocating UMIs for gene 1200...
2024-07-20 22:55:35,152 - INFO - Allocating UMIs for gene 1300...
2024-07-20 22:55:35,915 - INFO - Allocating UMIs for gene 1400...
2024-07-20 22:55:36,667 - INFO - Allocating UMIs for gene 1500...
2024-07-20 22:55:37,447 - INFO - Allocating UMIs for gene 1600...
2024-07-20 22:55:38,332 - INFO - Allocating UMIs for gene 1700...
2024-07-20 22:55:39,064 - INFO - Allocating UMIs for gene 1800...
2024-07-20 22:55:39,825 - INFO - Allocating UMIs for gene 1900...
2024-07-20 22:55:40,576 - INFO - Allocating UMIs for gene 2000...
2024-07-20 22:55:41,590 - INFO - Allocating UMIs for gene 2100...
2024-07-20 22:55:42,360 - INFO - Allocating UMIs for gene 2200...
2024-07-20 22:55:43,115 - INFO - Allocating UMIs for gene 2300...
2024-07-20 22:55:43,865 - INFO - Allocating UMIs for gene 2400...
2024-07-20 22:55:44,632 - INFO - Allocating UMIs for gene 2500...
2024-07-20 22:55:45,399 - INFO - Allocating UMIs for gene 2600...
2024-07-20 22:55:46,157 - INFO - Allocating UMIs for gene 2700...
2024-07-20 22:55:46,941 - INFO - Allocating UMIs for gene 2800...
2024-07-20 22:55:47,717 - INFO - Allocating UMIs for gene 2900...
2024-07-20 22:55:48,501 - INFO - Allocating UMIs for gene 3000...
2024-07-20 22:55:49,283 - INFO - Allocating UMIs for gene 3100...
2024-07-20 22:55:50,066 - INFO - Allocating UMIs for gene 3200...
2024-07-20 22:55:50,841 - INFO - Allocating UMIs for gene 3300...
2024-07-20 22:55:51,608 - INFO - Allocating UMIs for gene 3400...
2024-07-20 22:55:52,365 - INFO - Allocating UMIs for gene 3500...
2024-07-20 22:55:53,133 - INFO - Allocating UMIs for gene 3600...
2024-07-20 22:55:53,891 - INFO - Allocating UMIs for gene 3700...
2024-07-20 22:55:54,672 - INFO - Allocating UMIs for gene 3800...
2024-07-20 22:55:55,439 - INFO - Allocating UMIs for gene 3900...
2024-07-20 22:55:56,205 - INFO - UMI allocation complete.
2024-07-20 22:55:56,205 - INFO - Counting overall UMI occurrences...
2024-07-20 22:55:56,210 - INFO - Counting inter-gene collisions...
2024-07-20 22:55:56,224 - INFO - Total UMIs generated: 65536
2024-07-20 22:55:56,224 - INFO - Total UMIs allocated: 24091
2024-07-20 22:55:56,224 - INFO - Number of unique UMIs assigned to genes: 20069
2024-07-20 22:55:56,224 - INFO - Inter-gene collisions: 4019
2024-07-20 22:55:56,224 - INFO - Inter-gene collision rate: 0.16683
2024-07-20 22:55:56,224 - INFO - Writing gene UMI counts to file...
2024-07-20 22:55:56,228 - INFO - Writing UMI inter-gene collisions to file...
2024-07-20 22:55:56,232 - INFO - Simulation complete.
