2024-07-20 22:51:36,077 - INFO - Simulation Script Version: 0.0.1
2024-07-20 22:51:36,079 - INFO - Simulation Parameters:
2024-07-20 22:51:36,080 - INFO - Length of UMI: 8
2024-07-20 22:51:36,080 - INFO - Number of genes: 4000
2024-07-20 22:51:36,080 - INFO - Parameters file: None
2024-07-20 22:51:36,080 - INFO - Mean (mu): 6.0
2024-07-20 22:51:36,080 - INFO - Dispersion (theta): 6.0
2024-07-20 22:51:36,080 - INFO - Use Poisson distribution: False
2024-07-20 22:51:36,080 - INFO - Gene UMI counts file: gene_4000_umi8_counts_rep3.txt
2024-07-20 22:51:36,080 - INFO - UMI collisions file: umi8_4000_collisions_rep3.txt
2024-07-20 22:51:36,080 - INFO - Seed: None
2024-07-20 22:51:36,080 - INFO - Log file: umi8_4000_rep3.log
2024-07-20 22:51:36,080 - INFO - No seed specified. Generated random seed: 3371372346
2024-07-20 22:51:36,080 - INFO - Generating all possible UMIs...
2024-07-20 22:51:36,112 - INFO - Total possible UMIs generated: 65536
2024-07-20 22:51:36,112 - INFO - Loading parameters...
2024-07-20 22:51:36,112 - INFO - Sampling read depths for each gene...
2024-07-20 22:51:36,360 - INFO - Read depths sampling complete.
2024-07-20 22:51:36,360 - INFO - Allocating UMIs based on sampled read depths...
2024-07-20 22:51:36,360 - INFO - Allocating UMIs for gene 0...
2024-07-20 22:51:37,272 - INFO - Allocating UMIs for gene 100...
2024-07-20 22:51:38,362 - INFO - Allocating UMIs for gene 200...
2024-07-20 22:51:39,170 - INFO - Allocating UMIs for gene 300...
2024-07-20 22:51:39,943 - INFO - Allocating UMIs for gene 400...
2024-07-20 22:51:40,753 - INFO - Allocating UMIs for gene 500...
2024-07-20 22:51:41,546 - INFO - Allocating UMIs for gene 600...
2024-07-20 22:51:42,365 - INFO - Allocating UMIs for gene 700...
2024-07-20 22:51:43,172 - INFO - Allocating UMIs for gene 800...
2024-07-20 22:51:43,962 - INFO - Allocating UMIs for gene 900...
2024-07-20 22:51:44,767 - INFO - Allocating UMIs for gene 1000...
2024-07-20 22:51:45,560 - INFO - Allocating UMIs for gene 1100...
2024-07-20 22:51:46,350 - INFO - Allocating UMIs for gene 1200...
2024-07-20 22:51:47,146 - INFO - Allocating UMIs for gene 1300...
2024-07-20 22:51:47,942 - INFO - Allocating UMIs for gene 1400...
2024-07-20 22:51:48,753 - INFO - Allocating UMIs for gene 1500...
2024-07-20 22:51:49,556 - INFO - Allocating UMIs for gene 1600...
2024-07-20 22:51:50,345 - INFO - Allocating UMIs for gene 1700...
2024-07-20 22:51:51,136 - INFO - Allocating UMIs for gene 1800...
2024-07-20 22:51:51,909 - INFO - Allocating UMIs for gene 1900...
2024-07-20 22:51:52,714 - INFO - Allocating UMIs for gene 2000...
2024-07-20 22:51:53,629 - INFO - Allocating UMIs for gene 2100...
2024-07-20 22:51:54,469 - INFO - Allocating UMIs for gene 2200...
2024-07-20 22:51:55,377 - INFO - Allocating UMIs for gene 2300...
2024-07-20 22:51:56,228 - INFO - Allocating UMIs for gene 2400...
2024-07-20 22:51:57,011 - INFO - Allocating UMIs for gene 2500...
2024-07-20 22:51:57,814 - INFO - Allocating UMIs for gene 2600...
2024-07-20 22:51:58,629 - INFO - Allocating UMIs for gene 2700...
2024-07-20 22:51:59,439 - INFO - Allocating UMIs for gene 2800...
2024-07-20 22:52:00,254 - INFO - Allocating UMIs for gene 2900...
2024-07-20 22:52:01,042 - INFO - Allocating UMIs for gene 3000...
2024-07-20 22:52:01,825 - INFO - Allocating UMIs for gene 3100...
2024-07-20 22:52:02,637 - INFO - Allocating UMIs for gene 3200...
2024-07-20 22:52:03,467 - INFO - Allocating UMIs for gene 3300...
2024-07-20 22:52:04,271 - INFO - Allocating UMIs for gene 3400...
2024-07-20 22:52:05,062 - INFO - Allocating UMIs for gene 3500...
2024-07-20 22:52:05,865 - INFO - Allocating UMIs for gene 3600...
2024-07-20 22:52:06,656 - INFO - Allocating UMIs for gene 3700...
2024-07-20 22:52:07,461 - INFO - Allocating UMIs for gene 3800...
2024-07-20 22:52:08,378 - INFO - Allocating UMIs for gene 3900...
2024-07-20 22:52:09,175 - INFO - UMI allocation complete.
2024-07-20 22:52:09,176 - INFO - Counting overall UMI occurrences...
2024-07-20 22:52:09,182 - INFO - Counting inter-gene collisions...
2024-07-20 22:52:09,197 - INFO - Total UMIs generated: 65536
2024-07-20 22:52:09,197 - INFO - Total UMIs allocated: 23835
2024-07-20 22:52:09,197 - INFO - Number of unique UMIs assigned to genes: 19980
2024-07-20 22:52:09,197 - INFO - Inter-gene collisions: 3854
2024-07-20 22:52:09,197 - INFO - Inter-gene collision rate: 0.16169
2024-07-20 22:52:09,197 - INFO - Writing gene UMI counts to file...
2024-07-20 22:52:09,201 - INFO - Writing UMI inter-gene collisions to file...
2024-07-20 22:52:09,205 - INFO - Simulation complete.
