2024-07-20 22:50:02,259 - INFO - Simulation Script Version: 0.0.1
2024-07-20 22:50:02,261 - INFO - Simulation Parameters:
2024-07-20 22:50:02,261 - INFO - Length of UMI: 6
2024-07-20 22:50:02,261 - INFO - Number of genes: 8000
2024-07-20 22:50:02,261 - INFO - Parameters file: None
2024-07-20 22:50:02,261 - INFO - Mean (mu): 6.0
2024-07-20 22:50:02,261 - INFO - Dispersion (theta): 6.0
2024-07-20 22:50:02,261 - INFO - Use Poisson distribution: False
2024-07-20 22:50:02,261 - INFO - Gene UMI counts file: gene_8000_umi6_counts_rep7.txt
2024-07-20 22:50:02,261 - INFO - UMI collisions file: umi6_8000_collisions_rep7.txt
2024-07-20 22:50:02,261 - INFO - Seed: None
2024-07-20 22:50:02,261 - INFO - Log file: umi6_8000_rep7.log
2024-07-20 22:50:02,261 - INFO - No seed specified. Generated random seed: 1535811413
2024-07-20 22:50:02,261 - INFO - Generating all possible UMIs...
2024-07-20 22:50:02,262 - INFO - Total possible UMIs generated: 4096
2024-07-20 22:50:02,262 - INFO - Loading parameters...
2024-07-20 22:50:02,262 - INFO - Sampling read depths for each gene...
2024-07-20 22:50:02,792 - INFO - Read depths sampling complete.
2024-07-20 22:50:02,792 - INFO - Allocating UMIs based on sampled read depths...
2024-07-20 22:50:02,792 - INFO - Allocating UMIs for gene 0...
2024-07-20 22:50:02,866 - INFO - Allocating UMIs for gene 100...
2024-07-20 22:50:02,912 - INFO - Allocating UMIs for gene 200...
2024-07-20 22:50:03,030 - INFO - Allocating UMIs for gene 300...
2024-07-20 22:50:03,118 - INFO - Allocating UMIs for gene 400...
2024-07-20 22:50:03,163 - INFO - Allocating UMIs for gene 500...
2024-07-20 22:50:03,209 - INFO - Allocating UMIs for gene 600...
2024-07-20 22:50:03,255 - INFO - Allocating UMIs for gene 700...
2024-07-20 22:50:03,301 - INFO - Allocating UMIs for gene 800...
2024-07-20 22:50:03,347 - INFO - Allocating UMIs for gene 900...
2024-07-20 22:50:03,391 - INFO - Allocating UMIs for gene 1000...
2024-07-20 22:50:03,437 - INFO - Allocating UMIs for gene 1100...
2024-07-20 22:50:03,483 - INFO - Allocating UMIs for gene 1200...
2024-07-20 22:50:03,530 - INFO - Allocating UMIs for gene 1300...
2024-07-20 22:50:03,578 - INFO - Allocating UMIs for gene 1400...
2024-07-20 22:50:03,625 - INFO - Allocating UMIs for gene 1500...
2024-07-20 22:50:03,671 - INFO - Allocating UMIs for gene 1600...
2024-07-20 22:50:03,718 - INFO - Allocating UMIs for gene 1700...
2024-07-20 22:50:03,762 - INFO - Allocating UMIs for gene 1800...
2024-07-20 22:50:03,808 - INFO - Allocating UMIs for gene 1900...
2024-07-20 22:50:03,852 - INFO - Allocating UMIs for gene 2000...
2024-07-20 22:50:03,899 - INFO - Allocating UMIs for gene 2100...
2024-07-20 22:50:03,944 - INFO - Allocating UMIs for gene 2200...
2024-07-20 22:50:03,990 - INFO - Allocating UMIs for gene 2300...
2024-07-20 22:50:04,036 - INFO - Allocating UMIs for gene 2400...
2024-07-20 22:50:04,082 - INFO - Allocating UMIs for gene 2500...
2024-07-20 22:50:04,126 - INFO - Allocating UMIs for gene 2600...
2024-07-20 22:50:04,172 - INFO - Allocating UMIs for gene 2700...
2024-07-20 22:50:04,219 - INFO - Allocating UMIs for gene 2800...
2024-07-20 22:50:04,264 - INFO - Allocating UMIs for gene 2900...
2024-07-20 22:50:04,310 - INFO - Allocating UMIs for gene 3000...
2024-07-20 22:50:04,354 - INFO - Allocating UMIs for gene 3100...
2024-07-20 22:50:04,400 - INFO - Allocating UMIs for gene 3200...
2024-07-20 22:50:04,445 - INFO - Allocating UMIs for gene 3300...
2024-07-20 22:50:04,491 - INFO - Allocating UMIs for gene 3400...
2024-07-20 22:50:04,535 - INFO - Allocating UMIs for gene 3500...
2024-07-20 22:50:04,581 - INFO - Allocating UMIs for gene 3600...
2024-07-20 22:50:04,627 - INFO - Allocating UMIs for gene 3700...
2024-07-20 22:50:04,678 - INFO - Allocating UMIs for gene 3800...
2024-07-20 22:50:04,747 - INFO - Allocating UMIs for gene 3900...
2024-07-20 22:50:04,891 - INFO - Allocating UMIs for gene 4000...
2024-07-20 22:50:04,936 - INFO - Allocating UMIs for gene 4100...
2024-07-20 22:50:04,984 - INFO - Allocating UMIs for gene 4200...
2024-07-20 22:50:05,031 - INFO - Allocating UMIs for gene 4300...
2024-07-20 22:50:05,076 - INFO - Allocating UMIs for gene 4400...
2024-07-20 22:50:05,122 - INFO - Allocating UMIs for gene 4500...
2024-07-20 22:50:05,171 - INFO - Allocating UMIs for gene 4600...
2024-07-20 22:50:05,231 - INFO - Allocating UMIs for gene 4700...
2024-07-20 22:50:05,329 - INFO - Allocating UMIs for gene 4800...
2024-07-20 22:50:05,376 - INFO - Allocating UMIs for gene 4900...
2024-07-20 22:50:05,422 - INFO - Allocating UMIs for gene 5000...
2024-07-20 22:50:05,469 - INFO - Allocating UMIs for gene 5100...
2024-07-20 22:50:05,516 - INFO - Allocating UMIs for gene 5200...
2024-07-20 22:50:05,563 - INFO - Allocating UMIs for gene 5300...
2024-07-20 22:50:05,610 - INFO - Allocating UMIs for gene 5400...
2024-07-20 22:50:05,657 - INFO - Allocating UMIs for gene 5500...
2024-07-20 22:50:05,704 - INFO - Allocating UMIs for gene 5600...
2024-07-20 22:50:05,751 - INFO - Allocating UMIs for gene 5700...
2024-07-20 22:50:05,796 - INFO - Allocating UMIs for gene 5800...
2024-07-20 22:50:05,842 - INFO - Allocating UMIs for gene 5900...
2024-07-20 22:50:05,888 - INFO - Allocating UMIs for gene 6000...
2024-07-20 22:50:05,938 - INFO - Allocating UMIs for gene 6100...
2024-07-20 22:50:05,985 - INFO - Allocating UMIs for gene 6200...
2024-07-20 22:50:06,032 - INFO - Allocating UMIs for gene 6300...
2024-07-20 22:50:06,077 - INFO - Allocating UMIs for gene 6400...
2024-07-20 22:50:06,123 - INFO - Allocating UMIs for gene 6500...
2024-07-20 22:50:06,169 - INFO - Allocating UMIs for gene 6600...
2024-07-20 22:50:06,215 - INFO - Allocating UMIs for gene 6700...
2024-07-20 22:50:06,261 - INFO - Allocating UMIs for gene 6800...
2024-07-20 22:50:06,306 - INFO - Allocating UMIs for gene 6900...
2024-07-20 22:50:06,352 - INFO - Allocating UMIs for gene 7000...
2024-07-20 22:50:06,398 - INFO - Allocating UMIs for gene 7100...
2024-07-20 22:50:06,445 - INFO - Allocating UMIs for gene 7200...
2024-07-20 22:50:06,491 - INFO - Allocating UMIs for gene 7300...
2024-07-20 22:50:06,537 - INFO - Allocating UMIs for gene 7400...
2024-07-20 22:50:06,592 - INFO - Allocating UMIs for gene 7500...
2024-07-20 22:50:06,754 - INFO - Allocating UMIs for gene 7600...
2024-07-20 22:50:06,801 - INFO - Allocating UMIs for gene 7700...
2024-07-20 22:50:06,847 - INFO - Allocating UMIs for gene 7800...
2024-07-20 22:50:06,894 - INFO - Allocating UMIs for gene 7900...
2024-07-20 22:50:06,941 - INFO - UMI allocation complete.
2024-07-20 22:50:06,941 - INFO - Counting overall UMI occurrences...
2024-07-20 22:50:06,949 - INFO - Counting inter-gene collisions...
2024-07-20 22:50:06,959 - INFO - Total UMIs generated: 4096
2024-07-20 22:50:06,960 - INFO - Total UMIs allocated: 48358
2024-07-20 22:50:06,960 - INFO - Number of unique UMIs assigned to genes: 4096
2024-07-20 22:50:06,960 - INFO - Inter-gene collisions: 44215
2024-07-20 22:50:06,960 - INFO - Inter-gene collision rate: 0.91433
2024-07-20 22:50:06,960 - INFO - Writing gene UMI counts to file...
2024-07-20 22:50:06,964 - INFO - Writing UMI inter-gene collisions to file...
2024-07-20 22:50:06,967 - INFO - Simulation complete.
