2024-07-20 22:49:44,677 - INFO - Simulation Script Version: 0.0.1
2024-07-20 22:49:44,679 - INFO - Simulation Parameters:
2024-07-20 22:49:44,680 - INFO - Length of UMI: 6
2024-07-20 22:49:44,680 - INFO - Number of genes: 8000
2024-07-20 22:49:44,680 - INFO - Parameters file: None
2024-07-20 22:49:44,680 - INFO - Mean (mu): 6.0
2024-07-20 22:49:44,680 - INFO - Dispersion (theta): 6.0
2024-07-20 22:49:44,680 - INFO - Use Poisson distribution: False
2024-07-20 22:49:44,680 - INFO - Gene UMI counts file: gene_8000_umi6_counts_rep4.txt
2024-07-20 22:49:44,680 - INFO - UMI collisions file: umi6_8000_collisions_rep4.txt
2024-07-20 22:49:44,680 - INFO - Seed: None
2024-07-20 22:49:44,680 - INFO - Log file: umi6_8000_rep4.log
2024-07-20 22:49:44,680 - INFO - No seed specified. Generated random seed: 71849038
2024-07-20 22:49:44,680 - INFO - Generating all possible UMIs...
2024-07-20 22:49:44,680 - INFO - Total possible UMIs generated: 4096
2024-07-20 22:49:44,681 - INFO - Loading parameters...
2024-07-20 22:49:44,681 - INFO - Sampling read depths for each gene...
2024-07-20 22:49:45,037 - INFO - Read depths sampling complete.
2024-07-20 22:49:45,037 - INFO - Allocating UMIs based on sampled read depths...
2024-07-20 22:49:45,037 - INFO - Allocating UMIs for gene 0...
2024-07-20 22:49:45,086 - INFO - Allocating UMIs for gene 100...
2024-07-20 22:49:45,135 - INFO - Allocating UMIs for gene 200...
2024-07-20 22:49:45,183 - INFO - Allocating UMIs for gene 300...
2024-07-20 22:49:45,232 - INFO - Allocating UMIs for gene 400...
2024-07-20 22:49:45,280 - INFO - Allocating UMIs for gene 500...
2024-07-20 22:49:45,336 - INFO - Allocating UMIs for gene 600...
2024-07-20 22:49:45,529 - INFO - Allocating UMIs for gene 700...
2024-07-20 22:49:45,574 - INFO - Allocating UMIs for gene 800...
2024-07-20 22:49:45,621 - INFO - Allocating UMIs for gene 900...
2024-07-20 22:49:45,668 - INFO - Allocating UMIs for gene 1000...
2024-07-20 22:49:45,714 - INFO - Allocating UMIs for gene 1100...
2024-07-20 22:49:45,762 - INFO - Allocating UMIs for gene 1200...
2024-07-20 22:49:45,809 - INFO - Allocating UMIs for gene 1300...
2024-07-20 22:49:45,864 - INFO - Allocating UMIs for gene 1400...
2024-07-20 22:49:46,057 - INFO - Allocating UMIs for gene 1500...
2024-07-20 22:49:46,103 - INFO - Allocating UMIs for gene 1600...
2024-07-20 22:49:46,150 - INFO - Allocating UMIs for gene 1700...
2024-07-20 22:49:46,197 - INFO - Allocating UMIs for gene 1800...
2024-07-20 22:49:46,244 - INFO - Allocating UMIs for gene 1900...
2024-07-20 22:49:46,290 - INFO - Allocating UMIs for gene 2000...
2024-07-20 22:49:46,337 - INFO - Allocating UMIs for gene 2100...
2024-07-20 22:49:46,384 - INFO - Allocating UMIs for gene 2200...
2024-07-20 22:49:46,438 - INFO - Allocating UMIs for gene 2300...
2024-07-20 22:49:46,541 - INFO - Allocating UMIs for gene 2400...
2024-07-20 22:49:46,590 - INFO - Allocating UMIs for gene 2500...
2024-07-20 22:49:46,637 - INFO - Allocating UMIs for gene 2600...
2024-07-20 22:49:46,684 - INFO - Allocating UMIs for gene 2700...
2024-07-20 22:49:46,731 - INFO - Allocating UMIs for gene 2800...
2024-07-20 22:49:46,778 - INFO - Allocating UMIs for gene 2900...
2024-07-20 22:49:46,825 - INFO - Allocating UMIs for gene 3000...
2024-07-20 22:49:46,871 - INFO - Allocating UMIs for gene 3100...
2024-07-20 22:49:46,918 - INFO - Allocating UMIs for gene 3200...
2024-07-20 22:49:46,965 - INFO - Allocating UMIs for gene 3300...
2024-07-20 22:49:47,012 - INFO - Allocating UMIs for gene 3400...
2024-07-20 22:49:47,060 - INFO - Allocating UMIs for gene 3500...
2024-07-20 22:49:47,108 - INFO - Allocating UMIs for gene 3600...
2024-07-20 22:49:47,155 - INFO - Allocating UMIs for gene 3700...
2024-07-20 22:49:47,202 - INFO - Allocating UMIs for gene 3800...
2024-07-20 22:49:47,250 - INFO - Allocating UMIs for gene 3900...
2024-07-20 22:49:47,297 - INFO - Allocating UMIs for gene 4000...
2024-07-20 22:49:47,345 - INFO - Allocating UMIs for gene 4100...
2024-07-20 22:49:47,393 - INFO - Allocating UMIs for gene 4200...
2024-07-20 22:49:47,439 - INFO - Allocating UMIs for gene 4300...
2024-07-20 22:49:47,487 - INFO - Allocating UMIs for gene 4400...
2024-07-20 22:49:47,534 - INFO - Allocating UMIs for gene 4500...
2024-07-20 22:49:47,581 - INFO - Allocating UMIs for gene 4600...
2024-07-20 22:49:47,628 - INFO - Allocating UMIs for gene 4700...
2024-07-20 22:49:47,673 - INFO - Allocating UMIs for gene 4800...
2024-07-20 22:49:47,719 - INFO - Allocating UMIs for gene 4900...
2024-07-20 22:49:47,766 - INFO - Allocating UMIs for gene 5000...
2024-07-20 22:49:47,813 - INFO - Allocating UMIs for gene 5100...
2024-07-20 22:49:47,860 - INFO - Allocating UMIs for gene 5200...
2024-07-20 22:49:47,907 - INFO - Allocating UMIs for gene 5300...
2024-07-20 22:49:47,954 - INFO - Allocating UMIs for gene 5400...
2024-07-20 22:49:48,001 - INFO - Allocating UMIs for gene 5500...
2024-07-20 22:49:48,063 - INFO - Allocating UMIs for gene 5600...
2024-07-20 22:49:48,249 - INFO - Allocating UMIs for gene 5700...
2024-07-20 22:49:48,295 - INFO - Allocating UMIs for gene 5800...
2024-07-20 22:49:48,342 - INFO - Allocating UMIs for gene 5900...
2024-07-20 22:49:48,388 - INFO - Allocating UMIs for gene 6000...
2024-07-20 22:49:48,439 - INFO - Allocating UMIs for gene 6100...
2024-07-20 22:49:48,485 - INFO - Allocating UMIs for gene 6200...
2024-07-20 22:49:48,532 - INFO - Allocating UMIs for gene 6300...
2024-07-20 22:49:48,725 - INFO - Allocating UMIs for gene 6400...
2024-07-20 22:49:48,771 - INFO - Allocating UMIs for gene 6500...
2024-07-20 22:49:48,818 - INFO - Allocating UMIs for gene 6600...
2024-07-20 22:49:48,865 - INFO - Allocating UMIs for gene 6700...
2024-07-20 22:49:48,911 - INFO - Allocating UMIs for gene 6800...
2024-07-20 22:49:48,956 - INFO - Allocating UMIs for gene 6900...
2024-07-20 22:49:49,003 - INFO - Allocating UMIs for gene 7000...
2024-07-20 22:49:49,051 - INFO - Allocating UMIs for gene 7100...
2024-07-20 22:49:49,097 - INFO - Allocating UMIs for gene 7200...
2024-07-20 22:49:49,149 - INFO - Allocating UMIs for gene 7300...
2024-07-20 22:49:49,200 - INFO - Allocating UMIs for gene 7400...
2024-07-20 22:49:49,264 - INFO - Allocating UMIs for gene 7500...
2024-07-20 22:49:49,356 - INFO - Allocating UMIs for gene 7600...
2024-07-20 22:49:49,403 - INFO - Allocating UMIs for gene 7700...
2024-07-20 22:49:49,450 - INFO - Allocating UMIs for gene 7800...
2024-07-20 22:49:49,495 - INFO - Allocating UMIs for gene 7900...
2024-07-20 22:49:49,542 - INFO - UMI allocation complete.
2024-07-20 22:49:49,542 - INFO - Counting overall UMI occurrences...
2024-07-20 22:49:49,549 - INFO - Counting inter-gene collisions...
2024-07-20 22:49:49,559 - INFO - Total UMIs generated: 4096
2024-07-20 22:49:49,559 - INFO - Total UMIs allocated: 48066
2024-07-20 22:49:49,559 - INFO - Number of unique UMIs assigned to genes: 4096
2024-07-20 22:49:49,559 - INFO - Inter-gene collisions: 43939
2024-07-20 22:49:49,559 - INFO - Inter-gene collision rate: 0.91414
2024-07-20 22:49:49,559 - INFO - Writing gene UMI counts to file...
2024-07-20 22:49:49,564 - INFO - Writing UMI inter-gene collisions to file...
2024-07-20 22:49:49,568 - INFO - Simulation complete.
