2024-07-20 22:49:38,052 - INFO - Simulation Script Version: 0.0.1
2024-07-20 22:49:38,054 - INFO - Simulation Parameters:
2024-07-20 22:49:38,054 - INFO - Length of UMI: 6
2024-07-20 22:49:38,054 - INFO - Number of genes: 8000
2024-07-20 22:49:38,054 - INFO - Parameters file: None
2024-07-20 22:49:38,054 - INFO - Mean (mu): 6.0
2024-07-20 22:49:38,054 - INFO - Dispersion (theta): 6.0
2024-07-20 22:49:38,054 - INFO - Use Poisson distribution: False
2024-07-20 22:49:38,054 - INFO - Gene UMI counts file: gene_8000_umi6_counts_rep3.txt
2024-07-20 22:49:38,054 - INFO - UMI collisions file: umi6_8000_collisions_rep3.txt
2024-07-20 22:49:38,054 - INFO - Seed: None
2024-07-20 22:49:38,054 - INFO - Log file: umi6_8000_rep3.log
2024-07-20 22:49:38,054 - INFO - No seed specified. Generated random seed: 3753617224
2024-07-20 22:49:38,054 - INFO - Generating all possible UMIs...
2024-07-20 22:49:38,055 - INFO - Total possible UMIs generated: 4096
2024-07-20 22:49:38,055 - INFO - Loading parameters...
2024-07-20 22:49:38,055 - INFO - Sampling read depths for each gene...
2024-07-20 22:49:38,656 - INFO - Read depths sampling complete.
2024-07-20 22:49:38,656 - INFO - Allocating UMIs based on sampled read depths...
2024-07-20 22:49:38,657 - INFO - Allocating UMIs for gene 0...
2024-07-20 22:49:38,706 - INFO - Allocating UMIs for gene 100...
2024-07-20 22:49:38,753 - INFO - Allocating UMIs for gene 200...
2024-07-20 22:49:38,803 - INFO - Allocating UMIs for gene 300...
2024-07-20 22:49:38,866 - INFO - Allocating UMIs for gene 400...
2024-07-20 22:49:39,046 - INFO - Allocating UMIs for gene 500...
2024-07-20 22:49:39,106 - INFO - Allocating UMIs for gene 600...
2024-07-20 22:49:39,178 - INFO - Allocating UMIs for gene 700...
2024-07-20 22:49:39,268 - INFO - Allocating UMIs for gene 800...
2024-07-20 22:49:39,317 - INFO - Allocating UMIs for gene 900...
2024-07-20 22:49:39,366 - INFO - Allocating UMIs for gene 1000...
2024-07-20 22:49:39,414 - INFO - Allocating UMIs for gene 1100...
2024-07-20 22:49:39,464 - INFO - Allocating UMIs for gene 1200...
2024-07-20 22:49:39,513 - INFO - Allocating UMIs for gene 1300...
2024-07-20 22:49:39,560 - INFO - Allocating UMIs for gene 1400...
2024-07-20 22:49:39,609 - INFO - Allocating UMIs for gene 1500...
2024-07-20 22:49:39,657 - INFO - Allocating UMIs for gene 1600...
2024-07-20 22:49:39,705 - INFO - Allocating UMIs for gene 1700...
2024-07-20 22:49:39,754 - INFO - Allocating UMIs for gene 1800...
2024-07-20 22:49:39,801 - INFO - Allocating UMIs for gene 1900...
2024-07-20 22:49:39,849 - INFO - Allocating UMIs for gene 2000...
2024-07-20 22:49:39,896 - INFO - Allocating UMIs for gene 2100...
2024-07-20 22:49:39,945 - INFO - Allocating UMIs for gene 2200...
2024-07-20 22:49:39,993 - INFO - Allocating UMIs for gene 2300...
2024-07-20 22:49:40,042 - INFO - Allocating UMIs for gene 2400...
2024-07-20 22:49:40,090 - INFO - Allocating UMIs for gene 2500...
2024-07-20 22:49:40,139 - INFO - Allocating UMIs for gene 2600...
2024-07-20 22:49:40,187 - INFO - Allocating UMIs for gene 2700...
2024-07-20 22:49:40,235 - INFO - Allocating UMIs for gene 2800...
2024-07-20 22:49:40,281 - INFO - Allocating UMIs for gene 2900...
2024-07-20 22:49:40,329 - INFO - Allocating UMIs for gene 3000...
2024-07-20 22:49:40,378 - INFO - Allocating UMIs for gene 3100...
2024-07-20 22:49:40,426 - INFO - Allocating UMIs for gene 3200...
2024-07-20 22:49:40,475 - INFO - Allocating UMIs for gene 3300...
2024-07-20 22:49:40,524 - INFO - Allocating UMIs for gene 3400...
2024-07-20 22:49:40,577 - INFO - Allocating UMIs for gene 3500...
2024-07-20 22:49:40,639 - INFO - Allocating UMIs for gene 3600...
2024-07-20 22:49:40,736 - INFO - Allocating UMIs for gene 3700...
2024-07-20 22:49:40,784 - INFO - Allocating UMIs for gene 3800...
2024-07-20 22:49:40,833 - INFO - Allocating UMIs for gene 3900...
2024-07-20 22:49:40,882 - INFO - Allocating UMIs for gene 4000...
2024-07-20 22:49:40,934 - INFO - Allocating UMIs for gene 4100...
2024-07-20 22:49:40,985 - INFO - Allocating UMIs for gene 4200...
2024-07-20 22:49:41,033 - INFO - Allocating UMIs for gene 4300...
2024-07-20 22:49:41,087 - INFO - Allocating UMIs for gene 4400...
2024-07-20 22:49:41,157 - INFO - Allocating UMIs for gene 4500...
2024-07-20 22:49:41,252 - INFO - Allocating UMIs for gene 4600...
2024-07-20 22:49:41,301 - INFO - Allocating UMIs for gene 4700...
2024-07-20 22:49:41,350 - INFO - Allocating UMIs for gene 4800...
2024-07-20 22:49:41,399 - INFO - Allocating UMIs for gene 4900...
2024-07-20 22:49:41,448 - INFO - Allocating UMIs for gene 5000...
2024-07-20 22:49:41,497 - INFO - Allocating UMIs for gene 5100...
2024-07-20 22:49:41,545 - INFO - Allocating UMIs for gene 5200...
2024-07-20 22:49:41,593 - INFO - Allocating UMIs for gene 5300...
2024-07-20 22:49:41,641 - INFO - Allocating UMIs for gene 5400...
2024-07-20 22:49:41,689 - INFO - Allocating UMIs for gene 5500...
2024-07-20 22:49:41,737 - INFO - Allocating UMIs for gene 5600...
2024-07-20 22:49:41,786 - INFO - Allocating UMIs for gene 5700...
2024-07-20 22:49:41,840 - INFO - Allocating UMIs for gene 5800...
2024-07-20 22:49:41,894 - INFO - Allocating UMIs for gene 5900...
2024-07-20 22:49:41,982 - INFO - Allocating UMIs for gene 6000...
2024-07-20 22:49:42,071 - INFO - Allocating UMIs for gene 6100...
2024-07-20 22:49:42,119 - INFO - Allocating UMIs for gene 6200...
2024-07-20 22:49:42,168 - INFO - Allocating UMIs for gene 6300...
2024-07-20 22:49:42,215 - INFO - Allocating UMIs for gene 6400...
2024-07-20 22:49:42,263 - INFO - Allocating UMIs for gene 6500...
2024-07-20 22:49:42,311 - INFO - Allocating UMIs for gene 6600...
2024-07-20 22:49:42,372 - INFO - Allocating UMIs for gene 6700...
2024-07-20 22:49:42,547 - INFO - Allocating UMIs for gene 6800...
2024-07-20 22:49:42,595 - INFO - Allocating UMIs for gene 6900...
2024-07-20 22:49:42,644 - INFO - Allocating UMIs for gene 7000...
2024-07-20 22:49:42,693 - INFO - Allocating UMIs for gene 7100...
2024-07-20 22:49:42,747 - INFO - Allocating UMIs for gene 7200...
2024-07-20 22:49:42,800 - INFO - Allocating UMIs for gene 7300...
2024-07-20 22:49:42,868 - INFO - Allocating UMIs for gene 7400...
2024-07-20 22:49:42,986 - INFO - Allocating UMIs for gene 7500...
2024-07-20 22:49:43,152 - INFO - Allocating UMIs for gene 7600...
2024-07-20 22:49:43,206 - INFO - Allocating UMIs for gene 7700...
2024-07-20 22:49:43,260 - INFO - Allocating UMIs for gene 7800...
2024-07-20 22:49:43,349 - INFO - Allocating UMIs for gene 7900...
2024-07-20 22:49:43,403 - INFO - UMI allocation complete.
2024-07-20 22:49:43,403 - INFO - Counting overall UMI occurrences...
2024-07-20 22:49:43,412 - INFO - Counting inter-gene collisions...
2024-07-20 22:49:43,423 - INFO - Total UMIs generated: 4096
2024-07-20 22:49:43,423 - INFO - Total UMIs allocated: 47961
2024-07-20 22:49:43,423 - INFO - Number of unique UMIs assigned to genes: 4096
2024-07-20 22:49:43,423 - INFO - Inter-gene collisions: 43820
2024-07-20 22:49:43,423 - INFO - Inter-gene collision rate: 0.91366
2024-07-20 22:49:43,423 - INFO - Writing gene UMI counts to file...
2024-07-20 22:49:43,428 - INFO - Writing UMI inter-gene collisions to file...
2024-07-20 22:49:43,432 - INFO - Simulation complete.
