2024-07-20 22:49:50,664 - INFO - Simulation Script Version: 0.0.1
2024-07-20 22:49:50,666 - INFO - Simulation Parameters:
2024-07-20 22:49:50,667 - INFO - Length of UMI: 6
2024-07-20 22:49:50,667 - INFO - Number of genes: 8000
2024-07-20 22:49:50,667 - INFO - Parameters file: None
2024-07-20 22:49:50,667 - INFO - Mean (mu): 6.0
2024-07-20 22:49:50,667 - INFO - Dispersion (theta): 6.0
2024-07-20 22:49:50,667 - INFO - Use Poisson distribution: False
2024-07-20 22:49:50,667 - INFO - Gene UMI counts file: gene_8000_umi6_counts_rep5.txt
2024-07-20 22:49:50,667 - INFO - UMI collisions file: umi6_8000_collisions_rep5.txt
2024-07-20 22:49:50,667 - INFO - Seed: None
2024-07-20 22:49:50,667 - INFO - Log file: umi6_8000_rep5.log
2024-07-20 22:49:50,667 - INFO - No seed specified. Generated random seed: 3759827065
2024-07-20 22:49:50,667 - INFO - Generating all possible UMIs...
2024-07-20 22:49:50,668 - INFO - Total possible UMIs generated: 4096
2024-07-20 22:49:50,668 - INFO - Loading parameters...
2024-07-20 22:49:50,668 - INFO - Sampling read depths for each gene...
2024-07-20 22:49:51,100 - INFO - Read depths sampling complete.
2024-07-20 22:49:51,100 - INFO - Allocating UMIs based on sampled read depths...
2024-07-20 22:49:51,100 - INFO - Allocating UMIs for gene 0...
2024-07-20 22:49:51,165 - INFO - Allocating UMIs for gene 100...
2024-07-20 22:49:51,308 - INFO - Allocating UMIs for gene 200...
2024-07-20 22:49:51,355 - INFO - Allocating UMIs for gene 300...
2024-07-20 22:49:51,402 - INFO - Allocating UMIs for gene 400...
2024-07-20 22:49:51,450 - INFO - Allocating UMIs for gene 500...
2024-07-20 22:49:51,497 - INFO - Allocating UMIs for gene 600...
2024-07-20 22:49:51,544 - INFO - Allocating UMIs for gene 700...
2024-07-20 22:49:51,590 - INFO - Allocating UMIs for gene 800...
2024-07-20 22:49:51,637 - INFO - Allocating UMIs for gene 900...
2024-07-20 22:49:51,684 - INFO - Allocating UMIs for gene 1000...
2024-07-20 22:49:51,730 - INFO - Allocating UMIs for gene 1100...
2024-07-20 22:49:51,777 - INFO - Allocating UMIs for gene 1200...
2024-07-20 22:49:51,824 - INFO - Allocating UMIs for gene 1300...
2024-07-20 22:49:51,871 - INFO - Allocating UMIs for gene 1400...
2024-07-20 22:49:51,917 - INFO - Allocating UMIs for gene 1500...
2024-07-20 22:49:51,963 - INFO - Allocating UMIs for gene 1600...
2024-07-20 22:49:52,010 - INFO - Allocating UMIs for gene 1700...
2024-07-20 22:49:52,058 - INFO - Allocating UMIs for gene 1800...
2024-07-20 22:49:52,105 - INFO - Allocating UMIs for gene 1900...
2024-07-20 22:49:52,151 - INFO - Allocating UMIs for gene 2000...
2024-07-20 22:49:52,198 - INFO - Allocating UMIs for gene 2100...
2024-07-20 22:49:52,244 - INFO - Allocating UMIs for gene 2200...
2024-07-20 22:49:52,291 - INFO - Allocating UMIs for gene 2300...
2024-07-20 22:49:52,337 - INFO - Allocating UMIs for gene 2400...
2024-07-20 22:49:52,385 - INFO - Allocating UMIs for gene 2500...
2024-07-20 22:49:52,430 - INFO - Allocating UMIs for gene 2600...
2024-07-20 22:49:52,477 - INFO - Allocating UMIs for gene 2700...
2024-07-20 22:49:52,523 - INFO - Allocating UMIs for gene 2800...
2024-07-20 22:49:52,570 - INFO - Allocating UMIs for gene 2900...
2024-07-20 22:49:52,616 - INFO - Allocating UMIs for gene 3000...
2024-07-20 22:49:52,669 - INFO - Allocating UMIs for gene 3100...
2024-07-20 22:49:52,746 - INFO - Allocating UMIs for gene 3200...
2024-07-20 22:49:52,890 - INFO - Allocating UMIs for gene 3300...
2024-07-20 22:49:52,939 - INFO - Allocating UMIs for gene 3400...
2024-07-20 22:49:52,988 - INFO - Allocating UMIs for gene 3500...
2024-07-20 22:49:53,036 - INFO - Allocating UMIs for gene 3600...
2024-07-20 22:49:53,085 - INFO - Allocating UMIs for gene 3700...
2024-07-20 22:49:53,135 - INFO - Allocating UMIs for gene 3800...
2024-07-20 22:49:53,183 - INFO - Allocating UMIs for gene 3900...
2024-07-20 22:49:53,231 - INFO - Allocating UMIs for gene 4000...
2024-07-20 22:49:53,428 - INFO - Allocating UMIs for gene 4100...
2024-07-20 22:49:53,476 - INFO - Allocating UMIs for gene 4200...
2024-07-20 22:49:53,525 - INFO - Allocating UMIs for gene 4300...
2024-07-20 22:49:53,573 - INFO - Allocating UMIs for gene 4400...
2024-07-20 22:49:53,622 - INFO - Allocating UMIs for gene 4500...
2024-07-20 22:49:53,670 - INFO - Allocating UMIs for gene 4600...
2024-07-20 22:49:53,720 - INFO - Allocating UMIs for gene 4700...
2024-07-20 22:49:53,769 - INFO - Allocating UMIs for gene 4800...
2024-07-20 22:49:53,818 - INFO - Allocating UMIs for gene 4900...
2024-07-20 22:49:53,867 - INFO - Allocating UMIs for gene 5000...
2024-07-20 22:49:53,916 - INFO - Allocating UMIs for gene 5100...
2024-07-20 22:49:53,970 - INFO - Allocating UMIs for gene 5200...
2024-07-20 22:49:54,136 - INFO - Allocating UMIs for gene 5300...
2024-07-20 22:49:54,182 - INFO - Allocating UMIs for gene 5400...
2024-07-20 22:49:54,229 - INFO - Allocating UMIs for gene 5500...
2024-07-20 22:49:54,275 - INFO - Allocating UMIs for gene 5600...
2024-07-20 22:49:54,320 - INFO - Allocating UMIs for gene 5700...
2024-07-20 22:49:54,367 - INFO - Allocating UMIs for gene 5800...
2024-07-20 22:49:54,414 - INFO - Allocating UMIs for gene 5900...
2024-07-20 22:49:54,479 - INFO - Allocating UMIs for gene 6000...
2024-07-20 22:49:54,653 - INFO - Allocating UMIs for gene 6100...
2024-07-20 22:49:54,700 - INFO - Allocating UMIs for gene 6200...
2024-07-20 22:49:54,747 - INFO - Allocating UMIs for gene 6300...
2024-07-20 22:49:54,793 - INFO - Allocating UMIs for gene 6400...
2024-07-20 22:49:54,841 - INFO - Allocating UMIs for gene 6500...
2024-07-20 22:49:54,888 - INFO - Allocating UMIs for gene 6600...
2024-07-20 22:49:54,934 - INFO - Allocating UMIs for gene 6700...
2024-07-20 22:49:54,980 - INFO - Allocating UMIs for gene 6800...
2024-07-20 22:49:55,026 - INFO - Allocating UMIs for gene 6900...
2024-07-20 22:49:55,073 - INFO - Allocating UMIs for gene 7000...
2024-07-20 22:49:55,119 - INFO - Allocating UMIs for gene 7100...
2024-07-20 22:49:55,167 - INFO - Allocating UMIs for gene 7200...
2024-07-20 22:49:55,213 - INFO - Allocating UMIs for gene 7300...
2024-07-20 22:49:55,260 - INFO - Allocating UMIs for gene 7400...
2024-07-20 22:49:55,307 - INFO - Allocating UMIs for gene 7500...
2024-07-20 22:49:55,353 - INFO - Allocating UMIs for gene 7600...
2024-07-20 22:49:55,399 - INFO - Allocating UMIs for gene 7700...
2024-07-20 22:49:55,446 - INFO - Allocating UMIs for gene 7800...
2024-07-20 22:49:55,492 - INFO - Allocating UMIs for gene 7900...
2024-07-20 22:49:55,539 - INFO - UMI allocation complete.
2024-07-20 22:49:55,539 - INFO - Counting overall UMI occurrences...
2024-07-20 22:49:55,547 - INFO - Counting inter-gene collisions...
2024-07-20 22:49:55,557 - INFO - Total UMIs generated: 4096
2024-07-20 22:49:55,557 - INFO - Total UMIs allocated: 47769
2024-07-20 22:49:55,557 - INFO - Number of unique UMIs assigned to genes: 4096
2024-07-20 22:49:55,557 - INFO - Inter-gene collisions: 43631
2024-07-20 22:49:55,557 - INFO - Inter-gene collision rate: 0.91337
2024-07-20 22:49:55,557 - INFO - Writing gene UMI counts to file...
2024-07-20 22:49:55,562 - INFO - Writing UMI inter-gene collisions to file...
2024-07-20 22:49:55,566 - INFO - Simulation complete.
