2024-07-20 22:50:08,043 - INFO - Simulation Script Version: 0.0.1
2024-07-20 22:50:08,046 - INFO - Simulation Parameters:
2024-07-20 22:50:08,046 - INFO - Length of UMI: 6
2024-07-20 22:50:08,046 - INFO - Number of genes: 8000
2024-07-20 22:50:08,046 - INFO - Parameters file: None
2024-07-20 22:50:08,046 - INFO - Mean (mu): 6.0
2024-07-20 22:50:08,046 - INFO - Dispersion (theta): 6.0
2024-07-20 22:50:08,046 - INFO - Use Poisson distribution: False
2024-07-20 22:50:08,046 - INFO - Gene UMI counts file: gene_8000_umi6_counts_rep8.txt
2024-07-20 22:50:08,046 - INFO - UMI collisions file: umi6_8000_collisions_rep8.txt
2024-07-20 22:50:08,046 - INFO - Seed: None
2024-07-20 22:50:08,046 - INFO - Log file: umi6_8000_rep8.log
2024-07-20 22:50:08,046 - INFO - No seed specified. Generated random seed: 70722236
2024-07-20 22:50:08,046 - INFO - Generating all possible UMIs...
2024-07-20 22:50:08,047 - INFO - Total possible UMIs generated: 4096
2024-07-20 22:50:08,047 - INFO - Loading parameters...
2024-07-20 22:50:08,047 - INFO - Sampling read depths for each gene...
2024-07-20 22:50:08,324 - INFO - Read depths sampling complete.
2024-07-20 22:50:08,324 - INFO - Allocating UMIs based on sampled read depths...
2024-07-20 22:50:08,324 - INFO - Allocating UMIs for gene 0...
2024-07-20 22:50:08,369 - INFO - Allocating UMIs for gene 100...
2024-07-20 22:50:08,414 - INFO - Allocating UMIs for gene 200...
2024-07-20 22:50:08,459 - INFO - Allocating UMIs for gene 300...
2024-07-20 22:50:08,505 - INFO - Allocating UMIs for gene 400...
2024-07-20 22:50:08,551 - INFO - Allocating UMIs for gene 500...
2024-07-20 22:50:08,598 - INFO - Allocating UMIs for gene 600...
2024-07-20 22:50:08,644 - INFO - Allocating UMIs for gene 700...
2024-07-20 22:50:08,690 - INFO - Allocating UMIs for gene 800...
2024-07-20 22:50:08,737 - INFO - Allocating UMIs for gene 900...
2024-07-20 22:50:08,782 - INFO - Allocating UMIs for gene 1000...
2024-07-20 22:50:08,828 - INFO - Allocating UMIs for gene 1100...
2024-07-20 22:50:08,874 - INFO - Allocating UMIs for gene 1200...
2024-07-20 22:50:08,920 - INFO - Allocating UMIs for gene 1300...
2024-07-20 22:50:08,967 - INFO - Allocating UMIs for gene 1400...
2024-07-20 22:50:09,012 - INFO - Allocating UMIs for gene 1500...
2024-07-20 22:50:09,058 - INFO - Allocating UMIs for gene 1600...
2024-07-20 22:50:09,105 - INFO - Allocating UMIs for gene 1700...
2024-07-20 22:50:09,150 - INFO - Allocating UMIs for gene 1800...
2024-07-20 22:50:09,197 - INFO - Allocating UMIs for gene 1900...
2024-07-20 22:50:09,243 - INFO - Allocating UMIs for gene 2000...
2024-07-20 22:50:09,289 - INFO - Allocating UMIs for gene 2100...
2024-07-20 22:50:09,334 - INFO - Allocating UMIs for gene 2200...
2024-07-20 22:50:09,380 - INFO - Allocating UMIs for gene 2300...
2024-07-20 22:50:09,425 - INFO - Allocating UMIs for gene 2400...
2024-07-20 22:50:09,471 - INFO - Allocating UMIs for gene 2500...
2024-07-20 22:50:09,518 - INFO - Allocating UMIs for gene 2600...
2024-07-20 22:50:09,564 - INFO - Allocating UMIs for gene 2700...
2024-07-20 22:50:09,610 - INFO - Allocating UMIs for gene 2800...
2024-07-20 22:50:09,656 - INFO - Allocating UMIs for gene 2900...
2024-07-20 22:50:09,702 - INFO - Allocating UMIs for gene 3000...
2024-07-20 22:50:09,749 - INFO - Allocating UMIs for gene 3100...
2024-07-20 22:50:09,795 - INFO - Allocating UMIs for gene 3200...
2024-07-20 22:50:09,841 - INFO - Allocating UMIs for gene 3300...
2024-07-20 22:50:09,887 - INFO - Allocating UMIs for gene 3400...
2024-07-20 22:50:09,934 - INFO - Allocating UMIs for gene 3500...
2024-07-20 22:50:09,979 - INFO - Allocating UMIs for gene 3600...
2024-07-20 22:50:10,025 - INFO - Allocating UMIs for gene 3700...
2024-07-20 22:50:10,071 - INFO - Allocating UMIs for gene 3800...
2024-07-20 22:50:10,117 - INFO - Allocating UMIs for gene 3900...
2024-07-20 22:50:10,164 - INFO - Allocating UMIs for gene 4000...
2024-07-20 22:50:10,208 - INFO - Allocating UMIs for gene 4100...
2024-07-20 22:50:10,257 - INFO - Allocating UMIs for gene 4200...
2024-07-20 22:50:10,303 - INFO - Allocating UMIs for gene 4300...
2024-07-20 22:50:10,355 - INFO - Allocating UMIs for gene 4400...
2024-07-20 22:50:10,405 - INFO - Allocating UMIs for gene 4500...
2024-07-20 22:50:10,469 - INFO - Allocating UMIs for gene 4600...
2024-07-20 22:50:10,558 - INFO - Allocating UMIs for gene 4700...
2024-07-20 22:50:10,605 - INFO - Allocating UMIs for gene 4800...
2024-07-20 22:50:10,651 - INFO - Allocating UMIs for gene 4900...
2024-07-20 22:50:10,699 - INFO - Allocating UMIs for gene 5000...
2024-07-20 22:50:10,745 - INFO - Allocating UMIs for gene 5100...
2024-07-20 22:50:10,792 - INFO - Allocating UMIs for gene 5200...
2024-07-20 22:50:10,839 - INFO - Allocating UMIs for gene 5300...
2024-07-20 22:50:10,899 - INFO - Allocating UMIs for gene 5400...
2024-07-20 22:50:10,980 - INFO - Allocating UMIs for gene 5500...
2024-07-20 22:50:11,031 - INFO - Allocating UMIs for gene 5600...
2024-07-20 22:50:11,078 - INFO - Allocating UMIs for gene 5700...
2024-07-20 22:50:11,124 - INFO - Allocating UMIs for gene 5800...
2024-07-20 22:50:11,170 - INFO - Allocating UMIs for gene 5900...
2024-07-20 22:50:11,216 - INFO - Allocating UMIs for gene 6000...
2024-07-20 22:50:11,265 - INFO - Allocating UMIs for gene 6100...
2024-07-20 22:50:11,311 - INFO - Allocating UMIs for gene 6200...
2024-07-20 22:50:11,356 - INFO - Allocating UMIs for gene 6300...
2024-07-20 22:50:11,403 - INFO - Allocating UMIs for gene 6400...
2024-07-20 22:50:11,459 - INFO - Allocating UMIs for gene 6500...
2024-07-20 22:50:11,632 - INFO - Allocating UMIs for gene 6600...
2024-07-20 22:50:11,678 - INFO - Allocating UMIs for gene 6700...
2024-07-20 22:50:11,724 - INFO - Allocating UMIs for gene 6800...
2024-07-20 22:50:11,769 - INFO - Allocating UMIs for gene 6900...
2024-07-20 22:50:11,815 - INFO - Allocating UMIs for gene 7000...
2024-07-20 22:50:11,861 - INFO - Allocating UMIs for gene 7100...
2024-07-20 22:50:11,907 - INFO - Allocating UMIs for gene 7200...
2024-07-20 22:50:12,052 - INFO - Allocating UMIs for gene 7300...
2024-07-20 22:50:12,114 - INFO - Allocating UMIs for gene 7400...
2024-07-20 22:50:12,160 - INFO - Allocating UMIs for gene 7500...
2024-07-20 22:50:12,207 - INFO - Allocating UMIs for gene 7600...
2024-07-20 22:50:12,252 - INFO - Allocating UMIs for gene 7700...
2024-07-20 22:50:12,298 - INFO - Allocating UMIs for gene 7800...
2024-07-20 22:50:12,344 - INFO - Allocating UMIs for gene 7900...
2024-07-20 22:50:12,389 - INFO - UMI allocation complete.
2024-07-20 22:50:12,389 - INFO - Counting overall UMI occurrences...
2024-07-20 22:50:12,397 - INFO - Counting inter-gene collisions...
2024-07-20 22:50:12,407 - INFO - Total UMIs generated: 4096
2024-07-20 22:50:12,408 - INFO - Total UMIs allocated: 47846
2024-07-20 22:50:12,408 - INFO - Number of unique UMIs assigned to genes: 4096
2024-07-20 22:50:12,408 - INFO - Inter-gene collisions: 43709
2024-07-20 22:50:12,408 - INFO - Inter-gene collision rate: 0.91354
2024-07-20 22:50:12,408 - INFO - Writing gene UMI counts to file...
2024-07-20 22:50:12,412 - INFO - Writing UMI inter-gene collisions to file...
2024-07-20 22:50:12,418 - INFO - Simulation complete.
