2024-07-20 22:50:18,887 - INFO - Simulation Script Version: 0.0.1
2024-07-20 22:50:18,890 - INFO - Simulation Parameters:
2024-07-20 22:50:18,890 - INFO - Length of UMI: 6
2024-07-20 22:50:18,890 - INFO - Number of genes: 8000
2024-07-20 22:50:18,890 - INFO - Parameters file: None
2024-07-20 22:50:18,890 - INFO - Mean (mu): 6.0
2024-07-20 22:50:18,890 - INFO - Dispersion (theta): 6.0
2024-07-20 22:50:18,890 - INFO - Use Poisson distribution: False
2024-07-20 22:50:18,891 - INFO - Gene UMI counts file: gene_8000_umi6_counts_rep10.txt
2024-07-20 22:50:18,891 - INFO - UMI collisions file: umi6_8000_collisions_rep10.txt
2024-07-20 22:50:18,891 - INFO - Seed: None
2024-07-20 22:50:18,891 - INFO - Log file: umi6_8000_rep10.log
2024-07-20 22:50:18,891 - INFO - No seed specified. Generated random seed: 1991368719
2024-07-20 22:50:18,891 - INFO - Generating all possible UMIs...
2024-07-20 22:50:18,894 - INFO - Total possible UMIs generated: 4096
2024-07-20 22:50:18,894 - INFO - Loading parameters...
2024-07-20 22:50:18,894 - INFO - Sampling read depths for each gene...
2024-07-20 22:50:19,289 - INFO - Read depths sampling complete.
2024-07-20 22:50:19,290 - INFO - Allocating UMIs based on sampled read depths...
2024-07-20 22:50:19,290 - INFO - Allocating UMIs for gene 0...
2024-07-20 22:50:19,339 - INFO - Allocating UMIs for gene 100...
2024-07-20 22:50:19,387 - INFO - Allocating UMIs for gene 200...
2024-07-20 22:50:19,436 - INFO - Allocating UMIs for gene 300...
2024-07-20 22:50:19,484 - INFO - Allocating UMIs for gene 400...
2024-07-20 22:50:19,533 - INFO - Allocating UMIs for gene 500...
2024-07-20 22:50:19,582 - INFO - Allocating UMIs for gene 600...
2024-07-20 22:50:19,631 - INFO - Allocating UMIs for gene 700...
2024-07-20 22:50:19,678 - INFO - Allocating UMIs for gene 800...
2024-07-20 22:50:19,727 - INFO - Allocating UMIs for gene 900...
2024-07-20 22:50:19,776 - INFO - Allocating UMIs for gene 1000...
2024-07-20 22:50:19,824 - INFO - Allocating UMIs for gene 1100...
2024-07-20 22:50:19,873 - INFO - Allocating UMIs for gene 1200...
2024-07-20 22:50:19,921 - INFO - Allocating UMIs for gene 1300...
2024-07-20 22:50:19,969 - INFO - Allocating UMIs for gene 1400...
2024-07-20 22:50:20,017 - INFO - Allocating UMIs for gene 1500...
2024-07-20 22:50:20,069 - INFO - Allocating UMIs for gene 1600...
2024-07-20 22:50:20,117 - INFO - Allocating UMIs for gene 1700...
2024-07-20 22:50:20,165 - INFO - Allocating UMIs for gene 1800...
2024-07-20 22:50:20,213 - INFO - Allocating UMIs for gene 1900...
2024-07-20 22:50:20,262 - INFO - Allocating UMIs for gene 2000...
2024-07-20 22:50:20,310 - INFO - Allocating UMIs for gene 2100...
2024-07-20 22:50:20,357 - INFO - Allocating UMIs for gene 2200...
2024-07-20 22:50:20,405 - INFO - Allocating UMIs for gene 2300...
2024-07-20 22:50:20,454 - INFO - Allocating UMIs for gene 2400...
2024-07-20 22:50:20,502 - INFO - Allocating UMIs for gene 2500...
2024-07-20 22:50:20,550 - INFO - Allocating UMIs for gene 2600...
2024-07-20 22:50:20,598 - INFO - Allocating UMIs for gene 2700...
2024-07-20 22:50:20,646 - INFO - Allocating UMIs for gene 2800...
2024-07-20 22:50:20,695 - INFO - Allocating UMIs for gene 2900...
2024-07-20 22:50:20,741 - INFO - Allocating UMIs for gene 3000...
2024-07-20 22:50:20,789 - INFO - Allocating UMIs for gene 3100...
2024-07-20 22:50:20,837 - INFO - Allocating UMIs for gene 3200...
2024-07-20 22:50:20,884 - INFO - Allocating UMIs for gene 3300...
2024-07-20 22:50:20,933 - INFO - Allocating UMIs for gene 3400...
2024-07-20 22:50:20,981 - INFO - Allocating UMIs for gene 3500...
2024-07-20 22:50:21,029 - INFO - Allocating UMIs for gene 3600...
2024-07-20 22:50:21,078 - INFO - Allocating UMIs for gene 3700...
2024-07-20 22:50:21,127 - INFO - Allocating UMIs for gene 3800...
2024-07-20 22:50:21,173 - INFO - Allocating UMIs for gene 3900...
2024-07-20 22:50:21,221 - INFO - Allocating UMIs for gene 4000...
2024-07-20 22:50:21,269 - INFO - Allocating UMIs for gene 4100...
2024-07-20 22:50:21,319 - INFO - Allocating UMIs for gene 4200...
2024-07-20 22:50:21,369 - INFO - Allocating UMIs for gene 4300...
2024-07-20 22:50:21,419 - INFO - Allocating UMIs for gene 4400...
2024-07-20 22:50:21,465 - INFO - Allocating UMIs for gene 4500...
2024-07-20 22:50:21,512 - INFO - Allocating UMIs for gene 4600...
2024-07-20 22:50:21,561 - INFO - Allocating UMIs for gene 4700...
2024-07-20 22:50:21,609 - INFO - Allocating UMIs for gene 4800...
2024-07-20 22:50:21,658 - INFO - Allocating UMIs for gene 4900...
2024-07-20 22:50:21,707 - INFO - Allocating UMIs for gene 5000...
2024-07-20 22:50:21,754 - INFO - Allocating UMIs for gene 5100...
2024-07-20 22:50:21,803 - INFO - Allocating UMIs for gene 5200...
2024-07-20 22:50:21,853 - INFO - Allocating UMIs for gene 5300...
2024-07-20 22:50:21,902 - INFO - Allocating UMIs for gene 5400...
2024-07-20 22:50:21,950 - INFO - Allocating UMIs for gene 5500...
2024-07-20 22:50:21,999 - INFO - Allocating UMIs for gene 5600...
2024-07-20 22:50:22,049 - INFO - Allocating UMIs for gene 5700...
2024-07-20 22:50:22,098 - INFO - Allocating UMIs for gene 5800...
2024-07-20 22:50:22,147 - INFO - Allocating UMIs for gene 5900...
2024-07-20 22:50:22,195 - INFO - Allocating UMIs for gene 6000...
2024-07-20 22:50:22,247 - INFO - Allocating UMIs for gene 6100...
2024-07-20 22:50:22,295 - INFO - Allocating UMIs for gene 6200...
2024-07-20 22:50:22,344 - INFO - Allocating UMIs for gene 6300...
2024-07-20 22:50:22,399 - INFO - Allocating UMIs for gene 6400...
2024-07-20 22:50:22,449 - INFO - Allocating UMIs for gene 6500...
2024-07-20 22:50:22,497 - INFO - Allocating UMIs for gene 6600...
2024-07-20 22:50:22,545 - INFO - Allocating UMIs for gene 6700...
2024-07-20 22:50:22,593 - INFO - Allocating UMIs for gene 6800...
2024-07-20 22:50:22,642 - INFO - Allocating UMIs for gene 6900...
2024-07-20 22:50:22,691 - INFO - Allocating UMIs for gene 7000...
2024-07-20 22:50:22,737 - INFO - Allocating UMIs for gene 7100...
2024-07-20 22:50:22,784 - INFO - Allocating UMIs for gene 7200...
2024-07-20 22:50:22,833 - INFO - Allocating UMIs for gene 7300...
2024-07-20 22:50:22,882 - INFO - Allocating UMIs for gene 7400...
2024-07-20 22:50:22,931 - INFO - Allocating UMIs for gene 7500...
2024-07-20 22:50:22,980 - INFO - Allocating UMIs for gene 7600...
2024-07-20 22:50:23,028 - INFO - Allocating UMIs for gene 7700...
2024-07-20 22:50:23,077 - INFO - Allocating UMIs for gene 7800...
2024-07-20 22:50:23,126 - INFO - Allocating UMIs for gene 7900...
2024-07-20 22:50:23,175 - INFO - UMI allocation complete.
2024-07-20 22:50:23,175 - INFO - Counting overall UMI occurrences...
2024-07-20 22:50:23,184 - INFO - Counting inter-gene collisions...
2024-07-20 22:50:23,195 - INFO - Total UMIs generated: 4096
2024-07-20 22:50:23,195 - INFO - Total UMIs allocated: 47724
2024-07-20 22:50:23,195 - INFO - Number of unique UMIs assigned to genes: 4096
2024-07-20 22:50:23,195 - INFO - Inter-gene collisions: 43587
2024-07-20 22:50:23,195 - INFO - Inter-gene collision rate: 0.91331
2024-07-20 22:50:23,195 - INFO - Writing gene UMI counts to file...
2024-07-20 22:50:23,200 - INFO - Writing UMI inter-gene collisions to file...
2024-07-20 22:50:23,203 - INFO - Simulation complete.
