2024-07-20 22:49:24,703 - INFO - Simulation Script Version: 0.0.1
2024-07-20 22:49:24,705 - INFO - Simulation Parameters:
2024-07-20 22:49:24,705 - INFO - Length of UMI: 6
2024-07-20 22:49:24,705 - INFO - Number of genes: 8000
2024-07-20 22:49:24,705 - INFO - Parameters file: None
2024-07-20 22:49:24,705 - INFO - Mean (mu): 6.0
2024-07-20 22:49:24,705 - INFO - Dispersion (theta): 6.0
2024-07-20 22:49:24,705 - INFO - Use Poisson distribution: False
2024-07-20 22:49:24,705 - INFO - Gene UMI counts file: gene_8000_umi6_counts_rep1.txt
2024-07-20 22:49:24,705 - INFO - UMI collisions file: umi6_8000_collisions.txt
2024-07-20 22:49:24,705 - INFO - Seed: None
2024-07-20 22:49:24,705 - INFO - Log file: umi6_8000_rep1.log
2024-07-20 22:49:24,705 - INFO - No seed specified. Generated random seed: 4123036662
2024-07-20 22:49:24,705 - INFO - Generating all possible UMIs...
2024-07-20 22:49:24,706 - INFO - Total possible UMIs generated: 4096
2024-07-20 22:49:24,706 - INFO - Loading parameters...
2024-07-20 22:49:24,706 - INFO - Sampling read depths for each gene...
2024-07-20 22:49:25,007 - INFO - Read depths sampling complete.
2024-07-20 22:49:25,007 - INFO - Allocating UMIs based on sampled read depths...
2024-07-20 22:49:25,007 - INFO - Allocating UMIs for gene 0...
2024-07-20 22:49:25,057 - INFO - Allocating UMIs for gene 100...
2024-07-20 22:49:25,106 - INFO - Allocating UMIs for gene 200...
2024-07-20 22:49:25,155 - INFO - Allocating UMIs for gene 300...
2024-07-20 22:49:25,204 - INFO - Allocating UMIs for gene 400...
2024-07-20 22:49:25,260 - INFO - Allocating UMIs for gene 500...
2024-07-20 22:49:25,312 - INFO - Allocating UMIs for gene 600...
2024-07-20 22:49:25,369 - INFO - Allocating UMIs for gene 700...
2024-07-20 22:49:25,420 - INFO - Allocating UMIs for gene 800...
2024-07-20 22:49:25,470 - INFO - Allocating UMIs for gene 900...
2024-07-20 22:49:25,519 - INFO - Allocating UMIs for gene 1000...
2024-07-20 22:49:25,568 - INFO - Allocating UMIs for gene 1100...
2024-07-20 22:49:25,617 - INFO - Allocating UMIs for gene 1200...
2024-07-20 22:49:25,663 - INFO - Allocating UMIs for gene 1300...
2024-07-20 22:49:25,710 - INFO - Allocating UMIs for gene 1400...
2024-07-20 22:49:25,756 - INFO - Allocating UMIs for gene 1500...
2024-07-20 22:49:25,802 - INFO - Allocating UMIs for gene 1600...
2024-07-20 22:49:25,848 - INFO - Allocating UMIs for gene 1700...
2024-07-20 22:49:25,906 - INFO - Allocating UMIs for gene 1800...
2024-07-20 22:49:26,044 - INFO - Allocating UMIs for gene 1900...
2024-07-20 22:49:26,100 - INFO - Allocating UMIs for gene 2000...
2024-07-20 22:49:26,153 - INFO - Allocating UMIs for gene 2100...
2024-07-20 22:49:26,209 - INFO - Allocating UMIs for gene 2200...
2024-07-20 22:49:26,263 - INFO - Allocating UMIs for gene 2300...
2024-07-20 22:49:26,317 - INFO - Allocating UMIs for gene 2400...
2024-07-20 22:49:26,374 - INFO - Allocating UMIs for gene 2500...
2024-07-20 22:49:26,428 - INFO - Allocating UMIs for gene 2600...
2024-07-20 22:49:26,533 - INFO - Allocating UMIs for gene 2700...
2024-07-20 22:49:26,676 - INFO - Allocating UMIs for gene 2800...
2024-07-20 22:49:26,890 - INFO - Allocating UMIs for gene 2900...
2024-07-20 22:49:26,943 - INFO - Allocating UMIs for gene 3000...
2024-07-20 22:49:26,998 - INFO - Allocating UMIs for gene 3100...
2024-07-20 22:49:27,054 - INFO - Allocating UMIs for gene 3200...
2024-07-20 22:49:27,109 - INFO - Allocating UMIs for gene 3300...
2024-07-20 22:49:27,163 - INFO - Allocating UMIs for gene 3400...
2024-07-20 22:49:27,223 - INFO - Allocating UMIs for gene 3500...
2024-07-20 22:49:27,509 - INFO - Allocating UMIs for gene 3600...
2024-07-20 22:49:27,561 - INFO - Allocating UMIs for gene 3700...
2024-07-20 22:49:27,610 - INFO - Allocating UMIs for gene 3800...
2024-07-20 22:49:27,660 - INFO - Allocating UMIs for gene 3900...
2024-07-20 22:49:27,710 - INFO - Allocating UMIs for gene 4000...
2024-07-20 22:49:27,759 - INFO - Allocating UMIs for gene 4100...
2024-07-20 22:49:27,809 - INFO - Allocating UMIs for gene 4200...
2024-07-20 22:49:27,857 - INFO - Allocating UMIs for gene 4300...
2024-07-20 22:49:27,906 - INFO - Allocating UMIs for gene 4400...
2024-07-20 22:49:27,962 - INFO - Allocating UMIs for gene 4500...
2024-07-20 22:49:28,027 - INFO - Allocating UMIs for gene 4600...
2024-07-20 22:49:28,129 - INFO - Allocating UMIs for gene 4700...
2024-07-20 22:49:28,178 - INFO - Allocating UMIs for gene 4800...
2024-07-20 22:49:28,228 - INFO - Allocating UMIs for gene 4900...
2024-07-20 22:49:28,277 - INFO - Allocating UMIs for gene 5000...
2024-07-20 22:49:28,327 - INFO - Allocating UMIs for gene 5100...
2024-07-20 22:49:28,379 - INFO - Allocating UMIs for gene 5200...
2024-07-20 22:49:28,430 - INFO - Allocating UMIs for gene 5300...
2024-07-20 22:49:28,484 - INFO - Allocating UMIs for gene 5400...
2024-07-20 22:49:28,556 - INFO - Allocating UMIs for gene 5500...
2024-07-20 22:49:28,652 - INFO - Allocating UMIs for gene 5600...
2024-07-20 22:49:28,838 - INFO - Allocating UMIs for gene 5700...
2024-07-20 22:49:28,888 - INFO - Allocating UMIs for gene 5800...
2024-07-20 22:49:28,939 - INFO - Allocating UMIs for gene 5900...
2024-07-20 22:49:28,990 - INFO - Allocating UMIs for gene 6000...
2024-07-20 22:49:29,043 - INFO - Allocating UMIs for gene 6100...
2024-07-20 22:49:29,092 - INFO - Allocating UMIs for gene 6200...
2024-07-20 22:49:29,140 - INFO - Allocating UMIs for gene 6300...
2024-07-20 22:49:29,335 - INFO - Allocating UMIs for gene 6400...
2024-07-20 22:49:29,383 - INFO - Allocating UMIs for gene 6500...
2024-07-20 22:49:29,432 - INFO - Allocating UMIs for gene 6600...
2024-07-20 22:49:29,480 - INFO - Allocating UMIs for gene 6700...
2024-07-20 22:49:29,530 - INFO - Allocating UMIs for gene 6800...
2024-07-20 22:49:29,578 - INFO - Allocating UMIs for gene 6900...
2024-07-20 22:49:29,626 - INFO - Allocating UMIs for gene 7000...
2024-07-20 22:49:29,674 - INFO - Allocating UMIs for gene 7100...
2024-07-20 22:49:29,723 - INFO - Allocating UMIs for gene 7200...
2024-07-20 22:49:29,772 - INFO - Allocating UMIs for gene 7300...
2024-07-20 22:49:29,822 - INFO - Allocating UMIs for gene 7400...
2024-07-20 22:49:29,871 - INFO - Allocating UMIs for gene 7500...
2024-07-20 22:49:29,919 - INFO - Allocating UMIs for gene 7600...
2024-07-20 22:49:29,967 - INFO - Allocating UMIs for gene 7700...
2024-07-20 22:49:30,015 - INFO - Allocating UMIs for gene 7800...
2024-07-20 22:49:30,063 - INFO - Allocating UMIs for gene 7900...
2024-07-20 22:49:30,110 - INFO - UMI allocation complete.
2024-07-20 22:49:30,110 - INFO - Counting overall UMI occurrences...
2024-07-20 22:49:30,117 - INFO - Counting inter-gene collisions...
2024-07-20 22:49:30,128 - INFO - Total UMIs generated: 4096
2024-07-20 22:49:30,128 - INFO - Total UMIs allocated: 48324
2024-07-20 22:49:30,128 - INFO - Number of unique UMIs assigned to genes: 4096
2024-07-20 22:49:30,128 - INFO - Inter-gene collisions: 44196
2024-07-20 22:49:30,128 - INFO - Inter-gene collision rate: 0.91458
2024-07-20 22:49:30,128 - INFO - Writing gene UMI counts to file...
2024-07-20 22:49:30,133 - INFO - Writing UMI inter-gene collisions to file...
2024-07-20 22:49:30,137 - INFO - Simulation complete.
