2024-07-20 22:49:31,342 - INFO - Simulation Script Version: 0.0.1
2024-07-20 22:49:31,344 - INFO - Simulation Parameters:
2024-07-20 22:49:31,344 - INFO - Length of UMI: 6
2024-07-20 22:49:31,344 - INFO - Number of genes: 8000
2024-07-20 22:49:31,344 - INFO - Parameters file: None
2024-07-20 22:49:31,344 - INFO - Mean (mu): 6.0
2024-07-20 22:49:31,344 - INFO - Dispersion (theta): 6.0
2024-07-20 22:49:31,345 - INFO - Use Poisson distribution: False
2024-07-20 22:49:31,345 - INFO - Gene UMI counts file: gene_8000_umi6_counts_rep2.txt
2024-07-20 22:49:31,345 - INFO - UMI collisions file: umi6_8000_collisions_rep2.txt
2024-07-20 22:49:31,345 - INFO - Seed: None
2024-07-20 22:49:31,345 - INFO - Log file: umi6_8000_rep2.log
2024-07-20 22:49:31,345 - INFO - No seed specified. Generated random seed: 1742415449
2024-07-20 22:49:31,345 - INFO - Generating all possible UMIs...
2024-07-20 22:49:31,345 - INFO - Total possible UMIs generated: 4096
2024-07-20 22:49:31,346 - INFO - Loading parameters...
2024-07-20 22:49:31,346 - INFO - Sampling read depths for each gene...
2024-07-20 22:49:31,720 - INFO - Read depths sampling complete.
2024-07-20 22:49:31,721 - INFO - Allocating UMIs based on sampled read depths...
2024-07-20 22:49:31,721 - INFO - Allocating UMIs for gene 0...
2024-07-20 22:49:31,770 - INFO - Allocating UMIs for gene 100...
2024-07-20 22:49:31,823 - INFO - Allocating UMIs for gene 200...
2024-07-20 22:49:31,873 - INFO - Allocating UMIs for gene 300...
2024-07-20 22:49:31,924 - INFO - Allocating UMIs for gene 400...
2024-07-20 22:49:31,974 - INFO - Allocating UMIs for gene 500...
2024-07-20 22:49:32,024 - INFO - Allocating UMIs for gene 600...
2024-07-20 22:49:32,074 - INFO - Allocating UMIs for gene 700...
2024-07-20 22:49:32,126 - INFO - Allocating UMIs for gene 800...
2024-07-20 22:49:32,175 - INFO - Allocating UMIs for gene 900...
2024-07-20 22:49:32,225 - INFO - Allocating UMIs for gene 1000...
2024-07-20 22:49:32,276 - INFO - Allocating UMIs for gene 1100...
2024-07-20 22:49:32,326 - INFO - Allocating UMIs for gene 1200...
2024-07-20 22:49:32,376 - INFO - Allocating UMIs for gene 1300...
2024-07-20 22:49:32,427 - INFO - Allocating UMIs for gene 1400...
2024-07-20 22:49:32,477 - INFO - Allocating UMIs for gene 1500...
2024-07-20 22:49:32,529 - INFO - Allocating UMIs for gene 1600...
2024-07-20 22:49:32,579 - INFO - Allocating UMIs for gene 1700...
2024-07-20 22:49:32,628 - INFO - Allocating UMIs for gene 1800...
2024-07-20 22:49:32,679 - INFO - Allocating UMIs for gene 1900...
2024-07-20 22:49:32,727 - INFO - Allocating UMIs for gene 2000...
2024-07-20 22:49:32,782 - INFO - Allocating UMIs for gene 2100...
2024-07-20 22:49:32,841 - INFO - Allocating UMIs for gene 2200...
2024-07-20 22:49:32,940 - INFO - Allocating UMIs for gene 2300...
2024-07-20 22:49:32,990 - INFO - Allocating UMIs for gene 2400...
2024-07-20 22:49:33,040 - INFO - Allocating UMIs for gene 2500...
2024-07-20 22:49:33,091 - INFO - Allocating UMIs for gene 2600...
2024-07-20 22:49:33,153 - INFO - Allocating UMIs for gene 2700...
2024-07-20 22:49:33,259 - INFO - Allocating UMIs for gene 2800...
2024-07-20 22:49:33,421 - INFO - Allocating UMIs for gene 2900...
2024-07-20 22:49:33,575 - INFO - Allocating UMIs for gene 3000...
2024-07-20 22:49:33,625 - INFO - Allocating UMIs for gene 3100...
2024-07-20 22:49:33,676 - INFO - Allocating UMIs for gene 3200...
2024-07-20 22:49:33,731 - INFO - Allocating UMIs for gene 3300...
2024-07-20 22:49:33,834 - INFO - Allocating UMIs for gene 3400...
2024-07-20 22:49:33,885 - INFO - Allocating UMIs for gene 3500...
2024-07-20 22:49:33,937 - INFO - Allocating UMIs for gene 3600...
2024-07-20 22:49:33,987 - INFO - Allocating UMIs for gene 3700...
2024-07-20 22:49:34,037 - INFO - Allocating UMIs for gene 3800...
2024-07-20 22:49:34,087 - INFO - Allocating UMIs for gene 3900...
2024-07-20 22:49:34,137 - INFO - Allocating UMIs for gene 4000...
2024-07-20 22:49:34,192 - INFO - Allocating UMIs for gene 4100...
2024-07-20 22:49:34,251 - INFO - Allocating UMIs for gene 4200...
2024-07-20 22:49:34,347 - INFO - Allocating UMIs for gene 4300...
2024-07-20 22:49:34,403 - INFO - Allocating UMIs for gene 4400...
2024-07-20 22:49:34,454 - INFO - Allocating UMIs for gene 4500...
2024-07-20 22:49:34,508 - INFO - Allocating UMIs for gene 4600...
2024-07-20 22:49:34,562 - INFO - Allocating UMIs for gene 4700...
2024-07-20 22:49:34,613 - INFO - Allocating UMIs for gene 4800...
2024-07-20 22:49:34,666 - INFO - Allocating UMIs for gene 4900...
2024-07-20 22:49:34,728 - INFO - Allocating UMIs for gene 5000...
2024-07-20 22:49:34,830 - INFO - Allocating UMIs for gene 5100...
2024-07-20 22:49:35,027 - INFO - Allocating UMIs for gene 5200...
2024-07-20 22:49:35,075 - INFO - Allocating UMIs for gene 5300...
2024-07-20 22:49:35,125 - INFO - Allocating UMIs for gene 5400...
2024-07-20 22:49:35,174 - INFO - Allocating UMIs for gene 5500...
2024-07-20 22:49:35,224 - INFO - Allocating UMIs for gene 5600...
2024-07-20 22:49:35,275 - INFO - Allocating UMIs for gene 5700...
2024-07-20 22:49:35,324 - INFO - Allocating UMIs for gene 5800...
2024-07-20 22:49:35,484 - INFO - Allocating UMIs for gene 5900...
2024-07-20 22:49:35,537 - INFO - Allocating UMIs for gene 6000...
2024-07-20 22:49:35,597 - INFO - Allocating UMIs for gene 6100...
2024-07-20 22:49:35,657 - INFO - Allocating UMIs for gene 6200...
2024-07-20 22:49:35,754 - INFO - Allocating UMIs for gene 6300...
2024-07-20 22:49:35,810 - INFO - Allocating UMIs for gene 6400...
2024-07-20 22:49:35,899 - INFO - Allocating UMIs for gene 6500...
2024-07-20 22:49:36,057 - INFO - Allocating UMIs for gene 6600...
2024-07-20 22:49:36,107 - INFO - Allocating UMIs for gene 6700...
2024-07-20 22:49:36,158 - INFO - Allocating UMIs for gene 6800...
2024-07-20 22:49:36,209 - INFO - Allocating UMIs for gene 6900...
2024-07-20 22:49:36,269 - INFO - Allocating UMIs for gene 7000...
2024-07-20 22:49:36,372 - INFO - Allocating UMIs for gene 7100...
2024-07-20 22:49:36,422 - INFO - Allocating UMIs for gene 7200...
2024-07-20 22:49:36,487 - INFO - Allocating UMIs for gene 7300...
2024-07-20 22:49:36,678 - INFO - Allocating UMIs for gene 7400...
2024-07-20 22:49:36,748 - INFO - Allocating UMIs for gene 7500...
2024-07-20 22:49:36,798 - INFO - Allocating UMIs for gene 7600...
2024-07-20 22:49:36,850 - INFO - Allocating UMIs for gene 7700...
2024-07-20 22:49:36,905 - INFO - Allocating UMIs for gene 7800...
2024-07-20 22:49:36,955 - INFO - Allocating UMIs for gene 7900...
2024-07-20 22:49:37,005 - INFO - UMI allocation complete.
2024-07-20 22:49:37,005 - INFO - Counting overall UMI occurrences...
2024-07-20 22:49:37,014 - INFO - Counting inter-gene collisions...
2024-07-20 22:49:37,025 - INFO - Total UMIs generated: 4096
2024-07-20 22:49:37,025 - INFO - Total UMIs allocated: 48289
2024-07-20 22:49:37,026 - INFO - Number of unique UMIs assigned to genes: 4096
2024-07-20 22:49:37,026 - INFO - Inter-gene collisions: 44153
2024-07-20 22:49:37,026 - INFO - Inter-gene collision rate: 0.91435
2024-07-20 22:49:37,026 - INFO - Writing gene UMI counts to file...
2024-07-20 22:49:37,030 - INFO - Writing UMI inter-gene collisions to file...
2024-07-20 22:49:37,033 - INFO - Simulation complete.
