2024-07-20 22:50:13,390 - INFO - Simulation Script Version: 0.0.1
2024-07-20 22:50:13,392 - INFO - Simulation Parameters:
2024-07-20 22:50:13,392 - INFO - Length of UMI: 6
2024-07-20 22:50:13,392 - INFO - Number of genes: 8000
2024-07-20 22:50:13,392 - INFO - Parameters file: None
2024-07-20 22:50:13,392 - INFO - Mean (mu): 6.0
2024-07-20 22:50:13,392 - INFO - Dispersion (theta): 6.0
2024-07-20 22:50:13,392 - INFO - Use Poisson distribution: False
2024-07-20 22:50:13,392 - INFO - Gene UMI counts file: gene_8000_umi6_counts_rep9.txt
2024-07-20 22:50:13,392 - INFO - UMI collisions file: umi6_8000_collisions_rep9.txt
2024-07-20 22:50:13,392 - INFO - Seed: None
2024-07-20 22:50:13,392 - INFO - Log file: umi6_8000_rep9.log
2024-07-20 22:50:13,393 - INFO - No seed specified. Generated random seed: 1126229273
2024-07-20 22:50:13,393 - INFO - Generating all possible UMIs...
2024-07-20 22:50:13,393 - INFO - Total possible UMIs generated: 4096
2024-07-20 22:50:13,393 - INFO - Loading parameters...
2024-07-20 22:50:13,393 - INFO - Sampling read depths for each gene...
2024-07-20 22:50:13,686 - INFO - Read depths sampling complete.
2024-07-20 22:50:13,686 - INFO - Allocating UMIs based on sampled read depths...
2024-07-20 22:50:13,687 - INFO - Allocating UMIs for gene 0...
2024-07-20 22:50:13,735 - INFO - Allocating UMIs for gene 100...
2024-07-20 22:50:13,782 - INFO - Allocating UMIs for gene 200...
2024-07-20 22:50:13,831 - INFO - Allocating UMIs for gene 300...
2024-07-20 22:50:13,879 - INFO - Allocating UMIs for gene 400...
2024-07-20 22:50:13,928 - INFO - Allocating UMIs for gene 500...
2024-07-20 22:50:13,977 - INFO - Allocating UMIs for gene 600...
2024-07-20 22:50:14,026 - INFO - Allocating UMIs for gene 700...
2024-07-20 22:50:14,074 - INFO - Allocating UMIs for gene 800...
2024-07-20 22:50:14,122 - INFO - Allocating UMIs for gene 900...
2024-07-20 22:50:14,171 - INFO - Allocating UMIs for gene 1000...
2024-07-20 22:50:14,219 - INFO - Allocating UMIs for gene 1100...
2024-07-20 22:50:14,267 - INFO - Allocating UMIs for gene 1200...
2024-07-20 22:50:14,316 - INFO - Allocating UMIs for gene 1300...
2024-07-20 22:50:14,363 - INFO - Allocating UMIs for gene 1400...
2024-07-20 22:50:14,412 - INFO - Allocating UMIs for gene 1500...
2024-07-20 22:50:14,461 - INFO - Allocating UMIs for gene 1600...
2024-07-20 22:50:14,509 - INFO - Allocating UMIs for gene 1700...
2024-07-20 22:50:14,558 - INFO - Allocating UMIs for gene 1800...
2024-07-20 22:50:14,606 - INFO - Allocating UMIs for gene 1900...
2024-07-20 22:50:14,658 - INFO - Allocating UMIs for gene 2000...
2024-07-20 22:50:14,706 - INFO - Allocating UMIs for gene 2100...
2024-07-20 22:50:14,754 - INFO - Allocating UMIs for gene 2200...
2024-07-20 22:50:14,802 - INFO - Allocating UMIs for gene 2300...
2024-07-20 22:50:14,850 - INFO - Allocating UMIs for gene 2400...
2024-07-20 22:50:14,899 - INFO - Allocating UMIs for gene 2500...
2024-07-20 22:50:14,946 - INFO - Allocating UMIs for gene 2600...
2024-07-20 22:50:14,994 - INFO - Allocating UMIs for gene 2700...
2024-07-20 22:50:15,040 - INFO - Allocating UMIs for gene 2800...
2024-07-20 22:50:15,089 - INFO - Allocating UMIs for gene 2900...
2024-07-20 22:50:15,136 - INFO - Allocating UMIs for gene 3000...
2024-07-20 22:50:15,184 - INFO - Allocating UMIs for gene 3100...
2024-07-20 22:50:15,231 - INFO - Allocating UMIs for gene 3200...
2024-07-20 22:50:15,279 - INFO - Allocating UMIs for gene 3300...
2024-07-20 22:50:15,327 - INFO - Allocating UMIs for gene 3400...
2024-07-20 22:50:15,377 - INFO - Allocating UMIs for gene 3500...
2024-07-20 22:50:15,425 - INFO - Allocating UMIs for gene 3600...
2024-07-20 22:50:15,473 - INFO - Allocating UMIs for gene 3700...
2024-07-20 22:50:15,521 - INFO - Allocating UMIs for gene 3800...
2024-07-20 22:50:15,570 - INFO - Allocating UMIs for gene 3900...
2024-07-20 22:50:15,617 - INFO - Allocating UMIs for gene 4000...
2024-07-20 22:50:15,665 - INFO - Allocating UMIs for gene 4100...
2024-07-20 22:50:15,714 - INFO - Allocating UMIs for gene 4200...
2024-07-20 22:50:15,762 - INFO - Allocating UMIs for gene 4300...
2024-07-20 22:50:15,810 - INFO - Allocating UMIs for gene 4400...
2024-07-20 22:50:15,858 - INFO - Allocating UMIs for gene 4500...
2024-07-20 22:50:15,906 - INFO - Allocating UMIs for gene 4600...
2024-07-20 22:50:15,955 - INFO - Allocating UMIs for gene 4700...
2024-07-20 22:50:16,002 - INFO - Allocating UMIs for gene 4800...
2024-07-20 22:50:16,050 - INFO - Allocating UMIs for gene 4900...
2024-07-20 22:50:16,099 - INFO - Allocating UMIs for gene 5000...
2024-07-20 22:50:16,146 - INFO - Allocating UMIs for gene 5100...
2024-07-20 22:50:16,194 - INFO - Allocating UMIs for gene 5200...
2024-07-20 22:50:16,242 - INFO - Allocating UMIs for gene 5300...
2024-07-20 22:50:16,291 - INFO - Allocating UMIs for gene 5400...
2024-07-20 22:50:16,343 - INFO - Allocating UMIs for gene 5500...
2024-07-20 22:50:16,393 - INFO - Allocating UMIs for gene 5600...
2024-07-20 22:50:16,441 - INFO - Allocating UMIs for gene 5700...
2024-07-20 22:50:16,490 - INFO - Allocating UMIs for gene 5800...
2024-07-20 22:50:16,538 - INFO - Allocating UMIs for gene 5900...
2024-07-20 22:50:16,587 - INFO - Allocating UMIs for gene 6000...
2024-07-20 22:50:16,639 - INFO - Allocating UMIs for gene 6100...
2024-07-20 22:50:16,687 - INFO - Allocating UMIs for gene 6200...
2024-07-20 22:50:16,735 - INFO - Allocating UMIs for gene 6300...
2024-07-20 22:50:16,783 - INFO - Allocating UMIs for gene 6400...
2024-07-20 22:50:16,831 - INFO - Allocating UMIs for gene 6500...
2024-07-20 22:50:16,878 - INFO - Allocating UMIs for gene 6600...
2024-07-20 22:50:16,926 - INFO - Allocating UMIs for gene 6700...
2024-07-20 22:50:16,974 - INFO - Allocating UMIs for gene 6800...
2024-07-20 22:50:17,022 - INFO - Allocating UMIs for gene 6900...
2024-07-20 22:50:17,070 - INFO - Allocating UMIs for gene 7000...
2024-07-20 22:50:17,119 - INFO - Allocating UMIs for gene 7100...
2024-07-20 22:50:17,167 - INFO - Allocating UMIs for gene 7200...
2024-07-20 22:50:17,215 - INFO - Allocating UMIs for gene 7300...
2024-07-20 22:50:17,264 - INFO - Allocating UMIs for gene 7400...
2024-07-20 22:50:17,313 - INFO - Allocating UMIs for gene 7500...
2024-07-20 22:50:17,368 - INFO - Allocating UMIs for gene 7600...
2024-07-20 22:50:17,416 - INFO - Allocating UMIs for gene 7700...
2024-07-20 22:50:17,465 - INFO - Allocating UMIs for gene 7800...
2024-07-20 22:50:17,513 - INFO - Allocating UMIs for gene 7900...
2024-07-20 22:50:17,562 - INFO - UMI allocation complete.
2024-07-20 22:50:17,562 - INFO - Counting overall UMI occurrences...
2024-07-20 22:50:17,570 - INFO - Counting inter-gene collisions...
2024-07-20 22:50:17,581 - INFO - Total UMIs generated: 4096
2024-07-20 22:50:17,581 - INFO - Total UMIs allocated: 47942
2024-07-20 22:50:17,581 - INFO - Number of unique UMIs assigned to genes: 4096
2024-07-20 22:50:17,581 - INFO - Inter-gene collisions: 43799
2024-07-20 22:50:17,581 - INFO - Inter-gene collision rate: 0.91358
2024-07-20 22:50:17,581 - INFO - Writing gene UMI counts to file...
2024-07-20 22:50:17,586 - INFO - Writing UMI inter-gene collisions to file...
2024-07-20 22:50:17,589 - INFO - Simulation complete.
