2024-07-20 22:49:56,587 - INFO - Simulation Script Version: 0.0.1
2024-07-20 22:49:56,589 - INFO - Simulation Parameters:
2024-07-20 22:49:56,589 - INFO - Length of UMI: 6
2024-07-20 22:49:56,589 - INFO - Number of genes: 8000
2024-07-20 22:49:56,589 - INFO - Parameters file: None
2024-07-20 22:49:56,589 - INFO - Mean (mu): 6.0
2024-07-20 22:49:56,589 - INFO - Dispersion (theta): 6.0
2024-07-20 22:49:56,589 - INFO - Use Poisson distribution: False
2024-07-20 22:49:56,589 - INFO - Gene UMI counts file: gene_8000_umi6_counts_rep6.txt
2024-07-20 22:49:56,589 - INFO - UMI collisions file: umi6_8000_collisions_rep6.txt
2024-07-20 22:49:56,589 - INFO - Seed: None
2024-07-20 22:49:56,589 - INFO - Log file: umi6_8000_rep6.log
2024-07-20 22:49:56,589 - INFO - No seed specified. Generated random seed: 1760885778
2024-07-20 22:49:56,590 - INFO - Generating all possible UMIs...
2024-07-20 22:49:56,590 - INFO - Total possible UMIs generated: 4096
2024-07-20 22:49:56,590 - INFO - Loading parameters...
2024-07-20 22:49:56,590 - INFO - Sampling read depths for each gene...
2024-07-20 22:49:56,944 - INFO - Read depths sampling complete.
2024-07-20 22:49:56,944 - INFO - Allocating UMIs based on sampled read depths...
2024-07-20 22:49:56,944 - INFO - Allocating UMIs for gene 0...
2024-07-20 22:49:56,991 - INFO - Allocating UMIs for gene 100...
2024-07-20 22:49:57,039 - INFO - Allocating UMIs for gene 200...
2024-07-20 22:49:57,088 - INFO - Allocating UMIs for gene 300...
2024-07-20 22:49:57,136 - INFO - Allocating UMIs for gene 400...
2024-07-20 22:49:57,182 - INFO - Allocating UMIs for gene 500...
2024-07-20 22:49:57,228 - INFO - Allocating UMIs for gene 600...
2024-07-20 22:49:57,274 - INFO - Allocating UMIs for gene 700...
2024-07-20 22:49:57,321 - INFO - Allocating UMIs for gene 800...
2024-07-20 22:49:57,368 - INFO - Allocating UMIs for gene 900...
2024-07-20 22:49:57,414 - INFO - Allocating UMIs for gene 1000...
2024-07-20 22:49:57,467 - INFO - Allocating UMIs for gene 1100...
2024-07-20 22:49:57,521 - INFO - Allocating UMIs for gene 1200...
2024-07-20 22:49:57,586 - INFO - Allocating UMIs for gene 1300...
2024-07-20 22:49:57,674 - INFO - Allocating UMIs for gene 1400...
2024-07-20 22:49:57,723 - INFO - Allocating UMIs for gene 1500...
2024-07-20 22:49:57,781 - INFO - Allocating UMIs for gene 1600...
2024-07-20 22:49:57,941 - INFO - Allocating UMIs for gene 1700...
2024-07-20 22:49:57,989 - INFO - Allocating UMIs for gene 1800...
2024-07-20 22:49:58,039 - INFO - Allocating UMIs for gene 1900...
2024-07-20 22:49:58,197 - INFO - Allocating UMIs for gene 2000...
2024-07-20 22:49:58,244 - INFO - Allocating UMIs for gene 2100...
2024-07-20 22:49:58,290 - INFO - Allocating UMIs for gene 2200...
2024-07-20 22:49:58,337 - INFO - Allocating UMIs for gene 2300...
2024-07-20 22:49:58,530 - INFO - Allocating UMIs for gene 2400...
2024-07-20 22:49:58,577 - INFO - Allocating UMIs for gene 2500...
2024-07-20 22:49:58,624 - INFO - Allocating UMIs for gene 2600...
2024-07-20 22:49:58,670 - INFO - Allocating UMIs for gene 2700...
2024-07-20 22:49:58,717 - INFO - Allocating UMIs for gene 2800...
2024-07-20 22:49:58,763 - INFO - Allocating UMIs for gene 2900...
2024-07-20 22:49:58,809 - INFO - Allocating UMIs for gene 3000...
2024-07-20 22:49:58,856 - INFO - Allocating UMIs for gene 3100...
2024-07-20 22:49:58,901 - INFO - Allocating UMIs for gene 3200...
2024-07-20 22:49:58,947 - INFO - Allocating UMIs for gene 3300...
2024-07-20 22:49:58,993 - INFO - Allocating UMIs for gene 3400...
2024-07-20 22:49:59,040 - INFO - Allocating UMIs for gene 3500...
2024-07-20 22:49:59,086 - INFO - Allocating UMIs for gene 3600...
2024-07-20 22:49:59,133 - INFO - Allocating UMIs for gene 3700...
2024-07-20 22:49:59,179 - INFO - Allocating UMIs for gene 3800...
2024-07-20 22:49:59,225 - INFO - Allocating UMIs for gene 3900...
2024-07-20 22:49:59,270 - INFO - Allocating UMIs for gene 4000...
2024-07-20 22:49:59,317 - INFO - Allocating UMIs for gene 4100...
2024-07-20 22:49:59,367 - INFO - Allocating UMIs for gene 4200...
2024-07-20 22:49:59,415 - INFO - Allocating UMIs for gene 4300...
2024-07-20 22:49:59,463 - INFO - Allocating UMIs for gene 4400...
2024-07-20 22:49:59,512 - INFO - Allocating UMIs for gene 4500...
2024-07-20 22:49:59,560 - INFO - Allocating UMIs for gene 4600...
2024-07-20 22:49:59,608 - INFO - Allocating UMIs for gene 4700...
2024-07-20 22:49:59,655 - INFO - Allocating UMIs for gene 4800...
2024-07-20 22:49:59,700 - INFO - Allocating UMIs for gene 4900...
2024-07-20 22:49:59,746 - INFO - Allocating UMIs for gene 5000...
2024-07-20 22:49:59,792 - INFO - Allocating UMIs for gene 5100...
2024-07-20 22:49:59,848 - INFO - Allocating UMIs for gene 5200...
2024-07-20 22:49:59,895 - INFO - Allocating UMIs for gene 5300...
2024-07-20 22:49:59,940 - INFO - Allocating UMIs for gene 5400...
2024-07-20 22:49:59,986 - INFO - Allocating UMIs for gene 5500...
2024-07-20 22:50:00,037 - INFO - Allocating UMIs for gene 5600...
2024-07-20 22:50:00,091 - INFO - Allocating UMIs for gene 5700...
2024-07-20 22:50:00,140 - INFO - Allocating UMIs for gene 5800...
2024-07-20 22:50:00,184 - INFO - Allocating UMIs for gene 5900...
2024-07-20 22:50:00,229 - INFO - Allocating UMIs for gene 6000...
2024-07-20 22:50:00,279 - INFO - Allocating UMIs for gene 6100...
2024-07-20 22:50:00,324 - INFO - Allocating UMIs for gene 6200...
2024-07-20 22:50:00,370 - INFO - Allocating UMIs for gene 6300...
2024-07-20 22:50:00,416 - INFO - Allocating UMIs for gene 6400...
2024-07-20 22:50:00,462 - INFO - Allocating UMIs for gene 6500...
2024-07-20 22:50:00,507 - INFO - Allocating UMIs for gene 6600...
2024-07-20 22:50:00,553 - INFO - Allocating UMIs for gene 6700...
2024-07-20 22:50:00,598 - INFO - Allocating UMIs for gene 6800...
2024-07-20 22:50:00,644 - INFO - Allocating UMIs for gene 6900...
2024-07-20 22:50:00,690 - INFO - Allocating UMIs for gene 7000...
2024-07-20 22:50:00,735 - INFO - Allocating UMIs for gene 7100...
2024-07-20 22:50:00,780 - INFO - Allocating UMIs for gene 7200...
2024-07-20 22:50:00,825 - INFO - Allocating UMIs for gene 7300...
2024-07-20 22:50:00,870 - INFO - Allocating UMIs for gene 7400...
2024-07-20 22:50:00,915 - INFO - Allocating UMIs for gene 7500...
2024-07-20 22:50:00,961 - INFO - Allocating UMIs for gene 7600...
2024-07-20 22:50:01,006 - INFO - Allocating UMIs for gene 7700...
2024-07-20 22:50:01,051 - INFO - Allocating UMIs for gene 7800...
2024-07-20 22:50:01,096 - INFO - Allocating UMIs for gene 7900...
2024-07-20 22:50:01,142 - INFO - UMI allocation complete.
2024-07-20 22:50:01,142 - INFO - Counting overall UMI occurrences...
2024-07-20 22:50:01,150 - INFO - Counting inter-gene collisions...
2024-07-20 22:50:01,161 - INFO - Total UMIs generated: 4096
2024-07-20 22:50:01,161 - INFO - Total UMIs allocated: 48363
2024-07-20 22:50:01,161 - INFO - Number of unique UMIs assigned to genes: 4096
2024-07-20 22:50:01,161 - INFO - Inter-gene collisions: 44223
2024-07-20 22:50:01,161 - INFO - Inter-gene collision rate: 0.91440
2024-07-20 22:50:01,161 - INFO - Writing gene UMI counts to file...
2024-07-20 22:50:01,166 - INFO - Writing UMI inter-gene collisions to file...
2024-07-20 22:50:01,169 - INFO - Simulation complete.
