2024-07-20 22:50:05,537 - INFO - Simulation Script Version: 0.0.1
2024-07-20 22:50:05,539 - INFO - Simulation Parameters:
2024-07-20 22:50:05,539 - INFO - Length of UMI: 6
2024-07-20 22:50:05,539 - INFO - Number of genes: 10000
2024-07-20 22:50:05,539 - INFO - Parameters file: None
2024-07-20 22:50:05,539 - INFO - Mean (mu): 6.0
2024-07-20 22:50:05,539 - INFO - Dispersion (theta): 6.0
2024-07-20 22:50:05,539 - INFO - Use Poisson distribution: False
2024-07-20 22:50:05,539 - INFO - Gene UMI counts file: gene_10000_umi6_counts_rep6.txt
2024-07-20 22:50:05,539 - INFO - UMI collisions file: umi6_10000_collisions_rep6.txt
2024-07-20 22:50:05,539 - INFO - Seed: None
2024-07-20 22:50:05,539 - INFO - Log file: umi6_10000_rep6.log
2024-07-20 22:50:05,539 - INFO - No seed specified. Generated random seed: 1543515994
2024-07-20 22:50:05,539 - INFO - Generating all possible UMIs...
2024-07-20 22:50:05,540 - INFO - Total possible UMIs generated: 4096
2024-07-20 22:50:05,540 - INFO - Loading parameters...
2024-07-20 22:50:05,540 - INFO - Sampling read depths for each gene...
2024-07-20 22:50:05,891 - INFO - Read depths sampling complete.
2024-07-20 22:50:05,892 - INFO - Allocating UMIs based on sampled read depths...
2024-07-20 22:50:05,892 - INFO - Allocating UMIs for gene 0...
2024-07-20 22:50:05,939 - INFO - Allocating UMIs for gene 100...
2024-07-20 22:50:05,987 - INFO - Allocating UMIs for gene 200...
2024-07-20 22:50:06,033 - INFO - Allocating UMIs for gene 300...
2024-07-20 22:50:06,081 - INFO - Allocating UMIs for gene 400...
2024-07-20 22:50:06,126 - INFO - Allocating UMIs for gene 500...
2024-07-20 22:50:06,173 - INFO - Allocating UMIs for gene 600...
2024-07-20 22:50:06,220 - INFO - Allocating UMIs for gene 700...
2024-07-20 22:50:06,265 - INFO - Allocating UMIs for gene 800...
2024-07-20 22:50:06,311 - INFO - Allocating UMIs for gene 900...
2024-07-20 22:50:06,358 - INFO - Allocating UMIs for gene 1000...
2024-07-20 22:50:06,405 - INFO - Allocating UMIs for gene 1100...
2024-07-20 22:50:06,451 - INFO - Allocating UMIs for gene 1200...
2024-07-20 22:50:06,498 - INFO - Allocating UMIs for gene 1300...
2024-07-20 22:50:06,545 - INFO - Allocating UMIs for gene 1400...
2024-07-20 22:50:06,598 - INFO - Allocating UMIs for gene 1500...
2024-07-20 22:50:06,762 - INFO - Allocating UMIs for gene 1600...
2024-07-20 22:50:06,810 - INFO - Allocating UMIs for gene 1700...
2024-07-20 22:50:06,861 - INFO - Allocating UMIs for gene 1800...
2024-07-20 22:50:06,908 - INFO - Allocating UMIs for gene 1900...
2024-07-20 22:50:06,956 - INFO - Allocating UMIs for gene 2000...
2024-07-20 22:50:07,004 - INFO - Allocating UMIs for gene 2100...
2024-07-20 22:50:07,053 - INFO - Allocating UMIs for gene 2200...
2024-07-20 22:50:07,332 - INFO - Allocating UMIs for gene 2300...
2024-07-20 22:50:07,404 - INFO - Allocating UMIs for gene 2400...
2024-07-20 22:50:07,453 - INFO - Allocating UMIs for gene 2500...
2024-07-20 22:50:07,502 - INFO - Allocating UMIs for gene 2600...
2024-07-20 22:50:07,551 - INFO - Allocating UMIs for gene 2700...
2024-07-20 22:50:07,600 - INFO - Allocating UMIs for gene 2800...
2024-07-20 22:50:07,649 - INFO - Allocating UMIs for gene 2900...
2024-07-20 22:50:07,700 - INFO - Allocating UMIs for gene 3000...
2024-07-20 22:50:07,759 - INFO - Allocating UMIs for gene 3100...
2024-07-20 22:50:07,854 - INFO - Allocating UMIs for gene 3200...
2024-07-20 22:50:07,903 - INFO - Allocating UMIs for gene 3300...
2024-07-20 22:50:07,952 - INFO - Allocating UMIs for gene 3400...
2024-07-20 22:50:07,999 - INFO - Allocating UMIs for gene 3500...
2024-07-20 22:50:08,050 - INFO - Allocating UMIs for gene 3600...
2024-07-20 22:50:08,096 - INFO - Allocating UMIs for gene 3700...
2024-07-20 22:50:08,143 - INFO - Allocating UMIs for gene 3800...
2024-07-20 22:50:08,189 - INFO - Allocating UMIs for gene 3900...
2024-07-20 22:50:08,237 - INFO - Allocating UMIs for gene 4000...
2024-07-20 22:50:08,284 - INFO - Allocating UMIs for gene 4100...
2024-07-20 22:50:08,332 - INFO - Allocating UMIs for gene 4200...
2024-07-20 22:50:08,379 - INFO - Allocating UMIs for gene 4300...
2024-07-20 22:50:08,425 - INFO - Allocating UMIs for gene 4400...
2024-07-20 22:50:08,472 - INFO - Allocating UMIs for gene 4500...
2024-07-20 22:50:08,519 - INFO - Allocating UMIs for gene 4600...
2024-07-20 22:50:08,566 - INFO - Allocating UMIs for gene 4700...
2024-07-20 22:50:08,613 - INFO - Allocating UMIs for gene 4800...
2024-07-20 22:50:08,660 - INFO - Allocating UMIs for gene 4900...
2024-07-20 22:50:08,706 - INFO - Allocating UMIs for gene 5000...
2024-07-20 22:50:08,753 - INFO - Allocating UMIs for gene 5100...
2024-07-20 22:50:08,800 - INFO - Allocating UMIs for gene 5200...
2024-07-20 22:50:08,847 - INFO - Allocating UMIs for gene 5300...
2024-07-20 22:50:08,893 - INFO - Allocating UMIs for gene 5400...
2024-07-20 22:50:08,940 - INFO - Allocating UMIs for gene 5500...
2024-07-20 22:50:08,986 - INFO - Allocating UMIs for gene 5600...
2024-07-20 22:50:09,032 - INFO - Allocating UMIs for gene 5700...
2024-07-20 22:50:09,077 - INFO - Allocating UMIs for gene 5800...
2024-07-20 22:50:09,123 - INFO - Allocating UMIs for gene 5900...
2024-07-20 22:50:09,169 - INFO - Allocating UMIs for gene 6000...
2024-07-20 22:50:09,218 - INFO - Allocating UMIs for gene 6100...
2024-07-20 22:50:09,264 - INFO - Allocating UMIs for gene 6200...
2024-07-20 22:50:09,310 - INFO - Allocating UMIs for gene 6300...
2024-07-20 22:50:09,357 - INFO - Allocating UMIs for gene 6400...
2024-07-20 22:50:09,403 - INFO - Allocating UMIs for gene 6500...
2024-07-20 22:50:09,450 - INFO - Allocating UMIs for gene 6600...
2024-07-20 22:50:09,497 - INFO - Allocating UMIs for gene 6700...
2024-07-20 22:50:09,545 - INFO - Allocating UMIs for gene 6800...
2024-07-20 22:50:09,591 - INFO - Allocating UMIs for gene 6900...
2024-07-20 22:50:09,638 - INFO - Allocating UMIs for gene 7000...
2024-07-20 22:50:09,684 - INFO - Allocating UMIs for gene 7100...
2024-07-20 22:50:09,730 - INFO - Allocating UMIs for gene 7200...
2024-07-20 22:50:09,778 - INFO - Allocating UMIs for gene 7300...
2024-07-20 22:50:09,825 - INFO - Allocating UMIs for gene 7400...
2024-07-20 22:50:09,871 - INFO - Allocating UMIs for gene 7500...
2024-07-20 22:50:09,917 - INFO - Allocating UMIs for gene 7600...
2024-07-20 22:50:09,963 - INFO - Allocating UMIs for gene 7700...
2024-07-20 22:50:10,010 - INFO - Allocating UMIs for gene 7800...
2024-07-20 22:50:10,058 - INFO - Allocating UMIs for gene 7900...
2024-07-20 22:50:10,104 - INFO - Allocating UMIs for gene 8000...
2024-07-20 22:50:10,151 - INFO - Allocating UMIs for gene 8100...
2024-07-20 22:50:10,198 - INFO - Allocating UMIs for gene 8200...
2024-07-20 22:50:10,245 - INFO - Allocating UMIs for gene 8300...
2024-07-20 22:50:10,292 - INFO - Allocating UMIs for gene 8400...
2024-07-20 22:50:10,343 - INFO - Allocating UMIs for gene 8500...
2024-07-20 22:50:10,399 - INFO - Allocating UMIs for gene 8600...
2024-07-20 22:50:10,553 - INFO - Allocating UMIs for gene 8700...
2024-07-20 22:50:10,600 - INFO - Allocating UMIs for gene 8800...
2024-07-20 22:50:10,648 - INFO - Allocating UMIs for gene 8900...
2024-07-20 22:50:10,696 - INFO - Allocating UMIs for gene 9000...
2024-07-20 22:50:10,744 - INFO - Allocating UMIs for gene 9100...
2024-07-20 22:50:10,791 - INFO - Allocating UMIs for gene 9200...
2024-07-20 22:50:10,839 - INFO - Allocating UMIs for gene 9300...
2024-07-20 22:50:10,995 - INFO - Allocating UMIs for gene 9400...
2024-07-20 22:50:11,045 - INFO - Allocating UMIs for gene 9500...
2024-07-20 22:50:11,093 - INFO - Allocating UMIs for gene 9600...
2024-07-20 22:50:11,140 - INFO - Allocating UMIs for gene 9700...
2024-07-20 22:50:11,186 - INFO - Allocating UMIs for gene 9800...
2024-07-20 22:50:11,234 - INFO - Allocating UMIs for gene 9900...
2024-07-20 22:50:11,279 - INFO - UMI allocation complete.
2024-07-20 22:50:11,279 - INFO - Counting overall UMI occurrences...
2024-07-20 22:50:11,287 - INFO - Counting inter-gene collisions...
2024-07-20 22:50:11,311 - INFO - Total UMIs generated: 4096
2024-07-20 22:50:11,311 - INFO - Total UMIs allocated: 59694
2024-07-20 22:50:11,311 - INFO - Number of unique UMIs assigned to genes: 4096
2024-07-20 22:50:11,311 - INFO - Inter-gene collisions: 55550
2024-07-20 22:50:11,312 - INFO - Inter-gene collision rate: 0.93058
2024-07-20 22:50:11,312 - INFO - Writing gene UMI counts to file...
2024-07-20 22:50:11,316 - INFO - Writing UMI inter-gene collisions to file...
2024-07-20 22:50:11,320 - INFO - Simulation complete.
