2024-07-20 22:49:44,059 - INFO - Simulation Script Version: 0.0.1
2024-07-20 22:49:44,061 - INFO - Simulation Parameters:
2024-07-20 22:49:44,061 - INFO - Length of UMI: 6
2024-07-20 22:49:44,061 - INFO - Number of genes: 10000
2024-07-20 22:49:44,061 - INFO - Parameters file: None
2024-07-20 22:49:44,061 - INFO - Mean (mu): 6.0
2024-07-20 22:49:44,061 - INFO - Dispersion (theta): 6.0
2024-07-20 22:49:44,061 - INFO - Use Poisson distribution: False
2024-07-20 22:49:44,062 - INFO - Gene UMI counts file: gene_10000_umi6_counts_rep3.txt
2024-07-20 22:49:44,062 - INFO - UMI collisions file: umi6_10000_collisions_rep3.txt
2024-07-20 22:49:44,062 - INFO - Seed: None
2024-07-20 22:49:44,062 - INFO - Log file: umi6_10000_rep3.log
2024-07-20 22:49:44,062 - INFO - No seed specified. Generated random seed: 3050085707
2024-07-20 22:49:44,062 - INFO - Generating all possible UMIs...
2024-07-20 22:49:44,063 - INFO - Total possible UMIs generated: 4096
2024-07-20 22:49:44,063 - INFO - Loading parameters...
2024-07-20 22:49:44,063 - INFO - Sampling read depths for each gene...
2024-07-20 22:49:44,587 - INFO - Read depths sampling complete.
2024-07-20 22:49:44,587 - INFO - Allocating UMIs based on sampled read depths...
2024-07-20 22:49:44,587 - INFO - Allocating UMIs for gene 0...
2024-07-20 22:49:44,637 - INFO - Allocating UMIs for gene 100...
2024-07-20 22:49:44,685 - INFO - Allocating UMIs for gene 200...
2024-07-20 22:49:44,734 - INFO - Allocating UMIs for gene 300...
2024-07-20 22:49:44,784 - INFO - Allocating UMIs for gene 400...
2024-07-20 22:49:44,832 - INFO - Allocating UMIs for gene 500...
2024-07-20 22:49:44,880 - INFO - Allocating UMIs for gene 600...
2024-07-20 22:49:44,929 - INFO - Allocating UMIs for gene 700...
2024-07-20 22:49:44,978 - INFO - Allocating UMIs for gene 800...
2024-07-20 22:49:45,027 - INFO - Allocating UMIs for gene 900...
2024-07-20 22:49:45,076 - INFO - Allocating UMIs for gene 1000...
2024-07-20 22:49:45,126 - INFO - Allocating UMIs for gene 1100...
2024-07-20 22:49:45,174 - INFO - Allocating UMIs for gene 1200...
2024-07-20 22:49:45,228 - INFO - Allocating UMIs for gene 1300...
2024-07-20 22:49:45,277 - INFO - Allocating UMIs for gene 1400...
2024-07-20 22:49:45,335 - INFO - Allocating UMIs for gene 1500...
2024-07-20 22:49:45,393 - INFO - Allocating UMIs for gene 1600...
2024-07-20 22:49:45,546 - INFO - Allocating UMIs for gene 1700...
2024-07-20 22:49:45,595 - INFO - Allocating UMIs for gene 1800...
2024-07-20 22:49:45,645 - INFO - Allocating UMIs for gene 1900...
2024-07-20 22:49:45,694 - INFO - Allocating UMIs for gene 2000...
2024-07-20 22:49:45,746 - INFO - Allocating UMIs for gene 2100...
2024-07-20 22:49:45,795 - INFO - Allocating UMIs for gene 2200...
2024-07-20 22:49:45,853 - INFO - Allocating UMIs for gene 2300...
2024-07-20 22:49:45,916 - INFO - Allocating UMIs for gene 2400...
2024-07-20 22:49:46,086 - INFO - Allocating UMIs for gene 2500...
2024-07-20 22:49:46,136 - INFO - Allocating UMIs for gene 2600...
2024-07-20 22:49:46,185 - INFO - Allocating UMIs for gene 2700...
2024-07-20 22:49:46,236 - INFO - Allocating UMIs for gene 2800...
2024-07-20 22:49:46,286 - INFO - Allocating UMIs for gene 2900...
2024-07-20 22:49:46,336 - INFO - Allocating UMIs for gene 3000...
2024-07-20 22:49:46,386 - INFO - Allocating UMIs for gene 3100...
2024-07-20 22:49:46,447 - INFO - Allocating UMIs for gene 3200...
2024-07-20 22:49:46,563 - INFO - Allocating UMIs for gene 3300...
2024-07-20 22:49:46,638 - INFO - Allocating UMIs for gene 3400...
2024-07-20 22:49:46,688 - INFO - Allocating UMIs for gene 3500...
2024-07-20 22:49:46,744 - INFO - Allocating UMIs for gene 3600...
2024-07-20 22:49:46,794 - INFO - Allocating UMIs for gene 3700...
2024-07-20 22:49:46,842 - INFO - Allocating UMIs for gene 3800...
2024-07-20 22:49:46,891 - INFO - Allocating UMIs for gene 3900...
2024-07-20 22:49:46,939 - INFO - Allocating UMIs for gene 4000...
2024-07-20 22:49:46,993 - INFO - Allocating UMIs for gene 4100...
2024-07-20 22:49:47,043 - INFO - Allocating UMIs for gene 4200...
2024-07-20 22:49:47,092 - INFO - Allocating UMIs for gene 4300...
2024-07-20 22:49:47,140 - INFO - Allocating UMIs for gene 4400...
2024-07-20 22:49:47,188 - INFO - Allocating UMIs for gene 4500...
2024-07-20 22:49:47,237 - INFO - Allocating UMIs for gene 4600...
2024-07-20 22:49:47,286 - INFO - Allocating UMIs for gene 4700...
2024-07-20 22:49:47,335 - INFO - Allocating UMIs for gene 4800...
2024-07-20 22:49:47,383 - INFO - Allocating UMIs for gene 4900...
2024-07-20 22:49:47,431 - INFO - Allocating UMIs for gene 5000...
2024-07-20 22:49:47,480 - INFO - Allocating UMIs for gene 5100...
2024-07-20 22:49:47,529 - INFO - Allocating UMIs for gene 5200...
2024-07-20 22:49:47,578 - INFO - Allocating UMIs for gene 5300...
2024-07-20 22:49:47,626 - INFO - Allocating UMIs for gene 5400...
2024-07-20 22:49:47,675 - INFO - Allocating UMIs for gene 5500...
2024-07-20 22:49:47,723 - INFO - Allocating UMIs for gene 5600...
2024-07-20 22:49:47,772 - INFO - Allocating UMIs for gene 5700...
2024-07-20 22:49:47,820 - INFO - Allocating UMIs for gene 5800...
2024-07-20 22:49:47,868 - INFO - Allocating UMIs for gene 5900...
2024-07-20 22:49:47,918 - INFO - Allocating UMIs for gene 6000...
2024-07-20 22:49:47,971 - INFO - Allocating UMIs for gene 6100...
2024-07-20 22:49:48,026 - INFO - Allocating UMIs for gene 6200...
2024-07-20 22:49:48,079 - INFO - Allocating UMIs for gene 6300...
2024-07-20 22:49:48,148 - INFO - Allocating UMIs for gene 6400...
2024-07-20 22:49:48,246 - INFO - Allocating UMIs for gene 6500...
2024-07-20 22:49:48,296 - INFO - Allocating UMIs for gene 6600...
2024-07-20 22:49:48,346 - INFO - Allocating UMIs for gene 6700...
2024-07-20 22:49:48,396 - INFO - Allocating UMIs for gene 6800...
2024-07-20 22:49:48,448 - INFO - Allocating UMIs for gene 6900...
2024-07-20 22:49:48,498 - INFO - Allocating UMIs for gene 7000...
2024-07-20 22:49:48,547 - INFO - Allocating UMIs for gene 7100...
2024-07-20 22:49:48,626 - INFO - Allocating UMIs for gene 7200...
2024-07-20 22:49:48,690 - INFO - Allocating UMIs for gene 7300...
2024-07-20 22:49:48,799 - INFO - Allocating UMIs for gene 7400...
2024-07-20 22:49:48,851 - INFO - Allocating UMIs for gene 7500...
2024-07-20 22:49:48,900 - INFO - Allocating UMIs for gene 7600...
2024-07-20 22:49:48,951 - INFO - Allocating UMIs for gene 7700...
2024-07-20 22:49:49,000 - INFO - Allocating UMIs for gene 7800...
2024-07-20 22:49:49,051 - INFO - Allocating UMIs for gene 7900...
2024-07-20 22:49:49,099 - INFO - Allocating UMIs for gene 8000...
2024-07-20 22:49:49,152 - INFO - Allocating UMIs for gene 8100...
2024-07-20 22:49:49,208 - INFO - Allocating UMIs for gene 8200...
2024-07-20 22:49:49,272 - INFO - Allocating UMIs for gene 8300...
2024-07-20 22:49:49,365 - INFO - Allocating UMIs for gene 8400...
2024-07-20 22:49:49,416 - INFO - Allocating UMIs for gene 8500...
2024-07-20 22:49:49,465 - INFO - Allocating UMIs for gene 8600...
2024-07-20 22:49:49,515 - INFO - Allocating UMIs for gene 8700...
2024-07-20 22:49:49,564 - INFO - Allocating UMIs for gene 8800...
2024-07-20 22:49:49,615 - INFO - Allocating UMIs for gene 8900...
2024-07-20 22:49:49,669 - INFO - Allocating UMIs for gene 9000...
2024-07-20 22:49:49,743 - INFO - Allocating UMIs for gene 9100...
2024-07-20 22:49:49,860 - INFO - Allocating UMIs for gene 9200...
2024-07-20 22:49:49,999 - INFO - Allocating UMIs for gene 9300...
2024-07-20 22:49:50,049 - INFO - Allocating UMIs for gene 9400...
2024-07-20 22:49:50,098 - INFO - Allocating UMIs for gene 9500...
2024-07-20 22:49:50,148 - INFO - Allocating UMIs for gene 9600...
2024-07-20 22:49:50,197 - INFO - Allocating UMIs for gene 9700...
2024-07-20 22:49:50,246 - INFO - Allocating UMIs for gene 9800...
2024-07-20 22:49:50,295 - INFO - Allocating UMIs for gene 9900...
2024-07-20 22:49:50,456 - INFO - UMI allocation complete.
2024-07-20 22:49:50,457 - INFO - Counting overall UMI occurrences...
2024-07-20 22:49:50,468 - INFO - Counting inter-gene collisions...
2024-07-20 22:49:50,480 - INFO - Total UMIs generated: 4096
2024-07-20 22:49:50,480 - INFO - Total UMIs allocated: 60499
2024-07-20 22:49:50,480 - INFO - Number of unique UMIs assigned to genes: 4096
2024-07-20 22:49:50,480 - INFO - Inter-gene collisions: 56348
2024-07-20 22:49:50,480 - INFO - Inter-gene collision rate: 0.93139
2024-07-20 22:49:50,480 - INFO - Writing gene UMI counts to file...
2024-07-20 22:49:50,485 - INFO - Writing UMI inter-gene collisions to file...
2024-07-20 22:49:50,489 - INFO - Simulation complete.
