2024-07-20 22:49:51,490 - INFO - Simulation Script Version: 0.0.1
2024-07-20 22:49:51,492 - INFO - Simulation Parameters:
2024-07-20 22:49:51,492 - INFO - Length of UMI: 6
2024-07-20 22:49:51,492 - INFO - Number of genes: 10000
2024-07-20 22:49:51,492 - INFO - Parameters file: None
2024-07-20 22:49:51,492 - INFO - Mean (mu): 6.0
2024-07-20 22:49:51,493 - INFO - Dispersion (theta): 6.0
2024-07-20 22:49:51,493 - INFO - Use Poisson distribution: False
2024-07-20 22:49:51,493 - INFO - Gene UMI counts file: gene_10000_umi6_counts_rep4.txt
2024-07-20 22:49:51,493 - INFO - UMI collisions file: umi6_10000_collisions_rep4.txt
2024-07-20 22:49:51,493 - INFO - Seed: None
2024-07-20 22:49:51,493 - INFO - Log file: umi6_10000_rep4.log
2024-07-20 22:49:51,493 - INFO - No seed specified. Generated random seed: 3855539666
2024-07-20 22:49:51,493 - INFO - Generating all possible UMIs...
2024-07-20 22:49:51,493 - INFO - Total possible UMIs generated: 4096
2024-07-20 22:49:51,493 - INFO - Loading parameters...
2024-07-20 22:49:51,493 - INFO - Sampling read depths for each gene...
2024-07-20 22:49:51,856 - INFO - Read depths sampling complete.
2024-07-20 22:49:51,857 - INFO - Allocating UMIs based on sampled read depths...
2024-07-20 22:49:51,857 - INFO - Allocating UMIs for gene 0...
2024-07-20 22:49:51,905 - INFO - Allocating UMIs for gene 100...
2024-07-20 22:49:51,955 - INFO - Allocating UMIs for gene 200...
2024-07-20 22:49:52,003 - INFO - Allocating UMIs for gene 300...
2024-07-20 22:49:52,056 - INFO - Allocating UMIs for gene 400...
2024-07-20 22:49:52,106 - INFO - Allocating UMIs for gene 500...
2024-07-20 22:49:52,155 - INFO - Allocating UMIs for gene 600...
2024-07-20 22:49:52,204 - INFO - Allocating UMIs for gene 700...
2024-07-20 22:49:52,252 - INFO - Allocating UMIs for gene 800...
2024-07-20 22:49:52,301 - INFO - Allocating UMIs for gene 900...
2024-07-20 22:49:52,350 - INFO - Allocating UMIs for gene 1000...
2024-07-20 22:49:52,399 - INFO - Allocating UMIs for gene 1100...
2024-07-20 22:49:52,447 - INFO - Allocating UMIs for gene 1200...
2024-07-20 22:49:52,496 - INFO - Allocating UMIs for gene 1300...
2024-07-20 22:49:52,544 - INFO - Allocating UMIs for gene 1400...
2024-07-20 22:49:52,594 - INFO - Allocating UMIs for gene 1500...
2024-07-20 22:49:52,641 - INFO - Allocating UMIs for gene 1600...
2024-07-20 22:49:52,699 - INFO - Allocating UMIs for gene 1700...
2024-07-20 22:49:52,867 - INFO - Allocating UMIs for gene 1800...
2024-07-20 22:49:52,916 - INFO - Allocating UMIs for gene 1900...
2024-07-20 22:49:52,963 - INFO - Allocating UMIs for gene 2000...
2024-07-20 22:49:53,011 - INFO - Allocating UMIs for gene 2100...
2024-07-20 22:49:53,060 - INFO - Allocating UMIs for gene 2200...
2024-07-20 22:49:53,108 - INFO - Allocating UMIs for gene 2300...
2024-07-20 22:49:53,157 - INFO - Allocating UMIs for gene 2400...
2024-07-20 22:49:53,206 - INFO - Allocating UMIs for gene 2500...
2024-07-20 22:49:53,255 - INFO - Allocating UMIs for gene 2600...
2024-07-20 22:49:53,451 - INFO - Allocating UMIs for gene 2700...
2024-07-20 22:49:53,501 - INFO - Allocating UMIs for gene 2800...
2024-07-20 22:49:53,550 - INFO - Allocating UMIs for gene 2900...
2024-07-20 22:49:53,598 - INFO - Allocating UMIs for gene 3000...
2024-07-20 22:49:53,647 - INFO - Allocating UMIs for gene 3100...
2024-07-20 22:49:53,697 - INFO - Allocating UMIs for gene 3200...
2024-07-20 22:49:53,746 - INFO - Allocating UMIs for gene 3300...
2024-07-20 22:49:53,794 - INFO - Allocating UMIs for gene 3400...
2024-07-20 22:49:53,844 - INFO - Allocating UMIs for gene 3500...
2024-07-20 22:49:53,892 - INFO - Allocating UMIs for gene 3600...
2024-07-20 22:49:53,946 - INFO - Allocating UMIs for gene 3700...
2024-07-20 22:49:53,999 - INFO - Allocating UMIs for gene 3800...
2024-07-20 22:49:54,062 - INFO - Allocating UMIs for gene 3900...
2024-07-20 22:49:54,157 - INFO - Allocating UMIs for gene 4000...
2024-07-20 22:49:54,208 - INFO - Allocating UMIs for gene 4100...
2024-07-20 22:49:54,258 - INFO - Allocating UMIs for gene 4200...
2024-07-20 22:49:54,308 - INFO - Allocating UMIs for gene 4300...
2024-07-20 22:49:54,359 - INFO - Allocating UMIs for gene 4400...
2024-07-20 22:49:54,408 - INFO - Allocating UMIs for gene 4500...
2024-07-20 22:49:54,459 - INFO - Allocating UMIs for gene 4600...
2024-07-20 22:49:54,536 - INFO - Allocating UMIs for gene 4700...
2024-07-20 22:49:54,634 - INFO - Allocating UMIs for gene 4800...
2024-07-20 22:49:54,683 - INFO - Allocating UMIs for gene 4900...
2024-07-20 22:49:54,731 - INFO - Allocating UMIs for gene 5000...
2024-07-20 22:49:54,780 - INFO - Allocating UMIs for gene 5100...
2024-07-20 22:49:54,829 - INFO - Allocating UMIs for gene 5200...
2024-07-20 22:49:54,880 - INFO - Allocating UMIs for gene 5300...
2024-07-20 22:49:54,928 - INFO - Allocating UMIs for gene 5400...
2024-07-20 22:49:54,977 - INFO - Allocating UMIs for gene 5500...
2024-07-20 22:49:55,025 - INFO - Allocating UMIs for gene 5600...
2024-07-20 22:49:55,073 - INFO - Allocating UMIs for gene 5700...
2024-07-20 22:49:55,122 - INFO - Allocating UMIs for gene 5800...
2024-07-20 22:49:55,171 - INFO - Allocating UMIs for gene 5900...
2024-07-20 22:49:55,220 - INFO - Allocating UMIs for gene 6000...
2024-07-20 22:49:55,272 - INFO - Allocating UMIs for gene 6100...
2024-07-20 22:49:55,321 - INFO - Allocating UMIs for gene 6200...
2024-07-20 22:49:55,370 - INFO - Allocating UMIs for gene 6300...
2024-07-20 22:49:55,418 - INFO - Allocating UMIs for gene 6400...
2024-07-20 22:49:55,467 - INFO - Allocating UMIs for gene 6500...
2024-07-20 22:49:55,516 - INFO - Allocating UMIs for gene 6600...
2024-07-20 22:49:55,565 - INFO - Allocating UMIs for gene 6700...
2024-07-20 22:49:55,614 - INFO - Allocating UMIs for gene 6800...
2024-07-20 22:49:55,667 - INFO - Allocating UMIs for gene 6900...
2024-07-20 22:49:55,718 - INFO - Allocating UMIs for gene 7000...
2024-07-20 22:49:55,883 - INFO - Allocating UMIs for gene 7100...
2024-07-20 22:49:55,932 - INFO - Allocating UMIs for gene 7200...
2024-07-20 22:49:55,982 - INFO - Allocating UMIs for gene 7300...
2024-07-20 22:49:56,032 - INFO - Allocating UMIs for gene 7400...
2024-07-20 22:49:56,082 - INFO - Allocating UMIs for gene 7500...
2024-07-20 22:49:56,131 - INFO - Allocating UMIs for gene 7600...
2024-07-20 22:49:56,205 - INFO - Allocating UMIs for gene 7700...
2024-07-20 22:49:56,358 - INFO - Allocating UMIs for gene 7800...
2024-07-20 22:49:56,412 - INFO - Allocating UMIs for gene 7900...
2024-07-20 22:49:56,461 - INFO - Allocating UMIs for gene 8000...
2024-07-20 22:49:56,510 - INFO - Allocating UMIs for gene 8100...
2024-07-20 22:49:56,558 - INFO - Allocating UMIs for gene 8200...
2024-07-20 22:49:56,607 - INFO - Allocating UMIs for gene 8300...
2024-07-20 22:49:56,656 - INFO - Allocating UMIs for gene 8400...
2024-07-20 22:49:56,704 - INFO - Allocating UMIs for gene 8500...
2024-07-20 22:49:56,868 - INFO - Allocating UMIs for gene 8600...
2024-07-20 22:49:56,917 - INFO - Allocating UMIs for gene 8700...
2024-07-20 22:49:56,964 - INFO - Allocating UMIs for gene 8800...
2024-07-20 22:49:57,013 - INFO - Allocating UMIs for gene 8900...
2024-07-20 22:49:57,061 - INFO - Allocating UMIs for gene 9000...
2024-07-20 22:49:57,113 - INFO - Allocating UMIs for gene 9100...
2024-07-20 22:49:57,162 - INFO - Allocating UMIs for gene 9200...
2024-07-20 22:49:57,211 - INFO - Allocating UMIs for gene 9300...
2024-07-20 22:49:57,259 - INFO - Allocating UMIs for gene 9400...
2024-07-20 22:49:57,306 - INFO - Allocating UMIs for gene 9500...
2024-07-20 22:49:57,356 - INFO - Allocating UMIs for gene 9600...
2024-07-20 22:49:57,406 - INFO - Allocating UMIs for gene 9700...
2024-07-20 22:49:57,459 - INFO - Allocating UMIs for gene 9800...
2024-07-20 22:49:57,511 - INFO - Allocating UMIs for gene 9900...
2024-07-20 22:49:57,573 - INFO - UMI allocation complete.
2024-07-20 22:49:57,573 - INFO - Counting overall UMI occurrences...
2024-07-20 22:49:57,587 - INFO - Counting inter-gene collisions...
2024-07-20 22:49:57,640 - INFO - Total UMIs generated: 4096
2024-07-20 22:49:57,640 - INFO - Total UMIs allocated: 60244
2024-07-20 22:49:57,640 - INFO - Number of unique UMIs assigned to genes: 4096
2024-07-20 22:49:57,640 - INFO - Inter-gene collisions: 56091
2024-07-20 22:49:57,640 - INFO - Inter-gene collision rate: 0.93106
2024-07-20 22:49:57,640 - INFO - Writing gene UMI counts to file...
2024-07-20 22:49:57,645 - INFO - Writing UMI inter-gene collisions to file...
2024-07-20 22:49:57,648 - INFO - Simulation complete.
