2024-07-20 22:50:12,278 - INFO - Simulation Script Version: 0.0.1
2024-07-20 22:50:12,281 - INFO - Simulation Parameters:
2024-07-20 22:50:12,281 - INFO - Length of UMI: 6
2024-07-20 22:50:12,281 - INFO - Number of genes: 10000
2024-07-20 22:50:12,281 - INFO - Parameters file: None
2024-07-20 22:50:12,281 - INFO - Mean (mu): 6.0
2024-07-20 22:50:12,281 - INFO - Dispersion (theta): 6.0
2024-07-20 22:50:12,281 - INFO - Use Poisson distribution: False
2024-07-20 22:50:12,281 - INFO - Gene UMI counts file: gene_10000_umi6_counts_rep7.txt
2024-07-20 22:50:12,281 - INFO - UMI collisions file: umi6_10000_collisions_rep7.txt
2024-07-20 22:50:12,281 - INFO - Seed: None
2024-07-20 22:50:12,281 - INFO - Log file: umi6_10000_rep7.log
2024-07-20 22:50:12,281 - INFO - No seed specified. Generated random seed: 2516717737
2024-07-20 22:50:12,281 - INFO - Generating all possible UMIs...
2024-07-20 22:50:12,282 - INFO - Total possible UMIs generated: 4096
2024-07-20 22:50:12,282 - INFO - Loading parameters...
2024-07-20 22:50:12,282 - INFO - Sampling read depths for each gene...
2024-07-20 22:50:12,682 - INFO - Read depths sampling complete.
2024-07-20 22:50:12,682 - INFO - Allocating UMIs based on sampled read depths...
2024-07-20 22:50:12,682 - INFO - Allocating UMIs for gene 0...
2024-07-20 22:50:12,766 - INFO - Allocating UMIs for gene 100...
2024-07-20 22:50:12,814 - INFO - Allocating UMIs for gene 200...
2024-07-20 22:50:12,862 - INFO - Allocating UMIs for gene 300...
2024-07-20 22:50:12,912 - INFO - Allocating UMIs for gene 400...
2024-07-20 22:50:12,961 - INFO - Allocating UMIs for gene 500...
2024-07-20 22:50:13,009 - INFO - Allocating UMIs for gene 600...
2024-07-20 22:50:13,064 - INFO - Allocating UMIs for gene 700...
2024-07-20 22:50:13,154 - INFO - Allocating UMIs for gene 800...
2024-07-20 22:50:13,208 - INFO - Allocating UMIs for gene 900...
2024-07-20 22:50:13,258 - INFO - Allocating UMIs for gene 1000...
2024-07-20 22:50:13,307 - INFO - Allocating UMIs for gene 1100...
2024-07-20 22:50:13,358 - INFO - Allocating UMIs for gene 1200...
2024-07-20 22:50:13,406 - INFO - Allocating UMIs for gene 1300...
2024-07-20 22:50:13,455 - INFO - Allocating UMIs for gene 1400...
2024-07-20 22:50:13,503 - INFO - Allocating UMIs for gene 1500...
2024-07-20 22:50:13,552 - INFO - Allocating UMIs for gene 1600...
2024-07-20 22:50:13,600 - INFO - Allocating UMIs for gene 1700...
2024-07-20 22:50:13,649 - INFO - Allocating UMIs for gene 1800...
2024-07-20 22:50:13,700 - INFO - Allocating UMIs for gene 1900...
2024-07-20 22:50:13,748 - INFO - Allocating UMIs for gene 2000...
2024-07-20 22:50:13,796 - INFO - Allocating UMIs for gene 2100...
2024-07-20 22:50:13,844 - INFO - Allocating UMIs for gene 2200...
2024-07-20 22:50:13,893 - INFO - Allocating UMIs for gene 2300...
2024-07-20 22:50:13,940 - INFO - Allocating UMIs for gene 2400...
2024-07-20 22:50:13,989 - INFO - Allocating UMIs for gene 2500...
2024-07-20 22:50:14,038 - INFO - Allocating UMIs for gene 2600...
2024-07-20 22:50:14,087 - INFO - Allocating UMIs for gene 2700...
2024-07-20 22:50:14,135 - INFO - Allocating UMIs for gene 2800...
2024-07-20 22:50:14,183 - INFO - Allocating UMIs for gene 2900...
2024-07-20 22:50:14,232 - INFO - Allocating UMIs for gene 3000...
2024-07-20 22:50:14,281 - INFO - Allocating UMIs for gene 3100...
2024-07-20 22:50:14,330 - INFO - Allocating UMIs for gene 3200...
2024-07-20 22:50:14,379 - INFO - Allocating UMIs for gene 3300...
2024-07-20 22:50:14,428 - INFO - Allocating UMIs for gene 3400...
2024-07-20 22:50:14,475 - INFO - Allocating UMIs for gene 3500...
2024-07-20 22:50:14,523 - INFO - Allocating UMIs for gene 3600...
2024-07-20 22:50:14,572 - INFO - Allocating UMIs for gene 3700...
2024-07-20 22:50:14,620 - INFO - Allocating UMIs for gene 3800...
2024-07-20 22:50:14,669 - INFO - Allocating UMIs for gene 3900...
2024-07-20 22:50:14,717 - INFO - Allocating UMIs for gene 4000...
2024-07-20 22:50:14,766 - INFO - Allocating UMIs for gene 4100...
2024-07-20 22:50:14,816 - INFO - Allocating UMIs for gene 4200...
2024-07-20 22:50:14,865 - INFO - Allocating UMIs for gene 4300...
2024-07-20 22:50:14,916 - INFO - Allocating UMIs for gene 4400...
2024-07-20 22:50:14,965 - INFO - Allocating UMIs for gene 4500...
2024-07-20 22:50:15,014 - INFO - Allocating UMIs for gene 4600...
2024-07-20 22:50:15,062 - INFO - Allocating UMIs for gene 4700...
2024-07-20 22:50:15,111 - INFO - Allocating UMIs for gene 4800...
2024-07-20 22:50:15,159 - INFO - Allocating UMIs for gene 4900...
2024-07-20 22:50:15,208 - INFO - Allocating UMIs for gene 5000...
2024-07-20 22:50:15,257 - INFO - Allocating UMIs for gene 5100...
2024-07-20 22:50:15,306 - INFO - Allocating UMIs for gene 5200...
2024-07-20 22:50:15,357 - INFO - Allocating UMIs for gene 5300...
2024-07-20 22:50:15,406 - INFO - Allocating UMIs for gene 5400...
2024-07-20 22:50:15,454 - INFO - Allocating UMIs for gene 5500...
2024-07-20 22:50:15,504 - INFO - Allocating UMIs for gene 5600...
2024-07-20 22:50:15,553 - INFO - Allocating UMIs for gene 5700...
2024-07-20 22:50:15,600 - INFO - Allocating UMIs for gene 5800...
2024-07-20 22:50:15,648 - INFO - Allocating UMIs for gene 5900...
2024-07-20 22:50:15,698 - INFO - Allocating UMIs for gene 6000...
2024-07-20 22:50:15,750 - INFO - Allocating UMIs for gene 6100...
2024-07-20 22:50:15,798 - INFO - Allocating UMIs for gene 6200...
2024-07-20 22:50:15,846 - INFO - Allocating UMIs for gene 6300...
2024-07-20 22:50:15,894 - INFO - Allocating UMIs for gene 6400...
2024-07-20 22:50:15,943 - INFO - Allocating UMIs for gene 6500...
2024-07-20 22:50:15,992 - INFO - Allocating UMIs for gene 6600...
2024-07-20 22:50:16,042 - INFO - Allocating UMIs for gene 6700...
2024-07-20 22:50:16,091 - INFO - Allocating UMIs for gene 6800...
2024-07-20 22:50:16,138 - INFO - Allocating UMIs for gene 6900...
2024-07-20 22:50:16,187 - INFO - Allocating UMIs for gene 7000...
2024-07-20 22:50:16,235 - INFO - Allocating UMIs for gene 7100...
2024-07-20 22:50:16,284 - INFO - Allocating UMIs for gene 7200...
2024-07-20 22:50:16,334 - INFO - Allocating UMIs for gene 7300...
2024-07-20 22:50:16,388 - INFO - Allocating UMIs for gene 7400...
2024-07-20 22:50:16,442 - INFO - Allocating UMIs for gene 7500...
2024-07-20 22:50:16,492 - INFO - Allocating UMIs for gene 7600...
2024-07-20 22:50:16,540 - INFO - Allocating UMIs for gene 7700...
2024-07-20 22:50:16,590 - INFO - Allocating UMIs for gene 7800...
2024-07-20 22:50:16,639 - INFO - Allocating UMIs for gene 7900...
2024-07-20 22:50:16,688 - INFO - Allocating UMIs for gene 8000...
2024-07-20 22:50:16,737 - INFO - Allocating UMIs for gene 8100...
2024-07-20 22:50:16,786 - INFO - Allocating UMIs for gene 8200...
2024-07-20 22:50:16,834 - INFO - Allocating UMIs for gene 8300...
2024-07-20 22:50:16,882 - INFO - Allocating UMIs for gene 8400...
2024-07-20 22:50:16,930 - INFO - Allocating UMIs for gene 8500...
2024-07-20 22:50:16,978 - INFO - Allocating UMIs for gene 8600...
2024-07-20 22:50:17,028 - INFO - Allocating UMIs for gene 8700...
2024-07-20 22:50:17,076 - INFO - Allocating UMIs for gene 8800...
2024-07-20 22:50:17,125 - INFO - Allocating UMIs for gene 8900...
2024-07-20 22:50:17,174 - INFO - Allocating UMIs for gene 9000...
2024-07-20 22:50:17,223 - INFO - Allocating UMIs for gene 9100...
2024-07-20 22:50:17,271 - INFO - Allocating UMIs for gene 9200...
2024-07-20 22:50:17,319 - INFO - Allocating UMIs for gene 9300...
2024-07-20 22:50:17,371 - INFO - Allocating UMIs for gene 9400...
2024-07-20 22:50:17,421 - INFO - Allocating UMIs for gene 9500...
2024-07-20 22:50:17,470 - INFO - Allocating UMIs for gene 9600...
2024-07-20 22:50:17,520 - INFO - Allocating UMIs for gene 9700...
2024-07-20 22:50:17,568 - INFO - Allocating UMIs for gene 9800...
2024-07-20 22:50:17,618 - INFO - Allocating UMIs for gene 9900...
2024-07-20 22:50:17,666 - INFO - UMI allocation complete.
2024-07-20 22:50:17,666 - INFO - Counting overall UMI occurrences...
2024-07-20 22:50:17,677 - INFO - Counting inter-gene collisions...
2024-07-20 22:50:17,691 - INFO - Total UMIs generated: 4096
2024-07-20 22:50:17,691 - INFO - Total UMIs allocated: 60211
2024-07-20 22:50:17,691 - INFO - Number of unique UMIs assigned to genes: 4096
2024-07-20 22:50:17,691 - INFO - Inter-gene collisions: 56058
2024-07-20 22:50:17,691 - INFO - Inter-gene collision rate: 0.93103
2024-07-20 22:50:17,691 - INFO - Writing gene UMI counts to file...
2024-07-20 22:50:17,696 - INFO - Writing UMI inter-gene collisions to file...
2024-07-20 22:50:17,700 - INFO - Simulation complete.
