2024-07-20 22:49:35,810 - INFO - Simulation Script Version: 0.0.1
2024-07-20 22:49:35,812 - INFO - Simulation Parameters:
2024-07-20 22:49:35,812 - INFO - Length of UMI: 6
2024-07-20 22:49:35,812 - INFO - Number of genes: 10000
2024-07-20 22:49:35,812 - INFO - Parameters file: None
2024-07-20 22:49:35,812 - INFO - Mean (mu): 6.0
2024-07-20 22:49:35,812 - INFO - Dispersion (theta): 6.0
2024-07-20 22:49:35,812 - INFO - Use Poisson distribution: False
2024-07-20 22:49:35,812 - INFO - Gene UMI counts file: gene_10000_umi6_counts_rep2.txt
2024-07-20 22:49:35,812 - INFO - UMI collisions file: umi6_10000_collisions_rep2.txt
2024-07-20 22:49:35,812 - INFO - Seed: None
2024-07-20 22:49:35,812 - INFO - Log file: umi6_10000_rep2.log
2024-07-20 22:49:35,812 - INFO - No seed specified. Generated random seed: 1530230714
2024-07-20 22:49:35,813 - INFO - Generating all possible UMIs...
2024-07-20 22:49:35,813 - INFO - Total possible UMIs generated: 4096
2024-07-20 22:49:35,813 - INFO - Loading parameters...
2024-07-20 22:49:35,813 - INFO - Sampling read depths for each gene...
2024-07-20 22:49:36,381 - INFO - Read depths sampling complete.
2024-07-20 22:49:36,381 - INFO - Allocating UMIs based on sampled read depths...
2024-07-20 22:49:36,381 - INFO - Allocating UMIs for gene 0...
2024-07-20 22:49:36,430 - INFO - Allocating UMIs for gene 100...
2024-07-20 22:49:36,482 - INFO - Allocating UMIs for gene 200...
2024-07-20 22:49:36,548 - INFO - Allocating UMIs for gene 300...
2024-07-20 22:49:36,646 - INFO - Allocating UMIs for gene 400...
2024-07-20 22:49:36,693 - INFO - Allocating UMIs for gene 500...
2024-07-20 22:49:36,741 - INFO - Allocating UMIs for gene 600...
2024-07-20 22:49:36,790 - INFO - Allocating UMIs for gene 700...
2024-07-20 22:49:36,837 - INFO - Allocating UMIs for gene 800...
2024-07-20 22:49:36,885 - INFO - Allocating UMIs for gene 900...
2024-07-20 22:49:36,933 - INFO - Allocating UMIs for gene 1000...
2024-07-20 22:49:36,978 - INFO - Allocating UMIs for gene 1100...
2024-07-20 22:49:37,027 - INFO - Allocating UMIs for gene 1200...
2024-07-20 22:49:37,075 - INFO - Allocating UMIs for gene 1300...
2024-07-20 22:49:37,123 - INFO - Allocating UMIs for gene 1400...
2024-07-20 22:49:37,180 - INFO - Allocating UMIs for gene 1500...
2024-07-20 22:49:37,343 - INFO - Allocating UMIs for gene 1600...
2024-07-20 22:49:37,390 - INFO - Allocating UMIs for gene 1700...
2024-07-20 22:49:37,437 - INFO - Allocating UMIs for gene 1800...
2024-07-20 22:49:37,483 - INFO - Allocating UMIs for gene 1900...
2024-07-20 22:49:37,529 - INFO - Allocating UMIs for gene 2000...
2024-07-20 22:49:37,575 - INFO - Allocating UMIs for gene 2100...
2024-07-20 22:49:37,623 - INFO - Allocating UMIs for gene 2200...
2024-07-20 22:49:37,704 - INFO - Allocating UMIs for gene 2300...
2024-07-20 22:49:37,852 - INFO - Allocating UMIs for gene 2400...
2024-07-20 22:49:37,899 - INFO - Allocating UMIs for gene 2500...
2024-07-20 22:49:37,946 - INFO - Allocating UMIs for gene 2600...
2024-07-20 22:49:37,991 - INFO - Allocating UMIs for gene 2700...
2024-07-20 22:49:38,041 - INFO - Allocating UMIs for gene 2800...
2024-07-20 22:49:38,093 - INFO - Allocating UMIs for gene 2900...
2024-07-20 22:49:38,264 - INFO - Allocating UMIs for gene 3000...
2024-07-20 22:49:38,344 - INFO - Allocating UMIs for gene 3100...
2024-07-20 22:49:38,548 - INFO - Allocating UMIs for gene 3200...
2024-07-20 22:49:38,601 - INFO - Allocating UMIs for gene 3300...
2024-07-20 22:49:38,650 - INFO - Allocating UMIs for gene 3400...
2024-07-20 22:49:38,700 - INFO - Allocating UMIs for gene 3500...
2024-07-20 22:49:38,750 - INFO - Allocating UMIs for gene 3600...
2024-07-20 22:49:38,799 - INFO - Allocating UMIs for gene 3700...
2024-07-20 22:49:38,863 - INFO - Allocating UMIs for gene 3800...
2024-07-20 22:49:39,045 - INFO - Allocating UMIs for gene 3900...
2024-07-20 22:49:39,234 - INFO - Allocating UMIs for gene 4000...
2024-07-20 22:49:39,282 - INFO - Allocating UMIs for gene 4100...
2024-07-20 22:49:39,332 - INFO - Allocating UMIs for gene 4200...
2024-07-20 22:49:39,381 - INFO - Allocating UMIs for gene 4300...
2024-07-20 22:49:39,429 - INFO - Allocating UMIs for gene 4400...
2024-07-20 22:49:39,479 - INFO - Allocating UMIs for gene 4500...
2024-07-20 22:49:39,527 - INFO - Allocating UMIs for gene 4600...
2024-07-20 22:49:39,575 - INFO - Allocating UMIs for gene 4700...
2024-07-20 22:49:39,623 - INFO - Allocating UMIs for gene 4800...
2024-07-20 22:49:39,671 - INFO - Allocating UMIs for gene 4900...
2024-07-20 22:49:39,719 - INFO - Allocating UMIs for gene 5000...
2024-07-20 22:49:39,768 - INFO - Allocating UMIs for gene 5100...
2024-07-20 22:49:39,816 - INFO - Allocating UMIs for gene 5200...
2024-07-20 22:49:39,865 - INFO - Allocating UMIs for gene 5300...
2024-07-20 22:49:39,913 - INFO - Allocating UMIs for gene 5400...
2024-07-20 22:49:39,961 - INFO - Allocating UMIs for gene 5500...
2024-07-20 22:49:40,009 - INFO - Allocating UMIs for gene 5600...
2024-07-20 22:49:40,056 - INFO - Allocating UMIs for gene 5700...
2024-07-20 22:49:40,105 - INFO - Allocating UMIs for gene 5800...
2024-07-20 22:49:40,153 - INFO - Allocating UMIs for gene 5900...
2024-07-20 22:49:40,200 - INFO - Allocating UMIs for gene 6000...
2024-07-20 22:49:40,251 - INFO - Allocating UMIs for gene 6100...
2024-07-20 22:49:40,300 - INFO - Allocating UMIs for gene 6200...
2024-07-20 22:49:40,348 - INFO - Allocating UMIs for gene 6300...
2024-07-20 22:49:40,397 - INFO - Allocating UMIs for gene 6400...
2024-07-20 22:49:40,445 - INFO - Allocating UMIs for gene 6500...
2024-07-20 22:49:40,494 - INFO - Allocating UMIs for gene 6600...
2024-07-20 22:49:40,548 - INFO - Allocating UMIs for gene 6700...
2024-07-20 22:49:40,648 - INFO - Allocating UMIs for gene 6800...
2024-07-20 22:49:40,766 - INFO - Allocating UMIs for gene 6900...
2024-07-20 22:49:40,814 - INFO - Allocating UMIs for gene 7000...
2024-07-20 22:49:40,863 - INFO - Allocating UMIs for gene 7100...
2024-07-20 22:49:40,911 - INFO - Allocating UMIs for gene 7200...
2024-07-20 22:49:40,999 - INFO - Allocating UMIs for gene 7300...
2024-07-20 22:49:41,047 - INFO - Allocating UMIs for gene 7400...
2024-07-20 22:49:41,230 - INFO - Allocating UMIs for gene 7500...
2024-07-20 22:49:41,278 - INFO - Allocating UMIs for gene 7600...
2024-07-20 22:49:41,327 - INFO - Allocating UMIs for gene 7700...
2024-07-20 22:49:41,376 - INFO - Allocating UMIs for gene 7800...
2024-07-20 22:49:41,424 - INFO - Allocating UMIs for gene 7900...
2024-07-20 22:49:41,472 - INFO - Allocating UMIs for gene 8000...
2024-07-20 22:49:41,521 - INFO - Allocating UMIs for gene 8100...
2024-07-20 22:49:41,569 - INFO - Allocating UMIs for gene 8200...
2024-07-20 22:49:41,618 - INFO - Allocating UMIs for gene 8300...
2024-07-20 22:49:41,667 - INFO - Allocating UMIs for gene 8400...
2024-07-20 22:49:41,715 - INFO - Allocating UMIs for gene 8500...
2024-07-20 22:49:41,765 - INFO - Allocating UMIs for gene 8600...
2024-07-20 22:49:41,813 - INFO - Allocating UMIs for gene 8700...
2024-07-20 22:49:41,869 - INFO - Allocating UMIs for gene 8800...
2024-07-20 22:49:42,047 - INFO - Allocating UMIs for gene 8900...
2024-07-20 22:49:42,097 - INFO - Allocating UMIs for gene 9000...
2024-07-20 22:49:42,147 - INFO - Allocating UMIs for gene 9100...
2024-07-20 22:49:42,194 - INFO - Allocating UMIs for gene 9200...
2024-07-20 22:49:42,244 - INFO - Allocating UMIs for gene 9300...
2024-07-20 22:49:42,293 - INFO - Allocating UMIs for gene 9400...
2024-07-20 22:49:42,342 - INFO - Allocating UMIs for gene 9500...
2024-07-20 22:49:42,404 - INFO - Allocating UMIs for gene 9600...
2024-07-20 22:49:42,479 - INFO - Allocating UMIs for gene 9700...
2024-07-20 22:49:42,572 - INFO - Allocating UMIs for gene 9800...
2024-07-20 22:49:42,622 - INFO - Allocating UMIs for gene 9900...
2024-07-20 22:49:42,673 - INFO - UMI allocation complete.
2024-07-20 22:49:42,673 - INFO - Counting overall UMI occurrences...
2024-07-20 22:49:42,684 - INFO - Counting inter-gene collisions...
2024-07-20 22:49:42,699 - INFO - Total UMIs generated: 4096
2024-07-20 22:49:42,699 - INFO - Total UMIs allocated: 59879
2024-07-20 22:49:42,699 - INFO - Number of unique UMIs assigned to genes: 4096
2024-07-20 22:49:42,699 - INFO - Inter-gene collisions: 55742
2024-07-20 22:49:42,699 - INFO - Inter-gene collision rate: 0.93091
2024-07-20 22:49:42,699 - INFO - Writing gene UMI counts to file...
2024-07-20 22:49:42,705 - INFO - Writing UMI inter-gene collisions to file...
2024-07-20 22:49:42,708 - INFO - Simulation complete.
