2024-07-20 22:49:27,687 - INFO - Simulation Script Version: 0.0.1
2024-07-20 22:49:27,689 - INFO - Simulation Parameters:
2024-07-20 22:49:27,690 - INFO - Length of UMI: 6
2024-07-20 22:49:27,690 - INFO - Number of genes: 10000
2024-07-20 22:49:27,690 - INFO - Parameters file: None
2024-07-20 22:49:27,690 - INFO - Mean (mu): 6.0
2024-07-20 22:49:27,690 - INFO - Dispersion (theta): 6.0
2024-07-20 22:49:27,690 - INFO - Use Poisson distribution: False
2024-07-20 22:49:27,690 - INFO - Gene UMI counts file: gene_10000_umi6_counts_rep1.txt
2024-07-20 22:49:27,690 - INFO - UMI collisions file: umi6_10000_collisions.txt
2024-07-20 22:49:27,690 - INFO - Seed: None
2024-07-20 22:49:27,690 - INFO - Log file: umi6_10000_rep1.log
2024-07-20 22:49:27,690 - INFO - No seed specified. Generated random seed: 1339860362
2024-07-20 22:49:27,690 - INFO - Generating all possible UMIs...
2024-07-20 22:49:27,691 - INFO - Total possible UMIs generated: 4096
2024-07-20 22:49:27,691 - INFO - Loading parameters...
2024-07-20 22:49:27,691 - INFO - Sampling read depths for each gene...
2024-07-20 22:49:28,267 - INFO - Read depths sampling complete.
2024-07-20 22:49:28,267 - INFO - Allocating UMIs based on sampled read depths...
2024-07-20 22:49:28,267 - INFO - Allocating UMIs for gene 0...
2024-07-20 22:49:28,314 - INFO - Allocating UMIs for gene 100...
2024-07-20 22:49:28,360 - INFO - Allocating UMIs for gene 200...
2024-07-20 22:49:28,405 - INFO - Allocating UMIs for gene 300...
2024-07-20 22:49:28,453 - INFO - Allocating UMIs for gene 400...
2024-07-20 22:49:28,639 - INFO - Allocating UMIs for gene 500...
2024-07-20 22:49:28,696 - INFO - Allocating UMIs for gene 600...
2024-07-20 22:49:28,769 - INFO - Allocating UMIs for gene 700...
2024-07-20 22:49:28,862 - INFO - Allocating UMIs for gene 800...
2024-07-20 22:49:28,911 - INFO - Allocating UMIs for gene 900...
2024-07-20 22:49:28,964 - INFO - Allocating UMIs for gene 1000...
2024-07-20 22:49:29,013 - INFO - Allocating UMIs for gene 1100...
2024-07-20 22:49:29,063 - INFO - Allocating UMIs for gene 1200...
2024-07-20 22:49:29,112 - INFO - Allocating UMIs for gene 1300...
2024-07-20 22:49:29,167 - INFO - Allocating UMIs for gene 1400...
2024-07-20 22:49:29,246 - INFO - Allocating UMIs for gene 1500...
2024-07-20 22:49:29,341 - INFO - Allocating UMIs for gene 1600...
2024-07-20 22:49:29,392 - INFO - Allocating UMIs for gene 1700...
2024-07-20 22:49:29,441 - INFO - Allocating UMIs for gene 1800...
2024-07-20 22:49:29,493 - INFO - Allocating UMIs for gene 1900...
2024-07-20 22:49:29,543 - INFO - Allocating UMIs for gene 2000...
2024-07-20 22:49:29,592 - INFO - Allocating UMIs for gene 2100...
2024-07-20 22:49:29,641 - INFO - Allocating UMIs for gene 2200...
2024-07-20 22:49:29,692 - INFO - Allocating UMIs for gene 2300...
2024-07-20 22:49:29,742 - INFO - Allocating UMIs for gene 2400...
2024-07-20 22:49:29,793 - INFO - Allocating UMIs for gene 2500...
2024-07-20 22:49:29,844 - INFO - Allocating UMIs for gene 2600...
2024-07-20 22:49:29,896 - INFO - Allocating UMIs for gene 2700...
2024-07-20 22:49:29,946 - INFO - Allocating UMIs for gene 2800...
2024-07-20 22:49:29,996 - INFO - Allocating UMIs for gene 2900...
2024-07-20 22:49:30,048 - INFO - Allocating UMIs for gene 3000...
2024-07-20 22:49:30,097 - INFO - Allocating UMIs for gene 3100...
2024-07-20 22:49:30,149 - INFO - Allocating UMIs for gene 3200...
2024-07-20 22:49:30,198 - INFO - Allocating UMIs for gene 3300...
2024-07-20 22:49:30,257 - INFO - Allocating UMIs for gene 3400...
2024-07-20 22:49:30,426 - INFO - Allocating UMIs for gene 3500...
2024-07-20 22:49:30,475 - INFO - Allocating UMIs for gene 3600...
2024-07-20 22:49:30,527 - INFO - Allocating UMIs for gene 3700...
2024-07-20 22:49:30,580 - INFO - Allocating UMIs for gene 3800...
2024-07-20 22:49:30,644 - INFO - Allocating UMIs for gene 3900...
2024-07-20 22:49:30,742 - INFO - Allocating UMIs for gene 4000...
2024-07-20 22:49:30,793 - INFO - Allocating UMIs for gene 4100...
2024-07-20 22:49:30,849 - INFO - Allocating UMIs for gene 4200...
2024-07-20 22:49:31,028 - INFO - Allocating UMIs for gene 4300...
2024-07-20 22:49:31,081 - INFO - Allocating UMIs for gene 4400...
2024-07-20 22:49:31,126 - INFO - Allocating UMIs for gene 4500...
2024-07-20 22:49:31,172 - INFO - Allocating UMIs for gene 4600...
2024-07-20 22:49:31,251 - INFO - Allocating UMIs for gene 4700...
2024-07-20 22:49:31,381 - INFO - Allocating UMIs for gene 4800...
2024-07-20 22:49:31,428 - INFO - Allocating UMIs for gene 4900...
2024-07-20 22:49:31,587 - INFO - Allocating UMIs for gene 5000...
2024-07-20 22:49:31,667 - INFO - Allocating UMIs for gene 5100...
2024-07-20 22:49:31,713 - INFO - Allocating UMIs for gene 5200...
2024-07-20 22:49:31,759 - INFO - Allocating UMIs for gene 5300...
2024-07-20 22:49:31,807 - INFO - Allocating UMIs for gene 5400...
2024-07-20 22:49:31,855 - INFO - Allocating UMIs for gene 5500...
2024-07-20 22:49:31,904 - INFO - Allocating UMIs for gene 5600...
2024-07-20 22:49:31,953 - INFO - Allocating UMIs for gene 5700...
2024-07-20 22:49:32,000 - INFO - Allocating UMIs for gene 5800...
2024-07-20 22:49:32,049 - INFO - Allocating UMIs for gene 5900...
2024-07-20 22:49:32,098 - INFO - Allocating UMIs for gene 6000...
2024-07-20 22:49:32,150 - INFO - Allocating UMIs for gene 6100...
2024-07-20 22:49:32,199 - INFO - Allocating UMIs for gene 6200...
2024-07-20 22:49:32,247 - INFO - Allocating UMIs for gene 6300...
2024-07-20 22:49:32,295 - INFO - Allocating UMIs for gene 6400...
2024-07-20 22:49:32,344 - INFO - Allocating UMIs for gene 6500...
2024-07-20 22:49:32,393 - INFO - Allocating UMIs for gene 6600...
2024-07-20 22:49:32,441 - INFO - Allocating UMIs for gene 6700...
2024-07-20 22:49:32,489 - INFO - Allocating UMIs for gene 6800...
2024-07-20 22:49:32,536 - INFO - Allocating UMIs for gene 6900...
2024-07-20 22:49:32,582 - INFO - Allocating UMIs for gene 7000...
2024-07-20 22:49:32,628 - INFO - Allocating UMIs for gene 7100...
2024-07-20 22:49:32,675 - INFO - Allocating UMIs for gene 7200...
2024-07-20 22:49:32,721 - INFO - Allocating UMIs for gene 7300...
2024-07-20 22:49:32,776 - INFO - Allocating UMIs for gene 7400...
2024-07-20 22:49:32,939 - INFO - Allocating UMIs for gene 7500...
2024-07-20 22:49:32,986 - INFO - Allocating UMIs for gene 7600...
2024-07-20 22:49:33,034 - INFO - Allocating UMIs for gene 7700...
2024-07-20 22:49:33,082 - INFO - Allocating UMIs for gene 7800...
2024-07-20 22:49:33,137 - INFO - Allocating UMIs for gene 7900...
2024-07-20 22:49:33,293 - INFO - Allocating UMIs for gene 8000...
2024-07-20 22:49:33,367 - INFO - Allocating UMIs for gene 8100...
2024-07-20 22:49:33,429 - INFO - Allocating UMIs for gene 8200...
2024-07-20 22:49:33,576 - INFO - Allocating UMIs for gene 8300...
2024-07-20 22:49:33,623 - INFO - Allocating UMIs for gene 8400...
2024-07-20 22:49:33,669 - INFO - Allocating UMIs for gene 8500...
2024-07-20 22:49:33,779 - INFO - Allocating UMIs for gene 8600...
2024-07-20 22:49:33,881 - INFO - Allocating UMIs for gene 8700...
2024-07-20 22:49:33,934 - INFO - Allocating UMIs for gene 8800...
2024-07-20 22:49:33,981 - INFO - Allocating UMIs for gene 8900...
2024-07-20 22:49:34,026 - INFO - Allocating UMIs for gene 9000...
2024-07-20 22:49:34,073 - INFO - Allocating UMIs for gene 9100...
2024-07-20 22:49:34,119 - INFO - Allocating UMIs for gene 9200...
2024-07-20 22:49:34,165 - INFO - Allocating UMIs for gene 9300...
2024-07-20 22:49:34,220 - INFO - Allocating UMIs for gene 9400...
2024-07-20 22:49:34,279 - INFO - Allocating UMIs for gene 9500...
2024-07-20 22:49:34,376 - INFO - Allocating UMIs for gene 9600...
2024-07-20 22:49:34,423 - INFO - Allocating UMIs for gene 9700...
2024-07-20 22:49:34,470 - INFO - Allocating UMIs for gene 9800...
2024-07-20 22:49:34,515 - INFO - Allocating UMIs for gene 9900...
2024-07-20 22:49:34,561 - INFO - UMI allocation complete.
2024-07-20 22:49:34,561 - INFO - Counting overall UMI occurrences...
2024-07-20 22:49:34,572 - INFO - Counting inter-gene collisions...
2024-07-20 22:49:34,586 - INFO - Total UMIs generated: 4096
2024-07-20 22:49:34,586 - INFO - Total UMIs allocated: 60260
2024-07-20 22:49:34,586 - INFO - Number of unique UMIs assigned to genes: 4096
2024-07-20 22:49:34,586 - INFO - Inter-gene collisions: 56122
2024-07-20 22:49:34,586 - INFO - Inter-gene collision rate: 0.93133
2024-07-20 22:49:34,586 - INFO - Writing gene UMI counts to file...
2024-07-20 22:49:34,591 - INFO - Writing UMI inter-gene collisions to file...
2024-07-20 22:49:34,594 - INFO - Simulation complete.
