2024-07-20 22:49:58,729 - INFO - Simulation Script Version: 0.0.1
2024-07-20 22:49:58,731 - INFO - Simulation Parameters:
2024-07-20 22:49:58,732 - INFO - Length of UMI: 6
2024-07-20 22:49:58,732 - INFO - Number of genes: 10000
2024-07-20 22:49:58,732 - INFO - Parameters file: None
2024-07-20 22:49:58,732 - INFO - Mean (mu): 6.0
2024-07-20 22:49:58,732 - INFO - Dispersion (theta): 6.0
2024-07-20 22:49:58,732 - INFO - Use Poisson distribution: False
2024-07-20 22:49:58,732 - INFO - Gene UMI counts file: gene_10000_umi6_counts_rep5.txt
2024-07-20 22:49:58,732 - INFO - UMI collisions file: umi6_10000_collisions_rep5.txt
2024-07-20 22:49:58,732 - INFO - Seed: None
2024-07-20 22:49:58,732 - INFO - Log file: umi6_10000_rep5.log
2024-07-20 22:49:58,732 - INFO - No seed specified. Generated random seed: 1292738159
2024-07-20 22:49:58,732 - INFO - Generating all possible UMIs...
2024-07-20 22:49:58,733 - INFO - Total possible UMIs generated: 4096
2024-07-20 22:49:58,733 - INFO - Loading parameters...
2024-07-20 22:49:58,733 - INFO - Sampling read depths for each gene...
2024-07-20 22:49:59,095 - INFO - Read depths sampling complete.
2024-07-20 22:49:59,095 - INFO - Allocating UMIs based on sampled read depths...
2024-07-20 22:49:59,095 - INFO - Allocating UMIs for gene 0...
2024-07-20 22:49:59,146 - INFO - Allocating UMIs for gene 100...
2024-07-20 22:49:59,195 - INFO - Allocating UMIs for gene 200...
2024-07-20 22:49:59,243 - INFO - Allocating UMIs for gene 300...
2024-07-20 22:49:59,292 - INFO - Allocating UMIs for gene 400...
2024-07-20 22:49:59,340 - INFO - Allocating UMIs for gene 500...
2024-07-20 22:49:59,387 - INFO - Allocating UMIs for gene 600...
2024-07-20 22:49:59,431 - INFO - Allocating UMIs for gene 700...
2024-07-20 22:49:59,477 - INFO - Allocating UMIs for gene 800...
2024-07-20 22:49:59,524 - INFO - Allocating UMIs for gene 900...
2024-07-20 22:49:59,569 - INFO - Allocating UMIs for gene 1000...
2024-07-20 22:49:59,616 - INFO - Allocating UMIs for gene 1100...
2024-07-20 22:49:59,665 - INFO - Allocating UMIs for gene 1200...
2024-07-20 22:49:59,713 - INFO - Allocating UMIs for gene 1300...
2024-07-20 22:49:59,761 - INFO - Allocating UMIs for gene 1400...
2024-07-20 22:49:59,815 - INFO - Allocating UMIs for gene 1500...
2024-07-20 22:49:59,868 - INFO - Allocating UMIs for gene 1600...
2024-07-20 22:49:59,917 - INFO - Allocating UMIs for gene 1700...
2024-07-20 22:49:59,964 - INFO - Allocating UMIs for gene 1800...
2024-07-20 22:50:00,016 - INFO - Allocating UMIs for gene 1900...
2024-07-20 22:50:00,078 - INFO - Allocating UMIs for gene 2000...
2024-07-20 22:50:00,132 - INFO - Allocating UMIs for gene 2100...
2024-07-20 22:50:00,181 - INFO - Allocating UMIs for gene 2200...
2024-07-20 22:50:00,230 - INFO - Allocating UMIs for gene 2300...
2024-07-20 22:50:00,278 - INFO - Allocating UMIs for gene 2400...
2024-07-20 22:50:00,327 - INFO - Allocating UMIs for gene 2500...
2024-07-20 22:50:00,374 - INFO - Allocating UMIs for gene 2600...
2024-07-20 22:50:00,423 - INFO - Allocating UMIs for gene 2700...
2024-07-20 22:50:00,472 - INFO - Allocating UMIs for gene 2800...
2024-07-20 22:50:00,521 - INFO - Allocating UMIs for gene 2900...
2024-07-20 22:50:00,570 - INFO - Allocating UMIs for gene 3000...
2024-07-20 22:50:00,618 - INFO - Allocating UMIs for gene 3100...
2024-07-20 22:50:00,667 - INFO - Allocating UMIs for gene 3200...
2024-07-20 22:50:00,715 - INFO - Allocating UMIs for gene 3300...
2024-07-20 22:50:00,764 - INFO - Allocating UMIs for gene 3400...
2024-07-20 22:50:00,813 - INFO - Allocating UMIs for gene 3500...
2024-07-20 22:50:00,862 - INFO - Allocating UMIs for gene 3600...
2024-07-20 22:50:00,910 - INFO - Allocating UMIs for gene 3700...
2024-07-20 22:50:00,957 - INFO - Allocating UMIs for gene 3800...
2024-07-20 22:50:01,007 - INFO - Allocating UMIs for gene 3900...
2024-07-20 22:50:01,055 - INFO - Allocating UMIs for gene 4000...
2024-07-20 22:50:01,103 - INFO - Allocating UMIs for gene 4100...
2024-07-20 22:50:01,154 - INFO - Allocating UMIs for gene 4200...
2024-07-20 22:50:01,204 - INFO - Allocating UMIs for gene 4300...
2024-07-20 22:50:01,254 - INFO - Allocating UMIs for gene 4400...
2024-07-20 22:50:01,308 - INFO - Allocating UMIs for gene 4500...
2024-07-20 22:50:01,472 - INFO - Allocating UMIs for gene 4600...
2024-07-20 22:50:01,522 - INFO - Allocating UMIs for gene 4700...
2024-07-20 22:50:01,570 - INFO - Allocating UMIs for gene 4800...
2024-07-20 22:50:01,620 - INFO - Allocating UMIs for gene 4900...
2024-07-20 22:50:01,670 - INFO - Allocating UMIs for gene 5000...
2024-07-20 22:50:01,720 - INFO - Allocating UMIs for gene 5100...
2024-07-20 22:50:01,769 - INFO - Allocating UMIs for gene 5200...
2024-07-20 22:50:01,831 - INFO - Allocating UMIs for gene 5300...
2024-07-20 22:50:01,930 - INFO - Allocating UMIs for gene 5400...
2024-07-20 22:50:01,980 - INFO - Allocating UMIs for gene 5500...
2024-07-20 22:50:02,036 - INFO - Allocating UMIs for gene 5600...
2024-07-20 22:50:02,090 - INFO - Allocating UMIs for gene 5700...
2024-07-20 22:50:02,236 - INFO - Allocating UMIs for gene 5800...
2024-07-20 22:50:02,285 - INFO - Allocating UMIs for gene 5900...
2024-07-20 22:50:02,343 - INFO - Allocating UMIs for gene 6000...
2024-07-20 22:50:02,410 - INFO - Allocating UMIs for gene 6100...
2024-07-20 22:50:02,530 - INFO - Allocating UMIs for gene 6200...
2024-07-20 22:50:02,586 - INFO - Allocating UMIs for gene 6300...
2024-07-20 22:50:02,643 - INFO - Allocating UMIs for gene 6400...
2024-07-20 22:50:02,709 - INFO - Allocating UMIs for gene 6500...
2024-07-20 22:50:02,787 - INFO - Allocating UMIs for gene 6600...
2024-07-20 22:50:02,869 - INFO - Allocating UMIs for gene 6700...
2024-07-20 22:50:02,921 - INFO - Allocating UMIs for gene 6800...
2024-07-20 22:50:02,981 - INFO - Allocating UMIs for gene 6900...
2024-07-20 22:50:03,066 - INFO - Allocating UMIs for gene 7000...
2024-07-20 22:50:03,121 - INFO - Allocating UMIs for gene 7100...
2024-07-20 22:50:03,171 - INFO - Allocating UMIs for gene 7200...
2024-07-20 22:50:03,220 - INFO - Allocating UMIs for gene 7300...
2024-07-20 22:50:03,270 - INFO - Allocating UMIs for gene 7400...
2024-07-20 22:50:03,320 - INFO - Allocating UMIs for gene 7500...
2024-07-20 22:50:03,369 - INFO - Allocating UMIs for gene 7600...
2024-07-20 22:50:03,417 - INFO - Allocating UMIs for gene 7700...
2024-07-20 22:50:03,467 - INFO - Allocating UMIs for gene 7800...
2024-07-20 22:50:03,515 - INFO - Allocating UMIs for gene 7900...
2024-07-20 22:50:03,565 - INFO - Allocating UMIs for gene 8000...
2024-07-20 22:50:03,616 - INFO - Allocating UMIs for gene 8100...
2024-07-20 22:50:03,667 - INFO - Allocating UMIs for gene 8200...
2024-07-20 22:50:03,722 - INFO - Allocating UMIs for gene 8300...
2024-07-20 22:50:03,771 - INFO - Allocating UMIs for gene 8400...
2024-07-20 22:50:03,819 - INFO - Allocating UMIs for gene 8500...
2024-07-20 22:50:03,866 - INFO - Allocating UMIs for gene 8600...
2024-07-20 22:50:03,915 - INFO - Allocating UMIs for gene 8700...
2024-07-20 22:50:03,964 - INFO - Allocating UMIs for gene 8800...
2024-07-20 22:50:04,012 - INFO - Allocating UMIs for gene 8900...
2024-07-20 22:50:04,060 - INFO - Allocating UMIs for gene 9000...
2024-07-20 22:50:04,109 - INFO - Allocating UMIs for gene 9100...
2024-07-20 22:50:04,157 - INFO - Allocating UMIs for gene 9200...
2024-07-20 22:50:04,207 - INFO - Allocating UMIs for gene 9300...
2024-07-20 22:50:04,255 - INFO - Allocating UMIs for gene 9400...
2024-07-20 22:50:04,303 - INFO - Allocating UMIs for gene 9500...
2024-07-20 22:50:04,350 - INFO - Allocating UMIs for gene 9600...
2024-07-20 22:50:04,399 - INFO - Allocating UMIs for gene 9700...
2024-07-20 22:50:04,448 - INFO - Allocating UMIs for gene 9800...
2024-07-20 22:50:04,497 - INFO - Allocating UMIs for gene 9900...
2024-07-20 22:50:04,546 - INFO - UMI allocation complete.
2024-07-20 22:50:04,546 - INFO - Counting overall UMI occurrences...
2024-07-20 22:50:04,557 - INFO - Counting inter-gene collisions...
2024-07-20 22:50:04,569 - INFO - Total UMIs generated: 4096
2024-07-20 22:50:04,569 - INFO - Total UMIs allocated: 59649
2024-07-20 22:50:04,569 - INFO - Number of unique UMIs assigned to genes: 4096
2024-07-20 22:50:04,569 - INFO - Inter-gene collisions: 55500
2024-07-20 22:50:04,569 - INFO - Inter-gene collision rate: 0.93044
2024-07-20 22:50:04,569 - INFO - Writing gene UMI counts to file...
2024-07-20 22:50:04,574 - INFO - Writing UMI inter-gene collisions to file...
2024-07-20 22:50:04,578 - INFO - Simulation complete.
