2024-07-20 22:50:25,012 - INFO - Simulation Script Version: 0.0.1
2024-07-20 22:50:25,014 - INFO - Simulation Parameters:
2024-07-20 22:50:25,014 - INFO - Length of UMI: 6
2024-07-20 22:50:25,014 - INFO - Number of genes: 10000
2024-07-20 22:50:25,014 - INFO - Parameters file: None
2024-07-20 22:50:25,014 - INFO - Mean (mu): 6.0
2024-07-20 22:50:25,014 - INFO - Dispersion (theta): 6.0
2024-07-20 22:50:25,014 - INFO - Use Poisson distribution: False
2024-07-20 22:50:25,014 - INFO - Gene UMI counts file: gene_10000_umi6_counts_rep9.txt
2024-07-20 22:50:25,014 - INFO - UMI collisions file: umi6_10000_collisions_rep9.txt
2024-07-20 22:50:25,014 - INFO - Seed: None
2024-07-20 22:50:25,014 - INFO - Log file: umi6_10000_rep9.log
2024-07-20 22:50:25,014 - INFO - No seed specified. Generated random seed: 516711699
2024-07-20 22:50:25,014 - INFO - Generating all possible UMIs...
2024-07-20 22:50:25,015 - INFO - Total possible UMIs generated: 4096
2024-07-20 22:50:25,015 - INFO - Loading parameters...
2024-07-20 22:50:25,015 - INFO - Sampling read depths for each gene...
2024-07-20 22:50:25,387 - INFO - Read depths sampling complete.
2024-07-20 22:50:25,387 - INFO - Allocating UMIs based on sampled read depths...
2024-07-20 22:50:25,387 - INFO - Allocating UMIs for gene 0...
2024-07-20 22:50:25,437 - INFO - Allocating UMIs for gene 100...
2024-07-20 22:50:25,487 - INFO - Allocating UMIs for gene 200...
2024-07-20 22:50:25,537 - INFO - Allocating UMIs for gene 300...
2024-07-20 22:50:25,595 - INFO - Allocating UMIs for gene 400...
2024-07-20 22:50:25,661 - INFO - Allocating UMIs for gene 500...
2024-07-20 22:50:25,757 - INFO - Allocating UMIs for gene 600...
2024-07-20 22:50:25,807 - INFO - Allocating UMIs for gene 700...
2024-07-20 22:50:25,862 - INFO - Allocating UMIs for gene 800...
2024-07-20 22:50:25,917 - INFO - Allocating UMIs for gene 900...
2024-07-20 22:50:25,982 - INFO - Allocating UMIs for gene 1000...
2024-07-20 22:50:26,070 - INFO - Allocating UMIs for gene 1100...
2024-07-20 22:50:26,120 - INFO - Allocating UMIs for gene 1200...
2024-07-20 22:50:26,175 - INFO - Allocating UMIs for gene 1300...
2024-07-20 22:50:26,239 - INFO - Allocating UMIs for gene 1400...
2024-07-20 22:50:26,340 - INFO - Allocating UMIs for gene 1500...
2024-07-20 22:50:26,389 - INFO - Allocating UMIs for gene 1600...
2024-07-20 22:50:26,446 - INFO - Allocating UMIs for gene 1700...
2024-07-20 22:50:26,547 - INFO - Allocating UMIs for gene 1800...
2024-07-20 22:50:26,604 - INFO - Allocating UMIs for gene 1900...
2024-07-20 22:50:26,662 - INFO - Allocating UMIs for gene 2000...
2024-07-20 22:50:26,711 - INFO - Allocating UMIs for gene 2100...
2024-07-20 22:50:26,762 - INFO - Allocating UMIs for gene 2200...
2024-07-20 22:50:26,814 - INFO - Allocating UMIs for gene 2300...
2024-07-20 22:50:26,863 - INFO - Allocating UMIs for gene 2400...
2024-07-20 22:50:26,911 - INFO - Allocating UMIs for gene 2500...
2024-07-20 22:50:26,960 - INFO - Allocating UMIs for gene 2600...
2024-07-20 22:50:27,008 - INFO - Allocating UMIs for gene 2700...
2024-07-20 22:50:27,057 - INFO - Allocating UMIs for gene 2800...
2024-07-20 22:50:27,105 - INFO - Allocating UMIs for gene 2900...
2024-07-20 22:50:27,154 - INFO - Allocating UMIs for gene 3000...
2024-07-20 22:50:27,203 - INFO - Allocating UMIs for gene 3100...
2024-07-20 22:50:27,250 - INFO - Allocating UMIs for gene 3200...
2024-07-20 22:50:27,299 - INFO - Allocating UMIs for gene 3300...
2024-07-20 22:50:27,348 - INFO - Allocating UMIs for gene 3400...
2024-07-20 22:50:27,400 - INFO - Allocating UMIs for gene 3500...
2024-07-20 22:50:27,462 - INFO - Allocating UMIs for gene 3600...
2024-07-20 22:50:27,521 - INFO - Allocating UMIs for gene 3700...
2024-07-20 22:50:27,579 - INFO - Allocating UMIs for gene 3800...
2024-07-20 22:50:27,632 - INFO - Allocating UMIs for gene 3900...
2024-07-20 22:50:27,687 - INFO - Allocating UMIs for gene 4000...
2024-07-20 22:50:27,738 - INFO - Allocating UMIs for gene 4100...
2024-07-20 22:50:27,790 - INFO - Allocating UMIs for gene 4200...
2024-07-20 22:50:27,840 - INFO - Allocating UMIs for gene 4300...
2024-07-20 22:50:27,891 - INFO - Allocating UMIs for gene 4400...
2024-07-20 22:50:27,947 - INFO - Allocating UMIs for gene 4500...
2024-07-20 22:50:27,998 - INFO - Allocating UMIs for gene 4600...
2024-07-20 22:50:28,050 - INFO - Allocating UMIs for gene 4700...
2024-07-20 22:50:28,107 - INFO - Allocating UMIs for gene 4800...
2024-07-20 22:50:28,158 - INFO - Allocating UMIs for gene 4900...
2024-07-20 22:50:28,210 - INFO - Allocating UMIs for gene 5000...
2024-07-20 22:50:28,261 - INFO - Allocating UMIs for gene 5100...
2024-07-20 22:50:28,313 - INFO - Allocating UMIs for gene 5200...
2024-07-20 22:50:28,363 - INFO - Allocating UMIs for gene 5300...
2024-07-20 22:50:28,414 - INFO - Allocating UMIs for gene 5400...
2024-07-20 22:50:28,468 - INFO - Allocating UMIs for gene 5500...
2024-07-20 22:50:28,516 - INFO - Allocating UMIs for gene 5600...
2024-07-20 22:50:28,566 - INFO - Allocating UMIs for gene 5700...
2024-07-20 22:50:28,618 - INFO - Allocating UMIs for gene 5800...
2024-07-20 22:50:28,752 - INFO - Allocating UMIs for gene 5900...
2024-07-20 22:50:28,874 - INFO - Allocating UMIs for gene 6000...
2024-07-20 22:50:28,930 - INFO - Allocating UMIs for gene 6100...
2024-07-20 22:50:28,983 - INFO - Allocating UMIs for gene 6200...
2024-07-20 22:50:29,037 - INFO - Allocating UMIs for gene 6300...
2024-07-20 22:50:29,090 - INFO - Allocating UMIs for gene 6400...
2024-07-20 22:50:29,142 - INFO - Allocating UMIs for gene 6500...
2024-07-20 22:50:29,194 - INFO - Allocating UMIs for gene 6600...
2024-07-20 22:50:29,449 - INFO - Allocating UMIs for gene 6700...
2024-07-20 22:50:29,503 - INFO - Allocating UMIs for gene 6800...
2024-07-20 22:50:29,552 - INFO - Allocating UMIs for gene 6900...
2024-07-20 22:50:29,602 - INFO - Allocating UMIs for gene 7000...
2024-07-20 22:50:29,652 - INFO - Allocating UMIs for gene 7100...
2024-07-20 22:50:29,702 - INFO - Allocating UMIs for gene 7200...
2024-07-20 22:50:29,752 - INFO - Allocating UMIs for gene 7300...
2024-07-20 22:50:29,799 - INFO - Allocating UMIs for gene 7400...
2024-07-20 22:50:29,848 - INFO - Allocating UMIs for gene 7500...
2024-07-20 22:50:29,895 - INFO - Allocating UMIs for gene 7600...
2024-07-20 22:50:29,943 - INFO - Allocating UMIs for gene 7700...
2024-07-20 22:50:29,991 - INFO - Allocating UMIs for gene 7800...
2024-07-20 22:50:30,038 - INFO - Allocating UMIs for gene 7900...
2024-07-20 22:50:30,088 - INFO - Allocating UMIs for gene 8000...
2024-07-20 22:50:30,136 - INFO - Allocating UMIs for gene 8100...
2024-07-20 22:50:30,185 - INFO - Allocating UMIs for gene 8200...
2024-07-20 22:50:30,233 - INFO - Allocating UMIs for gene 8300...
2024-07-20 22:50:30,282 - INFO - Allocating UMIs for gene 8400...
2024-07-20 22:50:30,330 - INFO - Allocating UMIs for gene 8500...
2024-07-20 22:50:30,381 - INFO - Allocating UMIs for gene 8600...
2024-07-20 22:50:30,432 - INFO - Allocating UMIs for gene 8700...
2024-07-20 22:50:30,486 - INFO - Allocating UMIs for gene 8800...
2024-07-20 22:50:30,542 - INFO - Allocating UMIs for gene 8900...
2024-07-20 22:50:30,596 - INFO - Allocating UMIs for gene 9000...
2024-07-20 22:50:30,649 - INFO - Allocating UMIs for gene 9100...
2024-07-20 22:50:30,701 - INFO - Allocating UMIs for gene 9200...
2024-07-20 22:50:30,753 - INFO - Allocating UMIs for gene 9300...
2024-07-20 22:50:30,804 - INFO - Allocating UMIs for gene 9400...
2024-07-20 22:50:30,854 - INFO - Allocating UMIs for gene 9500...
2024-07-20 22:50:30,905 - INFO - Allocating UMIs for gene 9600...
2024-07-20 22:50:30,954 - INFO - Allocating UMIs for gene 9700...
2024-07-20 22:50:31,005 - INFO - Allocating UMIs for gene 9800...
2024-07-20 22:50:31,055 - INFO - Allocating UMIs for gene 9900...
2024-07-20 22:50:31,106 - INFO - UMI allocation complete.
2024-07-20 22:50:31,106 - INFO - Counting overall UMI occurrences...
2024-07-20 22:50:31,117 - INFO - Counting inter-gene collisions...
2024-07-20 22:50:31,131 - INFO - Total UMIs generated: 4096
2024-07-20 22:50:31,132 - INFO - Total UMIs allocated: 59948
2024-07-20 22:50:31,132 - INFO - Number of unique UMIs assigned to genes: 4096
2024-07-20 22:50:31,132 - INFO - Inter-gene collisions: 55808
2024-07-20 22:50:31,132 - INFO - Inter-gene collision rate: 0.93094
2024-07-20 22:50:31,132 - INFO - Writing gene UMI counts to file...
2024-07-20 22:50:31,137 - INFO - Writing UMI inter-gene collisions to file...
2024-07-20 22:50:31,141 - INFO - Simulation complete.
