2024-07-20 22:50:32,364 - INFO - Simulation Script Version: 0.0.1
2024-07-20 22:50:32,366 - INFO - Simulation Parameters:
2024-07-20 22:50:32,366 - INFO - Length of UMI: 6
2024-07-20 22:50:32,366 - INFO - Number of genes: 10000
2024-07-20 22:50:32,366 - INFO - Parameters file: None
2024-07-20 22:50:32,366 - INFO - Mean (mu): 6.0
2024-07-20 22:50:32,366 - INFO - Dispersion (theta): 6.0
2024-07-20 22:50:32,366 - INFO - Use Poisson distribution: False
2024-07-20 22:50:32,366 - INFO - Gene UMI counts file: gene_10000_umi6_counts_rep10.txt
2024-07-20 22:50:32,367 - INFO - UMI collisions file: umi6_10000_collisions_rep10.txt
2024-07-20 22:50:32,367 - INFO - Seed: None
2024-07-20 22:50:32,367 - INFO - Log file: umi6_10000_rep10.log
2024-07-20 22:50:32,367 - INFO - No seed specified. Generated random seed: 1924885341
2024-07-20 22:50:32,367 - INFO - Generating all possible UMIs...
2024-07-20 22:50:32,367 - INFO - Total possible UMIs generated: 4096
2024-07-20 22:50:32,367 - INFO - Loading parameters...
2024-07-20 22:50:32,367 - INFO - Sampling read depths for each gene...
2024-07-20 22:50:32,907 - INFO - Read depths sampling complete.
2024-07-20 22:50:32,907 - INFO - Allocating UMIs based on sampled read depths...
2024-07-20 22:50:32,907 - INFO - Allocating UMIs for gene 0...
2024-07-20 22:50:32,957 - INFO - Allocating UMIs for gene 100...
2024-07-20 22:50:33,007 - INFO - Allocating UMIs for gene 200...
2024-07-20 22:50:33,056 - INFO - Allocating UMIs for gene 300...
2024-07-20 22:50:33,106 - INFO - Allocating UMIs for gene 400...
2024-07-20 22:50:33,156 - INFO - Allocating UMIs for gene 500...
2024-07-20 22:50:33,206 - INFO - Allocating UMIs for gene 600...
2024-07-20 22:50:33,255 - INFO - Allocating UMIs for gene 700...
2024-07-20 22:50:33,306 - INFO - Allocating UMIs for gene 800...
2024-07-20 22:50:33,356 - INFO - Allocating UMIs for gene 900...
2024-07-20 22:50:33,405 - INFO - Allocating UMIs for gene 1000...
2024-07-20 22:50:33,456 - INFO - Allocating UMIs for gene 1100...
2024-07-20 22:50:33,506 - INFO - Allocating UMIs for gene 1200...
2024-07-20 22:50:33,555 - INFO - Allocating UMIs for gene 1300...
2024-07-20 22:50:33,606 - INFO - Allocating UMIs for gene 1400...
2024-07-20 22:50:33,656 - INFO - Allocating UMIs for gene 1500...
2024-07-20 22:50:33,706 - INFO - Allocating UMIs for gene 1600...
2024-07-20 22:50:33,756 - INFO - Allocating UMIs for gene 1700...
2024-07-20 22:50:33,807 - INFO - Allocating UMIs for gene 1800...
2024-07-20 22:50:33,857 - INFO - Allocating UMIs for gene 1900...
2024-07-20 22:50:33,907 - INFO - Allocating UMIs for gene 2000...
2024-07-20 22:50:33,957 - INFO - Allocating UMIs for gene 2100...
2024-07-20 22:50:34,006 - INFO - Allocating UMIs for gene 2200...
2024-07-20 22:50:34,057 - INFO - Allocating UMIs for gene 2300...
2024-07-20 22:50:34,107 - INFO - Allocating UMIs for gene 2400...
2024-07-20 22:50:34,157 - INFO - Allocating UMIs for gene 2500...
2024-07-20 22:50:34,207 - INFO - Allocating UMIs for gene 2600...
2024-07-20 22:50:34,258 - INFO - Allocating UMIs for gene 2700...
2024-07-20 22:50:34,308 - INFO - Allocating UMIs for gene 2800...
2024-07-20 22:50:34,360 - INFO - Allocating UMIs for gene 2900...
2024-07-20 22:50:34,412 - INFO - Allocating UMIs for gene 3000...
2024-07-20 22:50:34,576 - INFO - Allocating UMIs for gene 3100...
2024-07-20 22:50:34,626 - INFO - Allocating UMIs for gene 3200...
2024-07-20 22:50:34,675 - INFO - Allocating UMIs for gene 3300...
2024-07-20 22:50:34,724 - INFO - Allocating UMIs for gene 3400...
2024-07-20 22:50:34,774 - INFO - Allocating UMIs for gene 3500...
2024-07-20 22:50:34,824 - INFO - Allocating UMIs for gene 3600...
2024-07-20 22:50:34,873 - INFO - Allocating UMIs for gene 3700...
2024-07-20 22:50:34,976 - INFO - Allocating UMIs for gene 3800...
2024-07-20 22:50:35,090 - INFO - Allocating UMIs for gene 3900...
2024-07-20 22:50:35,139 - INFO - Allocating UMIs for gene 4000...
2024-07-20 22:50:35,189 - INFO - Allocating UMIs for gene 4100...
2024-07-20 22:50:35,240 - INFO - Allocating UMIs for gene 4200...
2024-07-20 22:50:35,291 - INFO - Allocating UMIs for gene 4300...
2024-07-20 22:50:35,340 - INFO - Allocating UMIs for gene 4400...
2024-07-20 22:50:35,390 - INFO - Allocating UMIs for gene 4500...
2024-07-20 22:50:35,440 - INFO - Allocating UMIs for gene 4600...
2024-07-20 22:50:35,490 - INFO - Allocating UMIs for gene 4700...
2024-07-20 22:50:35,540 - INFO - Allocating UMIs for gene 4800...
2024-07-20 22:50:35,590 - INFO - Allocating UMIs for gene 4900...
2024-07-20 22:50:35,639 - INFO - Allocating UMIs for gene 5000...
2024-07-20 22:50:35,689 - INFO - Allocating UMIs for gene 5100...
2024-07-20 22:50:35,739 - INFO - Allocating UMIs for gene 5200...
2024-07-20 22:50:35,789 - INFO - Allocating UMIs for gene 5300...
2024-07-20 22:50:35,839 - INFO - Allocating UMIs for gene 5400...
2024-07-20 22:50:35,890 - INFO - Allocating UMIs for gene 5500...
2024-07-20 22:50:35,940 - INFO - Allocating UMIs for gene 5600...
2024-07-20 22:50:35,990 - INFO - Allocating UMIs for gene 5700...
2024-07-20 22:50:36,039 - INFO - Allocating UMIs for gene 5800...
2024-07-20 22:50:36,089 - INFO - Allocating UMIs for gene 5900...
2024-07-20 22:50:36,139 - INFO - Allocating UMIs for gene 6000...
2024-07-20 22:50:36,192 - INFO - Allocating UMIs for gene 6100...
2024-07-20 22:50:36,241 - INFO - Allocating UMIs for gene 6200...
2024-07-20 22:50:36,292 - INFO - Allocating UMIs for gene 6300...
2024-07-20 22:50:36,341 - INFO - Allocating UMIs for gene 6400...
2024-07-20 22:50:36,391 - INFO - Allocating UMIs for gene 6500...
2024-07-20 22:50:36,439 - INFO - Allocating UMIs for gene 6600...
2024-07-20 22:50:36,489 - INFO - Allocating UMIs for gene 6700...
2024-07-20 22:50:36,539 - INFO - Allocating UMIs for gene 6800...
2024-07-20 22:50:36,592 - INFO - Allocating UMIs for gene 6900...
2024-07-20 22:50:36,684 - INFO - Allocating UMIs for gene 7000...
2024-07-20 22:50:36,735 - INFO - Allocating UMIs for gene 7100...
2024-07-20 22:50:36,784 - INFO - Allocating UMIs for gene 7200...
2024-07-20 22:50:36,834 - INFO - Allocating UMIs for gene 7300...
2024-07-20 22:50:36,885 - INFO - Allocating UMIs for gene 7400...
2024-07-20 22:50:36,935 - INFO - Allocating UMIs for gene 7500...
2024-07-20 22:50:36,985 - INFO - Allocating UMIs for gene 7600...
2024-07-20 22:50:37,035 - INFO - Allocating UMIs for gene 7700...
2024-07-20 22:50:37,086 - INFO - Allocating UMIs for gene 7800...
2024-07-20 22:50:37,136 - INFO - Allocating UMIs for gene 7900...
2024-07-20 22:50:37,186 - INFO - Allocating UMIs for gene 8000...
2024-07-20 22:50:37,236 - INFO - Allocating UMIs for gene 8100...
2024-07-20 22:50:37,286 - INFO - Allocating UMIs for gene 8200...
2024-07-20 22:50:37,336 - INFO - Allocating UMIs for gene 8300...
2024-07-20 22:50:37,386 - INFO - Allocating UMIs for gene 8400...
2024-07-20 22:50:37,437 - INFO - Allocating UMIs for gene 8500...
2024-07-20 22:50:37,487 - INFO - Allocating UMIs for gene 8600...
2024-07-20 22:50:37,537 - INFO - Allocating UMIs for gene 8700...
2024-07-20 22:50:37,593 - INFO - Allocating UMIs for gene 8800...
2024-07-20 22:50:37,642 - INFO - Allocating UMIs for gene 8900...
2024-07-20 22:50:37,693 - INFO - Allocating UMIs for gene 9000...
2024-07-20 22:50:37,742 - INFO - Allocating UMIs for gene 9100...
2024-07-20 22:50:37,792 - INFO - Allocating UMIs for gene 9200...
2024-07-20 22:50:37,841 - INFO - Allocating UMIs for gene 9300...
2024-07-20 22:50:37,889 - INFO - Allocating UMIs for gene 9400...
2024-07-20 22:50:37,939 - INFO - Allocating UMIs for gene 9500...
2024-07-20 22:50:37,989 - INFO - Allocating UMIs for gene 9600...
2024-07-20 22:50:38,040 - INFO - Allocating UMIs for gene 9700...
2024-07-20 22:50:38,089 - INFO - Allocating UMIs for gene 9800...
2024-07-20 22:50:38,139 - INFO - Allocating UMIs for gene 9900...
2024-07-20 22:50:38,189 - INFO - UMI allocation complete.
2024-07-20 22:50:38,189 - INFO - Counting overall UMI occurrences...
2024-07-20 22:50:38,201 - INFO - Counting inter-gene collisions...
2024-07-20 22:50:38,217 - INFO - Total UMIs generated: 4096
2024-07-20 22:50:38,217 - INFO - Total UMIs allocated: 60494
2024-07-20 22:50:38,217 - INFO - Number of unique UMIs assigned to genes: 4096
2024-07-20 22:50:38,217 - INFO - Inter-gene collisions: 56340
2024-07-20 22:50:38,217 - INFO - Inter-gene collision rate: 0.93133
2024-07-20 22:50:38,217 - INFO - Writing gene UMI counts to file...
2024-07-20 22:50:38,223 - INFO - Writing UMI inter-gene collisions to file...
2024-07-20 22:50:38,227 - INFO - Simulation complete.
