2024-07-20 22:50:18,899 - INFO - Simulation Script Version: 0.0.1
2024-07-20 22:50:18,901 - INFO - Simulation Parameters:
2024-07-20 22:50:18,902 - INFO - Length of UMI: 6
2024-07-20 22:50:18,902 - INFO - Number of genes: 10000
2024-07-20 22:50:18,902 - INFO - Parameters file: None
2024-07-20 22:50:18,902 - INFO - Mean (mu): 6.0
2024-07-20 22:50:18,902 - INFO - Dispersion (theta): 6.0
2024-07-20 22:50:18,902 - INFO - Use Poisson distribution: False
2024-07-20 22:50:18,902 - INFO - Gene UMI counts file: gene_10000_umi6_counts_rep8.txt
2024-07-20 22:50:18,902 - INFO - UMI collisions file: umi6_10000_collisions_rep8.txt
2024-07-20 22:50:18,902 - INFO - Seed: None
2024-07-20 22:50:18,902 - INFO - Log file: umi6_10000_rep8.log
2024-07-20 22:50:18,903 - INFO - No seed specified. Generated random seed: 2594011555
2024-07-20 22:50:18,903 - INFO - Generating all possible UMIs...
2024-07-20 22:50:18,905 - INFO - Total possible UMIs generated: 4096
2024-07-20 22:50:18,905 - INFO - Loading parameters...
2024-07-20 22:50:18,906 - INFO - Sampling read depths for each gene...
2024-07-20 22:50:19,351 - INFO - Read depths sampling complete.
2024-07-20 22:50:19,352 - INFO - Allocating UMIs based on sampled read depths...
2024-07-20 22:50:19,352 - INFO - Allocating UMIs for gene 0...
2024-07-20 22:50:19,398 - INFO - Allocating UMIs for gene 100...
2024-07-20 22:50:19,445 - INFO - Allocating UMIs for gene 200...
2024-07-20 22:50:19,491 - INFO - Allocating UMIs for gene 300...
2024-07-20 22:50:19,538 - INFO - Allocating UMIs for gene 400...
2024-07-20 22:50:19,584 - INFO - Allocating UMIs for gene 500...
2024-07-20 22:50:19,631 - INFO - Allocating UMIs for gene 600...
2024-07-20 22:50:19,677 - INFO - Allocating UMIs for gene 700...
2024-07-20 22:50:19,723 - INFO - Allocating UMIs for gene 800...
2024-07-20 22:50:19,768 - INFO - Allocating UMIs for gene 900...
2024-07-20 22:50:19,815 - INFO - Allocating UMIs for gene 1000...
2024-07-20 22:50:19,861 - INFO - Allocating UMIs for gene 1100...
2024-07-20 22:50:19,908 - INFO - Allocating UMIs for gene 1200...
2024-07-20 22:50:19,954 - INFO - Allocating UMIs for gene 1300...
2024-07-20 22:50:20,000 - INFO - Allocating UMIs for gene 1400...
2024-07-20 22:50:20,046 - INFO - Allocating UMIs for gene 1500...
2024-07-20 22:50:20,094 - INFO - Allocating UMIs for gene 1600...
2024-07-20 22:50:20,141 - INFO - Allocating UMIs for gene 1700...
2024-07-20 22:50:20,187 - INFO - Allocating UMIs for gene 1800...
2024-07-20 22:50:20,233 - INFO - Allocating UMIs for gene 1900...
2024-07-20 22:50:20,279 - INFO - Allocating UMIs for gene 2000...
2024-07-20 22:50:20,324 - INFO - Allocating UMIs for gene 2100...
2024-07-20 22:50:20,371 - INFO - Allocating UMIs for gene 2200...
2024-07-20 22:50:20,416 - INFO - Allocating UMIs for gene 2300...
2024-07-20 22:50:20,462 - INFO - Allocating UMIs for gene 2400...
2024-07-20 22:50:20,507 - INFO - Allocating UMIs for gene 2500...
2024-07-20 22:50:20,552 - INFO - Allocating UMIs for gene 2600...
2024-07-20 22:50:20,598 - INFO - Allocating UMIs for gene 2700...
2024-07-20 22:50:20,644 - INFO - Allocating UMIs for gene 2800...
2024-07-20 22:50:20,689 - INFO - Allocating UMIs for gene 2900...
2024-07-20 22:50:20,735 - INFO - Allocating UMIs for gene 3000...
2024-07-20 22:50:20,781 - INFO - Allocating UMIs for gene 3100...
2024-07-20 22:50:20,827 - INFO - Allocating UMIs for gene 3200...
2024-07-20 22:50:20,872 - INFO - Allocating UMIs for gene 3300...
2024-07-20 22:50:20,918 - INFO - Allocating UMIs for gene 3400...
2024-07-20 22:50:20,964 - INFO - Allocating UMIs for gene 3500...
2024-07-20 22:50:21,009 - INFO - Allocating UMIs for gene 3600...
2024-07-20 22:50:21,056 - INFO - Allocating UMIs for gene 3700...
2024-07-20 22:50:21,102 - INFO - Allocating UMIs for gene 3800...
2024-07-20 22:50:21,148 - INFO - Allocating UMIs for gene 3900...
2024-07-20 22:50:21,194 - INFO - Allocating UMIs for gene 4000...
2024-07-20 22:50:21,240 - INFO - Allocating UMIs for gene 4100...
2024-07-20 22:50:21,288 - INFO - Allocating UMIs for gene 4200...
2024-07-20 22:50:21,334 - INFO - Allocating UMIs for gene 4300...
2024-07-20 22:50:21,378 - INFO - Allocating UMIs for gene 4400...
2024-07-20 22:50:21,425 - INFO - Allocating UMIs for gene 4500...
2024-07-20 22:50:21,471 - INFO - Allocating UMIs for gene 4600...
2024-07-20 22:50:21,517 - INFO - Allocating UMIs for gene 4700...
2024-07-20 22:50:21,563 - INFO - Allocating UMIs for gene 4800...
2024-07-20 22:50:21,610 - INFO - Allocating UMIs for gene 4900...
2024-07-20 22:50:21,657 - INFO - Allocating UMIs for gene 5000...
2024-07-20 22:50:21,703 - INFO - Allocating UMIs for gene 5100...
2024-07-20 22:50:21,749 - INFO - Allocating UMIs for gene 5200...
2024-07-20 22:50:21,795 - INFO - Allocating UMIs for gene 5300...
2024-07-20 22:50:21,840 - INFO - Allocating UMIs for gene 5400...
2024-07-20 22:50:21,886 - INFO - Allocating UMIs for gene 5500...
2024-07-20 22:50:21,932 - INFO - Allocating UMIs for gene 5600...
2024-07-20 22:50:21,976 - INFO - Allocating UMIs for gene 5700...
2024-07-20 22:50:22,022 - INFO - Allocating UMIs for gene 5800...
2024-07-20 22:50:22,068 - INFO - Allocating UMIs for gene 5900...
2024-07-20 22:50:22,113 - INFO - Allocating UMIs for gene 6000...
2024-07-20 22:50:22,162 - INFO - Allocating UMIs for gene 6100...
2024-07-20 22:50:22,208 - INFO - Allocating UMIs for gene 6200...
2024-07-20 22:50:22,253 - INFO - Allocating UMIs for gene 6300...
2024-07-20 22:50:22,300 - INFO - Allocating UMIs for gene 6400...
2024-07-20 22:50:22,346 - INFO - Allocating UMIs for gene 6500...
2024-07-20 22:50:22,394 - INFO - Allocating UMIs for gene 6600...
2024-07-20 22:50:22,441 - INFO - Allocating UMIs for gene 6700...
2024-07-20 22:50:22,487 - INFO - Allocating UMIs for gene 6800...
2024-07-20 22:50:22,532 - INFO - Allocating UMIs for gene 6900...
2024-07-20 22:50:22,579 - INFO - Allocating UMIs for gene 7000...
2024-07-20 22:50:22,625 - INFO - Allocating UMIs for gene 7100...
2024-07-20 22:50:22,671 - INFO - Allocating UMIs for gene 7200...
2024-07-20 22:50:22,717 - INFO - Allocating UMIs for gene 7300...
2024-07-20 22:50:22,764 - INFO - Allocating UMIs for gene 7400...
2024-07-20 22:50:22,810 - INFO - Allocating UMIs for gene 7500...
2024-07-20 22:50:22,855 - INFO - Allocating UMIs for gene 7600...
2024-07-20 22:50:22,901 - INFO - Allocating UMIs for gene 7700...
2024-07-20 22:50:22,947 - INFO - Allocating UMIs for gene 7800...
2024-07-20 22:50:22,993 - INFO - Allocating UMIs for gene 7900...
2024-07-20 22:50:23,040 - INFO - Allocating UMIs for gene 8000...
2024-07-20 22:50:23,086 - INFO - Allocating UMIs for gene 8100...
2024-07-20 22:50:23,132 - INFO - Allocating UMIs for gene 8200...
2024-07-20 22:50:23,179 - INFO - Allocating UMIs for gene 8300...
2024-07-20 22:50:23,225 - INFO - Allocating UMIs for gene 8400...
2024-07-20 22:50:23,272 - INFO - Allocating UMIs for gene 8500...
2024-07-20 22:50:23,325 - INFO - Allocating UMIs for gene 8600...
2024-07-20 22:50:23,375 - INFO - Allocating UMIs for gene 8700...
2024-07-20 22:50:23,421 - INFO - Allocating UMIs for gene 8800...
2024-07-20 22:50:23,466 - INFO - Allocating UMIs for gene 8900...
2024-07-20 22:50:23,511 - INFO - Allocating UMIs for gene 9000...
2024-07-20 22:50:23,557 - INFO - Allocating UMIs for gene 9100...
2024-07-20 22:50:23,603 - INFO - Allocating UMIs for gene 9200...
2024-07-20 22:50:23,648 - INFO - Allocating UMIs for gene 9300...
2024-07-20 22:50:23,695 - INFO - Allocating UMIs for gene 9400...
2024-07-20 22:50:23,740 - INFO - Allocating UMIs for gene 9500...
2024-07-20 22:50:23,786 - INFO - Allocating UMIs for gene 9600...
2024-07-20 22:50:23,831 - INFO - Allocating UMIs for gene 9700...
2024-07-20 22:50:23,877 - INFO - Allocating UMIs for gene 9800...
2024-07-20 22:50:23,924 - INFO - Allocating UMIs for gene 9900...
2024-07-20 22:50:23,970 - INFO - UMI allocation complete.
2024-07-20 22:50:23,970 - INFO - Counting overall UMI occurrences...
2024-07-20 22:50:23,980 - INFO - Counting inter-gene collisions...
2024-07-20 22:50:23,991 - INFO - Total UMIs generated: 4096
2024-07-20 22:50:23,991 - INFO - Total UMIs allocated: 59831
2024-07-20 22:50:23,991 - INFO - Number of unique UMIs assigned to genes: 4096
2024-07-20 22:50:23,991 - INFO - Inter-gene collisions: 55672
2024-07-20 22:50:23,992 - INFO - Inter-gene collision rate: 0.93049
2024-07-20 22:50:23,992 - INFO - Writing gene UMI counts to file...
2024-07-20 22:50:23,997 - INFO - Writing UMI inter-gene collisions to file...
2024-07-20 22:50:24,001 - INFO - Simulation complete.
