2024-07-23 14:57:57,238 - INFO - Simulation Script Version: 0.0.2
2024-07-23 14:57:57,238 - INFO - Simulation Parameters:
2024-07-23 14:57:57,238 - INFO - Length of UMI: 10
2024-07-23 14:57:57,238 - INFO - Number of genes: 100
2024-07-23 14:57:57,238 - INFO - Parameters file: None
2024-07-23 14:57:57,238 - INFO - Mean (mu): 6.0
2024-07-23 14:57:57,238 - INFO - Dispersion (theta): 6.0
2024-07-23 14:57:57,238 - INFO - Use Poisson distribution: False
2024-07-23 14:57:57,238 - INFO - Gene UMI counts file: gene_100_umi10_counts_rep4.txt
2024-07-23 14:57:57,238 - INFO - UMI collisions file: umi10_100_collisions_rep4.txt
2024-07-23 14:57:57,238 - INFO - Seed: None
2024-07-23 14:57:57,238 - INFO - Log file: umi10_100_rep4.log
2024-07-23 14:57:57,238 - INFO - No seed specified. Generated random seed: 2971195351
2024-07-23 14:57:57,238 - INFO - Generating all possible UMIs...
2024-07-23 14:57:57,520 - INFO - Total possible UMIs generated: 262144
2024-07-23 14:57:57,520 - INFO - Loading parameters...
2024-07-23 14:57:57,520 - INFO - Sampling read depths for each gene...
2024-07-23 14:57:57,525 - INFO - Read depths sampling complete.
2024-07-23 14:57:57,525 - INFO - Allocating UMIs based on sampled read depths...
2024-07-23 14:57:57,525 - INFO - Allocating UMIs for gene 0...
2024-07-23 14:58:02,021 - INFO - UMI allocation complete.
2024-07-23 14:58:02,021 - INFO - Counting overall UMI occurrences...
2024-07-23 14:58:02,022 - INFO - Counting inter-gene collisions...
2024-07-23 14:58:02,029 - INFO - Total UMIs generated: 262144
2024-07-23 14:58:02,029 - INFO - Total UMIs allocated: 578
2024-07-23 14:58:02,029 - INFO - Number of unique UMIs assigned to genes: 576
2024-07-23 14:58:02,029 - INFO - Inter-gene collisions: 2
2024-07-23 14:58:02,029 - INFO - Inter-gene collision rate: 0.00346
2024-07-23 14:58:02,029 - INFO - Writing gene UMI counts to file...
2024-07-23 14:58:02,030 - INFO - Writing UMI inter-gene collisions to file...
2024-07-23 14:58:02,030 - INFO - Simulation complete.
