2024-07-23 14:58:15,623 - INFO - Simulation Script Version: 0.0.2
2024-07-23 14:58:15,623 - INFO - Simulation Parameters:
2024-07-23 14:58:15,623 - INFO - Length of UMI: 10
2024-07-23 14:58:15,623 - INFO - Number of genes: 100
2024-07-23 14:58:15,623 - INFO - Parameters file: None
2024-07-23 14:58:15,623 - INFO - Mean (mu): 6.0
2024-07-23 14:58:15,623 - INFO - Dispersion (theta): 6.0
2024-07-23 14:58:15,623 - INFO - Use Poisson distribution: False
2024-07-23 14:58:15,623 - INFO - Gene UMI counts file: gene_100_umi10_counts_rep7.txt
2024-07-23 14:58:15,623 - INFO - UMI collisions file: umi10_100_collisions_rep7.txt
2024-07-23 14:58:15,623 - INFO - Seed: None
2024-07-23 14:58:15,623 - INFO - Log file: umi10_100_rep7.log
2024-07-23 14:58:15,623 - INFO - No seed specified. Generated random seed: 276688898
2024-07-23 14:58:15,624 - INFO - Generating all possible UMIs...
2024-07-23 14:58:15,934 - INFO - Total possible UMIs generated: 262144
2024-07-23 14:58:15,934 - INFO - Loading parameters...
2024-07-23 14:58:15,934 - INFO - Sampling read depths for each gene...
2024-07-23 14:58:15,939 - INFO - Read depths sampling complete.
2024-07-23 14:58:15,939 - INFO - Allocating UMIs based on sampled read depths...
2024-07-23 14:58:15,939 - INFO - Allocating UMIs for gene 0...
2024-07-23 14:58:20,928 - INFO - UMI allocation complete.
2024-07-23 14:58:20,928 - INFO - Counting overall UMI occurrences...
2024-07-23 14:58:20,928 - INFO - Counting inter-gene collisions...
2024-07-23 14:58:20,936 - INFO - Total UMIs generated: 262144
2024-07-23 14:58:20,937 - INFO - Total UMIs allocated: 598
2024-07-23 14:58:20,937 - INFO - Number of unique UMIs assigned to genes: 598
2024-07-23 14:58:20,937 - INFO - Inter-gene collisions: 0
2024-07-23 14:58:20,937 - INFO - Inter-gene collision rate: 0.00000
2024-07-23 14:58:20,937 - INFO - Writing gene UMI counts to file...
2024-07-23 14:58:20,938 - INFO - Writing UMI inter-gene collisions to file...
2024-07-23 14:58:20,938 - INFO - Simulation complete.
