2024-07-23 14:57:45,568 - INFO - Simulation Script Version: 0.0.2
2024-07-23 14:57:45,568 - INFO - Simulation Parameters:
2024-07-23 14:57:45,568 - INFO - Length of UMI: 10
2024-07-23 14:57:45,568 - INFO - Number of genes: 100
2024-07-23 14:57:45,568 - INFO - Parameters file: None
2024-07-23 14:57:45,568 - INFO - Mean (mu): 6.0
2024-07-23 14:57:45,568 - INFO - Dispersion (theta): 6.0
2024-07-23 14:57:45,568 - INFO - Use Poisson distribution: False
2024-07-23 14:57:45,568 - INFO - Gene UMI counts file: gene_100_umi10_counts_rep2.txt
2024-07-23 14:57:45,568 - INFO - UMI collisions file: umi10_100_collisions_rep2.txt
2024-07-23 14:57:45,568 - INFO - Seed: None
2024-07-23 14:57:45,568 - INFO - Log file: umi10_100_rep2.log
2024-07-23 14:57:45,568 - INFO - No seed specified. Generated random seed: 1587038410
2024-07-23 14:57:45,568 - INFO - Generating all possible UMIs...
2024-07-23 14:57:45,861 - INFO - Total possible UMIs generated: 262144
2024-07-23 14:57:45,861 - INFO - Loading parameters...
2024-07-23 14:57:45,861 - INFO - Sampling read depths for each gene...
2024-07-23 14:57:45,866 - INFO - Read depths sampling complete.
2024-07-23 14:57:45,866 - INFO - Allocating UMIs based on sampled read depths...
2024-07-23 14:57:45,866 - INFO - Allocating UMIs for gene 0...
2024-07-23 14:57:50,312 - INFO - UMI allocation complete.
2024-07-23 14:57:50,312 - INFO - Counting overall UMI occurrences...
2024-07-23 14:57:50,313 - INFO - Counting inter-gene collisions...
2024-07-23 14:57:50,320 - INFO - Total UMIs generated: 262144
2024-07-23 14:57:50,320 - INFO - Total UMIs allocated: 606
2024-07-23 14:57:50,320 - INFO - Number of unique UMIs assigned to genes: 606
2024-07-23 14:57:50,320 - INFO - Inter-gene collisions: 0
2024-07-23 14:57:50,320 - INFO - Inter-gene collision rate: 0.00000
2024-07-23 14:57:50,320 - INFO - Writing gene UMI counts to file...
2024-07-23 14:57:50,321 - INFO - Writing UMI inter-gene collisions to file...
2024-07-23 14:57:50,321 - INFO - Simulation complete.
