2024-07-23 14:58:35,069 - INFO - Simulation Script Version: 0.0.2
2024-07-23 14:58:35,069 - INFO - Simulation Parameters:
2024-07-23 14:58:35,069 - INFO - Length of UMI: 10
2024-07-23 14:58:35,069 - INFO - Number of genes: 100
2024-07-23 14:58:35,069 - INFO - Parameters file: None
2024-07-23 14:58:35,069 - INFO - Mean (mu): 6.0
2024-07-23 14:58:35,069 - INFO - Dispersion (theta): 6.0
2024-07-23 14:58:35,069 - INFO - Use Poisson distribution: False
2024-07-23 14:58:35,069 - INFO - Gene UMI counts file: gene_100_umi10_counts_rep10.txt
2024-07-23 14:58:35,070 - INFO - UMI collisions file: umi10_100_collisions_rep10.txt
2024-07-23 14:58:35,070 - INFO - Seed: None
2024-07-23 14:58:35,070 - INFO - Log file: umi10_100_rep10.log
2024-07-23 14:58:35,070 - INFO - No seed specified. Generated random seed: 3499400971
2024-07-23 14:58:35,070 - INFO - Generating all possible UMIs...
2024-07-23 14:58:35,386 - INFO - Total possible UMIs generated: 262144
2024-07-23 14:58:35,386 - INFO - Loading parameters...
2024-07-23 14:58:35,386 - INFO - Sampling read depths for each gene...
2024-07-23 14:58:35,391 - INFO - Read depths sampling complete.
2024-07-23 14:58:35,391 - INFO - Allocating UMIs based on sampled read depths...
2024-07-23 14:58:35,391 - INFO - Allocating UMIs for gene 0...
2024-07-23 14:58:40,345 - INFO - UMI allocation complete.
2024-07-23 14:58:40,345 - INFO - Counting overall UMI occurrences...
2024-07-23 14:58:40,345 - INFO - Counting inter-gene collisions...
2024-07-23 14:58:40,353 - INFO - Total UMIs generated: 262144
2024-07-23 14:58:40,353 - INFO - Total UMIs allocated: 639
2024-07-23 14:58:40,353 - INFO - Number of unique UMIs assigned to genes: 638
2024-07-23 14:58:40,354 - INFO - Inter-gene collisions: 1
2024-07-23 14:58:40,354 - INFO - Inter-gene collision rate: 0.00156
2024-07-23 14:58:40,354 - INFO - Writing gene UMI counts to file...
2024-07-23 14:58:40,355 - INFO - Writing UMI inter-gene collisions to file...
2024-07-23 14:58:40,355 - INFO - Simulation complete.
