2024-07-23 14:58:21,983 - INFO - Simulation Script Version: 0.0.2
2024-07-23 14:58:21,983 - INFO - Simulation Parameters:
2024-07-23 14:58:21,983 - INFO - Length of UMI: 10
2024-07-23 14:58:21,983 - INFO - Number of genes: 100
2024-07-23 14:58:21,984 - INFO - Parameters file: None
2024-07-23 14:58:21,984 - INFO - Mean (mu): 6.0
2024-07-23 14:58:21,984 - INFO - Dispersion (theta): 6.0
2024-07-23 14:58:21,984 - INFO - Use Poisson distribution: False
2024-07-23 14:58:21,984 - INFO - Gene UMI counts file: gene_100_umi10_counts_rep8.txt
2024-07-23 14:58:21,984 - INFO - UMI collisions file: umi10_100_collisions_rep8.txt
2024-07-23 14:58:21,984 - INFO - Seed: None
2024-07-23 14:58:21,984 - INFO - Log file: umi10_100_rep8.log
2024-07-23 14:58:21,984 - INFO - No seed specified. Generated random seed: 390725232
2024-07-23 14:58:21,984 - INFO - Generating all possible UMIs...
2024-07-23 14:58:22,284 - INFO - Total possible UMIs generated: 262144
2024-07-23 14:58:22,285 - INFO - Loading parameters...
2024-07-23 14:58:22,285 - INFO - Sampling read depths for each gene...
2024-07-23 14:58:22,289 - INFO - Read depths sampling complete.
2024-07-23 14:58:22,289 - INFO - Allocating UMIs based on sampled read depths...
2024-07-23 14:58:22,289 - INFO - Allocating UMIs for gene 0...
2024-07-23 14:58:27,392 - INFO - UMI allocation complete.
2024-07-23 14:58:27,393 - INFO - Counting overall UMI occurrences...
2024-07-23 14:58:27,394 - INFO - Counting inter-gene collisions...
2024-07-23 14:58:27,402 - INFO - Total UMIs generated: 262144
2024-07-23 14:58:27,402 - INFO - Total UMIs allocated: 531
2024-07-23 14:58:27,402 - INFO - Number of unique UMIs assigned to genes: 530
2024-07-23 14:58:27,402 - INFO - Inter-gene collisions: 1
2024-07-23 14:58:27,402 - INFO - Inter-gene collision rate: 0.00188
2024-07-23 14:58:27,402 - INFO - Writing gene UMI counts to file...
2024-07-23 14:58:27,403 - INFO - Writing UMI inter-gene collisions to file...
2024-07-23 14:58:27,403 - INFO - Simulation complete.
