2024-07-23 14:58:28,472 - INFO - Simulation Script Version: 0.0.2
2024-07-23 14:58:28,472 - INFO - Simulation Parameters:
2024-07-23 14:58:28,472 - INFO - Length of UMI: 10
2024-07-23 14:58:28,472 - INFO - Number of genes: 100
2024-07-23 14:58:28,472 - INFO - Parameters file: None
2024-07-23 14:58:28,472 - INFO - Mean (mu): 6.0
2024-07-23 14:58:28,473 - INFO - Dispersion (theta): 6.0
2024-07-23 14:58:28,473 - INFO - Use Poisson distribution: False
2024-07-23 14:58:28,473 - INFO - Gene UMI counts file: gene_100_umi10_counts_rep9.txt
2024-07-23 14:58:28,473 - INFO - UMI collisions file: umi10_100_collisions_rep9.txt
2024-07-23 14:58:28,473 - INFO - Seed: None
2024-07-23 14:58:28,473 - INFO - Log file: umi10_100_rep9.log
2024-07-23 14:58:28,473 - INFO - No seed specified. Generated random seed: 3462749456
2024-07-23 14:58:28,473 - INFO - Generating all possible UMIs...
2024-07-23 14:58:28,775 - INFO - Total possible UMIs generated: 262144
2024-07-23 14:58:28,775 - INFO - Loading parameters...
2024-07-23 14:58:28,775 - INFO - Sampling read depths for each gene...
2024-07-23 14:58:28,780 - INFO - Read depths sampling complete.
2024-07-23 14:58:28,780 - INFO - Allocating UMIs based on sampled read depths...
2024-07-23 14:58:28,780 - INFO - Allocating UMIs for gene 0...
2024-07-23 14:58:33,994 - INFO - UMI allocation complete.
2024-07-23 14:58:33,994 - INFO - Counting overall UMI occurrences...
2024-07-23 14:58:33,995 - INFO - Counting inter-gene collisions...
2024-07-23 14:58:34,003 - INFO - Total UMIs generated: 262144
2024-07-23 14:58:34,003 - INFO - Total UMIs allocated: 637
2024-07-23 14:58:34,003 - INFO - Number of unique UMIs assigned to genes: 637
2024-07-23 14:58:34,003 - INFO - Inter-gene collisions: 0
2024-07-23 14:58:34,003 - INFO - Inter-gene collision rate: 0.00000
2024-07-23 14:58:34,003 - INFO - Writing gene UMI counts to file...
2024-07-23 14:58:34,004 - INFO - Writing UMI inter-gene collisions to file...
2024-07-23 14:58:34,004 - INFO - Simulation complete.
