2024-07-23 14:58:09,088 - INFO - Simulation Script Version: 0.0.2
2024-07-23 14:58:09,088 - INFO - Simulation Parameters:
2024-07-23 14:58:09,088 - INFO - Length of UMI: 10
2024-07-23 14:58:09,088 - INFO - Number of genes: 100
2024-07-23 14:58:09,088 - INFO - Parameters file: None
2024-07-23 14:58:09,088 - INFO - Mean (mu): 6.0
2024-07-23 14:58:09,088 - INFO - Dispersion (theta): 6.0
2024-07-23 14:58:09,088 - INFO - Use Poisson distribution: False
2024-07-23 14:58:09,088 - INFO - Gene UMI counts file: gene_100_umi10_counts_rep6.txt
2024-07-23 14:58:09,088 - INFO - UMI collisions file: umi10_100_collisions_rep6.txt
2024-07-23 14:58:09,088 - INFO - Seed: None
2024-07-23 14:58:09,088 - INFO - Log file: umi10_100_rep6.log
2024-07-23 14:58:09,088 - INFO - No seed specified. Generated random seed: 3635839654
2024-07-23 14:58:09,088 - INFO - Generating all possible UMIs...
2024-07-23 14:58:09,400 - INFO - Total possible UMIs generated: 262144
2024-07-23 14:58:09,400 - INFO - Loading parameters...
2024-07-23 14:58:09,400 - INFO - Sampling read depths for each gene...
2024-07-23 14:58:09,405 - INFO - Read depths sampling complete.
2024-07-23 14:58:09,405 - INFO - Allocating UMIs based on sampled read depths...
2024-07-23 14:58:09,405 - INFO - Allocating UMIs for gene 0...
2024-07-23 14:58:14,557 - INFO - UMI allocation complete.
2024-07-23 14:58:14,558 - INFO - Counting overall UMI occurrences...
2024-07-23 14:58:14,558 - INFO - Counting inter-gene collisions...
2024-07-23 14:58:14,566 - INFO - Total UMIs generated: 262144
2024-07-23 14:58:14,566 - INFO - Total UMIs allocated: 614
2024-07-23 14:58:14,566 - INFO - Number of unique UMIs assigned to genes: 614
2024-07-23 14:58:14,566 - INFO - Inter-gene collisions: 0
2024-07-23 14:58:14,566 - INFO - Inter-gene collision rate: 0.00000
2024-07-23 14:58:14,566 - INFO - Writing gene UMI counts to file...
2024-07-23 14:58:14,567 - INFO - Writing UMI inter-gene collisions to file...
2024-07-23 14:58:14,567 - INFO - Simulation complete.
