2024-07-23 15:00:11,785 - INFO - Simulation Script Version: 0.0.2
2024-07-23 15:00:11,786 - INFO - Simulation Parameters:
2024-07-23 15:00:11,786 - INFO - Length of UMI: 10
2024-07-23 15:00:11,786 - INFO - Number of genes: 1000
2024-07-23 15:00:11,786 - INFO - Parameters file: None
2024-07-23 15:00:11,786 - INFO - Mean (mu): 6.0
2024-07-23 15:00:11,786 - INFO - Dispersion (theta): 6.0
2024-07-23 15:00:11,786 - INFO - Use Poisson distribution: False
2024-07-23 15:00:11,786 - INFO - Gene UMI counts file: gene_1000_umi10_counts_rep4.txt
2024-07-23 15:00:11,786 - INFO - UMI collisions file: umi10_1000_collisions_rep4.txt
2024-07-23 15:00:11,786 - INFO - Seed: None
2024-07-23 15:00:11,786 - INFO - Log file: umi10_1000_rep4.log
2024-07-23 15:00:11,786 - INFO - No seed specified. Generated random seed: 29811079
2024-07-23 15:00:11,786 - INFO - Generating all possible UMIs...
2024-07-23 15:00:12,089 - INFO - Total possible UMIs generated: 262144
2024-07-23 15:00:12,089 - INFO - Loading parameters...
2024-07-23 15:00:12,089 - INFO - Sampling read depths for each gene...
2024-07-23 15:00:12,125 - INFO - Read depths sampling complete.
2024-07-23 15:00:12,126 - INFO - Allocating UMIs based on sampled read depths...
2024-07-23 15:00:12,126 - INFO - Allocating UMIs for gene 0...
2024-07-23 15:00:17,124 - INFO - Allocating UMIs for gene 100...
2024-07-23 15:00:21,858 - INFO - Allocating UMIs for gene 200...
2024-07-23 15:00:26,565 - INFO - Allocating UMIs for gene 300...
2024-07-23 15:00:31,295 - INFO - Allocating UMIs for gene 400...
2024-07-23 15:00:35,856 - INFO - Allocating UMIs for gene 500...
2024-07-23 15:00:40,574 - INFO - Allocating UMIs for gene 600...
2024-07-23 15:00:45,495 - INFO - Allocating UMIs for gene 700...
2024-07-23 15:00:50,390 - INFO - Allocating UMIs for gene 800...
2024-07-23 15:00:54,971 - INFO - Allocating UMIs for gene 900...
2024-07-23 15:00:59,642 - INFO - UMI allocation complete.
2024-07-23 15:00:59,642 - INFO - Counting overall UMI occurrences...
2024-07-23 15:00:59,643 - INFO - Counting inter-gene collisions...
2024-07-23 15:00:59,653 - INFO - Total UMIs generated: 262144
2024-07-23 15:00:59,653 - INFO - Total UMIs allocated: 5732
2024-07-23 15:00:59,653 - INFO - Number of unique UMIs assigned to genes: 5663
2024-07-23 15:00:59,654 - INFO - Inter-gene collisions: 69
2024-07-23 15:00:59,654 - INFO - Inter-gene collision rate: 0.01204
2024-07-23 15:00:59,654 - INFO - Writing gene UMI counts to file...
2024-07-23 15:00:59,654 - INFO - Writing UMI inter-gene collisions to file...
2024-07-23 15:00:59,655 - INFO - Simulation complete.
