2024-07-23 15:02:38,664 - INFO - Simulation Script Version: 0.0.2
2024-07-23 15:02:38,664 - INFO - Simulation Parameters:
2024-07-23 15:02:38,664 - INFO - Length of UMI: 10
2024-07-23 15:02:38,664 - INFO - Number of genes: 1000
2024-07-23 15:02:38,664 - INFO - Parameters file: None
2024-07-23 15:02:38,664 - INFO - Mean (mu): 6.0
2024-07-23 15:02:38,664 - INFO - Dispersion (theta): 6.0
2024-07-23 15:02:38,664 - INFO - Use Poisson distribution: False
2024-07-23 15:02:38,664 - INFO - Gene UMI counts file: gene_1000_umi10_counts_rep7.txt
2024-07-23 15:02:38,664 - INFO - UMI collisions file: umi10_1000_collisions_rep7.txt
2024-07-23 15:02:38,664 - INFO - Seed: None
2024-07-23 15:02:38,664 - INFO - Log file: umi10_1000_rep7.log
2024-07-23 15:02:38,664 - INFO - No seed specified. Generated random seed: 193212461
2024-07-23 15:02:38,665 - INFO - Generating all possible UMIs...
2024-07-23 15:02:38,970 - INFO - Total possible UMIs generated: 262144
2024-07-23 15:02:38,970 - INFO - Loading parameters...
2024-07-23 15:02:38,970 - INFO - Sampling read depths for each gene...
2024-07-23 15:02:39,015 - INFO - Read depths sampling complete.
2024-07-23 15:02:39,015 - INFO - Allocating UMIs based on sampled read depths...
2024-07-23 15:02:39,016 - INFO - Allocating UMIs for gene 0...
2024-07-23 15:02:43,823 - INFO - Allocating UMIs for gene 100...
2024-07-23 15:02:48,594 - INFO - Allocating UMIs for gene 200...
2024-07-23 15:02:53,428 - INFO - Allocating UMIs for gene 300...
2024-07-23 15:02:58,216 - INFO - Allocating UMIs for gene 400...
2024-07-23 15:03:02,850 - INFO - Allocating UMIs for gene 500...
2024-07-23 15:03:07,526 - INFO - Allocating UMIs for gene 600...
2024-07-23 15:03:12,281 - INFO - Allocating UMIs for gene 700...
2024-07-23 15:03:17,008 - INFO - Allocating UMIs for gene 800...
2024-07-23 15:03:21,714 - INFO - Allocating UMIs for gene 900...
2024-07-23 15:03:26,541 - INFO - UMI allocation complete.
2024-07-23 15:03:26,542 - INFO - Counting overall UMI occurrences...
2024-07-23 15:03:26,543 - INFO - Counting inter-gene collisions...
2024-07-23 15:03:26,554 - INFO - Total UMIs generated: 262144
2024-07-23 15:03:26,554 - INFO - Total UMIs allocated: 6064
2024-07-23 15:03:26,554 - INFO - Number of unique UMIs assigned to genes: 5985
2024-07-23 15:03:26,554 - INFO - Inter-gene collisions: 79
2024-07-23 15:03:26,554 - INFO - Inter-gene collision rate: 0.01303
2024-07-23 15:03:26,554 - INFO - Writing gene UMI counts to file...
2024-07-23 15:03:26,556 - INFO - Writing UMI inter-gene collisions to file...
2024-07-23 15:03:26,557 - INFO - Simulation complete.
