2024-07-23 15:04:16,960 - INFO - Simulation Script Version: 0.0.2
2024-07-23 15:04:16,960 - INFO - Simulation Parameters:
2024-07-23 15:04:16,960 - INFO - Length of UMI: 10
2024-07-23 15:04:16,960 - INFO - Number of genes: 1000
2024-07-23 15:04:16,960 - INFO - Parameters file: None
2024-07-23 15:04:16,960 - INFO - Mean (mu): 6.0
2024-07-23 15:04:16,960 - INFO - Dispersion (theta): 6.0
2024-07-23 15:04:16,960 - INFO - Use Poisson distribution: False
2024-07-23 15:04:16,960 - INFO - Gene UMI counts file: gene_1000_umi10_counts_rep9.txt
2024-07-23 15:04:16,960 - INFO - UMI collisions file: umi10_1000_collisions_rep9.txt
2024-07-23 15:04:16,960 - INFO - Seed: None
2024-07-23 15:04:16,960 - INFO - Log file: umi10_1000_rep9.log
2024-07-23 15:04:16,960 - INFO - No seed specified. Generated random seed: 3840994809
2024-07-23 15:04:16,960 - INFO - Generating all possible UMIs...
2024-07-23 15:04:17,266 - INFO - Total possible UMIs generated: 262144
2024-07-23 15:04:17,266 - INFO - Loading parameters...
2024-07-23 15:04:17,266 - INFO - Sampling read depths for each gene...
2024-07-23 15:04:17,303 - INFO - Read depths sampling complete.
2024-07-23 15:04:17,303 - INFO - Allocating UMIs based on sampled read depths...
2024-07-23 15:04:17,303 - INFO - Allocating UMIs for gene 0...
2024-07-23 15:04:21,945 - INFO - Allocating UMIs for gene 100...
2024-07-23 15:04:26,785 - INFO - Allocating UMIs for gene 200...
2024-07-23 15:04:31,507 - INFO - Allocating UMIs for gene 300...
2024-07-23 15:04:36,087 - INFO - Allocating UMIs for gene 400...
2024-07-23 15:04:40,682 - INFO - Allocating UMIs for gene 500...
2024-07-23 15:04:45,388 - INFO - Allocating UMIs for gene 600...
2024-07-23 15:04:50,136 - INFO - Allocating UMIs for gene 700...
2024-07-23 15:04:54,923 - INFO - Allocating UMIs for gene 800...
2024-07-23 15:04:59,610 - INFO - Allocating UMIs for gene 900...
2024-07-23 15:05:04,320 - INFO - UMI allocation complete.
2024-07-23 15:05:04,320 - INFO - Counting overall UMI occurrences...
2024-07-23 15:05:04,321 - INFO - Counting inter-gene collisions...
2024-07-23 15:05:04,332 - INFO - Total UMIs generated: 262144
2024-07-23 15:05:04,332 - INFO - Total UMIs allocated: 5873
2024-07-23 15:05:04,332 - INFO - Number of unique UMIs assigned to genes: 5820
2024-07-23 15:05:04,332 - INFO - Inter-gene collisions: 53
2024-07-23 15:05:04,332 - INFO - Inter-gene collision rate: 0.00902
2024-07-23 15:05:04,332 - INFO - Writing gene UMI counts to file...
2024-07-23 15:05:04,333 - INFO - Writing UMI inter-gene collisions to file...
2024-07-23 15:05:04,333 - INFO - Simulation complete.
