2024-07-23 15:03:27,565 - INFO - Simulation Script Version: 0.0.2
2024-07-23 15:03:27,565 - INFO - Simulation Parameters:
2024-07-23 15:03:27,565 - INFO - Length of UMI: 10
2024-07-23 15:03:27,565 - INFO - Number of genes: 1000
2024-07-23 15:03:27,565 - INFO - Parameters file: None
2024-07-23 15:03:27,565 - INFO - Mean (mu): 6.0
2024-07-23 15:03:27,565 - INFO - Dispersion (theta): 6.0
2024-07-23 15:03:27,565 - INFO - Use Poisson distribution: False
2024-07-23 15:03:27,565 - INFO - Gene UMI counts file: gene_1000_umi10_counts_rep8.txt
2024-07-23 15:03:27,565 - INFO - UMI collisions file: umi10_1000_collisions_rep8.txt
2024-07-23 15:03:27,566 - INFO - Seed: None
2024-07-23 15:03:27,566 - INFO - Log file: umi10_1000_rep8.log
2024-07-23 15:03:27,566 - INFO - No seed specified. Generated random seed: 2822412205
2024-07-23 15:03:27,566 - INFO - Generating all possible UMIs...
2024-07-23 15:03:27,865 - INFO - Total possible UMIs generated: 262144
2024-07-23 15:03:27,866 - INFO - Loading parameters...
2024-07-23 15:03:27,866 - INFO - Sampling read depths for each gene...
2024-07-23 15:03:27,902 - INFO - Read depths sampling complete.
2024-07-23 15:03:27,903 - INFO - Allocating UMIs based on sampled read depths...
2024-07-23 15:03:27,903 - INFO - Allocating UMIs for gene 0...
2024-07-23 15:03:32,732 - INFO - Allocating UMIs for gene 100...
2024-07-23 15:03:37,512 - INFO - Allocating UMIs for gene 200...
2024-07-23 15:03:42,244 - INFO - Allocating UMIs for gene 300...
2024-07-23 15:03:47,010 - INFO - Allocating UMIs for gene 400...
2024-07-23 15:03:51,805 - INFO - Allocating UMIs for gene 500...
2024-07-23 15:03:56,802 - INFO - Allocating UMIs for gene 600...
2024-07-23 15:04:01,543 - INFO - Allocating UMIs for gene 700...
2024-07-23 15:04:06,466 - INFO - Allocating UMIs for gene 800...
2024-07-23 15:04:11,245 - INFO - Allocating UMIs for gene 900...
2024-07-23 15:04:15,917 - INFO - UMI allocation complete.
2024-07-23 15:04:15,918 - INFO - Counting overall UMI occurrences...
2024-07-23 15:04:15,919 - INFO - Counting inter-gene collisions...
2024-07-23 15:04:15,930 - INFO - Total UMIs generated: 262144
2024-07-23 15:04:15,930 - INFO - Total UMIs allocated: 5787
2024-07-23 15:04:15,930 - INFO - Number of unique UMIs assigned to genes: 5721
2024-07-23 15:04:15,930 - INFO - Inter-gene collisions: 66
2024-07-23 15:04:15,930 - INFO - Inter-gene collision rate: 0.01140
2024-07-23 15:04:15,930 - INFO - Writing gene UMI counts to file...
2024-07-23 15:04:15,931 - INFO - Writing UMI inter-gene collisions to file...
2024-07-23 15:04:15,931 - INFO - Simulation complete.
