2024-07-23 14:59:22,162 - INFO - Simulation Script Version: 0.0.2
2024-07-23 14:59:22,162 - INFO - Simulation Parameters:
2024-07-23 14:59:22,163 - INFO - Length of UMI: 10
2024-07-23 14:59:22,163 - INFO - Number of genes: 1000
2024-07-23 14:59:22,163 - INFO - Parameters file: None
2024-07-23 14:59:22,163 - INFO - Mean (mu): 6.0
2024-07-23 14:59:22,163 - INFO - Dispersion (theta): 6.0
2024-07-23 14:59:22,163 - INFO - Use Poisson distribution: False
2024-07-23 14:59:22,163 - INFO - Gene UMI counts file: gene_1000_umi10_counts_rep3.txt
2024-07-23 14:59:22,163 - INFO - UMI collisions file: umi10_1000_collisions_rep3.txt
2024-07-23 14:59:22,163 - INFO - Seed: None
2024-07-23 14:59:22,163 - INFO - Log file: umi10_1000_rep3.log
2024-07-23 14:59:22,163 - INFO - No seed specified. Generated random seed: 4128379945
2024-07-23 14:59:22,163 - INFO - Generating all possible UMIs...
2024-07-23 14:59:22,467 - INFO - Total possible UMIs generated: 262144
2024-07-23 14:59:22,467 - INFO - Loading parameters...
2024-07-23 14:59:22,468 - INFO - Sampling read depths for each gene...
2024-07-23 14:59:22,505 - INFO - Read depths sampling complete.
2024-07-23 14:59:22,505 - INFO - Allocating UMIs based on sampled read depths...
2024-07-23 14:59:22,505 - INFO - Allocating UMIs for gene 0...
2024-07-23 14:59:27,497 - INFO - Allocating UMIs for gene 100...
2024-07-23 14:59:32,224 - INFO - Allocating UMIs for gene 200...
2024-07-23 14:59:37,053 - INFO - Allocating UMIs for gene 300...
2024-07-23 14:59:41,877 - INFO - Allocating UMIs for gene 400...
2024-07-23 14:59:46,744 - INFO - Allocating UMIs for gene 500...
2024-07-23 14:59:51,693 - INFO - Allocating UMIs for gene 600...
2024-07-23 14:59:56,388 - INFO - Allocating UMIs for gene 700...
2024-07-23 15:00:01,123 - INFO - Allocating UMIs for gene 800...
2024-07-23 15:00:05,943 - INFO - Allocating UMIs for gene 900...
2024-07-23 15:00:10,761 - INFO - UMI allocation complete.
2024-07-23 15:00:10,761 - INFO - Counting overall UMI occurrences...
2024-07-23 15:00:10,763 - INFO - Counting inter-gene collisions...
2024-07-23 15:00:10,774 - INFO - Total UMIs generated: 262144
2024-07-23 15:00:10,774 - INFO - Total UMIs allocated: 5788
2024-07-23 15:00:10,774 - INFO - Number of unique UMIs assigned to genes: 5723
2024-07-23 15:00:10,774 - INFO - Inter-gene collisions: 65
2024-07-23 15:00:10,774 - INFO - Inter-gene collision rate: 0.01123
2024-07-23 15:00:10,774 - INFO - Writing gene UMI counts to file...
2024-07-23 15:00:10,777 - INFO - Writing UMI inter-gene collisions to file...
2024-07-23 15:00:10,777 - INFO - Simulation complete.
