2024-07-23 15:01:00,676 - INFO - Simulation Script Version: 0.0.2
2024-07-23 15:01:00,676 - INFO - Simulation Parameters:
2024-07-23 15:01:00,676 - INFO - Length of UMI: 10
2024-07-23 15:01:00,676 - INFO - Number of genes: 1000
2024-07-23 15:01:00,676 - INFO - Parameters file: None
2024-07-23 15:01:00,676 - INFO - Mean (mu): 6.0
2024-07-23 15:01:00,676 - INFO - Dispersion (theta): 6.0
2024-07-23 15:01:00,676 - INFO - Use Poisson distribution: False
2024-07-23 15:01:00,677 - INFO - Gene UMI counts file: gene_1000_umi10_counts_rep5.txt
2024-07-23 15:01:00,677 - INFO - UMI collisions file: umi10_1000_collisions_rep5.txt
2024-07-23 15:01:00,677 - INFO - Seed: None
2024-07-23 15:01:00,677 - INFO - Log file: umi10_1000_rep5.log
2024-07-23 15:01:00,677 - INFO - No seed specified. Generated random seed: 3443938336
2024-07-23 15:01:00,677 - INFO - Generating all possible UMIs...
2024-07-23 15:01:00,981 - INFO - Total possible UMIs generated: 262144
2024-07-23 15:01:00,981 - INFO - Loading parameters...
2024-07-23 15:01:00,981 - INFO - Sampling read depths for each gene...
2024-07-23 15:01:01,019 - INFO - Read depths sampling complete.
2024-07-23 15:01:01,019 - INFO - Allocating UMIs based on sampled read depths...
2024-07-23 15:01:01,019 - INFO - Allocating UMIs for gene 0...
2024-07-23 15:01:06,085 - INFO - Allocating UMIs for gene 100...
2024-07-23 15:01:10,973 - INFO - Allocating UMIs for gene 200...
2024-07-23 15:01:15,777 - INFO - Allocating UMIs for gene 300...
2024-07-23 15:01:20,477 - INFO - Allocating UMIs for gene 400...
2024-07-23 15:01:25,152 - INFO - Allocating UMIs for gene 500...
2024-07-23 15:01:29,898 - INFO - Allocating UMIs for gene 600...
2024-07-23 15:01:34,887 - INFO - Allocating UMIs for gene 700...
2024-07-23 15:01:39,618 - INFO - Allocating UMIs for gene 800...
2024-07-23 15:01:44,289 - INFO - Allocating UMIs for gene 900...
2024-07-23 15:01:48,972 - INFO - UMI allocation complete.
2024-07-23 15:01:48,972 - INFO - Counting overall UMI occurrences...
2024-07-23 15:01:48,974 - INFO - Counting inter-gene collisions...
2024-07-23 15:01:48,985 - INFO - Total UMIs generated: 262144
2024-07-23 15:01:48,985 - INFO - Total UMIs allocated: 5968
2024-07-23 15:01:48,985 - INFO - Number of unique UMIs assigned to genes: 5898
2024-07-23 15:01:48,985 - INFO - Inter-gene collisions: 70
2024-07-23 15:01:48,985 - INFO - Inter-gene collision rate: 0.01173
2024-07-23 15:01:48,985 - INFO - Writing gene UMI counts to file...
2024-07-23 15:01:48,986 - INFO - Writing UMI inter-gene collisions to file...
2024-07-23 15:01:48,986 - INFO - Simulation complete.
