2024-07-23 14:58:31,586 - INFO - Simulation Script Version: 0.0.2
2024-07-23 14:58:31,586 - INFO - Simulation Parameters:
2024-07-23 14:58:31,586 - INFO - Length of UMI: 10
2024-07-23 14:58:31,586 - INFO - Number of genes: 1000
2024-07-23 14:58:31,586 - INFO - Parameters file: None
2024-07-23 14:58:31,586 - INFO - Mean (mu): 6.0
2024-07-23 14:58:31,586 - INFO - Dispersion (theta): 6.0
2024-07-23 14:58:31,586 - INFO - Use Poisson distribution: False
2024-07-23 14:58:31,586 - INFO - Gene UMI counts file: gene_1000_umi10_counts_rep2.txt
2024-07-23 14:58:31,586 - INFO - UMI collisions file: umi10_1000_collisions_rep2.txt
2024-07-23 14:58:31,586 - INFO - Seed: None
2024-07-23 14:58:31,586 - INFO - Log file: umi10_1000_rep2.log
2024-07-23 14:58:31,586 - INFO - No seed specified. Generated random seed: 1757763558
2024-07-23 14:58:31,586 - INFO - Generating all possible UMIs...
2024-07-23 14:58:31,903 - INFO - Total possible UMIs generated: 262144
2024-07-23 14:58:31,903 - INFO - Loading parameters...
2024-07-23 14:58:31,903 - INFO - Sampling read depths for each gene...
2024-07-23 14:58:31,941 - INFO - Read depths sampling complete.
2024-07-23 14:58:31,941 - INFO - Allocating UMIs based on sampled read depths...
2024-07-23 14:58:31,941 - INFO - Allocating UMIs for gene 0...
2024-07-23 14:58:36,982 - INFO - Allocating UMIs for gene 100...
2024-07-23 14:58:41,963 - INFO - Allocating UMIs for gene 200...
2024-07-23 14:58:46,890 - INFO - Allocating UMIs for gene 300...
2024-07-23 14:58:51,745 - INFO - Allocating UMIs for gene 400...
2024-07-23 14:58:56,618 - INFO - Allocating UMIs for gene 500...
2024-07-23 14:59:01,584 - INFO - Allocating UMIs for gene 600...
2024-07-23 14:59:06,408 - INFO - Allocating UMIs for gene 700...
2024-07-23 14:59:11,165 - INFO - Allocating UMIs for gene 800...
2024-07-23 14:59:15,973 - INFO - Allocating UMIs for gene 900...
2024-07-23 14:59:21,091 - INFO - UMI allocation complete.
2024-07-23 14:59:21,091 - INFO - Counting overall UMI occurrences...
2024-07-23 14:59:21,092 - INFO - Counting inter-gene collisions...
2024-07-23 14:59:21,103 - INFO - Total UMIs generated: 262144
2024-07-23 14:59:21,103 - INFO - Total UMIs allocated: 6003
2024-07-23 14:59:21,103 - INFO - Number of unique UMIs assigned to genes: 5932
2024-07-23 14:59:21,103 - INFO - Inter-gene collisions: 71
2024-07-23 14:59:21,103 - INFO - Inter-gene collision rate: 0.01183
2024-07-23 14:59:21,103 - INFO - Writing gene UMI counts to file...
2024-07-23 14:59:21,105 - INFO - Writing UMI inter-gene collisions to file...
2024-07-23 14:59:21,105 - INFO - Simulation complete.
