2024-07-23 15:01:50,073 - INFO - Simulation Script Version: 0.0.2
2024-07-23 15:01:50,073 - INFO - Simulation Parameters:
2024-07-23 15:01:50,073 - INFO - Length of UMI: 10
2024-07-23 15:01:50,073 - INFO - Number of genes: 1000
2024-07-23 15:01:50,073 - INFO - Parameters file: None
2024-07-23 15:01:50,073 - INFO - Mean (mu): 6.0
2024-07-23 15:01:50,073 - INFO - Dispersion (theta): 6.0
2024-07-23 15:01:50,074 - INFO - Use Poisson distribution: False
2024-07-23 15:01:50,074 - INFO - Gene UMI counts file: gene_1000_umi10_counts_rep6.txt
2024-07-23 15:01:50,074 - INFO - UMI collisions file: umi10_1000_collisions_rep6.txt
2024-07-23 15:01:50,074 - INFO - Seed: None
2024-07-23 15:01:50,074 - INFO - Log file: umi10_1000_rep6.log
2024-07-23 15:01:50,074 - INFO - No seed specified. Generated random seed: 3060936620
2024-07-23 15:01:50,074 - INFO - Generating all possible UMIs...
2024-07-23 15:01:50,387 - INFO - Total possible UMIs generated: 262144
2024-07-23 15:01:50,387 - INFO - Loading parameters...
2024-07-23 15:01:50,387 - INFO - Sampling read depths for each gene...
2024-07-23 15:01:50,433 - INFO - Read depths sampling complete.
2024-07-23 15:01:50,433 - INFO - Allocating UMIs based on sampled read depths...
2024-07-23 15:01:50,433 - INFO - Allocating UMIs for gene 0...
2024-07-23 15:01:55,457 - INFO - Allocating UMIs for gene 100...
2024-07-23 15:02:00,098 - INFO - Allocating UMIs for gene 200...
2024-07-23 15:02:04,697 - INFO - Allocating UMIs for gene 300...
2024-07-23 15:02:09,376 - INFO - Allocating UMIs for gene 400...
2024-07-23 15:02:13,961 - INFO - Allocating UMIs for gene 500...
2024-07-23 15:02:18,584 - INFO - Allocating UMIs for gene 600...
2024-07-23 15:02:23,242 - INFO - Allocating UMIs for gene 700...
2024-07-23 15:02:27,919 - INFO - Allocating UMIs for gene 800...
2024-07-23 15:02:32,856 - INFO - Allocating UMIs for gene 900...
2024-07-23 15:02:37,568 - INFO - UMI allocation complete.
2024-07-23 15:02:37,568 - INFO - Counting overall UMI occurrences...
2024-07-23 15:02:37,570 - INFO - Counting inter-gene collisions...
2024-07-23 15:02:37,581 - INFO - Total UMIs generated: 262144
2024-07-23 15:02:37,581 - INFO - Total UMIs allocated: 5987
2024-07-23 15:02:37,581 - INFO - Number of unique UMIs assigned to genes: 5933
2024-07-23 15:02:37,581 - INFO - Inter-gene collisions: 54
2024-07-23 15:02:37,581 - INFO - Inter-gene collision rate: 0.00902
2024-07-23 15:02:37,581 - INFO - Writing gene UMI counts to file...
2024-07-23 15:02:37,582 - INFO - Writing UMI inter-gene collisions to file...
2024-07-23 15:02:37,582 - INFO - Simulation complete.
