2024-07-23 14:57:39,804 - INFO - Simulation Script Version: 0.0.2
2024-07-23 14:57:39,804 - INFO - Simulation Parameters:
2024-07-23 14:57:39,804 - INFO - Length of UMI: 10
2024-07-23 14:57:39,804 - INFO - Number of genes: 1000
2024-07-23 14:57:39,804 - INFO - Parameters file: None
2024-07-23 14:57:39,804 - INFO - Mean (mu): 6.0
2024-07-23 14:57:39,804 - INFO - Dispersion (theta): 6.0
2024-07-23 14:57:39,804 - INFO - Use Poisson distribution: False
2024-07-23 14:57:39,804 - INFO - Gene UMI counts file: gene_1000_umi10_counts_rep1.txt
2024-07-23 14:57:39,804 - INFO - UMI collisions file: umi10_1000_collisions.txt
2024-07-23 14:57:39,804 - INFO - Seed: None
2024-07-23 14:57:39,804 - INFO - Log file: umi10_1000_rep1.log
2024-07-23 14:57:39,804 - INFO - No seed specified. Generated random seed: 533016611
2024-07-23 14:57:39,805 - INFO - Generating all possible UMIs...
2024-07-23 14:57:40,088 - INFO - Total possible UMIs generated: 262144
2024-07-23 14:57:40,088 - INFO - Loading parameters...
2024-07-23 14:57:40,088 - INFO - Sampling read depths for each gene...
2024-07-23 14:57:40,126 - INFO - Read depths sampling complete.
2024-07-23 14:57:40,126 - INFO - Allocating UMIs based on sampled read depths...
2024-07-23 14:57:40,126 - INFO - Allocating UMIs for gene 0...
2024-07-23 14:57:45,175 - INFO - Allocating UMIs for gene 100...
2024-07-23 14:57:50,212 - INFO - Allocating UMIs for gene 200...
2024-07-23 14:57:55,279 - INFO - Allocating UMIs for gene 300...
2024-07-23 14:58:00,257 - INFO - Allocating UMIs for gene 400...
2024-07-23 14:58:05,402 - INFO - Allocating UMIs for gene 500...
2024-07-23 14:58:10,353 - INFO - Allocating UMIs for gene 600...
2024-07-23 14:58:15,491 - INFO - Allocating UMIs for gene 700...
2024-07-23 14:58:20,362 - INFO - Allocating UMIs for gene 800...
2024-07-23 14:58:25,421 - INFO - Allocating UMIs for gene 900...
2024-07-23 14:58:30,526 - INFO - UMI allocation complete.
2024-07-23 14:58:30,527 - INFO - Counting overall UMI occurrences...
2024-07-23 14:58:30,528 - INFO - Counting inter-gene collisions...
2024-07-23 14:58:30,539 - INFO - Total UMIs generated: 262144
2024-07-23 14:58:30,539 - INFO - Total UMIs allocated: 5997
2024-07-23 14:58:30,540 - INFO - Number of unique UMIs assigned to genes: 5922
2024-07-23 14:58:30,540 - INFO - Inter-gene collisions: 75
2024-07-23 14:58:30,540 - INFO - Inter-gene collision rate: 0.01251
2024-07-23 14:58:30,540 - INFO - Writing gene UMI counts to file...
2024-07-23 14:58:30,541 - INFO - Writing UMI inter-gene collisions to file...
2024-07-23 14:58:30,541 - INFO - Simulation complete.
