2024-07-23 15:05:05,360 - INFO - Simulation Script Version: 0.0.2
2024-07-23 15:05:05,360 - INFO - Simulation Parameters:
2024-07-23 15:05:05,360 - INFO - Length of UMI: 10
2024-07-23 15:05:05,360 - INFO - Number of genes: 1000
2024-07-23 15:05:05,360 - INFO - Parameters file: None
2024-07-23 15:05:05,360 - INFO - Mean (mu): 6.0
2024-07-23 15:05:05,360 - INFO - Dispersion (theta): 6.0
2024-07-23 15:05:05,360 - INFO - Use Poisson distribution: False
2024-07-23 15:05:05,360 - INFO - Gene UMI counts file: gene_1000_umi10_counts_rep10.txt
2024-07-23 15:05:05,360 - INFO - UMI collisions file: umi10_1000_collisions_rep10.txt
2024-07-23 15:05:05,360 - INFO - Seed: None
2024-07-23 15:05:05,360 - INFO - Log file: umi10_1000_rep10.log
2024-07-23 15:05:05,360 - INFO - No seed specified. Generated random seed: 3610528394
2024-07-23 15:05:05,360 - INFO - Generating all possible UMIs...
2024-07-23 15:05:05,664 - INFO - Total possible UMIs generated: 262144
2024-07-23 15:05:05,664 - INFO - Loading parameters...
2024-07-23 15:05:05,664 - INFO - Sampling read depths for each gene...
2024-07-23 15:05:05,701 - INFO - Read depths sampling complete.
2024-07-23 15:05:05,701 - INFO - Allocating UMIs based on sampled read depths...
2024-07-23 15:05:05,701 - INFO - Allocating UMIs for gene 0...
2024-07-23 15:05:10,377 - INFO - Allocating UMIs for gene 100...
2024-07-23 15:05:14,920 - INFO - Allocating UMIs for gene 200...
2024-07-23 15:05:19,615 - INFO - Allocating UMIs for gene 300...
2024-07-23 15:05:24,493 - INFO - Allocating UMIs for gene 400...
2024-07-23 15:05:29,221 - INFO - Allocating UMIs for gene 500...
2024-07-23 15:05:33,946 - INFO - Allocating UMIs for gene 600...
2024-07-23 15:05:38,648 - INFO - Allocating UMIs for gene 700...
2024-07-23 15:05:43,323 - INFO - Allocating UMIs for gene 800...
2024-07-23 15:05:48,042 - INFO - Allocating UMIs for gene 900...
2024-07-23 15:05:52,680 - INFO - UMI allocation complete.
2024-07-23 15:05:52,680 - INFO - Counting overall UMI occurrences...
2024-07-23 15:05:52,681 - INFO - Counting inter-gene collisions...
2024-07-23 15:05:52,692 - INFO - Total UMIs generated: 262144
2024-07-23 15:05:52,692 - INFO - Total UMIs allocated: 5941
2024-07-23 15:05:52,692 - INFO - Number of unique UMIs assigned to genes: 5893
2024-07-23 15:05:52,692 - INFO - Inter-gene collisions: 48
2024-07-23 15:05:52,692 - INFO - Inter-gene collision rate: 0.00808
2024-07-23 15:05:52,692 - INFO - Writing gene UMI counts to file...
2024-07-23 15:05:52,693 - INFO - Writing UMI inter-gene collisions to file...
2024-07-23 15:05:52,694 - INFO - Simulation complete.
